ksoftirqd/0 1.9
ksoftirqd/0 30.2
ksoftirqd/0 3.8
ksoftirqd/0 7.7
ksoftirqd/1 0.0
ksoftirqd/12 0.0
ksoftirqd/12 0.0
ksoftirqd/12 0.0
ksoftirqd/12 1.9
ksoftirqd/12 1.9
ksoftirqd/1 22.8
ksoftirqd/14 11.3
ksoftirqd/14 13.5
ksoftirqd/14 23.1
ksoftirqd/14 23.5
ksoftirqd/14 25.5
ksoftirqd/14 3.8
ksoftirqd/14 3.8
ksoftirqd/14 38.5
ksoftirqd/14 3.9
ksoftirqd/14 5.8
ksoftirqd/15 1.9
ksoftirqd/15 5.8
ksoftirqd/16 1.9
ksoftirqd/17 0.0
ksoftirqd/17 13.0
ksoftirqd/17 15.4
ksoftirqd/17 1.8
ksoftirqd/17 1.9
ksoftirqd/17 1.9
ksoftirqd/17 3.6
ksoftirqd/17 5.7
ksoftirqd/17 5.8
ksoftirqd/17 7.3
ksoftirqd/17 7.3
ksoftirqd/17 9.1
ksoftirqd/2 3.8
ksoftirqd/2 3.8
ksoftirqd/2 5.8
ksoftirqd/2 9.6
ksoftirqd/3 10.9
ksoftirqd/3 1.9
ksoftirqd/3 1.9
ksoftirqd/3 5.5
ksoftirqd/3 5.7
ksoftirqd/3 5.8
ksoftirqd/3 7.8
ksoftirqd/3 9.6
