01:27:41 PM      eth0      5.00      0.00      0.29      0.00      0.00      0.00      0.00
01:27:42 PM      eth0      4.00      0.00      0.23      0.00      0.00      0.00      0.00
01:27:43 PM      eth0     10.00      8.00      1.16      2.25      0.00      0.00      0.00
01:27:44 PM      eth0      5.00      0.00      0.29      0.00      0.00      0.00      0.00
01:27:45 PM      eth0      6.00      0.00      0.35      0.00      0.00      0.00      0.00
01:27:46 PM      eth0      5.00      0.00      0.29      0.00      0.00      0.00      0.00
01:27:47 PM      eth0      4.00      0.00      0.23      0.00      0.00      0.00      0.00
01:27:48 PM      eth0     12.00     11.00      2.15      2.90      0.00      0.00      0.00
01:27:49 PM      eth0      5.00      0.00      0.57      0.00      0.00      0.00      0.00
01:27:50 PM      eth0      5.00      0.00      1.09      0.00      0.00      0.00      0.00
01:27:51 PM      eth0      4.00      0.00      0.23      0.00      0.00      0.00      0.00
01:27:52 PM      eth0      5.00      0.00      0.29      0.00      0.00      0.00      0.00
01:27:53 PM      eth0      6.00      0.00      0.87      0.00      0.00      0.00      0.00
01:27:54 PM      eth0      4.00      0.00      0.23      0.00      0.00      0.00      0.00
01:27:55 PM      eth0      3.00      0.00      0.18      0.00      0.00      0.00      0.00
01:27:56 PM      eth0      6.00      0.00      0.35      0.00      0.00      0.00      0.00
01:27:57 PM      eth0      7.00      0.00      0.93      0.00      0.00      0.00      0.00
01:27:58 PM      eth0     14.00     11.00      2.27      2.90      0.00      0.00      0.00
01:27:59 PM      eth0    186.00    230.00    104.25     70.77      0.00      0.00      0.00
01:28:00 PM      eth0     39.00     40.00     16.89     18.90      0.00      0.00      0.00
01:28:01 PM      eth0  34979.00 182259.00   3974.44 138094.90      0.00      0.00      0.00
01:28:02 PM      eth0  25642.00 116933.00   2939.29  88592.04      0.00      0.00      0.00
01:28:03 PM      eth0  17333.00  70510.00   1986.58  53417.01      0.00      0.00      0.00
01:28:04 PM      eth0  19951.00  69009.00   2295.52  52269.62      0.00      0.00      0.00
01:28:05 PM      eth0  24103.00  80854.00   2777.29  61254.01      0.00      0.00      0.00
01:28:06 PM      eth0  24198.00  81019.00   2784.69  61379.13      0.00      0.00      0.00
01:28:07 PM      eth0  30562.00  96296.00   3524.58  72953.43      0.00      0.00      0.00
01:28:08 PM      eth0  30912.00  96635.00   3562.24  73206.91      0.00      0.00      0.00
01:28:09 PM      eth0  37050.00 113701.00   4274.81  86141.75      0.00      0.00      0.00
01:28:10 PM      eth0  42343.00 131051.00   4877.36  99294.79      0.00      0.00      0.00
01:28:11 PM      eth0  46150.00 141887.00   5319.37 107500.11      0.00      0.00      0.00
01:28:12 PM      eth0  48325.00 149296.00   5569.63 113124.32      0.00      0.00      0.00
01:28:13 PM      eth0  49525.00 149590.00   5709.84 113344.58      0.00      0.00      0.00
01:28:14 PM      eth0  52205.00 158541.00   6018.96 120118.18      0.00      0.00      0.00
01:28:15 PM      eth0  50823.00 152255.00   5867.88 115357.09      0.00      0.00      0.00
01:28:16 PM      eth0  53707.00 162509.00   6189.89 123151.52      0.00      0.00      0.00
01:28:17 PM      eth0  57142.00 174708.00   6581.47 132395.91      0.00      0.00      0.00
01:28:18 PM      eth0  56485.00 170789.00   6507.76 129420.61      0.00      0.00      0.00
01:28:19 PM      eth0  54482.00 164789.00   6277.41 124879.88      0.00      0.00      0.00
01:28:20 PM      eth0  60828.00 185135.00   7002.08 140296.90      0.00      0.00      0.00
01:28:21 PM      eth0  58591.00 177467.00   6751.99 134481.95      0.00      0.00      0.00
01:28:22 PM      eth0  53169.00 160360.00   6128.54 121522.81      0.00      0.00      0.00
01:28:23 PM      eth0  57028.00 172599.00   6567.09 130797.94      0.00      0.00      0.00
01:28:24 PM      eth0  60669.00 183596.00   6989.48 139131.34      0.00      0.00      0.00
01:28:25 PM      eth0  53955.00 164083.00   6213.21 124343.48      0.00      0.00      0.00
01:28:26 PM      eth0  57948.00 177216.00   6670.13 134296.50      0.00      0.00      0.00
01:28:27 PM      eth0  60735.00 188231.00   6985.76 142643.14      0.00      0.00      0.00
01:28:28 PM      eth0  62894.00 191365.00   7241.96 145013.36      0.00      0.00      0.00
01:28:29 PM      eth0  62047.00 189727.00   7142.73 143776.91      0.00      0.00      0.00
01:28:30 PM      eth0  55691.00 167579.00   6417.06 126994.18      0.00      0.00      0.00
01:28:31 PM      eth0  57946.00 174442.00   6677.60 132193.70      0.00      0.00      0.00
01:28:32 PM      eth0  55878.00 170928.00   6435.57 129531.38      0.00      0.00      0.00
01:28:33 PM      eth0  60833.00 186543.00   7010.88 141351.23      0.00      0.00      0.00
01:28:34 PM      eth0  56065.00 170997.00   6457.69 129583.70      0.00      0.00      0.00
01:28:35 PM      eth0  62506.00 188350.00   7201.90 142734.04      0.00      0.00      0.00
01:28:36 PM      eth0  56370.00 169005.00   6496.80 128073.38      0.00      0.00      0.00
01:28:37 PM      eth0  54579.00 165565.00   6284.70 125467.95      0.00      0.00      0.00
01:28:38 PM      eth0  59795.00 178700.00   6895.25 135414.94      0.00      0.00      0.00
01:28:39 PM      eth0  56875.00 172160.00   6551.77 130463.48      0.00      0.00      0.00
01:28:40 PM      eth0  54863.00 166310.00   6318.13 126031.80      0.00      0.00      0.00
01:28:41 PM      eth0  57207.00 173506.00   6587.57 131484.30      0.00      0.00      0.00
01:28:42 PM      eth0  55754.00 169076.00   6421.46 128127.91      0.00      0.00      0.00
01:28:43 PM      eth0  57243.00 174865.00   6590.52 132511.79      0.00      0.00      0.00
01:28:44 PM      eth0  59148.00 178691.00   6810.99 135412.40      0.00      0.00      0.00
01:28:45 PM      eth0  61829.00 185965.00   7122.60 140925.57      0.00      0.00      0.00
01:28:46 PM      eth0  52287.00 159278.00   6024.24 120702.86      0.00      0.00      0.00
01:28:47 PM      eth0  56812.00 172556.00   6541.67 130763.76      0.00      0.00      0.00
01:28:48 PM      eth0  52467.00 159259.00   6046.07 120681.69      0.00      0.00      0.00
01:28:49 PM      eth0  59593.00 181354.00   6900.44 137419.00      0.00      0.00      0.00
01:28:50 PM      eth0  56387.00 169936.00   6497.95 128778.29      0.00      0.00      0.00
01:28:51 PM      eth0  54990.00 165733.00   6335.13 125593.87      0.00      0.00      0.00
01:28:52 PM      eth0  50766.00 152663.00   5848.98 115689.26      0.00      0.00      0.00
01:28:53 PM      eth0  54990.00 166352.00   6333.53 126063.02      0.00      0.00      0.00
01:28:54 PM      eth0  58917.00 179842.00   6781.03 136286.52      0.00      0.00      0.00
01:28:55 PM      eth0  60418.00 184784.00   6955.84 140030.80      0.00      0.00      0.00
01:28:56 PM      eth0  57216.00 174056.00   6587.40 131903.25      0.00      0.00      0.00
01:28:57 PM      eth0  55231.00 165475.00   6366.39 125396.97      0.00      0.00      0.00
01:28:58 PM      eth0  58171.00 177075.00   6697.10 134182.88      0.00      0.00      0.00
01:28:59 PM      eth0  51439.00 155186.00   5924.32 117601.89      0.00      0.00      0.00
01:29:00 PM      eth0  56881.00 171256.00   6550.84 129778.60      0.00      0.00      0.00
01:29:01 PM      eth0  60109.00 181825.00   7003.14 137687.50      0.00      0.00      0.00
01:29:02 PM      eth0  60047.00 182453.00   6921.45 138256.02      0.00      0.00      0.00
01:29:03 PM      eth0  56510.00 170874.00   6510.97 129483.93      0.00      0.00      0.00
01:29:04 PM      eth0  59506.00 179273.00   6858.18 135854.65      0.00      0.00      0.00
01:29:05 PM      eth0  53337.00 161168.00   6142.96 122135.12      0.00      0.00      0.00
01:29:06 PM      eth0  55156.00 168167.00   6351.22 127439.28      0.00      0.00      0.00
01:29:07 PM      eth0  61241.00 185716.00   7055.05 140736.57      0.00      0.00      0.00
01:29:08 PM      eth0  54573.00 165145.00   6286.62 125138.76      0.00      0.00      0.00
01:29:09 PM      eth0  51960.00 157509.00   5987.90 119361.57      0.00      0.00      0.00
01:29:10 PM      eth0  59462.00 182931.00   6843.35 138626.96      0.00      0.00      0.00
01:29:11 PM      eth0  57207.00 172731.00   6590.88 130897.04      0.00      0.00      0.00
01:29:12 PM      eth0  58017.00 174679.00   6686.21 132374.59      0.00      0.00      0.00
01:29:13 PM      eth0  55959.00 167325.00   6449.52 126797.10      0.00      0.00      0.00
01:29:14 PM      eth0  55102.00 166749.00   6346.35 126363.81      0.00      0.00      0.00
01:29:15 PM      eth0  51480.00 155990.00   5931.87 118210.37      0.00      0.00      0.00
01:29:16 PM      eth0  56294.00 173351.00   6473.87 131366.89      0.00      0.00      0.00
01:29:17 PM      eth0  58788.00 178279.00   6770.01 135101.34      0.00      0.00      0.00
01:29:18 PM      eth0  60496.00 181785.00   6973.13 137752.18      0.00      0.00      0.00
01:29:19 PM      eth0  58963.00 180659.00   6787.07 136906.42      0.00      0.00      0.00
01:29:20 PM      eth0  59813.00 182206.00   6889.11 138074.71      0.00      0.00      0.00
01:29:21 PM      eth0  54574.00 166362.00   6284.52 126071.23      0.00      0.00      0.00
01:29:22 PM      eth0  58713.00 177562.00   6766.40 134552.97      0.00      0.00      0.00
01:29:23 PM      eth0  57914.00 173525.00   6673.30 131498.75      0.00      0.00      0.00
01:29:24 PM      eth0  57800.00 176336.00   6658.20 133629.62      0.00      0.00      0.00
01:29:25 PM      eth0  55975.00 169417.00   6451.32 128385.65      0.00      0.00      0.00
01:29:26 PM      eth0  55218.81 167196.04   6359.01 126701.93      0.00      0.00      0.00
01:29:27 PM      eth0  56591.00 169542.00   6520.50 128481.05      0.00      0.00      0.00
01:29:28 PM      eth0  54386.00 164429.00   6266.76 124600.92      0.00      0.00      0.00
01:29:29 PM      eth0  56889.00 173797.00   6547.90 131706.26      0.00      0.00      0.00
01:29:30 PM      eth0  55181.00 167329.00   6358.26 126802.86      0.00      0.00      0.00
01:29:31 PM      eth0  53686.00 162709.00   6188.42 123302.25      0.00      0.00      0.00
01:29:32 PM      eth0  56124.00 169105.00   6466.77 128147.88      0.00      0.00      0.00
01:29:33 PM      eth0  56223.00 167994.00   6481.55 127307.03      0.00      0.00      0.00
01:29:34 PM      eth0  53883.00 162243.00   6209.45 122948.21      0.00      0.00      0.00
01:29:35 PM      eth0  57577.00 173994.00   6641.15 131840.75      0.00      0.00      0.00
01:29:36 PM      eth0  52902.00 160305.00   6094.90 121481.71      0.00      0.00      0.00
01:29:37 PM      eth0  54648.00 166144.00   6294.58 125904.61      0.00      0.00      0.00
01:29:38 PM      eth0  58126.00 175451.00   6700.55 132953.53      0.00      0.00      0.00
01:29:39 PM      eth0  58476.00 178780.00   6731.77 135482.32      0.00      0.00      0.00
01:29:40 PM      eth0  54377.00 164693.00   6263.00 124804.36      0.00      0.00      0.00
01:29:41 PM      eth0  53970.00 163778.00   6219.76 124113.02      0.00      0.00      0.00
01:29:42 PM      eth0  56698.00 172154.00   6529.81 130459.12      0.00      0.00      0.00
01:29:43 PM      eth0  57323.00 172329.00   6607.38 130589.98      0.00      0.00      0.00
01:29:44 PM      eth0  59451.00 181348.00   6845.93 137427.50      0.00      0.00      0.00
01:29:45 PM      eth0  55222.00 166866.00   6363.24 126453.14      0.00      0.00      0.00
01:29:46 PM      eth0  54898.00 164997.00   6326.11 125036.53      0.00      0.00      0.00
01:29:47 PM      eth0  56316.00 170884.00   6487.61 129498.93      0.00      0.00      0.00
01:29:48 PM      eth0  54901.00 165531.00   6326.35 125434.64      0.00      0.00      0.00
01:29:49 PM      eth0  46733.00 138726.00   5391.52 105128.65      0.00      0.00      0.00
01:29:50 PM      eth0  53699.00 161227.00   6188.79 122178.78      0.00      0.00      0.00
01:29:51 PM      eth0  56465.00 170839.00   6505.12 129463.26      0.00      0.00      0.00
01:29:52 PM      eth0  55222.00 165172.00   6367.13 125168.02      0.00      0.00      0.00
01:29:53 PM      eth0  52788.00 156684.00   6091.25 118737.09      0.00      0.00      0.00
01:29:54 PM      eth0  53095.00 160759.00   6117.78 121824.18      0.00      0.00      0.00
01:29:55 PM      eth0  52925.00 159171.00   6112.26 120621.06      0.00      0.00      0.00
01:29:56 PM      eth0  58379.00 176380.00   6729.33 133661.78      0.00      0.00      0.00
01:29:57 PM      eth0  56842.00 172946.00   6547.60 131060.64      0.00      0.00      0.00
01:29:58 PM      eth0  56568.00 170157.00   6519.69 128941.07      0.00      0.00      0.00
01:29:59 PM      eth0  53051.00 160087.00   6115.13 121314.73      0.00      0.00      0.00
01:30:00 PM      eth0  56881.00 172017.00   6555.53 130355.96      0.00      0.00      0.00
01:30:01 PM      eth0  55129.00 163673.00   6439.58 123934.41      0.00      0.00      0.00
01:30:02 PM      eth0  57192.00 173442.00   6596.52 131422.09      0.00      0.00      0.00
01:30:03 PM      eth0  59387.00 177453.00   6843.43 134474.10      0.00      0.00      0.00
01:30:04 PM      eth0  53204.00 158886.00   6136.16 120404.46      0.00      0.00      0.00
01:30:05 PM      eth0  53263.00 160310.00   6141.67 121485.69      0.00      0.00      0.00
01:30:06 PM      eth0  58266.00 175227.00   6713.46 132788.49      0.00      0.00      0.00
01:30:07 PM      eth0  56866.00 173458.00   6549.11 131449.34      0.00      0.00      0.00
01:30:08 PM      eth0  52391.00 158191.00   6041.77 119873.16      0.00      0.00      0.00
01:30:09 PM      eth0  58091.00 175774.00   6691.44 133204.50      0.00      0.00      0.00
01:30:10 PM      eth0  56076.00 169240.00   6463.72 128252.19      0.00      0.00      0.00
01:30:11 PM      eth0  53939.00 162275.00   6218.09 122973.30      0.00      0.00      0.00
01:30:12 PM      eth0  53921.00 163953.00   6212.12 124245.65      0.00      0.00      0.00
01:30:13 PM      eth0  56060.00 165904.00   6464.65 125719.54      0.00      0.00      0.00
01:30:14 PM      eth0  54571.00 163705.00   6291.87 124054.60      0.00      0.00      0.00
01:30:15 PM      eth0  54784.00 165323.00   6312.37 125283.24      0.00      0.00      0.00
01:30:16 PM      eth0  53030.00 159988.00   6111.25 121240.96      0.00      0.00      0.00
01:30:17 PM      eth0  56178.00 169913.00   6476.54 128762.84      0.00      0.00      0.00
01:30:18 PM      eth0  57737.00 174988.00   6650.08 132601.99      0.00      0.00      0.00
01:30:19 PM      eth0  52562.00 158306.00   6060.71 119966.32      0.00      0.00      0.00
01:30:20 PM      eth0  55175.00 166081.00   6363.08 125857.42      0.00      0.00      0.00
01:30:21 PM      eth0  53821.00 162568.00   6203.48 123196.06      0.00      0.00      0.00
01:30:22 PM      eth0  53055.00 158640.00   6226.17 120105.87      0.00      0.00      0.00
01:30:23 PM      eth0  58628.00 177101.00   6771.06 134030.45      0.00      0.00      0.00
01:30:24 PM      eth0  59919.00 182686.00   6901.05 138440.37      0.00      0.00      0.00
01:30:25 PM      eth0  55846.00 168812.00   6435.25 127927.84      0.00      0.00      0.00
01:30:26 PM      eth0  55640.00 167640.00   6415.15 127038.35      0.00      0.00      0.00
01:30:27 PM      eth0  52804.00 154843.00   6095.51 117341.29      0.00      0.00      0.00
01:30:28 PM      eth0  49605.00 148255.00   5725.86 112344.11      0.00      0.00      0.00
01:30:29 PM      eth0  47875.00 143026.00   5520.88 108384.17      0.00      0.00      0.00
01:30:30 PM      eth0  48267.00 145523.00   5567.75 110279.87      0.00      0.00      0.00
01:30:31 PM      eth0  54857.00 165676.00   6318.95 125551.19      0.00      0.00      0.00
01:30:32 PM      eth0  56635.00 169568.00   6529.74 128500.75      0.00      0.00      0.00
01:30:33 PM      eth0  53500.00 161907.00   6169.48 122694.06      0.00      0.00      0.00
01:30:34 PM      eth0  51190.00 153904.00   5905.70 116630.38      0.00      0.00      0.00
01:30:35 PM      eth0  54713.00 164740.00   6307.25 124842.03      0.00      0.00      0.00
01:30:36 PM      eth0  51466.00 155144.00   5940.26 117556.31      0.00      0.00      0.00
01:30:37 PM      eth0  52175.00 156571.00   6013.63 118649.46      0.00      0.00      0.00
01:30:38 PM      eth0  57051.00 171741.00   6574.02 130142.04      0.00      0.00      0.00
01:30:39 PM      eth0  55410.00 169197.00   6383.40 128218.93      0.00      0.00      0.00
01:30:40 PM      eth0  51796.00 157203.00   5971.11 119127.06      0.00      0.00      0.00
01:30:41 PM      eth0  53369.00 159232.00   6155.32 120668.00      0.00      0.00      1.00
01:30:42 PM      eth0  54490.00 166803.00   6275.54 126405.11      0.00      0.00      0.00
01:30:43 PM      eth0  54066.00 163850.00   6227.83 124163.74      0.00      0.00      0.00
01:30:44 PM      eth0  54743.00 163396.00   6312.12 123823.53      0.00      0.00      0.00
01:30:45 PM      eth0  57821.00 175401.00   6657.38 132920.40      0.00      0.00      0.00
01:30:46 PM      eth0  55914.00 169424.00   6442.84 128391.62      0.00      0.00      0.00
01:30:47 PM      eth0  51168.00 154957.00   5899.47 117428.77      0.00      0.00      0.00
01:30:48 PM      eth0  54992.00 166876.00   6335.58 126454.67      0.00      0.00      0.00
01:30:49 PM      eth0  54781.00 165729.00   6311.82 125590.79      0.00      0.00      0.00
01:30:50 PM      eth0  48090.00 143944.00   5549.28 109081.23      0.00      0.00      0.00
01:30:51 PM      eth0  50044.00 151481.00   5767.96 114794.92      0.00      0.00      0.00
01:30:52 PM      eth0  49246.00 151293.00   5677.65 114651.03      0.00      0.00      0.00
01:30:53 PM      eth0  57220.00 172712.00   6632.75 130871.32      0.00      0.00      0.00
01:30:54 PM      eth0  45766.00 138635.00   5277.75 105059.69      0.00      0.00      0.00
01:30:55 PM      eth0  55311.00 167338.00   6373.21 126812.00      0.00      0.00      0.00
01:30:56 PM      eth0  53816.00 162856.00   6198.80 123413.74      0.00      0.00      0.00
01:30:57 PM      eth0  55348.00 165452.00   6381.45 125381.59      0.00      0.00      0.00
01:30:58 PM      eth0  51549.00 154093.00   5950.01 116766.83      0.00      0.00      0.00
01:30:59 PM      eth0  47753.00 142310.00   5510.71 107844.08      0.00      0.00      0.00
01:31:00 PM      eth0  52678.00 159482.00   6070.10 120856.12      0.00      0.00      0.00
01:31:01 PM      eth0  53401.00 159712.00   6157.21 121029.87      0.00      0.00      0.00
01:31:02 PM      eth0  56844.00 173760.00   6545.29 131676.09      0.00      0.00      0.00
01:31:03 PM      eth0  55538.00 166564.00   6484.58 126119.79      0.00      0.00      0.00
01:31:04 PM      eth0  50360.00 150199.00   5817.79 113814.56      0.00      0.00      0.00
01:31:05 PM      eth0  49164.00 148281.00   5667.30 112368.47      0.00      0.00      0.00
01:31:06 PM      eth0  56064.00 169868.00   6463.88 128728.09      0.00      0.00      0.00
01:31:07 PM      eth0  54929.00 166601.00   6334.04 126251.35      0.00      0.00      0.00
01:31:08 PM      eth0  49072.00 148741.00   5658.01 112712.36      0.00      0.00      0.00
01:31:09 PM      eth0  45044.00 136972.00   5196.03 103799.09      0.00      0.00      0.00
01:31:10 PM      eth0  51688.00 157133.00   5957.26 119078.01      0.00      0.00      0.00
01:31:11 PM      eth0  55371.00 166897.00   6379.68 126474.58      0.00      0.00      0.00
01:31:12 PM      eth0  47757.00 141956.00   5512.20 107576.08      0.00      0.00      0.00
01:31:13 PM      eth0  51498.00 156270.00   5936.85 118419.05      0.00      0.00      0.00
01:31:14 PM      eth0  45559.00 136918.00   5257.13 103758.17      0.00      0.00      0.00
01:31:15 PM      eth0  46916.00 139495.00   5414.52 105710.39      0.00      0.00      0.00
01:31:16 PM      eth0  49541.00 149310.00   5716.22 113149.04      0.00      0.00      0.00
01:31:17 PM      eth0  52269.00 156838.00   6029.50 118852.41      0.00      0.00      0.00
01:31:18 PM      eth0  48320.00 146065.00   5571.56 110684.45      0.00      0.00      0.00
01:31:19 PM      eth0  50057.00 149719.00   5773.00 113458.73      0.00      0.00      0.00
01:31:20 PM      eth0  45134.00 135330.00   5207.12 102554.77      0.00      0.00      0.00
01:31:21 PM      eth0  45764.00 138483.00   5278.59 104943.41      0.00      0.00      0.00
01:31:22 PM      eth0  47322.00 141558.00   5462.38 107273.36      0.00      0.00      0.00
01:31:23 PM      eth0  49266.00 147306.00   5686.95 111626.84      0.00      0.00      0.00
01:31:24 PM      eth0  52925.00 158528.00   6105.98 120131.72      0.00      0.00      0.00
01:31:25 PM      eth0  49826.00 149073.00   5749.04 112970.10      0.00      0.00      0.00
01:31:26 PM      eth0  48503.00 145356.00   5596.01 110150.83      0.00      0.00      0.00
01:31:27 PM      eth0  44905.00 136090.00   5188.64 103130.70      0.00      0.00      0.00
01:31:28 PM      eth0  42534.00 127596.00   4913.94  96687.74      0.00      0.00      0.00
01:31:29 PM      eth0  48654.00 145119.00   5617.63 109972.32      0.00      0.00      0.00
01:31:30 PM      eth0  45129.00 133603.00   5209.78 101245.36      0.00      0.00      0.00
01:31:31 PM      eth0  47936.00 144974.00   5528.52 109863.11      0.00      0.00      0.00
01:31:32 PM      eth0  56306.00 167843.00   6494.43 127192.86      0.00      0.00      0.00
01:31:33 PM      eth0  46990.00 141011.00   5423.99 106859.23      0.00      0.00      0.00
01:31:34 PM      eth0  43538.00 130819.00   5024.38  99134.27      0.00      0.00      0.00
01:31:35 PM      eth0  50107.00 150780.00   5779.82 114262.97      0.00      0.00      0.00
01:31:36 PM      eth0  51071.00 153568.00   5894.25 116374.82      0.00      0.00      0.00
01:31:37 PM      eth0  52253.00 156996.00   6023.37 118973.53      0.00      0.00      0.00
01:31:38 PM      eth0  43949.00 129953.00   5083.12  98460.55      0.00      0.00      0.00
01:31:39 PM      eth0  44793.00 134791.00   5170.35 102145.70      0.00      0.00      0.00
01:31:40 PM      eth0  51308.00 153793.00   5920.09 116545.59      0.00      0.00      0.00
01:31:41 PM      eth0  52502.00 158796.00   6052.04 120336.26      0.00      0.00      0.00
01:31:42 PM      eth0  50838.00 153297.00   5862.55 116169.71      0.00      0.00      0.00
01:31:43 PM      eth0  55039.00 166051.00   6351.79 125831.14      0.00      0.00      0.00
01:31:44 PM      eth0  48925.00 148453.00   5639.12 112498.87      0.00      0.00      0.00
01:31:45 PM      eth0  54361.00 165105.00   6268.66 125118.18      0.00      0.00      0.00
01:31:46 PM      eth0  51902.00 156770.00   5985.55 118802.27      0.00      0.00      0.00
01:31:47 PM      eth0  49972.00 149735.00   5765.02 113470.39      0.00      0.00      0.00
01:31:48 PM      eth0  50860.00 151897.00   5870.05 115103.35      0.00      0.00      0.00
01:31:49 PM      eth0  49759.00 148564.00   5744.16 112583.66      0.00      0.00      0.00
01:31:50 PM      eth0  52454.00 159309.00   6052.85 120725.99      0.00      0.00      0.00
01:31:51 PM      eth0  53526.00 160566.00   6172.35 121678.92      0.00      0.00      0.00
01:31:52 PM      eth0  49863.00 149641.00   5753.22 113397.76      0.00      0.00      0.00
01:31:53 PM      eth0  53094.00 159153.00   6121.06 120607.46      0.00      0.00      0.00
01:31:54 PM      eth0  51663.00 154649.00   5959.98 117194.03      0.00      0.00      0.00
01:31:55 PM      eth0  53962.00 161695.00   6221.96 122533.58      0.00      0.00      0.00
01:31:56 PM      eth0  47890.00 143653.00   5528.37 108861.37      0.00      0.00      0.00
01:31:57 PM      eth0  55189.00 166155.00   6364.64 125913.67      0.00      0.00      0.00
01:31:58 PM      eth0  45230.00 135654.00   5230.58 102794.41      0.00      0.00      0.00
01:31:59 PM      eth0  51125.00 154396.00   5900.53 117003.22      0.00      0.00      0.00
01:32:00 PM      eth0  48312.00 144363.00   5576.49 109399.57      0.00      0.00      0.00
01:32:01 PM      eth0  41804.00 125567.00   4831.64  95155.63      0.00      0.00      0.00
01:32:02 PM      eth0  52817.00 159271.00   6093.45 120696.21      0.00      0.00      0.00
01:32:03 PM      eth0  47628.00 144150.00   5493.84 109238.67      0.00      0.00      0.00
01:32:04 PM      eth0  48991.00 146821.00   5654.52 111258.71      0.00      0.00      0.00
01:32:05 PM      eth0  42629.00 128047.00   5016.33  96927.99      0.00      0.00      0.00
01:32:06 PM      eth0  51021.00 153395.00   5888.30 116243.98      0.00      0.00      0.00
01:32:07 PM      eth0  47153.00 140866.00   5443.80 106750.02      0.00      0.00      0.00
01:32:08 PM      eth0  45829.00 136272.00   5296.51 103262.44      0.00      0.00      0.00
01:32:09 PM      eth0  47376.00 142427.00   5465.47 107932.35      0.00      0.00      0.00
01:32:10 PM      eth0  47276.00 141779.00   5456.88 107441.18      0.00      0.00      0.00
01:32:11 PM      eth0  52463.00 158378.00   6049.56 120021.13      0.00      0.00      0.00
01:32:12 PM      eth0  51304.00 152523.00   5920.14 115582.66      0.00      0.00      0.00
01:32:13 PM      eth0  48503.00 145223.00   5593.46 110047.32      0.00      0.00      0.00
01:32:14 PM      eth0  42941.00 127195.00   4961.71  96390.68      0.00      0.00      0.00
01:32:15 PM      eth0  48365.00 146163.00   5577.16 110763.43      0.00      0.00      0.00
01:32:16 PM      eth0  52647.00 158712.00   6079.94 120273.05      0.00      0.00      0.00
01:32:17 PM      eth0  52574.00 157556.00   6063.68 119396.57      0.00      0.00      0.00
01:32:18 PM      eth0  44117.00 133703.00   5098.68 101316.37      0.00      0.00      0.00
01:32:19 PM      eth0  50391.00 152085.00   5815.04 115251.30      0.00      0.00      0.00
01:32:20 PM      eth0  48788.00 146500.00   5624.47 111019.58      0.00      0.00      0.00
01:32:21 PM      eth0  39861.00 119247.00   4603.29  90364.76      0.00      0.00      0.00
01:32:22 PM      eth0  47148.00 141302.00   5439.23 107080.42      0.00      0.00      0.00
01:32:23 PM      eth0  45193.00 135198.00   5220.27 102448.47      0.00      0.00      0.00
01:32:24 PM      eth0  41517.00 124143.00   4792.29  94077.06      0.00      0.00      0.00
01:32:25 PM      eth0  44715.00 134185.00   5162.96 101686.79      0.00      0.00      0.00
01:32:26 PM      eth0  51064.00 152875.00   5894.44 115850.79      0.00      0.00      0.00
01:32:27 PM      eth0  56456.00 169692.00   6510.56 128594.72      0.00      0.00      0.00
01:32:28 PM      eth0  51013.00 154701.00   5877.66 117226.20      0.00      0.00      0.00
01:32:29 PM      eth0  51773.00 156359.00   5970.38 118490.14      0.00      0.00      0.00
01:32:30 PM      eth0  48582.00 147311.00   5602.46 111633.45      0.00      0.00      0.00
01:32:31 PM      eth0  46757.00 139707.00   5399.48 105869.71      0.00      0.00      0.00
01:32:32 PM      eth0  54946.00 163864.00   6339.78 124178.19      0.00      0.00      0.00
01:32:33 PM      eth0  55327.00 166704.00   6379.37 126330.38      0.00      0.00      0.00
01:32:34 PM      eth0  48519.00 145897.00   5599.11 110561.90      0.00      0.00      0.00
01:32:35 PM      eth0  51253.00 152607.00   5922.66 115646.82      0.00      0.00      0.00
01:32:36 PM      eth0  50214.00 151276.00   5792.24 114638.84      0.00      0.00      0.00
01:32:37 PM      eth0  51848.00 155828.00   5976.39 118088.41      0.00      0.00      0.00
01:32:38 PM      eth0  50060.00 150082.00   5775.65 113727.92      0.00      0.00      0.00
01:32:39 PM      eth0  49171.00 147738.00   5683.89 111943.62      0.00      0.00      0.00
01:32:40 PM      eth0  47377.00 141778.00   5468.38 107440.91      0.00      0.00      0.00
01:32:41 PM      eth0  51505.00 154192.00   5939.39 116847.29      0.00      0.00      0.00
01:32:42 PM      eth0  53392.00 158965.00   6167.54 120463.66      0.00      0.00      0.00
01:32:43 PM      eth0  48245.00 146173.00   5563.86 110767.38      0.00      0.00      0.00
01:32:44 PM      eth0  53726.00 161163.00   6193.95 122131.04      0.00      0.00      0.00
01:32:45 PM      eth0  44084.00 131319.00   5092.62  99514.46      0.00      0.00      0.00
01:32:46 PM      eth0  50742.00 149504.00   5859.20 113296.16      0.00      0.00      0.00
01:32:47 PM      eth0  49313.00 146934.00   5691.70 111347.34      0.00      0.00      0.00
01:32:48 PM      eth0  47867.00 143457.00   5526.40 108708.08      0.00      0.00      0.00
01:32:49 PM      eth0  44878.00 136811.00   5177.98 103677.81      0.00      0.00      0.00
01:32:50 PM      eth0  54367.00 164668.00   6266.19 124786.08      0.00      0.00      0.00
01:32:51 PM      eth0  55109.00 166709.00   6357.20 126334.88      0.00      0.00      0.00
01:32:52 PM      eth0  44065.00 132134.00   5088.70 100132.85      0.00      0.00      0.00
01:32:53 PM      eth0  45051.00 134107.00   5202.36 101626.44      0.00      0.00      0.00
01:32:54 PM      eth0  47522.00 143650.00   5479.39 108858.43      0.00      0.00      0.00
01:32:55 PM      eth0  45761.00 138669.00   5283.06 105084.43      0.00      0.00      0.00
01:32:56 PM      eth0  46448.00 139408.00   5361.73 105645.12      0.00      0.00      0.00
01:32:57 PM      eth0  51676.00 152892.00   5965.04 115863.47      0.00      0.00      0.00
01:32:58 PM      eth0  52437.00 159732.00   6079.59 121030.48      0.00      0.00      0.00
01:32:59 PM      eth0  47722.00 143657.00   5505.13 108864.40      0.00      0.00      0.00
01:33:00 PM      eth0  51215.00 153259.00   5908.45 116140.92      0.00      0.00      0.00
01:33:01 PM      eth0  45044.00 135793.00   5197.24 102902.31      0.00      0.00      0.00
01:33:02 PM      eth0  44353.00 133414.00   5116.37 101100.72      0.00      0.00      0.00
01:33:03 PM      eth0  41246.00 126533.00   4753.47  95887.58      0.00      0.00      0.00
01:33:04 PM      eth0  37218.00 113233.00   4295.87  85808.13      0.00      0.00      0.00
01:33:05 PM      eth0  39569.00 120668.00   4560.36  91440.76      0.00      0.00      0.00
01:33:06 PM      eth0  36699.00 112376.00   4312.30  85054.78      0.00      0.00      0.00
01:33:07 PM      eth0  31074.00  96238.00   3590.87  72919.95      0.00      0.00      0.00
01:33:08 PM      eth0  29971.00 107147.00   3459.38  81189.31      0.00      0.00      0.00
01:33:09 PM      eth0  25606.00  82663.00   2951.37  62641.10      0.00      0.00      0.00
01:33:10 PM      eth0  24416.00  79235.00   2804.21  60043.80      0.00      0.00      0.00
01:33:11 PM      eth0  21595.00  72582.00   2481.71  55002.57      0.00      0.00      0.00
01:33:12 PM      eth0  20726.00  72542.00   2377.27  54970.22      0.00      0.00      0.00
01:33:13 PM      eth0  18569.00  67846.00   2129.61  51410.28      0.00      0.00      0.00
01:33:14 PM      eth0  16886.00  68124.00   1930.58  51624.87      0.00      0.00      0.00
01:33:15 PM      eth0  31701.00 157887.00   3595.91 119646.08      0.00      0.00      0.00
01:33:16 PM      eth0      8.00      1.00      0.50      0.09      0.00      0.00      0.00
01:33:17 PM      eth0      4.00      0.00      0.23      0.00      0.00      0.00      0.00
01:33:18 PM      eth0     13.00     11.00      2.21      2.90      0.00      0.00      0.00
01:33:19 PM      eth0      6.00      0.00      0.35      0.00      0.00      0.00      0.00
01:33:20 PM      eth0      6.00      0.00      0.35      0.00      0.00      0.00      0.00
01:33:21 PM      eth0      5.00      0.00      0.29      0.00      0.00      0.00      0.00
01:33:22 PM      eth0      4.00      0.00      0.23      0.00      0.00      0.00      0.00
01:33:23 PM      eth0      5.00      0.00      0.29      0.00      0.00      0.00      0.00
01:33:24 PM      eth0      5.00      0.00      0.29      0.00      0.00      0.00      0.00
01:33:25 PM      eth0     14.00     10.00      2.46      2.65      0.00      0.00      0.00
01:33:26 PM      eth0      7.00      0.00      0.69      0.00      0.00      0.00      0.00
01:33:27 PM      eth0      5.00      0.00      0.29      0.00      0.00      0.00      0.00
01:33:28 PM      eth0     13.00     11.00      2.21      2.90      0.00      0.00      0.00
01:33:29 PM      eth0      5.00      0.00      0.29      0.00      0.00      0.00      0.00
01:33:30 PM      eth0      5.00      0.00      0.29      0.00      0.00      0.00      0.00
01:33:31 PM      eth0      6.00      0.00      0.35      0.00      0.00      0.00      0.00
01:33:32 PM      eth0      4.00      0.00      0.75      0.00      0.00      0.00      0.00
01:33:33 PM      eth0      4.00      0.00      0.23      0.00      0.00      0.00      0.00
01:33:34 PM      eth0      5.00      0.00      0.29      0.00      0.00      0.00      0.00
01:33:35 PM      eth0      4.00      0.00      0.23      0.00      0.00      0.00      0.00
01:33:36 PM      eth0      4.00      0.00      0.23      0.00      0.00      0.00      0.00
01:33:37 PM      eth0      7.00      0.00      1.11      0.00      0.00      0.00      0.00
01:33:38 PM      eth0     14.00     11.00      2.27      2.90      0.00      0.00      0.00
01:33:39 PM      eth0      5.00      0.00      0.29      0.00      0.00      0.00      0.00
01:33:40 PM      eth0     28.00     30.00     11.12      8.66      0.00      0.00      0.00
01:33:41 PM      eth0      4.00      0.00      0.23      0.00      0.00      0.00      0.00
01:33:42 PM      eth0      5.00      0.00      0.29      0.00      0.00      0.00      0.00
01:33:43 PM      eth0     10.00      8.00      0.88      2.25      0.00      0.00      0.00
01:33:44 PM      eth0      4.00      0.00      0.23      0.00      0.00      0.00      0.00
01:33:45 PM      eth0      3.00      0.00      0.18      0.00      0.00      0.00      0.00
01:33:46 PM      eth0      5.00      0.00      0.29      0.00      0.00      0.00      0.00
01:33:47 PM      eth0      4.00      0.00      0.23      0.00      0.00      0.00      0.00
01:33:48 PM      eth0     14.00     11.00      2.27      2.90      0.00      0.00      0.00
01:33:49 PM      eth0      4.00      0.00      0.23      0.00      0.00      0.00      0.00
01:33:50 PM      eth0      4.00      0.00      0.23      0.00      0.00      0.00      0.00
01:33:51 PM      eth0      3.00      0.00      0.18      0.00      0.00      0.00      0.00
01:33:52 PM      eth0      4.00      0.00      0.23      0.00      0.00      0.00      0.00
01:33:53 PM      eth0      4.00      0.00      0.23      0.00      0.00      0.00      0.00
01:33:54 PM      eth0      5.00      0.00      0.29      0.00      0.00      0.00      0.00
01:33:55 PM      eth0      3.00      0.00      0.18      0.00      0.00      0.00      0.00
01:33:56 PM      eth0      5.00      0.00      0.29      0.00      0.00      0.00      0.00
01:33:57 PM      eth0      5.00      0.00      0.81      0.00      0.00      0.00      0.00
01:33:58 PM      eth0     12.00     11.00      2.15      2.90      0.00      0.00      0.00
01:33:59 PM      eth0      3.00      0.00      0.18      0.00      0.00      0.00      0.00
01:34:00 PM      eth0      5.00      0.00      0.29      0.00      0.00      0.00      0.00
01:34:01 PM      eth0      6.00      0.00      0.41      0.00      0.00      0.00      1.00
01:34:02 PM      eth0      5.00      0.00      0.29      0.00      0.00      0.00      0.00
01:34:03 PM      eth0      3.00      0.00      0.18      0.00      0.00      0.00      0.00
01:34:04 PM      eth0      4.00      0.00      0.23      0.00      0.00      0.00      0.00
01:34:05 PM      eth0      5.00      0.00      0.29      0.00      0.00      0.00      0.00
01:34:06 PM      eth0      7.00      0.00      0.69      0.00      0.00      0.00      0.00
01:34:07 PM      eth0    198.00    231.00    105.02     70.84      0.00      0.00      0.00
01:34:08 PM      eth0     36.00     41.00     15.02     18.55      0.00      0.00      0.00
01:34:09 PM      eth0      4.00      0.00      0.23      0.00      0.00      0.00      0.00
01:34:10 PM      eth0      4.00      0.00      0.23      0.00      0.00      0.00      0.00
01:34:11 PM      eth0      6.00      0.00      0.63      0.00      0.00      0.00      0.00
01:34:12 PM      eth0      5.00      0.00      0.29      0.00      0.00      0.00      0.00
01:34:13 PM      eth0      8.00      8.00      0.76      2.25      0.00      0.00      0.00
01:34:14 PM      eth0      3.00      0.00      0.18      0.00      0.00      0.00      0.00
01:34:15 PM      eth0     12.00     11.00      1.99      2.86      0.00      0.00      0.00
01:34:16 PM      eth0      7.00      0.00      1.20      0.00      0.00      0.00      0.00
01:34:17 PM      eth0      5.00      0.00      0.29      0.00      0.00      0.00      0.00
01:34:18 PM      eth0     12.00     11.00      2.16      2.90      0.00      0.00      0.00
01:34:19 PM      eth0      4.00      0.00      0.23      0.00      0.00      0.00      0.00
01:34:20 PM      eth0      4.00      0.00      0.23      0.00      0.00      0.00      0.00
01:34:21 PM      eth0      4.00      0.00      0.23      0.00      0.00      0.00      0.00
01:34:22 PM      eth0      5.00      0.00      0.57      0.00      0.00      0.00      0.00
01:34:23 PM      eth0      6.00      0.00      0.35      0.00      0.00      0.00      0.00
01:34:24 PM      eth0      6.00      0.00      0.35      0.00      0.00      0.00      0.00
01:34:25 PM      eth0     14.00     10.00      2.45      2.65      0.00      0.00      0.00
01:34:26 PM      eth0      6.00      0.00      0.35      0.00      0.00      0.00      0.00
01:34:27 PM      eth0      5.00      0.00      0.29      0.00      0.00      0.00      0.00
01:34:28 PM      eth0     14.00     11.00      2.27      2.90      0.00      0.00      0.00
01:34:29 PM      eth0      6.00      0.00      0.35      0.00      0.00      0.00      0.00
01:34:30 PM      eth0      6.00      0.00      0.63      0.00      0.00      0.00      0.00
01:34:31 PM      eth0      5.00      0.00      0.29      0.00      0.00      0.00      0.00
01:34:32 PM      eth0      5.00      0.00      0.29      0.00      0.00      0.00      0.00
01:34:33 PM      eth0      5.00      0.00      0.29      0.00      0.00      0.00      0.00
01:34:34 PM      eth0      6.00      0.00      0.35      0.00      0.00      0.00      0.00
01:34:35 PM      eth0      4.00      0.00      0.23      0.00      0.00      0.00      0.00
01:34:36 PM      eth0      5.00      0.00      0.29      0.00      0.00      0.00      0.00
01:34:37 PM      eth0      4.00      0.00      0.75      0.00      0.00      0.00      0.00
01:34:38 PM      eth0     12.00     11.00      2.15      2.90      0.00      0.00      0.00
01:34:39 PM      eth0      4.00      0.00      0.23      0.00      0.00      0.00      0.00
01:34:40 PM      eth0      6.00      0.00      0.63      0.00      0.00      0.00      0.00
01:34:41 PM      eth0     29.00     30.00     11.70      8.66      0.00      0.00      0.00
01:34:42 PM      eth0      4.00      0.00      0.23      0.00      0.00      0.00      0.00
01:34:43 PM      eth0      9.00      8.00      0.82      2.25      0.00      0.00      0.00
01:34:44 PM      eth0      5.00      0.00      0.57      0.00      0.00      0.00      0.00
01:34:45 PM      eth0      3.00      0.00      0.18      0.00      0.00      0.00      0.00
01:34:46 PM      eth0      6.00      0.00      0.35      0.00      0.00      0.00      0.00
01:34:47 PM      eth0      5.00      0.00      0.29      0.00      0.00      0.00      0.00
01:34:48 PM      eth0     14.00     11.00      2.27      2.90      0.00      0.00      0.00
01:34:49 PM      eth0      3.00      0.00      0.18      0.00      0.00      0.00      0.00
01:34:50 PM      eth0      4.00      0.00      0.23      0.00      0.00      0.00      0.00
01:34:51 PM      eth0      5.00      0.00      0.29      0.00      0.00      0.00      0.00
01:34:52 PM      eth0      6.00      0.00      0.63      0.00      0.00      0.00      0.00
01:34:53 PM      eth0      4.00      0.00      0.23      0.00      0.00      0.00      0.00
01:34:54 PM      eth0      3.00      0.00      0.18      0.00      0.00      0.00      0.00
01:34:55 PM      eth0      5.00      0.00      0.57      0.00      0.00      0.00      0.00
01:34:56 PM      eth0      6.00      0.00      0.35      0.00      0.00      0.00      0.00
01:34:57 PM      eth0      5.00      0.00      0.29      0.00      0.00      0.00      0.00
01:34:58 PM      eth0     12.00     11.00      2.15      2.90      0.00      0.00      0.00
01:34:59 PM      eth0      4.00      0.00      0.23      0.00      0.00      0.00      0.00
01:35:00 PM      eth0      4.00      0.00      0.75      0.00      0.00      0.00      0.00
01:35:01 PM      eth0      5.00      0.00      0.57      0.00      0.00      0.00      0.00
01:35:02 PM      eth0     25.00     25.00     40.73      6.26      0.00      0.00      0.00
01:35:03 PM      eth0      5.00      0.00      0.29      0.00      0.00      0.00      0.00
01:35:04 PM      eth0      3.00      0.00      0.18      0.00      0.00      0.00      0.00
01:35:05 PM      eth0      4.00      0.00      0.23      0.00      0.00      0.00      0.00
01:35:06 PM      eth0      5.00      0.00      0.29      0.00      0.00      0.00      0.00
01:35:07 PM      eth0      4.00      0.00      0.23      0.00      0.00      0.00      0.00
01:35:08 PM      eth0    225.00    272.00    119.48     89.39      0.00      0.00      0.00
01:35:09 PM      eth0      5.00      1.00      0.29      0.06      0.00      0.00      0.00
01:35:10 PM      eth0      6.00      0.00      0.63      0.00      0.00      0.00      0.00
01:35:11 PM      eth0      5.00      0.00      0.29      0.00      0.00      0.00      0.00
01:35:12 PM      eth0      3.00      0.00      0.18      0.00      0.00      0.00      0.00
01:35:13 PM      eth0     22.00     21.00      4.54      5.16      0.00      0.00      0.00
