              total        used        free      shared  buff/cache   available
Mem:          48114        1414       30076        2481       16623       43349
Swap:         24191           0       24191
Total:        72306        1414       54268

              total        used        free      shared  buff/cache   available
Mem:          48114        1415       30075        2481       16623       43348
Swap:         24191           0       24191
Total:        72306        1415       54267

              total        used        free      shared  buff/cache   available
Mem:          48114        1415       30075        2481       16623       43348
Swap:         24191           0       24191
Total:        72306        1415       54267

              total        used        free      shared  buff/cache   available
Mem:          48114        1419       30071        2481       16623       43345
Swap:         24191           0       24191
Total:        72306        1419       54263

              total        used        free      shared  buff/cache   available
Mem:          48114        1417       30073        2481       16623       43347
Swap:         24191           0       24191
Total:        72306        1417       54265

              total        used        free      shared  buff/cache   available
Mem:          48114        1418       30071        2481       16623       43345
Swap:         24191           0       24191
Total:        72306        1418       54263

              total        used        free      shared  buff/cache   available
Mem:          48114        1417       30072        2481       16623       43346
Swap:         24191           0       24191
Total:        72306        1417       54264

              total        used        free      shared  buff/cache   available
Mem:          48114        1419       30070        2481       16624       43344
Swap:         24191           0       24191
Total:        72306        1419       54262

              total        used        free      shared  buff/cache   available
Mem:          48114        1416       30073        2481       16624       43347
Swap:         24191           0       24191
Total:        72306        1417       54265

              total        used        free      shared  buff/cache   available
Mem:          48114        1417       30072        2481       16624       43346
Swap:         24191           0       24191
Total:        72306        1417       54264

              total        used        free      shared  buff/cache   available
Mem:          48114        1416       30073        2481       16624       43347
Swap:         24191           0       24191
Total:        72306        1416       54265

              total        used        free      shared  buff/cache   available
Mem:          48114        1415       30074        2481       16624       43348
Swap:         24191           0       24191
Total:        72306        1415       54265

              total        used        free      shared  buff/cache   available
Mem:          48114        1418       30071        2481       16624       43346
Swap:         24191           0       24191
Total:        72306        1418       54263

              total        used        free      shared  buff/cache   available
Mem:          48114        1418       30071        2481       16624       43346
Swap:         24191           0       24191
Total:        72306        1418       54263

              total        used        free      shared  buff/cache   available
Mem:          48114        1417       30072        2481       16624       43347
Swap:         24191           0       24191
Total:        72306        1417       54264

              total        used        free      shared  buff/cache   available
Mem:          48114        1418       30071        2481       16624       43345
Swap:         24191           0       24191
Total:        72306        1418       54263

              total        used        free      shared  buff/cache   available
Mem:          48114        1419       30070        2481       16624       43344
Swap:         24191           0       24191
Total:        72306        1419       54262

              total        used        free      shared  buff/cache   available
Mem:          48114        1416       30072        2481       16625       43347
Swap:         24191           0       24191
Total:        72306        1416       54264

              total        used        free      shared  buff/cache   available
Mem:          48114        1415       30073        2481       16625       43348
Swap:         24191           0       24191
Total:        72306        1415       54265

              total        used        free      shared  buff/cache   available
Mem:          48114        1418       30069        2481       16625       43345
Swap:         24191           0       24191
Total:        72306        1418       54261

              total        used        free      shared  buff/cache   available
Mem:          48114        1419       30069        2481       16625       43344
Swap:         24191           0       24191
Total:        72306        1419       54261

              total        used        free      shared  buff/cache   available
Mem:          48114        1418       30070        2481       16625       43345
Swap:         24191           0       24191
Total:        72306        1418       54262

              total        used        free      shared  buff/cache   available
Mem:          48114        1420       30068        2481       16625       43343
Swap:         24191           0       24191
Total:        72306        1420       54260

              total        used        free      shared  buff/cache   available
Mem:          48114        1418       30070        2481       16625       43345
Swap:         24191           0       24191
Total:        72306        1418       54262

              total        used        free      shared  buff/cache   available
Mem:          48114        1419       30069        2481       16625       43344
Swap:         24191           0       24191
Total:        72306        1419       54261

              total        used        free      shared  buff/cache   available
Mem:          48114        1419       30069        2481       16625       43344
Swap:         24191           0       24191
Total:        72306        1419       54261

              total        used        free      shared  buff/cache   available
Mem:          48114        1419       30069        2481       16625       43345
Swap:         24191           0       24191
Total:        72306        1419       54261

              total        used        free      shared  buff/cache   available
Mem:          48114        1421       30067        2481       16625       43342
Swap:         24191           0       24191
Total:        72306        1421       54259

              total        used        free      shared  buff/cache   available
Mem:          48114        1418       30069        2481       16625       43345
Swap:         24191           0       24191
Total:        72306        1419       54261

              total        used        free      shared  buff/cache   available
Mem:          48114        1413       30075        2481       16625       43350
Swap:         24191           0       24191
Total:        72306        1413       54266

              total        used        free      shared  buff/cache   available
Mem:          48114        1414       30073        2481       16625       43349
Swap:         24191           0       24191
Total:        72306        1414       54265

              total        used        free      shared  buff/cache   available
Mem:          48114        1412       30076        2481       16625       43352
Swap:         24191           0       24191
Total:        72306        1412       54268

              total        used        free      shared  buff/cache   available
Mem:          48114        1411       30076        2481       16625       43352
Swap:         24191           0       24191
Total:        72306        1411       54268

              total        used        free      shared  buff/cache   available
Mem:          48114        1411       30077        2481       16625       43353
Swap:         24191           0       24191
Total:        72306        1411       54269

              total        used        free      shared  buff/cache   available
Mem:          48114        1409       30078        2481       16626       43355
Swap:         24191           0       24191
Total:        72306        1409       54270

              total        used        free      shared  buff/cache   available
Mem:          48114        1407       30080        2481       16626       43357
Swap:         24191           0       24191
Total:        72306        1407       54272

              total        used        free      shared  buff/cache   available
Mem:          48114        1408       30079        2481       16626       43356
Swap:         24191           0       24191
Total:        72306        1408       54271

              total        used        free      shared  buff/cache   available
Mem:          48114        1407       30080        2481       16626       43357
Swap:         24191           0       24191
Total:        72306        1407       54272

              total        used        free      shared  buff/cache   available
Mem:          48114        1407       30080        2481       16626       43357
Swap:         24191           0       24191
Total:        72306        1407       54272

              total        used        free      shared  buff/cache   available
Mem:          48114        1410       30077        2481       16626       43354
Swap:         24191           0       24191
Total:        72306        1410       54269

              total        used        free      shared  buff/cache   available
Mem:          48114        1411       30076        2481       16626       43353
Swap:         24191           0       24191
Total:        72306        1411       54268

              total        used        free      shared  buff/cache   available
Mem:          48114        1407       30080        2481       16626       43357
Swap:         24191           0       24191
Total:        72306        1407       54272

              total        used        free      shared  buff/cache   available
Mem:          48114        1407       30080        2481       16626       43357
Swap:         24191           0       24191
Total:        72306        1407       54272

              total        used        free      shared  buff/cache   available
Mem:          48114        1408       30079        2481       16626       43356
Swap:         24191           0       24191
Total:        72306        1408       54271

              total        used        free      shared  buff/cache   available
Mem:          48114        1406       30080        2481       16626       43357
Swap:         24191           0       24191
Total:        72306        1407       54272

              total        used        free      shared  buff/cache   available
Mem:          48114        1408       30079        2481       16626       43356
Swap:         24191           0       24191
Total:        72306        1408       54271

              total        used        free      shared  buff/cache   available
Mem:          48114        1407       30079        2481       16626       43357
Swap:         24191           0       24191
Total:        72306        1407       54271

              total        used        free      shared  buff/cache   available
Mem:          48114        1408       30078        2481       16627       43356
Swap:         24191           0       24191
Total:        72306        1408       54270

              total        used        free      shared  buff/cache   available
Mem:          48114        1407       30080        2481       16627       43357
Swap:         24191           0       24191
Total:        72306        1407       54272

              total        used        free      shared  buff/cache   available
Mem:          48114        1409       30077        2481       16627       43355
Swap:         24191           0       24191
Total:        72306        1409       54269

              total        used        free      shared  buff/cache   available
Mem:          48114        1409       30077        2481       16627       43355
Swap:         24191           0       24191
Total:        72306        1409       54269

              total        used        free      shared  buff/cache   available
Mem:          48114        1409       30077        2481       16627       43355
Swap:         24191           0       24191
Total:        72306        1409       54269

              total        used        free      shared  buff/cache   available
Mem:          48114        1406       30079        2481       16627       43357
Swap:         24191           0       24191
Total:        72306        1407       54271

              total        used        free      shared  buff/cache   available
Mem:          48114        1410       30076        2481       16627       43354
Swap:         24191           0       24191
Total:        72306        1410       54268

              total        used        free      shared  buff/cache   available
Mem:          48114        1408       30078        2481       16627       43356
Swap:         24191           0       24191
Total:        72306        1408       54270

              total        used        free      shared  buff/cache   available
Mem:          48114        1409       30076        2481       16627       43355
Swap:         24191           0       24191
Total:        72306        1409       54268

              total        used        free      shared  buff/cache   available
Mem:          48114        1410       30075        2481       16628       43354
Swap:         24191           0       24191
Total:        72306        1410       54267

              total        used        free      shared  buff/cache   available
Mem:          48114        1408       30078        2481       16628       43356
Swap:         24191           0       24191
Total:        72306        1408       54270

              total        used        free      shared  buff/cache   available
Mem:          48114        1407       30078        2481       16628       43357
Swap:         24191           0       24191
Total:        72306        1407       54270

              total        used        free      shared  buff/cache   available
Mem:          48114        1407       30078        2481       16628       43357
Swap:         24191           0       24191
Total:        72306        1407       54270

              total        used        free      shared  buff/cache   available
Mem:          48114        1407       30078        2481       16628       43357
Swap:         24191           0       24191
Total:        72306        1407       54270

              total        used        free      shared  buff/cache   available
Mem:          48114        1408       30077        2481       16628       43355
Swap:         24191           0       24191
Total:        72306        1408       54268

              total        used        free      shared  buff/cache   available
Mem:          48114        1408       30077        2481       16628       43356
Swap:         24191           0       24191
Total:        72306        1408       54269

              total        used        free      shared  buff/cache   available
Mem:          48114        1407       30078        2481       16628       43357
Swap:         24191           0       24191
Total:        72306        1407       54270

              total        used        free      shared  buff/cache   available
Mem:          48114        1406       30079        2481       16628       43358
Swap:         24191           0       24191
Total:        72306        1406       54271

              total        used        free      shared  buff/cache   available
Mem:          48114        1409       30076        2481       16628       43355
Swap:         24191           0       24191
Total:        72306        1409       54268

              total        used        free      shared  buff/cache   available
Mem:          48114        1409       30076        2481       16628       43355
Swap:         24191           0       24191
Total:        72306        1409       54268

              total        used        free      shared  buff/cache   available
Mem:          48114        1406       30079        2481       16628       43358
Swap:         24191           0       24191
Total:        72306        1406       54270

              total        used        free      shared  buff/cache   available
Mem:          48114        1406       30078        2481       16628       43358
Swap:         24191           0       24191
Total:        72306        1406       54270

              total        used        free      shared  buff/cache   available
Mem:          48114        1408       30076        2481       16628       43356
Swap:         24191           0       24191
Total:        72306        1408       54268

              total        used        free      shared  buff/cache   available
Mem:          48114        1409       30076        2481       16628       43355
Swap:         24191           0       24191
Total:        72306        1409       54268

              total        used        free      shared  buff/cache   available
Mem:          48114        1409       30075        2481       16628       43355
Swap:         24191           0       24191
Total:        72306        1409       54267

              total        used        free      shared  buff/cache   available
Mem:          48114        1410       30074        2481       16629       43354
Swap:         24191           0       24191
Total:        72306        1410       54266

              total        used        free      shared  buff/cache   available
Mem:          48114        1408       30076        2481       16629       43356
Swap:         24191           0       24191
Total:        72306        1408       54268

              total        used        free      shared  buff/cache   available
Mem:          48114        1408       30076        2481       16629       43356
Swap:         24191           0       24191
Total:        72306        1408       54268

              total        used        free      shared  buff/cache   available
Mem:          48114        1408       30076        2481       16629       43356
Swap:         24191           0       24191
Total:        72306        1408       54268

              total        used        free      shared  buff/cache   available
Mem:          48114        1407       30076        2481       16629       43357
Swap:         24191           0       24191
Total:        72306        1407       54268

              total        used        free      shared  buff/cache   available
Mem:          48114        1408       30075        2481       16629       43356
Swap:         24191           0       24191
Total:        72306        1408       54267

              total        used        free      shared  buff/cache   available
Mem:          48114        1407       30076        2481       16629       43356
Swap:         24191           0       24191
Total:        72306        1408       54268

              total        used        free      shared  buff/cache   available
Mem:          48114        1407       30076        2481       16629       43356
Swap:         24191           0       24191
Total:        72306        1408       54268

              total        used        free      shared  buff/cache   available
Mem:          48114        1406       30077        2481       16629       43357
Swap:         24191           0       24191
Total:        72306        1407       54269

              total        used        free      shared  buff/cache   available
Mem:          48114        1407       30076        2481       16629       43357
Swap:         24191           0       24191
Total:        72306        1407       54268

              total        used        free      shared  buff/cache   available
Mem:          48114        1410       30073        2481       16630       43354
Swap:         24191           0       24191
Total:        72306        1410       54265

              total        used        free      shared  buff/cache   available
Mem:          48114        1410       30073        2481       16630       43354
Swap:         24191           0       24191
Total:        72306        1410       54265

              total        used        free      shared  buff/cache   available
Mem:          48114        1410       30073        2481       16630       43353
Swap:         24191           0       24191
Total:        72306        1410       54264

              total        used        free      shared  buff/cache   available
Mem:          48114        1410       30073        2481       16630       43354
Swap:         24191           0       24191
Total:        72306        1410       54265

              total        used        free      shared  buff/cache   available
Mem:          48114        1410       30073        2481       16630       43354
Swap:         24191           0       24191
Total:        72306        1410       54265

              total        used        free      shared  buff/cache   available
Mem:          48114        1410       30072        2481       16630       43353
Swap:         24191           0       24191
Total:        72306        1410       54264

              total        used        free      shared  buff/cache   available
Mem:          48114        1409       30073        2481       16630       43354
Swap:         24191           0       24191
Total:        72306        1409       54265

              total        used        free      shared  buff/cache   available
Mem:          48114        1409       30074        2481       16630       43355
Swap:         24191           0       24191
Total:        72306        1409       54265

              total        used        free      shared  buff/cache   available
Mem:          48114        1409       30073        2481       16630       43355
Swap:         24191           0       24191
Total:        72306        1409       54265

              total        used        free      shared  buff/cache   available
Mem:          48114        1409       30073        2481       16630       43354
Swap:         24191           0       24191
Total:        72306        1410       54265

              total        used        free      shared  buff/cache   available
Mem:          48114        1410       30072        2481       16631       43354
Swap:         24191           0       24191
Total:        72306        1410       54264

              total        used        free      shared  buff/cache   available
Mem:          48114        1412       30070        2481       16631       43352
Swap:         24191           0       24191
Total:        72306        1412       54262

              total        used        free      shared  buff/cache   available
Mem:          48114        1411       30071        2481       16631       43353
Swap:         24191           0       24191
Total:        72306        1411       54263

              total        used        free      shared  buff/cache   available
Mem:          48114        1412       30070        2481       16631       43352
Swap:         24191           0       24191
Total:        72306        1412       54262

              total        used        free      shared  buff/cache   available
Mem:          48114        1412       30070        2481       16631       43352
Swap:         24191           0       24191
Total:        72306        1412       54262

              total        used        free      shared  buff/cache   available
Mem:          48114        1411       30071        2481       16631       43353
Swap:         24191           0       24191
Total:        72306        1411       54263

              total        used        free      shared  buff/cache   available
Mem:          48114        1410       30072        2481       16631       43354
Swap:         24191           0       24191
Total:        72306        1410       54264

              total        used        free      shared  buff/cache   available
Mem:          48114        1412       30070        2481       16631       43352
Swap:         24191           0       24191
Total:        72306        1412       54262

              total        used        free      shared  buff/cache   available
Mem:          48114        1410       30071        2481       16631       43354
Swap:         24191           0       24191
Total:        72306        1410       54263

              total        used        free      shared  buff/cache   available
Mem:          48114        1411       30071        2481       16631       43353
Swap:         24191           0       24191
Total:        72306        1411       54263

              total        used        free      shared  buff/cache   available
Mem:          48114        1411       30070        2481       16631       43353
Swap:         24191           0       24191
Total:        72306        1411       54262

              total        used        free      shared  buff/cache   available
Mem:          48114        1410       30072        2481       16631       43354
Swap:         24191           0       24191
Total:        72306        1410       54264

              total        used        free      shared  buff/cache   available
Mem:          48114        1410       30072        2481       16631       43354
Swap:         24191           0       24191
Total:        72306        1410       54264

              total        used        free      shared  buff/cache   available
Mem:          48114        1410       30071        2481       16632       43354
Swap:         24191           0       24191
Total:        72306        1410       54263

              total        used        free      shared  buff/cache   available
Mem:          48114        1409       30073        2481       16632       43355
Swap:         24191           0       24191
Total:        72306        1409       54264

              total        used        free      shared  buff/cache   available
Mem:          48114        1410       30071        2481       16632       43354
Swap:         24191           0       24191
Total:        72306        1410       54263

              total        used        free      shared  buff/cache   available
Mem:          48114        1410       30071        2481       16632       43354
Swap:         24191           0       24191
Total:        72306        1410       54263

              total        used        free      shared  buff/cache   available
Mem:          48114        1409       30071        2481       16632       43354
Swap:         24191           0       24191
Total:        72306        1410       54263

              total        used        free      shared  buff/cache   available
Mem:          48114        1409       30072        2481       16632       43355
Swap:         24191           0       24191
Total:        72306        1409       54264

              total        used        free      shared  buff/cache   available
Mem:          48114        1408       30072        2481       16632       43355
Swap:         24191           0       24191
Total:        72306        1409       54264

              total        used        free      shared  buff/cache   available
Mem:          48114        1408       30072        2481       16632       43356
Swap:         24191           0       24191
Total:        72306        1408       54264

              total        used        free      shared  buff/cache   available
Mem:          48114        1410       30070        2481       16632       43354
Swap:         24191           0       24191
Total:        72306        1410       54262

              total        used        free      shared  buff/cache   available
Mem:          48114        1410       30071        2481       16632       43354
Swap:         24191           0       24191
Total:        72306        1410       54262

              total        used        free      shared  buff/cache   available
Mem:          48114        1410       30070        2481       16633       43354
Swap:         24191           0       24191
Total:        72306        1410       54262

              total        used        free      shared  buff/cache   available
Mem:          48114        1410       30070        2481       16633       43354
Swap:         24191           0       24191
Total:        72306        1410       54262

              total        used        free      shared  buff/cache   available
Mem:          48114        1411       30069        2481       16633       43353
Swap:         24191           0       24191
Total:        72306        1411       54261

              total        used        free      shared  buff/cache   available
Mem:          48114        1411       30069        2481       16633       43353
Swap:         24191           0       24191
Total:        72306        1411       54261

              total        used        free      shared  buff/cache   available
Mem:          48114        1410       30070        2481       16633       43354
Swap:         24191           0       24191
Total:        72306        1410       54262

              total        used        free      shared  buff/cache   available
Mem:          48114        1411       30069        2481       16633       43353
Swap:         24191           0       24191
Total:        72306        1411       54261

              total        used        free      shared  buff/cache   available
Mem:          48114        1411       30069        2481       16633       43353
Swap:         24191           0       24191
Total:        72306        1411       54261

              total        used        free      shared  buff/cache   available
Mem:          48114        1412       30068        2481       16633       43352
Swap:         24191           0       24191
Total:        72306        1412       54260
