08:31:44 PM      eth0     42.00     41.00     11.39     11.20      0.00      0.00      0.00
08:31:45 PM      eth0  42229.00 447716.00   4784.99 661847.79      0.00      0.00      0.00
08:31:46 PM      eth0  18850.00 575474.00   2135.60 850730.58      0.00      0.00      0.00
08:31:47 PM      eth0  16774.00 598461.00   1899.96 884716.94      0.00      0.00      0.00
08:31:48 PM      eth0  21021.00 767156.00   2381.34 1134067.85      0.00      0.00      0.00
08:31:49 PM      eth0  22006.00 811983.00   2492.76 1200327.33      0.00      0.00      0.00
08:31:50 PM      eth0  18252.00 615262.00   2100.80 909574.54      0.00      0.00      0.00
08:31:51 PM      eth0  16599.00 589242.00   1880.08 871072.55      0.00      0.00      0.00
08:31:52 PM      eth0  19272.00 697402.00   2184.19 1030957.10      0.00      0.00      0.00
08:31:53 PM      eth0  17012.00 574963.00   1959.84 849976.58      0.00      0.00      0.00
08:31:54 PM      eth0  17369.00 629166.00   1968.38 930088.76      0.00      0.00      0.00
08:31:55 PM      eth0  17042.00 608245.00   1930.54 899163.33      0.00      0.00      0.00
08:31:56 PM      eth0  18526.00 617901.00   2126.28 913559.71      0.00      0.00      0.00
08:31:57 PM      eth0  16520.00 593145.00   1871.13 876954.02      0.00      0.00      0.00
08:31:58 PM      eth0  16946.00 603582.00   1919.45 892306.57      0.00      0.00      0.00
08:31:59 PM      eth0  16587.00 583013.00   1878.80 861863.99      0.00      0.00      0.00
08:32:00 PM      eth0  16769.00 596531.00   1899.45 881858.57      0.00      0.00      0.00
08:32:01 PM      eth0  16386.00 574415.00   1856.01 849153.99      0.00      0.00      0.00
08:32:02 PM      eth0  16612.00 585190.00   1881.61 865086.40      0.00      0.00      0.00
08:32:03 PM      eth0  16816.00 597841.00   1904.61 883800.78      0.00      0.00      0.00
08:32:04 PM      eth0  17054.00 612494.00   1932.64 905444.07      0.00      0.00      0.00
08:32:05 PM      eth0  21119.00 770446.00   2401.97 1138888.48      0.00      0.00      0.00
08:32:06 PM      eth0  21067.00 776500.00   2386.28 1147885.84      0.00      0.00      0.00
08:32:07 PM      eth0  16233.00 573494.00   1838.62 847812.20      0.00      0.00      0.00
08:32:08 PM      eth0  18149.00 705046.00   2055.89 1042246.95      0.00      0.00      0.00
08:32:09 PM      eth0  16039.00 576688.00   1816.70 852522.44      0.00      0.00      0.00
08:32:10 PM      eth0  18114.00 689783.00   2051.76 1019680.66      0.00      0.00      0.00
08:32:11 PM      eth0  17106.00 609088.00   1938.09 900419.76      0.00      0.00      0.00
08:32:12 PM      eth0  16333.00 577276.00   1850.33 853392.19      0.00      0.00      0.00
08:32:13 PM      eth0  19504.00 721381.00   2209.11 1066379.03      0.00      0.00      0.00
08:32:14 PM      eth0  21212.00 775790.00   2403.61 1146757.97      0.00      0.00      0.00
08:32:15 PM      eth0  16281.00 577187.00   1844.17 853280.07      0.00      0.00      0.00
08:32:16 PM      eth0  16839.00 590905.00   1907.60 873519.37      0.00      0.00      0.00
08:32:17 PM      eth0  15719.00 540971.00   1780.50 799710.92      0.00      0.00      0.00
08:32:18 PM      eth0  16119.00 559401.00   1826.22 826966.39      0.00      0.00      0.00
08:32:19 PM      eth0  18359.00 662989.00   2079.51 980076.88      0.00      0.00      0.00
08:32:20 PM      eth0  21177.00 777579.00   2398.63 1149461.05      0.00      0.00      0.00
08:32:21 PM      eth0  16297.00 574156.00   1845.87 848772.20      0.00      0.00      0.00
08:32:22 PM      eth0  16146.00 578055.00   1828.77 854540.32      0.00      0.00      0.00
08:32:23 PM      eth0  16396.00 599923.00   1857.31 886859.42      0.00      0.00      0.00
08:32:24 PM      eth0  21906.93 753854.46   2510.63 1114526.97      0.00      0.00      0.00
08:32:25 PM      eth0  16581.00 584759.00   1878.26 864467.35      0.00      0.00      0.00
08:32:26 PM      eth0  16601.00 589880.00   1880.25 872020.42      0.00      0.00      0.00
08:32:27 PM      eth0  16409.00 573369.00   1858.56 847618.12      0.00      0.00      0.00
08:32:28 PM      eth0  16358.00 575598.00   1852.78 850912.85      0.00      0.00      0.00
08:32:29 PM      eth0  16232.00 572657.00   1838.52 846557.57      0.00      0.00      0.00
08:32:30 PM      eth0  21109.00 766627.00   2391.15 1133235.31      0.00      0.00      0.00
08:32:31 PM      eth0  16068.00 561398.00   1819.93 829929.17      0.00      0.00      0.00
08:32:32 PM      eth0  16324.00 573894.00   1849.15 848400.73      0.00      0.00      0.00
08:32:33 PM      eth0  22012.00 811786.00   2493.27 1200041.60      0.00      0.00      0.00
08:32:34 PM      eth0  21376.00 773972.00   2422.46 1144131.80      0.00      0.00      0.00
08:32:35 PM      eth0  16006.00 558249.00   1812.80 825267.87      0.00      0.00      0.00
08:32:36 PM      eth0  16107.00 564595.00   1824.29 834645.25      0.00      0.00      0.00
08:32:37 PM      eth0  15869.00 551595.00   1797.61 815438.34      0.00      0.00      0.00
08:32:38 PM      eth0  16130.00 560171.00   1827.23 828111.23      0.00      0.00      0.00
08:32:39 PM      eth0  21668.00 807888.00   2454.36 1194247.71      0.00      0.00      0.00
08:32:40 PM      eth0  21346.00 772053.00   2417.91 1141280.30      0.00      0.00      0.00
08:32:41 PM      eth0  16033.00 558422.00   1816.46 825511.80      0.00      0.00      0.00
08:32:42 PM      eth0  19848.00 673041.00   2293.39 994935.07      0.00      0.00      0.00
08:32:43 PM      eth0  16438.00 573892.00   1861.79 848433.78      0.00      0.00      0.00
08:32:44 PM      eth0  15844.00 569658.00   1795.63 842116.97      0.00      0.00      0.00
08:32:45 PM      eth0  19180.00 702610.00   2172.52 1038676.69      0.00      0.00      0.00
08:32:46 PM      eth0  20798.00 784952.00   2356.08 1160384.54      0.00      0.00      0.00
08:32:47 PM      eth0  16277.00 570619.00   1843.66 843559.10      0.00      0.00      0.00
08:32:48 PM      eth0  21159.00 784724.00   2396.92 1159963.90      0.00      0.00      0.00
08:32:49 PM      eth0  21998.00 811617.00   2491.69 1199735.68      0.00      0.00      0.00
08:32:50 PM      eth0  21332.00 775389.00   2416.76 1146182.29      0.00      0.00      0.00
08:32:51 PM      eth0  15973.00 557351.00   1809.22 823942.56      0.00      0.00      0.00
08:32:52 PM      eth0  17170.00 554625.00   1972.65 819992.18      0.00      0.00      0.00
08:32:53 PM      eth0  18529.00 659353.00   2100.08 974814.43      0.00      0.00      0.00
08:32:54 PM      eth0  16489.00 575838.00   1868.58 851268.95      0.00      0.00      0.00
08:32:55 PM      eth0  17952.00 648753.00   2033.41 959112.01      0.00      0.00      0.00
08:32:56 PM      eth0  22535.00 723037.00   2601.56 1069013.15      0.00      0.00      0.00
08:32:57 PM      eth0  16285.00 573681.00   1844.62 848196.32      0.00      0.00      0.00
08:32:58 PM      eth0  16287.00 578897.00   1844.68 855907.35      0.00      0.00      0.00
08:32:59 PM      eth0  18828.00 626395.00   2165.43 926123.10      0.00      0.00      0.00
08:33:00 PM      eth0  16246.00 571921.00   1840.09 845594.13      0.00      0.00      0.00
08:33:01 PM      eth0  16467.00 587878.00   1865.46 869186.81      0.00      0.00      0.00
08:33:02 PM      eth0  16369.00 587422.00   1854.14 868512.61      0.00      0.00      0.00
08:33:03 PM      eth0  18686.00 635011.00   2127.35 938873.36      0.00      0.00      0.00
08:33:04 PM      eth0  17099.00 606381.00   1937.74 896530.42      0.00      0.00      0.00
08:33:05 PM      eth0  16201.00 565296.00   1835.05 835798.97      0.00      0.00      0.00
08:33:06 PM      eth0  17003.00 604487.00   1925.79 893742.04      0.00      0.00      0.00
08:33:07 PM      eth0  19231.00 691881.00   2188.10 1022907.61      0.00      0.00      0.00
08:33:08 PM      eth0  15882.00 552553.00   1798.89 816956.86      0.00      0.00      0.00
08:33:09 PM      eth0  15932.00 553288.00   1804.63 818044.95      0.00      0.00      0.00
08:33:10 PM      eth0  16547.00 578704.00   1874.25 855622.57      0.00      0.00      0.00
08:33:11 PM      eth0  15820.00 549364.00   1791.89 812241.14      0.00      0.00      0.00
08:33:12 PM      eth0  20520.00 705780.00   2352.67 1043504.75      0.00      0.00      0.00
08:33:13 PM      eth0  15913.00 554299.00   1802.37 819539.73      0.00      0.00      0.00
08:33:14 PM      eth0  17744.00 633064.00   2011.02 935981.66      0.00      0.00      0.00
08:33:15 PM      eth0  17519.00 638978.00   1985.28 944738.96      0.00      0.00      0.00
08:33:16 PM      eth0  16318.00 573569.00   1848.25 848030.73      0.00      0.00      0.00
08:33:17 PM      eth0  17134.00 560994.00   1954.20 829437.93      0.00      0.00      0.00
08:33:18 PM      eth0  18733.00 677228.00   2122.10 1001289.36      0.00      0.00      0.00
08:33:19 PM      eth0  19694.00 726920.00   2230.80 1074762.39      0.00      0.00      0.00
08:33:20 PM      eth0  19187.00 697600.00   2173.36 1031409.03      0.00      0.00      0.00
08:33:21 PM      eth0  16846.00 611653.00   1910.35 904314.73      0.00      0.00      0.00
08:33:22 PM      eth0  16672.00 600163.00   1888.81 887335.73      0.00      0.00      0.00
08:33:23 PM      eth0  16821.00 600224.00   1905.18 887418.72      0.00      0.00      0.00
08:33:24 PM      eth0  16604.00 589688.00   1881.99 871782.89      0.00      0.00      0.00
08:33:25 PM      eth0  21186.00 794332.00   2399.81 1174420.97      0.00      0.00      0.00
08:33:26 PM      eth0  20245.00 686807.00   2326.86 1015452.29      0.00      0.00      0.00
08:33:27 PM      eth0  16834.00 605682.00   1906.70 895510.30      0.00      0.00      0.00
08:33:28 PM      eth0  19894.00 742760.00   2253.40 1098181.11      0.00      0.00      0.00
08:33:29 PM      eth0  16034.00 555277.00   1816.04 820952.17      0.00      0.00      0.00
08:33:30 PM      eth0  19986.00 728223.00   2263.77 1076671.49      0.00      0.00      0.00
08:33:31 PM      eth0  19913.00 681458.00   2283.35 1007520.86      0.00      0.00      0.00
08:33:32 PM      eth0  17091.00 574356.00   1946.38 849192.88      0.00      0.00      0.00
08:33:33 PM      eth0  16188.00 570584.00   1833.47 843617.36      0.00      0.00      0.00
08:33:34 PM      eth0  17894.00 660248.00   2027.79 976173.62      0.00      0.00      0.00
08:33:35 PM      eth0  16405.00 593954.00   1858.03 878168.88      0.00      0.00      0.00
08:33:36 PM      eth0  15854.00 561244.00   1795.69 829808.02      0.00      0.00      0.00
08:33:37 PM      eth0  15918.00 559497.00   1802.94 827225.06      0.00      0.00      0.00
08:33:38 PM      eth0  18476.00 637791.00   2103.32 942982.65      0.00      0.00      0.00
08:33:39 PM      eth0  16602.00 597819.00   1880.37 883884.73      0.00      0.00      0.00
08:33:40 PM      eth0  17022.00 605038.00   1927.95 894558.14      0.00      0.00      0.00
08:33:41 PM      eth0  16701.00 595886.00   1891.69 881026.76      0.00      0.00      0.00
08:33:42 PM      eth0  17508.00 627555.00   1998.25 927772.95      0.00      0.00      0.00
08:33:43 PM      eth0  16692.00 593677.00   1890.56 877759.28      0.00      0.00      0.00
08:33:44 PM      eth0  17590.00 639086.00   1993.19 944885.28      0.00      0.00      0.00
08:33:45 PM      eth0   3292.00 113552.00    374.84 167870.08      0.00      0.00      0.00
