vhost-25805 11.3
vhost-25805 11.3
vhost-25805 11.3
vhost-25805 13.0
vhost-25805 13.0
vhost-25805 13.0
vhost-25805 13.0
vhost-25805 13.0
vhost-25805 13.2
vhost-25805 13.2
vhost-25805 13.2
vhost-25805 13.2
vhost-25805 13.2
vhost-25805 13.5
vhost-25805 13.5
vhost-25805 14.8
vhost-25805 14.8
vhost-25805 15.1
vhost-25805 15.1
vhost-25805 15.1
vhost-25805 15.1
vhost-25805 15.1
vhost-25805 15.1
vhost-25805 15.1
vhost-25805 15.1
vhost-25805 15.1
vhost-25805 15.1
vhost-25805 15.4
vhost-25805 15.4
vhost-25805 15.4
vhost-25805 15.4
vhost-25805 15.4
vhost-25805 16.7
vhost-25805 16.7
vhost-25805 16.7
vhost-25805 17.0
vhost-25805 17.0
vhost-25805 17.0
vhost-25805 17.0
vhost-25805 17.0
vhost-25805 17.0
vhost-25805 17.0
vhost-25805 17.0
vhost-25805 17.0
vhost-25805 17.0
vhost-25805 17.0
vhost-25805 17.0
vhost-25805 17.0
vhost-25805 17.0
vhost-25805 17.0
vhost-25805 17.0
vhost-25805 17.0
vhost-25805 17.0
vhost-25805 17.0
vhost-25805 17.0
vhost-25805 17.0
vhost-25805 17.3
vhost-25805 17.3
vhost-25805 17.3
vhost-25805 17.3
vhost-25805 17.3
vhost-25805 17.3
vhost-25805 18.5
vhost-25805 18.5
vhost-25805 18.5
vhost-25805 18.9
vhost-25805 18.9
vhost-25805 18.9
vhost-25805 18.9
vhost-25805 18.9
vhost-25805 18.9
vhost-25805 18.9
vhost-25805 18.9
vhost-25805 18.9
vhost-25805 18.9
vhost-25805 18.9
vhost-25805 18.9
vhost-25805 18.9
vhost-25805 18.9
vhost-25805 18.9
vhost-25805 18.9
vhost-25805 18.9
vhost-25805 18.9
vhost-25805 18.9
vhost-25805 18.9
vhost-25805 18.9
vhost-25805 19.2
vhost-25805 19.2
vhost-25805 19.2
vhost-25805 20.0
vhost-25805 20.4
vhost-25805 20.8
vhost-25805 20.8
vhost-25805 20.8
vhost-25805 20.8
vhost-25805 20.8
vhost-25805 20.8
vhost-25805 20.8
vhost-25805 20.8
vhost-25805 20.8
vhost-25805 20.8
vhost-25805 20.8
vhost-25805 20.8
vhost-25805 20.8
vhost-25805 20.8
vhost-25805 20.8
vhost-25805 20.8
vhost-25805 20.8
vhost-25805 20.8
vhost-25805 20.8
vhost-25805 21.2
vhost-25805 21.2
vhost-25805 21.2
vhost-25805 21.2
vhost-25805 22.2
vhost-25805 22.6
vhost-25805 22.6
vhost-25805 22.6
vhost-25805 22.6
vhost-25805 22.6
vhost-25805 22.6
vhost-25805 22.6
vhost-25805 22.6
vhost-25805 22.6
vhost-25805 22.6
vhost-25805 22.6
vhost-25805 22.6
vhost-25805 22.6
vhost-25805 22.6
vhost-25805 23.1
vhost-25805 23.1
vhost-25805 24.1
vhost-25805 24.5
vhost-25805 24.5
vhost-25805 24.5
vhost-25805 24.5
vhost-25805 24.5
vhost-25805 24.5
vhost-25805 24.5
vhost-25805 24.5
vhost-25805 24.5
vhost-25805 25.9
vhost-25805 26.4
vhost-25805 26.4
vhost-25805 39.6
vhost-25805 9.4
vhost-25805 9.6
