vhost-24318 11.3
vhost-24318 11.3
vhost-24318 11.3
vhost-24318 11.3
vhost-24318 13.0
vhost-24318 13.2
vhost-24318 13.2
vhost-24318 13.2
vhost-24318 13.2
vhost-24318 13.2
vhost-24318 13.2
vhost-24318 14.8
vhost-24318 14.8
vhost-24318 14.8
vhost-24318 14.8
vhost-24318 14.8
vhost-24318 14.8
vhost-24318 15.1
vhost-24318 15.1
vhost-24318 15.1
vhost-24318 15.1
vhost-24318 15.1
vhost-24318 15.1
vhost-24318 15.1
vhost-24318 15.1
vhost-24318 15.1
vhost-24318 15.1
vhost-24318 15.1
vhost-24318 15.1
vhost-24318 15.1
vhost-24318 15.1
vhost-24318 15.1
vhost-24318 15.1
vhost-24318 15.1
vhost-24318 15.1
vhost-24318 15.4
vhost-24318 15.4
vhost-24318 15.4
vhost-24318 15.4
vhost-24318 15.4
vhost-24318 16.7
vhost-24318 16.7
vhost-24318 17.0
vhost-24318 17.0
vhost-24318 17.0
vhost-24318 17.0
vhost-24318 17.0
vhost-24318 17.0
vhost-24318 17.0
vhost-24318 17.0
vhost-24318 17.0
vhost-24318 17.0
vhost-24318 17.0
vhost-24318 17.0
vhost-24318 17.0
vhost-24318 17.0
vhost-24318 17.0
vhost-24318 17.0
vhost-24318 17.0
vhost-24318 17.0
vhost-24318 17.0
vhost-24318 17.0
vhost-24318 17.0
vhost-24318 17.0
vhost-24318 17.0
vhost-24318 17.0
vhost-24318 17.0
vhost-24318 17.0
vhost-24318 17.3
vhost-24318 17.3
vhost-24318 17.3
vhost-24318 17.3
vhost-24318 17.3
vhost-24318 17.3
vhost-24318 18.5
vhost-24318 18.5
vhost-24318 18.9
vhost-24318 18.9
vhost-24318 18.9
vhost-24318 18.9
vhost-24318 18.9
vhost-24318 18.9
vhost-24318 18.9
vhost-24318 18.9
vhost-24318 18.9
vhost-24318 18.9
vhost-24318 18.9
vhost-24318 18.9
vhost-24318 18.9
vhost-24318 18.9
vhost-24318 18.9
vhost-24318 18.9
vhost-24318 18.9
vhost-24318 18.9
vhost-24318 18.9
vhost-24318 18.9
vhost-24318 19.2
vhost-24318 19.2
vhost-24318 19.2
vhost-24318 19.2
vhost-24318 19.2
vhost-24318 19.2
vhost-24318 20.4
vhost-24318 20.4
vhost-24318 20.8
vhost-24318 20.8
vhost-24318 20.8
vhost-24318 20.8
vhost-24318 20.8
vhost-24318 20.8
vhost-24318 20.8
vhost-24318 20.8
vhost-24318 20.8
vhost-24318 20.8
vhost-24318 20.8
vhost-24318 20.8
vhost-24318 20.8
vhost-24318 20.8
vhost-24318 20.8
vhost-24318 20.8
vhost-24318 21.2
vhost-24318 21.2
vhost-24318 21.2
vhost-24318 22.2
vhost-24318 22.2
vhost-24318 22.2
vhost-24318 22.2
vhost-24318 22.2
vhost-24318 22.6
vhost-24318 22.6
vhost-24318 22.6
vhost-24318 22.6
vhost-24318 22.6
vhost-24318 22.6
vhost-24318 22.6
vhost-24318 22.6
vhost-24318 22.6
vhost-24318 22.6
vhost-24318 22.6
vhost-24318 23.1
vhost-24318 23.1
vhost-24318 23.1
vhost-24318 23.1
vhost-24318 23.1
vhost-24318 23.1
vhost-24318 23.1
vhost-24318 23.1
vhost-24318 24.1
vhost-24318 24.1
vhost-24318 24.1
vhost-24318 24.5
vhost-24318 24.5
vhost-24318 24.5
vhost-24318 24.5
vhost-24318 24.5
vhost-24318 24.5
vhost-24318 25.0
vhost-24318 25.9
vhost-24318 26.4
vhost-24318 26.4
vhost-24318 26.4
vhost-24318 26.4
vhost-24318 28.3
vhost-24318 28.3
vhost-24318 28.8
vhost-24318 30.2
vhost-24318 30.8
vhost-24318 32.1
vhost-24318 69.8
vhost-24318 9.4
vhost-24318 9.6
