vhost-30411 11.1
vhost-30411 11.3
vhost-30411 11.3
vhost-30411 11.3
vhost-30411 11.3
vhost-30411 11.3
vhost-30411 11.3
vhost-30411 11.5
vhost-30411 13.0
vhost-30411 13.0
vhost-30411 13.0
vhost-30411 13.2
vhost-30411 13.2
vhost-30411 13.2
vhost-30411 13.2
vhost-30411 13.2
vhost-30411 13.2
vhost-30411 13.2
vhost-30411 13.2
vhost-30411 13.2
vhost-30411 13.2
vhost-30411 13.2
vhost-30411 13.2
vhost-30411 13.2
vhost-30411 13.2
vhost-30411 13.2
vhost-30411 13.2
vhost-30411 13.5
vhost-30411 13.5
vhost-30411 13.5
vhost-30411 13.5
vhost-30411 14.8
vhost-30411 14.8
vhost-30411 15.1
vhost-30411 15.1
vhost-30411 15.1
vhost-30411 15.1
vhost-30411 15.1
vhost-30411 15.1
vhost-30411 15.1
vhost-30411 15.1
vhost-30411 15.1
vhost-30411 15.1
vhost-30411 15.1
vhost-30411 15.1
vhost-30411 15.1
vhost-30411 15.1
vhost-30411 15.1
vhost-30411 15.1
vhost-30411 15.4
vhost-30411 15.4
vhost-30411 15.4
vhost-30411 15.4
vhost-30411 15.4
vhost-30411 15.4
vhost-30411 15.4
vhost-30411 15.4
vhost-30411 15.4
vhost-30411 16.7
vhost-30411 16.7
vhost-30411 16.7
vhost-30411 16.7
vhost-30411 16.7
vhost-30411 17.0
vhost-30411 17.0
vhost-30411 17.0
vhost-30411 17.0
vhost-30411 17.0
vhost-30411 17.0
vhost-30411 17.0
vhost-30411 17.0
vhost-30411 17.0
vhost-30411 17.0
vhost-30411 17.0
vhost-30411 17.0
vhost-30411 17.0
vhost-30411 17.0
vhost-30411 17.0
vhost-30411 17.0
vhost-30411 17.0
vhost-30411 17.0
vhost-30411 17.0
vhost-30411 17.3
vhost-30411 17.3
vhost-30411 17.3
vhost-30411 17.3
vhost-30411 17.3
vhost-30411 18.5
vhost-30411 18.5
vhost-30411 18.9
vhost-30411 18.9
vhost-30411 18.9
vhost-30411 18.9
vhost-30411 18.9
vhost-30411 18.9
vhost-30411 18.9
vhost-30411 18.9
vhost-30411 18.9
vhost-30411 18.9
vhost-30411 18.9
vhost-30411 18.9
vhost-30411 19.2
vhost-30411 19.2
vhost-30411 19.2
vhost-30411 19.2
vhost-30411 20.4
vhost-30411 20.4
vhost-30411 20.8
vhost-30411 20.8
vhost-30411 20.8
vhost-30411 20.8
vhost-30411 20.8
vhost-30411 20.8
vhost-30411 20.8
vhost-30411 20.8
vhost-30411 21.2
vhost-30411 22.6
vhost-30411 22.6
vhost-30411 22.6
vhost-30411 22.6
vhost-30411 22.6
vhost-30411 23.1
vhost-30411 25.0
vhost-30411 25.0
vhost-30411 26.4
vhost-30411 54.7
vhost-30411 9.4
vhost-30411 9.4
