vhost-24557 13.2
vhost-24557 13.2
vhost-24557 13.2
vhost-24557 13.5
vhost-24557 14.8
vhost-24557 14.8
vhost-24557 15.1
vhost-24557 15.1
vhost-24557 15.1
vhost-24557 15.1
vhost-24557 15.1
vhost-24557 15.1
vhost-24557 15.1
vhost-24557 15.1
vhost-24557 15.1
vhost-24557 15.1
vhost-24557 15.1
vhost-24557 15.1
vhost-24557 15.1
vhost-24557 15.1
vhost-24557 15.1
vhost-24557 15.1
vhost-24557 15.1
vhost-24557 15.1
vhost-24557 15.4
vhost-24557 15.4
vhost-24557 15.4
vhost-24557 15.4
vhost-24557 15.4
vhost-24557 15.4
vhost-24557 16.7
vhost-24557 16.7
vhost-24557 17.0
vhost-24557 17.0
vhost-24557 17.0
vhost-24557 17.0
vhost-24557 17.0
vhost-24557 17.0
vhost-24557 17.0
vhost-24557 17.0
vhost-24557 17.0
vhost-24557 17.0
vhost-24557 17.0
vhost-24557 17.0
vhost-24557 17.0
vhost-24557 17.0
vhost-24557 17.0
vhost-24557 17.0
vhost-24557 17.0
vhost-24557 17.0
vhost-24557 17.0
vhost-24557 17.0
vhost-24557 17.3
vhost-24557 17.3
vhost-24557 17.3
vhost-24557 17.3
vhost-24557 18.5
vhost-24557 18.5
vhost-24557 18.5
vhost-24557 18.5
vhost-24557 18.5
vhost-24557 18.5
vhost-24557 18.9
vhost-24557 18.9
vhost-24557 18.9
vhost-24557 18.9
vhost-24557 18.9
vhost-24557 18.9
vhost-24557 18.9
vhost-24557 18.9
vhost-24557 18.9
vhost-24557 18.9
vhost-24557 18.9
vhost-24557 18.9
vhost-24557 18.9
vhost-24557 18.9
vhost-24557 18.9
vhost-24557 18.9
vhost-24557 18.9
vhost-24557 18.9
vhost-24557 18.9
vhost-24557 18.9
vhost-24557 18.9
vhost-24557 18.9
vhost-24557 18.9
vhost-24557 18.9
vhost-24557 18.9
vhost-24557 18.9
vhost-24557 18.9
vhost-24557 18.9
vhost-24557 19.2
vhost-24557 19.2
vhost-24557 19.2
vhost-24557 19.2
vhost-24557 19.2
vhost-24557 20.4
vhost-24557 20.4
vhost-24557 20.4
vhost-24557 20.4
vhost-24557 20.8
vhost-24557 20.8
vhost-24557 20.8
vhost-24557 20.8
vhost-24557 20.8
vhost-24557 20.8
vhost-24557 20.8
vhost-24557 20.8
vhost-24557 20.8
vhost-24557 21.2
vhost-24557 21.2
vhost-24557 22.2
vhost-24557 22.6
vhost-24557 22.6
vhost-24557 22.6
vhost-24557 22.6
vhost-24557 22.6
vhost-24557 22.6
vhost-24557 22.6
vhost-24557 22.6
vhost-24557 22.6
vhost-24557 23.1
vhost-24557 23.1
vhost-24557 24.1
vhost-24557 26.4
vhost-24557 26.9
vhost-24557 29.6
vhost-24557 30.2
vhost-24557 32.1
vhost-24557 33.3
vhost-24557 34.0
vhost-24557 43.4
vhost-24557 9.4
vhost-24557 9.4
