vhost-31806 11.3
vhost-31806 11.3
vhost-31806 11.3
vhost-31806 11.3
vhost-31806 11.3
vhost-31806 11.3
vhost-31806 11.3
vhost-31806 11.3
vhost-31806 11.5
vhost-31806 13.0
vhost-31806 13.2
vhost-31806 13.2
vhost-31806 13.2
vhost-31806 13.2
vhost-31806 13.2
vhost-31806 13.2
vhost-31806 13.2
vhost-31806 13.2
vhost-31806 13.2
vhost-31806 13.5
vhost-31806 13.5
vhost-31806 13.5
vhost-31806 13.5
vhost-31806 13.5
vhost-31806 13.5
vhost-31806 13.5
vhost-31806 15.1
vhost-31806 15.1
vhost-31806 15.1
vhost-31806 15.1
vhost-31806 15.1
vhost-31806 15.1
vhost-31806 15.1
vhost-31806 15.1
vhost-31806 15.1
vhost-31806 15.1
vhost-31806 15.1
vhost-31806 15.1
vhost-31806 15.1
vhost-31806 15.1
vhost-31806 15.1
vhost-31806 15.1
vhost-31806 15.1
vhost-31806 15.1
vhost-31806 15.1
vhost-31806 15.1
vhost-31806 15.1
vhost-31806 15.1
vhost-31806 15.1
vhost-31806 15.4
vhost-31806 15.4
vhost-31806 15.4
vhost-31806 15.4
vhost-31806 16.7
vhost-31806 16.7
vhost-31806 17.0
vhost-31806 17.0
vhost-31806 17.0
vhost-31806 17.0
vhost-31806 17.0
vhost-31806 17.0
vhost-31806 17.0
vhost-31806 17.0
vhost-31806 17.0
vhost-31806 17.0
vhost-31806 17.0
vhost-31806 17.0
vhost-31806 17.0
vhost-31806 17.0
vhost-31806 17.0
vhost-31806 17.0
vhost-31806 17.3
vhost-31806 17.3
vhost-31806 17.3
vhost-31806 17.3
vhost-31806 17.3
vhost-31806 17.3
vhost-31806 18.5
vhost-31806 18.5
vhost-31806 18.5
vhost-31806 18.5
vhost-31806 18.5
vhost-31806 18.9
vhost-31806 18.9
vhost-31806 18.9
vhost-31806 18.9
vhost-31806 18.9
vhost-31806 18.9
vhost-31806 18.9
vhost-31806 18.9
vhost-31806 18.9
vhost-31806 18.9
vhost-31806 18.9
vhost-31806 18.9
vhost-31806 18.9
vhost-31806 19.2
vhost-31806 19.2
vhost-31806 19.2
vhost-31806 19.2
vhost-31806 19.2
vhost-31806 20.4
vhost-31806 20.4
vhost-31806 20.8
vhost-31806 20.8
vhost-31806 20.8
vhost-31806 20.8
vhost-31806 20.8
vhost-31806 20.8
vhost-31806 20.8
vhost-31806 20.8
vhost-31806 20.8
vhost-31806 21.2
vhost-31806 21.2
vhost-31806 22.2
vhost-31806 22.2
vhost-31806 22.2
vhost-31806 22.6
vhost-31806 22.6
vhost-31806 22.6
vhost-31806 23.1
vhost-31806 24.5
vhost-31806 25.0
vhost-31806 25.9
vhost-31806 26.4
vhost-31806 26.4
vhost-31806 28.8
vhost-31806 30.2
vhost-31806 30.8
vhost-31806 35.8
vhost-31806 9.4
vhost-31806 9.4
