vhost-27884 11.1
vhost-27884 11.1
vhost-27884 11.3
vhost-27884 11.3
vhost-27884 11.3
vhost-27884 11.3
vhost-27884 11.3
vhost-27884 11.3
vhost-27884 11.3
vhost-27884 11.3
vhost-27884 11.3
vhost-27884 11.5
vhost-27884 13.0
vhost-27884 13.0
vhost-27884 13.0
vhost-27884 13.2
vhost-27884 13.2
vhost-27884 13.2
vhost-27884 13.2
vhost-27884 13.2
vhost-27884 13.2
vhost-27884 13.2
vhost-27884 13.2
vhost-27884 13.2
vhost-27884 13.5
vhost-27884 13.5
vhost-27884 13.5
vhost-27884 13.5
vhost-27884 13.5
vhost-27884 13.5
vhost-27884 13.5
vhost-27884 14.8
vhost-27884 15.1
vhost-27884 15.1
vhost-27884 15.1
vhost-27884 15.1
vhost-27884 15.1
vhost-27884 15.1
vhost-27884 15.1
vhost-27884 15.1
vhost-27884 15.1
vhost-27884 15.1
vhost-27884 15.1
vhost-27884 15.1
vhost-27884 15.1
vhost-27884 15.1
vhost-27884 15.1
vhost-27884 15.1
vhost-27884 15.1
vhost-27884 15.1
vhost-27884 15.1
vhost-27884 15.1
vhost-27884 15.4
vhost-27884 15.4
vhost-27884 15.4
vhost-27884 16.7
vhost-27884 17.0
vhost-27884 17.0
vhost-27884 17.0
vhost-27884 17.0
vhost-27884 17.0
vhost-27884 17.0
vhost-27884 17.0
vhost-27884 17.0
vhost-27884 17.0
vhost-27884 17.0
vhost-27884 17.0
vhost-27884 17.0
vhost-27884 17.3
vhost-27884 17.3
vhost-27884 17.3
vhost-27884 18.5
vhost-27884 18.9
vhost-27884 18.9
vhost-27884 18.9
vhost-27884 18.9
vhost-27884 18.9
vhost-27884 18.9
vhost-27884 18.9
vhost-27884 18.9
vhost-27884 18.9
vhost-27884 19.2
vhost-27884 19.2
vhost-27884 19.2
vhost-27884 20.8
vhost-27884 20.8
vhost-27884 20.8
vhost-27884 21.2
vhost-27884 22.2
vhost-27884 22.6
vhost-27884 7.5
vhost-27884 7.5
vhost-27884 7.5
vhost-27884 9.3
vhost-27884 9.4
vhost-27884 9.4
vhost-27884 9.4
vhost-27884 9.4
vhost-27884 9.4
vhost-27884 9.6
