vhost-28869 11.1
vhost-28869 11.3
vhost-28869 11.3
vhost-28869 11.5
vhost-28869 11.5
vhost-28869 13.0
vhost-28869 13.2
vhost-28869 13.2
vhost-28869 13.2
vhost-28869 13.2
vhost-28869 13.5
vhost-28869 13.5
vhost-28869 13.5
vhost-28869 13.5
vhost-28869 13.5
vhost-28869 13.5
vhost-28869 13.5
vhost-28869 14.8
vhost-28869 14.8
vhost-28869 15.1
vhost-28869 15.1
vhost-28869 15.1
vhost-28869 15.1
vhost-28869 15.1
vhost-28869 15.1
vhost-28869 15.1
vhost-28869 15.1
vhost-28869 15.1
vhost-28869 15.1
vhost-28869 15.1
vhost-28869 15.1
vhost-28869 15.1
vhost-28869 15.1
vhost-28869 15.1
vhost-28869 15.1
vhost-28869 15.1
vhost-28869 15.1
vhost-28869 15.4
vhost-28869 15.4
vhost-28869 15.4
vhost-28869 15.4
vhost-28869 16.7
vhost-28869 16.7
vhost-28869 16.7
vhost-28869 16.7
vhost-28869 16.7
vhost-28869 17.0
vhost-28869 17.0
vhost-28869 17.0
vhost-28869 17.0
vhost-28869 17.0
vhost-28869 17.0
vhost-28869 17.0
vhost-28869 17.0
vhost-28869 17.0
vhost-28869 17.0
vhost-28869 17.3
vhost-28869 17.3
vhost-28869 17.3
vhost-28869 17.3
vhost-28869 17.3
vhost-28869 17.3
vhost-28869 17.3
vhost-28869 18.5
vhost-28869 18.5
vhost-28869 18.9
vhost-28869 18.9
vhost-28869 18.9
vhost-28869 18.9
vhost-28869 18.9
vhost-28869 18.9
vhost-28869 18.9
vhost-28869 18.9
vhost-28869 18.9
vhost-28869 18.9
vhost-28869 18.9
vhost-28869 18.9
vhost-28869 18.9
vhost-28869 18.9
vhost-28869 18.9
vhost-28869 18.9
vhost-28869 18.9
vhost-28869 18.9
vhost-28869 18.9
vhost-28869 18.9
vhost-28869 18.9
vhost-28869 18.9
vhost-28869 18.9
vhost-28869 18.9
vhost-28869 18.9
vhost-28869 1.9
vhost-28869 19.2
vhost-28869 19.2
vhost-28869 19.2
vhost-28869 19.2
vhost-28869 19.2
vhost-28869 20.4
vhost-28869 20.4
vhost-28869 20.4
vhost-28869 20.8
vhost-28869 20.8
vhost-28869 20.8
vhost-28869 20.8
vhost-28869 20.8
vhost-28869 20.8
vhost-28869 20.8
vhost-28869 20.8
vhost-28869 20.8
vhost-28869 20.8
vhost-28869 20.8
vhost-28869 20.8
vhost-28869 20.8
vhost-28869 20.8
vhost-28869 20.8
vhost-28869 20.8
vhost-28869 20.8
vhost-28869 20.8
vhost-28869 21.2
vhost-28869 21.2
vhost-28869 21.2
vhost-28869 21.2
vhost-28869 21.2
vhost-28869 22.2
vhost-28869 22.6
vhost-28869 22.6
vhost-28869 22.6
vhost-28869 22.6
vhost-28869 22.6
vhost-28869 22.6
vhost-28869 22.6
vhost-28869 22.6
vhost-28869 22.6
vhost-28869 22.6
vhost-28869 22.6
vhost-28869 22.6
vhost-28869 24.5
vhost-28869 24.5
vhost-28869 24.5
vhost-28869 24.5
vhost-28869 24.5
vhost-28869 24.5
vhost-28869 24.5
vhost-28869 24.5
vhost-28869 24.5
vhost-28869 24.5
vhost-28869 25.0
vhost-28869 25.9
vhost-28869 26.4
vhost-28869 26.4
vhost-28869 26.4
vhost-28869 26.4
vhost-28869 26.4
vhost-28869 26.9
vhost-28869 27.8
vhost-28869 28.3
vhost-28869 28.3
vhost-28869 30.2
vhost-28869 30.8
vhost-28869 33.3
vhost-28869 34.0
vhost-28869 9.4
