vhost-27655 11.3
vhost-27655 11.3
vhost-27655 11.3
vhost-27655 11.3
vhost-27655 11.3
vhost-27655 11.3
vhost-27655 11.5
vhost-27655 13.2
vhost-27655 13.2
vhost-27655 13.2
vhost-27655 13.2
vhost-27655 13.2
vhost-27655 13.2
vhost-27655 13.2
vhost-27655 13.2
vhost-27655 13.2
vhost-27655 13.2
vhost-27655 13.2
vhost-27655 13.2
vhost-27655 13.2
vhost-27655 13.5
vhost-27655 13.5
vhost-27655 13.5
vhost-27655 14.8
vhost-27655 14.8
vhost-27655 14.8
vhost-27655 15.1
vhost-27655 15.1
vhost-27655 15.1
vhost-27655 15.1
vhost-27655 15.1
vhost-27655 15.1
vhost-27655 15.1
vhost-27655 15.1
vhost-27655 15.1
vhost-27655 15.1
vhost-27655 15.1
vhost-27655 15.1
vhost-27655 15.1
vhost-27655 15.1
vhost-27655 15.1
vhost-27655 15.1
vhost-27655 15.1
vhost-27655 16.7
vhost-27655 16.7
vhost-27655 16.7
vhost-27655 17.0
vhost-27655 17.0
vhost-27655 17.0
vhost-27655 17.0
vhost-27655 17.0
vhost-27655 17.0
vhost-27655 17.0
vhost-27655 17.0
vhost-27655 17.0
vhost-27655 17.0
vhost-27655 17.0
vhost-27655 17.0
vhost-27655 17.0
vhost-27655 17.0
vhost-27655 17.0
vhost-27655 17.0
vhost-27655 17.3
vhost-27655 17.3
vhost-27655 18.5
vhost-27655 18.9
vhost-27655 18.9
vhost-27655 18.9
vhost-27655 18.9
vhost-27655 18.9
vhost-27655 18.9
vhost-27655 18.9
vhost-27655 18.9
vhost-27655 18.9
vhost-27655 18.9
vhost-27655 18.9
vhost-27655 18.9
vhost-27655 18.9
vhost-27655 18.9
vhost-27655 18.9
vhost-27655 18.9
vhost-27655 18.9
vhost-27655 18.9
vhost-27655 18.9
vhost-27655 19.2
vhost-27655 19.2
vhost-27655 19.2
vhost-27655 19.2
vhost-27655 20.4
vhost-27655 20.4
vhost-27655 20.4
vhost-27655 20.4
vhost-27655 20.8
vhost-27655 20.8
vhost-27655 20.8
vhost-27655 20.8
vhost-27655 20.8
vhost-27655 20.8
vhost-27655 20.8
vhost-27655 20.8
vhost-27655 21.2
vhost-27655 21.2
vhost-27655 21.2
vhost-27655 21.2
vhost-27655 21.2
vhost-27655 22.6
vhost-27655 22.6
vhost-27655 22.6
vhost-27655 22.6
vhost-27655 22.6
vhost-27655 22.6
vhost-27655 23.1
vhost-27655 24.1
vhost-27655 24.1
vhost-27655 24.1
vhost-27655 24.5
vhost-27655 24.5
vhost-27655 24.5
vhost-27655 24.5
vhost-27655 25.0
vhost-27655 25.9
vhost-27655 26.4
vhost-27655 26.4
vhost-27655 26.4
vhost-27655 28.8
vhost-27655 37.0
vhost-27655 7.7
vhost-27655 9.4
