vhost-25039 11.3
vhost-25039 11.3
vhost-25039 11.3
vhost-25039 11.3
vhost-25039 11.3
vhost-25039 13.2
vhost-25039 13.2
vhost-25039 13.2
vhost-25039 13.2
vhost-25039 13.2
vhost-25039 13.2
vhost-25039 13.2
vhost-25039 13.2
vhost-25039 13.2
vhost-25039 13.2
vhost-25039 13.2
vhost-25039 13.2
vhost-25039 13.2
vhost-25039 13.5
vhost-25039 13.5
vhost-25039 13.5
vhost-25039 14.8
vhost-25039 14.8
vhost-25039 14.8
vhost-25039 15.1
vhost-25039 15.1
vhost-25039 15.1
vhost-25039 15.1
vhost-25039 15.1
vhost-25039 15.1
vhost-25039 15.1
vhost-25039 15.1
vhost-25039 15.1
vhost-25039 15.1
vhost-25039 15.1
vhost-25039 15.1
vhost-25039 15.1
vhost-25039 15.1
vhost-25039 15.1
vhost-25039 15.1
vhost-25039 15.4
vhost-25039 16.7
vhost-25039 16.7
vhost-25039 16.7
vhost-25039 16.7
vhost-25039 16.7
vhost-25039 16.7
vhost-25039 17.0
vhost-25039 17.0
vhost-25039 17.0
vhost-25039 17.0
vhost-25039 17.0
vhost-25039 17.0
vhost-25039 17.0
vhost-25039 17.0
vhost-25039 17.0
vhost-25039 17.0
vhost-25039 17.0
vhost-25039 17.0
vhost-25039 17.0
vhost-25039 17.0
vhost-25039 17.0
vhost-25039 17.0
vhost-25039 17.0
vhost-25039 17.0
vhost-25039 17.3
vhost-25039 17.3
vhost-25039 17.3
vhost-25039 17.3
vhost-25039 17.3
vhost-25039 17.3
vhost-25039 17.3
vhost-25039 17.3
vhost-25039 17.3
vhost-25039 17.3
vhost-25039 18.5
vhost-25039 18.5
vhost-25039 18.9
vhost-25039 18.9
vhost-25039 18.9
vhost-25039 18.9
vhost-25039 18.9
vhost-25039 18.9
vhost-25039 18.9
vhost-25039 18.9
vhost-25039 18.9
vhost-25039 18.9
vhost-25039 18.9
vhost-25039 18.9
vhost-25039 18.9
vhost-25039 18.9
vhost-25039 18.9
vhost-25039 18.9
vhost-25039 18.9
vhost-25039 18.9
vhost-25039 18.9
vhost-25039 18.9
vhost-25039 18.9
vhost-25039 19.2
vhost-25039 19.2
vhost-25039 19.2
vhost-25039 19.2
vhost-25039 20.4
vhost-25039 20.4
vhost-25039 20.4
vhost-25039 20.4
vhost-25039 20.4
vhost-25039 20.8
vhost-25039 20.8
vhost-25039 20.8
vhost-25039 20.8
vhost-25039 20.8
vhost-25039 20.8
vhost-25039 20.8
vhost-25039 20.8
vhost-25039 20.8
vhost-25039 20.8
vhost-25039 20.8
vhost-25039 20.8
vhost-25039 21.2
vhost-25039 21.2
vhost-25039 21.2
vhost-25039 22.2
vhost-25039 22.6
vhost-25039 22.6
vhost-25039 22.6
vhost-25039 23.1
vhost-25039 23.1
vhost-25039 24.1
vhost-25039 24.5
vhost-25039 24.5
vhost-25039 24.5
vhost-25039 25.9
vhost-25039 27.8
vhost-25039 27.8
vhost-25039 28.3
vhost-25039 9.6
