vhost-24811 11.1
vhost-24811 11.3
vhost-24811 11.3
vhost-24811 11.3
vhost-24811 11.3
vhost-24811 11.3
vhost-24811 11.5
vhost-24811 11.5
vhost-24811 11.5
vhost-24811 13.0
vhost-24811 13.2
vhost-24811 13.2
vhost-24811 13.2
vhost-24811 13.2
vhost-24811 13.2
vhost-24811 13.2
vhost-24811 13.2
vhost-24811 13.2
vhost-24811 13.5
vhost-24811 13.5
vhost-24811 13.5
vhost-24811 14.8
vhost-24811 14.8
vhost-24811 15.1
vhost-24811 15.1
vhost-24811 15.1
vhost-24811 15.1
vhost-24811 15.1
vhost-24811 15.1
vhost-24811 15.1
vhost-24811 15.1
vhost-24811 15.1
vhost-24811 15.1
vhost-24811 15.1
vhost-24811 15.1
vhost-24811 15.4
vhost-24811 15.4
vhost-24811 15.4
vhost-24811 15.4
vhost-24811 15.4
vhost-24811 16.7
vhost-24811 16.7
vhost-24811 17.0
vhost-24811 17.0
vhost-24811 17.0
vhost-24811 17.0
vhost-24811 17.0
vhost-24811 17.0
vhost-24811 17.0
vhost-24811 17.0
vhost-24811 17.0
vhost-24811 17.0
vhost-24811 17.0
vhost-24811 17.0
vhost-24811 17.0
vhost-24811 17.3
vhost-24811 17.3
vhost-24811 17.3
vhost-24811 18.5
vhost-24811 18.5
vhost-24811 18.9
vhost-24811 18.9
vhost-24811 18.9
vhost-24811 18.9
vhost-24811 18.9
vhost-24811 18.9
vhost-24811 18.9
vhost-24811 18.9
vhost-24811 18.9
vhost-24811 18.9
vhost-24811 18.9
vhost-24811 18.9
vhost-24811 18.9
vhost-24811 18.9
vhost-24811 18.9
vhost-24811 18.9
vhost-24811 18.9
vhost-24811 18.9
vhost-24811 19.2
vhost-24811 19.2
vhost-24811 19.2
vhost-24811 20.4
vhost-24811 20.4
vhost-24811 20.4
vhost-24811 20.8
vhost-24811 20.8
vhost-24811 20.8
vhost-24811 20.8
vhost-24811 20.8
vhost-24811 20.8
vhost-24811 20.8
vhost-24811 20.8
vhost-24811 20.8
vhost-24811 20.8
vhost-24811 20.8
vhost-24811 20.8
vhost-24811 20.8
vhost-24811 21.2
vhost-24811 21.2
vhost-24811 21.2
vhost-24811 22.2
vhost-24811 22.2
vhost-24811 22.6
vhost-24811 22.6
vhost-24811 22.6
vhost-24811 23.1
vhost-24811 23.1
vhost-24811 23.1
vhost-24811 23.1
vhost-24811 23.1
vhost-24811 24.1
vhost-24811 24.1
vhost-24811 24.5
vhost-24811 24.5
vhost-24811 24.5
vhost-24811 24.5
vhost-24811 25.0
vhost-24811 25.0
vhost-24811 25.0
vhost-24811 25.0
vhost-24811 25.9
vhost-24811 26.4
vhost-24811 26.4
vhost-24811 26.9
vhost-24811 27.8
vhost-24811 28.3
vhost-24811 28.3
vhost-24811 28.3
vhost-24811 28.3
vhost-24811 7.5
vhost-24811 7.5
vhost-24811 7.5
vhost-24811 9.3
vhost-24811 9.4
