vhost-28307 11.3
vhost-28307 11.3
vhost-28307 11.3
vhost-28307 11.3
vhost-28307 11.3
vhost-28307 11.3
vhost-28307 11.5
vhost-28307 11.5
vhost-28307 11.5
vhost-28307 13.0
vhost-28307 13.0
vhost-28307 13.0
vhost-28307 13.2
vhost-28307 13.2
vhost-28307 13.2
vhost-28307 13.2
vhost-28307 13.2
vhost-28307 13.2
vhost-28307 13.2
vhost-28307 13.2
vhost-28307 13.2
vhost-28307 13.5
vhost-28307 14.8
vhost-28307 15.1
vhost-28307 15.1
vhost-28307 15.1
vhost-28307 15.1
vhost-28307 15.1
vhost-28307 15.4
vhost-28307 16.7
vhost-28307 16.7
vhost-28307 16.7
vhost-28307 17.0
vhost-28307 17.0
vhost-28307 17.0
vhost-28307 17.0
vhost-28307 17.0
vhost-28307 17.0
vhost-28307 17.0
vhost-28307 17.0
vhost-28307 17.0
vhost-28307 17.0
vhost-28307 17.0
vhost-28307 17.0
vhost-28307 17.0
vhost-28307 17.0
vhost-28307 17.0
vhost-28307 17.3
vhost-28307 17.3
vhost-28307 18.5
vhost-28307 18.5
vhost-28307 18.9
vhost-28307 18.9
vhost-28307 18.9
vhost-28307 18.9
vhost-28307 18.9
vhost-28307 18.9
vhost-28307 18.9
vhost-28307 18.9
vhost-28307 18.9
vhost-28307 18.9
vhost-28307 18.9
vhost-28307 18.9
vhost-28307 19.2
vhost-28307 19.2
vhost-28307 20.4
vhost-28307 20.4
vhost-28307 20.8
vhost-28307 20.8
vhost-28307 20.8
vhost-28307 20.8
vhost-28307 20.8
vhost-28307 20.8
vhost-28307 20.8
vhost-28307 21.2
vhost-28307 22.2
vhost-28307 22.2
vhost-28307 22.2
vhost-28307 22.2
vhost-28307 22.2
vhost-28307 22.2
vhost-28307 22.2
vhost-28307 22.6
vhost-28307 22.6
vhost-28307 22.6
vhost-28307 22.6
vhost-28307 22.6
vhost-28307 22.6
vhost-28307 23.1
vhost-28307 23.1
vhost-28307 23.1
vhost-28307 24.1
vhost-28307 24.5
vhost-28307 24.5
vhost-28307 24.5
vhost-28307 25.0
vhost-28307 26.4
vhost-28307 28.8
vhost-28307 30.2
vhost-28307 30.2
vhost-28307 30.8
vhost-28307 45.3
vhost-28307 53.8
vhost-28307 66.0
vhost-28307 7.5
vhost-28307 7.7
vhost-28307 9.3
vhost-28307 9.4
