vhost-30196 11.3
vhost-30196 11.3
vhost-30196 11.5
vhost-30196 11.5
vhost-30196 11.5
vhost-30196 13.2
vhost-30196 13.2
vhost-30196 13.2
vhost-30196 13.2
vhost-30196 13.2
vhost-30196 13.2
vhost-30196 13.2
vhost-30196 13.2
vhost-30196 13.2
vhost-30196 13.2
vhost-30196 13.2
vhost-30196 13.2
vhost-30196 13.2
vhost-30196 13.2
vhost-30196 13.2
vhost-30196 13.5
vhost-30196 13.5
vhost-30196 13.5
vhost-30196 13.5
vhost-30196 13.5
vhost-30196 13.5
vhost-30196 13.5
vhost-30196 13.5
vhost-30196 14.8
vhost-30196 14.8
vhost-30196 14.8
vhost-30196 15.1
vhost-30196 15.1
vhost-30196 15.1
vhost-30196 15.1
vhost-30196 15.1
vhost-30196 15.1
vhost-30196 15.1
vhost-30196 15.1
vhost-30196 15.1
vhost-30196 15.1
vhost-30196 15.1
vhost-30196 15.1
vhost-30196 15.1
vhost-30196 15.1
vhost-30196 15.1
vhost-30196 15.1
vhost-30196 15.1
vhost-30196 15.1
vhost-30196 15.1
vhost-30196 15.4
vhost-30196 15.4
vhost-30196 15.4
vhost-30196 15.4
vhost-30196 16.7
vhost-30196 16.7
vhost-30196 16.7
vhost-30196 17.0
vhost-30196 17.0
vhost-30196 17.0
vhost-30196 17.0
vhost-30196 17.0
vhost-30196 17.0
vhost-30196 17.0
vhost-30196 17.0
vhost-30196 17.0
vhost-30196 17.0
vhost-30196 17.0
vhost-30196 17.0
vhost-30196 17.0
vhost-30196 17.3
vhost-30196 17.3
vhost-30196 17.3
vhost-30196 17.3
vhost-30196 17.3
vhost-30196 17.3
vhost-30196 17.3
vhost-30196 17.3
vhost-30196 17.3
vhost-30196 18.5
vhost-30196 18.5
vhost-30196 18.5
vhost-30196 18.5
vhost-30196 18.5
vhost-30196 18.5
vhost-30196 18.9
vhost-30196 18.9
vhost-30196 18.9
vhost-30196 18.9
vhost-30196 18.9
vhost-30196 18.9
vhost-30196 18.9
vhost-30196 18.9
vhost-30196 18.9
vhost-30196 18.9
vhost-30196 18.9
vhost-30196 19.2
vhost-30196 19.2
vhost-30196 19.2
vhost-30196 19.2
vhost-30196 19.2
vhost-30196 19.2
vhost-30196 19.2
vhost-30196 19.2
vhost-30196 19.2
vhost-30196 20.4
vhost-30196 20.4
vhost-30196 20.4
vhost-30196 20.4
vhost-30196 20.8
vhost-30196 20.8
vhost-30196 20.8
vhost-30196 20.8
vhost-30196 20.8
vhost-30196 20.8
vhost-30196 20.8
vhost-30196 20.8
vhost-30196 20.8
vhost-30196 20.8
vhost-30196 20.8
vhost-30196 21.2
vhost-30196 21.2
vhost-30196 21.2
vhost-30196 22.2
vhost-30196 22.6
vhost-30196 22.6
vhost-30196 22.6
vhost-30196 22.6
vhost-30196 22.6
vhost-30196 22.6
vhost-30196 22.6
vhost-30196 23.1
vhost-30196 23.1
vhost-30196 23.1
vhost-30196 24.5
vhost-30196 25.0
vhost-30196 25.9
vhost-30196 26.4
vhost-30196 27.8
vhost-30196 28.3
vhost-30196 28.3
vhost-30196 28.3
vhost-30196 28.8
vhost-30196 7.5
vhost-30196 9.4
vhost-30196 9.4
