vhost-30883 11.1
vhost-30883 11.3
vhost-30883 11.3
vhost-30883 11.3
vhost-30883 11.5
vhost-30883 13.0
vhost-30883 13.2
vhost-30883 13.2
vhost-30883 13.2
vhost-30883 13.2
vhost-30883 13.2
vhost-30883 13.2
vhost-30883 13.2
vhost-30883 13.2
vhost-30883 13.2
vhost-30883 13.2
vhost-30883 13.2
vhost-30883 13.2
vhost-30883 13.2
vhost-30883 13.5
vhost-30883 13.5
vhost-30883 13.5
vhost-30883 13.5
vhost-30883 13.5
vhost-30883 13.5
vhost-30883 14.8
vhost-30883 14.8
vhost-30883 14.8
vhost-30883 15.1
vhost-30883 15.1
vhost-30883 15.1
vhost-30883 15.1
vhost-30883 15.1
vhost-30883 15.1
vhost-30883 15.1
vhost-30883 15.1
vhost-30883 15.1
vhost-30883 15.1
vhost-30883 15.1
vhost-30883 15.1
vhost-30883 15.1
vhost-30883 15.1
vhost-30883 15.1
vhost-30883 15.1
vhost-30883 15.1
vhost-30883 15.1
vhost-30883 15.1
vhost-30883 15.1
vhost-30883 15.1
vhost-30883 15.4
vhost-30883 15.4
vhost-30883 15.4
vhost-30883 15.4
vhost-30883 15.4
vhost-30883 15.4
vhost-30883 15.4
vhost-30883 16.7
vhost-30883 16.7
vhost-30883 16.7
vhost-30883 16.7
vhost-30883 16.7
vhost-30883 17.0
vhost-30883 17.0
vhost-30883 17.0
vhost-30883 17.0
vhost-30883 17.0
vhost-30883 17.0
vhost-30883 17.0
vhost-30883 17.0
vhost-30883 17.3
vhost-30883 17.3
vhost-30883 17.3
vhost-30883 18.5
vhost-30883 18.9
vhost-30883 18.9
vhost-30883 18.9
vhost-30883 18.9
vhost-30883 18.9
vhost-30883 18.9
vhost-30883 18.9
vhost-30883 18.9
vhost-30883 18.9
vhost-30883 18.9
vhost-30883 18.9
vhost-30883 18.9
vhost-30883 18.9
vhost-30883 18.9
vhost-30883 18.9
vhost-30883 18.9
vhost-30883 18.9
vhost-30883 18.9
vhost-30883 19.2
vhost-30883 19.2
vhost-30883 19.2
vhost-30883 20.4
vhost-30883 20.4
vhost-30883 20.8
vhost-30883 20.8
vhost-30883 20.8
vhost-30883 20.8
vhost-30883 20.8
vhost-30883 20.8
vhost-30883 20.8
vhost-30883 20.8
vhost-30883 20.8
vhost-30883 20.8
vhost-30883 20.8
vhost-30883 20.8
vhost-30883 20.8
vhost-30883 21.2
vhost-30883 21.2
vhost-30883 21.2
vhost-30883 21.2
vhost-30883 22.2
vhost-30883 22.2
vhost-30883 22.2
vhost-30883 22.6
vhost-30883 22.6
vhost-30883 22.6
vhost-30883 24.5
vhost-30883 24.5
vhost-30883 24.5
vhost-30883 24.5
vhost-30883 25.0
vhost-30883 25.0
vhost-30883 26.4
vhost-30883 26.4
vhost-30883 28.3
vhost-30883 30.8
vhost-30883 32.7
vhost-30883 9.4
vhost-30883 9.6
