vhost-28631 11.1
vhost-28631 11.1
vhost-28631 11.3
vhost-28631 11.3
vhost-28631 11.3
vhost-28631 11.3
vhost-28631 11.3
vhost-28631 11.5
vhost-28631 11.5
vhost-28631 13.0
vhost-28631 13.0
vhost-28631 13.2
vhost-28631 13.2
vhost-28631 13.2
vhost-28631 13.2
vhost-28631 13.2
vhost-28631 13.2
vhost-28631 13.2
vhost-28631 13.2
vhost-28631 13.2
vhost-28631 13.2
vhost-28631 13.2
vhost-28631 13.2
vhost-28631 13.2
vhost-28631 13.2
vhost-28631 13.2
vhost-28631 13.2
vhost-28631 13.2
vhost-28631 13.5
vhost-28631 13.5
vhost-28631 13.5
vhost-28631 14.8
vhost-28631 14.8
vhost-28631 15.1
vhost-28631 15.1
vhost-28631 15.1
vhost-28631 15.1
vhost-28631 15.1
vhost-28631 15.1
vhost-28631 15.1
vhost-28631 15.1
vhost-28631 15.1
vhost-28631 15.1
vhost-28631 15.1
vhost-28631 15.1
vhost-28631 15.1
vhost-28631 15.1
vhost-28631 15.1
vhost-28631 15.1
vhost-28631 15.1
vhost-28631 15.1
vhost-28631 15.1
vhost-28631 15.4
vhost-28631 15.4
vhost-28631 15.4
vhost-28631 16.7
vhost-28631 16.7
vhost-28631 17.0
vhost-28631 17.0
vhost-28631 17.0
vhost-28631 17.0
vhost-28631 17.0
vhost-28631 17.0
vhost-28631 17.0
vhost-28631 17.0
vhost-28631 17.0
vhost-28631 17.0
vhost-28631 17.0
vhost-28631 17.0
vhost-28631 17.0
vhost-28631 17.0
vhost-28631 17.0
vhost-28631 17.0
vhost-28631 17.0
vhost-28631 17.0
vhost-28631 17.0
vhost-28631 17.0
vhost-28631 17.0
vhost-28631 17.3
vhost-28631 17.3
vhost-28631 17.3
vhost-28631 18.5
vhost-28631 18.5
vhost-28631 18.5
vhost-28631 18.9
vhost-28631 18.9
vhost-28631 18.9
vhost-28631 18.9
vhost-28631 18.9
vhost-28631 18.9
vhost-28631 18.9
vhost-28631 19.2
vhost-28631 19.2
vhost-28631 19.2
vhost-28631 19.2
vhost-28631 20.4
vhost-28631 20.4
vhost-28631 20.4
vhost-28631 20.8
vhost-28631 20.8
vhost-28631 20.8
vhost-28631 20.8
vhost-28631 20.8
vhost-28631 20.8
vhost-28631 20.8
vhost-28631 20.8
vhost-28631 20.8
vhost-28631 20.8
vhost-28631 20.8
vhost-28631 20.8
vhost-28631 21.2
vhost-28631 21.2
vhost-28631 22.6
vhost-28631 22.6
vhost-28631 23.1
vhost-28631 24.1
vhost-28631 24.5
vhost-28631 24.5
vhost-28631 28.3
vhost-28631 29.6
vhost-28631 7.5
vhost-28631 7.5
vhost-28631 9.4
vhost-28631 9.4
vhost-28631 9.6
vhost-28631 9.6
