vhost-26581 11.1
vhost-26581 11.1
vhost-26581 11.3
vhost-26581 11.3
vhost-26581 11.3
vhost-26581 11.5
vhost-26581 11.5
vhost-26581 13.0
vhost-26581 13.0
vhost-26581 13.2
vhost-26581 13.2
vhost-26581 13.2
vhost-26581 13.2
vhost-26581 13.2
vhost-26581 13.2
vhost-26581 13.2
vhost-26581 13.2
vhost-26581 13.2
vhost-26581 13.2
vhost-26581 13.2
vhost-26581 13.2
vhost-26581 14.8
vhost-26581 14.8
vhost-26581 14.8
vhost-26581 14.8
vhost-26581 14.8
vhost-26581 15.1
vhost-26581 15.1
vhost-26581 15.1
vhost-26581 15.1
vhost-26581 15.1
vhost-26581 15.1
vhost-26581 15.1
vhost-26581 15.1
vhost-26581 15.1
vhost-26581 15.1
vhost-26581 15.1
vhost-26581 15.1
vhost-26581 15.1
vhost-26581 15.1
vhost-26581 15.1
vhost-26581 15.1
vhost-26581 15.1
vhost-26581 15.1
vhost-26581 15.1
vhost-26581 15.1
vhost-26581 15.1
vhost-26581 15.4
vhost-26581 15.4
vhost-26581 15.4
vhost-26581 15.4
vhost-26581 15.4
vhost-26581 15.4
vhost-26581 15.4
vhost-26581 15.4
vhost-26581 15.4
vhost-26581 16.7
vhost-26581 16.7
vhost-26581 16.7
vhost-26581 16.7
vhost-26581 16.7
vhost-26581 16.7
vhost-26581 17.0
vhost-26581 17.0
vhost-26581 17.0
vhost-26581 17.0
vhost-26581 17.0
vhost-26581 17.0
vhost-26581 17.0
vhost-26581 17.0
vhost-26581 17.0
vhost-26581 17.0
vhost-26581 17.0
vhost-26581 17.0
vhost-26581 17.0
vhost-26581 17.0
vhost-26581 17.0
vhost-26581 17.3
vhost-26581 17.3
vhost-26581 17.3
vhost-26581 17.3
vhost-26581 17.3
vhost-26581 17.3
vhost-26581 17.3
vhost-26581 18.5
vhost-26581 18.5
vhost-26581 18.5
vhost-26581 18.9
vhost-26581 18.9
vhost-26581 18.9
vhost-26581 18.9
vhost-26581 18.9
vhost-26581 18.9
vhost-26581 18.9
vhost-26581 18.9
vhost-26581 18.9
vhost-26581 18.9
vhost-26581 18.9
vhost-26581 18.9
vhost-26581 18.9
vhost-26581 18.9
vhost-26581 18.9
vhost-26581 18.9
vhost-26581 18.9
vhost-26581 18.9
vhost-26581 18.9
vhost-26581 18.9
vhost-26581 18.9
vhost-26581 18.9
vhost-26581 18.9
vhost-26581 19.2
vhost-26581 20.4
vhost-26581 20.8
vhost-26581 20.8
vhost-26581 20.8
vhost-26581 20.8
vhost-26581 20.8
vhost-26581 20.8
vhost-26581 21.2
vhost-26581 21.2
vhost-26581 21.2
vhost-26581 22.2
vhost-26581 22.6
vhost-26581 23.1
vhost-26581 23.1
vhost-26581 26.9
vhost-26581 9.4
vhost-26581 9.4
vhost-26581 9.4
vhost-26581 9.6
