vhost-29097 11.1
vhost-29097 11.3
vhost-29097 13.2
vhost-29097 13.2
vhost-29097 13.2
vhost-29097 13.2
vhost-29097 13.2
vhost-29097 13.5
vhost-29097 13.5
vhost-29097 13.5
vhost-29097 14.8
vhost-29097 14.8
vhost-29097 14.8
vhost-29097 14.8
vhost-29097 15.1
vhost-29097 15.1
vhost-29097 15.1
vhost-29097 15.1
vhost-29097 15.1
vhost-29097 15.1
vhost-29097 15.1
vhost-29097 15.1
vhost-29097 15.1
vhost-29097 15.4
vhost-29097 15.4
vhost-29097 15.4
vhost-29097 15.4
vhost-29097 15.4
vhost-29097 15.4
vhost-29097 15.4
vhost-29097 15.4
vhost-29097 15.4
vhost-29097 16.7
vhost-29097 16.7
vhost-29097 17.0
vhost-29097 17.0
vhost-29097 17.0
vhost-29097 17.0
vhost-29097 17.0
vhost-29097 17.0
vhost-29097 17.0
vhost-29097 17.0
vhost-29097 17.0
vhost-29097 17.0
vhost-29097 17.0
vhost-29097 17.0
vhost-29097 17.0
vhost-29097 17.0
vhost-29097 17.0
vhost-29097 17.0
vhost-29097 17.0
vhost-29097 17.0
vhost-29097 17.0
vhost-29097 17.0
vhost-29097 17.3
vhost-29097 17.3
vhost-29097 17.3
vhost-29097 18.5
vhost-29097 18.5
vhost-29097 18.5
vhost-29097 18.5
vhost-29097 18.9
vhost-29097 18.9
vhost-29097 18.9
vhost-29097 18.9
vhost-29097 18.9
vhost-29097 18.9
vhost-29097 18.9
vhost-29097 18.9
vhost-29097 18.9
vhost-29097 18.9
vhost-29097 18.9
vhost-29097 18.9
vhost-29097 18.9
vhost-29097 18.9
vhost-29097 18.9
vhost-29097 18.9
vhost-29097 18.9
vhost-29097 18.9
vhost-29097 18.9
vhost-29097 18.9
vhost-29097 18.9
vhost-29097 18.9
vhost-29097 18.9
vhost-29097 18.9
vhost-29097 18.9
vhost-29097 19.2
vhost-29097 19.2
vhost-29097 19.2
vhost-29097 19.2
vhost-29097 19.2
vhost-29097 20.8
vhost-29097 20.8
vhost-29097 20.8
vhost-29097 20.8
vhost-29097 20.8
vhost-29097 20.8
vhost-29097 20.8
vhost-29097 20.8
vhost-29097 20.8
vhost-29097 20.8
vhost-29097 20.8
vhost-29097 20.8
vhost-29097 20.8
vhost-29097 20.8
vhost-29097 20.8
vhost-29097 20.8
vhost-29097 20.8
vhost-29097 20.8
vhost-29097 20.8
vhost-29097 20.8
vhost-29097 20.8
vhost-29097 21.2
vhost-29097 21.2
vhost-29097 21.2
vhost-29097 21.2
vhost-29097 22.2
vhost-29097 22.6
vhost-29097 22.6
vhost-29097 22.6
vhost-29097 22.6
vhost-29097 22.6
vhost-29097 22.6
vhost-29097 22.6
vhost-29097 22.6
vhost-29097 22.6
vhost-29097 22.6
vhost-29097 22.6
vhost-29097 22.6
vhost-29097 22.6
vhost-29097 22.6
vhost-29097 22.6
vhost-29097 22.6
vhost-29097 23.1
vhost-29097 23.1
vhost-29097 23.1
vhost-29097 24.1
vhost-29097 24.1
vhost-29097 24.5
vhost-29097 24.5
vhost-29097 24.5
vhost-29097 24.5
vhost-29097 24.5
vhost-29097 24.5
vhost-29097 25.0
vhost-29097 26.4
vhost-29097 26.4
vhost-29097 28.3
vhost-29097 28.3
vhost-29097 28.3
vhost-29097 28.8
vhost-29097 30.2
vhost-29097 30.2
vhost-29097 43.4
vhost-29097 44.2
vhost-29097 60.4
vhost-29097 7.5
vhost-29097 7.5
vhost-29097 9.3
vhost-29097 9.4
vhost-29097 9.6
vhost-29097 9.6
