vhost-26139 11.1
vhost-26139 11.1
vhost-26139 11.3
vhost-26139 11.3
vhost-26139 11.3
vhost-26139 11.3
vhost-26139 11.3
vhost-26139 13.0
vhost-26139 13.0
vhost-26139 13.0
vhost-26139 13.2
vhost-26139 13.2
vhost-26139 13.2
vhost-26139 13.2
vhost-26139 13.2
vhost-26139 13.2
vhost-26139 13.2
vhost-26139 13.2
vhost-26139 13.2
vhost-26139 13.2
vhost-26139 13.2
vhost-26139 13.2
vhost-26139 13.2
vhost-26139 13.2
vhost-26139 13.2
vhost-26139 13.5
vhost-26139 13.5
vhost-26139 13.5
vhost-26139 13.5
vhost-26139 13.5
vhost-26139 13.5
vhost-26139 14.8
vhost-26139 14.8
vhost-26139 14.8
vhost-26139 14.8
vhost-26139 14.8
vhost-26139 14.8
vhost-26139 15.1
vhost-26139 15.1
vhost-26139 15.1
vhost-26139 15.1
vhost-26139 15.1
vhost-26139 15.1
vhost-26139 15.1
vhost-26139 15.1
vhost-26139 15.1
vhost-26139 15.1
vhost-26139 15.1
vhost-26139 15.1
vhost-26139 15.1
vhost-26139 15.1
vhost-26139 15.1
vhost-26139 15.1
vhost-26139 15.1
vhost-26139 15.4
vhost-26139 15.4
vhost-26139 15.4
vhost-26139 15.4
vhost-26139 15.4
vhost-26139 15.4
vhost-26139 15.4
vhost-26139 15.4
vhost-26139 16.7
vhost-26139 16.7
vhost-26139 16.7
vhost-26139 16.7
vhost-26139 16.7
vhost-26139 16.7
vhost-26139 17.0
vhost-26139 17.0
vhost-26139 17.0
vhost-26139 17.0
vhost-26139 17.0
vhost-26139 17.0
vhost-26139 17.0
vhost-26139 17.0
vhost-26139 17.0
vhost-26139 17.0
vhost-26139 17.0
vhost-26139 17.0
vhost-26139 17.0
vhost-26139 17.0
vhost-26139 17.0
vhost-26139 17.0
vhost-26139 17.0
vhost-26139 17.0
vhost-26139 17.3
vhost-26139 17.3
vhost-26139 17.3
vhost-26139 17.3
vhost-26139 17.3
vhost-26139 17.3
vhost-26139 17.3
vhost-26139 18.5
vhost-26139 18.5
vhost-26139 18.9
vhost-26139 18.9
vhost-26139 18.9
vhost-26139 18.9
vhost-26139 18.9
vhost-26139 18.9
vhost-26139 18.9
vhost-26139 18.9
vhost-26139 18.9
vhost-26139 18.9
vhost-26139 18.9
vhost-26139 18.9
vhost-26139 18.9
vhost-26139 18.9
vhost-26139 18.9
vhost-26139 18.9
vhost-26139 18.9
vhost-26139 18.9
vhost-26139 18.9
vhost-26139 18.9
vhost-26139 18.9
vhost-26139 19.2
vhost-26139 19.2
vhost-26139 19.2
vhost-26139 20.4
vhost-26139 20.4
vhost-26139 20.4
vhost-26139 20.8
vhost-26139 20.8
vhost-26139 20.8
vhost-26139 20.8
vhost-26139 20.8
vhost-26139 20.8
vhost-26139 20.8
vhost-26139 20.8
vhost-26139 20.8
vhost-26139 20.8
vhost-26139 20.8
vhost-26139 20.8
vhost-26139 20.8
vhost-26139 20.8
vhost-26139 21.2
vhost-26139 21.2
vhost-26139 22.2
vhost-26139 22.6
vhost-26139 22.6
vhost-26139 22.6
vhost-26139 22.6
vhost-26139 22.6
vhost-26139 22.6
vhost-26139 22.6
vhost-26139 23.1
vhost-26139 24.1
vhost-26139 24.1
vhost-26139 24.5
vhost-26139 24.5
vhost-26139 24.5
vhost-26139 26.4
vhost-26139 26.4
vhost-26139 27.8
vhost-26139 32.1
vhost-26139 3.8
vhost-26139 45.3
vhost-26139 7.4
vhost-26139 7.5
vhost-26139 9.3
vhost-26139 9.4
