vhost-26364 11.3
vhost-26364 11.3
vhost-26364 11.3
vhost-26364 11.3
vhost-26364 11.3
vhost-26364 11.3
vhost-26364 11.5
vhost-26364 13.0
vhost-26364 13.0
vhost-26364 13.0
vhost-26364 13.2
vhost-26364 13.2
vhost-26364 13.2
vhost-26364 13.2
vhost-26364 13.2
vhost-26364 13.2
vhost-26364 13.2
vhost-26364 13.2
vhost-26364 13.2
vhost-26364 13.5
vhost-26364 13.5
vhost-26364 14.8
vhost-26364 14.8
vhost-26364 14.8
vhost-26364 14.8
vhost-26364 14.8
vhost-26364 15.1
vhost-26364 15.1
vhost-26364 15.1
vhost-26364 15.1
vhost-26364 15.1
vhost-26364 15.1
vhost-26364 15.1
vhost-26364 15.1
vhost-26364 15.1
vhost-26364 15.1
vhost-26364 15.1
vhost-26364 15.1
vhost-26364 15.1
vhost-26364 15.1
vhost-26364 15.1
vhost-26364 15.1
vhost-26364 15.1
vhost-26364 15.1
vhost-26364 15.1
vhost-26364 15.1
vhost-26364 15.1
vhost-26364 15.4
vhost-26364 15.4
vhost-26364 15.4
vhost-26364 15.4
vhost-26364 15.4
vhost-26364 15.4
vhost-26364 15.4
vhost-26364 15.4
vhost-26364 15.4
vhost-26364 15.4
vhost-26364 15.4
vhost-26364 15.4
vhost-26364 16.7
vhost-26364 16.7
vhost-26364 16.7
vhost-26364 17.0
vhost-26364 17.0
vhost-26364 17.0
vhost-26364 17.0
vhost-26364 17.0
vhost-26364 17.0
vhost-26364 17.0
vhost-26364 17.0
vhost-26364 17.0
vhost-26364 17.0
vhost-26364 17.0
vhost-26364 17.0
vhost-26364 17.0
vhost-26364 17.0
vhost-26364 17.0
vhost-26364 17.0
vhost-26364 17.0
vhost-26364 17.0
vhost-26364 17.0
vhost-26364 17.0
vhost-26364 17.0
vhost-26364 17.3
vhost-26364 17.3
vhost-26364 17.3
vhost-26364 17.3
vhost-26364 17.3
vhost-26364 17.3
vhost-26364 17.3
vhost-26364 17.3
vhost-26364 18.5
vhost-26364 18.5
vhost-26364 18.9
vhost-26364 18.9
vhost-26364 18.9
vhost-26364 18.9
vhost-26364 18.9
vhost-26364 18.9
vhost-26364 18.9
vhost-26364 18.9
vhost-26364 18.9
vhost-26364 18.9
vhost-26364 18.9
vhost-26364 18.9
vhost-26364 18.9
vhost-26364 18.9
vhost-26364 18.9
vhost-26364 18.9
vhost-26364 18.9
vhost-26364 18.9
vhost-26364 19.2
vhost-26364 19.2
vhost-26364 20.4
vhost-26364 20.4
vhost-26364 20.4
vhost-26364 20.4
vhost-26364 20.8
vhost-26364 20.8
vhost-26364 20.8
vhost-26364 20.8
vhost-26364 20.8
vhost-26364 20.8
vhost-26364 20.8
vhost-26364 20.8
vhost-26364 20.8
vhost-26364 20.8
vhost-26364 20.8
vhost-26364 20.8
vhost-26364 20.8
vhost-26364 20.8
vhost-26364 20.8
vhost-26364 20.8
vhost-26364 20.8
vhost-26364 20.8
vhost-26364 20.8
vhost-26364 20.8
vhost-26364 20.8
vhost-26364 20.8
vhost-26364 20.8
vhost-26364 21.2
vhost-26364 21.2
vhost-26364 21.2
vhost-26364 22.6
vhost-26364 22.6
vhost-26364 22.6
vhost-26364 22.6
vhost-26364 22.6
vhost-26364 22.6
vhost-26364 22.6
vhost-26364 22.6
vhost-26364 22.6
vhost-26364 23.1
vhost-26364 24.5
vhost-26364 24.5
vhost-26364 24.5
vhost-26364 24.5
vhost-26364 24.5
vhost-26364 24.5
vhost-26364 24.5
vhost-26364 24.5
vhost-26364 25.0
vhost-26364 25.0
vhost-26364 26.4
vhost-26364 26.9
vhost-26364 29.6
vhost-26364 31.5
vhost-26364 34.0
vhost-26364 35.8
vhost-26364 35.8
vhost-26364 56.4
vhost-26364 5.7
