vhost-31354 11.3
vhost-31354 11.3
vhost-31354 11.3
vhost-31354 11.5
vhost-31354 11.5
vhost-31354 13.2
vhost-31354 13.2
vhost-31354 13.2
vhost-31354 13.2
vhost-31354 13.2
vhost-31354 13.2
vhost-31354 13.2
vhost-31354 13.2
vhost-31354 13.2
vhost-31354 13.2
vhost-31354 13.2
vhost-31354 13.2
vhost-31354 13.2
vhost-31354 13.2
vhost-31354 13.2
vhost-31354 13.2
vhost-31354 13.5
vhost-31354 13.5
vhost-31354 14.8
vhost-31354 14.8
vhost-31354 14.8
vhost-31354 14.8
vhost-31354 14.8
vhost-31354 15.1
vhost-31354 15.1
vhost-31354 15.1
vhost-31354 15.1
vhost-31354 15.1
vhost-31354 15.1
vhost-31354 15.1
vhost-31354 15.1
vhost-31354 15.1
vhost-31354 15.1
vhost-31354 15.4
vhost-31354 15.4
vhost-31354 15.4
vhost-31354 16.7
vhost-31354 16.7
vhost-31354 16.7
vhost-31354 17.0
vhost-31354 17.0
vhost-31354 17.0
vhost-31354 17.0
vhost-31354 17.0
vhost-31354 17.0
vhost-31354 17.0
vhost-31354 17.0
vhost-31354 17.0
vhost-31354 17.0
vhost-31354 17.0
vhost-31354 17.0
vhost-31354 17.0
vhost-31354 17.3
vhost-31354 17.3
vhost-31354 17.3
vhost-31354 17.3
vhost-31354 18.5
vhost-31354 18.5
vhost-31354 18.9
vhost-31354 18.9
vhost-31354 18.9
vhost-31354 18.9
vhost-31354 18.9
vhost-31354 18.9
vhost-31354 18.9
vhost-31354 18.9
vhost-31354 18.9
vhost-31354 18.9
vhost-31354 18.9
vhost-31354 18.9
vhost-31354 18.9
vhost-31354 18.9
vhost-31354 18.9
vhost-31354 18.9
vhost-31354 18.9
vhost-31354 19.2
vhost-31354 19.2
vhost-31354 19.2
vhost-31354 19.2
vhost-31354 19.2
vhost-31354 20.4
vhost-31354 20.8
vhost-31354 20.8
vhost-31354 20.8
vhost-31354 20.8
vhost-31354 20.8
vhost-31354 20.8
vhost-31354 20.8
vhost-31354 20.8
vhost-31354 20.8
vhost-31354 20.8
vhost-31354 21.2
vhost-31354 21.2
vhost-31354 21.2
vhost-31354 22.2
vhost-31354 22.2
vhost-31354 22.2
vhost-31354 22.2
vhost-31354 22.6
vhost-31354 22.6
vhost-31354 22.6
vhost-31354 22.6
vhost-31354 22.6
vhost-31354 22.6
vhost-31354 22.6
vhost-31354 22.6
vhost-31354 22.6
vhost-31354 23.1
vhost-31354 23.1
vhost-31354 24.1
vhost-31354 24.1
vhost-31354 24.5
vhost-31354 25.0
vhost-31354 25.0
vhost-31354 26.4
vhost-31354 26.9
vhost-31354 26.9
vhost-31354 26.9
vhost-31354 28.3
vhost-31354 28.3
vhost-31354 28.3
vhost-31354 28.8
