vhost-27356 11.1
vhost-27356 11.3
vhost-27356 11.3
vhost-27356 11.3
vhost-27356 11.3
vhost-27356 11.5
vhost-27356 13.0
vhost-27356 13.2
vhost-27356 13.2
vhost-27356 13.2
vhost-27356 13.2
vhost-27356 13.5
vhost-27356 13.5
vhost-27356 13.5
vhost-27356 13.5
vhost-27356 13.5
vhost-27356 13.5
vhost-27356 14.8
vhost-27356 14.8
vhost-27356 14.8
vhost-27356 15.1
vhost-27356 15.1
vhost-27356 15.1
vhost-27356 15.1
vhost-27356 15.1
vhost-27356 15.1
vhost-27356 15.1
vhost-27356 15.1
vhost-27356 15.1
vhost-27356 15.1
vhost-27356 15.1
vhost-27356 15.1
vhost-27356 15.1
vhost-27356 15.1
vhost-27356 15.1
vhost-27356 15.1
vhost-27356 15.1
vhost-27356 15.4
vhost-27356 15.4
vhost-27356 16.7
vhost-27356 16.7
vhost-27356 16.7
vhost-27356 16.7
vhost-27356 16.7
vhost-27356 16.7
vhost-27356 17.0
vhost-27356 17.0
vhost-27356 17.0
vhost-27356 17.0
vhost-27356 17.0
vhost-27356 17.0
vhost-27356 17.0
vhost-27356 17.0
vhost-27356 17.0
vhost-27356 17.0
vhost-27356 17.0
vhost-27356 17.0
vhost-27356 17.0
vhost-27356 17.0
vhost-27356 17.0
vhost-27356 17.0
vhost-27356 17.0
vhost-27356 17.0
vhost-27356 17.0
vhost-27356 17.0
vhost-27356 17.0
vhost-27356 17.3
vhost-27356 17.3
vhost-27356 17.3
vhost-27356 17.3
vhost-27356 18.5
vhost-27356 18.5
vhost-27356 18.5
vhost-27356 18.5
vhost-27356 18.5
vhost-27356 18.9
vhost-27356 18.9
vhost-27356 18.9
vhost-27356 18.9
vhost-27356 18.9
vhost-27356 18.9
vhost-27356 18.9
vhost-27356 18.9
vhost-27356 18.9
vhost-27356 18.9
vhost-27356 18.9
vhost-27356 18.9
vhost-27356 18.9
vhost-27356 18.9
vhost-27356 18.9
vhost-27356 18.9
vhost-27356 18.9
vhost-27356 18.9
vhost-27356 18.9
vhost-27356 18.9
vhost-27356 18.9
vhost-27356 18.9
vhost-27356 18.9
vhost-27356 18.9
vhost-27356 18.9
vhost-27356 19.2
vhost-27356 19.2
vhost-27356 19.2
vhost-27356 19.2
vhost-27356 19.2
vhost-27356 19.2
vhost-27356 19.2
vhost-27356 20.4
vhost-27356 20.4
vhost-27356 20.4
vhost-27356 20.8
vhost-27356 20.8
vhost-27356 20.8
vhost-27356 20.8
vhost-27356 20.8
vhost-27356 20.8
vhost-27356 20.8
vhost-27356 20.8
vhost-27356 20.8
vhost-27356 20.8
vhost-27356 20.8
vhost-27356 20.8
vhost-27356 21.2
vhost-27356 21.2
vhost-27356 21.2
vhost-27356 21.2
vhost-27356 21.2
vhost-27356 22.6
vhost-27356 22.6
vhost-27356 22.6
vhost-27356 22.6
vhost-27356 24.5
vhost-27356 25.9
vhost-27356 28.8
vhost-27356 37.7
vhost-27356 50.9
vhost-27356 59.6
vhost-27356 9.4
vhost-27356 9.4
vhost-27356 9.4
