vhost-25343 11.3
vhost-25343 11.3
vhost-25343 11.3
vhost-25343 11.3
vhost-25343 11.3
vhost-25343 11.3
vhost-25343 11.3
vhost-25343 11.3
vhost-25343 11.3
vhost-25343 11.3
vhost-25343 11.3
vhost-25343 11.5
vhost-25343 11.5
vhost-25343 11.5
vhost-25343 11.5
vhost-25343 11.5
vhost-25343 13.0
vhost-25343 13.0
vhost-25343 13.0
vhost-25343 13.2
vhost-25343 13.2
vhost-25343 13.2
vhost-25343 13.2
vhost-25343 13.2
vhost-25343 13.2
vhost-25343 13.2
vhost-25343 13.2
vhost-25343 13.2
vhost-25343 13.2
vhost-25343 13.2
vhost-25343 13.2
vhost-25343 13.2
vhost-25343 13.2
vhost-25343 13.2
vhost-25343 13.2
vhost-25343 13.2
vhost-25343 13.2
vhost-25343 13.2
vhost-25343 13.2
vhost-25343 13.2
vhost-25343 13.2
vhost-25343 13.2
vhost-25343 13.2
vhost-25343 13.2
vhost-25343 13.2
vhost-25343 13.5
vhost-25343 13.5
vhost-25343 13.5
vhost-25343 14.5
vhost-25343 14.8
vhost-25343 14.8
vhost-25343 14.8
vhost-25343 14.8
vhost-25343 14.8
vhost-25343 14.8
vhost-25343 14.8
vhost-25343 15.1
vhost-25343 15.1
vhost-25343 15.1
vhost-25343 15.1
vhost-25343 15.1
vhost-25343 15.1
vhost-25343 15.1
vhost-25343 15.1
vhost-25343 15.1
vhost-25343 15.1
vhost-25343 15.1
vhost-25343 15.1
vhost-25343 15.1
vhost-25343 15.1
vhost-25343 15.1
vhost-25343 15.1
vhost-25343 15.1
vhost-25343 15.1
vhost-25343 15.1
vhost-25343 15.4
vhost-25343 15.4
vhost-25343 15.4
vhost-25343 16.7
vhost-25343 16.7
vhost-25343 16.7
vhost-25343 16.7
vhost-25343 16.7
vhost-25343 16.7
vhost-25343 17.0
vhost-25343 17.0
vhost-25343 17.0
vhost-25343 17.0
vhost-25343 17.0
vhost-25343 17.0
vhost-25343 17.0
vhost-25343 17.0
vhost-25343 17.0
vhost-25343 17.0
vhost-25343 17.0
vhost-25343 17.0
vhost-25343 17.0
vhost-25343 17.0
vhost-25343 17.3
vhost-25343 17.3
vhost-25343 18.5
vhost-25343 18.9
vhost-25343 18.9
vhost-25343 18.9
vhost-25343 20.4
vhost-25343 20.8
vhost-25343 20.8
vhost-25343 20.8
vhost-25343 20.8
vhost-25343 25.9
vhost-25343 3.8
vhost-25343 56.6
vhost-25343 7.5
vhost-25343 9.3
vhost-25343 9.4
vhost-25343 9.4
vhost-25343 9.6
