ksoftirqd/0 0.0
ksoftirqd/1 0.0
ksoftirqd/10 0.0
ksoftirqd/10 0.0
ksoftirqd/10 0.0
ksoftirqd/10 0.0
ksoftirqd/10 0.0
ksoftirqd/10 0.0
ksoftirqd/10 1.9
ksoftirqd/10 1.9
ksoftirqd/10 1.9
ksoftirqd/10 1.9
ksoftirqd/11 0.0
ksoftirqd/11 0.0
ksoftirqd/11 0.0
ksoftirqd/11 0.0
ksoftirqd/11 0.0
ksoftirqd/11 0.0
ksoftirqd/11 0.0
ksoftirqd/11 0.0
ksoftirqd/11 0.0
ksoftirqd/11 0.0
ksoftirqd/11 0.0
ksoftirqd/11 0.0
ksoftirqd/11 0.0
ksoftirqd/11 1.9
ksoftirqd/11 1.9
ksoftirqd/11 1.9
ksoftirqd/11 1.9
ksoftirqd/11 1.9
ksoftirqd/1 1.9
ksoftirqd/1 1.9
ksoftirqd/1 1.9
ksoftirqd/1 1.9
ksoftirqd/1 1.9
ksoftirqd/1 1.9
ksoftirqd/1 1.9
ksoftirqd/1 1.9
ksoftirqd/12 0.0
ksoftirqd/13 18.9
ksoftirqd/13 1.9
ksoftirqd/13 1.9
ksoftirqd/13 1.9
ksoftirqd/13 1.9
ksoftirqd/13 1.9
ksoftirqd/13 1.9
ksoftirqd/13 3.8
ksoftirqd/13 3.8
ksoftirqd/13 3.8
ksoftirqd/13 3.8
ksoftirqd/13 3.8
ksoftirqd/13 3.8
ksoftirqd/13 3.8
ksoftirqd/13 3.8
ksoftirqd/13 3.8
ksoftirqd/13 3.8
ksoftirqd/13 3.8
ksoftirqd/13 3.8
ksoftirqd/13 3.8
ksoftirqd/13 5.7
ksoftirqd/13 5.7
ksoftirqd/14 0.0
ksoftirqd/15 0.0
ksoftirqd/15 1.9
ksoftirqd/15 1.9
ksoftirqd/15 1.9
ksoftirqd/16 0.0
ksoftirqd/16 0.0
ksoftirqd/17 0.0
ksoftirqd/17 0.0
ksoftirqd/17 1.9
ksoftirqd/17 1.9
ksoftirqd/19 0.0
ksoftirqd/19 0.0
ksoftirqd/19 0.0
ksoftirqd/19 0.0
ksoftirqd/19 0.0
ksoftirqd/19 1.9
ksoftirqd/19 1.9
ksoftirqd/19 1.9
ksoftirqd/19 1.9
ksoftirqd/19 1.9
ksoftirqd/2 0.0
ksoftirqd/21 0.0
ksoftirqd/21 0.0
ksoftirqd/21 0.0
ksoftirqd/21 0.0
ksoftirqd/21 1.9
ksoftirqd/21 1.9
ksoftirqd/21 1.9
ksoftirqd/2 1.9
ksoftirqd/22 0.0
ksoftirqd/22 0.0
ksoftirqd/22 0.0
ksoftirqd/22 0.0
ksoftirqd/22 0.0
ksoftirqd/22 0.0
ksoftirqd/22 0.0
ksoftirqd/22 1.9
ksoftirqd/23 0.0
ksoftirqd/3 0.0
ksoftirqd/4 0.0
ksoftirqd/4 0.0
ksoftirqd/4 0.0
ksoftirqd/5 0.0
ksoftirqd/6 0.0
ksoftirqd/6 0.0
ksoftirqd/6 0.0
ksoftirqd/6 0.0
ksoftirqd/6 0.0
ksoftirqd/6 0.0
ksoftirqd/6 1.9
ksoftirqd/6 1.9
ksoftirqd/6 1.9
ksoftirqd/6 1.9
ksoftirqd/6 1.9
ksoftirqd/6 1.9
ksoftirqd/6 1.9
ksoftirqd/6 1.9
ksoftirqd/6 1.9
ksoftirqd/6 1.9
ksoftirqd/8 0.0
ksoftirqd/8 0.0
ksoftirqd/8 0.0
ksoftirqd/8 0.0
ksoftirqd/8 0.0
ksoftirqd/8 0.0
ksoftirqd/8 0.0
ksoftirqd/8 0.0
ksoftirqd/8 0.0
ksoftirqd/8 0.0
ksoftirqd/8 0.0
ksoftirqd/8 1.9
ksoftirqd/8 1.9
ksoftirqd/8 1.9
ksoftirqd/8 1.9
ksoftirqd/8 1.9
ksoftirqd/8 1.9
ksoftirqd/8 1.9
ksoftirqd/8 1.9
ksoftirqd/8 1.9
ksoftirqd/8 1.9
ksoftirqd/8 1.9
ksoftirqd/8 1.9
ksoftirqd/8 1.9
ksoftirqd/8 1.9
