vhost-26818 11.3
vhost-26818 11.3
vhost-26818 11.3
vhost-26818 11.3
vhost-26818 11.5
vhost-26818 13.0
vhost-26818 13.2
vhost-26818 13.2
vhost-26818 13.2
vhost-26818 13.2
vhost-26818 14.8
vhost-26818 14.8
vhost-26818 14.8
vhost-26818 14.8
vhost-26818 15.1
vhost-26818 15.1
vhost-26818 15.1
vhost-26818 15.1
vhost-26818 15.1
vhost-26818 15.1
vhost-26818 15.1
vhost-26818 15.1
vhost-26818 15.1
vhost-26818 15.1
vhost-26818 15.1
vhost-26818 15.1
vhost-26818 15.1
vhost-26818 15.1
vhost-26818 15.1
vhost-26818 15.4
vhost-26818 15.4
vhost-26818 15.4
vhost-26818 15.4
vhost-26818 15.4
vhost-26818 15.4
vhost-26818 15.4
vhost-26818 15.4
vhost-26818 15.4
vhost-26818 16.7
vhost-26818 16.7
vhost-26818 16.7
vhost-26818 16.7
vhost-26818 16.7
vhost-26818 16.7
vhost-26818 16.7
vhost-26818 16.7
vhost-26818 17.0
vhost-26818 17.0
vhost-26818 17.0
vhost-26818 17.0
vhost-26818 17.0
vhost-26818 17.0
vhost-26818 17.0
vhost-26818 17.0
vhost-26818 17.0
vhost-26818 17.0
vhost-26818 17.0
vhost-26818 17.0
vhost-26818 17.0
vhost-26818 17.0
vhost-26818 17.0
vhost-26818 17.3
vhost-26818 17.3
vhost-26818 17.3
vhost-26818 18.5
vhost-26818 18.9
vhost-26818 18.9
vhost-26818 18.9
vhost-26818 18.9
vhost-26818 18.9
vhost-26818 18.9
vhost-26818 18.9
vhost-26818 18.9
vhost-26818 18.9
vhost-26818 18.9
vhost-26818 18.9
vhost-26818 18.9
vhost-26818 18.9
vhost-26818 18.9
vhost-26818 18.9
vhost-26818 18.9
vhost-26818 19.2
vhost-26818 19.2
vhost-26818 19.2
vhost-26818 19.2
vhost-26818 20.4
vhost-26818 20.8
vhost-26818 20.8
vhost-26818 20.8
vhost-26818 20.8
vhost-26818 20.8
vhost-26818 20.8
vhost-26818 20.8
vhost-26818 20.8
vhost-26818 21.2
vhost-26818 22.6
vhost-26818 22.6
vhost-26818 22.6
vhost-26818 22.6
vhost-26818 23.1
vhost-26818 24.1
vhost-26818 24.5
vhost-26818 24.5
vhost-26818 25.0
vhost-26818 26.4
vhost-26818 27.8
vhost-26818 28.3
vhost-26818 29.6
vhost-26818 9.4
vhost-26818 9.4
