vhost-29967 11.1
vhost-29967 11.3
vhost-29967 11.3
vhost-29967 11.3
vhost-29967 11.3
vhost-29967 11.3
vhost-29967 13.2
vhost-29967 13.2
vhost-29967 13.2
vhost-29967 13.2
vhost-29967 13.2
vhost-29967 13.2
vhost-29967 13.2
vhost-29967 13.2
vhost-29967 13.2
vhost-29967 13.2
vhost-29967 13.2
vhost-29967 13.2
vhost-29967 13.5
vhost-29967 13.5
vhost-29967 13.5
vhost-29967 14.8
vhost-29967 15.1
vhost-29967 15.1
vhost-29967 15.1
vhost-29967 15.1
vhost-29967 15.1
vhost-29967 15.1
vhost-29967 15.1
vhost-29967 15.1
vhost-29967 15.1
vhost-29967 15.1
vhost-29967 15.1
vhost-29967 15.1
vhost-29967 15.1
vhost-29967 15.1
vhost-29967 15.1
vhost-29967 15.1
vhost-29967 15.1
vhost-29967 15.4
vhost-29967 15.4
vhost-29967 15.4
vhost-29967 15.4
vhost-29967 15.4
vhost-29967 15.4
vhost-29967 16.7
vhost-29967 16.7
vhost-29967 16.7
vhost-29967 16.7
vhost-29967 17.0
vhost-29967 17.0
vhost-29967 17.0
vhost-29967 17.0
vhost-29967 17.0
vhost-29967 17.0
vhost-29967 17.0
vhost-29967 17.0
vhost-29967 17.0
vhost-29967 17.0
vhost-29967 17.0
vhost-29967 17.0
vhost-29967 17.0
vhost-29967 17.0
vhost-29967 17.0
vhost-29967 17.0
vhost-29967 17.0
vhost-29967 17.0
vhost-29967 17.3
vhost-29967 17.3
vhost-29967 17.3
vhost-29967 17.3
vhost-29967 17.3
vhost-29967 17.3
vhost-29967 18.5
vhost-29967 18.5
vhost-29967 18.9
vhost-29967 18.9
vhost-29967 18.9
vhost-29967 18.9
vhost-29967 18.9
vhost-29967 18.9
vhost-29967 18.9
vhost-29967 18.9
vhost-29967 18.9
vhost-29967 18.9
vhost-29967 18.9
vhost-29967 18.9
vhost-29967 18.9
vhost-29967 18.9
vhost-29967 18.9
vhost-29967 18.9
vhost-29967 18.9
vhost-29967 18.9
vhost-29967 18.9
vhost-29967 18.9
vhost-29967 18.9
vhost-29967 19.2
vhost-29967 19.2
vhost-29967 19.2
vhost-29967 19.2
vhost-29967 19.2
vhost-29967 19.2
vhost-29967 20.4
vhost-29967 20.4
vhost-29967 20.4
vhost-29967 20.4
vhost-29967 20.4
vhost-29967 20.4
vhost-29967 20.4
vhost-29967 20.8
vhost-29967 20.8
vhost-29967 20.8
vhost-29967 20.8
vhost-29967 20.8
vhost-29967 20.8
vhost-29967 20.8
vhost-29967 20.8
vhost-29967 20.8
vhost-29967 20.8
vhost-29967 20.8
vhost-29967 21.2
vhost-29967 21.2
vhost-29967 21.2
vhost-29967 22.6
vhost-29967 22.6
vhost-29967 22.6
vhost-29967 22.6
vhost-29967 22.6
vhost-29967 23.1
vhost-29967 23.1
vhost-29967 24.5
vhost-29967 24.5
vhost-29967 25.0
vhost-29967 25.9
vhost-29967 25.9
vhost-29967 26.4
vhost-29967 26.4
vhost-29967 26.9
vhost-29967 26.9
vhost-29967 28.3
vhost-29967 28.3
vhost-29967 38.9
vhost-29967 39.6
vhost-29967 46.3
vhost-29967 9.4
vhost-29967 9.4
