vhost-31604 0.0
vhost-31604 11.3
vhost-31604 11.3
vhost-31604 11.3
vhost-31604 11.5
vhost-31604 13.0
vhost-31604 13.2
vhost-31604 13.2
vhost-31604 13.2
vhost-31604 13.2
vhost-31604 13.2
vhost-31604 13.2
vhost-31604 13.5
vhost-31604 13.5
vhost-31604 13.5
vhost-31604 14.8
vhost-31604 15.1
vhost-31604 15.1
vhost-31604 15.1
vhost-31604 15.1
vhost-31604 15.1
vhost-31604 15.1
vhost-31604 15.1
vhost-31604 15.1
vhost-31604 15.1
vhost-31604 15.1
vhost-31604 15.1
vhost-31604 15.1
vhost-31604 15.1
vhost-31604 15.1
vhost-31604 15.4
vhost-31604 15.4
vhost-31604 15.4
vhost-31604 16.7
vhost-31604 17.0
vhost-31604 17.0
vhost-31604 17.0
vhost-31604 17.0
vhost-31604 17.0
vhost-31604 17.0
vhost-31604 17.0
vhost-31604 17.0
vhost-31604 17.0
vhost-31604 17.0
vhost-31604 17.0
vhost-31604 17.0
vhost-31604 17.0
vhost-31604 17.0
vhost-31604 17.0
vhost-31604 17.0
vhost-31604 17.0
vhost-31604 17.0
vhost-31604 17.0
vhost-31604 17.0
vhost-31604 17.0
vhost-31604 17.0
vhost-31604 17.3
vhost-31604 17.3
vhost-31604 17.3
vhost-31604 17.3
vhost-31604 18.5
vhost-31604 18.9
vhost-31604 18.9
vhost-31604 18.9
vhost-31604 18.9
vhost-31604 18.9
vhost-31604 18.9
vhost-31604 18.9
vhost-31604 18.9
vhost-31604 18.9
vhost-31604 18.9
vhost-31604 18.9
vhost-31604 18.9
vhost-31604 18.9
vhost-31604 18.9
vhost-31604 19.2
vhost-31604 19.2
vhost-31604 19.2
vhost-31604 19.2
vhost-31604 20.4
vhost-31604 20.8
vhost-31604 20.8
vhost-31604 20.8
vhost-31604 20.8
vhost-31604 20.8
vhost-31604 20.8
vhost-31604 20.8
vhost-31604 20.8
vhost-31604 20.8
vhost-31604 20.8
vhost-31604 20.8
vhost-31604 20.8
vhost-31604 20.8
vhost-31604 21.2
vhost-31604 21.2
vhost-31604 21.2
vhost-31604 22.2
vhost-31604 22.2
vhost-31604 22.6
vhost-31604 22.6
vhost-31604 22.6
vhost-31604 22.6
vhost-31604 22.6
vhost-31604 22.6
vhost-31604 22.6
vhost-31604 22.6
vhost-31604 22.6
vhost-31604 22.6
vhost-31604 22.6
vhost-31604 22.6
vhost-31604 22.6
vhost-31604 22.6
vhost-31604 23.1
vhost-31604 23.1
vhost-31604 24.1
vhost-31604 24.1
vhost-31604 24.1
vhost-31604 24.5
vhost-31604 24.5
vhost-31604 24.5
vhost-31604 25.0
vhost-31604 25.9
vhost-31604 26.4
vhost-31604 26.4
vhost-31604 26.4
vhost-31604 26.4
vhost-31604 28.3
vhost-31604 28.8
vhost-31604 29.6
vhost-31604 29.6
vhost-31604 30.8
vhost-31604 32.1
vhost-31604 36.5
vhost-31604 36.5
vhost-31604 39.6
