vhost-29551 11.3
vhost-29551 11.3
vhost-29551 11.3
vhost-29551 11.3
vhost-29551 11.5
vhost-29551 13.0
vhost-29551 13.2
vhost-29551 13.2
vhost-29551 13.2
vhost-29551 13.2
vhost-29551 13.2
vhost-29551 13.2
vhost-29551 13.2
vhost-29551 13.5
vhost-29551 13.5
vhost-29551 15.1
vhost-29551 15.1
vhost-29551 15.1
vhost-29551 15.1
vhost-29551 15.1
vhost-29551 15.1
vhost-29551 15.1
vhost-29551 15.1
vhost-29551 15.4
vhost-29551 16.7
vhost-29551 17.0
vhost-29551 17.0
vhost-29551 17.0
vhost-29551 17.0
vhost-29551 17.0
vhost-29551 17.0
vhost-29551 17.0
vhost-29551 17.0
vhost-29551 17.0
vhost-29551 17.0
vhost-29551 17.0
vhost-29551 17.0
vhost-29551 17.0
vhost-29551 17.3
vhost-29551 17.3
vhost-29551 17.3
vhost-29551 17.3
vhost-29551 17.3
vhost-29551 17.3
vhost-29551 18.5
vhost-29551 18.5
vhost-29551 18.5
vhost-29551 18.9
vhost-29551 18.9
vhost-29551 18.9
vhost-29551 18.9
vhost-29551 18.9
vhost-29551 18.9
vhost-29551 18.9
vhost-29551 18.9
vhost-29551 18.9
vhost-29551 18.9
vhost-29551 18.9
vhost-29551 18.9
vhost-29551 18.9
vhost-29551 19.2
vhost-29551 19.2
vhost-29551 19.2
vhost-29551 19.2
vhost-29551 19.2
vhost-29551 19.2
vhost-29551 20.4
vhost-29551 20.4
vhost-29551 20.8
vhost-29551 20.8
vhost-29551 20.8
vhost-29551 20.8
vhost-29551 20.8
vhost-29551 20.8
vhost-29551 20.8
vhost-29551 20.8
vhost-29551 20.8
vhost-29551 20.8
vhost-29551 20.8
vhost-29551 20.8
vhost-29551 20.8
vhost-29551 21.2
vhost-29551 21.2
vhost-29551 22.2
vhost-29551 22.2
vhost-29551 22.2
vhost-29551 22.6
vhost-29551 22.6
vhost-29551 22.6
vhost-29551 22.6
vhost-29551 22.6
vhost-29551 22.6
vhost-29551 22.6
vhost-29551 22.6
vhost-29551 22.6
vhost-29551 22.6
vhost-29551 22.6
vhost-29551 22.6
vhost-29551 22.6
vhost-29551 22.6
vhost-29551 22.6
vhost-29551 22.6
vhost-29551 22.6
vhost-29551 22.6
vhost-29551 22.6
vhost-29551 22.6
vhost-29551 23.1
vhost-29551 23.1
vhost-29551 23.1
vhost-29551 24.1
vhost-29551 24.1
vhost-29551 24.5
vhost-29551 24.5
vhost-29551 24.5
vhost-29551 24.5
vhost-29551 24.5
vhost-29551 24.5
vhost-29551 24.5
vhost-29551 25.0
vhost-29551 25.9
vhost-29551 25.9
vhost-29551 25.9
vhost-29551 26.4
vhost-29551 26.4
vhost-29551 26.4
vhost-29551 26.4
vhost-29551 26.4
vhost-29551 26.4
vhost-29551 26.4
vhost-29551 26.4
vhost-29551 26.9
vhost-29551 26.9
vhost-29551 27.8
vhost-29551 28.3
vhost-29551 28.3
vhost-29551 28.3
vhost-29551 28.3
vhost-29551 28.3
vhost-29551 28.8
vhost-29551 28.8
vhost-29551 29.6
vhost-29551 29.6
vhost-29551 30.2
vhost-29551 30.2
vhost-29551 30.2
vhost-29551 30.2
vhost-29551 30.2
vhost-29551 32.7
vhost-29551 32.7
vhost-29551 33.3
vhost-29551 33.3
vhost-29551 34.0
vhost-29551 34.0
vhost-29551 44.4
vhost-29551 9.4
vhost-29551 9.4
vhost-29551 9.4
vhost-29551 9.4
vhost-29551 9.6
