vhost-11913 10.9
vhost-11913 11.1
vhost-11913 11.1
vhost-11913 11.1
vhost-11913 11.3
vhost-11913 11.3
vhost-11913 11.3
vhost-11913 11.5
vhost-11913 13.0
vhost-11913 13.0
vhost-11913 13.0
vhost-11913 13.0
vhost-11913 13.2
vhost-11913 13.2
vhost-11913 13.2
vhost-11913 13.2
vhost-11913 13.2
vhost-11913 13.2
vhost-11913 13.2
vhost-11913 13.2
vhost-11913 13.2
vhost-11913 13.5
vhost-11913 14.8
vhost-11913 14.8
vhost-11913 14.8
vhost-11913 15.1
vhost-11913 15.1
vhost-11913 15.1
vhost-11913 15.1
vhost-11913 15.1
vhost-11913 15.1
vhost-11913 15.1
vhost-11913 15.1
vhost-11913 15.1
vhost-11913 15.1
vhost-11913 15.1
vhost-11913 15.1
vhost-11913 15.1
vhost-11913 15.1
vhost-11913 15.1
vhost-11913 15.4
vhost-11913 16.7
vhost-11913 16.7
vhost-11913 16.7
vhost-11913 16.7
vhost-11913 16.7
vhost-11913 16.7
vhost-11913 16.7
vhost-11913 17.0
vhost-11913 17.0
vhost-11913 17.0
vhost-11913 17.0
vhost-11913 17.0
vhost-11913 17.0
vhost-11913 17.0
vhost-11913 17.0
vhost-11913 17.0
vhost-11913 17.0
vhost-11913 17.0
vhost-11913 17.0
vhost-11913 17.0
vhost-11913 17.0
vhost-11913 17.0
vhost-11913 17.0
vhost-11913 17.0
vhost-11913 17.0
vhost-11913 17.3
vhost-11913 17.3
vhost-11913 18.5
vhost-11913 18.5
vhost-11913 18.5
vhost-11913 18.5
vhost-11913 18.5
vhost-11913 18.5
vhost-11913 18.5
vhost-11913 18.9
vhost-11913 18.9
vhost-11913 18.9
vhost-11913 18.9
vhost-11913 18.9
vhost-11913 18.9
vhost-11913 18.9
vhost-11913 18.9
vhost-11913 18.9
vhost-11913 18.9
vhost-11913 18.9
vhost-11913 18.9
vhost-11913 18.9
vhost-11913 18.9
vhost-11913 18.9
vhost-11913 18.9
vhost-11913 18.9
vhost-11913 19.2
vhost-11913 19.2
vhost-11913 19.2
vhost-11913 20.4
vhost-11913 20.4
vhost-11913 20.4
vhost-11913 20.8
vhost-11913 20.8
vhost-11913 20.8
vhost-11913 20.8
vhost-11913 20.8
vhost-11913 20.8
vhost-11913 20.8
vhost-11913 20.8
vhost-11913 20.8
vhost-11913 21.2
vhost-11913 21.2
vhost-11913 21.2
vhost-11913 22.2
vhost-11913 22.2
vhost-11913 22.2
vhost-11913 22.6
vhost-11913 22.6
vhost-11913 22.6
vhost-11913 22.6
vhost-11913 23.6
vhost-11913 24.1
vhost-11913 24.1
vhost-11913 24.1
vhost-11913 24.5
vhost-11913 24.5
vhost-11913 24.5
vhost-11913 24.5
vhost-11913 25.9
vhost-11913 30.2
vhost-11913 5.7
vhost-11913 5.7
vhost-11913 9.3
vhost-11913 9.4
vhost-11913 9.4
vhost-11913 9.4
vhost-11913 9.4
vhost-11913 9.6
