vhost-6394 11.1
vhost-6394 11.3
vhost-6394 11.3
vhost-6394 11.3
vhost-6394 11.3
vhost-6394 11.3
vhost-6394 11.3
vhost-6394 11.3
vhost-6394 11.5
vhost-6394 13.0
vhost-6394 13.0
vhost-6394 13.2
vhost-6394 13.2
vhost-6394 13.2
vhost-6394 13.2
vhost-6394 13.2
vhost-6394 13.2
vhost-6394 13.2
vhost-6394 13.2
vhost-6394 13.2
vhost-6394 13.2
vhost-6394 13.2
vhost-6394 13.2
vhost-6394 13.5
vhost-6394 14.8
vhost-6394 14.8
vhost-6394 14.8
vhost-6394 14.8
vhost-6394 14.8
vhost-6394 15.1
vhost-6394 15.1
vhost-6394 15.1
vhost-6394 15.1
vhost-6394 15.1
vhost-6394 15.1
vhost-6394 15.1
vhost-6394 15.1
vhost-6394 15.1
vhost-6394 15.1
vhost-6394 15.1
vhost-6394 15.1
vhost-6394 15.1
vhost-6394 15.1
vhost-6394 15.1
vhost-6394 15.1
vhost-6394 15.1
vhost-6394 15.1
vhost-6394 15.1
vhost-6394 15.1
vhost-6394 15.1
vhost-6394 15.4
vhost-6394 15.4
vhost-6394 15.4
vhost-6394 16.4
vhost-6394 16.7
vhost-6394 16.7
vhost-6394 16.7
vhost-6394 16.7
vhost-6394 16.7
vhost-6394 16.7
vhost-6394 16.7
vhost-6394 16.7
vhost-6394 16.7
vhost-6394 16.7
vhost-6394 16.7
vhost-6394 16.7
vhost-6394 16.7
vhost-6394 17.0
vhost-6394 17.0
vhost-6394 17.0
vhost-6394 17.0
vhost-6394 17.0
vhost-6394 17.0
vhost-6394 17.0
vhost-6394 17.0
vhost-6394 17.0
vhost-6394 17.0
vhost-6394 17.0
vhost-6394 17.0
vhost-6394 17.0
vhost-6394 17.0
vhost-6394 17.0
vhost-6394 17.0
vhost-6394 17.0
vhost-6394 17.0
vhost-6394 17.0
vhost-6394 17.0
vhost-6394 17.3
vhost-6394 17.3
vhost-6394 17.3
vhost-6394 17.3
vhost-6394 17.3
vhost-6394 17.3
vhost-6394 18.2
vhost-6394 18.5
vhost-6394 18.5
vhost-6394 18.5
vhost-6394 18.5
vhost-6394 18.5
vhost-6394 18.5
vhost-6394 18.5
vhost-6394 18.9
vhost-6394 18.9
vhost-6394 18.9
vhost-6394 18.9
vhost-6394 18.9
vhost-6394 18.9
vhost-6394 18.9
vhost-6394 18.9
vhost-6394 18.9
vhost-6394 18.9
vhost-6394 18.9
vhost-6394 18.9
vhost-6394 18.9
vhost-6394 18.9
vhost-6394 18.9
vhost-6394 18.9
vhost-6394 20.4
vhost-6394 20.4
vhost-6394 20.4
vhost-6394 20.4
vhost-6394 20.8
vhost-6394 20.8
vhost-6394 20.8
vhost-6394 20.8
vhost-6394 20.8
vhost-6394 20.8
vhost-6394 20.8
vhost-6394 20.8
vhost-6394 20.8
vhost-6394 20.8
vhost-6394 20.8
vhost-6394 20.8
vhost-6394 20.8
vhost-6394 21.2
vhost-6394 21.2
vhost-6394 21.2
vhost-6394 21.2
vhost-6394 22.2
vhost-6394 22.2
vhost-6394 22.2
vhost-6394 22.2
vhost-6394 22.6
vhost-6394 22.6
vhost-6394 22.6
vhost-6394 22.6
vhost-6394 22.6
vhost-6394 22.6
vhost-6394 22.6
vhost-6394 23.1
vhost-6394 23.1
vhost-6394 24.1
vhost-6394 24.5
vhost-6394 24.5
vhost-6394 24.5
vhost-6394 25.9
vhost-6394 26.4
vhost-6394 26.4
vhost-6394 28.3
vhost-6394 29.6
vhost-6394 43.4
vhost-6394 50.9
vhost-6394 58.2
vhost-6394 9.4
vhost-6394 9.4
vhost-6394 9.6
