vhost-9354 11.3
vhost-9354 11.3
vhost-9354 11.3
vhost-9354 13.0
vhost-9354 13.2
vhost-9354 13.2
vhost-9354 13.2
vhost-9354 13.2
vhost-9354 13.2
vhost-9354 13.2
vhost-9354 13.2
vhost-9354 13.2
vhost-9354 13.2
vhost-9354 13.2
vhost-9354 13.5
vhost-9354 13.5
vhost-9354 14.8
vhost-9354 14.8
vhost-9354 14.8
vhost-9354 14.8
vhost-9354 14.8
vhost-9354 14.8
vhost-9354 15.1
vhost-9354 15.1
vhost-9354 15.1
vhost-9354 15.1
vhost-9354 15.1
vhost-9354 15.1
vhost-9354 15.1
vhost-9354 15.1
vhost-9354 15.1
vhost-9354 15.1
vhost-9354 15.4
vhost-9354 15.4
vhost-9354 15.4
vhost-9354 16.7
vhost-9354 16.7
vhost-9354 16.7
vhost-9354 16.7
vhost-9354 16.7
vhost-9354 16.7
vhost-9354 16.7
vhost-9354 17.0
vhost-9354 17.0
vhost-9354 17.0
vhost-9354 17.0
vhost-9354 17.0
vhost-9354 17.0
vhost-9354 17.0
vhost-9354 17.0
vhost-9354 17.0
vhost-9354 17.0
vhost-9354 17.0
vhost-9354 17.0
vhost-9354 17.0
vhost-9354 17.0
vhost-9354 17.0
vhost-9354 17.0
vhost-9354 17.0
vhost-9354 17.0
vhost-9354 17.0
vhost-9354 17.0
vhost-9354 17.0
vhost-9354 17.0
vhost-9354 17.3
vhost-9354 17.3
vhost-9354 18.5
vhost-9354 18.5
vhost-9354 18.5
vhost-9354 18.5
vhost-9354 18.5
vhost-9354 18.5
vhost-9354 18.9
vhost-9354 18.9
vhost-9354 18.9
vhost-9354 18.9
vhost-9354 18.9
vhost-9354 18.9
vhost-9354 18.9
vhost-9354 18.9
vhost-9354 18.9
vhost-9354 18.9
vhost-9354 18.9
vhost-9354 18.9
vhost-9354 19.2
vhost-9354 20.4
vhost-9354 20.4
vhost-9354 20.4
vhost-9354 20.4
vhost-9354 20.4
vhost-9354 20.8
vhost-9354 20.8
vhost-9354 20.8
vhost-9354 20.8
vhost-9354 20.8
vhost-9354 20.8
vhost-9354 20.8
vhost-9354 20.8
vhost-9354 20.8
vhost-9354 20.8
vhost-9354 20.8
vhost-9354 20.8
vhost-9354 21.2
vhost-9354 22.2
vhost-9354 22.2
vhost-9354 22.2
vhost-9354 22.2
vhost-9354 22.6
vhost-9354 22.6
vhost-9354 22.6
vhost-9354 22.6
vhost-9354 22.6
vhost-9354 22.6
vhost-9354 22.6
vhost-9354 24.1
vhost-9354 24.1
vhost-9354 24.5
vhost-9354 28.3
vhost-9354 35.8
vhost-9354 50.9
