vhost-12705 11.1
vhost-12705 11.3
vhost-12705 11.3
vhost-12705 11.3
vhost-12705 11.3
vhost-12705 11.3
vhost-12705 11.3
vhost-12705 11.3
vhost-12705 11.3
vhost-12705 11.5
vhost-12705 12.7
vhost-12705 13.0
vhost-12705 13.0
vhost-12705 13.0
vhost-12705 13.0
vhost-12705 13.0
vhost-12705 13.2
vhost-12705 13.2
vhost-12705 13.2
vhost-12705 13.2
vhost-12705 13.2
vhost-12705 13.2
vhost-12705 13.2
vhost-12705 13.2
vhost-12705 13.2
vhost-12705 13.2
vhost-12705 13.2
vhost-12705 13.2
vhost-12705 13.5
vhost-12705 14.5
vhost-12705 14.8
vhost-12705 14.8
vhost-12705 15.1
vhost-12705 15.1
vhost-12705 15.1
vhost-12705 15.1
vhost-12705 15.1
vhost-12705 15.1
vhost-12705 15.1
vhost-12705 15.1
vhost-12705 15.1
vhost-12705 15.1
vhost-12705 15.1
vhost-12705 15.1
vhost-12705 15.1
vhost-12705 15.4
vhost-12705 15.4
vhost-12705 15.4
vhost-12705 15.4
vhost-12705 16.7
vhost-12705 17.0
vhost-12705 17.0
vhost-12705 17.0
vhost-12705 17.0
vhost-12705 17.0
vhost-12705 17.0
vhost-12705 17.0
vhost-12705 17.0
vhost-12705 17.0
vhost-12705 17.0
vhost-12705 17.0
vhost-12705 17.0
vhost-12705 17.0
vhost-12705 17.0
vhost-12705 17.0
vhost-12705 17.0
vhost-12705 17.3
vhost-12705 17.3
vhost-12705 18.5
vhost-12705 18.5
vhost-12705 18.5
vhost-12705 18.5
vhost-12705 18.5
vhost-12705 18.5
vhost-12705 18.5
vhost-12705 18.5
vhost-12705 18.9
vhost-12705 18.9
vhost-12705 18.9
vhost-12705 18.9
vhost-12705 18.9
vhost-12705 18.9
vhost-12705 18.9
vhost-12705 18.9
vhost-12705 18.9
vhost-12705 18.9
vhost-12705 18.9
vhost-12705 18.9
vhost-12705 18.9
vhost-12705 18.9
vhost-12705 18.9
vhost-12705 18.9
vhost-12705 19.2
vhost-12705 20.4
vhost-12705 20.4
vhost-12705 20.8
vhost-12705 20.8
vhost-12705 20.8
vhost-12705 20.8
vhost-12705 20.8
vhost-12705 20.8
vhost-12705 20.8
vhost-12705 20.8
vhost-12705 20.8
vhost-12705 20.8
vhost-12705 20.8
vhost-12705 21.2
vhost-12705 21.2
vhost-12705 22.2
vhost-12705 22.6
vhost-12705 22.6
vhost-12705 22.6
vhost-12705 22.6
vhost-12705 22.6
vhost-12705 24.5
vhost-12705 24.5
vhost-12705 24.5
vhost-12705 24.5
vhost-12705 24.5
vhost-12705 24.5
vhost-12705 25.9
vhost-12705 26.4
vhost-12705 26.4
vhost-12705 26.4
vhost-12705 26.4
vhost-12705 29.6
vhost-12705 29.6
vhost-12705 30.2
vhost-12705 30.8
vhost-12705 32.1
vhost-12705 34.0
vhost-12705 7.4
vhost-12705 9.4
