vhost-10068 11.3
vhost-10068 11.3
vhost-10068 11.3
vhost-10068 11.5
vhost-10068 12.7
vhost-10068 13.0
vhost-10068 13.0
vhost-10068 13.0
vhost-10068 13.0
vhost-10068 13.2
vhost-10068 13.2
vhost-10068 13.2
vhost-10068 13.2
vhost-10068 13.2
vhost-10068 13.2
vhost-10068 13.2
vhost-10068 13.2
vhost-10068 13.2
vhost-10068 13.2
vhost-10068 13.2
vhost-10068 13.2
vhost-10068 13.2
vhost-10068 13.2
vhost-10068 13.2
vhost-10068 13.2
vhost-10068 13.2
vhost-10068 13.5
vhost-10068 14.8
vhost-10068 14.8
vhost-10068 15.1
vhost-10068 15.1
vhost-10068 15.1
vhost-10068 15.1
vhost-10068 15.1
vhost-10068 15.1
vhost-10068 15.1
vhost-10068 15.1
vhost-10068 15.1
vhost-10068 15.1
vhost-10068 15.1
vhost-10068 15.1
vhost-10068 15.1
vhost-10068 15.1
vhost-10068 15.1
vhost-10068 15.1
vhost-10068 15.1
vhost-10068 15.1
vhost-10068 15.1
vhost-10068 15.1
vhost-10068 15.1
vhost-10068 15.1
vhost-10068 15.1
vhost-10068 15.4
vhost-10068 16.7
vhost-10068 16.7
vhost-10068 16.7
vhost-10068 16.7
vhost-10068 16.7
vhost-10068 16.7
vhost-10068 16.7
vhost-10068 16.7
vhost-10068 16.7
vhost-10068 17.0
vhost-10068 17.0
vhost-10068 17.0
vhost-10068 17.0
vhost-10068 17.0
vhost-10068 17.0
vhost-10068 17.0
vhost-10068 17.0
vhost-10068 17.0
vhost-10068 17.0
vhost-10068 17.0
vhost-10068 17.0
vhost-10068 17.0
vhost-10068 17.0
vhost-10068 17.3
vhost-10068 17.3
vhost-10068 17.3
vhost-10068 18.5
vhost-10068 18.5
vhost-10068 18.5
vhost-10068 18.5
vhost-10068 18.5
vhost-10068 18.9
vhost-10068 18.9
vhost-10068 18.9
vhost-10068 18.9
vhost-10068 18.9
vhost-10068 18.9
vhost-10068 18.9
vhost-10068 18.9
vhost-10068 18.9
vhost-10068 18.9
vhost-10068 18.9
vhost-10068 18.9
vhost-10068 18.9
vhost-10068 18.9
vhost-10068 18.9
vhost-10068 18.9
vhost-10068 18.9
vhost-10068 18.9
vhost-10068 18.9
vhost-10068 18.9
vhost-10068 18.9
vhost-10068 19.2
vhost-10068 20.4
vhost-10068 20.4
vhost-10068 20.4
vhost-10068 20.8
vhost-10068 20.8
vhost-10068 20.8
vhost-10068 20.8
vhost-10068 20.8
vhost-10068 20.8
vhost-10068 20.8
vhost-10068 20.8
vhost-10068 20.8
vhost-10068 20.8
vhost-10068 20.8
vhost-10068 20.8
vhost-10068 21.2
vhost-10068 21.2
vhost-10068 22.2
vhost-10068 22.2
vhost-10068 22.2
vhost-10068 22.6
vhost-10068 22.6
vhost-10068 22.6
vhost-10068 22.6
vhost-10068 22.6
vhost-10068 22.6
vhost-10068 22.6
vhost-10068 22.6
vhost-10068 22.6
vhost-10068 22.6
vhost-10068 22.6
vhost-10068 22.6
vhost-10068 22.6
vhost-10068 22.6
vhost-10068 23.1
vhost-10068 23.1
vhost-10068 24.1
vhost-10068 24.5
vhost-10068 24.5
vhost-10068 24.5
vhost-10068 24.5
vhost-10068 25.0
vhost-10068 26.4
vhost-10068 26.4
vhost-10068 27.8
vhost-10068 28.3
vhost-10068 28.8
vhost-10068 30.2
vhost-10068 35.2
vhost-10068 45.3
vhost-10068 60.4
vhost-10068 66.0
vhost-10068 70.4
vhost-10068 79.6
vhost-10068 9.4
vhost-10068 9.4
