vhost-7231 11.1
vhost-7231 11.3
vhost-7231 11.3
vhost-7231 11.3
vhost-7231 11.3
vhost-7231 11.3
vhost-7231 11.3
vhost-7231 11.5
vhost-7231 13.0
vhost-7231 13.2
vhost-7231 13.2
vhost-7231 13.2
vhost-7231 13.2
vhost-7231 13.2
vhost-7231 13.2
vhost-7231 13.2
vhost-7231 13.2
vhost-7231 13.2
vhost-7231 13.2
vhost-7231 13.2
vhost-7231 13.5
vhost-7231 13.5
vhost-7231 14.8
vhost-7231 14.8
vhost-7231 14.8
vhost-7231 15.1
vhost-7231 15.1
vhost-7231 15.1
vhost-7231 15.1
vhost-7231 15.1
vhost-7231 15.1
vhost-7231 15.1
vhost-7231 15.1
vhost-7231 15.1
vhost-7231 15.1
vhost-7231 15.1
vhost-7231 15.1
vhost-7231 15.1
vhost-7231 15.1
vhost-7231 15.1
vhost-7231 15.1
vhost-7231 15.1
vhost-7231 15.1
vhost-7231 15.4
vhost-7231 15.4
vhost-7231 15.4
vhost-7231 16.7
vhost-7231 16.7
vhost-7231 16.7
vhost-7231 16.7
vhost-7231 16.7
vhost-7231 16.7
vhost-7231 16.7
vhost-7231 17.0
vhost-7231 17.0
vhost-7231 17.0
vhost-7231 17.0
vhost-7231 17.0
vhost-7231 17.0
vhost-7231 17.0
vhost-7231 17.0
vhost-7231 17.0
vhost-7231 17.0
vhost-7231 17.0
vhost-7231 17.3
vhost-7231 17.3
vhost-7231 17.3
vhost-7231 18.2
vhost-7231 18.5
vhost-7231 18.5
vhost-7231 18.5
vhost-7231 18.5
vhost-7231 18.5
vhost-7231 18.5
vhost-7231 18.9
vhost-7231 18.9
vhost-7231 18.9
vhost-7231 18.9
vhost-7231 18.9
vhost-7231 18.9
vhost-7231 18.9
vhost-7231 18.9
vhost-7231 18.9
vhost-7231 19.2
vhost-7231 20.0
vhost-7231 20.4
vhost-7231 20.4
vhost-7231 20.4
vhost-7231 20.8
vhost-7231 20.8
vhost-7231 20.8
vhost-7231 20.8
vhost-7231 20.8
vhost-7231 20.8
vhost-7231 20.8
vhost-7231 20.8
vhost-7231 20.8
vhost-7231 20.8
vhost-7231 20.8
vhost-7231 20.8
vhost-7231 21.2
vhost-7231 21.8
vhost-7231 22.2
vhost-7231 22.2
vhost-7231 22.2
vhost-7231 22.6
vhost-7231 22.6
vhost-7231 22.6
vhost-7231 22.6
vhost-7231 22.6
vhost-7231 23.1
vhost-7231 24.1
vhost-7231 24.1
vhost-7231 24.1
vhost-7231 24.5
vhost-7231 24.5
vhost-7231 25.0
vhost-7231 25.9
vhost-7231 25.9
vhost-7231 26.4
vhost-7231 26.4
vhost-7231 26.4
vhost-7231 26.4
vhost-7231 26.4
vhost-7231 26.4
vhost-7231 27.8
vhost-7231 27.8
vhost-7231 28.3
vhost-7231 28.3
vhost-7231 29.6
vhost-7231 30.2
vhost-7231 38.9
vhost-7231 5.7
vhost-7231 5.8
vhost-7231 7.5
vhost-7231 7.5
vhost-7231 9.3
vhost-7231 9.3
vhost-7231 9.4
vhost-7231 9.4
