vhost-7750 11.1
vhost-7750 11.1
vhost-7750 11.3
vhost-7750 11.3
vhost-7750 11.3
vhost-7750 11.3
vhost-7750 11.3
vhost-7750 11.3
vhost-7750 11.3
vhost-7750 11.3
vhost-7750 11.3
vhost-7750 13.0
vhost-7750 13.0
vhost-7750 13.0
vhost-7750 13.0
vhost-7750 13.0
vhost-7750 13.2
vhost-7750 13.2
vhost-7750 13.2
vhost-7750 13.2
vhost-7750 13.2
vhost-7750 13.2
vhost-7750 13.2
vhost-7750 13.2
vhost-7750 13.2
vhost-7750 13.2
vhost-7750 13.2
vhost-7750 14.8
vhost-7750 14.8
vhost-7750 14.8
vhost-7750 14.8
vhost-7750 15.1
vhost-7750 15.1
vhost-7750 15.1
vhost-7750 15.1
vhost-7750 15.1
vhost-7750 15.1
vhost-7750 15.1
vhost-7750 15.1
vhost-7750 15.1
vhost-7750 15.1
vhost-7750 15.1
vhost-7750 15.1
vhost-7750 15.1
vhost-7750 15.1
vhost-7750 15.1
vhost-7750 15.1
vhost-7750 15.1
vhost-7750 15.1
vhost-7750 15.1
vhost-7750 15.4
vhost-7750 15.4
vhost-7750 16.7
vhost-7750 16.7
vhost-7750 16.7
vhost-7750 16.7
vhost-7750 16.7
vhost-7750 17.0
vhost-7750 17.0
vhost-7750 17.0
vhost-7750 17.0
vhost-7750 17.0
vhost-7750 17.0
vhost-7750 17.0
vhost-7750 17.0
vhost-7750 17.0
vhost-7750 17.0
vhost-7750 17.0
vhost-7750 17.3
vhost-7750 17.3
vhost-7750 17.3
vhost-7750 18.5
vhost-7750 18.5
vhost-7750 18.5
vhost-7750 18.9
vhost-7750 18.9
vhost-7750 18.9
vhost-7750 18.9
vhost-7750 18.9
vhost-7750 18.9
vhost-7750 18.9
vhost-7750 18.9
vhost-7750 18.9
vhost-7750 18.9
vhost-7750 18.9
vhost-7750 19.2
vhost-7750 19.2
vhost-7750 19.2
vhost-7750 19.2
vhost-7750 20.4
vhost-7750 20.4
vhost-7750 20.4
vhost-7750 20.4
vhost-7750 20.4
vhost-7750 20.4
vhost-7750 20.8
vhost-7750 20.8
vhost-7750 20.8
vhost-7750 20.8
vhost-7750 20.8
vhost-7750 20.8
vhost-7750 20.8
vhost-7750 20.8
vhost-7750 20.8
vhost-7750 20.8
vhost-7750 21.2
vhost-7750 21.2
vhost-7750 22.2
vhost-7750 22.2
vhost-7750 22.6
vhost-7750 22.6
vhost-7750 22.6
vhost-7750 22.6
vhost-7750 22.6
vhost-7750 23.1
vhost-7750 24.1
vhost-7750 24.5
vhost-7750 24.5
vhost-7750 24.5
vhost-7750 24.5
vhost-7750 24.5
vhost-7750 25.9
vhost-7750 26.4
vhost-7750 26.4
vhost-7750 27.8
vhost-7750 30.2
vhost-7750 7.5
vhost-7750 7.7
vhost-7750 7.7
vhost-7750 9.4
vhost-7750 9.4
vhost-7750 9.4
vhost-7750 9.4
