vhost-11097 11.1
vhost-11097 11.1
vhost-11097 11.3
vhost-11097 11.3
vhost-11097 13.0
vhost-11097 13.2
vhost-11097 13.2
vhost-11097 13.2
vhost-11097 13.2
vhost-11097 13.2
vhost-11097 13.2
vhost-11097 13.2
vhost-11097 13.2
vhost-11097 13.5
vhost-11097 13.5
vhost-11097 13.5
vhost-11097 14.8
vhost-11097 14.8
vhost-11097 14.8
vhost-11097 14.8
vhost-11097 15.1
vhost-11097 15.1
vhost-11097 15.1
vhost-11097 15.1
vhost-11097 15.1
vhost-11097 15.1
vhost-11097 15.1
vhost-11097 15.1
vhost-11097 15.1
vhost-11097 15.1
vhost-11097 15.4
vhost-11097 15.4
vhost-11097 16.7
vhost-11097 16.7
vhost-11097 16.7
vhost-11097 16.7
vhost-11097 17.0
vhost-11097 17.0
vhost-11097 17.0
vhost-11097 17.0
vhost-11097 17.0
vhost-11097 17.0
vhost-11097 17.0
vhost-11097 17.0
vhost-11097 17.0
vhost-11097 17.0
vhost-11097 17.3
vhost-11097 18.5
vhost-11097 18.5
vhost-11097 18.5
vhost-11097 18.5
vhost-11097 18.5
vhost-11097 18.5
vhost-11097 18.9
vhost-11097 18.9
vhost-11097 18.9
vhost-11097 18.9
vhost-11097 18.9
vhost-11097 18.9
vhost-11097 18.9
vhost-11097 18.9
vhost-11097 18.9
vhost-11097 18.9
vhost-11097 18.9
vhost-11097 18.9
vhost-11097 18.9
vhost-11097 18.9
vhost-11097 18.9
vhost-11097 19.2
vhost-11097 19.2
vhost-11097 19.2
vhost-11097 20.4
vhost-11097 20.4
vhost-11097 20.8
vhost-11097 20.8
vhost-11097 20.8
vhost-11097 20.8
vhost-11097 20.8
vhost-11097 20.8
vhost-11097 20.8
vhost-11097 20.8
vhost-11097 20.8
vhost-11097 20.8
vhost-11097 20.8
vhost-11097 20.8
vhost-11097 20.8
vhost-11097 20.8
vhost-11097 20.8
vhost-11097 20.8
vhost-11097 20.8
vhost-11097 20.8
vhost-11097 20.8
vhost-11097 21.2
vhost-11097 21.2
vhost-11097 22.2
vhost-11097 22.2
vhost-11097 22.2
vhost-11097 22.6
vhost-11097 22.6
vhost-11097 22.6
vhost-11097 22.6
vhost-11097 22.6
vhost-11097 22.6
vhost-11097 22.6
vhost-11097 22.6
vhost-11097 22.6
vhost-11097 22.6
vhost-11097 22.6
vhost-11097 22.6
vhost-11097 22.6
vhost-11097 22.6
vhost-11097 22.6
vhost-11097 22.6
vhost-11097 24.5
vhost-11097 24.5
vhost-11097 24.5
vhost-11097 24.5
vhost-11097 24.5
vhost-11097 24.5
vhost-11097 24.5
vhost-11097 24.5
vhost-11097 24.5
vhost-11097 24.5
vhost-11097 24.5
vhost-11097 24.5
vhost-11097 24.5
vhost-11097 25.9
vhost-11097 26.4
vhost-11097 26.9
vhost-11097 26.9
vhost-11097 28.3
vhost-11097 30.2
vhost-11097 30.2
vhost-11097 32.1
vhost-11097 32.1
vhost-11097 32.1
vhost-11097 32.1
vhost-11097 5.7
vhost-11097 72.2
vhost-11097 7.5
vhost-11097 9.4
vhost-11097 9.4
