vhost-7549 11.1
vhost-7549 11.3
vhost-7549 11.3
vhost-7549 11.3
vhost-7549 11.3
vhost-7549 11.3
vhost-7549 13.0
vhost-7549 13.0
vhost-7549 13.0
vhost-7549 13.2
vhost-7549 13.2
vhost-7549 13.2
vhost-7549 13.2
vhost-7549 13.2
vhost-7549 13.2
vhost-7549 13.2
vhost-7549 13.2
vhost-7549 13.2
vhost-7549 13.2
vhost-7549 13.5
vhost-7549 13.5
vhost-7549 14.8
vhost-7549 14.8
vhost-7549 14.8
vhost-7549 14.8
vhost-7549 14.8
vhost-7549 14.8
vhost-7549 14.8
vhost-7549 15.1
vhost-7549 15.1
vhost-7549 15.1
vhost-7549 15.1
vhost-7549 15.1
vhost-7549 15.1
vhost-7549 15.1
vhost-7549 15.1
vhost-7549 15.1
vhost-7549 15.1
vhost-7549 15.1
vhost-7549 15.1
vhost-7549 15.1
vhost-7549 15.1
vhost-7549 15.1
vhost-7549 15.1
vhost-7549 15.1
vhost-7549 15.1
vhost-7549 15.1
vhost-7549 15.1
vhost-7549 15.1
vhost-7549 15.4
vhost-7549 15.4
vhost-7549 16.4
vhost-7549 16.7
vhost-7549 16.7
vhost-7549 16.7
vhost-7549 16.7
vhost-7549 16.7
vhost-7549 17.0
vhost-7549 17.0
vhost-7549 17.0
vhost-7549 17.0
vhost-7549 17.0
vhost-7549 17.0
vhost-7549 17.0
vhost-7549 17.0
vhost-7549 17.0
vhost-7549 17.0
vhost-7549 17.3
vhost-7549 18.5
vhost-7549 18.5
vhost-7549 18.5
vhost-7549 18.5
vhost-7549 18.5
vhost-7549 18.9
vhost-7549 18.9
vhost-7549 18.9
vhost-7549 18.9
vhost-7549 18.9
vhost-7549 18.9
vhost-7549 18.9
vhost-7549 18.9
vhost-7549 19.2
vhost-7549 20.4
vhost-7549 20.4
vhost-7549 20.8
vhost-7549 20.8
vhost-7549 20.8
vhost-7549 20.8
vhost-7549 20.8
vhost-7549 20.8
vhost-7549 21.2
vhost-7549 22.2
vhost-7549 22.6
vhost-7549 22.6
vhost-7549 22.6
vhost-7549 22.6
vhost-7549 22.6
vhost-7549 23.1
vhost-7549 26.9
vhost-7549 27.8
vhost-7549 7.5
vhost-7549 9.3
vhost-7549 9.3
vhost-7549 9.4
vhost-7549 9.4
vhost-7549 9.6
