vhost-10589 11.1
vhost-10589 11.1
vhost-10589 11.3
vhost-10589 11.3
vhost-10589 11.3
vhost-10589 11.3
vhost-10589 13.0
vhost-10589 13.2
vhost-10589 13.2
vhost-10589 13.2
vhost-10589 13.2
vhost-10589 13.2
vhost-10589 13.2
vhost-10589 13.2
vhost-10589 13.2
vhost-10589 13.2
vhost-10589 13.2
vhost-10589 13.2
vhost-10589 13.2
vhost-10589 13.2
vhost-10589 13.2
vhost-10589 13.2
vhost-10589 13.2
vhost-10589 13.2
vhost-10589 13.2
vhost-10589 13.2
vhost-10589 13.2
vhost-10589 13.2
vhost-10589 13.2
vhost-10589 13.2
vhost-10589 13.2
vhost-10589 13.5
vhost-10589 13.5
vhost-10589 14.8
vhost-10589 14.8
vhost-10589 14.8
vhost-10589 14.8
vhost-10589 14.8
vhost-10589 14.8
vhost-10589 14.8
vhost-10589 14.8
vhost-10589 14.8
vhost-10589 14.8
vhost-10589 15.1
vhost-10589 15.1
vhost-10589 15.1
vhost-10589 15.1
vhost-10589 15.1
vhost-10589 15.1
vhost-10589 15.1
vhost-10589 15.1
vhost-10589 15.1
vhost-10589 15.1
vhost-10589 15.1
vhost-10589 15.1
vhost-10589 15.1
vhost-10589 15.4
vhost-10589 15.4
vhost-10589 16.7
vhost-10589 16.7
vhost-10589 16.7
vhost-10589 16.7
vhost-10589 17.0
vhost-10589 17.0
vhost-10589 17.0
vhost-10589 17.0
vhost-10589 17.0
vhost-10589 17.0
vhost-10589 17.0
vhost-10589 17.0
vhost-10589 17.0
vhost-10589 17.0
vhost-10589 17.0
vhost-10589 17.0
vhost-10589 17.0
vhost-10589 17.0
vhost-10589 17.0
vhost-10589 17.0
vhost-10589 17.0
vhost-10589 17.0
vhost-10589 17.3
vhost-10589 17.3
vhost-10589 17.3
vhost-10589 17.3
vhost-10589 18.5
vhost-10589 18.9
vhost-10589 18.9
vhost-10589 18.9
vhost-10589 18.9
vhost-10589 18.9
vhost-10589 18.9
vhost-10589 18.9
vhost-10589 18.9
vhost-10589 18.9
vhost-10589 18.9
vhost-10589 18.9
vhost-10589 19.2
vhost-10589 19.2
vhost-10589 19.2
vhost-10589 19.2
vhost-10589 19.2
vhost-10589 19.2
vhost-10589 20.0
vhost-10589 20.4
vhost-10589 20.4
vhost-10589 20.4
vhost-10589 20.4
vhost-10589 20.4
vhost-10589 20.8
vhost-10589 20.8
vhost-10589 20.8
vhost-10589 20.8
vhost-10589 20.8
vhost-10589 20.8
vhost-10589 20.8
vhost-10589 20.8
vhost-10589 20.8
vhost-10589 20.8
vhost-10589 20.8
vhost-10589 21.2
vhost-10589 21.2
vhost-10589 22.2
vhost-10589 22.2
vhost-10589 22.6
vhost-10589 22.6
vhost-10589 22.6
vhost-10589 22.6
vhost-10589 22.6
vhost-10589 22.6
vhost-10589 22.6
vhost-10589 22.6
vhost-10589 22.6
vhost-10589 22.6
vhost-10589 22.6
vhost-10589 24.1
vhost-10589 24.5
vhost-10589 24.5
vhost-10589 24.5
vhost-10589 24.5
vhost-10589 24.5
vhost-10589 25.0
vhost-10589 25.9
vhost-10589 25.9
vhost-10589 26.4
vhost-10589 26.4
vhost-10589 26.4
vhost-10589 32.7
vhost-10589 34.6
vhost-10589 7.5
vhost-10589 7.7
vhost-10589 9.3
vhost-10589 9.3
vhost-10589 9.6
vhost-10589 9.6
