vhost-13819 11.1
vhost-13819 11.1
vhost-13819 11.1
vhost-13819 11.3
vhost-13819 11.3
vhost-13819 11.3
vhost-13819 11.3
vhost-13819 11.3
vhost-13819 11.3
vhost-13819 11.3
vhost-13819 11.3
vhost-13819 11.3
vhost-13819 11.3
vhost-13819 11.5
vhost-13819 11.5
vhost-13819 13.0
vhost-13819 13.0
vhost-13819 13.0
vhost-13819 13.0
vhost-13819 13.2
vhost-13819 13.2
vhost-13819 13.2
vhost-13819 13.2
vhost-13819 13.2
vhost-13819 13.2
vhost-13819 13.2
vhost-13819 13.2
vhost-13819 13.2
vhost-13819 13.2
vhost-13819 13.2
vhost-13819 13.2
vhost-13819 13.2
vhost-13819 13.2
vhost-13819 13.2
vhost-13819 13.2
vhost-13819 13.2
vhost-13819 13.2
vhost-13819 13.2
vhost-13819 13.2
vhost-13819 13.2
vhost-13819 13.2
vhost-13819 13.2
vhost-13819 13.2
vhost-13819 13.2
vhost-13819 13.2
vhost-13819 13.2
vhost-13819 13.2
vhost-13819 13.2
vhost-13819 13.2
vhost-13819 13.2
vhost-13819 13.5
vhost-13819 13.5
vhost-13819 13.5
vhost-13819 13.5
vhost-13819 14.8
vhost-13819 14.8
vhost-13819 14.8
vhost-13819 14.8
vhost-13819 14.8
vhost-13819 14.8
vhost-13819 14.8
vhost-13819 15.1
vhost-13819 15.1
vhost-13819 15.1
vhost-13819 15.1
vhost-13819 15.1
vhost-13819 15.1
vhost-13819 15.1
vhost-13819 15.1
vhost-13819 15.1
vhost-13819 15.1
vhost-13819 15.1
vhost-13819 15.1
vhost-13819 15.1
vhost-13819 15.1
vhost-13819 15.1
vhost-13819 15.4
vhost-13819 15.4
vhost-13819 15.4
vhost-13819 15.4
vhost-13819 15.4
vhost-13819 15.4
vhost-13819 16.7
vhost-13819 16.7
vhost-13819 16.7
vhost-13819 16.7
vhost-13819 16.7
vhost-13819 16.7
vhost-13819 16.7
vhost-13819 17.0
vhost-13819 17.0
vhost-13819 17.0
vhost-13819 17.0
vhost-13819 17.0
vhost-13819 17.0
vhost-13819 17.0
vhost-13819 17.0
vhost-13819 17.0
vhost-13819 17.0
vhost-13819 17.0
vhost-13819 17.0
vhost-13819 17.0
vhost-13819 17.0
vhost-13819 17.0
vhost-13819 17.0
vhost-13819 17.3
vhost-13819 17.3
vhost-13819 18.5
vhost-13819 18.9
vhost-13819 18.9
vhost-13819 18.9
vhost-13819 18.9
vhost-13819 18.9
vhost-13819 18.9
vhost-13819 18.9
vhost-13819 20.4
vhost-13819 20.8
vhost-13819 20.8
vhost-13819 22.6
vhost-13819 24.1
vhost-13819 9.4
vhost-13819 9.4
vhost-13819 9.4
