vhost-8005 11.1
vhost-8005 11.1
vhost-8005 11.1
vhost-8005 11.3
vhost-8005 11.3
vhost-8005 11.3
vhost-8005 11.3
vhost-8005 11.3
vhost-8005 11.3
vhost-8005 11.3
vhost-8005 11.3
vhost-8005 11.3
vhost-8005 11.3
vhost-8005 11.3
vhost-8005 11.3
vhost-8005 11.3
vhost-8005 11.3
vhost-8005 11.3
vhost-8005 11.3
vhost-8005 11.3
vhost-8005 13.0
vhost-8005 13.0
vhost-8005 13.0
vhost-8005 13.2
vhost-8005 13.2
vhost-8005 13.2
vhost-8005 13.2
vhost-8005 13.2
vhost-8005 13.2
vhost-8005 13.2
vhost-8005 13.2
vhost-8005 13.2
vhost-8005 13.2
vhost-8005 13.2
vhost-8005 13.2
vhost-8005 13.2
vhost-8005 13.2
vhost-8005 13.5
vhost-8005 14.8
vhost-8005 14.8
vhost-8005 14.8
vhost-8005 14.8
vhost-8005 15.1
vhost-8005 15.1
vhost-8005 15.1
vhost-8005 15.1
vhost-8005 15.1
vhost-8005 15.1
vhost-8005 15.1
vhost-8005 15.1
vhost-8005 15.1
vhost-8005 15.1
vhost-8005 15.1
vhost-8005 15.1
vhost-8005 15.1
vhost-8005 15.1
vhost-8005 15.1
vhost-8005 15.1
vhost-8005 15.4
vhost-8005 15.4
vhost-8005 16.7
vhost-8005 16.7
vhost-8005 16.7
vhost-8005 17.0
vhost-8005 17.0
vhost-8005 17.0
vhost-8005 17.0
vhost-8005 17.0
vhost-8005 17.0
vhost-8005 17.0
vhost-8005 17.0
vhost-8005 17.0
vhost-8005 17.0
vhost-8005 17.0
vhost-8005 17.0
vhost-8005 17.3
vhost-8005 17.3
vhost-8005 17.3
vhost-8005 18.5
vhost-8005 18.5
vhost-8005 18.5
vhost-8005 18.5
vhost-8005 18.5
vhost-8005 18.5
vhost-8005 18.9
vhost-8005 18.9
vhost-8005 18.9
vhost-8005 18.9
vhost-8005 20.8
vhost-8005 20.8
vhost-8005 20.8
vhost-8005 21.2
vhost-8005 22.2
vhost-8005 22.2
vhost-8005 22.6
vhost-8005 25.9
vhost-8005 37.7
vhost-8005 50.9
vhost-8005 7.5
vhost-8005 9.3
vhost-8005 9.3
vhost-8005 9.4
vhost-8005 9.4
vhost-8005 9.6
vhost-8005 9.6
