vhost-11639 10.9
vhost-11639 11.1
vhost-11639 11.3
vhost-11639 11.3
vhost-11639 11.3
vhost-11639 11.3
vhost-11639 11.3
vhost-11639 11.3
vhost-11639 13.0
vhost-11639 13.0
vhost-11639 13.0
vhost-11639 13.2
vhost-11639 13.2
vhost-11639 13.2
vhost-11639 13.2
vhost-11639 13.2
vhost-11639 13.2
vhost-11639 14.8
vhost-11639 15.1
vhost-11639 15.1
vhost-11639 15.1
vhost-11639 15.1
vhost-11639 15.1
vhost-11639 15.1
vhost-11639 15.1
vhost-11639 15.1
vhost-11639 15.1
vhost-11639 15.1
vhost-11639 15.1
vhost-11639 15.4
vhost-11639 16.4
vhost-11639 16.7
vhost-11639 16.7
vhost-11639 16.7
vhost-11639 17.0
vhost-11639 17.0
vhost-11639 17.0
vhost-11639 17.0
vhost-11639 17.0
vhost-11639 17.0
vhost-11639 17.0
vhost-11639 17.0
vhost-11639 17.0
vhost-11639 17.0
vhost-11639 17.0
vhost-11639 17.0
vhost-11639 17.0
vhost-11639 17.0
vhost-11639 17.0
vhost-11639 17.0
vhost-11639 17.0
vhost-11639 17.0
vhost-11639 17.0
vhost-11639 17.0
vhost-11639 17.0
vhost-11639 17.3
vhost-11639 18.5
vhost-11639 18.5
vhost-11639 18.5
vhost-11639 18.9
vhost-11639 18.9
vhost-11639 18.9
vhost-11639 18.9
vhost-11639 18.9
vhost-11639 18.9
vhost-11639 18.9
vhost-11639 18.9
vhost-11639 18.9
vhost-11639 18.9
vhost-11639 18.9
vhost-11639 18.9
vhost-11639 18.9
vhost-11639 18.9
vhost-11639 19.2
vhost-11639 20.4
vhost-11639 20.4
vhost-11639 20.4
vhost-11639 20.4
vhost-11639 20.8
vhost-11639 20.8
vhost-11639 20.8
vhost-11639 20.8
vhost-11639 20.8
vhost-11639 20.8
vhost-11639 20.8
vhost-11639 20.8
vhost-11639 20.8
vhost-11639 20.8
vhost-11639 20.8
vhost-11639 20.8
vhost-11639 20.8
vhost-11639 20.8
vhost-11639 20.8
vhost-11639 21.2
vhost-11639 21.2
vhost-11639 21.2
vhost-11639 22.2
vhost-11639 22.2
vhost-11639 22.2
vhost-11639 22.2
vhost-11639 22.6
vhost-11639 22.6
vhost-11639 22.6
vhost-11639 22.6
vhost-11639 22.6
vhost-11639 22.6
vhost-11639 22.6
vhost-11639 22.6
vhost-11639 22.6
vhost-11639 22.6
vhost-11639 22.6
vhost-11639 22.6
vhost-11639 22.6
vhost-11639 22.6
vhost-11639 22.6
vhost-11639 22.6
vhost-11639 23.1
vhost-11639 23.6
vhost-11639 24.1
vhost-11639 24.5
vhost-11639 24.5
vhost-11639 24.5
vhost-11639 24.5
vhost-11639 24.5
vhost-11639 24.5
vhost-11639 24.5
vhost-11639 24.5
vhost-11639 24.5
vhost-11639 24.5
vhost-11639 24.5
vhost-11639 24.5
vhost-11639 26.4
vhost-11639 26.4
vhost-11639 26.4
vhost-11639 26.4
vhost-11639 26.4
vhost-11639 26.4
vhost-11639 26.4
vhost-11639 27.3
vhost-11639 27.8
vhost-11639 28.3
vhost-11639 28.3
vhost-11639 30.2
vhost-11639 30.8
vhost-11639 32.1
vhost-11639 34.0
vhost-11639 47.2
