vhost-10344 11.1
vhost-10344 11.1
vhost-10344 11.3
vhost-10344 11.3
vhost-10344 11.3
vhost-10344 11.3
vhost-10344 11.5
vhost-10344 12.7
vhost-10344 13.0
vhost-10344 13.0
vhost-10344 13.2
vhost-10344 13.2
vhost-10344 13.2
vhost-10344 13.2
vhost-10344 13.2
vhost-10344 13.2
vhost-10344 13.2
vhost-10344 13.2
vhost-10344 14.8
vhost-10344 14.8
vhost-10344 14.8
vhost-10344 14.8
vhost-10344 14.8
vhost-10344 14.8
vhost-10344 15.1
vhost-10344 15.1
vhost-10344 15.1
vhost-10344 15.1
vhost-10344 15.1
vhost-10344 15.1
vhost-10344 15.1
vhost-10344 15.1
vhost-10344 15.1
vhost-10344 15.1
vhost-10344 15.1
vhost-10344 15.1
vhost-10344 15.1
vhost-10344 15.1
vhost-10344 15.1
vhost-10344 15.1
vhost-10344 15.1
vhost-10344 15.1
vhost-10344 15.1
vhost-10344 15.1
vhost-10344 15.1
vhost-10344 15.4
vhost-10344 15.4
vhost-10344 15.4
vhost-10344 16.4
vhost-10344 16.7
vhost-10344 16.7
vhost-10344 16.7
vhost-10344 16.7
vhost-10344 17.0
vhost-10344 17.0
vhost-10344 17.0
vhost-10344 17.0
vhost-10344 17.0
vhost-10344 17.0
vhost-10344 17.0
vhost-10344 17.0
vhost-10344 17.0
vhost-10344 17.0
vhost-10344 17.0
vhost-10344 17.0
vhost-10344 17.0
vhost-10344 17.0
vhost-10344 17.0
vhost-10344 17.0
vhost-10344 17.0
vhost-10344 17.0
vhost-10344 17.0
vhost-10344 17.0
vhost-10344 17.0
vhost-10344 17.0
vhost-10344 17.0
vhost-10344 17.0
vhost-10344 17.0
vhost-10344 17.0
vhost-10344 17.0
vhost-10344 17.3
vhost-10344 17.3
vhost-10344 17.3
vhost-10344 18.2
vhost-10344 18.5
vhost-10344 18.5
vhost-10344 18.5
vhost-10344 18.5
vhost-10344 18.5
vhost-10344 18.5
vhost-10344 18.5
vhost-10344 18.9
vhost-10344 18.9
vhost-10344 18.9
vhost-10344 18.9
vhost-10344 18.9
vhost-10344 18.9
vhost-10344 18.9
vhost-10344 18.9
vhost-10344 18.9
vhost-10344 18.9
vhost-10344 18.9
vhost-10344 18.9
vhost-10344 18.9
vhost-10344 18.9
vhost-10344 18.9
vhost-10344 18.9
vhost-10344 18.9
vhost-10344 19.2
vhost-10344 19.2
vhost-10344 19.2
vhost-10344 19.2
vhost-10344 19.2
vhost-10344 19.2
vhost-10344 20.4
vhost-10344 20.4
vhost-10344 20.8
vhost-10344 20.8
vhost-10344 20.8
vhost-10344 20.8
vhost-10344 20.8
vhost-10344 20.8
vhost-10344 20.8
vhost-10344 20.8
vhost-10344 20.8
vhost-10344 20.8
vhost-10344 20.8
vhost-10344 21.2
vhost-10344 22.2
vhost-10344 22.2
vhost-10344 22.2
vhost-10344 22.6
vhost-10344 22.6
vhost-10344 22.6
vhost-10344 22.6
vhost-10344 22.6
vhost-10344 22.6
vhost-10344 22.6
vhost-10344 22.6
vhost-10344 22.6
vhost-10344 22.6
vhost-10344 22.6
vhost-10344 22.6
vhost-10344 23.1
vhost-10344 23.1
vhost-10344 24.1
vhost-10344 24.5
vhost-10344 24.5
vhost-10344 24.5
vhost-10344 24.5
vhost-10344 25.0
vhost-10344 25.9
vhost-10344 26.4
vhost-10344 26.4
vhost-10344 26.4
vhost-10344 26.4
vhost-10344 26.4
vhost-10344 26.4
vhost-10344 26.4
vhost-10344 30.2
vhost-10344 34.0
vhost-10344 5.6
vhost-10344 5.6
vhost-10344 7.5
vhost-10344 7.5
vhost-10344 9.3
vhost-10344 9.3
vhost-10344 9.6
vhost-10344 9.6
