vhost-12480 11.1
vhost-12480 11.3
vhost-12480 11.3
vhost-12480 11.3
vhost-12480 11.3
vhost-12480 11.3
vhost-12480 11.3
vhost-12480 13.0
vhost-12480 13.0
vhost-12480 13.0
vhost-12480 13.0
vhost-12480 13.2
vhost-12480 13.2
vhost-12480 13.2
vhost-12480 13.2
vhost-12480 13.2
vhost-12480 13.2
vhost-12480 13.2
vhost-12480 13.2
vhost-12480 13.2
vhost-12480 13.2
vhost-12480 13.2
vhost-12480 13.5
vhost-12480 13.5
vhost-12480 14.8
vhost-12480 14.8
vhost-12480 14.8
vhost-12480 15.1
vhost-12480 15.1
vhost-12480 15.1
vhost-12480 15.1
vhost-12480 15.1
vhost-12480 15.1
vhost-12480 15.1
vhost-12480 15.1
vhost-12480 15.1
vhost-12480 15.1
vhost-12480 15.1
vhost-12480 15.1
vhost-12480 15.1
vhost-12480 15.1
vhost-12480 15.1
vhost-12480 15.1
vhost-12480 15.1
vhost-12480 15.1
vhost-12480 15.1
vhost-12480 15.1
vhost-12480 15.1
vhost-12480 15.1
vhost-12480 15.4
vhost-12480 15.4
vhost-12480 16.4
vhost-12480 16.4
vhost-12480 16.7
vhost-12480 16.7
vhost-12480 16.7
vhost-12480 16.7
vhost-12480 16.7
vhost-12480 16.7
vhost-12480 16.7
vhost-12480 17.0
vhost-12480 17.0
vhost-12480 17.0
vhost-12480 17.0
vhost-12480 17.0
vhost-12480 17.0
vhost-12480 17.0
vhost-12480 17.0
vhost-12480 17.0
vhost-12480 17.0
vhost-12480 17.0
vhost-12480 17.0
vhost-12480 17.0
vhost-12480 17.0
vhost-12480 17.0
vhost-12480 17.0
vhost-12480 17.0
vhost-12480 17.0
vhost-12480 17.0
vhost-12480 17.0
vhost-12480 17.0
vhost-12480 17.0
vhost-12480 17.0
vhost-12480 17.0
vhost-12480 17.0
vhost-12480 17.0
vhost-12480 17.0
vhost-12480 17.3
vhost-12480 17.3
vhost-12480 17.3
vhost-12480 18.2
vhost-12480 18.5
vhost-12480 18.5
vhost-12480 18.5
vhost-12480 18.5
vhost-12480 18.5
vhost-12480 18.5
vhost-12480 18.5
vhost-12480 18.9
vhost-12480 18.9
vhost-12480 18.9
vhost-12480 18.9
vhost-12480 18.9
vhost-12480 18.9
vhost-12480 18.9
vhost-12480 18.9
vhost-12480 18.9
vhost-12480 18.9
vhost-12480 18.9
vhost-12480 18.9
vhost-12480 18.9
vhost-12480 18.9
vhost-12480 18.9
vhost-12480 18.9
vhost-12480 18.9
vhost-12480 18.9
vhost-12480 18.9
vhost-12480 18.9
vhost-12480 18.9
vhost-12480 19.2
vhost-12480 19.2
vhost-12480 20.4
vhost-12480 20.4
vhost-12480 20.4
vhost-12480 20.4
vhost-12480 20.8
vhost-12480 20.8
vhost-12480 20.8
vhost-12480 20.8
vhost-12480 20.8
vhost-12480 20.8
vhost-12480 20.8
vhost-12480 20.8
vhost-12480 20.8
vhost-12480 20.8
vhost-12480 20.8
vhost-12480 20.8
vhost-12480 20.8
vhost-12480 21.8
vhost-12480 22.2
vhost-12480 22.6
vhost-12480 22.6
vhost-12480 22.6
vhost-12480 22.6
vhost-12480 22.6
vhost-12480 22.6
vhost-12480 22.6
vhost-12480 22.6
vhost-12480 23.1
vhost-12480 24.1
vhost-12480 24.5
vhost-12480 24.5
vhost-12480 24.5
vhost-12480 24.5
vhost-12480 25.9
vhost-12480 26.4
vhost-12480 28.3
vhost-12480 32.1
vhost-12480 9.4
vhost-12480 9.4
