vhost-14078 11.3
vhost-14078 11.3
vhost-14078 11.5
vhost-14078 13.0
vhost-14078 13.0
vhost-14078 13.0
vhost-14078 13.0
vhost-14078 13.2
vhost-14078 13.2
vhost-14078 13.2
vhost-14078 13.2
vhost-14078 13.2
vhost-14078 13.2
vhost-14078 13.2
vhost-14078 13.2
vhost-14078 13.2
vhost-14078 13.2
vhost-14078 13.2
vhost-14078 13.5
vhost-14078 14.8
vhost-14078 14.8
vhost-14078 15.1
vhost-14078 15.1
vhost-14078 15.1
vhost-14078 15.1
vhost-14078 15.1
vhost-14078 15.1
vhost-14078 15.1
vhost-14078 15.1
vhost-14078 15.1
vhost-14078 15.1
vhost-14078 15.1
vhost-14078 15.1
vhost-14078 15.4
vhost-14078 15.4
vhost-14078 16.7
vhost-14078 16.7
vhost-14078 17.0
vhost-14078 17.0
vhost-14078 17.0
vhost-14078 17.0
vhost-14078 17.0
vhost-14078 17.0
vhost-14078 17.0
vhost-14078 17.0
vhost-14078 17.0
vhost-14078 17.0
vhost-14078 17.0
vhost-14078 17.0
vhost-14078 17.0
vhost-14078 17.0
vhost-14078 17.0
vhost-14078 17.0
vhost-14078 17.0
vhost-14078 17.3
vhost-14078 17.3
vhost-14078 18.5
vhost-14078 18.9
vhost-14078 18.9
vhost-14078 18.9
vhost-14078 18.9
vhost-14078 18.9
vhost-14078 18.9
vhost-14078 18.9
vhost-14078 18.9
vhost-14078 18.9
vhost-14078 18.9
vhost-14078 18.9
vhost-14078 18.9
vhost-14078 19.2
vhost-14078 20.4
vhost-14078 20.4
vhost-14078 20.4
vhost-14078 20.8
vhost-14078 20.8
vhost-14078 20.8
vhost-14078 20.8
vhost-14078 20.8
vhost-14078 20.8
vhost-14078 20.8
vhost-14078 20.8
vhost-14078 20.8
vhost-14078 20.8
vhost-14078 21.2
vhost-14078 21.2
vhost-14078 22.2
vhost-14078 22.2
vhost-14078 22.2
vhost-14078 22.2
vhost-14078 22.6
vhost-14078 22.6
vhost-14078 22.6
vhost-14078 22.6
vhost-14078 22.6
vhost-14078 22.6
vhost-14078 22.6
vhost-14078 22.6
vhost-14078 22.6
vhost-14078 23.1
vhost-14078 23.1
vhost-14078 23.1
vhost-14078 24.5
vhost-14078 24.5
vhost-14078 24.5
vhost-14078 24.5
vhost-14078 24.5
vhost-14078 26.4
vhost-14078 27.8
vhost-14078 27.8
vhost-14078 28.3
vhost-14078 29.6
vhost-14078 30.2
vhost-14078 3.8
