vhost-13266 11.1
vhost-13266 11.3
vhost-13266 11.3
vhost-13266 11.3
vhost-13266 11.3
vhost-13266 13.0
vhost-13266 13.0
vhost-13266 13.2
vhost-13266 13.2
vhost-13266 13.2
vhost-13266 13.2
vhost-13266 13.2
vhost-13266 13.2
vhost-13266 13.5
vhost-13266 13.5
vhost-13266 13.5
vhost-13266 13.5
vhost-13266 14.8
vhost-13266 14.8
vhost-13266 14.8
vhost-13266 15.1
vhost-13266 15.1
vhost-13266 15.1
vhost-13266 15.1
vhost-13266 15.1
vhost-13266 15.1
vhost-13266 15.1
vhost-13266 15.1
vhost-13266 15.1
vhost-13266 15.1
vhost-13266 15.1
vhost-13266 15.1
vhost-13266 15.1
vhost-13266 15.1
vhost-13266 15.1
vhost-13266 15.1
vhost-13266 15.1
vhost-13266 15.1
vhost-13266 15.1
vhost-13266 15.1
vhost-13266 15.1
vhost-13266 15.1
vhost-13266 15.4
vhost-13266 16.7
vhost-13266 16.7
vhost-13266 16.7
vhost-13266 16.7
vhost-13266 16.7
vhost-13266 16.7
vhost-13266 17.0
vhost-13266 17.0
vhost-13266 17.0
vhost-13266 17.0
vhost-13266 17.0
vhost-13266 17.0
vhost-13266 17.0
vhost-13266 17.0
vhost-13266 17.0
vhost-13266 17.0
vhost-13266 17.0
vhost-13266 17.0
vhost-13266 17.0
vhost-13266 17.0
vhost-13266 17.0
vhost-13266 17.3
vhost-13266 18.5
vhost-13266 18.5
vhost-13266 18.5
vhost-13266 18.5
vhost-13266 18.9
vhost-13266 18.9
vhost-13266 18.9
vhost-13266 18.9
vhost-13266 18.9
vhost-13266 18.9
vhost-13266 18.9
vhost-13266 19.2
vhost-13266 19.2
vhost-13266 20.4
vhost-13266 20.4
vhost-13266 20.8
vhost-13266 20.8
vhost-13266 20.8
vhost-13266 20.8
vhost-13266 20.8
vhost-13266 20.8
vhost-13266 20.8
vhost-13266 20.8
vhost-13266 22.2
vhost-13266 22.6
vhost-13266 22.6
vhost-13266 22.6
vhost-13266 22.6
vhost-13266 22.6
vhost-13266 22.6
vhost-13266 22.6
vhost-13266 22.6
vhost-13266 22.6
vhost-13266 22.6
vhost-13266 23.1
vhost-13266 23.1
vhost-13266 24.1
vhost-13266 26.4
vhost-13266 26.4
vhost-13266 26.4
vhost-13266 26.4
vhost-13266 27.8
vhost-13266 28.3
vhost-13266 28.3
vhost-13266 28.3
vhost-13266 28.3
vhost-13266 28.8
vhost-13266 29.6
vhost-13266 32.1
vhost-13266 34.0
vhost-13266 37.7
vhost-13266 40.4
vhost-13266 45.3
vhost-13266 5.7
vhost-13266 7.4
vhost-13266 9.4
vhost-13266 9.4
vhost-13266 9.6
