vhost-11423 11.1
vhost-11423 11.3
vhost-11423 11.3
vhost-11423 11.3
vhost-11423 11.3
vhost-11423 11.5
vhost-11423 11.5
vhost-11423 13.0
vhost-11423 13.2
vhost-11423 13.2
vhost-11423 13.2
vhost-11423 13.2
vhost-11423 13.2
vhost-11423 13.2
vhost-11423 13.2
vhost-11423 13.2
vhost-11423 13.5
vhost-11423 13.5
vhost-11423 13.5
vhost-11423 13.5
vhost-11423 14.5
vhost-11423 14.8
vhost-11423 14.8
vhost-11423 14.8
vhost-11423 14.8
vhost-11423 14.8
vhost-11423 15.1
vhost-11423 15.1
vhost-11423 15.1
vhost-11423 15.1
vhost-11423 15.1
vhost-11423 15.1
vhost-11423 15.1
vhost-11423 15.1
vhost-11423 15.1
vhost-11423 15.1
vhost-11423 15.1
vhost-11423 15.1
vhost-11423 15.1
vhost-11423 15.1
vhost-11423 16.7
vhost-11423 16.7
vhost-11423 16.7
vhost-11423 16.7
vhost-11423 16.7
vhost-11423 16.7
vhost-11423 16.7
vhost-11423 16.7
vhost-11423 16.7
vhost-11423 16.7
vhost-11423 16.7
vhost-11423 17.0
vhost-11423 17.0
vhost-11423 17.0
vhost-11423 17.0
vhost-11423 17.0
vhost-11423 17.0
vhost-11423 17.0
vhost-11423 17.0
vhost-11423 17.0
vhost-11423 17.0
vhost-11423 17.0
vhost-11423 17.0
vhost-11423 17.0
vhost-11423 17.0
vhost-11423 17.0
vhost-11423 17.0
vhost-11423 17.0
vhost-11423 17.0
vhost-11423 17.0
vhost-11423 17.0
vhost-11423 17.0
vhost-11423 17.0
vhost-11423 17.0
vhost-11423 17.0
vhost-11423 17.0
vhost-11423 17.0
vhost-11423 17.0
vhost-11423 17.3
vhost-11423 17.3
vhost-11423 17.3
vhost-11423 17.3
vhost-11423 18.5
vhost-11423 18.5
vhost-11423 18.9
vhost-11423 18.9
vhost-11423 18.9
vhost-11423 18.9
vhost-11423 18.9
vhost-11423 18.9
vhost-11423 18.9
vhost-11423 18.9
vhost-11423 18.9
vhost-11423 18.9
vhost-11423 18.9
vhost-11423 18.9
vhost-11423 18.9
vhost-11423 18.9
vhost-11423 18.9
vhost-11423 18.9
vhost-11423 18.9
vhost-11423 18.9
vhost-11423 18.9
vhost-11423 18.9
vhost-11423 18.9
vhost-11423 18.9
vhost-11423 18.9
vhost-11423 19.2
vhost-11423 19.2
vhost-11423 20.4
vhost-11423 20.4
vhost-11423 20.4
vhost-11423 20.4
vhost-11423 20.4
vhost-11423 20.4
vhost-11423 20.4
vhost-11423 20.4
vhost-11423 20.8
vhost-11423 20.8
vhost-11423 20.8
vhost-11423 20.8
vhost-11423 20.8
vhost-11423 20.8
vhost-11423 20.8
vhost-11423 20.8
vhost-11423 20.8
vhost-11423 20.8
vhost-11423 20.8
vhost-11423 20.8
vhost-11423 20.8
vhost-11423 20.8
vhost-11423 20.8
vhost-11423 20.8
vhost-11423 21.2
vhost-11423 21.8
vhost-11423 22.2
vhost-11423 22.2
vhost-11423 22.2
vhost-11423 22.2
vhost-11423 22.6
vhost-11423 22.6
vhost-11423 22.6
vhost-11423 22.6
vhost-11423 22.6
vhost-11423 22.6
vhost-11423 22.6
vhost-11423 22.6
vhost-11423 22.6
vhost-11423 22.6
vhost-11423 22.6
vhost-11423 24.1
vhost-11423 24.1
vhost-11423 24.5
vhost-11423 24.5
vhost-11423 24.5
vhost-11423 24.5
vhost-11423 25.0
vhost-11423 25.9
vhost-11423 25.9
vhost-11423 26.4
vhost-11423 26.4
vhost-11423 28.3
vhost-11423 62.3
vhost-11423 63.0
vhost-11423 70.4
vhost-11423 83.0
