ksoftirqd/0 0.0
ksoftirqd/0 1.9
ksoftirqd/0 1.9
ksoftirqd/0 1.9
ksoftirqd/1 0.0
ksoftirqd/1 0.0
ksoftirqd/1 0.0
ksoftirqd/1 0.0
ksoftirqd/1 0.0
ksoftirqd/10 0.0
ksoftirqd/10 1.9
ksoftirqd/10 1.9
ksoftirqd/11 0.0
ksoftirqd/11 0.0
ksoftirqd/1 1.9
ksoftirqd/1 1.9
ksoftirqd/1 1.9
ksoftirqd/1 1.9
ksoftirqd/1 1.9
ksoftirqd/12 0.0
ksoftirqd/12 0.0
ksoftirqd/12 0.0
ksoftirqd/12 0.0
ksoftirqd/12 0.0
ksoftirqd/13 0.0
ksoftirqd/13 0.0
ksoftirqd/13 0.0
ksoftirqd/13 1.9
ksoftirqd/13 1.9
ksoftirqd/13 1.9
ksoftirqd/13 1.9
ksoftirqd/13 1.9
ksoftirqd/13 1.9
ksoftirqd/13 1.9
ksoftirqd/13 1.9
ksoftirqd/14 0.0
ksoftirqd/14 1.9
ksoftirqd/14 1.9
ksoftirqd/15 0.0
ksoftirqd/15 0.0
ksoftirqd/15 0.0
ksoftirqd/16 0.0
ksoftirqd/16 0.0
ksoftirqd/16 1.9
ksoftirqd/16 1.9
ksoftirqd/16 1.9
ksoftirqd/16 1.9
ksoftirqd/16 1.9
ksoftirqd/16 1.9
ksoftirqd/16 1.9
ksoftirqd/17 0.0
ksoftirqd/17 0.0
ksoftirqd/17 0.0
ksoftirqd/17 0.0
ksoftirqd/17 1.9
ksoftirqd/17 1.9
ksoftirqd/17 1.9
ksoftirqd/17 1.9
ksoftirqd/17 1.9
ksoftirqd/17 1.9
ksoftirqd/17 1.9
ksoftirqd/17 1.9
ksoftirqd/17 1.9
ksoftirqd/18 0.0
ksoftirqd/18 1.9
ksoftirqd/19 0.0
ksoftirqd/19 0.0
ksoftirqd/19 0.0
ksoftirqd/19 1.9
ksoftirqd/19 1.9
ksoftirqd/2 0.0
ksoftirqd/2 0.0
ksoftirqd/2 0.0
ksoftirqd/2 0.0
ksoftirqd/2 0.0
ksoftirqd/21 0.0
ksoftirqd/21 0.0
ksoftirqd/21 1.9
ksoftirqd/21 1.9
ksoftirqd/21 1.9
ksoftirqd/21 1.9
ksoftirqd/3 0.0
ksoftirqd/3 0.0
ksoftirqd/3 0.0
ksoftirqd/3 0.0
ksoftirqd/3 0.0
ksoftirqd/3 0.0
ksoftirqd/3 0.0
ksoftirqd/3 0.0
ksoftirqd/3 1.9
ksoftirqd/3 1.9
ksoftirqd/3 1.9
ksoftirqd/3 1.9
ksoftirqd/3 1.9
ksoftirqd/3 1.9
ksoftirqd/3 1.9
ksoftirqd/3 1.9
ksoftirqd/4 0.0
ksoftirqd/4 0.0
ksoftirqd/4 0.0
ksoftirqd/4 1.9
ksoftirqd/5 0.0
ksoftirqd/5 0.0
ksoftirqd/5 0.0
ksoftirqd/5 0.0
ksoftirqd/5 0.0
ksoftirqd/5 0.0
ksoftirqd/5 0.0
ksoftirqd/5 0.0
ksoftirqd/5 0.0
ksoftirqd/5 0.0
ksoftirqd/5 1.8
ksoftirqd/5 1.9
ksoftirqd/5 1.9
ksoftirqd/5 1.9
ksoftirqd/5 1.9
ksoftirqd/5 1.9
ksoftirqd/5 1.9
ksoftirqd/6 0.0
ksoftirqd/6 0.0
ksoftirqd/6 0.0
ksoftirqd/6 0.0
ksoftirqd/6 1.9
ksoftirqd/7 0.0
ksoftirqd/7 0.0
ksoftirqd/7 1.9
ksoftirqd/7 1.9
ksoftirqd/7 1.9
ksoftirqd/7 1.9
ksoftirqd/9 0.0
