vhost-9545 11.1
vhost-9545 11.1
vhost-9545 11.3
vhost-9545 11.3
vhost-9545 13.0
vhost-9545 13.0
vhost-9545 13.0
vhost-9545 13.0
vhost-9545 13.0
vhost-9545 13.2
vhost-9545 13.2
vhost-9545 13.2
vhost-9545 13.2
vhost-9545 13.2
vhost-9545 13.2
vhost-9545 13.2
vhost-9545 13.2
vhost-9545 13.5
vhost-9545 14.5
vhost-9545 14.8
vhost-9545 15.1
vhost-9545 15.1
vhost-9545 15.1
vhost-9545 15.1
vhost-9545 15.1
vhost-9545 15.1
vhost-9545 15.1
vhost-9545 15.1
vhost-9545 15.1
vhost-9545 15.1
vhost-9545 15.1
vhost-9545 15.1
vhost-9545 15.1
vhost-9545 15.1
vhost-9545 15.1
vhost-9545 15.1
vhost-9545 15.1
vhost-9545 15.1
vhost-9545 15.1
vhost-9545 15.1
vhost-9545 15.4
vhost-9545 15.4
vhost-9545 15.4
vhost-9545 15.4
vhost-9545 15.4
vhost-9545 16.7
vhost-9545 16.7
vhost-9545 16.7
vhost-9545 17.0
vhost-9545 17.0
vhost-9545 17.0
vhost-9545 17.0
vhost-9545 17.0
vhost-9545 17.0
vhost-9545 17.0
vhost-9545 17.0
vhost-9545 17.0
vhost-9545 17.0
vhost-9545 17.0
vhost-9545 17.0
vhost-9545 17.0
vhost-9545 17.0
vhost-9545 17.0
vhost-9545 17.0
vhost-9545 17.0
vhost-9545 17.3
vhost-9545 17.3
vhost-9545 17.3
vhost-9545 17.3
vhost-9545 17.3
vhost-9545 18.5
vhost-9545 18.5
vhost-9545 18.5
vhost-9545 18.5
vhost-9545 18.5
vhost-9545 18.9
vhost-9545 18.9
vhost-9545 18.9
vhost-9545 18.9
vhost-9545 18.9
vhost-9545 18.9
vhost-9545 18.9
vhost-9545 18.9
vhost-9545 18.9
vhost-9545 18.9
vhost-9545 18.9
vhost-9545 18.9
vhost-9545 18.9
vhost-9545 18.9
vhost-9545 18.9
vhost-9545 18.9
vhost-9545 18.9
vhost-9545 18.9
vhost-9545 18.9
vhost-9545 18.9
vhost-9545 18.9
vhost-9545 19.2
vhost-9545 19.2
vhost-9545 19.2
vhost-9545 20.4
vhost-9545 20.4
vhost-9545 20.4
vhost-9545 20.4
vhost-9545 20.4
vhost-9545 20.4
vhost-9545 20.4
vhost-9545 20.8
vhost-9545 20.8
vhost-9545 20.8
vhost-9545 20.8
vhost-9545 20.8
vhost-9545 20.8
vhost-9545 20.8
vhost-9545 20.8
vhost-9545 20.8
vhost-9545 20.8
vhost-9545 20.8
vhost-9545 20.8
vhost-9545 21.2
vhost-9545 21.2
vhost-9545 21.2
vhost-9545 21.2
vhost-9545 21.2
vhost-9545 21.2
vhost-9545 21.8
vhost-9545 22.2
vhost-9545 22.2
vhost-9545 22.6
vhost-9545 22.6
vhost-9545 22.6
vhost-9545 22.6
vhost-9545 22.6
vhost-9545 22.6
vhost-9545 22.6
vhost-9545 22.6
vhost-9545 22.6
vhost-9545 22.6
vhost-9545 22.6
vhost-9545 23.6
vhost-9545 24.1
vhost-9545 24.1
vhost-9545 24.1
vhost-9545 24.5
vhost-9545 24.5
vhost-9545 24.5
vhost-9545 24.5
vhost-9545 24.5
vhost-9545 24.5
vhost-9545 25.9
vhost-9545 26.4
vhost-9545 26.4
vhost-9545 26.4
vhost-9545 28.3
vhost-9545 29.6
vhost-9545 29.6
vhost-9545 9.4
vhost-9545 9.4
