vhost-6649 11.1
vhost-6649 11.3
vhost-6649 11.3
vhost-6649 11.3
vhost-6649 11.3
vhost-6649 11.3
vhost-6649 11.3
vhost-6649 11.3
vhost-6649 11.3
vhost-6649 11.3
vhost-6649 11.3
vhost-6649 11.5
vhost-6649 12.7
vhost-6649 13.0
vhost-6649 13.0
vhost-6649 13.2
vhost-6649 13.2
vhost-6649 13.2
vhost-6649 13.2
vhost-6649 13.2
vhost-6649 13.2
vhost-6649 13.2
vhost-6649 13.2
vhost-6649 13.2
vhost-6649 13.2
vhost-6649 13.2
vhost-6649 13.2
vhost-6649 13.2
vhost-6649 13.2
vhost-6649 13.2
vhost-6649 13.2
vhost-6649 14.5
vhost-6649 14.8
vhost-6649 14.8
vhost-6649 14.8
vhost-6649 14.8
vhost-6649 15.1
vhost-6649 15.1
vhost-6649 15.1
vhost-6649 15.1
vhost-6649 15.1
vhost-6649 15.1
vhost-6649 15.1
vhost-6649 15.1
vhost-6649 15.1
vhost-6649 15.1
vhost-6649 15.1
vhost-6649 15.1
vhost-6649 15.1
vhost-6649 15.1
vhost-6649 15.1
vhost-6649 15.1
vhost-6649 15.1
vhost-6649 15.1
vhost-6649 15.1
vhost-6649 15.1
vhost-6649 15.1
vhost-6649 15.1
vhost-6649 15.4
vhost-6649 16.7
vhost-6649 16.7
vhost-6649 16.7
vhost-6649 16.7
vhost-6649 16.7
vhost-6649 16.7
vhost-6649 16.7
vhost-6649 17.0
vhost-6649 17.0
vhost-6649 17.0
vhost-6649 17.0
vhost-6649 17.0
vhost-6649 17.0
vhost-6649 17.0
vhost-6649 17.0
vhost-6649 17.0
vhost-6649 17.0
vhost-6649 17.0
vhost-6649 17.0
vhost-6649 17.0
vhost-6649 17.0
vhost-6649 17.0
vhost-6649 17.0
vhost-6649 17.3
vhost-6649 17.3
vhost-6649 17.3
vhost-6649 17.3
vhost-6649 18.2
vhost-6649 18.5
vhost-6649 18.5
vhost-6649 18.5
vhost-6649 18.9
vhost-6649 18.9
vhost-6649 18.9
vhost-6649 18.9
vhost-6649 18.9
vhost-6649 18.9
vhost-6649 18.9
vhost-6649 18.9
vhost-6649 18.9
vhost-6649 18.9
vhost-6649 19.2
vhost-6649 19.2
vhost-6649 20.4
vhost-6649 20.4
vhost-6649 20.8
vhost-6649 20.8
vhost-6649 20.8
vhost-6649 20.8
vhost-6649 20.8
vhost-6649 21.2
vhost-6649 22.2
vhost-6649 22.6
vhost-6649 22.6
vhost-6649 22.6
vhost-6649 24.1
vhost-6649 24.1
vhost-6649 24.5
vhost-6649 24.5
vhost-6649 24.5
vhost-6649 24.5
vhost-6649 7.4
vhost-6649 7.5
vhost-6649 7.5
vhost-6649 9.1
vhost-6649 9.3
vhost-6649 9.3
vhost-6649 9.4
vhost-6649 9.4
vhost-6649 9.4
vhost-6649 9.4
