vhost-8898 11.1
vhost-8898 11.1
vhost-8898 11.3
vhost-8898 11.3
vhost-8898 11.3
vhost-8898 11.3
vhost-8898 11.3
vhost-8898 11.3
vhost-8898 11.3
vhost-8898 12.7
vhost-8898 13.2
vhost-8898 13.2
vhost-8898 13.2
vhost-8898 13.2
vhost-8898 13.2
vhost-8898 13.2
vhost-8898 13.2
vhost-8898 13.2
vhost-8898 13.2
vhost-8898 13.2
vhost-8898 13.2
vhost-8898 13.2
vhost-8898 13.2
vhost-8898 13.2
vhost-8898 13.2
vhost-8898 13.2
vhost-8898 13.5
vhost-8898 13.5
vhost-8898 13.5
vhost-8898 13.5
vhost-8898 13.5
vhost-8898 14.8
vhost-8898 14.8
vhost-8898 14.8
vhost-8898 14.8
vhost-8898 14.8
vhost-8898 15.1
vhost-8898 15.1
vhost-8898 15.1
vhost-8898 15.1
vhost-8898 15.1
vhost-8898 15.1
vhost-8898 15.1
vhost-8898 15.1
vhost-8898 15.1
vhost-8898 15.1
vhost-8898 15.1
vhost-8898 15.1
vhost-8898 15.1
vhost-8898 15.1
vhost-8898 15.1
vhost-8898 15.1
vhost-8898 15.1
vhost-8898 15.1
vhost-8898 15.1
vhost-8898 15.1
vhost-8898 15.1
vhost-8898 15.1
vhost-8898 15.1
vhost-8898 15.1
vhost-8898 15.1
vhost-8898 15.1
vhost-8898 15.4
vhost-8898 15.4
vhost-8898 15.4
vhost-8898 15.4
vhost-8898 16.7
vhost-8898 16.7
vhost-8898 16.7
vhost-8898 16.7
vhost-8898 16.7
vhost-8898 16.7
vhost-8898 17.0
vhost-8898 17.0
vhost-8898 17.0
vhost-8898 17.0
vhost-8898 17.0
vhost-8898 17.0
vhost-8898 17.0
vhost-8898 17.0
vhost-8898 17.0
vhost-8898 17.0
vhost-8898 17.0
vhost-8898 17.0
vhost-8898 17.0
vhost-8898 17.0
vhost-8898 17.0
vhost-8898 17.0
vhost-8898 18.5
vhost-8898 18.5
vhost-8898 18.5
vhost-8898 18.5
vhost-8898 18.5
vhost-8898 18.5
vhost-8898 18.9
vhost-8898 18.9
vhost-8898 18.9
vhost-8898 18.9
vhost-8898 18.9
vhost-8898 18.9
vhost-8898 18.9
vhost-8898 18.9
vhost-8898 18.9
vhost-8898 18.9
vhost-8898 18.9
vhost-8898 18.9
vhost-8898 19.2
vhost-8898 19.2
vhost-8898 19.2
vhost-8898 20.4
vhost-8898 20.4
vhost-8898 20.4
vhost-8898 20.4
vhost-8898 20.8
vhost-8898 20.8
vhost-8898 20.8
vhost-8898 20.8
vhost-8898 20.8
vhost-8898 22.6
vhost-8898 22.6
vhost-8898 22.6
vhost-8898 22.6
vhost-8898 22.6
vhost-8898 23.1
vhost-8898 24.1
vhost-8898 24.5
vhost-8898 28.3
vhost-8898 35.2
vhost-8898 37.0
vhost-8898 49.1
vhost-8898 52.8
vhost-8898 9.4
