vhost-9148 11.1
vhost-9148 11.3
vhost-9148 11.3
vhost-9148 11.3
vhost-9148 11.3
vhost-9148 11.3
vhost-9148 11.3
vhost-9148 11.3
vhost-9148 11.5
vhost-9148 13.0
vhost-9148 13.2
vhost-9148 13.2
vhost-9148 13.2
vhost-9148 13.2
vhost-9148 13.2
vhost-9148 13.2
vhost-9148 13.2
vhost-9148 13.2
vhost-9148 13.2
vhost-9148 13.2
vhost-9148 13.5
vhost-9148 14.5
vhost-9148 14.8
vhost-9148 14.8
vhost-9148 14.8
vhost-9148 14.8
vhost-9148 14.8
vhost-9148 14.8
vhost-9148 14.8
vhost-9148 15.1
vhost-9148 15.1
vhost-9148 15.1
vhost-9148 15.1
vhost-9148 15.1
vhost-9148 15.1
vhost-9148 15.1
vhost-9148 15.1
vhost-9148 15.1
vhost-9148 15.4
vhost-9148 15.4
vhost-9148 15.4
vhost-9148 16.7
vhost-9148 16.7
vhost-9148 16.7
vhost-9148 16.7
vhost-9148 17.0
vhost-9148 17.0
vhost-9148 17.0
vhost-9148 17.0
vhost-9148 17.0
vhost-9148 17.0
vhost-9148 17.0
vhost-9148 17.0
vhost-9148 17.0
vhost-9148 17.0
vhost-9148 17.0
vhost-9148 17.0
vhost-9148 17.3
vhost-9148 17.3
vhost-9148 18.5
vhost-9148 18.5
vhost-9148 18.5
vhost-9148 18.5
vhost-9148 18.5
vhost-9148 18.9
vhost-9148 18.9
vhost-9148 18.9
vhost-9148 18.9
vhost-9148 18.9
vhost-9148 18.9
vhost-9148 18.9
vhost-9148 18.9
vhost-9148 18.9
vhost-9148 18.9
vhost-9148 18.9
vhost-9148 18.9
vhost-9148 18.9
vhost-9148 18.9
vhost-9148 18.9
vhost-9148 19.2
vhost-9148 19.2
vhost-9148 19.2
vhost-9148 19.2
vhost-9148 20.4
vhost-9148 20.4
vhost-9148 20.4
vhost-9148 20.4
vhost-9148 20.8
vhost-9148 21.2
vhost-9148 21.2
vhost-9148 22.2
vhost-9148 22.6
vhost-9148 22.6
vhost-9148 22.6
vhost-9148 22.6
vhost-9148 22.6
vhost-9148 23.6
vhost-9148 24.1
vhost-9148 24.1
vhost-9148 24.5
vhost-9148 24.5
vhost-9148 26.4
vhost-9148 9.3
vhost-9148 9.4
vhost-9148 9.4
