vhost-8318 11.1
vhost-8318 11.1
vhost-8318 11.1
vhost-8318 11.3
vhost-8318 11.3
vhost-8318 13.0
vhost-8318 13.0
vhost-8318 13.0
vhost-8318 13.2
vhost-8318 13.2
vhost-8318 13.2
vhost-8318 13.2
vhost-8318 13.2
vhost-8318 13.2
vhost-8318 13.2
vhost-8318 13.2
vhost-8318 13.2
vhost-8318 13.5
vhost-8318 14.5
vhost-8318 14.8
vhost-8318 14.8
vhost-8318 14.8
vhost-8318 14.8
vhost-8318 14.8
vhost-8318 14.8
vhost-8318 15.1
vhost-8318 15.1
vhost-8318 15.1
vhost-8318 15.1
vhost-8318 15.1
vhost-8318 15.1
vhost-8318 15.1
vhost-8318 15.1
vhost-8318 15.1
vhost-8318 15.1
vhost-8318 15.1
vhost-8318 15.1
vhost-8318 15.1
vhost-8318 15.1
vhost-8318 15.1
vhost-8318 15.1
vhost-8318 15.1
vhost-8318 15.1
vhost-8318 15.1
vhost-8318 15.1
vhost-8318 15.1
vhost-8318 15.1
vhost-8318 15.1
vhost-8318 15.4
vhost-8318 15.4
vhost-8318 15.4
vhost-8318 16.7
vhost-8318 16.7
vhost-8318 16.7
vhost-8318 16.7
vhost-8318 16.7
vhost-8318 16.7
vhost-8318 17.0
vhost-8318 17.0
vhost-8318 17.0
vhost-8318 17.0
vhost-8318 17.0
vhost-8318 17.0
vhost-8318 17.0
vhost-8318 17.0
vhost-8318 17.0
vhost-8318 17.0
vhost-8318 17.0
vhost-8318 17.0
vhost-8318 17.0
vhost-8318 17.0
vhost-8318 17.0
vhost-8318 17.0
vhost-8318 17.0
vhost-8318 17.0
vhost-8318 17.0
vhost-8318 17.0
vhost-8318 17.0
vhost-8318 17.0
vhost-8318 17.0
vhost-8318 17.0
vhost-8318 17.0
vhost-8318 17.3
vhost-8318 17.3
vhost-8318 17.3
vhost-8318 17.3
vhost-8318 17.3
vhost-8318 17.3
vhost-8318 17.3
vhost-8318 18.5
vhost-8318 18.5
vhost-8318 18.5
vhost-8318 18.5
vhost-8318 18.5
vhost-8318 18.9
vhost-8318 18.9
vhost-8318 18.9
vhost-8318 18.9
vhost-8318 18.9
vhost-8318 18.9
vhost-8318 18.9
vhost-8318 18.9
vhost-8318 19.2
vhost-8318 19.2
vhost-8318 20.0
vhost-8318 20.4
vhost-8318 20.4
vhost-8318 20.4
vhost-8318 20.8
vhost-8318 20.8
vhost-8318 20.8
vhost-8318 20.8
vhost-8318 20.8
vhost-8318 20.8
vhost-8318 20.8
vhost-8318 20.8
vhost-8318 20.8
vhost-8318 20.8
vhost-8318 20.8
vhost-8318 21.2
vhost-8318 21.8
vhost-8318 22.2
vhost-8318 22.6
vhost-8318 22.6
vhost-8318 22.6
vhost-8318 22.6
vhost-8318 22.6
vhost-8318 22.6
vhost-8318 23.1
vhost-8318 24.1
vhost-8318 24.1
vhost-8318 24.5
vhost-8318 24.5
vhost-8318 24.5
vhost-8318 24.5
vhost-8318 25.0
vhost-8318 27.8
vhost-8318 28.3
vhost-8318 35.2
vhost-8318 35.8
vhost-8318 37.7
vhost-8318 37.7
vhost-8318 9.4
vhost-8318 9.4
