vhost-6873 11.1
vhost-6873 11.1
vhost-6873 11.1
vhost-6873 11.1
vhost-6873 11.3
vhost-6873 11.3
vhost-6873 11.3
vhost-6873 11.5
vhost-6873 13.0
vhost-6873 13.0
vhost-6873 13.0
vhost-6873 13.0
vhost-6873 13.2
vhost-6873 13.2
vhost-6873 13.2
vhost-6873 13.2
vhost-6873 13.2
vhost-6873 13.2
vhost-6873 13.2
vhost-6873 13.2
vhost-6873 13.2
vhost-6873 13.2
vhost-6873 13.2
vhost-6873 13.2
vhost-6873 13.5
vhost-6873 13.5
vhost-6873 13.5
vhost-6873 13.5
vhost-6873 14.8
vhost-6873 14.8
vhost-6873 14.8
vhost-6873 14.8
vhost-6873 14.8
vhost-6873 14.8
vhost-6873 14.8
vhost-6873 14.8
vhost-6873 15.1
vhost-6873 15.1
vhost-6873 15.1
vhost-6873 15.1
vhost-6873 15.1
vhost-6873 15.1
vhost-6873 15.1
vhost-6873 15.1
vhost-6873 15.1
vhost-6873 15.1
vhost-6873 15.1
vhost-6873 15.1
vhost-6873 15.1
vhost-6873 15.1
vhost-6873 15.1
vhost-6873 15.1
vhost-6873 15.1
vhost-6873 15.1
vhost-6873 15.4
vhost-6873 15.4
vhost-6873 15.4
vhost-6873 15.4
vhost-6873 15.4
vhost-6873 15.4
vhost-6873 16.7
vhost-6873 16.7
vhost-6873 16.7
vhost-6873 16.7
vhost-6873 16.7
vhost-6873 17.0
vhost-6873 17.0
vhost-6873 17.0
vhost-6873 17.0
vhost-6873 17.0
vhost-6873 17.0
vhost-6873 17.0
vhost-6873 17.0
vhost-6873 17.0
vhost-6873 17.0
vhost-6873 17.0
vhost-6873 17.0
vhost-6873 17.0
vhost-6873 17.0
vhost-6873 17.0
vhost-6873 17.0
vhost-6873 17.0
vhost-6873 17.0
vhost-6873 17.0
vhost-6873 17.0
vhost-6873 17.0
vhost-6873 17.0
vhost-6873 17.0
vhost-6873 17.3
vhost-6873 17.3
vhost-6873 17.3
vhost-6873 18.2
vhost-6873 18.5
vhost-6873 18.5
vhost-6873 18.5
vhost-6873 18.5
vhost-6873 18.5
vhost-6873 18.5
vhost-6873 18.5
vhost-6873 18.9
vhost-6873 18.9
vhost-6873 18.9
vhost-6873 18.9
vhost-6873 18.9
vhost-6873 18.9
vhost-6873 18.9
vhost-6873 18.9
vhost-6873 18.9
vhost-6873 18.9
vhost-6873 18.9
vhost-6873 18.9
vhost-6873 18.9
vhost-6873 18.9
vhost-6873 18.9
vhost-6873 18.9
vhost-6873 18.9
vhost-6873 18.9
vhost-6873 18.9
vhost-6873 19.2
vhost-6873 20.4
vhost-6873 20.4
vhost-6873 20.4
vhost-6873 20.8
vhost-6873 20.8
vhost-6873 20.8
vhost-6873 20.8
vhost-6873 20.8
vhost-6873 20.8
vhost-6873 20.8
vhost-6873 20.8
vhost-6873 20.8
vhost-6873 21.2
vhost-6873 21.2
vhost-6873 21.2
vhost-6873 22.2
vhost-6873 22.2
vhost-6873 22.2
vhost-6873 22.2
vhost-6873 22.6
vhost-6873 22.6
vhost-6873 22.6
vhost-6873 22.6
vhost-6873 22.6
vhost-6873 22.6
vhost-6873 22.6
vhost-6873 24.5
vhost-6873 25.0
vhost-6873 25.9
vhost-6873 26.4
vhost-6873 26.4
vhost-6873 33.3
vhost-6873 34.0
vhost-6873 34.0
vhost-6873 35.8
vhost-6873 35.8
vhost-6873 37.7
vhost-6873 9.4
vhost-6873 9.4
