vhost-12930 11.3
vhost-12930 11.3
vhost-12930 11.3
vhost-12930 11.3
vhost-12930 11.3
vhost-12930 11.3
vhost-12930 11.3
vhost-12930 11.3
vhost-12930 13.0
vhost-12930 13.0
vhost-12930 13.2
vhost-12930 13.2
vhost-12930 13.2
vhost-12930 13.2
vhost-12930 13.2
vhost-12930 13.2
vhost-12930 13.2
vhost-12930 13.2
vhost-12930 13.2
vhost-12930 13.2
vhost-12930 13.5
vhost-12930 13.5
vhost-12930 14.8
vhost-12930 14.8
vhost-12930 14.8
vhost-12930 14.8
vhost-12930 14.8
vhost-12930 15.1
vhost-12930 15.1
vhost-12930 15.1
vhost-12930 15.1
vhost-12930 15.1
vhost-12930 15.1
vhost-12930 15.1
vhost-12930 15.1
vhost-12930 15.1
vhost-12930 15.1
vhost-12930 15.1
vhost-12930 15.1
vhost-12930 15.1
vhost-12930 15.1
vhost-12930 15.4
vhost-12930 16.4
vhost-12930 16.7
vhost-12930 16.7
vhost-12930 16.7
vhost-12930 16.7
vhost-12930 17.0
vhost-12930 17.0
vhost-12930 17.0
vhost-12930 17.0
vhost-12930 17.0
vhost-12930 17.0
vhost-12930 17.0
vhost-12930 17.0
vhost-12930 17.0
vhost-12930 17.0
vhost-12930 17.0
vhost-12930 17.3
vhost-12930 17.3
vhost-12930 17.3
vhost-12930 17.3
vhost-12930 18.5
vhost-12930 18.5
vhost-12930 18.5
vhost-12930 18.5
vhost-12930 18.9
vhost-12930 18.9
vhost-12930 18.9
vhost-12930 18.9
vhost-12930 18.9
vhost-12930 18.9
vhost-12930 18.9
vhost-12930 18.9
vhost-12930 18.9
vhost-12930 18.9
vhost-12930 18.9
vhost-12930 18.9
vhost-12930 18.9
vhost-12930 18.9
vhost-12930 18.9
vhost-12930 18.9
vhost-12930 18.9
vhost-12930 18.9
vhost-12930 19.2
vhost-12930 19.2
vhost-12930 19.2
vhost-12930 19.2
vhost-12930 20.0
vhost-12930 20.4
vhost-12930 20.4
vhost-12930 20.4
vhost-12930 20.4
vhost-12930 20.8
vhost-12930 20.8
vhost-12930 20.8
vhost-12930 20.8
vhost-12930 20.8
vhost-12930 20.8
vhost-12930 20.8
vhost-12930 20.8
vhost-12930 20.8
vhost-12930 20.8
vhost-12930 20.8
vhost-12930 20.8
vhost-12930 20.8
vhost-12930 20.8
vhost-12930 22.2
vhost-12930 22.2
vhost-12930 22.2
vhost-12930 22.2
vhost-12930 22.6
vhost-12930 22.6
vhost-12930 22.6
vhost-12930 22.6
vhost-12930 22.6
vhost-12930 22.6
vhost-12930 22.6
vhost-12930 22.6
vhost-12930 22.6
vhost-12930 22.6
vhost-12930 22.6
vhost-12930 22.6
vhost-12930 22.6
vhost-12930 22.6
vhost-12930 22.6
vhost-12930 22.6
vhost-12930 22.6
vhost-12930 22.6
vhost-12930 22.6
vhost-12930 22.6
vhost-12930 24.1
vhost-12930 24.5
vhost-12930 24.5
vhost-12930 24.5
vhost-12930 24.5
vhost-12930 24.5
vhost-12930 24.5
vhost-12930 24.5
vhost-12930 24.5
vhost-12930 24.5
vhost-12930 25.0
vhost-12930 25.0
vhost-12930 26.4
vhost-12930 26.4
vhost-12930 26.4
vhost-12930 26.4
vhost-12930 26.4
vhost-12930 28.3
vhost-12930 7.5
vhost-12930 7.5
