              total        used        free      shared  buff/cache   available
Mem:          48114        3705       36097        2354        8311       40741
Swap:         24191           0       24191
Total:        72306        3705       60289

              total        used        free      shared  buff/cache   available
Mem:          48114        3706       36096        2354        8311       40740
Swap:         24191           0       24191
Total:        72306        3706       60288

              total        used        free      shared  buff/cache   available
Mem:          48114        3707       36095        2354        8311       40739
Swap:         24191           0       24191
Total:        72306        3707       60287

              total        used        free      shared  buff/cache   available
Mem:          48114        3712       36089        2354        8311       40733
Swap:         24191           0       24191
Total:        72306        3712       60281

              total        used        free      shared  buff/cache   available
Mem:          48114        3715       36087        2354        8311       40731
Swap:         24191           0       24191
Total:        72306        3715       60279

              total        used        free      shared  buff/cache   available
Mem:          48114        3714       36088        2354        8312       40732
Swap:         24191           0       24191
Total:        72306        3714       60280

              total        used        free      shared  buff/cache   available
Mem:          48114        3714       36087        2354        8312       40731
Swap:         24191           0       24191
Total:        72306        3714       60279

              total        used        free      shared  buff/cache   available
Mem:          48114        3727       36074        2354        8312       40719
Swap:         24191           0       24191
Total:        72306        3727       60266

              total        used        free      shared  buff/cache   available
Mem:          48114        3731       36070        2354        8312       40714
Swap:         24191           0       24191
Total:        72306        3731       60262

              total        used        free      shared  buff/cache   available
Mem:          48114        3732       36068        2354        8312       40713
Swap:         24191           0       24191
Total:        72306        3732       60260

              total        used        free      shared  buff/cache   available
Mem:          48114        3733       36067        2354        8313       40712
Swap:         24191           0       24191
Total:        72306        3733       60259

              total        used        free      shared  buff/cache   available
Mem:          48114        3733       36067        2354        8312       40712
Swap:         24191           0       24191
Total:        72306        3733       60259

              total        used        free      shared  buff/cache   available
Mem:          48114        3730       36071        2354        8312       40716
Swap:         24191           0       24191
Total:        72306        3730       60263

              total        used        free      shared  buff/cache   available
Mem:          48114        3728       36072        2354        8312       40717
Swap:         24191           0       24191
Total:        72306        3728       60264

              total        used        free      shared  buff/cache   available
Mem:          48114        3730       36070        2354        8312       40716
Swap:         24191           0       24191
Total:        72306        3730       60262

              total        used        free      shared  buff/cache   available
Mem:          48114        3729       36071        2354        8312       40716
Swap:         24191           0       24191
Total:        72306        3729       60263

              total        used        free      shared  buff/cache   available
Mem:          48114        3728       36073        2354        8312       40718
Swap:         24191           0       24191
Total:        72306        3728       60265

              total        used        free      shared  buff/cache   available
Mem:          48114        3728       36073        2354        8312       40718
Swap:         24191           0       24191
Total:        72306        3728       60265

              total        used        free      shared  buff/cache   available
Mem:          48114        3728       36072        2354        8313       40717
Swap:         24191           0       24191
Total:        72306        3728       60264

              total        used        free      shared  buff/cache   available
Mem:          48114        3728       36072        2354        8313       40718
Swap:         24191           0       24191
Total:        72306        3728       60264

              total        used        free      shared  buff/cache   available
Mem:          48114        3729       36071        2354        8313       40717
Swap:         24191           0       24191
Total:        72306        3729       60263

              total        used        free      shared  buff/cache   available
Mem:          48114        3728       36073        2354        8312       40719
Swap:         24191           0       24191
Total:        72306        3728       60265

              total        used        free      shared  buff/cache   available
Mem:          48114        3727       36073        2354        8313       40719
Swap:         24191           0       24191
Total:        72306        3727       60265

              total        used        free      shared  buff/cache   available
Mem:          48114        3723       36077        2354        8313       40723
Swap:         24191           0       24191
Total:        72306        3723       60269

              total        used        free      shared  buff/cache   available
Mem:          48114        3725       36075        2354        8313       40721
Swap:         24191           0       24191
Total:        72306        3725       60267

              total        used        free      shared  buff/cache   available
Mem:          48114        3727       36073        2354        8313       40719
Swap:         24191           0       24191
Total:        72306        3727       60265

              total        used        free      shared  buff/cache   available
Mem:          48114        3735       36065        2354        8313       40711
Swap:         24191           0       24191
Total:        72306        3735       60257

              total        used        free      shared  buff/cache   available
Mem:          48114        3734       36067        2354        8312       40713
Swap:         24191           0       24191
Total:        72306        3734       60259

              total        used        free      shared  buff/cache   available
Mem:          48114        3728       36072        2354        8313       40718
Swap:         24191           0       24191
Total:        72306        3728       60264

              total        used        free      shared  buff/cache   available
Mem:          48114        3727       36073        2354        8313       40720
Swap:         24191           0       24191
Total:        72306        3727       60265

              total        used        free      shared  buff/cache   available
Mem:          48114        3729       36071        2354        8313       40718
Swap:         24191           0       24191
Total:        72306        3729       60263

              total        used        free      shared  buff/cache   available
Mem:          48114        3731       36069        2354        8313       40716
Swap:         24191           0       24191
Total:        72306        3731       60261

              total        used        free      shared  buff/cache   available
Mem:          48114        3731       36069        2354        8312       40716
Swap:         24191           0       24191
Total:        72306        3731       60261

              total        used        free      shared  buff/cache   available
Mem:          48114        3729       36072        2354        8313       40719
Swap:         24191           0       24191
Total:        72306        3729       60264

              total        used        free      shared  buff/cache   available
Mem:          48114        3733       36067        2354        8313       40714
Swap:         24191           0       24191
Total:        72306        3733       60259

              total        used        free      shared  buff/cache   available
Mem:          48114        3736       36064        2354        8313       40711
Swap:         24191           0       24191
Total:        72306        3736       60256

              total        used        free      shared  buff/cache   available
Mem:          48114        3737       36063        2354        8313       40710
Swap:         24191           0       24191
Total:        72306        3737       60255

              total        used        free      shared  buff/cache   available
Mem:          48114        3735       36064        2354        8314       40712
Swap:         24191           0       24191
Total:        72306        3735       60256

              total        used        free      shared  buff/cache   available
Mem:          48114        3740       36059        2354        8314       40706
Swap:         24191           0       24191
Total:        72306        3740       60251

              total        used        free      shared  buff/cache   available
Mem:          48114        3738       36061        2354        8314       40709
Swap:         24191           0       24191
Total:        72306        3738       60253

              total        used        free      shared  buff/cache   available
Mem:          48114        3739       36059        2354        8314       40707
Swap:         24191           0       24191
Total:        72306        3739       60251

              total        used        free      shared  buff/cache   available
Mem:          48114        3739       36060        2354        8314       40708
Swap:         24191           0       24191
Total:        72306        3739       60252

              total        used        free      shared  buff/cache   available
Mem:          48114        3734       36065        2354        8314       40713
Swap:         24191           0       24191
Total:        72306        3734       60257

              total        used        free      shared  buff/cache   available
Mem:          48114        3737       36061        2354        8315       40709
Swap:         24191           0       24191
Total:        72306        3737       60253

              total        used        free      shared  buff/cache   available
Mem:          48114        3737       36061        2354        8315       40710
Swap:         24191           0       24191
Total:        72306        3737       60253

              total        used        free      shared  buff/cache   available
Mem:          48114        3736       36062        2354        8315       40710
Swap:         24191           0       24191
Total:        72306        3736       60254

              total        used        free      shared  buff/cache   available
Mem:          48114        3738       36060        2354        8315       40709
Swap:         24191           0       24191
Total:        72306        3738       60252

              total        used        free      shared  buff/cache   available
Mem:          48114        3737       36061        2354        8315       40710
Swap:         24191           0       24191
Total:        72306        3737       60253

              total        used        free      shared  buff/cache   available
Mem:          48114        3737       36061        2354        8315       40710
Swap:         24191           0       24191
Total:        72306        3737       60253

              total        used        free      shared  buff/cache   available
Mem:          48114        3734       36064        2354        8315       40713
Swap:         24191           0       24191
Total:        72306        3734       60256

              total        used        free      shared  buff/cache   available
Mem:          48114        3734       36063        2354        8315       40712
Swap:         24191           0       24191
Total:        72306        3734       60255

              total        used        free      shared  buff/cache   available
Mem:          48114        3735       36062        2354        8315       40711
Swap:         24191           0       24191
Total:        72306        3735       60254

              total        used        free      shared  buff/cache   available
Mem:          48114        3735       36062        2354        8315       40712
Swap:         24191           0       24191
Total:        72306        3735       60254

              total        used        free      shared  buff/cache   available
Mem:          48114        3733       36064        2354        8316       40713
Swap:         24191           0       24191
Total:        72306        3733       60256

              total        used        free      shared  buff/cache   available
Mem:          48114        3733       36064        2354        8316       40713
Swap:         24191           0       24191
Total:        72306        3733       60256

              total        used        free      shared  buff/cache   available
Mem:          48114        3733       36064        2354        8316       40713
Swap:         24191           0       24191
Total:        72306        3733       60256

              total        used        free      shared  buff/cache   available
Mem:          48114        3735       36062        2354        8316       40711
Swap:         24191           0       24191
Total:        72306        3735       60254

              total        used        free      shared  buff/cache   available
Mem:          48114        3733       36064        2354        8316       40713
Swap:         24191           0       24191
Total:        72306        3733       60256

              total        used        free      shared  buff/cache   available
Mem:          48114        3736       36060        2354        8317       40710
Swap:         24191           0       24191
Total:        72306        3736       60252

              total        used        free      shared  buff/cache   available
Mem:          48114        3734       36063        2354        8317       40713
Swap:         24191           0       24191
Total:        72306        3734       60255

              total        used        free      shared  buff/cache   available
Mem:          48114        3737       36059        2354        8317       40709
Swap:         24191           0       24191
Total:        72306        3737       60251

              total        used        free      shared  buff/cache   available
Mem:          48114        3734       36063        2354        8316       40713
Swap:         24191           0       24191
Total:        72306        3734       60255

              total        used        free      shared  buff/cache   available
Mem:          48114        3735       36061        2354        8317       40712
Swap:         24191           0       24191
Total:        72306        3735       60253

              total        used        free      shared  buff/cache   available
Mem:          48114        3732       36064        2354        8317       40714
Swap:         24191           0       24191
Total:        72306        3732       60256

              total        used        free      shared  buff/cache   available
Mem:          48114        3735       36061        2354        8317       40712
Swap:         24191           0       24191
Total:        72306        3735       60253

              total        used        free      shared  buff/cache   available
Mem:          48114        3734       36062        2354        8317       40712
Swap:         24191           0       24191
Total:        72306        3734       60254

              total        used        free      shared  buff/cache   available
Mem:          48114        3733       36063        2354        8317       40713
Swap:         24191           0       24191
Total:        72306        3733       60255

              total        used        free      shared  buff/cache   available
Mem:          48114        3733       36062        2354        8317       40713
Swap:         24191           0       24191
Total:        72306        3733       60254

              total        used        free      shared  buff/cache   available
Mem:          48114        3737       36060        2354        8317       40710
Swap:         24191           0       24191
Total:        72306        3737       60252

              total        used        free      shared  buff/cache   available
Mem:          48114        3734       36062        2354        8317       40713
Swap:         24191           0       24191
Total:        72306        3734       60254

              total        used        free      shared  buff/cache   available
Mem:          48114        3732       36063        2354        8318       40714
Swap:         24191           0       24191
Total:        72306        3732       60255

              total        used        free      shared  buff/cache   available
Mem:          48114        3734       36062        2354        8317       40713
Swap:         24191           0       24191
Total:        72306        3734       60254

              total        used        free      shared  buff/cache   available
Mem:          48114        3734       36061        2354        8318       40712
Swap:         24191           0       24191
Total:        72306        3734       60253

              total        used        free      shared  buff/cache   available
Mem:          48114        3732       36063        2354        8318       40714
Swap:         24191           0       24191
Total:        72306        3732       60255

              total        used        free      shared  buff/cache   available
Mem:          48114        3734       36061        2354        8318       40713
Swap:         24191           0       24191
Total:        72306        3734       60253

              total        used        free      shared  buff/cache   available
Mem:          48114        3732       36062        2354        8318       40714
Swap:         24191           0       24191
Total:        72306        3732       60254

              total        used        free      shared  buff/cache   available
Mem:          48114        3733       36062        2354        8318       40713
Swap:         24191           0       24191
Total:        72306        3733       60254

              total        used        free      shared  buff/cache   available
Mem:          48114        3734       36060        2354        8319       40712
Swap:         24191           0       24191
Total:        72306        3734       60252

              total        used        free      shared  buff/cache   available
Mem:          48114        3734       36060        2354        8319       40712
Swap:         24191           0       24191
Total:        72306        3734       60252

              total        used        free      shared  buff/cache   available
Mem:          48114        3733       36062        2354        8318       40714
Swap:         24191           0       24191
Total:        72306        3733       60254

              total        used        free      shared  buff/cache   available
Mem:          48114        3733       36061        2354        8319       40713
Swap:         24191           0       24191
Total:        72306        3733       60253

              total        used        free      shared  buff/cache   available
Mem:          48114        3733       36061        2354        8319       40713
Swap:         24191           0       24191
Total:        72306        3733       60253

              total        used        free      shared  buff/cache   available
Mem:          48114        3733       36061        2354        8318       40714
Swap:         24191           0       24191
Total:        72306        3733       60253

              total        used        free      shared  buff/cache   available
Mem:          48114        3733       36060        2354        8319       40713
Swap:         24191           0       24191
Total:        72306        3733       60252

              total        used        free      shared  buff/cache   available
Mem:          48114        3733       36061        2354        8319       40713
Swap:         24191           0       24191
Total:        72306        3733       60253

              total        used        free      shared  buff/cache   available
Mem:          48114        3732       36061        2354        8319       40714
Swap:         24191           0       24191
Total:        72306        3732       60253

              total        used        free      shared  buff/cache   available
Mem:          48114        3764       36030        2354        8319       40683
Swap:         24191           0       24191
Total:        72306        3764       60222

              total        used        free      shared  buff/cache   available
Mem:          48114        3736       36059        2354        8318       40712
Swap:         24191           0       24191
Total:        72306        3736       60251

              total        used        free      shared  buff/cache   available
Mem:          48114        3734       36059        2354        8319       40713
Swap:         24191           0       24191
Total:        72306        3734       60251

              total        used        free      shared  buff/cache   available
Mem:          48114        3730       36063        2354        8320       40717
Swap:         24191           0       24191
Total:        72306        3730       60255

              total        used        free      shared  buff/cache   available
Mem:          48114        3736       36058        2354        8319       40711
Swap:         24191           0       24191
Total:        72306        3736       60250

              total        used        free      shared  buff/cache   available
Mem:          48114        3733       36060        2354        8320       40713
Swap:         24191           0       24191
Total:        72306        3733       60252

              total        used        free      shared  buff/cache   available
Mem:          48114        3738       36055        2354        8320       40709
Swap:         24191           0       24191
Total:        72306        3738       60247

              total        used        free      shared  buff/cache   available
Mem:          48114        3738       36055        2354        8320       40709
Swap:         24191           0       24191
Total:        72306        3738       60247

              total        used        free      shared  buff/cache   available
Mem:          48114        3739       36054        2354        8320       40708
Swap:         24191           0       24191
Total:        72306        3739       60246

              total        used        free      shared  buff/cache   available
Mem:          48114        3740       36054        2354        8319       40707
Swap:         24191           0       24191
Total:        72306        3740       60246

              total        used        free      shared  buff/cache   available
Mem:          48114        3735       36057        2354        8320       40711
Swap:         24191           0       24191
Total:        72306        3735       60249

              total        used        free      shared  buff/cache   available
Mem:          48114        3737       36055        2354        8320       40709
Swap:         24191           0       24191
Total:        72306        3737       60247

              total        used        free      shared  buff/cache   available
Mem:          48114        3739       36053        2354        8320       40707
Swap:         24191           0       24191
Total:        72306        3739       60245

              total        used        free      shared  buff/cache   available
Mem:          48114        3739       36054        2354        8320       40708
Swap:         24191           0       24191
Total:        72306        3739       60246

              total        used        free      shared  buff/cache   available
Mem:          48114        3739       36053        2354        8321       40707
Swap:         24191           0       24191
Total:        72306        3739       60245

              total        used        free      shared  buff/cache   available
Mem:          48114        3739       36053        2354        8321       40707
Swap:         24191           0       24191
Total:        72306        3739       60245

              total        used        free      shared  buff/cache   available
Mem:          48114        3740       36052        2354        8321       40707
Swap:         24191           0       24191
Total:        72306        3740       60244

              total        used        free      shared  buff/cache   available
Mem:          48114        3740       36052        2354        8321       40706
Swap:         24191           0       24191
Total:        72306        3740       60244

              total        used        free      shared  buff/cache   available
Mem:          48114        3740       36052        2354        8321       40707
Swap:         24191           0       24191
Total:        72306        3740       60244

              total        used        free      shared  buff/cache   available
Mem:          48114        3740       36052        2354        8321       40707
Swap:         24191           0       24191
Total:        72306        3740       60244

              total        used        free      shared  buff/cache   available
Mem:          48114        3738       36053        2354        8321       40708
Swap:         24191           0       24191
Total:        72306        3738       60245

              total        used        free      shared  buff/cache   available
Mem:          48114        3740       36051        2354        8321       40706
Swap:         24191           0       24191
Total:        72306        3740       60243

              total        used        free      shared  buff/cache   available
Mem:          48114        3741       36050        2354        8321       40705
Swap:         24191           0       24191
Total:        72306        3741       60242

              total        used        free      shared  buff/cache   available
Mem:          48114        3739       36052        2354        8322       40707
Swap:         24191           0       24191
Total:        72306        3739       60244

              total        used        free      shared  buff/cache   available
Mem:          48114        3740       36051        2354        8322       40706
Swap:         24191           0       24191
Total:        72306        3740       60243

              total        used        free      shared  buff/cache   available
Mem:          48114        3739       36052        2354        8322       40707
Swap:         24191           0       24191
Total:        72306        3739       60244

              total        used        free      shared  buff/cache   available
Mem:          48114        3741       36050        2354        8322       40706
Swap:         24191           0       24191
Total:        72306        3741       60242

              total        used        free      shared  buff/cache   available
Mem:          48114        3740       36051        2354        8322       40707
Swap:         24191           0       24191
Total:        72306        3740       60243

              total        used        free      shared  buff/cache   available
Mem:          48114        3740       36051        2354        8322       40707
Swap:         24191           0       24191
Total:        72306        3740       60243

              total        used        free      shared  buff/cache   available
Mem:          48114        3740       36051        2354        8322       40707
Swap:         24191           0       24191
Total:        72306        3740       60243

              total        used        free      shared  buff/cache   available
Mem:          48114        3741       36049        2354        8322       40705
Swap:         24191           0       24191
Total:        72306        3741       60241

              total        used        free      shared  buff/cache   available
Mem:          48114        3742       36049        2354        8322       40705
Swap:         24191           0       24191
Total:        72306        3742       60241

              total        used        free      shared  buff/cache   available
Mem:          48114        3743       36047        2354        8323       40703
Swap:         24191           0       24191
Total:        72306        3743       60239

              total        used        free      shared  buff/cache   available
Mem:          48114        3740       36050        2354        8323       40706
Swap:         24191           0       24191
Total:        72306        3740       60242

              total        used        free      shared  buff/cache   available
Mem:          48114        3740       36050        2354        8323       40707
Swap:         24191           0       24191
Total:        72306        3740       60242

              total        used        free      shared  buff/cache   available
Mem:          48114        3742       36049        2354        8322       40705
Swap:         24191           0       24191
Total:        72306        3742       60241

              total        used        free      shared  buff/cache   available
Mem:          48114        3741       36049        2354        8323       40706
Swap:         24191           0       24191
Total:        72306        3741       60241

              total        used        free      shared  buff/cache   available
Mem:          48114        3741       36049        2354        8323       40705
Swap:         24191           0       24191
Total:        72306        3741       60241

              total        used        free      shared  buff/cache   available
Mem:          48114        3739       36050        2354        8323       40707
Swap:         24191           0       24191
Total:        72306        3739       60242

              total        used        free      shared  buff/cache   available
Mem:          48114        3741       36049        2354        8323       40706
Swap:         24191           0       24191
Total:        72306        3741       60241

              total        used        free      shared  buff/cache   available
Mem:          48114        3740       36049        2354        8323       40706
Swap:         24191           0       24191
Total:        72306        3740       60241

              total        used        free      shared  buff/cache   available
Mem:          48114        3739       36050        2354        8323       40707
Swap:         24191           0       24191
Total:        72306        3739       60242

              total        used        free      shared  buff/cache   available
Mem:          48114        3739       36050        2354        8324       40707
Swap:         24191           0       24191
Total:        72306        3739       60242

              total        used        free      shared  buff/cache   available
Mem:          48114        3740       36049        2354        8324       40706
Swap:         24191           0       24191
Total:        72306        3740       60241

              total        used        free      shared  buff/cache   available
Mem:          48114        3737       36052        2354        8324       40709
Swap:         24191           0       24191
Total:        72306        3737       60244

              total        used        free      shared  buff/cache   available
Mem:          48114        3738       36050        2354        8324       40708
Swap:         24191           0       24191
Total:        72306        3738       60242

              total        used        free      shared  buff/cache   available
Mem:          48114        3737       36053        2354        8324       40710
Swap:         24191           0       24191
Total:        72306        3737       60245

              total        used        free      shared  buff/cache   available
Mem:          48114        3737       36051        2354        8324       40709
Swap:         24191           0       24191
Total:        72306        3737       60243

              total        used        free      shared  buff/cache   available
Mem:          48114        3737       36051        2354        8324       40709
Swap:         24191           0       24191
Total:        72306        3737       60243
