09:24:41 PM      eth0     40.00     35.00     11.32      8.98      0.00      0.00      0.00
09:24:42 PM      eth0     30.00     28.00      6.83      6.15      0.00      0.00      0.00
09:24:43 PM      eth0     39.00     35.00     11.26      8.98      0.00      0.00      0.00
09:24:44 PM      eth0     50.00     49.00     12.51     11.19      0.00      0.00      0.00
09:24:45 PM      eth0     25.00     21.00      5.98      5.04      0.00      0.00      0.00
09:24:46 PM      eth0     55.00     49.00     15.12     13.08      0.00      0.00      0.00
09:24:47 PM      eth0  71083.00 261718.00   8056.79 386847.95      0.00      0.00      0.00
09:24:48 PM      eth0  88781.00 409591.00  10192.40 605465.15      0.00      0.00      0.00
09:24:49 PM      eth0  94699.00 401953.00  11215.78 594182.87      0.00      0.00      0.00
09:24:50 PM      eth0 106703.00 403518.00  12626.44 596484.31      0.00      0.00      0.00
09:24:51 PM      eth0 128154.00 400217.00  15528.33 591706.64      0.00      0.00      0.00
09:24:52 PM      eth0 123302.00 382260.00  15181.32 565115.45      0.00      0.00      0.00
09:24:53 PM      eth0 130956.00 377979.00  16076.61 558799.97      0.00      0.00      0.00
09:24:54 PM      eth0 105348.00 368415.00  12653.03 544706.51      0.00      0.00      0.00
09:24:55 PM      eth0 106204.00 368187.00  12542.54 544369.74      0.00      0.00      0.00
09:24:56 PM      eth0 128637.00 339641.00  15323.85 502160.88      0.00      0.00      0.00
09:24:57 PM      eth0 102064.00 233385.00  12272.77 345055.80      0.00      0.00      0.00
09:24:58 PM      eth0 104409.00 233651.00  12566.55 345455.35      0.00      0.00      0.00
09:24:59 PM      eth0  98098.00 223076.00  11622.33 329818.91      0.00      0.00      0.00
09:25:00 PM      eth0 100254.00 217666.00  12098.64 321807.65      0.00      0.00      0.00
09:25:01 PM      eth0 112404.00 220346.00  13581.53 325778.39      0.00      0.00      0.00
09:25:02 PM      eth0 109571.00 208913.00  13238.90 308877.03      0.00      0.00      0.00
09:25:03 PM      eth0 105856.00 218286.00  12690.80 322735.85      0.00      0.00      0.00
09:25:04 PM      eth0 111280.00 222266.00  13418.01 328613.55      0.00      0.00      0.00
09:25:05 PM      eth0  98859.00 233931.00  11754.17 345864.26      0.00      0.00      0.00
09:25:06 PM      eth0 120648.00 277229.00  14330.87 409877.20      0.00      0.00      0.00
09:25:07 PM      eth0 142153.00 366825.00  16839.63 542214.52      0.00      0.00      0.00
09:25:08 PM      eth0 139099.00 351269.00  16572.79 519316.21      0.00      0.00      0.00
09:25:09 PM      eth0 149614.00 347589.00  17930.00 513913.43      0.00      0.00      0.00
09:25:10 PM      eth0 148452.00 357205.00  17783.57 528110.90      0.00      0.00      0.00
09:25:11 PM      eth0 147227.00 354088.00  17585.29 523520.60      0.00      0.00      0.00
09:25:12 PM      eth0 139473.00 360412.00  16569.59 532870.45      0.00      0.00      0.00
09:25:13 PM      eth0 141629.00 359910.00  16855.60 532129.07      0.00      0.00      0.00
09:25:14 PM      eth0 139448.00 365932.00  16534.98 541033.76      0.00      0.00      0.00
09:25:15 PM      eth0 138180.00 353493.00  16388.53 522643.53      0.00      0.00      0.00
09:25:16 PM      eth0 153738.00 350238.00  18446.49 517592.53      0.00      0.00      0.00
09:25:17 PM      eth0 144772.00 333420.00  17384.48 492959.43      0.00      0.00      0.00
09:25:18 PM      eth0 152825.00 349788.00  18354.73 517161.58      0.00      0.00      0.00
09:25:19 PM      eth0 140576.00 331602.00  16819.09 490277.77      0.00      0.00      0.00
09:25:20 PM      eth0 134983.00 323257.00  16016.78 477925.22      0.00      0.00      0.00
09:25:21 PM      eth0 139362.00 321174.00  16608.02 474857.23      0.00      0.00      0.00
09:25:22 PM      eth0 149590.00 319273.00  17985.04 472045.41      0.00      0.00      0.00
09:25:23 PM      eth0 141377.00 331618.00  16818.13 490298.38      0.00      0.00      0.00
09:25:24 PM      eth0 149601.00 325087.00  17947.60 480613.58      0.00      0.00      0.00
09:25:25 PM      eth0 147437.00 327845.00  17574.50 484720.47      0.00      0.00      0.00
09:25:26 PM      eth0 149086.00 324851.00  17875.49 480294.48      0.00      0.00      0.00
09:25:27 PM      eth0 142758.00 335640.00  17011.88 496209.77      0.00      0.00      0.00
09:25:28 PM      eth0 145235.00 329448.00  17348.76 487090.04      0.00      0.00      0.00
09:25:29 PM      eth0 132831.00 327432.00  15773.23 484111.90      0.00      0.00      0.00
09:25:30 PM      eth0 135028.00 319249.00  16018.85 471998.37      0.00      0.00      0.00
09:25:31 PM      eth0 135411.00 314629.00  16091.63 465180.98      0.00      0.00      0.00
09:25:32 PM      eth0 154218.00 329438.00  18515.66 487074.08      0.00      0.00      0.00
09:25:33 PM      eth0 144682.00 321619.00  17417.11 475515.70      0.00      0.00      0.00
09:25:34 PM      eth0 133213.00 340539.00  15766.81 503486.77      0.00      0.00      0.00
09:25:35 PM      eth0 127316.00 352600.00  14935.73 521320.39      0.00      0.00      0.00
09:25:36 PM      eth0 135651.00 329023.00  16174.68 486370.88      0.00      0.00      0.00
09:25:37 PM      eth0 150686.00 322288.00  18219.84 476503.96      0.00      0.00      0.00
09:25:38 PM      eth0 145972.00 347024.00  17480.99 513073.49      0.00      0.00      0.00
09:25:39 PM      eth0 142889.00 336808.00  17030.19 497959.44      0.00      0.00      0.00
09:25:40 PM      eth0 139871.00 347280.00  16618.12 513443.14      0.00      0.00      0.00
09:25:41 PM      eth0 147790.00 357129.00  17611.41 528016.94      0.00      0.00      0.00
09:25:42 PM      eth0 149666.00 346827.00  17880.50 512783.19      0.00      0.00      0.00
09:25:43 PM      eth0 132884.00 328207.00  15735.06 485255.77      0.00      0.00      0.00
09:25:44 PM      eth0 149057.00 354056.00  17797.55 523474.68      0.00      0.00      0.00
09:25:45 PM      eth0 160488.00 343301.00  19378.57 507571.05      0.00      0.00      0.00
09:25:46 PM      eth0 146849.00 352918.00  17548.99 521791.12      0.00      0.00      0.00
09:25:47 PM      eth0 135358.00 366453.00  15949.00 541805.10      0.00      0.00      0.00
09:25:48 PM      eth0 142329.00 364469.00  16861.12 538865.15      0.00      0.00      0.00
09:25:49 PM      eth0 137375.00 348124.00  16257.45 514703.62      0.00      0.00      0.00
09:25:50 PM      eth0 140459.00 377793.00  16614.18 558556.72      0.00      0.00      0.00
09:25:51 PM      eth0 134137.00 356530.00  15879.61 527132.50      0.00      0.00      0.00
09:25:52 PM      eth0 138413.00 367474.00  16379.86 543313.53      0.00      0.00      0.00
09:25:53 PM      eth0 130431.00 354350.00  15370.90 523905.91      0.00      0.00      0.00
09:25:54 PM      eth0 137736.00 351779.00  16275.85 520103.83      0.00      0.00      0.00
09:25:55 PM      eth0 142391.00 342751.00  16952.18 506757.36      0.00      0.00      0.00
09:25:56 PM      eth0 139517.00 337858.00  16620.20 499525.55      0.00      0.00      0.00
09:25:57 PM      eth0 140281.00 321188.00  16777.00 474875.66      0.00      0.00      0.00
09:25:58 PM      eth0 138412.00 319419.00  16563.69 472261.18      0.00      0.00      0.00
09:25:59 PM      eth0 139322.00 332757.00  16559.29 491982.44      0.00      0.00      0.00
09:26:00 PM      eth0 132924.00 342063.00  15801.29 505729.56      0.00      0.00      0.00
09:26:01 PM      eth0 118931.00 357232.00  13994.48 528170.42      0.00      0.00      0.00
09:26:02 PM      eth0 115218.00 365177.00  13706.80 539918.43      0.00      0.00      0.00
09:26:03 PM      eth0 115671.00 357466.00  13658.44 528512.18      0.00      0.00      0.00
09:26:04 PM      eth0 132364.00 346977.00  15771.43 513006.49      0.00      0.00      0.00
09:26:05 PM      eth0 138630.00 343963.00  16480.33 508551.98      0.00      0.00      0.00
09:26:06 PM      eth0 140869.00 355865.00  16735.46 526134.39      0.00      0.00      0.00
09:26:07 PM      eth0 151828.00 346966.00  18267.34 512856.24      0.00      0.00      0.00
09:26:08 PM      eth0 141775.00 339052.00  16900.76 501256.17      0.00      0.00      0.00
09:26:09 PM      eth0 125319.00 356637.00  14774.84 527289.17      0.00      0.00      0.00
09:26:10 PM      eth0 130136.00 335118.00  15438.24 495463.45      0.00      0.00      0.00
09:26:11 PM      eth0 131335.00 324760.00  15556.31 480161.76      0.00      0.00      0.00
09:26:12 PM      eth0 143316.00 363028.00  17103.59 536739.63      0.00      0.00      0.00
09:26:13 PM      eth0 139059.00 344313.00  16609.11 509069.17      0.00      0.00      0.00
09:26:14 PM      eth0 141330.00 348742.00  16859.25 515614.13      0.00      0.00      0.00
09:26:15 PM      eth0 130183.00 355839.00  15338.37 526108.37      0.00      0.00      0.00
09:26:16 PM      eth0 144348.00 339466.00  17276.29 501903.80      0.00      0.00      0.00
09:26:17 PM      eth0 129305.00 353357.00  15229.14 522437.88      0.00      0.00      0.00
09:26:18 PM      eth0 129613.00 328235.00  15432.49 485298.54      0.00      0.00      0.00
09:26:19 PM      eth0 137174.00 327692.00  16350.85 484495.41      0.00      0.00      0.00
09:26:20 PM      eth0 151688.00 335288.00  18216.21 495710.37      0.00      0.00      0.00
09:26:21 PM      eth0 139830.00 328968.00  16671.17 486381.15      0.00      0.00      0.00
09:26:22 PM      eth0 140157.00 332472.00  16752.79 491558.29      0.00      0.00      0.00
09:26:23 PM      eth0 138425.00 322661.00  16485.60 477017.92      0.00      0.00      0.00
09:26:24 PM      eth0 148783.00 338716.00  17835.10 500515.65      0.00      0.00      0.00
09:26:25 PM      eth0 137435.00 325712.00  16487.76 481565.03      0.00      0.00      0.00
09:26:26 PM      eth0 139052.00 334163.00  16601.36 494061.81      0.00      0.00      0.00
09:26:27 PM      eth0 135320.00 327487.00  16046.79 484191.85      0.00      0.00      0.00
09:26:28 PM      eth0 141574.00 322355.00  16934.74 476567.51      0.00      0.00      0.00
09:26:29 PM      eth0 149326.00 335818.00  17905.81 496507.13      0.00      0.00      0.00
09:26:30 PM      eth0 145000.00 323016.00  17385.64 477567.40      0.00      0.00      0.00
09:26:31 PM      eth0 140481.00 338288.00  16805.36 500158.35      0.00      0.00      0.00
09:26:32 PM      eth0 146513.00 353311.00  17573.58 522373.78      0.00      0.00      0.00
09:26:33 PM      eth0 144494.00 345250.00  17332.77 510453.89      0.00      0.00      0.00
09:26:34 PM      eth0 147627.00 355667.00  17732.02 525855.77      0.00      0.00      0.00
09:26:35 PM      eth0 147985.00 340017.00  17795.92 502716.35      0.00      0.00      0.00
09:26:36 PM      eth0 150409.00 360629.00  18053.08 533182.76      0.00      0.00      0.00
09:26:37 PM      eth0 154343.00 340068.00  18651.35 502787.47      0.00      0.00      0.00
09:26:38 PM      eth0 150750.00 344473.00  18157.13 509302.33      0.00      0.00      0.00
09:26:39 PM      eth0 156470.00 336162.00  18919.90 496999.10      0.00      0.00      0.00
09:26:40 PM      eth0 148395.00 355834.00  17843.38 526090.62      0.00      0.00      0.00
09:26:41 PM      eth0 152828.00 351520.00  18480.36 519721.36      0.00      0.00      0.00
09:26:42 PM      eth0 145561.00 342083.00  17475.44 505768.96      0.00      0.00      0.00
09:26:43 PM      eth0 153781.00 336337.00  18568.12 497274.58      0.00      0.00      0.00
09:26:44 PM      eth0 155428.00 354161.00  18748.89 523628.72      0.00      0.00      0.00
09:26:45 PM      eth0 160521.00 353600.00  19416.10 522801.38      0.00      0.00      0.00
09:26:46 PM      eth0 160494.00 350355.00  19391.89 518002.97      0.00      0.00      0.00
09:26:47 PM      eth0 142146.00 400729.00  16864.88 592474.90      0.00      0.00      0.00
09:26:48 PM      eth0 117042.00 406521.00  13893.63 601043.64      0.00      0.00      0.00
09:26:49 PM      eth0 107125.00 406192.00  12654.55 600556.70      0.00      0.00      0.00
09:26:50 PM      eth0  78756.00 406541.00   9184.43 601058.11      0.00      0.00      0.00
09:26:51 PM      eth0  46421.00 406134.00   5288.91 600474.04      0.00      0.00      0.00
09:26:52 PM      eth0  40648.00 491073.00   4646.56 726057.63      0.00      0.00      0.00
09:26:53 PM      eth0  12043.00 302510.00   1363.97 447260.80      0.00      0.00      0.00
09:26:54 PM      eth0     17.00     13.00      3.95      2.91      0.00      0.00      0.00
