vhost-13159 11.5
vhost-13159 11.5
vhost-13159 11.5
vhost-13159 13.5
vhost-13159 13.5
vhost-13159 13.5
vhost-13159 13.5
vhost-13159 13.5
vhost-13159 15.4
vhost-13159 15.4
vhost-13159 15.4
vhost-13159 15.4
vhost-13159 17.3
vhost-13159 17.3
vhost-13159 17.3
vhost-13159 19.2
vhost-13159 19.2
vhost-13159 19.2
vhost-13159 20.8
vhost-13159 21.2
vhost-13159 21.2
vhost-13159 21.2
vhost-13159 21.2
vhost-13159 21.2
vhost-13159 22.6
vhost-13159 23.1
vhost-13159 23.1
vhost-13159 23.1
vhost-13159 23.1
vhost-13159 23.1
vhost-13159 23.1
vhost-13159 25.0
vhost-13159 25.0
vhost-13159 25.5
vhost-13159 26.4
vhost-13159 26.4
vhost-13159 28.8
vhost-13159 28.8
vhost-13159 29.4
vhost-13159 30.8
vhost-13159 30.8
vhost-13159 32.1
vhost-13159 32.1
vhost-13159 9.6
