vhost-13726 13.5
vhost-13726 13.5
vhost-13726 13.5
vhost-13726 13.5
vhost-13726 13.7
vhost-13726 15.4
vhost-13726 15.7
vhost-13726 17.0
vhost-13726 17.3
vhost-13726 17.3
vhost-13726 17.3
vhost-13726 17.3
vhost-13726 18.9
vhost-13726 1.9
vhost-13726 19.2
vhost-13726 19.2
vhost-13726 19.6
vhost-13726 21.2
vhost-13726 21.2
vhost-13726 23.1
vhost-13726 25.0
vhost-13726 25.0
vhost-13726 25.5
vhost-13726 26.4
vhost-13726 26.4
vhost-13726 26.4
vhost-13726 26.9
vhost-13726 26.9
vhost-13726 26.9
vhost-13726 28.8
vhost-13726 28.8
vhost-13726 28.8
vhost-13726 30.2
vhost-13726 30.8
vhost-13726 30.8
vhost-13726 30.8
vhost-13726 32.7
vhost-13726 32.7
vhost-13726 34.6
vhost-13726 36.5
vhost-13726 36.5
vhost-13726 37.3
vhost-13726 41.2
vhost-13726 41.5
