vhost-12403 11.5
vhost-12403 13.5
vhost-12403 15.1
vhost-12403 15.4
vhost-12403 15.4
vhost-12403 15.4
vhost-12403 15.7
vhost-12403 15.7
vhost-12403 17.0
vhost-12403 17.3
vhost-12403 17.3
vhost-12403 17.3
vhost-12403 17.3
vhost-12403 17.3
vhost-12403 19.2
vhost-12403 19.2
vhost-12403 19.2
vhost-12403 19.2
vhost-12403 19.2
vhost-12403 19.2
vhost-12403 19.2
vhost-12403 19.2
vhost-12403 19.2
vhost-12403 19.6
vhost-12403 19.6
vhost-12403 20.8
vhost-12403 21.2
vhost-12403 21.2
vhost-12403 21.2
vhost-12403 22.6
vhost-12403 23.1
vhost-12403 23.1
vhost-12403 23.1
vhost-12403 23.1
vhost-12403 23.5
vhost-12403 7.7
