vhost-11654 11.5
vhost-11654 11.5
vhost-11654 11.5
vhost-11654 11.5
vhost-11654 13.5
vhost-11654 13.5
vhost-11654 13.5
vhost-11654 13.5
vhost-11654 13.7
vhost-11654 15.4
vhost-11654 15.4
vhost-11654 15.4
vhost-11654 17.3
vhost-11654 17.3
vhost-11654 17.3
vhost-11654 17.3
vhost-11654 19.2
vhost-11654 19.2
vhost-11654 21.2
vhost-11654 21.2
vhost-11654 21.2
vhost-11654 21.2
vhost-11654 21.2
vhost-11654 21.6
vhost-11654 23.1
vhost-11654 23.1
vhost-11654 24.5
vhost-11654 25.0
vhost-11654 25.0
vhost-11654 25.0
vhost-11654 25.0
vhost-11654 26.9
vhost-11654 26.9
vhost-11654 26.9
vhost-11654 26.9
vhost-11654 27.5
vhost-11654 30.8
vhost-11654 30.8
vhost-11654 30.8
vhost-11654 32.7
vhost-11654 32.7
vhost-11654 32.7
vhost-11654 36.5
vhost-11654 36.5
vhost-11654 36.5
vhost-11654 38.5
vhost-11654 39.2
vhost-11654 47.1
vhost-11654 63.5
vhost-11654 9.6
vhost-11654 9.6
