vhost-13974 11.5
vhost-13974 13.5
vhost-13974 13.5
vhost-13974 17.3
vhost-13974 17.3
vhost-13974 17.3
vhost-13974 17.3
vhost-13974 17.3
vhost-13974 18.9
vhost-13974 19.2
vhost-13974 19.2
vhost-13974 19.2
vhost-13974 19.2
vhost-13974 19.2
vhost-13974 21.2
vhost-13974 21.2
vhost-13974 21.2
vhost-13974 21.2
vhost-13974 21.2
vhost-13974 21.2
vhost-13974 21.2
vhost-13974 21.6
vhost-13974 23.1
vhost-13974 23.1
vhost-13974 23.1
vhost-13974 23.1
vhost-13974 25.0
vhost-13974 26.4
vhost-13974 26.9
vhost-13974 28.8
vhost-13974 30.8
vhost-13974 32.7
vhost-13974 36.5
vhost-13974 7.7
vhost-13974 9.6
