vhost-11905 11.5
vhost-11905 13.5
vhost-11905 13.5
vhost-11905 15.1
vhost-11905 15.4
vhost-11905 15.4
vhost-11905 15.4
vhost-11905 15.4
vhost-11905 17.0
vhost-11905 17.3
vhost-11905 17.3
vhost-11905 17.3
vhost-11905 17.3
vhost-11905 17.3
vhost-11905 17.3
vhost-11905 17.3
vhost-11905 17.3
vhost-11905 17.6
vhost-11905 17.6
vhost-11905 19.2
vhost-11905 19.2
vhost-11905 19.2
vhost-11905 19.2
vhost-11905 19.2
vhost-11905 19.2
vhost-11905 21.2
vhost-11905 21.2
vhost-11905 21.2
vhost-11905 21.6
vhost-11905 23.1
vhost-11905 25.0
vhost-11905 25.0
vhost-11905 25.0
vhost-11905 28.3
vhost-11905 28.8
vhost-11905 28.8
vhost-11905 29.4
vhost-11905 35.8
vhost-11905 38.5
vhost-11905 9.6
vhost-11905 9.8
