vhost-12181 11.5
vhost-12181 11.5
vhost-12181 13.5
vhost-12181 13.5
vhost-12181 13.5
vhost-12181 13.5
vhost-12181 15.1
vhost-12181 15.1
vhost-12181 15.4
vhost-12181 15.4
vhost-12181 15.4
vhost-12181 15.4
vhost-12181 17.0
vhost-12181 17.0
vhost-12181 17.0
vhost-12181 17.3
vhost-12181 17.3
vhost-12181 17.3
vhost-12181 17.3
vhost-12181 17.6
vhost-12181 17.6
vhost-12181 19.2
vhost-12181 19.2
vhost-12181 19.2
vhost-12181 21.2
vhost-12181 21.2
vhost-12181 21.2
vhost-12181 23.1
vhost-12181 23.1
vhost-12181 23.1
vhost-12181 23.1
vhost-12181 23.1
vhost-12181 23.5
vhost-12181 25.0
vhost-12181 25.0
vhost-12181 25.0
vhost-12181 25.0
vhost-12181 25.0
vhost-12181 25.5
vhost-12181 26.9
vhost-12181 27.5
vhost-12181 28.8
vhost-12181 30.2
vhost-12181 32.1
vhost-12181 41.2
vhost-12181 44.2
vhost-12181 46.2
vhost-12181 48.1
vhost-12181 51.9
vhost-12181 51.9
vhost-12181 64.7
