vhost-14414 13.5
vhost-14414 15.4
vhost-14414 15.4
vhost-14414 17.3
vhost-14414 17.3
vhost-14414 19.2
vhost-14414 19.2
vhost-14414 2.0
vhost-14414 21.2
vhost-14414 21.2
vhost-14414 21.6
vhost-14414 23.1
vhost-14414 23.1
vhost-14414 24.5
vhost-14414 24.5
vhost-14414 25.0
vhost-14414 25.0
vhost-14414 25.0
vhost-14414 25.0
vhost-14414 25.0
vhost-14414 26.9
vhost-14414 26.9
vhost-14414 26.9
vhost-14414 26.9
vhost-14414 26.9
vhost-14414 27.5
vhost-14414 28.8
vhost-14414 28.8
vhost-14414 28.8
vhost-14414 28.8
vhost-14414 28.8
vhost-14414 28.8
vhost-14414 28.8
vhost-14414 28.8
vhost-14414 29.4
vhost-14414 30.8
vhost-14414 30.8
vhost-14414 30.8
vhost-14414 32.7
vhost-14414 32.7
vhost-14414 32.7
vhost-14414 32.7
vhost-14414 32.7
vhost-14414 34.6
vhost-14414 35.3
vhost-14414 36.5
vhost-14414 36.5
vhost-14414 36.5
vhost-14414 42.3
vhost-14414 42.3
vhost-14414 44.2
vhost-14414 51.9
vhost-14414 56.9
vhost-14414 9.6
