vhost-12704 13.5
vhost-12704 17.3
vhost-12704 17.3
vhost-12704 19.2
vhost-12704 19.2
vhost-12704 21.2
vhost-12704 22.6
vhost-12704 23.1
vhost-12704 25.0
vhost-12704 26.9
vhost-12704 26.9
vhost-12704 26.9
vhost-12704 28.8
vhost-12704 28.8
vhost-12704 28.8
vhost-12704 28.8
vhost-12704 28.8
vhost-12704 28.8
vhost-12704 28.8
vhost-12704 30.2
vhost-12704 30.8
vhost-12704 30.8
vhost-12704 30.8
vhost-12704 31.4
vhost-12704 31.4
vhost-12704 32.1
vhost-12704 32.1
vhost-12704 32.1
vhost-12704 32.1
vhost-12704 32.7
vhost-12704 34.6
vhost-12704 34.6
vhost-12704 34.6
vhost-12704 34.6
vhost-12704 34.6
vhost-12704 34.6
vhost-12704 35.3
vhost-12704 36.5
vhost-12704 36.5
vhost-12704 36.5
vhost-12704 38.5
vhost-12704 38.5
vhost-12704 38.5
vhost-12704 38.5
vhost-12704 44.2
