              total        used        free      shared  buff/cache   available
Mem:          48114        1076       39528        2393        7509       43353
Swap:         24191           0       24191
Total:        72306        1076       63720

              total        used        free      shared  buff/cache   available
Mem:          48114        1076       39600        2393        7438       43353
Swap:         24191           0       24191
Total:        72306        1076       63792

              total        used        free      shared  buff/cache   available
Mem:          48114        1076       39599        2393        7438       43353
Swap:         24191           0       24191
Total:        72306        1076       63791

              total        used        free      shared  buff/cache   available
Mem:          48114        1081       39600        2393        7431       43347
Swap:         24191           0       24191
Total:        72306        1081       63792

              total        used        free      shared  buff/cache   available
Mem:          48114        1080       39601        2393        7432       43348
Swap:         24191           0       24191
Total:        72306        1080       63793

              total        used        free      shared  buff/cache   available
Mem:          48114        1082       39599        2393        7431       43346
Swap:         24191           0       24191
Total:        72306        1082       63791

              total        used        free      shared  buff/cache   available
Mem:          48114        1081       39600        2393        7431       43348
Swap:         24191           0       24191
Total:        72306        1081       63792

              total        used        free      shared  buff/cache   available
Mem:          48114        1083       39598        2393        7431       43346
Swap:         24191           0       24191
Total:        72306        1083       63790

              total        used        free      shared  buff/cache   available
Mem:          48114        1082       39600        2393        7432       43347
Swap:         24191           0       24191
Total:        72306        1082       63792

              total        used        free      shared  buff/cache   available
Mem:          48114        1081       39601        2393        7431       43348
Swap:         24191           0       24191
Total:        72306        1081       63793

              total        used        free      shared  buff/cache   available
Mem:          48114        1081       39601        2393        7432       43348
Swap:         24191           0       24191
Total:        72306        1081       63793

              total        used        free      shared  buff/cache   available
Mem:          48114        1081       39601        2393        7432       43348
Swap:         24191           0       24191
Total:        72306        1081       63793

              total        used        free      shared  buff/cache   available
Mem:          48114        1080       39602        2393        7432       43349
Swap:         24191           0       24191
Total:        72306        1080       63794

              total        used        free      shared  buff/cache   available
Mem:          48114        1082       39599        2393        7432       43346
Swap:         24191           0       24191
Total:        72306        1082       63791

              total        used        free      shared  buff/cache   available
Mem:          48114        1081       39600        2393        7432       43348
Swap:         24191           0       24191
Total:        72306        1081       63792

              total        used        free      shared  buff/cache   available
Mem:          48114        1081       39600        2393        7432       43347
Swap:         24191           0       24191
Total:        72306        1081       63792

              total        used        free      shared  buff/cache   available
Mem:          48114        1080       39601        2393        7432       43348
Swap:         24191           0       24191
Total:        72306        1080       63793

              total        used        free      shared  buff/cache   available
Mem:          48114        1081       39600        2393        7432       43347
Swap:         24191           0       24191
Total:        72306        1081       63792

              total        used        free      shared  buff/cache   available
Mem:          48114        1080       39600        2393        7432       43348
Swap:         24191           0       24191
Total:        72306        1080       63792

              total        used        free      shared  buff/cache   available
Mem:          48114        1080       39601        2393        7432       43349
Swap:         24191           0       24191
Total:        72306        1080       63793

              total        used        free      shared  buff/cache   available
Mem:          48114        1078       39602        2393        7432       43350
Swap:         24191           0       24191
Total:        72306        1078       63794

              total        used        free      shared  buff/cache   available
Mem:          48114        1081       39600        2393        7432       43348
Swap:         24191           0       24191
Total:        72306        1081       63792

              total        used        free      shared  buff/cache   available
Mem:          48114        1079       39602        2393        7432       43350
Swap:         24191           0       24191
Total:        72306        1079       63794

              total        used        free      shared  buff/cache   available
Mem:          48114        1082       39598        2393        7432       43346
Swap:         24191           0       24191
Total:        72306        1082       63790

              total        used        free      shared  buff/cache   available
Mem:          48114        1081       39599        2393        7432       43348
Swap:         24191           0       24191
Total:        72306        1081       63791

              total        used        free      shared  buff/cache   available
Mem:          48114        1080       39601        2393        7432       43349
Swap:         24191           0       24191
Total:        72306        1080       63793

              total        used        free      shared  buff/cache   available
Mem:          48114        1079       39601        2393        7432       43350
Swap:         24191           0       24191
Total:        72306        1079       63793

              total        used        free      shared  buff/cache   available
Mem:          48114        1080       39601        2393        7432       43349
Swap:         24191           0       24191
Total:        72306        1080       63793

              total        used        free      shared  buff/cache   available
Mem:          48114        1079       39601        2393        7433       43349
Swap:         24191           0       24191
Total:        72306        1079       63793

              total        used        free      shared  buff/cache   available
Mem:          48114        1080       39600        2393        7433       43349
Swap:         24191           0       24191
Total:        72306        1080       63792

              total        used        free      shared  buff/cache   available
Mem:          48114        1079       39601        2393        7433       43349
Swap:         24191           0       24191
Total:        72306        1079       63793

              total        used        free      shared  buff/cache   available
Mem:          48114        1079       39600        2393        7433       43349
Swap:         24191           0       24191
Total:        72306        1079       63792

              total        used        free      shared  buff/cache   available
Mem:          48114        1079       39601        2393        7433       43350
Swap:         24191           0       24191
Total:        72306        1079       63793

              total        used        free      shared  buff/cache   available
Mem:          48114        1079       39600        2393        7433       43349
Swap:         24191           0       24191
Total:        72306        1079       63792

              total        used        free      shared  buff/cache   available
Mem:          48114        1079       39601        2393        7433       43350
Swap:         24191           0       24191
Total:        72306        1079       63793

              total        used        free      shared  buff/cache   available
Mem:          48114        1078       39602        2393        7433       43351
Swap:         24191           0       24191
Total:        72306        1078       63794

              total        used        free      shared  buff/cache   available
Mem:          48114        1078       39601        2393        7433       43351
Swap:         24191           0       24191
Total:        72306        1078       63793

              total        used        free      shared  buff/cache   available
Mem:          48114        1081       39344        2393        7688       43348
Swap:         24191           0       24191
Total:        72306        1081       63536

              total        used        free      shared  buff/cache   available
Mem:          48114        1081       39064        2393        7968       43348
Swap:         24191           0       24191
Total:        72306        1081       63256

              total        used        free      shared  buff/cache   available
Mem:          48114        1081       38831        2393        8201       43348
Swap:         24191           0       24191
Total:        72306        1081       63023

              total        used        free      shared  buff/cache   available
Mem:          48114        1087       38824        2393        8201       43341
Swap:         24191           0       24191
Total:        72306        1087       63016

              total        used        free      shared  buff/cache   available
Mem:          48114        1103       38808        2393        8202       43325
Swap:         24191           0       24191
Total:        72306        1103       63000

              total        used        free      shared  buff/cache   available
Mem:          48114        1097       38813        2393        8202       43331
Swap:         24191           0       24191
Total:        72306        1097       63005

              total        used        free      shared  buff/cache   available
Mem:          48114        1097       38814        2393        8202       43331
Swap:         24191           0       24191
Total:        72306        1097       63006

              total        used        free      shared  buff/cache   available
Mem:          48114        1096       38814        2393        8203       43332
Swap:         24191           0       24191
Total:        72306        1096       63006

              total        used        free      shared  buff/cache   available
Mem:          48114        1094       38816        2393        8203       43334
Swap:         24191           0       24191
Total:        72306        1094       63008

              total        used        free      shared  buff/cache   available
Mem:          48114        1108       38803        2393        8202       43320
Swap:         24191           0       24191
Total:        72306        1108       62995

              total        used        free      shared  buff/cache   available
Mem:          48114        1108       38802        2393        8202       43320
Swap:         24191           0       24191
Total:        72306        1108       62994

              total        used        free      shared  buff/cache   available
Mem:          48114        1107       38803        2393        8202       43321
Swap:         24191           0       24191
Total:        72306        1107       62995

              total        used        free      shared  buff/cache   available
Mem:          48114        1116       38795        2393        8202       43312
Swap:         24191           0       24191
Total:        72306        1116       62986

              total        used        free      shared  buff/cache   available
Mem:          48114        1109       38801        2393        8203       43319
Swap:         24191           0       24191
Total:        72306        1109       62993

              total        used        free      shared  buff/cache   available
Mem:          48114        1159       38771        2393        8183       43270
Swap:         24191           0       24191
Total:        72306        1159       62963

              total        used        free      shared  buff/cache   available
Mem:          48114        1253       38677        2393        8183       43176
Swap:         24191           0       24191
Total:        72306        1253       62869

              total        used        free      shared  buff/cache   available
Mem:          48114        1256       38676        2393        8181       43173
Swap:         24191           0       24191
Total:        72306        1256       62868

              total        used        free      shared  buff/cache   available
Mem:          48114        1298       38647        2393        8167       43130
Swap:         24191           0       24191
Total:        72306        1298       62839

              total        used        free      shared  buff/cache   available
Mem:          48114        1333       38618        2393        8162       43096
Swap:         24191           0       24191
Total:        72306        1333       62810

              total        used        free      shared  buff/cache   available
Mem:          48114        1337       38619        2393        8157       43092
Swap:         24191           0       24191
Total:        72306        1337       62811

              total        used        free      shared  buff/cache   available
Mem:          48114        1346       38610        2393        8156       43082
Swap:         24191           0       24191
Total:        72306        1346       62802

              total        used        free      shared  buff/cache   available
Mem:          48114        1358       38601        2393        8154       43071
Swap:         24191           0       24191
Total:        72306        1358       62793

              total        used        free      shared  buff/cache   available
Mem:          48114        1368       38591        2393        8154       43061
Swap:         24191           0       24191
Total:        72306        1368       62783

              total        used        free      shared  buff/cache   available
Mem:          48114        1364       38595        2393        8154       43064
Swap:         24191           0       24191
Total:        72306        1364       62787

              total        used        free      shared  buff/cache   available
Mem:          48114        1363       38596        2393        8154       43066
Swap:         24191           0       24191
Total:        72306        1363       62788

              total        used        free      shared  buff/cache   available
Mem:          48114        1368       38591        2393        8154       43060
Swap:         24191           0       24191
Total:        72306        1368       62783

              total        used        free      shared  buff/cache   available
Mem:          48114        1369       38591        2393        8153       43060
Swap:         24191           0       24191
Total:        72306        1369       62783

              total        used        free      shared  buff/cache   available
Mem:          48114        1369       38592        2393        8152       43060
Swap:         24191           0       24191
Total:        72306        1369       62784

              total        used        free      shared  buff/cache   available
Mem:          48114        1398       38562        2393        8154       43030
Swap:         24191           0       24191
Total:        72306        1398       62754

              total        used        free      shared  buff/cache   available
Mem:          48114        1384       38576        2393        8153       43044
Swap:         24191           0       24191
Total:        72306        1384       62768

              total        used        free      shared  buff/cache   available
Mem:          48114        1457       38503        2393        8153       42972
Swap:         24191           0       24191
Total:        72306        1457       62695

              total        used        free      shared  buff/cache   available
Mem:          48114        1531       38429        2393        8153       42898
Swap:         24191           0       24191
Total:        72306        1531       62621

              total        used        free      shared  buff/cache   available
Mem:          48114        1533       38427        2393        8153       42896
Swap:         24191           0       24191
Total:        72306        1533       62619

              total        used        free      shared  buff/cache   available
Mem:          48114        1581       38379        2393        8153       42848
Swap:         24191           0       24191
Total:        72306        1581       62571

              total        used        free      shared  buff/cache   available
Mem:          48114        1617       38343        2393        8153       42811
Swap:         24191           0       24191
Total:        72306        1617       62535

              total        used        free      shared  buff/cache   available
Mem:          48114        1622       38338        2393        8153       42807
Swap:         24191           0       24191
Total:        72306        1622       62530

              total        used        free      shared  buff/cache   available
Mem:          48114        1625       38335        2393        8153       42804
Swap:         24191           0       24191
Total:        72306        1625       62527

              total        used        free      shared  buff/cache   available
Mem:          48114        1625       38343        2393        8145       42803
Swap:         24191           0       24191
Total:        72306        1625       62535

              total        used        free      shared  buff/cache   available
Mem:          48114        1709       38260        2393        8143       42720
Swap:         24191           0       24191
Total:        72306        1709       62452

              total        used        free      shared  buff/cache   available
Mem:          48114        1772       38198        2393        8143       42656
Swap:         24191           0       24191
Total:        72306        1772       62390

              total        used        free      shared  buff/cache   available
Mem:          48114        1786       38184        2393        8143       42643
Swap:         24191           0       24191
Total:        72306        1786       62376

              total        used        free      shared  buff/cache   available
Mem:          48114        1819       38151        2393        8143       42610
Swap:         24191           0       24191
Total:        72306        1819       62343

              total        used        free      shared  buff/cache   available
Mem:          48114        1860       38109        2393        8143       42568
Swap:         24191           0       24191
Total:        72306        1860       62301

              total        used        free      shared  buff/cache   available
Mem:          48114        1867       38102        2393        8144       42561
Swap:         24191           0       24191
Total:        72306        1867       62294

              total        used        free      shared  buff/cache   available
Mem:          48114        1881       38088        2393        8143       42547
Swap:         24191           0       24191
Total:        72306        1881       62280

              total        used        free      shared  buff/cache   available
Mem:          48114        1886       38083        2393        8144       42542
Swap:         24191           0       24191
Total:        72306        1886       62275

              total        used        free      shared  buff/cache   available
Mem:          48114        1879       38090        2393        8143       42549
Swap:         24191           0       24191
Total:        72306        1879       62282

              total        used        free      shared  buff/cache   available
Mem:          48114        1880       38090        2393        8143       42549
Swap:         24191           0       24191
Total:        72306        1880       62282

              total        used        free      shared  buff/cache   available
Mem:          48114        1883       38086        2393        8143       42545
Swap:         24191           0       24191
Total:        72306        1883       62278

              total        used        free      shared  buff/cache   available
Mem:          48114        1882       38087        2393        8143       42546
Swap:         24191           0       24191
Total:        72306        1882       62279

              total        used        free      shared  buff/cache   available
Mem:          48114        1893       38076        2393        8144       42536
Swap:         24191           0       24191
Total:        72306        1893       62268

              total        used        free      shared  buff/cache   available
Mem:          48114        1894       38076        2393        8144       42535
Swap:         24191           0       24191
Total:        72306        1894       62268

              total        used        free      shared  buff/cache   available
Mem:          48114        1904       38065        2393        8144       42524
Swap:         24191           0       24191
Total:        72306        1904       62257

              total        used        free      shared  buff/cache   available
Mem:          48114        2041       37929        2393        8143       42388
Swap:         24191           0       24191
Total:        72306        2041       62121

              total        used        free      shared  buff/cache   available
Mem:          48114        2044       37926        2393        8143       42385
Swap:         24191           0       24191
Total:        72306        2044       62118

              total        used        free      shared  buff/cache   available
Mem:          48114        2084       37885        2393        8144       42344
Swap:         24191           0       24191
Total:        72306        2084       62077

              total        used        free      shared  buff/cache   available
Mem:          48114        2093       37876        2393        8144       42336
Swap:         24191           0       24191
Total:        72306        2093       62068

              total        used        free      shared  buff/cache   available
Mem:          48114        2120       37849        2393        8144       42309
Swap:         24191           0       24191
Total:        72306        2120       62041

              total        used        free      shared  buff/cache   available
Mem:          48114        2121       37848        2393        8144       42307
Swap:         24191           0       24191
Total:        72306        2121       62040

              total        used        free      shared  buff/cache   available
Mem:          48114        2119       37849        2393        8144       42309
Swap:         24191           0       24191
Total:        72306        2119       62041

              total        used        free      shared  buff/cache   available
Mem:          48114        2128       37841        2393        8144       42301
Swap:         24191           0       24191
Total:        72306        2128       62033

              total        used        free      shared  buff/cache   available
Mem:          48114        2118       37851        2393        8144       42310
Swap:         24191           0       24191
Total:        72306        2118       62043

              total        used        free      shared  buff/cache   available
Mem:          48114        2118       37851        2393        8144       42310
Swap:         24191           0       24191
Total:        72306        2118       62042

              total        used        free      shared  buff/cache   available
Mem:          48114        2118       37851        2393        8144       42311
Swap:         24191           0       24191
Total:        72306        2118       62043

              total        used        free      shared  buff/cache   available
Mem:          48114        2116       37853        2393        8144       42313
Swap:         24191           0       24191
Total:        72306        2116       62045

              total        used        free      shared  buff/cache   available
Mem:          48114        2113       37856        2393        8144       42316
Swap:         24191           0       24191
Total:        72306        2113       62048

              total        used        free      shared  buff/cache   available
Mem:          48114        2129       37840        2393        8144       42300
Swap:         24191           0       24191
Total:        72306        2129       62032

              total        used        free      shared  buff/cache   available
Mem:          48114        2124       37844        2393        8144       42304
Swap:         24191           0       24191
Total:        72306        2124       62036

              total        used        free      shared  buff/cache   available
Mem:          48114        2124       37845        2393        8144       42305
Swap:         24191           0       24191
Total:        72306        2124       62037

              total        used        free      shared  buff/cache   available
Mem:          48114        2123       37845        2393        8144       42305
Swap:         24191           0       24191
Total:        72306        2123       62037

              total        used        free      shared  buff/cache   available
Mem:          48114        2118       37850        2393        8144       42311
Swap:         24191           0       24191
Total:        72306        2118       62042

              total        used        free      shared  buff/cache   available
Mem:          48114        2118       37851        2393        8144       42311
Swap:         24191           0       24191
Total:        72306        2118       62043

              total        used        free      shared  buff/cache   available
Mem:          48114        2117       37851        2393        8145       42312
Swap:         24191           0       24191
Total:        72306        2117       62043

              total        used        free      shared  buff/cache   available
Mem:          48114        2113       37855        2393        8145       42315
Swap:         24191           0       24191
Total:        72306        2113       62047

              total        used        free      shared  buff/cache   available
Mem:          48114        2129       37839        2393        8145       42299
Swap:         24191           0       24191
Total:        72306        2129       62031

              total        used        free      shared  buff/cache   available
Mem:          48114        2130       37838        2393        8144       42298
Swap:         24191           0       24191
Total:        72306        2130       62030

              total        used        free      shared  buff/cache   available
Mem:          48114        2130       37838        2393        8144       42298
Swap:         24191           0       24191
Total:        72306        2130       62030

              total        used        free      shared  buff/cache   available
Mem:          48114        2130       37838        2393        8144       42299
Swap:         24191           0       24191
Total:        72306        2130       62030

              total        used        free      shared  buff/cache   available
Mem:          48114        2129       37839        2393        8145       42299
Swap:         24191           0       24191
Total:        72306        2129       62031

              total        used        free      shared  buff/cache   available
Mem:          48114        2130       37833        2393        8149       42298
Swap:         24191           0       24191
Total:        72306        2130       62025

              total        used        free      shared  buff/cache   available
Mem:          48114        2129       37834        2393        8149       42299
Swap:         24191           0       24191
Total:        72306        2129       62026

              total        used        free      shared  buff/cache   available
Mem:          48114        2129       37834        2393        8149       42299
Swap:         24191           0       24191
Total:        72306        2129       62026

              total        used        free      shared  buff/cache   available
Mem:          48114        2130       37833        2393        8149       42298
Swap:         24191           0       24191
Total:        72306        2130       62025

              total        used        free      shared  buff/cache   available
Mem:          48114        2129       37834        2393        8149       42299
Swap:         24191           0       24191
Total:        72306        2129       62026

              total        used        free      shared  buff/cache   available
Mem:          48114        2130       37834        2393        8149       42299
Swap:         24191           0       24191
Total:        72306        2130       62026

              total        used        free      shared  buff/cache   available
Mem:          48114        2129       37835        2393        8149       42300
Swap:         24191           0       24191
Total:        72306        2129       62027

              total        used        free      shared  buff/cache   available
Mem:          48114        2115       37848        2393        8149       42314
Swap:         24191           0       24191
Total:        72306        2115       62040

              total        used        free      shared  buff/cache   available
Mem:          48114        2113       37850        2393        8149       42315
Swap:         24191           0       24191
Total:        72306        2113       62042

              total        used        free      shared  buff/cache   available
Mem:          48114        2127       37837        2393        8149       42302
Swap:         24191           0       24191
Total:        72306        2127       62029

              total        used        free      shared  buff/cache   available
Mem:          48114        2127       37836        2393        8149       42302
Swap:         24191           0       24191
Total:        72306        2127       62028

              total        used        free      shared  buff/cache   available
Mem:          48114        2129       37835        2393        8150       42300
Swap:         24191           0       24191
Total:        72306        2129       62027

              total        used        free      shared  buff/cache   available
Mem:          48114        2128       37835        2393        8150       42301
Swap:         24191           0       24191
Total:        72306        2128       62027

              total        used        free      shared  buff/cache   available
Mem:          48114        2125       37838        2393        8150       42303
Swap:         24191           0       24191
Total:        72306        2125       62030

              total        used        free      shared  buff/cache   available
Mem:          48114        2126       37837        2393        8150       42302
Swap:         24191           0       24191
Total:        72306        2126       62029

              total        used        free      shared  buff/cache   available
Mem:          48114        2126       37837        2393        8150       42302
Swap:         24191           0       24191
Total:        72306        2126       62029

              total        used        free      shared  buff/cache   available
Mem:          48114        2133       37830        2393        8150       42295
Swap:         24191           0       24191
Total:        72306        2133       62022

              total        used        free      shared  buff/cache   available
Mem:          48114        2133       37830        2393        8150       42295
Swap:         24191           0       24191
Total:        72306        2133       62022

              total        used        free      shared  buff/cache   available
Mem:          48114        2129       37833        2393        8150       42299
Swap:         24191           0       24191
Total:        72306        2129       62025

              total        used        free      shared  buff/cache   available
Mem:          48114        2130       37833        2393        8150       42298
Swap:         24191           0       24191
Total:        72306        2130       62025

              total        used        free      shared  buff/cache   available
Mem:          48114        2122       37841        2393        8150       42306
Swap:         24191           0       24191
Total:        72306        2122       62033

              total        used        free      shared  buff/cache   available
Mem:          48114        2123       37840        2393        8150       42306
Swap:         24191           0       24191
Total:        72306        2123       62032

              total        used        free      shared  buff/cache   available
Mem:          48114        2122       37841        2393        8150       42307
Swap:         24191           0       24191
Total:        72306        2122       62033

              total        used        free      shared  buff/cache   available
Mem:          48114        2128       37834        2393        8150       42300
Swap:         24191           0       24191
Total:        72306        2128       62026

              total        used        free      shared  buff/cache   available
Mem:          48114        2128       37834        2393        8150       42300
Swap:         24191           0       24191
Total:        72306        2128       62026

              total        used        free      shared  buff/cache   available
Mem:          48114        2127       37835        2393        8151       42301
Swap:         24191           0       24191
Total:        72306        2127       62027

              total        used        free      shared  buff/cache   available
Mem:          48114        2123       37839        2393        8151       42306
Swap:         24191           0       24191
Total:        72306        2123       62031

              total        used        free      shared  buff/cache   available
Mem:          48114        2124       37838        2393        8151       42304
Swap:         24191           0       24191
Total:        72306        2124       62030

              total        used        free      shared  buff/cache   available
Mem:          48114        2123       37839        2393        8151       42305
Swap:         24191           0       24191
Total:        72306        2123       62031

              total        used        free      shared  buff/cache   available
Mem:          48114        2123       37838        2393        8151       42305
Swap:         24191           0       24191
Total:        72306        2123       62030

              total        used        free      shared  buff/cache   available
Mem:          48114        2131       37830        2393        8151       42297
Swap:         24191           0       24191
Total:        72306        2131       62022

              total        used        free      shared  buff/cache   available
Mem:          48114        2132       37830        2393        8151       42296
Swap:         24191           0       24191
Total:        72306        2132       62022

              total        used        free      shared  buff/cache   available
Mem:          48114        2132       37829        2393        8151       42296
Swap:         24191           0       24191
Total:        72306        2132       62021

              total        used        free      shared  buff/cache   available
Mem:          48114        2124       37838        2393        8151       42304
Swap:         24191           0       24191
Total:        72306        2124       62030

              total        used        free      shared  buff/cache   available
Mem:          48114        2122       37839        2393        8151       42306
Swap:         24191           0       24191
Total:        72306        2122       62031

              total        used        free      shared  buff/cache   available
Mem:          48114        2123       37839        2393        8151       42306
Swap:         24191           0       24191
Total:        72306        2123       62031

              total        used        free      shared  buff/cache   available
Mem:          48114        2122       37840        2393        8151       42307
Swap:         24191           0       24191
Total:        72306        2122       62032

              total        used        free      shared  buff/cache   available
Mem:          48114        2122       37840        2393        8151       42307
Swap:         24191           0       24191
Total:        72306        2122       62032

              total        used        free      shared  buff/cache   available
Mem:          48114        2121       37841        2393        8151       42308
Swap:         24191           0       24191
Total:        72306        2121       62033

              total        used        free      shared  buff/cache   available
Mem:          48114        2122       37839        2393        8152       42306
Swap:         24191           0       24191
Total:        72306        2122       62031

              total        used        free      shared  buff/cache   available
Mem:          48114        2113       37848        2393        8152       42315
Swap:         24191           0       24191
Total:        72306        2113       62040

              total        used        free      shared  buff/cache   available
Mem:          48114        2114       37848        2393        8152       42315
Swap:         24191           0       24191
Total:        72306        2114       62040

              total        used        free      shared  buff/cache   available
Mem:          48114        2113       37848        2393        8152       42316
Swap:         24191           0       24191
Total:        72306        2113       62040

              total        used        free      shared  buff/cache   available
Mem:          48114        2112       37849        2393        8152       42316
Swap:         24191           0       24191
Total:        72306        2112       62041

              total        used        free      shared  buff/cache   available
Mem:          48114        2111       37849        2393        8152       42317
Swap:         24191           0       24191
Total:        72306        2111       62041

              total        used        free      shared  buff/cache   available
Mem:          48114        2107       37853        2393        8152       42321
Swap:         24191           0       24191
Total:        72306        2107       62045

              total        used        free      shared  buff/cache   available
Mem:          48114        2106       37854        2393        8152       42322
Swap:         24191           0       24191
Total:        72306        2106       62046

              total        used        free      shared  buff/cache   available
Mem:          48114        2107       37854        2393        8152       42321
Swap:         24191           0       24191
Total:        72306        2107       62046

              total        used        free      shared  buff/cache   available
Mem:          48114        2106       37855        2393        8152       42322
Swap:         24191           0       24191
Total:        72306        2106       62047

              total        used        free      shared  buff/cache   available
Mem:          48114        2105       37855        2393        8152       42323
Swap:         24191           0       24191
Total:        72306        2105       62047

              total        used        free      shared  buff/cache   available
Mem:          48114        2106       37855        2393        8152       42322
Swap:         24191           0       24191
Total:        72306        2106       62047

              total        used        free      shared  buff/cache   available
Mem:          48114        2105       37855        2393        8152       42323
Swap:         24191           0       24191
Total:        72306        2105       62047

              total        used        free      shared  buff/cache   available
Mem:          48114        2105       37855        2393        8152       42323
Swap:         24191           0       24191
Total:        72306        2105       62047

              total        used        free      shared  buff/cache   available
Mem:          48114        2105       37855        2393        8153       42323
Swap:         24191           0       24191
Total:        72306        2105       62047

              total        used        free      shared  buff/cache   available
Mem:          48114        2107       37854        2393        8153       42322
Swap:         24191           0       24191
Total:        72306        2107       62046

              total        used        free      shared  buff/cache   available
Mem:          48114        2107       37854        2393        8153       42322
Swap:         24191           0       24191
Total:        72306        2107       62046

              total        used        free      shared  buff/cache   available
Mem:          48114        2106       37854        2393        8153       42322
Swap:         24191           0       24191
Total:        72306        2106       62046

              total        used        free      shared  buff/cache   available
Mem:          48114        2107       37853        2393        8153       42321
Swap:         24191           0       24191
Total:        72306        2107       62045

              total        used        free      shared  buff/cache   available
Mem:          48114        2106       37854        2393        8153       42322
Swap:         24191           0       24191
Total:        72306        2106       62046

              total        used        free      shared  buff/cache   available
Mem:          48114        2107       37853        2393        8153       42321
Swap:         24191           0       24191
Total:        72306        2107       62045

              total        used        free      shared  buff/cache   available
Mem:          48114        2106       37854        2393        8153       42322
Swap:         24191           0       24191
Total:        72306        2106       62046

              total        used        free      shared  buff/cache   available
Mem:          48114        2107       37852        2393        8153       42321
Swap:         24191           0       24191
Total:        72306        2107       62044

              total        used        free      shared  buff/cache   available
Mem:          48114        2110       37849        2393        8153       42317
Swap:         24191           0       24191
Total:        72306        2110       62041

              total        used        free      shared  buff/cache   available
Mem:          48114        2112       37848        2393        8152       42316
Swap:         24191           0       24191
Total:        72306        2112       62040

              total        used        free      shared  buff/cache   available
Mem:          48114        2119       37842        2393        8152       42310
Swap:         24191           0       24191
Total:        72306        2119       62034

              total        used        free      shared  buff/cache   available
Mem:          48114        2117       37843        2393        8152       42311
Swap:         24191           0       24191
Total:        72306        2117       62035

              total        used        free      shared  buff/cache   available
Mem:          48114        2114       37846        2393        8152       42314
Swap:         24191           0       24191
Total:        72306        2114       62038

              total        used        free      shared  buff/cache   available
Mem:          48114        2116       37844        2393        8153       42312
Swap:         24191           0       24191
Total:        72306        2116       62036

              total        used        free      shared  buff/cache   available
Mem:          48114        2114       37846        2393        8153       42314
Swap:         24191           0       24191
Total:        72306        2114       62038

              total        used        free      shared  buff/cache   available
Mem:          48114        2116       37844        2393        8153       42312
Swap:         24191           0       24191
Total:        72306        2116       62036

              total        used        free      shared  buff/cache   available
Mem:          48114        2116       37844        2393        8153       42312
Swap:         24191           0       24191
Total:        72306        2116       62036

              total        used        free      shared  buff/cache   available
Mem:          48114        2115       37845        2393        8153       42314
Swap:         24191           0       24191
Total:        72306        2115       62037

              total        used        free      shared  buff/cache   available
Mem:          48114        2115       37845        2393        8153       42313
Swap:         24191           0       24191
Total:        72306        2115       62037

              total        used        free      shared  buff/cache   available
Mem:          48114        2117       37843        2393        8153       42312
Swap:         24191           0       24191
Total:        72306        2117       62035

              total        used        free      shared  buff/cache   available
Mem:          48114        2118       37842        2393        8153       42310
Swap:         24191           0       24191
Total:        72306        2118       62034

              total        used        free      shared  buff/cache   available
Mem:          48114        2120       37840        2393        8153       42309
Swap:         24191           0       24191
Total:        72306        2120       62032

              total        used        free      shared  buff/cache   available
Mem:          48114        2120       37840        2393        8153       42309
Swap:         24191           0       24191
Total:        72306        2120       62032

              total        used        free      shared  buff/cache   available
Mem:          48114        2119       37840        2393        8153       42309
Swap:         24191           0       24191
Total:        72306        2119       62032

              total        used        free      shared  buff/cache   available
Mem:          48114        2119       37841        2393        8153       42310
Swap:         24191           0       24191
Total:        72306        2119       62033

              total        used        free      shared  buff/cache   available
Mem:          48114        2120       37839        2393        8153       42308
Swap:         24191           0       24191
Total:        72306        2120       62031

              total        used        free      shared  buff/cache   available
Mem:          48114        2122       37837        2393        8153       42306
Swap:         24191           0       24191
Total:        72306        2122       62029

              total        used        free      shared  buff/cache   available
Mem:          48114        2122       37838        2393        8153       42307
Swap:         24191           0       24191
Total:        72306        2122       62030

              total        used        free      shared  buff/cache   available
Mem:          48114        2120       37839        2393        8154       42308
Swap:         24191           0       24191
Total:        72306        2120       62031

              total        used        free      shared  buff/cache   available
Mem:          48114        2118       37841        2393        8153       42310
Swap:         24191           0       24191
Total:        72306        2118       62033

              total        used        free      shared  buff/cache   available
Mem:          48114        2120       37840        2393        8153       42309
Swap:         24191           0       24191
Total:        72306        2120       62032

              total        used        free      shared  buff/cache   available
Mem:          48114        2118       37841        2393        8154       42310
Swap:         24191           0       24191
Total:        72306        2118       62033

              total        used        free      shared  buff/cache   available
Mem:          48114        2118       37841        2393        8154       42310
Swap:         24191           0       24191
Total:        72306        2118       62033

              total        used        free      shared  buff/cache   available
Mem:          48114        2118       37841        2393        8154       42311
Swap:         24191           0       24191
Total:        72306        2118       62033

              total        used        free      shared  buff/cache   available
Mem:          48114        2118       37841        2393        8154       42310
Swap:         24191           0       24191
Total:        72306        2118       62033

              total        used        free      shared  buff/cache   available
Mem:          48114        2116       37842        2393        8154       42312
Swap:         24191           0       24191
Total:        72306        2116       62034

              total        used        free      shared  buff/cache   available
Mem:          48114        2116       37842        2393        8154       42312
Swap:         24191           0       24191
Total:        72306        2116       62034

              total        used        free      shared  buff/cache   available
Mem:          48114        2120       37839        2393        8154       42308
Swap:         24191           0       24191
Total:        72306        2120       62031

              total        used        free      shared  buff/cache   available
Mem:          48114        2119       37839        2393        8154       42309
Swap:         24191           0       24191
Total:        72306        2119       62031

              total        used        free      shared  buff/cache   available
Mem:          48114        2120       37838        2393        8155       42308
Swap:         24191           0       24191
Total:        72306        2120       62030

              total        used        free      shared  buff/cache   available
Mem:          48114        2121       37837        2393        8154       42307
Swap:         24191           0       24191
Total:        72306        2121       62029

              total        used        free      shared  buff/cache   available
Mem:          48114        2122       37836        2393        8155       42306
Swap:         24191           0       24191
Total:        72306        2122       62028

              total        used        free      shared  buff/cache   available
Mem:          48114        2122       37837        2393        8154       42307
Swap:         24191           0       24191
Total:        72306        2122       62029

              total        used        free      shared  buff/cache   available
Mem:          48114        2121       37837        2393        8155       42307
Swap:         24191           0       24191
Total:        72306        2121       62029

              total        used        free      shared  buff/cache   available
Mem:          48114        2122       37837        2393        8155       42307
Swap:         24191           0       24191
Total:        72306        2122       62029

              total        used        free      shared  buff/cache   available
Mem:          48114        2122       37836        2393        8155       42306
Swap:         24191           0       24191
Total:        72306        2122       62028

              total        used        free      shared  buff/cache   available
Mem:          48114        2123       37836        2393        8155       42306
Swap:         24191           0       24191
Total:        72306        2123       62028

              total        used        free      shared  buff/cache   available
Mem:          48114        2120       37839        2393        8154       42309
Swap:         24191           0       24191
Total:        72306        2120       62031

              total        used        free      shared  buff/cache   available
Mem:          48114        2120       37838        2393        8155       42308
Swap:         24191           0       24191
Total:        72306        2120       62030

              total        used        free      shared  buff/cache   available
Mem:          48114        2120       37838        2393        8155       42309
Swap:         24191           0       24191
Total:        72306        2120       62030

              total        used        free      shared  buff/cache   available
Mem:          48114        2121       37837        2393        8155       42307
Swap:         24191           0       24191
Total:        72306        2121       62029

              total        used        free      shared  buff/cache   available
Mem:          48114        2124       37834        2393        8155       42305
Swap:         24191           0       24191
Total:        72306        2124       62026

              total        used        free      shared  buff/cache   available
Mem:          48114        2124       37834        2393        8155       42305
Swap:         24191           0       24191
Total:        72306        2124       62026

              total        used        free      shared  buff/cache   available
Mem:          48114        2122       37836        2393        8155       42306
Swap:         24191           0       24191
Total:        72306        2122       62028

              total        used        free      shared  buff/cache   available
Mem:          48114        2121       37836        2393        8155       42307
Swap:         24191           0       24191
Total:        72306        2121       62028

              total        used        free      shared  buff/cache   available
Mem:          48114        2122       37836        2393        8155       42306
Swap:         24191           0       24191
Total:        72306        2122       62028

              total        used        free      shared  buff/cache   available
Mem:          48114        2123       37835        2393        8155       42305
Swap:         24191           0       24191
Total:        72306        2123       62027

              total        used        free      shared  buff/cache   available
Mem:          48114        2122       37836        2393        8155       42307
Swap:         24191           0       24191
Total:        72306        2122       62028

              total        used        free      shared  buff/cache   available
Mem:          48114        2127       37831        2393        8155       42302
Swap:         24191           0       24191
Total:        72306        2127       62023

              total        used        free      shared  buff/cache   available
Mem:          48114        2123       37834        2393        8156       42305
Swap:         24191           0       24191
Total:        72306        2123       62026

              total        used        free      shared  buff/cache   available
Mem:          48114        2122       37835        2393        8156       42306
Swap:         24191           0       24191
Total:        72306        2122       62027

              total        used        free      shared  buff/cache   available
Mem:          48114        2125       37832        2393        8156       42303
Swap:         24191           0       24191
Total:        72306        2125       62024

              total        used        free      shared  buff/cache   available
Mem:          48114        2123       37834        2393        8156       42305
Swap:         24191           0       24191
Total:        72306        2123       62026

              total        used        free      shared  buff/cache   available
Mem:          48114        2125       37832        2393        8156       42304
Swap:         24191           0       24191
Total:        72306        2125       62024

              total        used        free      shared  buff/cache   available
Mem:          48114        2124       37833        2393        8156       42304
Swap:         24191           0       24191
Total:        72306        2124       62025

              total        used        free      shared  buff/cache   available
Mem:          48114        2127       37830        2393        8156       42302
Swap:         24191           0       24191
Total:        72306        2127       62022

              total        used        free      shared  buff/cache   available
Mem:          48114        2122       37835        2393        8156       42306
Swap:         24191           0       24191
Total:        72306        2122       62027

              total        used        free      shared  buff/cache   available
Mem:          48114        2124       37833        2393        8156       42304
Swap:         24191           0       24191
Total:        72306        2124       62025

              total        used        free      shared  buff/cache   available
Mem:          48114        2126       37831        2393        8156       42303
Swap:         24191           0       24191
Total:        72306        2126       62023

              total        used        free      shared  buff/cache   available
Mem:          48114        2126       37830        2393        8156       42302
Swap:         24191           0       24191
Total:        72306        2126       62022

              total        used        free      shared  buff/cache   available
Mem:          48114        2125       37832        2393        8156       42304
Swap:         24191           0       24191
Total:        72306        2125       62024

              total        used        free      shared  buff/cache   available
Mem:          48114        2126       37830        2393        8157       42302
Swap:         24191           0       24191
Total:        72306        2126       62022

              total        used        free      shared  buff/cache   available
Mem:          48114        2123       37833        2393        8157       42305
Swap:         24191           0       24191
Total:        72306        2123       62025

              total        used        free      shared  buff/cache   available
Mem:          48114        2128       37828        2393        8156       42300
Swap:         24191           0       24191
Total:        72306        2128       62020

              total        used        free      shared  buff/cache   available
Mem:          48114        2127       37829        2393        8157       42301
Swap:         24191           0       24191
Total:        72306        2127       62021

              total        used        free      shared  buff/cache   available
Mem:          48114        2124       37832        2393        8157       42304
Swap:         24191           0       24191
Total:        72306        2124       62024

              total        used        free      shared  buff/cache   available
Mem:          48114        2123       37833        2393        8157       42305
Swap:         24191           0       24191
Total:        72306        2123       62025

              total        used        free      shared  buff/cache   available
Mem:          48114        2127       37829        2393        8157       42301
Swap:         24191           0       24191
Total:        72306        2127       62021

              total        used        free      shared  buff/cache   available
Mem:          48114        2126       37830        2393        8157       42302
Swap:         24191           0       24191
Total:        72306        2126       62022

              total        used        free      shared  buff/cache   available
Mem:          48114        2125       37831        2393        8157       42303
Swap:         24191           0       24191
Total:        72306        2125       62023

              total        used        free      shared  buff/cache   available
Mem:          48114        2125       37831        2393        8157       42303
Swap:         24191           0       24191
Total:        72306        2125       62023

              total        used        free      shared  buff/cache   available
Mem:          48114        2128       37828        2393        8157       42301
Swap:         24191           0       24191
Total:        72306        2128       62020

              total        used        free      shared  buff/cache   available
Mem:          48114        2126       37830        2393        8157       42302
Swap:         24191           0       24191
Total:        72306        2126       62022

              total        used        free      shared  buff/cache   available
Mem:          48114        2126       37829        2393        8157       42302
Swap:         24191           0       24191
Total:        72306        2126       62021

              total        used        free      shared  buff/cache   available
Mem:          48114        2125       37830        2393        8157       42303
Swap:         24191           0       24191
Total:        72306        2125       62022

              total        used        free      shared  buff/cache   available
Mem:          48114        2125       37830        2393        8157       42303
Swap:         24191           0       24191
Total:        72306        2125       62022

              total        used        free      shared  buff/cache   available
Mem:          48114        2125       37831        2393        8157       42304
Swap:         24191           0       24191
Total:        72306        2125       62023

              total        used        free      shared  buff/cache   available
Mem:          48114        2127       37828        2393        8157       42302
Swap:         24191           0       24191
Total:        72306        2127       62020

              total        used        free      shared  buff/cache   available
Mem:          48114        2127       37828        2393        8157       42301
Swap:         24191           0       24191
Total:        72306        2127       62020

              total        used        free      shared  buff/cache   available
Mem:          48114        2125       37830        2393        8158       42303
Swap:         24191           0       24191
Total:        72306        2125       62022

              total        used        free      shared  buff/cache   available
Mem:          48114        2122       37833        2393        8158       42306
Swap:         24191           0       24191
Total:        72306        2122       62025

              total        used        free      shared  buff/cache   available
Mem:          48114        2127       37828        2393        8158       42301
Swap:         24191           0       24191
Total:        72306        2127       62020

              total        used        free      shared  buff/cache   available
Mem:          48114        2123       37832        2393        8158       42305
Swap:         24191           0       24191
Total:        72306        2123       62024

              total        used        free      shared  buff/cache   available
Mem:          48114        2125       37830        2393        8158       42303
Swap:         24191           0       24191
Total:        72306        2125       62022

              total        used        free      shared  buff/cache   available
Mem:          48114        2125       37830        2393        8158       42303
Swap:         24191           0       24191
Total:        72306        2125       62022

              total        used        free      shared  buff/cache   available
Mem:          48114        2126       37829        2393        8158       42302
Swap:         24191           0       24191
Total:        72306        2126       62021

              total        used        free      shared  buff/cache   available
Mem:          48114        2128       37827        2393        8158       42300
Swap:         24191           0       24191
Total:        72306        2128       62019

              total        used        free      shared  buff/cache   available
Mem:          48114        2127       37827        2393        8158       42301
Swap:         24191           0       24191
Total:        72306        2127       62019

              total        used        free      shared  buff/cache   available
Mem:          48114        2127       37828        2393        8158       42301
Swap:         24191           0       24191
Total:        72306        2127       62020

              total        used        free      shared  buff/cache   available
Mem:          48114        2126       37829        2393        8158       42303
Swap:         24191           0       24191
Total:        72306        2126       62021

              total        used        free      shared  buff/cache   available
Mem:          48114        2122       37833        2393        8158       42306
Swap:         24191           0       24191
Total:        72306        2122       62025

              total        used        free      shared  buff/cache   available
Mem:          48114        2121       37834        2393        8158       42308
Swap:         24191           0       24191
Total:        72306        2121       62026

              total        used        free      shared  buff/cache   available
Mem:          48114        2120       37835        2393        8158       42309
Swap:         24191           0       24191
Total:        72306        2120       62027

              total        used        free      shared  buff/cache   available
Mem:          48114        2119       37836        2393        8158       42310
Swap:         24191           0       24191
Total:        72306        2119       62028

              total        used        free      shared  buff/cache   available
Mem:          48114        2118       37836        2393        8159       42310
Swap:         24191           0       24191
Total:        72306        2118       62028

              total        used        free      shared  buff/cache   available
Mem:          48114        2118       37836        2393        8159       42311
Swap:         24191           0       24191
Total:        72306        2118       62028

              total        used        free      shared  buff/cache   available
Mem:          48114        2117       37837        2393        8159       42312
Swap:         24191           0       24191
Total:        72306        2117       62029

              total        used        free      shared  buff/cache   available
Mem:          48114        2117       37837        2393        8159       42311
Swap:         24191           0       24191
Total:        72306        2117       62029

              total        used        free      shared  buff/cache   available
Mem:          48114        2117       37837        2393        8159       42312
Swap:         24191           0       24191
Total:        72306        2117       62029

              total        used        free      shared  buff/cache   available
Mem:          48114        1353       38601        2393        8159       43075
Swap:         24191           0       24191
Total:        72306        1353       62793

              total        used        free      shared  buff/cache   available
Mem:          48114        1095       38863        2393        8155       43334
Swap:         24191           0       24191
Total:        72306        1095       63055

              total        used        free      shared  buff/cache   available
Mem:          48114        1099       38859        2393        8155       43329
Swap:         24191           0       24191
Total:        72306        1099       63051

              total        used        free      shared  buff/cache   available
Mem:          48114        1103       38855        2393        8155       43325
Swap:         24191           0       24191
Total:        72306        1103       63047

              total        used        free      shared  buff/cache   available
Mem:          48114        1096       38862        2393        8154       43333
Swap:         24191           0       24191
Total:        72306        1096       63054

              total        used        free      shared  buff/cache   available
Mem:          48114        1094       38864        2393        8154       43335
Swap:         24191           0       24191
Total:        72306        1094       63056

              total        used        free      shared  buff/cache   available
Mem:          48114        1099       38859        2393        8155       43330
Swap:         24191           0       24191
Total:        72306        1099       63051

              total        used        free      shared  buff/cache   available
Mem:          48114        1099       38859        2393        8155       43330
Swap:         24191           0       24191
Total:        72306        1099       63051

              total        used        free      shared  buff/cache   available
Mem:          48114        1101       38857        2393        8154       43329
Swap:         24191           0       24191
Total:        72306        1101       63049

              total        used        free      shared  buff/cache   available
Mem:          48114        1096       38862        2393        8154       43333
Swap:         24191           0       24191
Total:        72306        1096       63054

              total        used        free      shared  buff/cache   available
Mem:          48114        1099       38859        2393        8154       43330
Swap:         24191           0       24191
Total:        72306        1099       63051

              total        used        free      shared  buff/cache   available
Mem:          48114        1105       38854        2393        8154       43325
Swap:         24191           0       24191
Total:        72306        1105       63046

              total        used        free      shared  buff/cache   available
Mem:          48114        1097       38862        2393        8154       43333
Swap:         24191           0       24191
Total:        72306        1097       63054

              total        used        free      shared  buff/cache   available
Mem:          48114        1096       38862        2393        8155       43334
Swap:         24191           0       24191
Total:        72306        1096       63054
