08:37:16 PM      eth0      9.00      3.00      1.17      0.26      0.00      0.00      0.00
08:37:17 PM      eth0      6.00      1.00      1.23      0.16      0.00      0.00      0.00
08:37:18 PM      eth0      6.00      0.00      0.63      0.00      0.00      0.00      0.00
08:37:19 PM      eth0      7.00      0.00      0.62      0.00      0.00      0.00      0.00
08:37:20 PM      eth0     15.00      7.00      6.78      0.85      0.00      0.00      0.00
08:37:21 PM      eth0     23.00     12.00     11.42      1.37      0.00      0.00      0.00
08:37:22 PM      eth0     29.00     15.00     14.62      1.76      0.00      0.00      0.00
08:37:23 PM      eth0      7.00      0.00      0.74      0.00      0.00      0.00      0.00
08:37:24 PM      eth0     18.00     11.00      2.59      2.90      0.00      0.00      0.00
08:37:25 PM      eth0     17.00      5.00      5.29      0.62      0.00      0.00      1.00
08:37:26 PM      eth0     19.00      4.00      5.02      0.46      0.00      0.00      0.00
08:37:27 PM      eth0     13.00      1.00      1.97      0.16      0.00      0.00      0.00
08:37:28 PM      eth0     12.00      0.00      0.82      0.00      0.00      0.00      0.00
08:37:29 PM      eth0      8.00      0.00      0.53      0.00      0.00      0.00      1.00
08:37:30 PM      eth0      9.00      1.00      1.40      0.16      0.00      0.00      0.00
08:37:31 PM      eth0      7.00      0.00      0.47      0.00      0.00      0.00      0.00
08:37:32 PM      eth0      9.00      1.00      1.46      0.16      0.00      0.00      0.00
08:37:33 PM      eth0      6.00      0.00      0.54      0.00      0.00      0.00      1.00
08:37:34 PM      eth0     18.00     12.00      3.44      3.07      0.00      0.00      0.00
08:37:35 PM      eth0      8.00      0.00      0.72      0.00      0.00      0.00      0.00
08:37:36 PM      eth0      8.00      1.00      1.70      0.16      0.00      0.00      0.00
08:37:37 PM      eth0      5.00      0.00      0.29      0.00      0.00      0.00      1.00
08:37:38 PM      eth0     10.00      1.00      1.58      0.16      0.00      0.00      0.00
08:37:39 PM      eth0      8.00      0.00      0.66      0.00      0.00      0.00      0.00
08:37:40 PM      eth0     16.00     10.00      2.60      2.45      0.00      0.00      0.00
08:37:41 PM      eth0      4.00      0.00      0.23      0.00      0.00      0.00      0.00
08:37:42 PM      eth0      7.00      0.00      0.53      0.00      0.00      0.00      0.00
08:37:43 PM      eth0      6.00      0.00      0.41      0.00      0.00      0.00      0.00
08:37:44 PM      eth0     16.00     11.00      2.45      2.90      0.00      0.00      0.00
08:37:45 PM      eth0      6.00      0.00      0.35      0.00      0.00      0.00      0.00
08:37:46 PM      eth0      6.00      0.00      0.41      0.00      0.00      0.00      0.00
08:37:47 PM      eth0      7.00      0.00      1.33      0.00      0.00      0.00      0.00
08:37:48 PM      eth0      6.00      0.00      0.47      0.00      0.00      0.00      0.00
08:37:49 PM      eth0      6.00      0.00      0.69      0.00      0.00      0.00      0.00
08:37:50 PM      eth0      4.00      0.00      0.23      0.00      0.00      0.00      0.00
08:37:51 PM      eth0    144.00    193.00     57.81     90.82      0.00      0.00      0.00
08:37:52 PM      eth0  11688.00   4121.00 261755.06    267.07      0.00      0.00      0.00
08:37:53 PM      eth0  12809.00   4477.00 287395.27    288.53      0.00      0.00      0.00
08:37:54 PM      eth0  10608.00   3768.00 239234.83    253.59      0.00      0.00      0.00
08:37:55 PM      eth0 48729730627.00 69099429033.00 51442795558.03 97904183248.84      0.00      0.00 105185.00
08:37:56 PM      eth0     14.00     11.00      4.07      2.34      0.00      0.00      0.00
08:37:57 PM      eth0     22.00     26.00      4.12      5.46      0.00      0.00      0.00
08:37:58 PM      eth0      5.00      3.00      0.57      0.41      0.00      0.00      0.00
08:37:59 PM      eth0      3.00      0.00      0.18      0.00      0.00      0.00      0.00
08:38:00 PM      eth0      8.00      6.00      6.34      0.64      0.00      0.00      0.00
08:38:01 PM      eth0     69.00     91.00     18.03     39.90      0.00      0.00      0.00
08:38:02 PM      eth0     65.00     72.00     16.95     26.32      0.00      0.00      0.00
08:38:03 PM      eth0      7.00      0.00      1.24      0.00      0.00      0.00      0.00
08:38:04 PM      eth0     26.00     26.00      8.08      5.76      0.00      0.00      0.00
08:38:05 PM      eth0      7.00      3.00      0.72      0.35      0.00      0.00      0.00
08:38:06 PM      eth0     13.00     10.00      2.45      2.65      0.00      0.00      0.00
08:38:07 PM      eth0      9.00      0.00      0.75      0.00      0.00      0.00      0.00
08:38:08 PM      eth0      7.00      0.00      0.41      0.00      0.00      0.00      0.00
08:38:09 PM      eth0     67.00     71.00     22.50     28.05      0.00      0.00      0.00
08:38:10 PM      eth0     12.00      8.00      1.39      2.25      0.00      0.00      0.00
08:38:11 PM      eth0     95.00    124.00     35.72     57.71      0.00      0.00      0.00
08:38:12 PM      eth0 48729731169.00 69099429635.00 51442795724.41 97904183489.55      0.00      0.00 105185.00
08:38:13 PM      eth0     38.00     44.00      9.99     14.20      0.00      0.00      0.00
08:38:14 PM      eth0     27.00     25.00      6.38      5.60      0.00      0.00      0.00
08:38:15 PM      eth0     25.00     20.00      4.64      4.70      0.00      0.00      0.00
08:38:16 PM      eth0      7.00      9.00      1.11      2.57      0.00      0.00      0.00
08:38:17 PM      eth0     78.00    104.00     25.55     44.50      0.00      0.00      0.00
08:38:18 PM      eth0      6.00      6.00      0.35      0.70      0.00      0.00      0.00
08:38:19 PM      eth0    174.00    229.00     66.47    104.95      0.00      0.00      0.00
08:38:20 PM      eth0     57.00     67.00     17.27     25.80      0.00      0.00      0.00
08:38:21 PM      eth0     47.00     42.00     11.81     13.68      0.00      0.00      0.00
08:38:22 PM      eth0     12.00     17.00      4.00      3.04      0.00      0.00      0.00
08:38:23 PM      eth0     23.00     23.00      4.24      5.05      0.00      0.00      0.00
08:38:24 PM      eth0     14.00     12.00      2.27      3.03      0.00      0.00      0.00
08:38:25 PM      eth0     81.00     99.00     24.89     43.85      0.00      0.00      0.00
08:38:26 PM      eth0      8.00      8.00      1.36      1.03      0.00      0.00      0.00
08:38:27 PM      eth0      7.00      1.00      1.57      0.16      0.00      0.00      0.00
08:38:28 PM      eth0     19.00     12.00      7.04      2.50      0.00      0.00      0.00
08:38:29 PM      eth0      9.00     15.00      1.29      3.35      0.00      0.00      0.00
08:38:30 PM      eth0      7.00     12.00      1.20      1.32      0.00      0.00      0.00
08:38:31 PM      eth0      8.00      4.00      0.53      0.40      0.00      0.00      0.00
08:38:32 PM      eth0      5.00      0.00      0.29      0.00      0.00      0.00      0.00
08:38:33 PM      eth0      6.00      0.00      0.41      0.00      0.00      0.00      0.00
08:38:34 PM      eth0     83.00    113.00     31.02     50.12      0.00      0.00      0.00
08:38:35 PM      eth0 48729732032.00 69099430660.00 51442795993.67 97904183897.46      0.00      0.00 105185.00
08:38:36 PM      eth0 48247259453.47 68415277897.03 50933461384.10 96934835544.93      0.00      0.00 104143.56
08:38:37 PM      eth0     66.67     77.78     20.16     21.97      0.00      0.00      0.00
08:38:38 PM      eth0     19.00     32.00      2.33      4.94      0.00      0.00      0.00
08:38:39 PM      eth0      4.95      0.00      0.29      0.00      0.00      0.00      0.00
08:38:40 PM      eth0     89.90    115.15     26.83     47.41      0.00      0.00      0.00
08:38:41 PM      eth0      7.00      6.00      0.41      0.76      0.00      0.00      0.00
08:38:42 PM      eth0      9.00      7.00      1.68      0.87      0.00      0.00      0.00
08:38:43 PM      eth0      6.00      0.00      0.35      0.00      0.00      0.00      0.00
08:38:44 PM      eth0     25.74     22.77      9.70      5.38      0.00      0.00      0.00
08:38:45 PM      eth0      6.00      4.00      0.42      0.48      0.00      0.00      0.00
08:38:46 PM      eth0      8.00      6.00      0.61      0.70      0.00      0.00      0.00
08:38:47 PM      eth0     10.00      1.00      1.27      0.04      0.00      0.00      0.00
08:38:48 PM      eth0      9.00      0.00      0.89      0.00      0.00      0.00      0.00
08:38:49 PM      eth0      6.00      0.00      0.69      0.00      0.00      0.00      0.00
08:38:50 PM      eth0     10.00      1.00      1.86      0.16      0.00      0.00      0.00
08:38:51 PM      eth0      7.00      0.00      0.93      0.00      0.00      0.00      0.00
08:38:52 PM      eth0     21.00     27.00      8.74      5.88      0.00      0.00      0.00
08:38:53 PM      eth0      6.00      6.00      0.41      0.62      0.00      0.00      0.00
08:38:54 PM      eth0     18.00     11.00      3.12      2.90      0.00      0.00      0.00
08:38:55 PM      eth0     44.00     47.00     18.88     11.88      0.00      0.00      0.00
08:38:56 PM      eth0      8.00      0.00      0.50      0.00      0.00      0.00      0.00
08:38:57 PM      eth0      8.00      6.00      0.62      0.76      0.00      0.00      0.00
08:38:58 PM      eth0     36.00     32.00     18.20      7.74      0.00      0.00      0.00
08:38:59 PM      eth0      6.00      0.00      0.66      0.00      0.00      0.00      0.00
08:39:00 PM      eth0     11.00      1.00      1.40      0.13      0.00      0.00      0.00
08:39:01 PM      eth0     13.00      3.00      1.19      0.35      0.00      0.00      0.00
08:39:02 PM      eth0      9.00      0.00      0.65      0.00      0.00      0.00      0.00
08:39:03 PM      eth0      6.00      0.00      0.71      0.00      0.00      0.00      0.00
08:39:04 PM      eth0     16.00     11.00      2.45      2.90      0.00      0.00      0.00
08:39:05 PM      eth0      6.00      0.00      0.41      0.00      0.00      0.00      0.00
08:39:06 PM      eth0     17.00      8.00      3.75      1.74      0.00      0.00      0.00
08:39:07 PM      eth0     22.00     19.00      3.62      4.78      0.00      0.00      0.00
08:39:08 PM      eth0     66.00     57.00     15.39     15.04      0.00      0.00      0.00
08:39:09 PM      eth0     35.00     24.00      7.57      6.25      0.00      0.00      0.00
08:39:10 PM      eth0     11.00      8.00      1.03      2.25      0.00      0.00      0.00
08:39:11 PM      eth0      7.00      0.00      0.47      0.00      0.00      0.00      0.00
08:39:12 PM      eth0     92.00    113.00     36.48     38.93      0.00      0.00      0.00
08:39:13 PM      eth0      7.00      0.00      0.74      0.00      0.00      0.00      0.00
08:39:14 PM      eth0     12.00     11.00      2.15      2.90      0.00      0.00      0.00
08:39:15 PM      eth0      5.00      0.00      0.29      0.00      0.00      0.00      0.00
08:39:16 PM      eth0     10.00      0.00      1.41      0.00      0.00      0.00      0.00
08:39:17 PM      eth0     11.00      0.00      0.95      0.00      0.00      0.00      0.00
08:39:18 PM      eth0      9.00      0.00      0.59      0.00      0.00      0.00      0.00
08:39:19 PM      eth0      5.00      0.00      0.29      0.00      0.00      0.00      0.00
08:39:20 PM      eth0      4.00      0.00      0.23      0.00      0.00      0.00      0.00
08:39:21 PM      eth0      5.00      1.00      0.35      0.04      0.00      0.00      0.00
08:39:22 PM      eth0      4.00      0.00      0.23      0.00      0.00      0.00      0.00
08:39:23 PM      eth0      6.00      0.00      0.35      0.00      0.00      0.00      0.00
08:39:24 PM      eth0     16.00     11.00      3.42      2.90      0.00      0.00      0.00
08:39:25 PM      eth0      6.00      0.00      0.41      0.00      0.00      0.00      0.00
08:39:26 PM      eth0      3.00      0.00      0.18      0.00      0.00      0.00      0.00
08:39:27 PM      eth0      5.00      0.00      0.29      0.00      0.00      0.00      0.00
08:39:28 PM      eth0      8.00      0.00      0.74      0.00      0.00      0.00      0.00
08:39:29 PM      eth0      5.00      0.00      0.29      0.00      0.00      0.00      0.00
08:39:30 PM      eth0      5.00      0.00      0.57      0.00      0.00      0.00      0.00
08:39:31 PM      eth0      4.00      0.00      0.23      0.00      0.00      0.00      0.00
08:39:32 PM      eth0      4.00      0.00      0.23      0.00      0.00      0.00      0.00
08:39:33 PM      eth0      4.00      0.00      0.23      0.00      0.00      0.00      0.00
08:39:34 PM      eth0     14.00     11.00      2.79      2.90      0.00      0.00      0.00
08:39:35 PM      eth0      4.00      0.00      0.51      0.00      0.00      0.00      0.00
08:39:36 PM      eth0      4.00      0.00      0.23      0.00      0.00      0.00      0.00
08:39:37 PM      eth0      4.00      0.00      0.23      0.00      0.00      0.00      0.00
08:39:38 PM      eth0      7.00      0.00      0.69      0.00      0.00      0.00      0.00
08:39:39 PM      eth0      4.00      0.00      0.23      0.00      0.00      0.00      0.00
08:39:40 PM      eth0     10.00      8.00      0.88      2.25      0.00      0.00      0.00
08:39:41 PM      eth0      4.00      0.00      0.23      0.00      0.00      0.00      0.00
08:39:42 PM      eth0      4.00      0.00      0.23      0.00      0.00      0.00      0.00
08:39:43 PM      eth0      3.00      0.00      0.18      0.00      0.00      0.00      0.00
08:39:44 PM      eth0     12.00     11.00      2.16      2.90      0.00      0.00      0.00
08:39:45 PM      eth0      5.00      0.00      0.57      0.00      0.00      0.00      0.00
08:39:46 PM      eth0      5.00      0.00      0.29      0.00      0.00      0.00      0.00
08:39:47 PM      eth0      6.00      0.00      0.35      0.00      0.00      0.00      0.00
08:39:48 PM      eth0      7.00      0.00      0.69      0.00      0.00      0.00      0.00
08:39:49 PM      eth0      4.00      0.00      0.23      0.00      0.00      0.00      0.00
08:39:50 PM      eth0      6.00      0.00      0.35      0.00      0.00      0.00      0.00
08:39:51 PM      eth0      6.00      0.00      0.35      0.00      0.00      0.00      0.00
08:39:52 PM      eth0      6.00      0.00      0.35      0.00      0.00      0.00      0.00
08:39:53 PM      eth0      5.00      0.00      0.29      0.00      0.00      0.00      0.00
08:39:54 PM      eth0     13.00     11.00      2.21      2.90      0.00      0.00      0.00
08:39:55 PM      eth0      6.00      0.00      0.87      0.00      0.00      0.00      0.00
08:39:56 PM      eth0     30.00     30.00     11.23      8.65      0.00      0.00      0.00
08:39:57 PM      eth0      5.00      0.00      0.29      0.00      0.00      0.00      0.00
08:39:58 PM      eth0      5.00      0.00      0.29      0.00      0.00      0.00      0.00
08:39:59 PM      eth0      4.00      0.00      0.23      0.00      0.00      0.00      0.00
08:40:00 PM      eth0      6.00      0.00      0.63      0.00      0.00      0.00      0.00
08:40:01 PM      eth0      6.00      0.00      0.35      0.00      0.00      0.00      0.00
08:40:02 PM      eth0      5.00      0.00      0.29      0.00      0.00      0.00      0.00
08:40:03 PM      eth0      6.00      0.00      0.35      0.00      0.00      0.00      0.00
08:40:04 PM      eth0     14.00     11.00      2.27      2.90      0.00      0.00      0.00
08:40:05 PM      eth0      5.00      0.00      0.29      0.00      0.00      0.00      0.00
08:40:06 PM      eth0      3.00      0.00      0.18      0.00      0.00      0.00      0.00
08:40:07 PM      eth0      3.00      0.00      0.18      0.00      0.00      0.00      0.00
08:40:08 PM      eth0      5.00      0.00      0.29      0.00      0.00      0.00      0.00
08:40:09 PM      eth0     14.00     10.00      2.46      2.65      0.00      0.00      0.00
08:40:10 PM      eth0     11.00      8.00      1.00      2.25      0.00      0.00      0.00
08:40:11 PM      eth0     24.00     21.00      5.92      5.04      0.00      0.00      0.00
08:40:12 PM      eth0     46.00     43.00     11.91     10.20      0.00      0.00      0.00
08:40:13 PM      eth0     46.00     48.00     20.58     12.76      0.00      0.00      0.00
08:40:14 PM      eth0  24747.00 149192.00   2820.71 220422.64      0.00      0.00      0.00
08:40:15 PM      eth0  66331.00 408352.00   7526.04 603605.26      0.00      0.00      0.00
08:40:16 PM      eth0  79139.00 406678.00   9478.49 601184.33      0.00      0.00      0.00
08:40:17 PM      eth0  61366.00 404444.00   7293.07 597924.00      0.00      0.00      0.00
08:40:18 PM      eth0  54546.00 394523.00   6357.22 583268.86      0.00      0.00      0.00
08:40:19 PM      eth0  57189.00 382607.00   6691.39 565650.98      0.00      0.00      0.00
08:40:20 PM      eth0  62835.00 384635.00   7390.35 568645.35      0.00      0.00      0.00
08:40:21 PM      eth0  55355.00 395528.00   6459.61 584750.80      0.00      0.00      0.00
08:40:22 PM      eth0  67012.00 377163.00   8004.52 557602.79      0.00      0.00      0.00
08:40:23 PM      eth0  48792.00 400293.00   5650.24 591829.12      0.00      0.00      0.00
08:40:24 PM      eth0  53710.00 393572.00   6226.00 581871.12      0.00      0.00      0.00
08:40:25 PM      eth0  52271.00 389380.00   6036.42 575687.05      0.00      0.00      0.00
08:40:26 PM      eth0  52449.00 397304.00   6064.65 587399.79      0.00      0.00      0.00
08:40:27 PM      eth0  49461.00 400725.00   5671.79 592459.63      0.00      0.00      0.00
08:40:28 PM      eth0  46505.00 406214.00   5335.24 600570.34      0.00      0.00      0.00
08:40:29 PM      eth0  48659.00 406490.00   5604.87 600981.91      0.00      0.00      0.00
08:40:30 PM      eth0  50307.00 404499.00   5804.37 598038.26      0.00      0.00      0.00
08:40:31 PM      eth0  51506.00 405687.00   5950.08 599795.78      0.00      0.00      0.00
08:40:32 PM      eth0  47944.00 404773.00   5521.36 598443.50      0.00      0.00      0.00
08:40:33 PM      eth0  44115.00 405050.00   5015.09 598852.22      0.00      0.00      0.00
08:40:34 PM      eth0  43599.00 406339.00   4971.82 600747.51      0.00      0.00      0.00
08:40:35 PM      eth0  48847.00 406397.00   5624.96 600846.48      0.00      0.00      0.00
08:40:36 PM      eth0  49986.00 406381.00   5758.40 600822.57      0.00      0.00      0.00
08:40:37 PM      eth0  44252.00 406014.00   5048.81 600274.38      0.00      0.00      0.00
08:40:38 PM      eth0  46312.00 405904.00   5293.77 600112.29      0.00      0.00      0.00
08:40:39 PM      eth0  46523.00 406447.00   5332.07 600914.03      0.00      0.00      0.00
08:40:40 PM      eth0  43227.00 406430.00   4922.75 600882.22      0.00      0.00      0.00
08:40:41 PM      eth0  45706.00 406175.00   5242.18 600514.01      0.00      0.00      0.00
08:40:42 PM      eth0  67519.00 406433.00   8075.50 600890.09      0.00      0.00      0.00
08:40:43 PM      eth0  48587.00 405030.00   5614.63 598819.78      0.00      0.00      0.00
08:40:44 PM      eth0  42336.00 406429.00   4816.08 600875.00      0.00      0.00      0.00
08:40:45 PM      eth0  41845.00 406558.00   4745.10 601080.92      0.00      0.00      0.00
08:40:46 PM      eth0  42558.00 406196.00   4829.45 600546.32      0.00      0.00      0.00
08:40:47 PM      eth0  42340.00 406454.00   4811.92 600928.96      0.00      0.00      0.00
08:40:48 PM      eth0  47687.00 406475.00   5487.16 600958.33      0.00      0.00      0.00
08:40:49 PM      eth0  45608.00 406249.00   5211.67 600626.22      0.00      0.00      0.00
08:40:50 PM      eth0  45438.00 406505.00   5181.62 601005.05      0.00      0.00      0.00
08:40:51 PM      eth0  44461.00 405818.00   5069.79 599987.21      0.00      0.00      0.00
08:40:52 PM      eth0  52627.00 406295.00   6111.71 600695.68      0.00      0.00      0.00
08:40:53 PM      eth0  50909.00 404561.00   5902.80 598129.96      0.00      0.00      0.00
08:40:54 PM      eth0  46861.00 406434.00   5392.07 600905.66      0.00      0.00      0.00
08:40:55 PM      eth0  49510.00 404856.00   5698.30 598585.92      0.00      0.00      0.00
08:40:56 PM      eth0  51444.00 403486.00   5936.04 596559.68      0.00      0.00      0.00
08:40:57 PM      eth0  47013.00 406316.00   5382.20 600731.55      0.00      0.00      1.00
08:40:58 PM      eth0  49713.00 405890.00   5756.84 600064.92      0.00      0.00      0.00
08:40:59 PM      eth0  54955.00 406209.00   6404.34 600586.35      0.00      0.00      0.00
08:41:00 PM      eth0  54956.00 406492.00   6397.78 601004.77      0.00      0.00      0.00
08:41:01 PM      eth0  49565.00 406232.00   5707.83 600620.36      0.00      0.00      0.00
08:41:02 PM      eth0  46046.00 406003.00   5330.71 600255.84      0.00      0.00      0.00
08:41:03 PM      eth0  45099.00 406439.00   5161.97 600899.95      0.00      0.00      0.00
08:41:04 PM      eth0  48267.00 406324.00   5610.17 600700.98      0.00      0.00      0.00
08:41:05 PM      eth0  48027.00 406417.00   5531.87 600847.50      0.00      0.00      0.00
08:41:06 PM      eth0  49515.00 406317.00   5714.96 600701.07      0.00      0.00      0.00
08:41:07 PM      eth0  42917.00 406408.00   4905.33 600841.75      0.00      0.00      0.00
08:41:08 PM      eth0  48715.00 404008.00   5602.29 597288.25      0.00      0.00      0.00
08:41:09 PM      eth0  45818.00 405312.00   5229.39 599219.73      0.00      0.00      0.00
08:41:10 PM      eth0  52957.00 406007.00   6126.53 600235.73      0.00      0.00      0.00
08:41:11 PM      eth0  52140.00 406359.00   6031.27 600758.26      0.00      0.00      0.00
08:41:12 PM      eth0  50377.00 406081.00   5854.31 600364.29      0.00      0.00      0.00
08:41:13 PM      eth0  58683.00 406341.00   6847.90 600738.86      0.00      0.00      0.00
08:41:14 PM      eth0  52234.00 406445.00   6093.97 600779.14      0.00      0.00      0.00
08:41:15 PM      eth0  48740.00 398927.00   5625.43 589780.00      0.00      0.00      0.00
08:41:16 PM      eth0  45273.00 406432.00   5180.59 600878.62      0.00      0.00      0.00
08:41:17 PM      eth0  44005.00 405215.00   5010.64 599075.33      0.00      0.00      0.00
08:41:18 PM      eth0  43742.00 403829.00   4981.10 597035.31      0.00      0.00      0.00
08:41:19 PM      eth0  44184.00 406364.00   5028.28 600776.58      0.00      0.00      0.00
08:41:20 PM      eth0  45262.00 406478.00   5200.00 600955.35      0.00      0.00      0.00
08:41:21 PM      eth0  45131.00 403324.00   5142.41 596292.45      0.00      0.00      0.00
08:41:22 PM      eth0  47179.00 398784.00   5401.38 589577.57      0.00      0.00      0.00
08:41:23 PM      eth0  47792.00 395241.00   5469.36 584339.29      0.00      0.00      0.00
08:41:24 PM      eth0  45578.00 404966.00   5215.25 598696.68      0.00      0.00      0.00
08:41:25 PM      eth0  47107.00 401459.00   5368.64 593525.66      0.00      0.00      0.00
08:41:26 PM      eth0  49229.00 406507.00   5648.64 600988.54      0.00      0.00      0.00
08:41:27 PM      eth0  44922.00 404351.00   5124.47 597800.72      0.00      0.00      0.00
08:41:28 PM      eth0  46467.00 400957.00   5325.23 592782.00      0.00      0.00      0.00
08:41:29 PM      eth0  46302.00 404989.00   5305.24 598746.52      0.00      0.00      0.00
08:41:30 PM      eth0  44531.00 405165.00   5094.91 599003.53      0.00      0.00      0.00
08:41:31 PM      eth0  48599.00 392558.00   5599.78 580367.75      0.00      0.00      0.00
08:41:32 PM      eth0  44294.00 406323.00   5065.41 600717.64      0.00      0.00      0.00
08:41:33 PM      eth0  44098.00 396789.00   5026.32 586620.47      0.00      0.00      0.00
08:41:34 PM      eth0  49124.00 406411.00   5654.05 600832.80      0.00      0.00      0.00
08:41:35 PM      eth0  50021.00 406444.00   5761.79 600892.33      0.00      0.00      0.00
08:41:36 PM      eth0  52916.00 406393.00   6133.54 600820.77      0.00      0.00      0.00
08:41:37 PM      eth0  50077.00 406391.00   5778.36 600817.74      0.00      0.00      0.00
08:41:38 PM      eth0  48425.00 405096.00   5569.70 598899.55      0.00      0.00      0.00
08:41:39 PM      eth0  52360.00 403222.00   6054.38 596131.58      0.00      0.00      0.00
08:41:40 PM      eth0  47147.00 405522.00   5408.65 599518.14      0.00      0.00      0.00
08:41:41 PM      eth0  54642.00 404733.00   6357.03 598362.85      0.00      0.00      0.00
08:41:42 PM      eth0  57577.00 404992.00   6715.58 598752.33      0.00      0.00      0.00
08:41:43 PM      eth0  49145.00 404596.00   5698.37 598163.30      0.00      0.00      0.00
08:41:44 PM      eth0  51817.00 403269.00   6041.15 596182.83      0.00      0.00      0.00
08:41:45 PM      eth0  28029.00 405085.00   3226.40 598837.30      0.00      0.00      0.00
08:41:46 PM      eth0   6241.00 148389.00    706.71 219350.19      0.00      0.00      0.00
08:41:47 PM      eth0     15.00      7.00      4.03      2.99      0.00      0.00      0.00
08:41:48 PM      eth0     98.00    120.00     28.88     46.52      0.00      0.00      0.00
08:41:49 PM      eth0     36.00     47.00      7.94     22.42      0.00      0.00      0.00
08:41:50 PM      eth0      3.00      0.00      0.18      0.00      0.00      0.00      0.00
08:41:51 PM      eth0     59.00     54.00     16.72     14.01      0.00      0.00      0.00
08:41:52 PM      eth0     31.00     30.00      7.07      6.61      0.00      0.00      0.00
08:41:53 PM      eth0      4.00      0.00      0.23      0.00      0.00      0.00      0.00
08:41:54 PM      eth0    158.00    204.00     49.00     80.57      0.00      0.00      0.00
08:41:55 PM      eth0    220.00    294.00     60.27    144.52      0.00      0.00      0.00
08:41:56 PM      eth0    284.00    378.00     67.72    166.04      0.00      0.00      0.00
08:41:57 PM      eth0     91.00    115.00     20.69     51.58      0.00      0.00      0.00
08:41:58 PM      eth0     12.00      3.00      4.08      0.49      0.00      0.00      0.00
08:41:59 PM      eth0     28.00     17.00     11.28      3.76      0.00      0.00      0.00
08:42:00 PM      eth0     19.00      3.00      4.77      0.49      0.00      0.00      0.00
08:42:01 PM      eth0     19.00      3.00      4.49      0.49      0.00      0.00      0.00
08:42:02 PM      eth0     14.00      2.00      3.59      0.33      0.00      0.00      0.00
08:42:03 PM      eth0     12.00      3.00      4.08      0.49      0.00      0.00      0.00
08:42:04 PM      eth0     21.00     15.00      6.22      3.56      0.00      0.00      0.00
08:42:05 PM      eth0     28.00     11.00     12.57      1.79      0.00      0.00      0.00
08:42:06 PM      eth0     35.00     15.00     18.78      2.45      0.00      0.00      0.00
08:42:07 PM      eth0     27.00     22.00      5.75      5.25      0.00      0.00      0.00
