vhost-28744 11.3
vhost-28744 11.3
vhost-28744 11.3
vhost-28744 11.3
vhost-28744 11.3
vhost-28744 11.3
vhost-28744 11.3
vhost-28744 11.3
vhost-28744 11.3
vhost-28744 11.5
vhost-28744 11.5
vhost-28744 11.5
vhost-28744 11.5
vhost-28744 3.8
vhost-28744 3.8
vhost-28744 5.7
vhost-28744 5.7
vhost-28744 5.7
vhost-28744 5.7
vhost-28744 5.7
vhost-28744 5.7
vhost-28744 5.7
vhost-28744 5.8
vhost-28744 5.8
vhost-28744 5.8
vhost-28744 7.5
vhost-28744 7.5
vhost-28744 7.5
vhost-28744 7.5
vhost-28744 7.5
vhost-28744 7.7
vhost-28744 7.7
vhost-28744 7.7
vhost-28744 7.7
vhost-28744 9.4
vhost-28744 9.4
vhost-28744 9.4
vhost-28744 9.4
vhost-28744 9.4
vhost-28744 9.4
vhost-28744 9.4
vhost-28744 9.4
vhost-28744 9.6
vhost-28744 9.6
vhost-28744 9.6
vhost-28744 9.6
vhost-28744 9.6
vhost-28744 9.6
vhost-28744 9.6
vhost-28744 9.6
