vhost-27916 11.3
vhost-27916 11.3
vhost-27916 11.3
vhost-27916 11.3
vhost-27916 11.5
vhost-27916 13.2
vhost-27916 18.9
vhost-27916 3.8
vhost-27916 3.8
vhost-27916 5.7
vhost-27916 5.7
vhost-27916 5.7
vhost-27916 5.7
vhost-27916 5.7
vhost-27916 5.7
vhost-27916 5.7
vhost-27916 5.7
vhost-27916 5.8
vhost-27916 5.8
vhost-27916 5.8
vhost-27916 7.4
vhost-27916 7.5
vhost-27916 7.5
vhost-27916 7.5
vhost-27916 7.5
vhost-27916 7.7
vhost-27916 7.7
vhost-27916 7.7
vhost-27916 7.7
vhost-27916 7.7
vhost-27916 7.7
vhost-27916 7.7
vhost-27916 9.4
vhost-27916 9.4
vhost-27916 9.4
vhost-27916 9.4
vhost-27916 9.4
vhost-27916 9.4
vhost-27916 9.6
