vhost-30827 11.3
vhost-30827 11.3
vhost-30827 11.3
vhost-30827 1.9
vhost-30827 1.9
vhost-30827 1.9
vhost-30827 1.9
vhost-30827 3.7
vhost-30827 3.8
vhost-30827 3.8
vhost-30827 3.8
vhost-30827 3.8
vhost-30827 3.8
vhost-30827 3.8
vhost-30827 5.7
vhost-30827 5.7
vhost-30827 5.7
vhost-30827 5.8
vhost-30827 5.8
vhost-30827 5.8
vhost-30827 5.8
vhost-30827 5.8
vhost-30827 7.4
vhost-30827 7.5
vhost-30827 7.5
vhost-30827 7.5
vhost-30827 7.5
vhost-30827 7.7
vhost-30827 7.7
vhost-30827 9.4
vhost-30827 9.4
vhost-30827 9.4
vhost-30827 9.4
vhost-30827 9.4
vhost-30827 9.4
