vhost-31399 0.0
vhost-31399 11.5
vhost-31399 11.5
vhost-31399 11.5
vhost-31399 11.5
vhost-31399 1.9
vhost-31399 1.9
vhost-31399 3.8
vhost-31399 3.8
vhost-31399 3.8
vhost-31399 3.8
vhost-31399 3.8
vhost-31399 5.6
vhost-31399 5.7
vhost-31399 5.7
vhost-31399 5.7
vhost-31399 5.7
vhost-31399 5.7
vhost-31399 5.7
vhost-31399 5.7
vhost-31399 5.7
vhost-31399 5.7
vhost-31399 5.8
vhost-31399 5.8
vhost-31399 5.8
vhost-31399 7.5
vhost-31399 7.5
vhost-31399 7.5
vhost-31399 7.5
vhost-31399 7.5
vhost-31399 7.7
vhost-31399 7.7
vhost-31399 9.4
vhost-31399 9.6
vhost-31399 9.6
vhost-31399 9.6
