vhost-30374 11.3
vhost-30374 11.3
vhost-30374 11.3
vhost-30374 11.3
vhost-30374 11.3
vhost-30374 11.5
vhost-30374 11.5
vhost-30374 11.5
vhost-30374 11.5
vhost-30374 1.9
vhost-30374 3.8
vhost-30374 5.7
vhost-30374 5.7
vhost-30374 5.7
vhost-30374 5.7
vhost-30374 5.7
vhost-30374 5.7
vhost-30374 5.7
vhost-30374 5.8
vhost-30374 5.8
vhost-30374 5.8
vhost-30374 5.8
vhost-30374 7.5
vhost-30374 7.5
vhost-30374 7.5
vhost-30374 7.5
vhost-30374 7.5
vhost-30374 7.7
vhost-30374 9.4
vhost-30374 9.4
vhost-30374 9.4
vhost-30374 9.4
vhost-30374 9.4
vhost-30374 9.4
vhost-30374 9.4
vhost-30374 9.4
vhost-30374 9.4
vhost-30374 9.4
vhost-30374 9.4
vhost-30374 9.4
vhost-30374 9.6
vhost-30374 9.6
vhost-30374 9.6
vhost-30374 9.6
vhost-30374 9.6
vhost-30374 9.6
vhost-30374 9.6
