vhost-2003 11.3
vhost-2003 11.3
vhost-2003 11.5
vhost-2003 11.5
vhost-2003 11.5
vhost-2003 13.2
vhost-2003 13.5
vhost-2003 1.9
vhost-2003 1.9
vhost-2003 1.9
vhost-2003 22.6
vhost-2003 3.8
vhost-2003 3.8
vhost-2003 5.7
vhost-2003 5.7
vhost-2003 5.7
vhost-2003 5.7
vhost-2003 5.8
vhost-2003 7.4
vhost-2003 7.5
vhost-2003 7.5
vhost-2003 7.5
vhost-2003 7.5
vhost-2003 7.7
vhost-2003 7.7
vhost-2003 7.7
vhost-2003 9.4
vhost-2003 9.4
vhost-2003 9.4
vhost-2003 9.4
vhost-2003 9.4
vhost-2003 9.4
vhost-2003 9.4
vhost-2003 9.4
vhost-2003 9.4
vhost-2003 9.4
vhost-2003 9.4
vhost-2003 9.4
vhost-2003 9.6
vhost-2003 9.6
vhost-2003 9.6
vhost-2003 9.6
vhost-2003 9.6
vhost-2003 9.6
vhost-2003 9.6
