vhost-29096 11.3
vhost-29096 11.3
vhost-29096 11.3
vhost-29096 11.5
vhost-29096 11.5
vhost-29096 11.5
vhost-29096 11.5
vhost-29096 1.9
vhost-29096 1.9
vhost-29096 3.8
vhost-29096 3.8
vhost-29096 5.7
vhost-29096 5.7
vhost-29096 5.7
vhost-29096 5.7
vhost-29096 5.7
vhost-29096 5.7
vhost-29096 5.7
vhost-29096 5.7
vhost-29096 5.8
vhost-29096 5.8
vhost-29096 5.8
vhost-29096 7.5
vhost-29096 7.5
vhost-29096 7.5
vhost-29096 7.5
vhost-29096 7.5
vhost-29096 7.7
vhost-29096 9.3
vhost-29096 9.4
vhost-29096 9.4
vhost-29096 9.4
vhost-29096 9.4
vhost-29096 9.4
vhost-29096 9.4
vhost-29096 9.4
vhost-29096 9.4
vhost-29096 9.4
vhost-29096 9.4
vhost-29096 9.4
vhost-29096 9.4
vhost-29096 9.4
vhost-29096 9.4
vhost-29096 9.6
vhost-29096 9.6
vhost-29096 9.6
vhost-29096 9.6
vhost-29096 9.6
vhost-29096 9.6
