vhost-29493 11.3
vhost-29493 11.3
vhost-29493 11.3
vhost-29493 11.3
vhost-29493 11.3
vhost-29493 11.3
vhost-29493 11.3
vhost-29493 11.3
vhost-29493 11.3
vhost-29493 11.3
vhost-29493 11.5
vhost-29493 11.5
vhost-29493 11.5
vhost-29493 11.5
vhost-29493 13.2
vhost-29493 13.2
vhost-29493 1.9
vhost-29493 3.8
vhost-29493 5.7
vhost-29493 5.7
vhost-29493 5.7
vhost-29493 5.7
vhost-29493 5.7
vhost-29493 5.7
vhost-29493 5.7
vhost-29493 5.8
vhost-29493 7.5
vhost-29493 7.5
vhost-29493 7.5
vhost-29493 7.5
vhost-29493 7.7
vhost-29493 7.7
vhost-29493 7.7
vhost-29493 9.4
vhost-29493 9.4
vhost-29493 9.4
vhost-29493 9.4
vhost-29493 9.4
vhost-29493 9.4
vhost-29493 9.4
vhost-29493 9.4
vhost-29493 9.4
vhost-29493 9.6
vhost-29493 9.6
vhost-29493 9.6
vhost-29493 9.6
vhost-29493 9.6
vhost-29493 9.6
