ksoftirqd/0 0.0
ksoftirqd/0 0.0
ksoftirqd/0 0.0
ksoftirqd/0 0.0
ksoftirqd/1 0.0
ksoftirqd/1 0.0
ksoftirqd/1 0.0
ksoftirqd/10 0.0
ksoftirqd/11 0.0
ksoftirqd/12 0.0
ksoftirqd/13 0.0
ksoftirqd/14 0.0
ksoftirqd/14 0.0
ksoftirqd/15 0.0
ksoftirqd/15 1.9
ksoftirqd/16 0.0
ksoftirqd/19 0.0
ksoftirqd/20 0.0
ksoftirqd/21 0.0
ksoftirqd/23 0.0
ksoftirqd/23 0.0
ksoftirqd/23 0.0
ksoftirqd/4 0.0
ksoftirqd/4 0.0
ksoftirqd/4 0.0
ksoftirqd/4 0.0
ksoftirqd/4 1.9
ksoftirqd/4 1.9
ksoftirqd/5 0.0
ksoftirqd/5 0.0
ksoftirqd/5 0.0
ksoftirqd/5 0.0
ksoftirqd/5 0.0
ksoftirqd/5 0.0
ksoftirqd/5 0.0
ksoftirqd/8 0.0
ksoftirqd/8 1.9
