vhost-32414 11.3
vhost-32414 11.3
vhost-32414 11.3
vhost-32414 11.3
vhost-32414 11.5
vhost-32414 1.9
vhost-32414 3.7
vhost-32414 3.8
vhost-32414 5.7
vhost-32414 5.7
vhost-32414 5.7
vhost-32414 5.7
vhost-32414 5.7
vhost-32414 5.7
vhost-32414 5.8
vhost-32414 5.8
vhost-32414 7.5
vhost-32414 7.5
vhost-32414 7.5
vhost-32414 7.5
vhost-32414 7.7
vhost-32414 7.7
vhost-32414 7.7
vhost-32414 9.3
vhost-32414 9.4
vhost-32414 9.4
vhost-32414 9.4
vhost-32414 9.4
vhost-32414 9.4
vhost-32414 9.4
vhost-32414 9.4
