vhost-28540 11.3
vhost-28540 11.3
vhost-28540 11.3
vhost-28540 11.3
vhost-28540 11.3
vhost-28540 11.3
vhost-28540 11.3
vhost-28540 11.3
vhost-28540 11.5
vhost-28540 11.5
vhost-28540 11.5
vhost-28540 11.5
vhost-28540 13.0
vhost-28540 3.8
vhost-28540 3.8
vhost-28540 3.8
vhost-28540 3.8
vhost-28540 3.8
vhost-28540 5.7
vhost-28540 5.7
vhost-28540 5.7
vhost-28540 5.7
vhost-28540 5.7
vhost-28540 5.7
vhost-28540 7.5
vhost-28540 7.5
vhost-28540 7.5
vhost-28540 7.7
vhost-28540 7.7
vhost-28540 9.4
vhost-28540 9.4
vhost-28540 9.4
vhost-28540 9.4
vhost-28540 9.4
vhost-28540 9.4
vhost-28540 9.4
vhost-28540 9.4
vhost-28540 9.4
vhost-28540 9.6
vhost-28540 9.6
vhost-28540 9.6
vhost-28540 9.6
vhost-28540 9.6
vhost-28540 9.6
