vhost-30051 11.3
vhost-30051 11.3
vhost-30051 11.3
vhost-30051 11.5
vhost-30051 11.5
vhost-30051 11.5
vhost-30051 1.9
vhost-30051 3.8
vhost-30051 3.8
vhost-30051 3.8
vhost-30051 3.8
vhost-30051 3.8
vhost-30051 3.8
vhost-30051 5.7
vhost-30051 5.7
vhost-30051 5.7
vhost-30051 5.7
vhost-30051 5.8
vhost-30051 5.8
vhost-30051 5.8
vhost-30051 5.8
vhost-30051 7.4
vhost-30051 7.5
vhost-30051 7.5
vhost-30051 7.5
vhost-30051 7.5
vhost-30051 7.5
vhost-30051 7.7
vhost-30051 9.4
vhost-30051 9.4
vhost-30051 9.4
vhost-30051 9.4
vhost-30051 9.4
vhost-30051 9.4
vhost-30051 9.4
vhost-30051 9.4
vhost-30051 9.4
vhost-30051 9.4
vhost-30051 9.6
vhost-30051 9.6
vhost-30051 9.6
vhost-30051 9.6
