vhost-27609 11.3
vhost-27609 11.3
vhost-27609 11.3
vhost-27609 11.5
vhost-27609 13.5
vhost-27609 3.8
vhost-27609 3.8
vhost-27609 3.8
vhost-27609 3.8
vhost-27609 3.8
vhost-27609 3.8
vhost-27609 3.8
vhost-27609 3.8
vhost-27609 3.8
vhost-27609 3.8
vhost-27609 3.8
vhost-27609 5.7
vhost-27609 5.7
vhost-27609 5.7
vhost-27609 5.7
vhost-27609 5.7
vhost-27609 5.7
vhost-27609 5.8
vhost-27609 5.8
vhost-27609 7.5
vhost-27609 7.5
vhost-27609 7.5
vhost-27609 7.5
vhost-27609 7.5
vhost-27609 7.7
vhost-27609 7.7
vhost-27609 9.3
vhost-27609 9.4
vhost-27609 9.4
vhost-27609 9.4
vhost-27609 9.4
vhost-27609 9.4
vhost-27609 9.6
vhost-27609 9.6
vhost-27609 9.6
vhost-27609 9.6
vhost-27609 9.6
