vhost-1064 11.3
vhost-1064 11.5
vhost-1064 11.5
vhost-1064 11.5
vhost-1064 11.5
vhost-1064 17.3
vhost-1064 1.9
vhost-1064 3.8
vhost-1064 3.8
vhost-1064 3.8
vhost-1064 3.8
vhost-1064 3.8
vhost-1064 3.8
vhost-1064 3.8
vhost-1064 3.8
vhost-1064 5.6
vhost-1064 5.7
vhost-1064 5.7
vhost-1064 5.7
vhost-1064 5.7
vhost-1064 5.7
vhost-1064 5.7
vhost-1064 5.7
vhost-1064 5.7
vhost-1064 5.7
vhost-1064 5.7
vhost-1064 5.7
vhost-1064 5.8
vhost-1064 5.8
vhost-1064 5.8
vhost-1064 5.8
vhost-1064 7.5
vhost-1064 7.5
vhost-1064 7.5
vhost-1064 7.5
vhost-1064 7.5
vhost-1064 7.5
vhost-1064 7.5
vhost-1064 7.7
vhost-1064 7.7
vhost-1064 7.7
vhost-1064 7.7
vhost-1064 7.7
vhost-1064 9.4
vhost-1064 9.4
vhost-1064 9.6
vhost-1064 9.6
vhost-1064 9.6
vhost-1064 9.6
vhost-1064 9.6
vhost-1064 9.6
vhost-1064 9.6
vhost-1064 9.6
