vhost-1649 11.3
vhost-1649 11.3
vhost-1649 11.3
vhost-1649 11.3
vhost-1649 11.3
vhost-1649 11.5
vhost-1649 11.5
vhost-1649 1.9
vhost-1649 1.9
vhost-1649 1.9
vhost-1649 3.8
vhost-1649 3.8
vhost-1649 3.8
vhost-1649 5.7
vhost-1649 5.7
vhost-1649 5.7
vhost-1649 5.7
vhost-1649 5.8
vhost-1649 5.8
vhost-1649 5.8
vhost-1649 5.8
vhost-1649 7.4
vhost-1649 7.5
vhost-1649 7.5
vhost-1649 7.5
vhost-1649 7.7
vhost-1649 7.7
vhost-1649 7.7
vhost-1649 7.7
vhost-1649 7.7
vhost-1649 9.4
vhost-1649 9.4
vhost-1649 9.4
vhost-1649 9.4
vhost-1649 9.4
vhost-1649 9.4
vhost-1649 9.4
vhost-1649 9.6
vhost-1649 9.6
vhost-1649 9.6
vhost-1649 9.6
