vhost-31673 11.3
vhost-31673 1.9
vhost-31673 1.9
vhost-31673 1.9
vhost-31673 1.9
vhost-31673 1.9
vhost-31673 3.8
vhost-31673 3.8
vhost-31673 3.8
vhost-31673 3.8
vhost-31673 3.8
vhost-31673 3.8
vhost-31673 5.7
vhost-31673 5.7
vhost-31673 5.7
vhost-31673 5.7
vhost-31673 5.7
vhost-31673 5.8
vhost-31673 5.8
vhost-31673 5.8
vhost-31673 5.8
vhost-31673 5.8
vhost-31673 5.8
vhost-31673 5.8
vhost-31673 5.8
vhost-31673 5.8
vhost-31673 7.5
vhost-31673 7.5
vhost-31673 7.5
vhost-31673 7.7
vhost-31673 7.7
vhost-31673 7.7
vhost-31673 9.4
vhost-31673 9.4
vhost-31673 9.4
vhost-31673 9.4
vhost-31673 9.4
vhost-31673 9.6
vhost-31673 9.6
