vhost-32668 11.3
vhost-32668 11.3
vhost-32668 11.5
vhost-32668 1.9
vhost-32668 1.9
vhost-32668 3.8
vhost-32668 5.7
vhost-32668 5.7
vhost-32668 5.7
vhost-32668 5.7
vhost-32668 5.7
vhost-32668 5.8
vhost-32668 5.8
vhost-32668 7.5
vhost-32668 7.5
vhost-32668 7.5
vhost-32668 7.5
vhost-32668 7.7
vhost-32668 7.7
vhost-32668 7.7
vhost-32668 7.7
vhost-32668 9.4
vhost-32668 9.4
vhost-32668 9.4
vhost-32668 9.4
vhost-32668 9.4
vhost-32668 9.4
vhost-32668 9.4
vhost-32668 9.6
vhost-32668 9.6
vhost-32668 9.6
vhost-32668 9.6
vhost-32668 9.6
