vhost-27079 11.3
vhost-27079 11.3
vhost-27079 13.2
vhost-27079 23.1
vhost-27079 3.8
vhost-27079 3.8
vhost-27079 3.8
vhost-27079 3.8
vhost-27079 3.8
vhost-27079 3.8
vhost-27079 5.7
vhost-27079 5.7
vhost-27079 5.7
vhost-27079 5.7
vhost-27079 5.7
vhost-27079 5.7
vhost-27079 5.7
vhost-27079 5.7
vhost-27079 5.7
vhost-27079 5.8
vhost-27079 5.8
vhost-27079 5.8
vhost-27079 7.5
vhost-27079 7.5
vhost-27079 7.5
vhost-27079 7.5
vhost-27079 7.5
vhost-27079 7.5
vhost-27079 7.7
vhost-27079 7.7
vhost-27079 9.4
vhost-27079 9.6
