vhost-27332 11.5
vhost-27332 11.5
vhost-27332 11.5
vhost-27332 11.5
vhost-27332 1.9
vhost-27332 1.9
vhost-27332 3.8
vhost-27332 3.8
vhost-27332 3.8
vhost-27332 3.8
vhost-27332 3.8
vhost-27332 5.7
vhost-27332 5.8
vhost-27332 5.8
vhost-27332 5.8
vhost-27332 5.8
vhost-27332 5.8
vhost-27332 7.5
vhost-27332 7.5
vhost-27332 7.5
vhost-27332 7.5
vhost-27332 7.5
vhost-27332 7.5
vhost-27332 7.5
vhost-27332 7.5
vhost-27332 7.7
vhost-27332 7.7
vhost-27332 7.7
vhost-27332 7.7
vhost-27332 9.4
vhost-27332 9.4
vhost-27332 9.4
vhost-27332 9.4
vhost-27332 9.4
vhost-27332 9.6
vhost-27332 9.6
vhost-27332 9.6
vhost-27332 9.6
