vhost-31090 11.3
vhost-31090 11.3
vhost-31090 11.3
vhost-31090 11.3
vhost-31090 11.3
vhost-31090 11.3
vhost-31090 11.3
vhost-31090 11.3
vhost-31090 11.3
vhost-31090 11.3
vhost-31090 11.3
vhost-31090 11.5
vhost-31090 11.5
vhost-31090 13.5
vhost-31090 13.5
vhost-31090 3.8
vhost-31090 3.8
vhost-31090 3.8
vhost-31090 5.6
vhost-31090 5.7
vhost-31090 5.7
vhost-31090 5.7
vhost-31090 5.7
vhost-31090 5.8
vhost-31090 5.8
vhost-31090 5.8
vhost-31090 7.4
vhost-31090 7.5
vhost-31090 7.5
vhost-31090 7.5
vhost-31090 7.5
vhost-31090 7.5
vhost-31090 7.5
vhost-31090 7.5
vhost-31090 7.5
vhost-31090 7.7
vhost-31090 7.7
vhost-31090 7.7
vhost-31090 7.7
vhost-31090 9.4
vhost-31090 9.4
vhost-31090 9.4
vhost-31090 9.4
vhost-31090 9.4
vhost-31090 9.4
vhost-31090 9.4
vhost-31090 9.6
vhost-31090 9.6
vhost-31090 9.6
vhost-31090 9.6
