vhost-29742 11.3
vhost-29742 11.3
vhost-29742 11.3
vhost-29742 11.3
vhost-29742 11.3
vhost-29742 11.3
vhost-29742 11.3
vhost-29742 11.3
vhost-29742 11.5
vhost-29742 11.5
vhost-29742 11.5
vhost-29742 11.5
vhost-29742 1.9
vhost-29742 1.9
vhost-29742 3.8
vhost-29742 3.8
vhost-29742 3.8
vhost-29742 5.7
vhost-29742 5.7
vhost-29742 5.7
vhost-29742 5.7
vhost-29742 5.7
vhost-29742 5.8
vhost-29742 5.8
vhost-29742 5.8
vhost-29742 7.5
vhost-29742 7.5
vhost-29742 7.5
vhost-29742 7.5
vhost-29742 7.5
vhost-29742 7.5
vhost-29742 7.5
vhost-29742 7.7
vhost-29742 7.7
vhost-29742 7.7
vhost-29742 9.4
vhost-29742 9.4
vhost-29742 9.4
vhost-29742 9.4
vhost-29742 9.4
vhost-29742 9.4
vhost-29742 9.6
vhost-29742 9.6
vhost-29742 9.6
vhost-29742 9.6
vhost-29742 9.6
