              total        used        free      shared  buff/cache   available
Mem:          48114        1100       45888         369        1125       46142
Swap:         24191           0       24191
Total:        72306        1100       70080

              total        used        free      shared  buff/cache   available
Mem:          48114        1102       45885         369        1125       46139
Swap:         24191           0       24191
Total:        72306        1102       70077

              total        used        free      shared  buff/cache   available
Mem:          48114        1124       45864         369        1125       46118
Swap:         24191           0       24191
Total:        72306        1124       70056

              total        used        free      shared  buff/cache   available
Mem:          48114        1124       45863         369        1125       46117
Swap:         24191           0       24191
Total:        72306        1124       70055

              total        used        free      shared  buff/cache   available
Mem:          48114        1139       45848         369        1126       46102
Swap:         24191           0       24191
Total:        72306        1139       70040

              total        used        free      shared  buff/cache   available
Mem:          48114        1158       45829         369        1126       46083
Swap:         24191           0       24191
Total:        72306        1158       70021

              total        used        free      shared  buff/cache   available
Mem:          48114        1173       45815         369        1126       46069
Swap:         24191           0       24191
Total:        72306        1173       70007

              total        used        free      shared  buff/cache   available
Mem:          48114        1187       45800         369        1126       46054
Swap:         24191           0       24191
Total:        72306        1187       69992

              total        used        free      shared  buff/cache   available
Mem:          48114        1231       45756         369        1126       46010
Swap:         24191           0       24191
Total:        72306        1231       69948

              total        used        free      shared  buff/cache   available
Mem:          48114        1277       45707         369        1128       45962
Swap:         24191           0       24191
Total:        72306        1277       69899

              total        used        free      shared  buff/cache   available
Mem:          48114        1299       45684         369        1130       45939
Swap:         24191           0       24191
Total:        72306        1299       69876

              total        used        free      shared  buff/cache   available
Mem:          48114        1345       45637         369        1131       45892
Swap:         24191           0       24191
Total:        72306        1345       69829

              total        used        free      shared  buff/cache   available
Mem:          48114        1471       45512         369        1130       45767
Swap:         24191           0       24191
Total:        72306        1471       69704

              total        used        free      shared  buff/cache   available
Mem:          48114        1454       45527         369        1131       45783
Swap:         24191           0       24191
Total:        72306        1454       69719

              total        used        free      shared  buff/cache   available
Mem:          48114        1544       45438         369        1131       45694
Swap:         24191           0       24191
Total:        72306        1544       69630

              total        used        free      shared  buff/cache   available
Mem:          48114        1543       45439         369        1131       45695
Swap:         24191           0       24191
Total:        72306        1543       69631

              total        used        free      shared  buff/cache   available
Mem:          48114        1571       45411         369        1131       45667
Swap:         24191           0       24191
Total:        72306        1571       69603

              total        used        free      shared  buff/cache   available
Mem:          48114        1584       45397         369        1132       45653
Swap:         24191           0       24191
Total:        72306        1584       69589

              total        used        free      shared  buff/cache   available
Mem:          48114        1572       45410         369        1132       45666
Swap:         24191           0       24191
Total:        72306        1572       69602

              total        used        free      shared  buff/cache   available
Mem:          48114        1583       45398         369        1131       45655
Swap:         24191           0       24191
Total:        72306        1583       69590

              total        used        free      shared  buff/cache   available
Mem:          48114        1577       45404         369        1131       45661
Swap:         24191           0       24191
Total:        72306        1577       69596

              total        used        free      shared  buff/cache   available
Mem:          48114        1579       45401         369        1132       45658
Swap:         24191           0       24191
Total:        72306        1579       69593

              total        used        free      shared  buff/cache   available
Mem:          48114        1571       45409         369        1132       45666
Swap:         24191           0       24191
Total:        72306        1571       69601

              total        used        free      shared  buff/cache   available
Mem:          48114        1576       45404         369        1133       45661
Swap:         24191           0       24191
Total:        72306        1576       69596

              total        used        free      shared  buff/cache   available
Mem:          48114        1571       45408         369        1133       45666
Swap:         24191           0       24191
Total:        72306        1571       69600

              total        used        free      shared  buff/cache   available
Mem:          48114        1579       45401         369        1133       45659
Swap:         24191           0       24191
Total:        72306        1579       69593

              total        used        free      shared  buff/cache   available
Mem:          48114        1577       45403         369        1133       45660
Swap:         24191           0       24191
Total:        72306        1577       69595

              total        used        free      shared  buff/cache   available
Mem:          48114        1570       45409         369        1134       45667
Swap:         24191           0       24191
Total:        72306        1570       69601

              total        used        free      shared  buff/cache   available
Mem:          48114        1570       45409         369        1134       45667
Swap:         24191           0       24191
Total:        72306        1570       69601

              total        used        free      shared  buff/cache   available
Mem:          48114        1573       45406         369        1134       45664
Swap:         24191           0       24191
Total:        72306        1573       69598

              total        used        free      shared  buff/cache   available
Mem:          48114        1571       45408         369        1134       45666
Swap:         24191           0       24191
Total:        72306        1571       69600

              total        used        free      shared  buff/cache   available
Mem:          48114        1569       45410         369        1134       45669
Swap:         24191           0       24191
Total:        72306        1569       69602

              total        used        free      shared  buff/cache   available
Mem:          48114        1568       45411         369        1134       45669
Swap:         24191           0       24191
Total:        72306        1568       69603

              total        used        free      shared  buff/cache   available
Mem:          48114        1568       45411         369        1134       45670
Swap:         24191           0       24191
Total:        72306        1568       69603

              total        used        free      shared  buff/cache   available
Mem:          48114        1567       45411         369        1134       45670
Swap:         24191           0       24191
Total:        72306        1567       69603

              total        used        free      shared  buff/cache   available
Mem:          48114        1578       45401         369        1134       45659
Swap:         24191           0       24191
Total:        72306        1578       69593

              total        used        free      shared  buff/cache   available
Mem:          48114        1571       45407         369        1134       45666
Swap:         24191           0       24191
Total:        72306        1571       69599

              total        used        free      shared  buff/cache   available
Mem:          48114        1569       45409         369        1134       45668
Swap:         24191           0       24191
Total:        72306        1569       69601

              total        used        free      shared  buff/cache   available
Mem:          48114        1567       45411         369        1135       45670
Swap:         24191           0       24191
Total:        72306        1567       69603

              total        used        free      shared  buff/cache   available
Mem:          48114        1567       45412         369        1135       45670
Swap:         24191           0       24191
Total:        72306        1567       69603

              total        used        free      shared  buff/cache   available
Mem:          48114        1566       45412         369        1134       45671
Swap:         24191           0       24191
Total:        72306        1566       69604

              total        used        free      shared  buff/cache   available
Mem:          48114        1565       45413         369        1135       45672
Swap:         24191           0       24191
Total:        72306        1565       69605

              total        used        free      shared  buff/cache   available
Mem:          48114        1564       45414         369        1135       45673
Swap:         24191           0       24191
Total:        72306        1564       69606

              total        used        free      shared  buff/cache   available
Mem:          48114        1564       45414         369        1135       45673
Swap:         24191           0       24191
Total:        72306        1564       69606

              total        used        free      shared  buff/cache   available
Mem:          48114        1563       45415         369        1135       45674
Swap:         24191           0       24191
Total:        72306        1563       69607

              total        used        free      shared  buff/cache   available
Mem:          48114        1569       45409         369        1135       45668
Swap:         24191           0       24191
Total:        72306        1569       69601

              total        used        free      shared  buff/cache   available
Mem:          48114        1564       45414         369        1135       45673
Swap:         24191           0       24191
Total:        72306        1564       69606

              total        used        free      shared  buff/cache   available
Mem:          48114        1563       45415         369        1135       45674
Swap:         24191           0       24191
Total:        72306        1563       69607

              total        used        free      shared  buff/cache   available
Mem:          48114        1563       45415         369        1135       45674
Swap:         24191           0       24191
Total:        72306        1563       69607

              total        used        free      shared  buff/cache   available
Mem:          48114        1562       45415         369        1135       45675
Swap:         24191           0       24191
Total:        72306        1562       69607

              total        used        free      shared  buff/cache   available
Mem:          48114        1562       45415         369        1136       45675
Swap:         24191           0       24191
Total:        72306        1562       69607

              total        used        free      shared  buff/cache   available
Mem:          48114        1561       45416         369        1136       45675
Swap:         24191           0       24191
Total:        72306        1561       69608

              total        used        free      shared  buff/cache   available
Mem:          48114        1561       45415         369        1136       45675
Swap:         24191           0       24191
Total:        72306        1561       69607

              total        used        free      shared  buff/cache   available
Mem:          48114        1566       45411         369        1136       45671
Swap:         24191           0       24191
Total:        72306        1566       69603

              total        used        free      shared  buff/cache   available
Mem:          48114        1564       45413         369        1136       45673
Swap:         24191           0       24191
Total:        72306        1564       69605

              total        used        free      shared  buff/cache   available
Mem:          48114        1562       45414         369        1136       45674
Swap:         24191           0       24191
Total:        72306        1562       69606

              total        used        free      shared  buff/cache   available
Mem:          48114        1562       45414         369        1136       45674
Swap:         24191           0       24191
Total:        72306        1562       69606

              total        used        free      shared  buff/cache   available
Mem:          48114        1563       45414         369        1136       45674
Swap:         24191           0       24191
Total:        72306        1563       69606

              total        used        free      shared  buff/cache   available
Mem:          48114        1562       45414         369        1137       45674
Swap:         24191           0       24191
Total:        72306        1562       69606

              total        used        free      shared  buff/cache   available
Mem:          48114        1562       45414         369        1137       45675
Swap:         24191           0       24191
Total:        72306        1562       69606

              total        used        free      shared  buff/cache   available
Mem:          48114        1565       45411         369        1137       45671
Swap:         24191           0       24191
Total:        72306        1565       69603

              total        used        free      shared  buff/cache   available
Mem:          48114        1566       45411         369        1137       45671
Swap:         24191           0       24191
Total:        72306        1566       69603

              total        used        free      shared  buff/cache   available
Mem:          48114        1564       45412         369        1137       45672
Swap:         24191           0       24191
Total:        72306        1564       69604

              total        used        free      shared  buff/cache   available
Mem:          48114        1562       45413         369        1137       45674
Swap:         24191           0       24191
Total:        72306        1562       69605

              total        used        free      shared  buff/cache   available
Mem:          48114        1561       45414         369        1137       45675
Swap:         24191           0       24191
Total:        72306        1561       69606

              total        used        free      shared  buff/cache   available
Mem:          48114        1561       45415         369        1137       45675
Swap:         24191           0       24191
Total:        72306        1561       69607

              total        used        free      shared  buff/cache   available
Mem:          48114        1561       45414         369        1137       45675
Swap:         24191           0       24191
Total:        72306        1561       69606

              total        used        free      shared  buff/cache   available
Mem:          48114        1560       45415         369        1137       45676
Swap:         24191           0       24191
Total:        72306        1560       69607

              total        used        free      shared  buff/cache   available
Mem:          48114        1562       45414         369        1137       45675
Swap:         24191           0       24191
Total:        72306        1562       69606

              total        used        free      shared  buff/cache   available
Mem:          48114        1565       45411         369        1137       45672
Swap:         24191           0       24191
Total:        72306        1565       69603

              total        used        free      shared  buff/cache   available
Mem:          48114        1563       45413         369        1138       45674
Swap:         24191           0       24191
Total:        72306        1563       69605

              total        used        free      shared  buff/cache   available
Mem:          48114        1561       45414         369        1137       45675
Swap:         24191           0       24191
Total:        72306        1561       69606

              total        used        free      shared  buff/cache   available
Mem:          48114        1560       45415         369        1137       45676
Swap:         24191           0       24191
Total:        72306        1560       69607

              total        used        free      shared  buff/cache   available
Mem:          48114        1562       45413         369        1137       45675
Swap:         24191           0       24191
Total:        72306        1562       69605

              total        used        free      shared  buff/cache   available
Mem:          48114        1562       45414         369        1138       45675
Swap:         24191           0       24191
Total:        72306        1562       69606

              total        used        free      shared  buff/cache   available
Mem:          48114        1560       45415         369        1138       45676
Swap:         24191           0       24191
Total:        72306        1560       69607

              total        used        free      shared  buff/cache   available
Mem:          48114        1560       45415         369        1138       45676
Swap:         24191           0       24191
Total:        72306        1560       69607

              total        used        free      shared  buff/cache   available
Mem:          48114        1565       45410         369        1138       45672
Swap:         24191           0       24191
Total:        72306        1565       69602

              total        used        free      shared  buff/cache   available
Mem:          48114        1561       45414         369        1138       45676
Swap:         24191           0       24191
Total:        72306        1561       69606

              total        used        free      shared  buff/cache   available
Mem:          48114        1559       45416         369        1138       45678
Swap:         24191           0       24191
Total:        72306        1559       69608

              total        used        free      shared  buff/cache   available
Mem:          48114        1558       45416         369        1138       45678
Swap:         24191           0       24191
Total:        72306        1558       69608

              total        used        free      shared  buff/cache   available
Mem:          48114        1559       45416         369        1138       45678
Swap:         24191           0       24191
Total:        72306        1559       69608

              total        used        free      shared  buff/cache   available
Mem:          48114        1559       45416         369        1138       45678
Swap:         24191           0       24191
Total:        72306        1559       69608

              total        used        free      shared  buff/cache   available
Mem:          48114        1566       45408         369        1138       45670
Swap:         24191           0       24191
Total:        72306        1566       69600

              total        used        free      shared  buff/cache   available
Mem:          48114        1561       45413         369        1139       45675
Swap:         24191           0       24191
Total:        72306        1561       69605

              total        used        free      shared  buff/cache   available
Mem:          48114        1559       45415         369        1139       45677
Swap:         24191           0       24191
Total:        72306        1559       69607

              total        used        free      shared  buff/cache   available
Mem:          48114        1558       45416         369        1139       45678
Swap:         24191           0       24191
Total:        72306        1558       69608

              total        used        free      shared  buff/cache   available
Mem:          48114        1558       45416         369        1139       45678
Swap:         24191           0       24191
Total:        72306        1558       69608

              total        used        free      shared  buff/cache   available
Mem:          48114        1558       45416         369        1139       45679
Swap:         24191           0       24191
Total:        72306        1558       69608

              total        used        free      shared  buff/cache   available
Mem:          48114        1558       45416         369        1139       45679
Swap:         24191           0       24191
Total:        72306        1558       69608

              total        used        free      shared  buff/cache   available
Mem:          48114        1557       45416         369        1139       45679
Swap:         24191           0       24191
Total:        72306        1557       69608

              total        used        free      shared  buff/cache   available
Mem:          48114        1557       45416         369        1139       45679
Swap:         24191           0       24191
Total:        72306        1557       69608

              total        used        free      shared  buff/cache   available
Mem:          48114        1558       45416         369        1139       45679
Swap:         24191           0       24191
Total:        72306        1558       69608

              total        used        free      shared  buff/cache   available
Mem:          48114        1562       45412         369        1139       45675
Swap:         24191           0       24191
Total:        72306        1562       69604

              total        used        free      shared  buff/cache   available
Mem:          48114        1560       45413         369        1140       45676
Swap:         24191           0       24191
Total:        72306        1560       69605

              total        used        free      shared  buff/cache   available
Mem:          48114        1557       45416         369        1140       45679
Swap:         24191           0       24191
Total:        72306        1557       69608

              total        used        free      shared  buff/cache   available
Mem:          48114        1556       45416         369        1140       45680
Swap:         24191           0       24191
Total:        72306        1556       69608

              total        used        free      shared  buff/cache   available
Mem:          48114        1556       45416         369        1140       45679
Swap:         24191           0       24191
Total:        72306        1556       69608

              total        used        free      shared  buff/cache   available
Mem:          48114        1556       45417         369        1140       45680
Swap:         24191           0       24191
Total:        72306        1556       69609

              total        used        free      shared  buff/cache   available
Mem:          48114        1557       45416         369        1140       45679
Swap:         24191           0       24191
Total:        72306        1557       69608

              total        used        free      shared  buff/cache   available
Mem:          48114        1557       45416         369        1140       45679
Swap:         24191           0       24191
Total:        72306        1557       69608

              total        used        free      shared  buff/cache   available
Mem:          48114        1561       45411         369        1140       45674
Swap:         24191           0       24191
Total:        72306        1561       69603

              total        used        free      shared  buff/cache   available
Mem:          48114        1558       45415         369        1140       45678
Swap:         24191           0       24191
Total:        72306        1558       69607

              total        used        free      shared  buff/cache   available
Mem:          48114        1558       45414         369        1141       45678
Swap:         24191           0       24191
Total:        72306        1558       69606

              total        used        free      shared  buff/cache   available
Mem:          48114        1558       45414         369        1141       45678
Swap:         24191           0       24191
Total:        72306        1558       69606

              total        used        free      shared  buff/cache   available
Mem:          48114        1558       45414         369        1141       45678
Swap:         24191           0       24191
Total:        72306        1558       69606

              total        used        free      shared  buff/cache   available
Mem:          48114        1557       45415         369        1141       45679
Swap:         24191           0       24191
Total:        72306        1557       69607

              total        used        free      shared  buff/cache   available
Mem:          48114        1594       45377         369        1142       45641
Swap:         24191           0       24191
Total:        72306        1594       69569

              total        used        free      shared  buff/cache   available
Mem:          48114        1643       45327         369        1143       45591
Swap:         24191           0       24191
Total:        72306        1643       69519

              total        used        free      shared  buff/cache   available
Mem:          48114        1693       45277         369        1143       45541
Swap:         24191           0       24191
Total:        72306        1693       69469

              total        used        free      shared  buff/cache   available
Mem:          48114        1674       45296         369        1143       45560
Swap:         24191           0       24191
Total:        72306        1674       69488

              total        used        free      shared  buff/cache   available
Mem:          48114        1616       45354         369        1143       45619
Swap:         24191           0       24191
Total:        72306        1616       69546

              total        used        free      shared  buff/cache   available
Mem:          48114        1577       45393         369        1142       45658
Swap:         24191           0       24191
Total:        72306        1577       69585

              total        used        free      shared  buff/cache   available
Mem:          48114        1569       45402         369        1142       45667
Swap:         24191           0       24191
Total:        72306        1569       69594

              total        used        free      shared  buff/cache   available
Mem:          48114        1567       45404         369        1142       45669
Swap:         24191           0       24191
Total:        72306        1567       69596

              total        used        free      shared  buff/cache   available
Mem:          48114        1566       45404         369        1142       45669
Swap:         24191           0       24191
Total:        72306        1566       69596

              total        used        free      shared  buff/cache   available
Mem:          48114        1566       45404         369        1142       45669
Swap:         24191           0       24191
Total:        72306        1566       69596

              total        used        free      shared  buff/cache   available
Mem:          48114        1566       45405         369        1142       45670
Swap:         24191           0       24191
Total:        72306        1566       69597

              total        used        free      shared  buff/cache   available
Mem:          48114        1565       45406         369        1142       45671
Swap:         24191           0       24191
Total:        72306        1565       69598

              total        used        free      shared  buff/cache   available
Mem:          48114        1564       45406         369        1142       45672
Swap:         24191           0       24191
Total:        72306        1564       69598

              total        used        free      shared  buff/cache   available
Mem:          48114        1563       45408         369        1143       45673
Swap:         24191           0       24191
Total:        72306        1563       69600

              total        used        free      shared  buff/cache   available
Mem:          48114        1564       45406         369        1143       45671
Swap:         24191           0       24191
Total:        72306        1564       69598

              total        used        free      shared  buff/cache   available
Mem:          48114        1563       45407         369        1143       45673
Swap:         24191           0       24191
Total:        72306        1563       69599

              total        used        free      shared  buff/cache   available
Mem:          48114        1562       45408         369        1143       45673
Swap:         24191           0       24191
Total:        72306        1562       69600

              total        used        free      shared  buff/cache   available
Mem:          48114        1561       45409         369        1143       45674
Swap:         24191           0       24191
Total:        72306        1561       69601

              total        used        free      shared  buff/cache   available
Mem:          48114        1561       45409         369        1143       45675
Swap:         24191           0       24191
Total:        72306        1561       69601

              total        used        free      shared  buff/cache   available
Mem:          48114        1560       45410         369        1143       45675
Swap:         24191           0       24191
Total:        72306        1560       69602

              total        used        free      shared  buff/cache   available
Mem:          48114        1561       45409         369        1143       45675
Swap:         24191           0       24191
Total:        72306        1561       69601

              total        used        free      shared  buff/cache   available
Mem:          48114        1560       45410         369        1143       45675
Swap:         24191           0       24191
Total:        72306        1560       69602

              total        used        free      shared  buff/cache   available
Mem:          48114        1560       45410         369        1143       45676
Swap:         24191           0       24191
Total:        72306        1560       69602

              total        used        free      shared  buff/cache   available
Mem:          48114        1559       45411         369        1143       45677
Swap:         24191           0       24191
Total:        72306        1559       69603

              total        used        free      shared  buff/cache   available
Mem:          48114        1560       45410         369        1143       45676
Swap:         24191           0       24191
Total:        72306        1560       69602

              total        used        free      shared  buff/cache   available
Mem:          48114        1559       45410         369        1143       45676
Swap:         24191           0       24191
Total:        72306        1559       69602

              total        used        free      shared  buff/cache   available
Mem:          48114        1560       45410         369        1143       45676
Swap:         24191           0       24191
Total:        72306        1560       69602

              total        used        free      shared  buff/cache   available
Mem:          48114        1559       45411         369        1143       45677
Swap:         24191           0       24191
Total:        72306        1559       69603

              total        used        free      shared  buff/cache   available
Mem:          48114        1560       45409         369        1143       45675
Swap:         24191           0       24191
Total:        72306        1560       69601

              total        used        free      shared  buff/cache   available
Mem:          48114        1560       45409         369        1143       45675
Swap:         24191           0       24191
Total:        72306        1560       69601

              total        used        free      shared  buff/cache   available
Mem:          48114        1560       45409         369        1144       45676
Swap:         24191           0       24191
Total:        72306        1560       69601

              total        used        free      shared  buff/cache   available
Mem:          48114        1559       45410         369        1144       45676
Swap:         24191           0       24191
Total:        72306        1559       69602

              total        used        free      shared  buff/cache   available
Mem:          48114        1560       45409         369        1144       45676
Swap:         24191           0       24191
Total:        72306        1560       69601

              total        used        free      shared  buff/cache   available
Mem:          48114        1559       45409         369        1144       45676
Swap:         24191           0       24191
Total:        72306        1559       69601

              total        used        free      shared  buff/cache   available
Mem:          48114        1560       45409         369        1144       45676
Swap:         24191           0       24191
Total:        72306        1560       69601

              total        used        free      shared  buff/cache   available
Mem:          48114        1558       45411         369        1144       45677
Swap:         24191           0       24191
Total:        72306        1558       69603

              total        used        free      shared  buff/cache   available
Mem:          48114        1559       45410         369        1144       45677
Swap:         24191           0       24191
Total:        72306        1559       69602

              total        used        free      shared  buff/cache   available
Mem:          48114        1557       45411         369        1144       45678
Swap:         24191           0       24191
Total:        72306        1557       69603

              total        used        free      shared  buff/cache   available
Mem:          48114        1557       45411         369        1144       45678
Swap:         24191           0       24191
Total:        72306        1557       69603

              total        used        free      shared  buff/cache   available
Mem:          48114        1557       45411         369        1144       45678
Swap:         24191           0       24191
Total:        72306        1557       69603

              total        used        free      shared  buff/cache   available
Mem:          48114        1558       45411         369        1144       45678
Swap:         24191           0       24191
Total:        72306        1558       69603

              total        used        free      shared  buff/cache   available
Mem:          48114        1557       45411         369        1144       45679
Swap:         24191           0       24191
Total:        72306        1557       69603

              total        used        free      shared  buff/cache   available
Mem:          48114        1558       45410         369        1144       45678
Swap:         24191           0       24191
Total:        72306        1558       69602

              total        used        free      shared  buff/cache   available
Mem:          48114        1558       45411         369        1145       45678
Swap:         24191           0       24191
Total:        72306        1558       69603

              total        used        free      shared  buff/cache   available
Mem:          48114        1558       45410         369        1145       45678
Swap:         24191           0       24191
Total:        72306        1558       69602

              total        used        free      shared  buff/cache   available
Mem:          48114        1557       45411         369        1145       45679
Swap:         24191           0       24191
Total:        72306        1557       69603

              total        used        free      shared  buff/cache   available
Mem:          48114        1557       45411         369        1145       45679
Swap:         24191           0       24191
Total:        72306        1557       69603

              total        used        free      shared  buff/cache   available
Mem:          48114        1557       45411         369        1145       45679
Swap:         24191           0       24191
Total:        72306        1557       69603

              total        used        free      shared  buff/cache   available
Mem:          48114        1556       45412         369        1145       45679
Swap:         24191           0       24191
Total:        72306        1556       69604

              total        used        free      shared  buff/cache   available
Mem:          48114        1556       45412         369        1145       45680
Swap:         24191           0       24191
Total:        72306        1556       69604

              total        used        free      shared  buff/cache   available
Mem:          48114        1556       45411         369        1145       45679
Swap:         24191           0       24191
Total:        72306        1556       69603

              total        used        free      shared  buff/cache   available
Mem:          48114        1555       45412         369        1145       45680
Swap:         24191           0       24191
Total:        72306        1555       69604

              total        used        free      shared  buff/cache   available
Mem:          48114        1556       45411         369        1145       45679
Swap:         24191           0       24191
Total:        72306        1556       69603

              total        used        free      shared  buff/cache   available
Mem:          48114        1556       45412         369        1145       45680
Swap:         24191           0       24191
Total:        72306        1556       69604

              total        used        free      shared  buff/cache   available
Mem:          48114        1557       45410         369        1145       45678
Swap:         24191           0       24191
Total:        72306        1557       69602

              total        used        free      shared  buff/cache   available
Mem:          48114        1557       45411         369        1146       45679
Swap:         24191           0       24191
Total:        72306        1557       69603

              total        used        free      shared  buff/cache   available
Mem:          48114        1557       45410         369        1146       45678
Swap:         24191           0       24191
Total:        72306        1557       69602

              total        used        free      shared  buff/cache   available
Mem:          48114        1557       45411         369        1146       45679
Swap:         24191           0       24191
Total:        72306        1557       69603

              total        used        free      shared  buff/cache   available
Mem:          48114        1556       45411         369        1146       45680
Swap:         24191           0       24191
Total:        72306        1556       69603

              total        used        free      shared  buff/cache   available
Mem:          48114        1555       45412         369        1146       45680
Swap:         24191           0       24191
Total:        72306        1555       69604

              total        used        free      shared  buff/cache   available
Mem:          48114        1555       45412         369        1146       45680
Swap:         24191           0       24191
Total:        72306        1555       69604

              total        used        free      shared  buff/cache   available
Mem:          48114        1555       45412         369        1146       45681
Swap:         24191           0       24191
Total:        72306        1555       69604

              total        used        free      shared  buff/cache   available
Mem:          48114        1554       45412         369        1146       45681
Swap:         24191           0       24191
Total:        72306        1554       69604

              total        used        free      shared  buff/cache   available
Mem:          48114        1554       45412         369        1146       45681
Swap:         24191           0       24191
Total:        72306        1554       69604

              total        used        free      shared  buff/cache   available
Mem:          48114        1554       45413         369        1146       45681
Swap:         24191           0       24191
Total:        72306        1554       69605

              total        used        free      shared  buff/cache   available
Mem:          48114        1553       45413         369        1146       45682
Swap:         24191           0       24191
Total:        72306        1553       69605

              total        used        free      shared  buff/cache   available
Mem:          48114        1554       45413         369        1146       45682
Swap:         24191           0       24191
Total:        72306        1554       69605

              total        used        free      shared  buff/cache   available
Mem:          48114        1553       45413         369        1147       45682
Swap:         24191           0       24191
Total:        72306        1553       69605

              total        used        free      shared  buff/cache   available
Mem:          48114        1555       45411         369        1147       45680
Swap:         24191           0       24191
Total:        72306        1555       69603

              total        used        free      shared  buff/cache   available
Mem:          48114        1556       45410         369        1147       45679
Swap:         24191           0       24191
Total:        72306        1556       69602

              total        used        free      shared  buff/cache   available
Mem:          48114        1558       45408         369        1147       45677
Swap:         24191           0       24191
Total:        72306        1558       69600

              total        used        free      shared  buff/cache   available
Mem:          48114        1558       45408         369        1147       45677
Swap:         24191           0       24191
Total:        72306        1558       69600

              total        used        free      shared  buff/cache   available
Mem:          48114        1561       45405         369        1147       45674
Swap:         24191           0       24191
Total:        72306        1561       69597

              total        used        free      shared  buff/cache   available
Mem:          48114        1560       45406         369        1147       45676
Swap:         24191           0       24191
Total:        72306        1560       69598

              total        used        free      shared  buff/cache   available
Mem:          48114        1577       45389         369        1147       45659
Swap:         24191           0       24191
Total:        72306        1577       69581

              total        used        free      shared  buff/cache   available
Mem:          48114        1601       45364         369        1147       45634
Swap:         24191           0       24191
Total:        72306        1601       69556

              total        used        free      shared  buff/cache   available
Mem:          48114        1608       45357         369        1147       45627
Swap:         24191           0       24191
Total:        72306        1608       69549

              total        used        free      shared  buff/cache   available
Mem:          48114        1604       45362         369        1147       45631
Swap:         24191           0       24191
Total:        72306        1604       69554

              total        used        free      shared  buff/cache   available
Mem:          48114        1602       45363         369        1148       45633
Swap:         24191           0       24191
Total:        72306        1602       69555

              total        used        free      shared  buff/cache   available
Mem:          48114        1603       45362         369        1148       45632
Swap:         24191           0       24191
Total:        72306        1603       69554

              total        used        free      shared  buff/cache   available
Mem:          48114        1608       45357         369        1147       45628
Swap:         24191           0       24191
Total:        72306        1608       69549

              total        used        free      shared  buff/cache   available
Mem:          48114        1602       45363         369        1148       45633
Swap:         24191           0       24191
Total:        72306        1602       69555

              total        used        free      shared  buff/cache   available
Mem:          48114        1606       45359         369        1148       45629
Swap:         24191           0       24191
Total:        72306        1606       69551

              total        used        free      shared  buff/cache   available
Mem:          48114        1602       45363         369        1148       45633
Swap:         24191           0       24191
Total:        72306        1602       69555

              total        used        free      shared  buff/cache   available
Mem:          48114        1605       45359         369        1149       45629
Swap:         24191           0       24191
Total:        72306        1605       69551

              total        used        free      shared  buff/cache   available
Mem:          48114        1603       45362         369        1148       45633
Swap:         24191           0       24191
Total:        72306        1603       69554

              total        used        free      shared  buff/cache   available
Mem:          48114        1610       45355         369        1148       45625
Swap:         24191           0       24191
Total:        72306        1610       69547

              total        used        free      shared  buff/cache   available
Mem:          48114        1603       45361         369        1148       45632
Swap:         24191           0       24191
Total:        72306        1603       69553

              total        used        free      shared  buff/cache   available
Mem:          48114        1610       45355         369        1148       45625
Swap:         24191           0       24191
Total:        72306        1610       69547

              total        used        free      shared  buff/cache   available
Mem:          48114        1603       45361         369        1149       45632
Swap:         24191           0       24191
Total:        72306        1603       69553

              total        used        free      shared  buff/cache   available
Mem:          48114        1609       45355         369        1149       45626
Swap:         24191           0       24191
Total:        72306        1609       69547

              total        used        free      shared  buff/cache   available
Mem:          48114        1603       45361         369        1149       45631
Swap:         24191           0       24191
Total:        72306        1603       69553

              total        used        free      shared  buff/cache   available
Mem:          48114        1606       45358         369        1149       45629
Swap:         24191           0       24191
Total:        72306        1606       69550

              total        used        free      shared  buff/cache   available
Mem:          48114        1606       45358         369        1149       45629
Swap:         24191           0       24191
Total:        72306        1606       69550

              total        used        free      shared  buff/cache   available
Mem:          48114        1614       45350         369        1149       45621
Swap:         24191           0       24191
Total:        72306        1614       69542

              total        used        free      shared  buff/cache   available
Mem:          48114        1607       45358         369        1148       45629
Swap:         24191           0       24191
Total:        72306        1607       69550

              total        used        free      shared  buff/cache   available
Mem:          48114        1608       45355         369        1149       45626
Swap:         24191           0       24191
Total:        72306        1608       69547

              total        used        free      shared  buff/cache   available
Mem:          48114        1608       45356         369        1149       45627
Swap:         24191           0       24191
Total:        72306        1608       69548

              total        used        free      shared  buff/cache   available
Mem:          48114        1610       45354         369        1149       45626
Swap:         24191           0       24191
Total:        72306        1610       69546

              total        used        free      shared  buff/cache   available
Mem:          48114        1609       45354         369        1149       45626
Swap:         24191           0       24191
Total:        72306        1609       69546

              total        used        free      shared  buff/cache   available
Mem:          48114        1610       45354         369        1149       45625
Swap:         24191           0       24191
Total:        72306        1610       69546

              total        used        free      shared  buff/cache   available
Mem:          48114        1609       45355         369        1149       45626
Swap:         24191           0       24191
Total:        72306        1609       69547

              total        used        free      shared  buff/cache   available
Mem:          48114        1610       45353         369        1150       45625
Swap:         24191           0       24191
Total:        72306        1610       69545

              total        used        free      shared  buff/cache   available
Mem:          48114        1609       45355         369        1150       45626
Swap:         24191           0       24191
Total:        72306        1609       69547

              total        used        free      shared  buff/cache   available
Mem:          48114        1609       45354         369        1150       45626
Swap:         24191           0       24191
Total:        72306        1609       69546

              total        used        free      shared  buff/cache   available
Mem:          48114        1609       45354         369        1150       45626
Swap:         24191           0       24191
Total:        72306        1609       69546

              total        used        free      shared  buff/cache   available
Mem:          48114        1609       45354         369        1150       45626
Swap:         24191           0       24191
Total:        72306        1609       69546

              total        used        free      shared  buff/cache   available
Mem:          48114        1609       45354         369        1150       45626
Swap:         24191           0       24191
Total:        72306        1609       69546

              total        used        free      shared  buff/cache   available
Mem:          48114        1607       45356         369        1150       45628
Swap:         24191           0       24191
Total:        72306        1607       69548

              total        used        free      shared  buff/cache   available
Mem:          48114        1607       45356         369        1150       45628
Swap:         24191           0       24191
Total:        72306        1607       69548

              total        used        free      shared  buff/cache   available
Mem:          48114        1608       45355         369        1150       45627
Swap:         24191           0       24191
Total:        72306        1608       69547

              total        used        free      shared  buff/cache   available
Mem:          48114        1606       45356         369        1150       45628
Swap:         24191           0       24191
Total:        72306        1606       69548

              total        used        free      shared  buff/cache   available
Mem:          48114        1606       45356         369        1151       45628
Swap:         24191           0       24191
Total:        72306        1606       69548

              total        used        free      shared  buff/cache   available
Mem:          48114        1606       45356         369        1151       45629
Swap:         24191           0       24191
Total:        72306        1606       69548

              total        used        free      shared  buff/cache   available
Mem:          48114        1607       45355         369        1150       45628
Swap:         24191           0       24191
Total:        72306        1607       69547

              total        used        free      shared  buff/cache   available
Mem:          48114        1602       45360         369        1151       45632
Swap:         24191           0       24191
Total:        72306        1602       69552

              total        used        free      shared  buff/cache   available
Mem:          48114        1609       45353         369        1151       45626
Swap:         24191           0       24191
Total:        72306        1609       69545

              total        used        free      shared  buff/cache   available
Mem:          48114        1602       45360         369        1151       45632
Swap:         24191           0       24191
Total:        72306        1602       69552

              total        used        free      shared  buff/cache   available
Mem:          48114        1604       45358         369        1151       45630
Swap:         24191           0       24191
Total:        72306        1604       69550

              total        used        free      shared  buff/cache   available
Mem:          48114        1604       45358         369        1151       45631
Swap:         24191           0       24191
Total:        72306        1604       69550

              total        used        free      shared  buff/cache   available
Mem:          48114        1611       45351         369        1151       45624
Swap:         24191           0       24191
Total:        72306        1611       69543

              total        used        free      shared  buff/cache   available
Mem:          48114        1603       45359         369        1151       45632
Swap:         24191           0       24191
Total:        72306        1603       69551

              total        used        free      shared  buff/cache   available
Mem:          48114        1602       45360         369        1151       45633
Swap:         24191           0       24191
Total:        72306        1602       69552

              total        used        free      shared  buff/cache   available
Mem:          48114        1603       45359         369        1151       45632
Swap:         24191           0       24191
Total:        72306        1603       69551

              total        used        free      shared  buff/cache   available
Mem:          48114        1603       45358         369        1151       45632
Swap:         24191           0       24191
Total:        72306        1603       69550

              total        used        free      shared  buff/cache   available
Mem:          48114        1604       45358         369        1151       45631
Swap:         24191           0       24191
Total:        72306        1604       69550

              total        used        free      shared  buff/cache   available
Mem:          48114        1610       45352         369        1151       45625
Swap:         24191           0       24191
Total:        72306        1610       69544

              total        used        free      shared  buff/cache   available
Mem:          48114        1601       45360         369        1151       45634
Swap:         24191           0       24191
Total:        72306        1601       69552

              total        used        free      shared  buff/cache   available
Mem:          48114        1611       45351         369        1151       45624
Swap:         24191           0       24191
Total:        72306        1611       69543

              total        used        free      shared  buff/cache   available
Mem:          48114        1604       45357         369        1151       45631
Swap:         24191           0       24191
Total:        72306        1604       69549

              total        used        free      shared  buff/cache   available
Mem:          48114        1610       45351         369        1152       45624
Swap:         24191           0       24191
Total:        72306        1610       69543

              total        used        free      shared  buff/cache   available
Mem:          48114        1603       45357         369        1152       45631
Swap:         24191           0       24191
Total:        72306        1603       69549

              total        used        free      shared  buff/cache   available
Mem:          48114        1611       45349         369        1152       45623
Swap:         24191           0       24191
Total:        72306        1611       69541

              total        used        free      shared  buff/cache   available
Mem:          48114        1605       45356         369        1152       45630
Swap:         24191           0       24191
Total:        72306        1605       69548

              total        used        free      shared  buff/cache   available
Mem:          48114        1614       45348         369        1152       45621
Swap:         24191           0       24191
Total:        72306        1614       69540

              total        used        free      shared  buff/cache   available
Mem:          48114        1605       45356         369        1152       45630
Swap:         24191           0       24191
Total:        72306        1605       69548

              total        used        free      shared  buff/cache   available
Mem:          48114        1607       45354         369        1152       45628
Swap:         24191           0       24191
Total:        72306        1607       69546

              total        used        free      shared  buff/cache   available
Mem:          48114        1607       45354         369        1153       45628
Swap:         24191           0       24191
Total:        72306        1607       69546

              total        used        free      shared  buff/cache   available
Mem:          48114        1614       45346         369        1152       45621
Swap:         24191           0       24191
Total:        72306        1614       69538

              total        used        free      shared  buff/cache   available
Mem:          48114        1606       45355         369        1152       45629
Swap:         24191           0       24191
Total:        72306        1606       69547

              total        used        free      shared  buff/cache   available
Mem:          48114        1607       45354         369        1152       45628
Swap:         24191           0       24191
Total:        72306        1607       69546

              total        used        free      shared  buff/cache   available
Mem:          48114        1607       45354         369        1152       45628
Swap:         24191           0       24191
Total:        72306        1607       69546

              total        used        free      shared  buff/cache   available
Mem:          48114        1608       45353         369        1152       45627
Swap:         24191           0       24191
Total:        72306        1608       69545

              total        used        free      shared  buff/cache   available
Mem:          48114        1608       45353         369        1152       45627
Swap:         24191           0       24191
Total:        72306        1608       69545

              total        used        free      shared  buff/cache   available
Mem:          48114        1608       45352         369        1153       45627
Swap:         24191           0       24191
Total:        72306        1608       69544

              total        used        free      shared  buff/cache   available
Mem:          48114        1607       45353         369        1153       45628
Swap:         24191           0       24191
Total:        72306        1607       69545

              total        used        free      shared  buff/cache   available
Mem:          48114        1608       45352         369        1153       45627
Swap:         24191           0       24191
Total:        72306        1608       69544

              total        used        free      shared  buff/cache   available
Mem:          48114        1607       45353         369        1153       45628
Swap:         24191           0       24191
Total:        72306        1607       69545

              total        used        free      shared  buff/cache   available
Mem:          48114        1607       45353         369        1153       45628
Swap:         24191           0       24191
Total:        72306        1607       69545

              total        used        free      shared  buff/cache   available
Mem:          48114        1605       45354         369        1153       45629
Swap:         24191           0       24191
Total:        72306        1605       69546

              total        used        free      shared  buff/cache   available
Mem:          48114        1605       45355         369        1154       45630
Swap:         24191           0       24191
Total:        72306        1605       69547

              total        used        free      shared  buff/cache   available
Mem:          48114        1605       45355         369        1153       45630
Swap:         24191           0       24191
Total:        72306        1605       69547

              total        used        free      shared  buff/cache   available
Mem:          48114        1613       45347         369        1153       45622
Swap:         24191           0       24191
Total:        72306        1613       69539

              total        used        free      shared  buff/cache   available
Mem:          48114        1605       45354         369        1153       45629
Swap:         24191           0       24191
Total:        72306        1605       69546

              total        used        free      shared  buff/cache   available
Mem:          48114        1611       45348         369        1153       45623
Swap:         24191           0       24191
Total:        72306        1611       69540

              total        used        free      shared  buff/cache   available
Mem:          48114        1604       45354         369        1154       45630
Swap:         24191           0       24191
Total:        72306        1604       69546

              total        used        free      shared  buff/cache   available
Mem:          48114        1606       45354         369        1153       45629
Swap:         24191           0       24191
Total:        72306        1606       69546

              total        used        free      shared  buff/cache   available
Mem:          48114        1605       45354         369        1154       45629
Swap:         24191           0       24191
Total:        72306        1605       69546

              total        used        free      shared  buff/cache   available
Mem:          48114        1614       45345         369        1154       45621
Swap:         24191           0       24191
Total:        72306        1614       69537

              total        used        free      shared  buff/cache   available
Mem:          48114        1604       45354         369        1154       45630
Swap:         24191           0       24191
Total:        72306        1604       69546

              total        used        free      shared  buff/cache   available
Mem:          48114        1605       45353         369        1154       45629
Swap:         24191           0       24191
Total:        72306        1605       69545

              total        used        free      shared  buff/cache   available
Mem:          48114        1605       45354         369        1154       45630
Swap:         24191           0       24191
Total:        72306        1605       69546

              total        used        free      shared  buff/cache   available
Mem:          48114        1606       45352         369        1154       45628
Swap:         24191           0       24191
Total:        72306        1606       69544

              total        used        free      shared  buff/cache   available
Mem:          48114        1605       45353         369        1154       45629
Swap:         24191           0       24191
Total:        72306        1605       69545

              total        used        free      shared  buff/cache   available
Mem:          48114        1554       45404         369        1154       45680
Swap:         24191           0       24191
Total:        72306        1554       69596

              total        used        free      shared  buff/cache   available
Mem:          48114        1586       45372         369        1154       45648
Swap:         24191           0       24191
Total:        72306        1586       69564

              total        used        free      shared  buff/cache   available
Mem:          48114        1608       45351         369        1155       45627
Swap:         24191           0       24191
Total:        72306        1608       69543

              total        used        free      shared  buff/cache   available
Mem:          48114        1571       45387         369        1156       45663
Swap:         24191           0       24191
Total:        72306        1571       69579

              total        used        free      shared  buff/cache   available
Mem:          48114        1579       45379         369        1155       45656
Swap:         24191           0       24191
Total:        72306        1579       69571

              total        used        free      shared  buff/cache   available
Mem:          48114        1578       45380         369        1155       45656
Swap:         24191           0       24191
Total:        72306        1578       69572

              total        used        free      shared  buff/cache   available
Mem:          48114        1576       45383         369        1154       45659
Swap:         24191           0       24191
Total:        72306        1576       69575

              total        used        free      shared  buff/cache   available
Mem:          48114        1569       45390         369        1155       45666
Swap:         24191           0       24191
Total:        72306        1569       69582

              total        used        free      shared  buff/cache   available
Mem:          48114        1603       45355         369        1155       45632
Swap:         24191           0       24191
Total:        72306        1603       69547

              total        used        free      shared  buff/cache   available
Mem:          48114        1591       45367         369        1155       45644
Swap:         24191           0       24191
Total:        72306        1591       69559

              total        used        free      shared  buff/cache   available
Mem:          48114        1584       45373         369        1156       45650
Swap:         24191           0       24191
Total:        72306        1584       69565

              total        used        free      shared  buff/cache   available
Mem:          48114        1559       45397         369        1156       45675
Swap:         24191           0       24191
Total:        72306        1559       69589

              total        used        free      shared  buff/cache   available
Mem:          48114        1453       45503         369        1156       45781
Swap:         24191           0       24191
Total:        72306        1453       69695

              total        used        free      shared  buff/cache   available
Mem:          48114        1362       45594         369        1158       45871
Swap:         24191           0       24191
Total:        72306        1362       69786

              total        used        free      shared  buff/cache   available
Mem:          48114        1169       45786         369        1158       46064
Swap:         24191           0       24191
Total:        72306        1169       69978

              total        used        free      shared  buff/cache   available
Mem:          48114        1159       45797         369        1157       46075
Swap:         24191           0       24191
Total:        72306        1159       69989
