vhost-18030 11.1
vhost-18030 11.3
vhost-18030 11.3
vhost-18030 11.3
vhost-18030 11.3
vhost-18030 11.5
vhost-18030 11.5
vhost-18030 11.5
vhost-18030 11.5
vhost-18030 11.5
vhost-18030 11.5
vhost-18030 13.5
vhost-18030 13.5
vhost-18030 13.5
vhost-18030 13.5
vhost-18030 15.1
vhost-18030 3.8
vhost-18030 3.8
vhost-18030 3.8
vhost-18030 53.8
vhost-18030 5.7
vhost-18030 5.7
vhost-18030 5.8
vhost-18030 5.8
vhost-18030 5.8
vhost-18030 7.5
vhost-18030 7.5
vhost-18030 7.5
vhost-18030 7.5
vhost-18030 7.5
vhost-18030 7.5
vhost-18030 7.5
vhost-18030 7.7
vhost-18030 7.7
vhost-18030 7.7
vhost-18030 7.7
vhost-18030 7.7
vhost-18030 7.7
vhost-18030 7.7
vhost-18030 7.7
vhost-18030 7.7
vhost-18030 9.4
vhost-18030 9.6
vhost-18030 9.8
vhost-18310 11.1
vhost-18310 11.3
vhost-18310 11.3
vhost-18310 11.3
vhost-18310 11.3
vhost-18310 11.5
vhost-18310 11.5
vhost-18310 11.5
vhost-18310 11.5
vhost-18310 11.5
vhost-18310 11.5
vhost-18310 11.5
vhost-18310 11.5
vhost-18310 11.5
vhost-18310 11.5
vhost-18310 11.5
vhost-18310 11.5
vhost-18310 11.5
vhost-18310 11.5
vhost-18310 11.5
vhost-18310 11.5
vhost-18310 11.5
vhost-18310 13.2
vhost-18310 13.2
vhost-18310 13.5
vhost-18310 13.5
vhost-18310 13.5
vhost-18310 13.5
vhost-18310 13.5
vhost-18310 13.5
vhost-18310 13.5
vhost-18310 13.5
vhost-18310 13.5
vhost-18310 15.4
vhost-18310 1.9
vhost-18310 1.9
vhost-18310 3.8
vhost-18310 5.7
vhost-18310 5.7
vhost-18310 5.7
vhost-18310 5.8
vhost-18310 7.5
vhost-18310 7.5
vhost-18310 7.5
vhost-18310 7.5
vhost-18310 7.5
vhost-18310 7.5
vhost-18310 7.5
vhost-18310 7.5
vhost-18310 7.7
vhost-18310 7.7
vhost-18310 7.7
vhost-18310 7.7
vhost-18310 7.7
vhost-18310 9.4
vhost-18310 9.6
vhost-18310 9.6
vhost-18310 9.6
vhost-18310 9.6
vhost-18310 9.6
vhost-18310 9.6
vhost-18310 9.6
vhost-18572 11.3
vhost-18572 11.3
vhost-18572 11.3
vhost-18572 11.3
vhost-18572 11.3
vhost-18572 11.3
vhost-18572 11.5
vhost-18572 11.5
vhost-18572 11.5
vhost-18572 11.5
vhost-18572 11.5
vhost-18572 11.5
vhost-18572 11.5
vhost-18572 11.5
vhost-18572 13.2
vhost-18572 13.2
vhost-18572 13.5
vhost-18572 13.5
vhost-18572 13.5
vhost-18572 13.5
vhost-18572 13.5
vhost-18572 13.5
vhost-18572 13.5
vhost-18572 13.5
vhost-18572 15.1
vhost-18572 15.1
vhost-18572 1.9
vhost-18572 1.9
vhost-18572 1.9
vhost-18572 3.8
vhost-18572 3.8
vhost-18572 3.8
vhost-18572 3.8
vhost-18572 3.8
vhost-18572 3.8
vhost-18572 3.8
vhost-18572 5.7
vhost-18572 5.8
vhost-18572 5.8
vhost-18572 5.8
vhost-18572 5.8
vhost-18572 5.8
vhost-18572 7.4
vhost-18572 7.5
vhost-18572 7.5
vhost-18572 7.5
vhost-18572 7.5
vhost-18572 7.5
vhost-18572 7.5
vhost-18572 7.5
vhost-18572 7.5
vhost-18572 7.7
vhost-18572 7.7
vhost-18572 7.7
vhost-18572 7.7
vhost-18572 7.7
vhost-18572 7.7
vhost-18572 7.7
vhost-18572 7.7
vhost-18572 7.7
vhost-18572 7.7
vhost-18572 7.7
vhost-18572 7.7
vhost-18572 7.7
vhost-18572 9.4
vhost-18572 9.6
vhost-18572 9.6
vhost-18787 11.3
vhost-18787 11.3
vhost-18787 11.5
vhost-18787 13.5
vhost-18787 13.5
vhost-18787 1.9
vhost-18787 1.9
vhost-18787 3.8
vhost-18787 3.8
vhost-18787 3.8
vhost-18787 3.8
vhost-18787 3.8
vhost-18787 3.8
vhost-18787 3.8
vhost-18787 5.7
vhost-18787 5.8
vhost-18787 5.8
vhost-18787 5.8
vhost-18787 5.8
vhost-18787 7.5
vhost-18787 7.5
vhost-18787 7.7
vhost-18787 7.7
vhost-18787 7.7
vhost-18787 7.7
vhost-18787 7.7
vhost-18787 7.7
vhost-18787 7.7
vhost-18787 7.7
vhost-18787 7.7
vhost-18787 7.7
vhost-18787 7.7
vhost-18787 7.7
vhost-18787 7.7
vhost-18787 7.7
vhost-18787 7.7
vhost-18787 7.7
vhost-18787 9.4
vhost-18787 9.6
vhost-18787 9.6
vhost-18787 9.6
vhost-18787 9.6
vhost-18787 9.6
vhost-18787 9.6
vhost-18787 9.6
vhost-19082 11.3
vhost-19082 11.3
vhost-19082 11.3
vhost-19082 11.3
vhost-19082 11.3
vhost-19082 11.3
vhost-19082 11.3
vhost-19082 11.5
vhost-19082 11.5
vhost-19082 11.5
vhost-19082 11.5
vhost-19082 11.5
vhost-19082 11.5
vhost-19082 11.5
vhost-19082 11.5
vhost-19082 11.5
vhost-19082 13.5
vhost-19082 13.5
vhost-19082 13.5
vhost-19082 13.5
vhost-19082 13.5
vhost-19082 13.5
vhost-19082 13.5
vhost-19082 13.5
vhost-19082 13.5
vhost-19082 1.9
vhost-19082 3.8
vhost-19082 3.8
vhost-19082 3.8
vhost-19082 5.7
vhost-19082 5.8
vhost-19082 7.5
vhost-19082 7.5
vhost-19082 7.5
vhost-19082 7.5
vhost-19082 7.5
vhost-19082 7.5
vhost-19082 7.5
vhost-19082 7.5
vhost-19082 7.5
vhost-19082 7.5
vhost-19082 7.7
vhost-19082 7.7
vhost-19082 7.7
vhost-19082 7.7
vhost-19082 7.7
vhost-19082 7.7
vhost-19082 9.4
vhost-19082 9.6
vhost-19082 9.6
vhost-19082 9.6
vhost-19082 9.6
vhost-19082 9.6
vhost-19082 9.6
vhost-19082 9.6
vhost-19082 9.6
vhost-19439 11.1
vhost-19439 11.3
vhost-19439 11.3
vhost-19439 11.3
vhost-19439 11.3
vhost-19439 11.3
vhost-19439 11.3
vhost-19439 11.5
vhost-19439 11.5
vhost-19439 11.5
vhost-19439 13.5
vhost-19439 13.5
vhost-19439 1.9
vhost-19439 1.9
vhost-19439 1.9
vhost-19439 3.8
vhost-19439 3.8
vhost-19439 5.7
vhost-19439 5.7
vhost-19439 5.7
vhost-19439 5.8
vhost-19439 5.8
vhost-19439 5.8
vhost-19439 5.8
vhost-19439 7.5
vhost-19439 7.5
vhost-19439 7.5
vhost-19439 7.5
vhost-19439 7.5
vhost-19439 7.7
vhost-19439 7.7
vhost-19439 7.7
vhost-19439 7.7
vhost-19439 7.7
vhost-19439 7.7
vhost-19439 7.7
vhost-19439 7.7
vhost-19439 7.7
vhost-19439 9.4
vhost-19439 9.4
vhost-19439 9.6
vhost-19439 9.6
vhost-19439 9.6
vhost-19765 11.3
vhost-19765 11.5
vhost-19765 11.5
vhost-19765 11.5
vhost-19765 11.5
vhost-19765 11.5
vhost-19765 11.5
vhost-19765 11.5
vhost-19765 11.5
vhost-19765 11.5
vhost-19765 13.5
vhost-19765 13.5
vhost-19765 1.9
vhost-19765 3.8
vhost-19765 3.8
vhost-19765 3.8
vhost-19765 3.8
vhost-19765 3.8
vhost-19765 5.7
vhost-19765 5.7
vhost-19765 5.7
vhost-19765 5.8
vhost-19765 5.8
vhost-19765 5.8
vhost-19765 5.8
vhost-19765 5.8
vhost-19765 7.5
vhost-19765 7.5
vhost-19765 7.5
vhost-19765 7.5
vhost-19765 7.5
vhost-19765 7.5
vhost-19765 7.5
vhost-19765 7.5
vhost-19765 7.5
vhost-19765 7.7
vhost-19765 7.7
vhost-19765 7.7
vhost-19765 7.7
vhost-19765 7.7
vhost-19765 7.7
vhost-19765 7.7
vhost-19765 7.7
vhost-19765 7.7
vhost-19765 9.3
vhost-19765 9.4
vhost-19765 9.4
vhost-19765 9.6
vhost-19765 9.6
vhost-19765 9.6
vhost-19765 9.6
vhost-19765 9.6
vhost-19765 9.6
vhost-19765 9.6
vhost-19765 9.6
vhost-19765 9.6
vhost-20090 11.3
vhost-20090 11.3
vhost-20090 11.3
vhost-20090 11.3
vhost-20090 11.3
vhost-20090 11.3
vhost-20090 11.3
vhost-20090 11.5
vhost-20090 11.5
vhost-20090 11.5
vhost-20090 13.2
vhost-20090 13.2
vhost-20090 13.2
vhost-20090 1.9
vhost-20090 1.9
vhost-20090 1.9
vhost-20090 1.9
vhost-20090 1.9
vhost-20090 3.8
vhost-20090 3.8
vhost-20090 3.8
vhost-20090 3.8
vhost-20090 5.7
vhost-20090 5.7
vhost-20090 5.7
vhost-20090 5.7
vhost-20090 5.7
vhost-20090 5.8
vhost-20090 5.8
vhost-20090 5.8
vhost-20090 5.8
vhost-20090 5.8
vhost-20090 5.8
vhost-20090 5.8
vhost-20090 5.8
vhost-20090 5.8
vhost-20090 7.5
vhost-20090 7.5
vhost-20090 7.5
vhost-20090 7.5
vhost-20090 7.5
vhost-20090 7.5
vhost-20090 7.5
vhost-20090 7.5
vhost-20090 7.7
vhost-20090 7.7
vhost-20090 7.7
vhost-20090 7.7
vhost-20090 7.7
vhost-20090 7.7
vhost-20090 7.7
vhost-20090 7.7
vhost-20090 7.7
vhost-20090 7.7
vhost-20090 7.7
vhost-20090 7.7
vhost-20090 9.4
vhost-20090 9.6
vhost-20090 9.6
vhost-20090 9.6
vhost-20090 9.6
vhost-20365 11.3
vhost-20365 11.5
vhost-20365 11.5
vhost-20365 11.5
vhost-20365 11.5
vhost-20365 13.5
vhost-20365 1.9
vhost-20365 1.9
vhost-20365 1.9
vhost-20365 3.8
vhost-20365 3.8
vhost-20365 3.8
vhost-20365 3.8
vhost-20365 3.8
vhost-20365 3.8
vhost-20365 3.8
vhost-20365 3.8
vhost-20365 3.8
vhost-20365 5.7
vhost-20365 5.7
vhost-20365 5.7
vhost-20365 5.8
vhost-20365 5.8
vhost-20365 7.5
vhost-20365 7.5
vhost-20365 7.5
vhost-20365 7.5
vhost-20365 7.5
vhost-20365 7.5
vhost-20365 7.7
vhost-20365 7.7
vhost-20365 7.7
vhost-20365 7.7
vhost-20365 7.7
vhost-20365 9.4
vhost-20365 9.4
vhost-20723 11.1
vhost-20723 11.3
vhost-20723 11.3
vhost-20723 11.3
vhost-20723 11.3
vhost-20723 11.3
vhost-20723 11.3
vhost-20723 11.3
vhost-20723 11.5
vhost-20723 11.5
vhost-20723 11.5
vhost-20723 11.5
vhost-20723 11.5
vhost-20723 11.5
vhost-20723 11.5
vhost-20723 11.5
vhost-20723 11.5
vhost-20723 11.5
vhost-20723 11.5
vhost-20723 13.2
vhost-20723 13.2
vhost-20723 13.5
vhost-20723 13.5
vhost-20723 13.5
vhost-20723 1.9
vhost-20723 3.8
vhost-20723 3.8
vhost-20723 3.8
vhost-20723 3.8
vhost-20723 3.8
vhost-20723 3.8
vhost-20723 3.8
vhost-20723 3.8
vhost-20723 3.8
vhost-20723 3.8
vhost-20723 5.7
vhost-20723 5.7
vhost-20723 5.7
vhost-20723 5.8
vhost-20723 5.8
vhost-20723 7.5
vhost-20723 7.5
vhost-20723 7.5
vhost-20723 7.5
vhost-20723 7.5
vhost-20723 7.5
vhost-20723 7.5
vhost-20723 7.5
vhost-20723 7.5
vhost-20723 7.5
vhost-20723 7.7
vhost-20723 7.7
vhost-20723 7.7
vhost-20723 7.7
vhost-20723 7.7
vhost-20723 7.7
vhost-20723 7.7
vhost-20723 7.7
vhost-20723 7.7
vhost-20723 7.7
vhost-20723 7.7
vhost-20723 7.7
vhost-20723 7.7
vhost-20723 7.7
vhost-20723 7.7
vhost-20723 9.4
vhost-20723 9.6
vhost-21015 11.3
vhost-21015 11.3
vhost-21015 11.3
vhost-21015 11.3
vhost-21015 11.3
vhost-21015 11.3
vhost-21015 11.3
vhost-21015 11.3
vhost-21015 11.3
vhost-21015 11.5
vhost-21015 11.5
vhost-21015 11.5
vhost-21015 11.5
vhost-21015 11.5
vhost-21015 11.5
vhost-21015 11.5
vhost-21015 11.5
vhost-21015 11.5
vhost-21015 11.5
vhost-21015 11.5
vhost-21015 11.5
vhost-21015 11.5
vhost-21015 11.5
vhost-21015 11.5
vhost-21015 11.5
vhost-21015 11.5
vhost-21015 13.2
vhost-21015 13.2
vhost-21015 13.2
vhost-21015 13.2
vhost-21015 13.2
vhost-21015 13.2
vhost-21015 13.5
vhost-21015 13.5
vhost-21015 13.5
vhost-21015 13.5
vhost-21015 13.5
vhost-21015 13.5
vhost-21015 13.5
vhost-21015 13.5
vhost-21015 3.8
vhost-21015 5.7
vhost-21015 5.8
vhost-21015 5.8
vhost-21015 5.8
vhost-21015 5.8
vhost-21015 5.8
vhost-21015 7.5
vhost-21015 7.5
vhost-21015 7.5
vhost-21015 7.5
vhost-21015 7.7
vhost-21015 7.7
vhost-21015 7.7
vhost-21015 7.7
vhost-21015 7.7
vhost-21015 7.7
vhost-21015 7.7
vhost-21015 9.4
vhost-21015 9.4
vhost-21015 9.4
vhost-21015 9.4
vhost-21015 9.6
vhost-21015 9.6
vhost-21015 9.6
vhost-21015 9.6
vhost-21332 11.3
vhost-21332 11.3
vhost-21332 11.5
vhost-21332 11.5
vhost-21332 11.5
vhost-21332 11.5
vhost-21332 13.2
vhost-21332 13.2
vhost-21332 13.2
vhost-21332 13.5
vhost-21332 13.5
vhost-21332 13.5
vhost-21332 13.5
vhost-21332 1.9
vhost-21332 3.8
vhost-21332 3.8
vhost-21332 3.8
vhost-21332 3.8
vhost-21332 3.8
vhost-21332 3.8
vhost-21332 3.8
vhost-21332 5.7
vhost-21332 5.7
vhost-21332 5.8
vhost-21332 5.8
vhost-21332 7.5
vhost-21332 7.5
vhost-21332 7.5
vhost-21332 7.5
vhost-21332 7.5
vhost-21332 7.5
vhost-21332 7.5
vhost-21332 7.5
vhost-21332 7.7
vhost-21332 7.7
vhost-21332 7.7
vhost-21332 7.7
vhost-21332 7.7
vhost-21332 7.7
vhost-21332 7.7
vhost-21332 7.7
vhost-21332 7.7
vhost-21332 7.7
vhost-21332 7.7
vhost-21332 7.7
vhost-21332 7.7
vhost-21332 7.7
vhost-21332 7.7
vhost-21332 7.7
vhost-21332 7.7
vhost-21332 7.7
vhost-21332 9.4
vhost-21332 9.4
vhost-21332 9.4
vhost-21332 9.4
vhost-21332 9.4
vhost-21332 9.6
vhost-21332 9.6
vhost-21332 9.6
vhost-21665 11.3
vhost-21665 11.3
vhost-21665 11.3
vhost-21665 11.3
vhost-21665 11.3
vhost-21665 11.3
vhost-21665 11.3
vhost-21665 11.3
vhost-21665 11.5
vhost-21665 11.5
vhost-21665 11.5
vhost-21665 11.5
vhost-21665 11.5
vhost-21665 11.5
vhost-21665 13.2
vhost-21665 13.2
vhost-21665 13.2
vhost-21665 13.5
vhost-21665 13.5
vhost-21665 13.5
vhost-21665 13.5
vhost-21665 1.9
vhost-21665 1.9
vhost-21665 1.9
vhost-21665 3.8
vhost-21665 3.8
vhost-21665 3.8
vhost-21665 3.8
vhost-21665 5.7
vhost-21665 5.7
vhost-21665 5.7
vhost-21665 5.8
vhost-21665 5.8
vhost-21665 5.8
vhost-21665 5.8
vhost-21665 7.5
vhost-21665 7.5
vhost-21665 7.5
vhost-21665 7.5
vhost-21665 7.5
vhost-21665 7.5
vhost-21665 7.7
vhost-21665 7.7
vhost-21665 7.7
vhost-21665 7.7
vhost-21665 7.7
vhost-21665 7.7
vhost-21665 7.7
vhost-21665 7.7
vhost-21665 7.7
vhost-21665 7.7
vhost-21665 9.4
vhost-21665 9.4
vhost-21665 9.4
vhost-21665 9.4
vhost-21665 9.6
vhost-21665 9.6
vhost-21665 9.6
vhost-21665 9.6
vhost-21665 9.6
vhost-21966 11.3
vhost-21966 11.3
vhost-21966 11.3
vhost-21966 11.3
vhost-21966 11.3
vhost-21966 11.5
vhost-21966 11.5
vhost-21966 11.5
vhost-21966 11.5
vhost-21966 11.5
vhost-21966 11.5
vhost-21966 11.5
vhost-21966 11.5
vhost-21966 13.0
vhost-21966 13.2
vhost-21966 13.2
vhost-21966 13.2
vhost-21966 13.5
vhost-21966 13.5
vhost-21966 13.5
vhost-21966 13.5
vhost-21966 1.9
vhost-21966 1.9
vhost-21966 1.9
vhost-21966 3.8
vhost-21966 5.7
vhost-21966 5.8
vhost-21966 5.8
vhost-21966 5.8
vhost-21966 5.8
vhost-21966 5.8
vhost-21966 5.8
vhost-21966 5.8
vhost-21966 7.5
vhost-21966 7.5
vhost-21966 7.5
vhost-21966 7.5
vhost-21966 7.7
vhost-21966 7.7
vhost-21966 7.7
vhost-21966 7.7
vhost-21966 7.7
vhost-21966 7.7
vhost-21966 7.7
vhost-21966 7.7
vhost-21966 7.7
vhost-21966 9.6
vhost-21966 9.6
vhost-21966 9.6
vhost-21966 9.6
vhost-21966 9.6
vhost-22309 11.1
vhost-22309 11.3
vhost-22309 11.3
vhost-22309 11.3
vhost-22309 11.3
vhost-22309 11.3
vhost-22309 11.5
vhost-22309 11.5
vhost-22309 11.5
vhost-22309 11.5
vhost-22309 11.5
vhost-22309 13.2
vhost-22309 13.2
vhost-22309 13.2
vhost-22309 13.5
vhost-22309 13.5
vhost-22309 13.5
vhost-22309 13.5
vhost-22309 1.9
vhost-22309 1.9
vhost-22309 3.8
vhost-22309 3.8
vhost-22309 3.8
vhost-22309 3.8
vhost-22309 3.8
vhost-22309 3.8
vhost-22309 3.8
vhost-22309 3.8
vhost-22309 3.8
vhost-22309 5.6
vhost-22309 5.7
vhost-22309 5.7
vhost-22309 5.7
vhost-22309 5.7
vhost-22309 5.8
vhost-22309 5.8
vhost-22309 5.8
vhost-22309 5.8
vhost-22309 7.5
vhost-22309 7.5
vhost-22309 7.5
vhost-22309 7.5
vhost-22309 7.7
vhost-22309 7.7
vhost-22309 7.7
vhost-22309 7.7
vhost-22309 7.7
vhost-22309 7.7
vhost-22309 7.7
vhost-22309 9.4
vhost-22309 9.4
vhost-22309 9.4
vhost-22309 9.6
vhost-22309 9.6
vhost-22642 0.0
vhost-22642 11.3
vhost-22642 1.9
vhost-22642 1.9
vhost-22642 1.9
vhost-22642 1.9
vhost-22642 1.9
vhost-22642 1.9
vhost-22642 1.9
vhost-22642 3.8
vhost-22642 3.8
vhost-22642 3.8
vhost-22642 3.8
vhost-22642 3.8
vhost-22642 3.8
vhost-22642 3.8
vhost-22642 3.8
vhost-22642 3.8
vhost-22642 3.8
vhost-22642 3.8
vhost-22642 5.7
vhost-22642 5.8
vhost-22642 5.8
vhost-22642 5.8
vhost-22642 5.8
vhost-22642 5.8
vhost-22642 5.8
vhost-22642 7.5
vhost-22642 7.5
vhost-22642 7.5
vhost-22642 7.5
vhost-22642 7.5
vhost-22642 7.7
vhost-22642 7.7
vhost-22642 7.7
vhost-22642 7.7
vhost-22642 7.7
vhost-22642 7.7
vhost-22642 7.7
vhost-22642 7.7
vhost-22642 9.6
vhost-22642 9.6
vhost-22642 9.6
vhost-22642 9.6
vhost-22642 9.6
vhost-22642 9.6
vhost-22642 9.6
vhost-22919 11.3
vhost-22919 11.3
vhost-22919 11.3
vhost-22919 11.3
vhost-22919 11.3
vhost-22919 11.3
vhost-22919 11.5
vhost-22919 11.5
vhost-22919 11.5
vhost-22919 11.5
vhost-22919 11.5
vhost-22919 11.5
vhost-22919 11.5
vhost-22919 11.5
vhost-22919 11.5
vhost-22919 13.2
vhost-22919 13.5
vhost-22919 13.5
vhost-22919 13.5
vhost-22919 1.9
vhost-22919 1.9
vhost-22919 3.8
vhost-22919 3.8
vhost-22919 5.7
vhost-22919 5.7
vhost-22919 5.7
vhost-22919 5.8
vhost-22919 5.8
vhost-22919 5.8
vhost-22919 5.8
vhost-22919 5.8
vhost-22919 5.8
vhost-22919 5.8
vhost-22919 5.8
vhost-22919 7.5
vhost-22919 7.5
vhost-22919 7.5
vhost-22919 7.5
vhost-22919 7.5
vhost-22919 7.5
vhost-22919 7.7
vhost-22919 7.7
vhost-22919 7.7
vhost-22919 7.7
vhost-22919 7.7
vhost-22919 7.7
vhost-22919 7.7
vhost-22919 7.7
vhost-22919 7.7
vhost-22919 9.4
vhost-22919 9.4
vhost-22919 9.4
vhost-22919 9.4
vhost-22919 9.6
vhost-22919 9.6
vhost-22919 9.6
vhost-23311 0.0
vhost-23311 11.1
vhost-23311 11.3
vhost-23311 11.3
vhost-23311 11.3
vhost-23311 11.3
vhost-23311 11.3
vhost-23311 11.3
vhost-23311 11.5
vhost-23311 11.5
vhost-23311 11.5
vhost-23311 11.5
vhost-23311 11.5
vhost-23311 11.5
vhost-23311 11.5
vhost-23311 11.5
vhost-23311 13.2
vhost-23311 13.2
vhost-23311 13.5
vhost-23311 13.5
vhost-23311 13.5
vhost-23311 13.5
vhost-23311 13.5
vhost-23311 13.5
vhost-23311 1.9
vhost-23311 1.9
vhost-23311 3.8
vhost-23311 3.8
vhost-23311 5.7
vhost-23311 5.7
vhost-23311 5.8
vhost-23311 5.8
vhost-23311 5.8
vhost-23311 5.8
vhost-23311 7.5
vhost-23311 7.5
vhost-23311 7.5
vhost-23311 7.5
vhost-23311 7.5
vhost-23311 7.5
vhost-23311 7.7
vhost-23311 7.7
vhost-23311 7.7
vhost-23311 7.7
vhost-23311 7.7
vhost-23311 7.7
vhost-23311 7.7
vhost-23311 7.7
vhost-23311 7.7
vhost-23311 7.7
vhost-23311 7.7
vhost-23311 7.7
vhost-23311 7.7
vhost-23311 7.7
vhost-23311 7.7
vhost-23311 7.7
vhost-23311 9.4
vhost-23311 9.4
vhost-23311 9.6
vhost-23311 9.6
vhost-23311 9.6
vhost-23681 11.3
vhost-23681 11.3
vhost-23681 11.3
vhost-23681 11.3
vhost-23681 11.3
vhost-23681 11.3
vhost-23681 11.3
vhost-23681 11.3
vhost-23681 11.5
vhost-23681 11.5
vhost-23681 11.5
vhost-23681 11.5
vhost-23681 11.5
vhost-23681 11.5
vhost-23681 11.5
vhost-23681 11.5
vhost-23681 11.5
vhost-23681 11.5
vhost-23681 11.5
vhost-23681 11.5
vhost-23681 11.5
vhost-23681 13.2
vhost-23681 13.2
vhost-23681 13.5
vhost-23681 13.5
vhost-23681 13.5
vhost-23681 13.5
vhost-23681 13.5
vhost-23681 13.5
vhost-23681 13.5
vhost-23681 13.5
vhost-23681 15.4
vhost-23681 1.9
vhost-23681 3.8
vhost-23681 3.8
vhost-23681 3.8
vhost-23681 3.8
vhost-23681 3.8
vhost-23681 3.8
vhost-23681 5.7
vhost-23681 5.7
vhost-23681 5.8
vhost-23681 5.8
vhost-23681 5.8
vhost-23681 5.8
vhost-23681 7.5
vhost-23681 7.5
vhost-23681 7.5
vhost-23681 7.5
vhost-23681 7.5
vhost-23681 7.5
vhost-23681 7.7
vhost-23681 7.7
vhost-23681 7.7
vhost-23681 7.7
vhost-23681 7.7
vhost-23681 9.4
vhost-23681 9.4
vhost-23681 9.4
vhost-23681 9.4
vhost-23681 9.6
vhost-23681 9.6
vhost-23681 9.6
vhost-23681 9.6
vhost-23681 9.6
vhost-23681 9.6
vhost-23681 9.6
vhost-23681 9.6
vhost-24013 11.3
vhost-24013 11.3
vhost-24013 11.3
vhost-24013 11.3
vhost-24013 11.3
vhost-24013 11.3
vhost-24013 11.3
vhost-24013 11.3
vhost-24013 11.3
vhost-24013 11.5
vhost-24013 11.5
vhost-24013 11.5
vhost-24013 11.5
vhost-24013 11.5
vhost-24013 11.5
vhost-24013 11.5
vhost-24013 11.5
vhost-24013 11.5
vhost-24013 11.5
vhost-24013 11.5
vhost-24013 13.2
vhost-24013 13.2
vhost-24013 13.2
vhost-24013 13.2
vhost-24013 13.5
vhost-24013 13.5
vhost-24013 13.5
vhost-24013 13.5
vhost-24013 13.5
vhost-24013 1.9
vhost-24013 1.9
vhost-24013 3.8
vhost-24013 3.8
vhost-24013 3.8
vhost-24013 5.7
vhost-24013 5.7
vhost-24013 7.5
vhost-24013 7.5
vhost-24013 7.5
vhost-24013 7.5
vhost-24013 7.7
vhost-24013 7.7
vhost-24013 7.7
vhost-24013 7.7
vhost-24013 7.7
vhost-24013 9.4
vhost-24013 9.6
vhost-24448 0.0
vhost-24448 11.3
vhost-24448 11.3
vhost-24448 11.3
vhost-24448 11.3
vhost-24448 11.5
vhost-24448 11.5
vhost-24448 11.5
vhost-24448 11.5
vhost-24448 11.5
vhost-24448 11.5
vhost-24448 13.5
vhost-24448 13.5
vhost-24448 13.5
vhost-24448 1.9
vhost-24448 3.8
vhost-24448 3.8
vhost-24448 3.8
vhost-24448 3.8
vhost-24448 3.8
vhost-24448 3.8
vhost-24448 3.8
vhost-24448 5.7
vhost-24448 5.7
vhost-24448 5.8
vhost-24448 5.8
vhost-24448 5.8
vhost-24448 5.8
vhost-24448 5.8
vhost-24448 7.5
vhost-24448 7.5
vhost-24448 7.5
vhost-24448 7.7
vhost-24448 7.7
vhost-24448 7.7
vhost-24448 7.7
vhost-24448 7.7
vhost-24448 7.7
vhost-24448 7.7
vhost-24448 9.4
vhost-24448 9.4
vhost-24448 9.4
vhost-24448 9.4
vhost-24448 9.4
vhost-24448 9.6
vhost-24448 9.6
vhost-24671 11.1
vhost-24671 11.3
vhost-24671 11.3
vhost-24671 11.3
vhost-24671 11.3
vhost-24671 11.3
vhost-24671 11.3
vhost-24671 11.3
vhost-24671 11.3
vhost-24671 11.3
vhost-24671 11.5
vhost-24671 11.5
vhost-24671 11.5
vhost-24671 11.5
vhost-24671 11.5
vhost-24671 11.5
vhost-24671 11.5
vhost-24671 11.5
vhost-24671 11.5
vhost-24671 11.5
vhost-24671 11.5
vhost-24671 11.5
vhost-24671 11.5
vhost-24671 11.5
vhost-24671 11.5
vhost-24671 11.5
vhost-24671 13.2
vhost-24671 13.2
vhost-24671 13.2
vhost-24671 13.2
vhost-24671 13.2
vhost-24671 13.5
vhost-24671 13.5
vhost-24671 13.5
vhost-24671 15.4
vhost-24671 15.4
vhost-24671 3.8
vhost-24671 3.8
vhost-24671 5.7
vhost-24671 5.8
vhost-24671 5.8
vhost-24671 5.8
vhost-24671 7.5
vhost-24671 7.5
vhost-24671 7.5
vhost-24671 7.5
vhost-24671 7.5
vhost-24671 7.5
vhost-24671 7.7
vhost-24671 7.7
vhost-24671 7.7
vhost-24671 7.7
vhost-24671 7.7
vhost-24671 7.7
vhost-24671 7.7
vhost-24671 9.4
vhost-24671 9.6
vhost-24671 9.6
vhost-24671 9.6
vhost-25018 11.1
vhost-25018 11.3
vhost-25018 11.3
vhost-25018 11.3
vhost-25018 11.3
vhost-25018 11.3
vhost-25018 11.3
vhost-25018 11.3
vhost-25018 11.3
vhost-25018 11.3
vhost-25018 11.3
vhost-25018 11.3
vhost-25018 11.3
vhost-25018 11.5
vhost-25018 11.5
vhost-25018 11.5
vhost-25018 11.5
vhost-25018 11.5
vhost-25018 11.5
vhost-25018 11.5
vhost-25018 11.5
vhost-25018 11.5
vhost-25018 11.5
vhost-25018 11.5
vhost-25018 11.5
vhost-25018 11.5
vhost-25018 11.5
vhost-25018 13.2
vhost-25018 13.2
vhost-25018 13.2
vhost-25018 13.2
vhost-25018 13.2
vhost-25018 13.2
vhost-25018 13.5
vhost-25018 13.5
vhost-25018 13.5
vhost-25018 13.5
vhost-25018 13.5
vhost-25018 13.5
vhost-25018 3.8
vhost-25018 3.8
vhost-25018 5.7
vhost-25018 5.7
vhost-25018 5.8
vhost-25018 5.8
vhost-25018 5.8
vhost-25018 5.8
vhost-25018 7.5
vhost-25018 7.5
vhost-25018 7.5
vhost-25018 7.5
vhost-25018 7.7
vhost-25018 7.7
vhost-25018 7.7
vhost-25018 7.7
vhost-25018 7.7
vhost-25018 7.7
vhost-25018 7.7
vhost-25018 7.7
vhost-25018 7.7
vhost-25018 7.7
vhost-25018 7.7
vhost-25018 9.4
vhost-25018 9.6
vhost-25018 9.6
vhost-25018 9.6
vhost-25018 9.6
vhost-25018 9.6
vhost-25018 9.6
vhost-25018 9.6
vhost-25018 9.6
vhost-25279 11.3
vhost-25279 11.3
vhost-25279 11.3
vhost-25279 11.3
vhost-25279 11.3
vhost-25279 11.5
vhost-25279 11.5
vhost-25279 11.5
vhost-25279 11.5
vhost-25279 11.5
vhost-25279 11.5
vhost-25279 11.5
vhost-25279 11.5
vhost-25279 11.5
vhost-25279 11.5
vhost-25279 11.5
vhost-25279 11.5
vhost-25279 13.2
vhost-25279 13.2
vhost-25279 13.2
vhost-25279 13.2
vhost-25279 13.2
vhost-25279 13.2
vhost-25279 13.2
vhost-25279 13.2
vhost-25279 13.5
vhost-25279 13.5
vhost-25279 13.5
vhost-25279 13.5
vhost-25279 19.2
vhost-25279 34.0
vhost-25279 3.8
vhost-25279 3.8
vhost-25279 5.8
vhost-25279 5.8
vhost-25279 5.8
vhost-25279 7.5
vhost-25279 7.5
vhost-25279 7.5
vhost-25279 7.5
vhost-25279 7.5
vhost-25279 7.5
vhost-25279 7.7
vhost-25279 7.7
vhost-25279 7.7
vhost-25279 7.7
vhost-25279 7.7
vhost-25279 7.7
vhost-25279 7.7
vhost-25279 7.7
vhost-25279 9.4
vhost-25279 9.4
vhost-25279 9.6
vhost-25279 9.6
vhost-25279 9.6
vhost-25279 9.6
