ksoftirqd/0 0.0
ksoftirqd/0 1.9
ksoftirqd/10 0.0
ksoftirqd/10 0.0
ksoftirqd/10 0.0
ksoftirqd/10 0.0
ksoftirqd/10 1.9
ksoftirqd/10 1.9
ksoftirqd/10 1.9
ksoftirqd/10 1.9
ksoftirqd/11 0.0
ksoftirqd/11 0.0
ksoftirqd/11 0.0
ksoftirqd/11 0.0
ksoftirqd/11 0.0
ksoftirqd/11 0.0
ksoftirqd/11 0.0
ksoftirqd/11 0.0
ksoftirqd/11 0.0
ksoftirqd/11 0.0
ksoftirqd/11 0.0
ksoftirqd/11 0.0
ksoftirqd/11 0.0
ksoftirqd/11 0.0
ksoftirqd/11 1.9
ksoftirqd/11 1.9
ksoftirqd/12 0.0
ksoftirqd/14 0.0
ksoftirqd/14 0.0
ksoftirqd/14 0.0
ksoftirqd/15 0.0
ksoftirqd/16 0.0
ksoftirqd/17 1.9
ksoftirqd/22 0.0
ksoftirqd/22 0.0
ksoftirqd/22 0.0
ksoftirqd/4 0.0
ksoftirqd/4 0.0
ksoftirqd/4 1.9
ksoftirqd/5 0.0
ksoftirqd/6 0.0
ksoftirqd/6 0.0
ksoftirqd/6 0.0
ksoftirqd/7 0.0
ksoftirqd/7 0.0
ksoftirqd/7 0.0
ksoftirqd/7 0.0
ksoftirqd/7 0.0
ksoftirqd/7 0.0
ksoftirqd/7 0.0
ksoftirqd/7 0.0
ksoftirqd/7 0.0
ksoftirqd/7 0.0
ksoftirqd/7 0.0
ksoftirqd/7 0.0
ksoftirqd/7 0.0
ksoftirqd/7 0.0
ksoftirqd/7 1.9
ksoftirqd/7 1.9
ksoftirqd/7 1.9
ksoftirqd/7 1.9
ksoftirqd/7 1.9
