              total        used        free      shared  buff/cache   available
Mem:          48114        3477       28001        2482       16635       41286
Swap:         24191           0       24191
Total:        72306        3477       52193

              total        used        free      shared  buff/cache   available
Mem:          48114        3478       28000        2482       16635       41285
Swap:         24191           0       24191
Total:        72306        3478       52192

              total        used        free      shared  buff/cache   available
Mem:          48114        3479       27999        2482       16635       41284
Swap:         24191           0       24191
Total:        72306        3479       52190

              total        used        free      shared  buff/cache   available
Mem:          48114        3479       27999        2482       16635       41284
Swap:         24191           0       24191
Total:        72306        3479       52191

              total        used        free      shared  buff/cache   available
Mem:          48114        3479       27999        2482       16636       41284
Swap:         24191           0       24191
Total:        72306        3479       52190

              total        used        free      shared  buff/cache   available
Mem:          48114        3478       27999        2482       16636       41285
Swap:         24191           0       24191
Total:        72306        3478       52191

              total        used        free      shared  buff/cache   available
Mem:          48114        3478       27999        2482       16636       41285
Swap:         24191           0       24191
Total:        72306        3478       52191

              total        used        free      shared  buff/cache   available
Mem:          48114        3478       27999        2482       16636       41285
Swap:         24191           0       24191
Total:        72306        3478       52191

              total        used        free      shared  buff/cache   available
Mem:          48114        3478       27999        2482       16636       41285
Swap:         24191           0       24191
Total:        72306        3478       52191

              total        used        free      shared  buff/cache   available
Mem:          48114        3476       28001        2482       16636       41287
Swap:         24191           0       24191
Total:        72306        3476       52193

              total        used        free      shared  buff/cache   available
Mem:          48114        3476       28000        2482       16636       41286
Swap:         24191           0       24191
Total:        72306        3476       52192

              total        used        free      shared  buff/cache   available
Mem:          48114        3476       28000        2482       16636       41286
Swap:         24191           0       24191
Total:        72306        3476       52192

              total        used        free      shared  buff/cache   available
Mem:          48114        3480       27997        2482       16636       41283
Swap:         24191           0       24191
Total:        72306        3480       52189

              total        used        free      shared  buff/cache   available
Mem:          48114        3486       27991        2482       16637       41277
Swap:         24191           0       24191
Total:        72306        3486       52183

              total        used        free      shared  buff/cache   available
Mem:          48114        3491       27985        2482       16637       41272
Swap:         24191           0       24191
Total:        72306        3491       52177

              total        used        free      shared  buff/cache   available
Mem:          48114        3489       27987        2482       16637       41274
Swap:         24191           0       24191
Total:        72306        3489       52179

              total        used        free      shared  buff/cache   available
Mem:          48114        3490       27985        2482       16637       41272
Swap:         24191           0       24191
Total:        72306        3490       52177

              total        used        free      shared  buff/cache   available
Mem:          48114        3490       27986        2482       16637       41273
Swap:         24191           0       24191
Total:        72306        3490       52178

              total        used        free      shared  buff/cache   available
Mem:          48114        3491       27985        2482       16637       41272
Swap:         24191           0       24191
Total:        72306        3491       52177

              total        used        free      shared  buff/cache   available
Mem:          48114        3491       27985        2482       16637       41272
Swap:         24191           0       24191
Total:        72306        3491       52177

              total        used        free      shared  buff/cache   available
Mem:          48114        3491       27985        2482       16637       41272
Swap:         24191           0       24191
Total:        72306        3491       52177

              total        used        free      shared  buff/cache   available
Mem:          48114        3489       27986        2482       16637       41274
Swap:         24191           0       24191
Total:        72306        3489       52178

              total        used        free      shared  buff/cache   available
Mem:          48114        3485       27990        2482       16638       41277
Swap:         24191           0       24191
Total:        72306        3485       52182

              total        used        free      shared  buff/cache   available
Mem:          48114        3486       27989        2482       16638       41277
Swap:         24191           0       24191
Total:        72306        3486       52181

              total        used        free      shared  buff/cache   available
Mem:          48114        3483       27993        2482       16638       41280
Swap:         24191           0       24191
Total:        72306        3483       52184

              total        used        free      shared  buff/cache   available
Mem:          48114        3482       27993        2482       16638       41281
Swap:         24191           0       24191
Total:        72306        3482       52185

              total        used        free      shared  buff/cache   available
Mem:          48114        3482       27993        2482       16638       41281
Swap:         24191           0       24191
Total:        72306        3482       52185

              total        used        free      shared  buff/cache   available
Mem:          48114        3483       27992        2482       16638       41280
Swap:         24191           0       24191
Total:        72306        3483       52184

              total        used        free      shared  buff/cache   available
Mem:          48114        3485       27990        2482       16638       41278
Swap:         24191           0       24191
Total:        72306        3485       52182

              total        used        free      shared  buff/cache   available
Mem:          48114        3482       27993        2482       16638       41281
Swap:         24191           0       24191
Total:        72306        3482       52184

              total        used        free      shared  buff/cache   available
Mem:          48114        3481       27994        2482       16638       41282
Swap:         24191           0       24191
Total:        72306        3481       52186

              total        used        free      shared  buff/cache   available
Mem:          48114        3480       27994        2482       16638       41282
Swap:         24191           0       24191
Total:        72306        3481       52186

              total        used        free      shared  buff/cache   available
Mem:          48114        3485       27989        2482       16638       41278
Swap:         24191           0       24191
Total:        72306        3485       52181

              total        used        free      shared  buff/cache   available
Mem:          48114        3487       27987        2482       16638       41276
Swap:         24191           0       24191
Total:        72306        3487       52179

              total        used        free      shared  buff/cache   available
Mem:          48114        3485       27989        2482       16638       41278
Swap:         24191           0       24191
Total:        72306        3485       52181

              total        used        free      shared  buff/cache   available
Mem:          48114        3486       27988        2482       16639       41277
Swap:         24191           0       24191
Total:        72306        3486       52180

              total        used        free      shared  buff/cache   available
Mem:          48114        3490       27984        2482       16639       41273
Swap:         24191           0       24191
Total:        72306        3490       52176

              total        used        free      shared  buff/cache   available
Mem:          48114        3489       27985        2482       16639       41274
Swap:         24191           0       24191
Total:        72306        3489       52177

              total        used        free      shared  buff/cache   available
Mem:          48114        3520       27954        2482       16639       41242
Swap:         24191           0       24191
Total:        72306        3521       52146

              total        used        free      shared  buff/cache   available
Mem:          48114        3499       27975        2482       16639       41264
Swap:         24191           0       24191
Total:        72306        3499       52167

              total        used        free      shared  buff/cache   available
Mem:          48114        3498       27975        2482       16639       41265
Swap:         24191           0       24191
Total:        72306        3498       52167

              total        used        free      shared  buff/cache   available
Mem:          48114        3502       27972        2482       16639       41261
Swap:         24191           0       24191
Total:        72306        3502       52164

              total        used        free      shared  buff/cache   available
Mem:          48114        3502       27972        2482       16639       41261
Swap:         24191           0       24191
Total:        72306        3502       52164

              total        used        free      shared  buff/cache   available
Mem:          48114        3502       27972        2482       16639       41261
Swap:         24191           0       24191
Total:        72306        3502       52164

              total        used        free      shared  buff/cache   available
Mem:          48114        3501       27973        2482       16640       41262
Swap:         24191           0       24191
Total:        72306        3501       52165

              total        used        free      shared  buff/cache   available
Mem:          48114        3502       27971        2482       16640       41261
Swap:         24191           0       24191
Total:        72306        3502       52163

              total        used        free      shared  buff/cache   available
Mem:          48114        3501       27972        2482       16640       41261
Swap:         24191           0       24191
Total:        72306        3501       52164

              total        used        free      shared  buff/cache   available
Mem:          48114        3503       27970        2482       16640       41260
Swap:         24191           0       24191
Total:        72306        3503       52162

              total        used        free      shared  buff/cache   available
Mem:          48114        3499       27974        2482       16640       41264
Swap:         24191           0       24191
Total:        72306        3499       52166

              total        used        free      shared  buff/cache   available
Mem:          48114        3503       27970        2482       16640       41260
Swap:         24191           0       24191
Total:        72306        3503       52162

              total        used        free      shared  buff/cache   available
Mem:          48114        3503       27970        2482       16640       41260
Swap:         24191           0       24191
Total:        72306        3503       52162

              total        used        free      shared  buff/cache   available
Mem:          48114        3501       27971        2482       16640       41261
Swap:         24191           0       24191
Total:        72306        3502       52163

              total        used        free      shared  buff/cache   available
Mem:          48114        3500       27972        2482       16640       41262
Swap:         24191           0       24191
Total:        72306        3500       52164

              total        used        free      shared  buff/cache   available
Mem:          48114        3497       27975        2482       16641       41265
Swap:         24191           0       24191
Total:        72306        3498       52167

              total        used        free      shared  buff/cache   available
Mem:          48114        3496       27976        2482       16641       41266
Swap:         24191           0       24191
Total:        72306        3496       52168

              total        used        free      shared  buff/cache   available
Mem:          48114        3492       27980        2482       16641       41271
Swap:         24191           0       24191
Total:        72306        3492       52172

              total        used        free      shared  buff/cache   available
Mem:          48114        3490       27982        2482       16641       41273
Swap:         24191           0       24191
Total:        72306        3490       52174

              total        used        free      shared  buff/cache   available
Mem:          48114        3490       27982        2482       16641       41273
Swap:         24191           0       24191
Total:        72306        3490       52174

              total        used        free      shared  buff/cache   available
Mem:          48114        3491       27981        2482       16641       41272
Swap:         24191           0       24191
Total:        72306        3491       52173

              total        used        free      shared  buff/cache   available
Mem:          48114        3490       27982        2482       16641       41273
Swap:         24191           0       24191
Total:        72306        3490       52174

              total        used        free      shared  buff/cache   available
Mem:          48114        3483       27988        2482       16641       41279
Swap:         24191           0       24191
Total:        72306        3484       52180

              total        used        free      shared  buff/cache   available
Mem:          48114        3484       27988        2482       16641       41279
Swap:         24191           0       24191
Total:        72306        3484       52180

              total        used        free      shared  buff/cache   available
Mem:          48114        3483       27989        2482       16641       41280
Swap:         24191           0       24191
Total:        72306        3483       52181

              total        used        free      shared  buff/cache   available
Mem:          48114        3484       27988        2482       16641       41279
Swap:         24191           0       24191
Total:        72306        3484       52180

              total        used        free      shared  buff/cache   available
Mem:          48114        3483       27988        2482       16641       41280
Swap:         24191           0       24191
Total:        72306        3483       52180

              total        used        free      shared  buff/cache   available
Mem:          48114        3483       27988        2482       16642       41280
Swap:         24191           0       24191
Total:        72306        3483       52180

              total        used        free      shared  buff/cache   available
Mem:          48114        3483       27989        2482       16641       41280
Swap:         24191           0       24191
Total:        72306        3483       52181

              total        used        free      shared  buff/cache   available
Mem:          48114        3483       27988        2482       16642       41280
Swap:         24191           0       24191
Total:        72306        3483       52180

              total        used        free      shared  buff/cache   available
Mem:          48114        3483       27988        2482       16642       41280
Swap:         24191           0       24191
Total:        72306        3483       52180

              total        used        free      shared  buff/cache   available
Mem:          48114        3483       27988        2482       16642       41280
Swap:         24191           0       24191
Total:        72306        3483       52180

              total        used        free      shared  buff/cache   available
Mem:          48114        3483       27988        2482       16642       41280
Swap:         24191           0       24191
Total:        72306        3483       52180

              total        used        free      shared  buff/cache   available
Mem:          48114        3482       27988        2482       16642       41281
Swap:         24191           0       24191
Total:        72306        3482       52180

              total        used        free      shared  buff/cache   available
Mem:          48114        3484       27987        2482       16642       41279
Swap:         24191           0       24191
Total:        72306        3484       52179

              total        used        free      shared  buff/cache   available
Mem:          48114        3488       27983        2482       16642       41275
Swap:         24191           0       24191
Total:        72306        3488       52175

              total        used        free      shared  buff/cache   available
Mem:          48114        3491       27980        2482       16642       41272
Swap:         24191           0       24191
Total:        72306        3491       52172

              total        used        free      shared  buff/cache   available
Mem:          48114        3490       27980        2482       16642       41273
Swap:         24191           0       24191
Total:        72306        3490       52172

              total        used        free      shared  buff/cache   available
Mem:          48114        3491       27980        2482       16642       41272
Swap:         24191           0       24191
Total:        72306        3491       52171

              total        used        free      shared  buff/cache   available
Mem:          48114        3490       27981        2482       16642       41273
Swap:         24191           0       24191
Total:        72306        3490       52173

              total        used        free      shared  buff/cache   available
Mem:          48114        3493       27978        2482       16642       41271
Swap:         24191           0       24191
Total:        72306        3493       52170

              total        used        free      shared  buff/cache   available
Mem:          48114        3492       27979        2482       16642       41272
Swap:         24191           0       24191
Total:        72306        3492       52171

              total        used        free      shared  buff/cache   available
Mem:          48114        3493       27977        2482       16643       41270
Swap:         24191           0       24191
Total:        72306        3494       52169

              total        used        free      shared  buff/cache   available
Mem:          48114        3495       27975        2482       16643       41268
Swap:         24191           0       24191
Total:        72306        3495       52167

              total        used        free      shared  buff/cache   available
Mem:          48114        3492       27978        2482       16643       41271
Swap:         24191           0       24191
Total:        72306        3492       52170

              total        used        free      shared  buff/cache   available
Mem:          48114        3489       27981        2482       16643       41274
Swap:         24191           0       24191
Total:        72306        3489       52173

              total        used        free      shared  buff/cache   available
Mem:          48114        3489       27980        2482       16643       41274
Swap:         24191           0       24191
Total:        72306        3489       52172

              total        used        free      shared  buff/cache   available
Mem:          48114        3487       27982        2482       16643       41276
Swap:         24191           0       24191
Total:        72306        3487       52174

              total        used        free      shared  buff/cache   available
Mem:          48114        3487       27982        2482       16643       41276
Swap:         24191           0       24191
Total:        72306        3487       52174

              total        used        free      shared  buff/cache   available
Mem:          48114        3488       27982        2482       16643       41276
Swap:         24191           0       24191
Total:        72306        3488       52174

              total        used        free      shared  buff/cache   available
Mem:          48114        3486       27984        2482       16643       41277
Swap:         24191           0       24191
Total:        72306        3486       52175

              total        used        free      shared  buff/cache   available
Mem:          48114        3487       27983        2482       16643       41277
Swap:         24191           0       24191
Total:        72306        3487       52174

              total        used        free      shared  buff/cache   available
Mem:          48114        3487       27983        2482       16644       41277
Swap:         24191           0       24191
Total:        72306        3487       52174

              total        used        free      shared  buff/cache   available
Mem:          48114        3485       27984        2482       16644       41279
Swap:         24191           0       24191
Total:        72306        3485       52176

              total        used        free      shared  buff/cache   available
Mem:          48114        3485       27984        2482       16644       41279
Swap:         24191           0       24191
Total:        72306        3485       52176

              total        used        free      shared  buff/cache   available
Mem:          48114        3485       27984        2482       16644       41278
Swap:         24191           0       24191
Total:        72306        3485       52176

              total        used        free      shared  buff/cache   available
Mem:          48114        3486       27983        2482       16644       41278
Swap:         24191           0       24191
Total:        72306        3486       52175

              total        used        free      shared  buff/cache   available
Mem:          48114        3485       27984        2482       16644       41278
Swap:         24191           0       24191
Total:        72306        3485       52176

              total        used        free      shared  buff/cache   available
Mem:          48114        3484       27985        2482       16644       41280
Swap:         24191           0       24191
Total:        72306        3484       52177

              total        used        free      shared  buff/cache   available
Mem:          48114        3484       27984        2482       16644       41279
Swap:         24191           0       24191
Total:        72306        3484       52176

              total        used        free      shared  buff/cache   available
Mem:          48114        3484       27984        2482       16644       41279
Swap:         24191           0       24191
Total:        72306        3484       52176

              total        used        free      shared  buff/cache   available
Mem:          48114        3484       27984        2482       16645       41279
Swap:         24191           0       24191
Total:        72306        3484       52176

              total        used        free      shared  buff/cache   available
Mem:          48114        3527       27941        2482       16645       41236
Swap:         24191           0       24191
Total:        72306        3527       52133

              total        used        free      shared  buff/cache   available
Mem:          48114        3490       27978        2482       16645       41273
Swap:         24191           0       24191
Total:        72306        3490       52170

              total        used        free      shared  buff/cache   available
Mem:          48114        3488       27980        2482       16645       41275
Swap:         24191           0       24191
Total:        72306        3488       52172

              total        used        free      shared  buff/cache   available
Mem:          48114        3488       27979        2482       16645       41275
Swap:         24191           0       24191
Total:        72306        3489       52171

              total        used        free      shared  buff/cache   available
Mem:          48114        3487       27980        2482       16645       41276
Swap:         24191           0       24191
Total:        72306        3487       52172

              total        used        free      shared  buff/cache   available
Mem:          48114        3487       27980        2482       16645       41276
Swap:         24191           0       24191
Total:        72306        3487       52172

              total        used        free      shared  buff/cache   available
Mem:          48114        3488       27979        2482       16645       41275
Swap:         24191           0       24191
Total:        72306        3488       52171

              total        used        free      shared  buff/cache   available
Mem:          48114        3488       27980        2482       16645       41275
Swap:         24191           0       24191
Total:        72306        3488       52172

              total        used        free      shared  buff/cache   available
Mem:          48114        3488       27979        2482       16645       41275
Swap:         24191           0       24191
Total:        72306        3488       52171

              total        used        free      shared  buff/cache   available
Mem:          48114        3487       27981        2482       16645       41276
Swap:         24191           0       24191
Total:        72306        3487       52173

              total        used        free      shared  buff/cache   available
Mem:          48114        3486       27981        2482       16645       41277
Swap:         24191           0       24191
Total:        72306        3486       52173

              total        used        free      shared  buff/cache   available
Mem:          48114        3486       27981        2482       16645       41277
Swap:         24191           0       24191
Total:        72306        3487       52173

              total        used        free      shared  buff/cache   available
Mem:          48114        3487       27980        2482       16646       41277
Swap:         24191           0       24191
Total:        72306        3487       52172

              total        used        free      shared  buff/cache   available
Mem:          48114        3488       27979        2482       16646       41275
Swap:         24191           0       24191
Total:        72306        3488       52171

              total        used        free      shared  buff/cache   available
Mem:          48114        3488       27979        2482       16646       41275
Swap:         24191           0       24191
Total:        72306        3488       52171

              total        used        free      shared  buff/cache   available
Mem:          48114        3488       27978        2482       16646       41275
Swap:         24191           0       24191
Total:        72306        3489       52170

              total        used        free      shared  buff/cache   available
Mem:          48114        3489       27978        2482       16646       41274
Swap:         24191           0       24191
Total:        72306        3489       52170

              total        used        free      shared  buff/cache   available
Mem:          48114        3488       27979        2482       16646       41276
Swap:         24191           0       24191
Total:        72306        3488       52171

              total        used        free      shared  buff/cache   available
Mem:          48114        3489       27978        2482       16646       41275
Swap:         24191           0       24191
Total:        72306        3489       52170

              total        used        free      shared  buff/cache   available
Mem:          48114        3488       27978        2482       16646       41275
Swap:         24191           0       24191
Total:        72306        3488       52170

              total        used        free      shared  buff/cache   available
Mem:          48114        3491       27976        2482       16646       41273
Swap:         24191           0       24191
Total:        72306        3491       52168

              total        used        free      shared  buff/cache   available
Mem:          48114        3488       27978        2482       16646       41275
Swap:         24191           0       24191
Total:        72306        3489       52170

              total        used        free      shared  buff/cache   available
Mem:          48114        3488       27978        2482       16647       41276
Swap:         24191           0       24191
Total:        72306        3488       52170

              total        used        free      shared  buff/cache   available
Mem:          48114        3487       27979        2482       16647       41277
Swap:         24191           0       24191
Total:        72306        3487       52171

              total        used        free      shared  buff/cache   available
Mem:          48114        3489       27977        2482       16647       41274
Swap:         24191           0       24191
Total:        72306        3489       52169

              total        used        free      shared  buff/cache   available
Mem:          48114        3488       27978        2482       16647       41276
Swap:         24191           0       24191
Total:        72306        3488       52170

              total        used        free      shared  buff/cache   available
Mem:          48114        3487       27979        2482       16647       41277
Swap:         24191           0       24191
Total:        72306        3487       52171

              total        used        free      shared  buff/cache   available
Mem:          48114        3486       27980        2482       16647       41277
Swap:         24191           0       24191
Total:        72306        3486       52172

              total        used        free      shared  buff/cache   available
Mem:          48114        3485       27981        2482       16647       41278
Swap:         24191           0       24191
Total:        72306        3485       52173

              total        used        free      shared  buff/cache   available
Mem:          48114        3484       27981        2482       16647       41279
Swap:         24191           0       24191
Total:        72306        3484       52173

              total        used        free      shared  buff/cache   available
Mem:          48114        3484       27981        2482       16648       41279
Swap:         24191           0       24191
Total:        72306        3484       52173

              total        used        free      shared  buff/cache   available
Mem:          48114        3484       27981        2482       16648       41279
Swap:         24191           0       24191
Total:        72306        3484       52173

              total        used        free      shared  buff/cache   available
Mem:          48114        3486       27979        2482       16648       41277
Swap:         24191           0       24191
Total:        72306        3486       52171

              total        used        free      shared  buff/cache   available
Mem:          48114        3485       27980        2482       16648       41278
Swap:         24191           0       24191
Total:        72306        3485       52171
