08:57:30 PM      eth0     30.00     30.00      6.57      7.36      0.00      0.00      0.00
08:57:31 PM      eth0     61.00     64.00     22.01     17.62      0.00      0.00      0.00
08:57:32 PM      eth0     41.00     35.00     10.38      9.14      0.00      0.00      0.00
08:57:33 PM      eth0     72.00     73.00     19.41     16.69      0.00      0.00      0.00
08:57:34 PM      eth0     40.00     35.00     11.14      8.97      0.00      0.00      0.00
08:57:35 PM      eth0     27.00     29.00      4.92      7.15      0.00      0.00      0.00
08:57:36 PM      eth0     18.00     17.00      5.20      4.40      0.00      0.00      0.00
08:57:37 PM      eth0     81.00     79.00     22.94     19.46      0.00      0.00      0.00
08:57:38 PM      eth0     39.00     35.00     10.26      9.14      0.00      0.00      0.00
08:57:39 PM      eth0     35.00     33.00      8.51      6.84      0.00      0.00      0.00
08:57:40 PM      eth0      5.00      0.00      0.29      0.00      0.00      0.00      0.00
08:57:41 PM      eth0      4.00      0.00      0.23      0.00      0.00      0.00      0.00
08:57:42 PM      eth0 404091.00  37634.00 597347.45   4269.34      0.00      0.00      0.00
08:57:43 PM      eth0 402659.00  37871.00 595247.49   4290.07      0.00      0.00      0.00
08:57:44 PM      eth0 393524.00  36966.00 581726.81   4187.55      0.00      0.00      0.00
08:57:45 PM      eth0 391755.00  36687.00 579089.79   4157.61      0.00      0.00      0.00
08:57:46 PM      eth0 392430.00  36374.00 580098.20   4120.49      0.00      0.00      0.00
08:57:47 PM      eth0 393960.00  36041.00 582360.41   4082.77      0.00      0.00      0.00
08:57:48 PM      eth0 391374.00  35500.00 578540.31   4021.48      0.00      0.00      0.00
08:57:49 PM      eth0 395355.00  35832.00 584424.51   4059.09      0.00      0.00      0.00
08:57:50 PM      eth0 396190.00  35949.00 585658.72   4072.35      0.00      0.00      0.00
08:57:51 PM      eth0 396155.00  35920.00 585607.73   4069.06      0.00      0.00      0.00
08:57:52 PM      eth0 389586.00  36465.00 575900.19   4130.80      0.00      0.00      0.00
08:57:53 PM      eth0 365178.00  36867.00 539824.47   4176.34      0.00      0.00      0.00
08:57:54 PM      eth0 362646.00  36468.00 536077.21   4131.14      0.00      0.00      0.00
08:57:55 PM      eth0 365459.00  36861.00 540224.78   4177.32      0.00      0.00      0.00
08:57:56 PM      eth0 365228.00  36818.00 539894.89   4173.85      0.00      0.00      0.00
08:57:57 PM      eth0 367447.00  37039.00 543177.14   4195.82      0.00      0.00      0.00
08:57:58 PM      eth0 365065.00  36910.00 539642.21   4181.19      0.00      0.00      0.00
08:57:59 PM      eth0 362475.00  36657.00 535815.00   4152.55      0.00      0.00      0.00
08:58:00 PM      eth0 361293.00  36508.00 534059.74   4137.01      0.00      0.00      0.00
08:58:01 PM      eth0 361538.00  36507.00 534431.29   4135.56      0.00      0.00      0.00
08:58:02 PM      eth0 330657.00  35949.00 488787.08   4106.07      0.00      0.00      0.00
08:58:03 PM      eth0 310157.00  31860.00 458486.87   3609.14      0.00      0.00      0.00
08:58:04 PM      eth0 309820.00  31974.00 457988.69   3622.03      0.00      0.00      0.00
08:58:05 PM      eth0 308071.00  31903.00 455387.80   3615.67      0.00      0.00      0.00
08:58:06 PM      eth0 309464.00  31772.00 457451.85   3599.15      0.00      0.00      0.00
08:58:07 PM      eth0 309474.00  31515.00 457461.36   3570.01      0.00      0.00      0.00
08:58:08 PM      eth0 307497.00  31642.00 454428.77   3617.35      0.00      0.00      0.00
08:58:09 PM      eth0 310568.00  31363.00 459077.27   3552.74      0.00      0.00      0.00
08:58:10 PM      eth0 307424.00  30909.00 454432.70   3501.41      0.00      0.00      0.00
08:58:11 PM      eth0 310688.00  31227.00 459251.46   3537.39      0.00      0.00      0.00
08:58:12 PM      eth0 264557.00  30518.00 391067.81   3485.54      0.00      0.00      0.00
08:58:13 PM      eth0 246778.00  28121.00 364791.28   3188.35      0.00      0.00      0.00
08:58:14 PM      eth0 253833.00  28803.00 375220.25   3262.82      0.00      0.00      0.00
08:58:15 PM      eth0 265764.00  29896.00 392852.51   3388.31      0.00      0.00      0.00
08:58:16 PM      eth0 274534.00  30666.00 405823.17   3473.86      0.00      0.00      0.00
08:58:17 PM      eth0 276483.00  30797.00 408690.59   3490.24      0.00      0.00      0.00
08:58:18 PM      eth0 273953.00  30430.00 404955.98   3447.15      0.00      0.00      0.00
08:58:19 PM      eth0 275530.00  30742.00 407290.94   3482.49      0.00      0.00      0.00
08:58:20 PM      eth0 274711.00  30549.00 406079.06   3460.63      0.00      0.00      0.00
08:58:21 PM      eth0 275092.00  30549.00 406642.66   3460.61      0.00      0.00      0.00
08:58:22 PM      eth0 288727.00  31240.00 426796.55   3552.75      0.00      0.00      0.00
08:58:23 PM      eth0 293207.00  29663.00 433415.25   3360.24      0.00      0.00      0.00
08:58:24 PM      eth0 292232.00  29540.00 431976.78   3346.33      0.00      0.00      0.00
08:58:25 PM      eth0 294343.00  29667.00 435082.58   3362.37      0.00      0.00      0.00
08:58:26 PM      eth0 292921.00  29580.00 432993.50   3350.84      0.00      0.00      0.00
08:58:27 PM      eth0 293640.00  29559.00 434057.57   3348.46      0.00      0.00      0.00
08:58:28 PM      eth0 293023.00  29598.00 433146.54   3352.90      0.00      0.00      0.00
08:58:29 PM      eth0 292462.00  29492.00 432314.18   3340.87      0.00      0.00      0.00
08:58:30 PM      eth0 292108.00  29576.00 431784.20   3351.72      0.00      0.00      0.00
08:58:31 PM      eth0 293097.00  29697.00 433255.11   3364.11      0.00      0.00      0.00
08:58:32 PM      eth0 314092.00  31877.00 464291.11   3611.07      0.00      0.00      0.00
08:58:33 PM      eth0 325147.00  32810.00 480599.85   3723.53      0.00      0.00      0.00
08:58:34 PM      eth0 324897.00  32780.00 480258.73   3713.36      0.00      0.00      0.00
08:58:35 PM      eth0 323973.00  32675.00 478884.30   3703.10      0.00      0.00      0.00
08:58:36 PM      eth0 323173.00  32667.00 477709.73   3700.54      0.00      0.00      0.00
08:58:37 PM      eth0 324641.00  32806.00 479883.66   3716.30      0.00      0.00      0.00
08:58:38 PM      eth0 322931.00  32608.00 477355.58   3693.88      0.00      0.00      0.00
08:58:39 PM      eth0 325143.00  32729.00 480626.34   3707.58      0.00      0.00      0.00
08:58:40 PM      eth0 323741.00  32598.00 478553.70   3692.74      0.00      0.00      0.00
08:58:41 PM      eth0 324672.00  32802.00 479924.37   3715.85      0.00      0.00      0.00
08:58:42 PM      eth0 323395.00  32613.00 478036.57   3694.39      0.00      0.00      0.00
08:58:43 PM      eth0 324765.00  32705.00 480065.19   3704.86      0.00      0.00      0.00
08:58:44 PM      eth0 323315.00  32591.00 477921.91   3691.93      0.00      0.00      0.00
08:58:45 PM      eth0 324629.00  32704.00 479852.58   3706.38      0.00      0.00      0.00
08:58:46 PM      eth0 323425.00  32727.00 478085.00   3707.33      0.00      0.00      0.00
08:58:47 PM      eth0 325134.00  32799.00 480611.99   3715.49      0.00      0.00      0.00
08:58:48 PM      eth0 322944.00  32480.00 477370.36   3679.38      0.00      0.00      0.00
08:58:49 PM      eth0 329409.00  32821.00 486928.90   3717.98      0.00      0.00      0.00
08:58:50 PM      eth0 324148.00  32680.00 479151.65   3702.01      0.00      0.00      0.00
08:58:51 PM      eth0 325292.00  32731.00 480845.81   3707.81      0.00      0.00      0.00
08:58:52 PM      eth0 340057.00  31634.00 502665.53   3583.54      0.00      0.00      0.00
08:58:53 PM      eth0 347546.00  31452.00 513729.21   3562.92      0.00      0.00      0.00
08:58:54 PM      eth0 346802.00  31307.00 512629.92   3546.47      0.00      0.00      0.00
08:58:55 PM      eth0 347402.00  31535.00 513507.27   3573.98      0.00      0.00      0.00
08:58:56 PM      eth0 346408.00  31514.00 512052.19   3569.95      0.00      0.00      0.00
08:58:57 PM      eth0 347673.00  31766.00 513920.02   3598.49      0.00      0.00      0.00
08:58:58 PM      eth0 347239.00  31690.00 513277.12   3589.86      0.00      0.00      0.00
08:58:59 PM      eth0 347946.00  31647.00 514321.54   3584.96      0.00      0.00      0.00
08:59:00 PM      eth0 347373.00  31520.00 513474.27   3571.97      0.00      0.00      0.00
08:59:01 PM      eth0 348753.00  31666.00 515517.02   3587.16      0.00      0.00      0.00
08:59:02 PM      eth0 327233.00  32087.00 483712.67   3634.83      0.00      0.00      0.00
08:59:03 PM      eth0 324366.00  32777.00 479476.54   3712.97      0.00      0.00      0.00
08:59:04 PM      eth0 324061.00  32683.00 479019.82   3702.37      0.00      0.00      0.00
08:59:05 PM      eth0 323670.00  32856.00 478434.06   3723.60      0.00      0.00      0.00
08:59:06 PM      eth0 323634.00  32682.00 478392.05   3702.26      0.00      0.00      0.00
08:59:07 PM      eth0 325047.00  32891.00 480482.98   3725.93      0.00      0.00      0.00
08:59:08 PM      eth0 322910.00  32689.00 477326.82   3703.05      0.00      0.00      0.00
08:59:09 PM      eth0 325017.00  33035.00 480437.15   3742.25      0.00      0.00      0.00
08:59:10 PM      eth0 323830.00  32979.00 478578.64   3767.08      0.00      0.00      0.00
08:59:11 PM      eth0 324474.00  32877.00 479622.89   3725.87      0.00      0.00      0.00
08:59:12 PM      eth0 351196.00  36785.00 519141.79   4219.57      0.00      0.00      0.00
08:59:13 PM      eth0 393602.00  39825.00 581825.47   4511.43      0.00      0.00      0.00
08:59:14 PM      eth0 391886.00  39560.00 579283.42   4481.41      0.00      0.00      0.00
08:59:15 PM      eth0 393364.00  39558.00 581454.40   4482.79      0.00      0.00      0.00
08:59:16 PM      eth0 392641.00  39578.00 580397.61   4483.42      0.00      0.00      0.00
08:59:17 PM      eth0 393147.00  39715.00 581147.28   4498.96      0.00      0.00      0.00
08:59:18 PM      eth0 393073.00  39636.00 581026.24   4491.51      0.00      0.00      0.00
08:59:19 PM      eth0 393347.00  39626.00 581439.27   4488.86      0.00      0.00      0.00
08:59:20 PM      eth0 391182.00  39267.00 578236.91   4448.17      0.00      0.00      0.00
08:59:21 PM      eth0 394090.00  39808.00 582540.85   4509.50      0.00      0.00      0.00
08:59:22 PM      eth0 373483.00  40472.00 552079.07   4622.94      0.00      0.00      0.00
08:59:23 PM      eth0 369843.00  38002.00 546697.15   4304.89      0.00      0.00      0.00
08:59:24 PM      eth0 367724.00  37727.00 543562.97   4273.64      0.00      0.00      0.00
08:59:25 PM      eth0 368130.00  37646.00 544154.66   4266.22      0.00      0.00      0.00
08:59:26 PM      eth0 367594.00  37630.00 543375.49   4262.77      0.00      0.00      0.00
08:59:27 PM      eth0 369436.00  37738.00 546091.62   4275.01      0.00      0.00      0.00
08:59:28 PM      eth0 366242.00  37318.00 541373.94   4227.43      0.00      0.00      0.00
08:59:29 PM      eth0 370294.00  37785.00 547366.75   4280.33      0.00      0.00      0.00
08:59:30 PM      eth0 364760.00  37174.00 539174.38   4212.41      0.00      0.00      0.00
08:59:31 PM      eth0 368694.00  37728.00 545004.50   4273.88      0.00      0.00      0.00
08:59:32 PM      eth0 361468.00  39609.00 534321.22   4486.96      0.00      0.00      0.00
08:59:33 PM      eth0 366201.00  40942.00 541314.97   4637.96      0.00      0.00      0.00
08:59:34 PM      eth0 365755.00  41019.00 540633.24   4652.10      0.00      0.00      0.00
08:59:35 PM      eth0 367229.00  40998.00 542823.95   4645.94      0.00      0.00      0.00
08:59:36 PM      eth0 364133.00  40704.00 538260.07   4611.00      0.00      0.00      0.00
08:59:37 PM      eth0 366788.00  41109.00 542188.66   4656.88      0.00      0.00      0.00
08:59:38 PM      eth0 364475.00  40681.00 538768.10   4608.39      0.00      0.00      0.00
08:59:39 PM      eth0 367062.00  41050.00 542590.73   4650.20      0.00      0.00      0.00
08:59:40 PM      eth0 366380.00  40819.00 541582.87   4624.03      0.00      0.00      0.00
08:59:41 PM      eth0 366127.00  40770.00 541207.63   4618.45      0.00      0.00      0.00
08:59:42 PM      eth0  29826.00   2782.00  44052.92    316.52      0.00      0.00      0.00
