              total        used        free      shared  buff/cache   available
Mem:          48114        7639       32127        2363        8347       36793
Swap:         24191           0       24191
Total:        72306        7639       56319

              total        used        free      shared  buff/cache   available
Mem:          48114        7638       32127        2363        8347       36794
Swap:         24191           0       24191
Total:        72306        7638       56319

              total        used        free      shared  buff/cache   available
Mem:          48114        7636       32129        2363        8348       36796
Swap:         24191           0       24191
Total:        72306        7636       56321

              total        used        free      shared  buff/cache   available
Mem:          48114        7634       32131        2363        8348       36798
Swap:         24191           0       24191
Total:        72306        7634       56323

              total        used        free      shared  buff/cache   available
Mem:          48114        7651       32114        2363        8348       36781
Swap:         24191           0       24191
Total:        72306        7651       56306

              total        used        free      shared  buff/cache   available
Mem:          48114        7654       32111        2363        8348       36778
Swap:         24191           0       24191
Total:        72306        7654       56303

              total        used        free      shared  buff/cache   available
Mem:          48114        7647       32117        2363        8348       36785
Swap:         24191           0       24191
Total:        72306        7647       56309

              total        used        free      shared  buff/cache   available
Mem:          48114        7652       32112        2363        8348       36779
Swap:         24191           0       24191
Total:        72306        7652       56304

              total        used        free      shared  buff/cache   available
Mem:          48114        7656       32108        2363        8349       36776
Swap:         24191           0       24191
Total:        72306        7656       56300

              total        used        free      shared  buff/cache   available
Mem:          48114        7655       32109        2363        8349       36777
Swap:         24191           0       24191
Total:        72306        7655       56301

              total        used        free      shared  buff/cache   available
Mem:          48114        7655       32109        2363        8349       36777
Swap:         24191           0       24191
Total:        72306        7655       56301

              total        used        free      shared  buff/cache   available
Mem:          48114        7663       32101        2363        8349       36769
Swap:         24191           0       24191
Total:        72306        7663       56293

              total        used        free      shared  buff/cache   available
Mem:          48114        7666       32097        2363        8349       36766
Swap:         24191           0       24191
Total:        72306        7666       56289

              total        used        free      shared  buff/cache   available
Mem:          48114        7664       32100        2363        8349       36768
Swap:         24191           0       24191
Total:        72306        7664       56292

              total        used        free      shared  buff/cache   available
Mem:          48114        7659       32104        2363        8349       36773
Swap:         24191           0       24191
Total:        72306        7659       56296

              total        used        free      shared  buff/cache   available
Mem:          48114        7658       32106        2363        8349       36774
Swap:         24191           0       24191
Total:        72306        7658       56298

              total        used        free      shared  buff/cache   available
Mem:          48114        7674       32088        2363        8350       36757
Swap:         24191           0       24191
Total:        72306        7674       56280

              total        used        free      shared  buff/cache   available
Mem:          48114        7678       32085        2363        8350       36754
Swap:         24191           0       24191
Total:        72306        7678       56277

              total        used        free      shared  buff/cache   available
Mem:          48114        7684       32078        2363        8350       36748
Swap:         24191           0       24191
Total:        72306        7684       56270

              total        used        free      shared  buff/cache   available
Mem:          48114        7696       32066        2363        8351       36735
Swap:         24191           0       24191
Total:        72306        7696       56258

              total        used        free      shared  buff/cache   available
Mem:          48114        7689       32073        2363        8352       36742
Swap:         24191           0       24191
Total:        72306        7689       56265

              total        used        free      shared  buff/cache   available
Mem:          48114        7690       32072        2363        8351       36741
Swap:         24191           0       24191
Total:        72306        7690       56264

              total        used        free      shared  buff/cache   available
Mem:          48114        7686       32076        2363        8351       36746
Swap:         24191           0       24191
Total:        72306        7686       56268

              total        used        free      shared  buff/cache   available
Mem:          48114        7688       32073        2363        8351       36743
Swap:         24191           0       24191
Total:        72306        7688       56265

              total        used        free      shared  buff/cache   available
Mem:          48114        7687       32075        2363        8351       36745
Swap:         24191           0       24191
Total:        72306        7687       56267

              total        used        free      shared  buff/cache   available
Mem:          48114        7683       32078        2363        8351       36748
Swap:         24191           0       24191
Total:        72306        7683       56270

              total        used        free      shared  buff/cache   available
Mem:          48114        7676       32085        2363        8351       36755
Swap:         24191           0       24191
Total:        72306        7676       56277

              total        used        free      shared  buff/cache   available
Mem:          48114        7684       32076        2363        8352       36747
Swap:         24191           0       24191
Total:        72306        7684       56268

              total        used        free      shared  buff/cache   available
Mem:          48114        7679       32082        2363        8352       36752
Swap:         24191           0       24191
Total:        72306        7679       56274

              total        used        free      shared  buff/cache   available
Mem:          48114        7678       32083        2363        8352       36754
Swap:         24191           0       24191
Total:        72306        7678       56275

              total        used        free      shared  buff/cache   available
Mem:          48114        7675       32086        2363        8352       36757
Swap:         24191           0       24191
Total:        72306        7675       56278

              total        used        free      shared  buff/cache   available
Mem:          48114        7672       32088        2363        8352       36760
Swap:         24191           0       24191
Total:        72306        7672       56280

              total        used        free      shared  buff/cache   available
Mem:          48114        7680       32080        2363        8352       36752
Swap:         24191           0       24191
Total:        72306        7680       56272

              total        used        free      shared  buff/cache   available
Mem:          48114        7679       32080        2363        8353       36752
Swap:         24191           0       24191
Total:        72306        7679       56272

              total        used        free      shared  buff/cache   available
Mem:          48114        7678       32082        2363        8353       36754
Swap:         24191           0       24191
Total:        72306        7678       56274

              total        used        free      shared  buff/cache   available
Mem:          48114        7679       32081        2363        8353       36753
Swap:         24191           0       24191
Total:        72306        7679       56273

              total        used        free      shared  buff/cache   available
Mem:          48114        7675       32085        2363        8353       36757
Swap:         24191           0       24191
Total:        72306        7675       56277

              total        used        free      shared  buff/cache   available
Mem:          48114        7669       32090        2363        8353       36762
Swap:         24191           0       24191
Total:        72306        7669       56282

              total        used        free      shared  buff/cache   available
Mem:          48114        7671       32088        2363        8353       36760
Swap:         24191           0       24191
Total:        72306        7671       56280

              total        used        free      shared  buff/cache   available
Mem:          48114        7668       32092        2363        8354       36764
Swap:         24191           0       24191
Total:        72306        7668       56284

              total        used        free      shared  buff/cache   available
Mem:          48114        7665       32094        2363        8354       36766
Swap:         24191           0       24191
Total:        72306        7665       56286

              total        used        free      shared  buff/cache   available
Mem:          48114        7668       32091        2363        8354       36764
Swap:         24191           0       24191
Total:        72306        7668       56283

              total        used        free      shared  buff/cache   available
Mem:          48114        7664       32095        2363        8354       36767
Swap:         24191           0       24191
Total:        72306        7664       56287

              total        used        free      shared  buff/cache   available
Mem:          48114        7665       32094        2363        8354       36766
Swap:         24191           0       24191
Total:        72306        7665       56286

              total        used        free      shared  buff/cache   available
Mem:          48114        7670       32089        2363        8354       36762
Swap:         24191           0       24191
Total:        72306        7670       56281

              total        used        free      shared  buff/cache   available
Mem:          48114        7669       32089        2363        8354       36763
Swap:         24191           0       24191
Total:        72306        7669       56281

              total        used        free      shared  buff/cache   available
Mem:          48114        7672       32086        2363        8354       36759
Swap:         24191           0       24191
Total:        72306        7672       56278

              total        used        free      shared  buff/cache   available
Mem:          48114        7672       32086        2363        8355       36759
Swap:         24191           0       24191
Total:        72306        7672       56278

              total        used        free      shared  buff/cache   available
Mem:          48114        7671       32087        2363        8355       36761
Swap:         24191           0       24191
Total:        72306        7671       56279

              total        used        free      shared  buff/cache   available
Mem:          48114        7673       32085        2363        8355       36759
Swap:         24191           0       24191
Total:        72306        7673       56277

              total        used        free      shared  buff/cache   available
Mem:          48114        7669       32088        2363        8355       36762
Swap:         24191           0       24191
Total:        72306        7669       56280

              total        used        free      shared  buff/cache   available
Mem:          48114        7670       32088        2363        8355       36761
Swap:         24191           0       24191
Total:        72306        7670       56280

              total        used        free      shared  buff/cache   available
Mem:          48114        7671       32087        2363        8355       36761
Swap:         24191           0       24191
Total:        72306        7671       56279

              total        used        free      shared  buff/cache   available
Mem:          48114        7671       32087        2363        8355       36761
Swap:         24191           0       24191
Total:        72306        7671       56279

              total        used        free      shared  buff/cache   available
Mem:          48114        7671       32086        2363        8356       36760
Swap:         24191           0       24191
Total:        72306        7671       56278

              total        used        free      shared  buff/cache   available
Mem:          48114        7672       32086        2363        8356       36760
Swap:         24191           0       24191
Total:        72306        7672       56278

              total        used        free      shared  buff/cache   available
Mem:          48114        7710       32047        2363        8356       36722
Swap:         24191           0       24191
Total:        72306        7710       56239

              total        used        free      shared  buff/cache   available
Mem:          48114        7671       32086        2363        8356       36760
Swap:         24191           0       24191
Total:        72306        7671       56278

              total        used        free      shared  buff/cache   available
Mem:          48114        7669       32087        2363        8356       36762
Swap:         24191           0       24191
Total:        72306        7669       56279

              total        used        free      shared  buff/cache   available
Mem:          48114        7669       32088        2363        8356       36763
Swap:         24191           0       24191
Total:        72306        7669       56280

              total        used        free      shared  buff/cache   available
Mem:          48114        7668       32089        2363        8357       36764
Swap:         24191           0       24191
Total:        72306        7668       56281

              total        used        free      shared  buff/cache   available
Mem:          48114        7666       32090        2363        8357       36765
Swap:         24191           0       24191
Total:        72306        7666       56282

              total        used        free      shared  buff/cache   available
Mem:          48114        7665       32090        2363        8357       36766
Swap:         24191           0       24191
Total:        72306        7665       56282

              total        used        free      shared  buff/cache   available
Mem:          48114        7668       32088        2363        8357       36764
Swap:         24191           0       24191
Total:        72306        7668       56280

              total        used        free      shared  buff/cache   available
Mem:          48114        7669       32086        2363        8357       36762
Swap:         24191           0       24191
Total:        72306        7669       56278

              total        used        free      shared  buff/cache   available
Mem:          48114        7669       32086        2363        8357       36762
Swap:         24191           0       24191
Total:        72306        7669       56278

              total        used        free      shared  buff/cache   available
Mem:          48114        7669       32086        2363        8357       36762
Swap:         24191           0       24191
Total:        72306        7669       56278

              total        used        free      shared  buff/cache   available
Mem:          48114        7668       32087        2363        8358       36763
Swap:         24191           0       24191
Total:        72306        7668       56279

              total        used        free      shared  buff/cache   available
Mem:          48114        7670       32085        2363        8358       36762
Swap:         24191           0       24191
Total:        72306        7670       56277

              total        used        free      shared  buff/cache   available
Mem:          48114        7670       32085        2363        8358       36761
Swap:         24191           0       24191
Total:        72306        7670       56277

              total        used        free      shared  buff/cache   available
Mem:          48114        7668       32087        2363        8358       36763
Swap:         24191           0       24191
Total:        72306        7668       56279

              total        used        free      shared  buff/cache   available
Mem:          48114        7667       32088        2363        8358       36764
Swap:         24191           0       24191
Total:        72306        7667       56280

              total        used        free      shared  buff/cache   available
Mem:          48114        7668       32087        2363        8358       36764
Swap:         24191           0       24191
Total:        72306        7668       56279

              total        used        free      shared  buff/cache   available
Mem:          48114        7666       32088        2363        8358       36765
Swap:         24191           0       24191
Total:        72306        7666       56280

              total        used        free      shared  buff/cache   available
Mem:          48114        7667       32087        2363        8359       36764
Swap:         24191           0       24191
Total:        72306        7667       56279

              total        used        free      shared  buff/cache   available
Mem:          48114        7665       32089        2363        8359       36766
Swap:         24191           0       24191
Total:        72306        7665       56281

              total        used        free      shared  buff/cache   available
Mem:          48114        7667       32087        2363        8359       36764
Swap:         24191           0       24191
Total:        72306        7667       56279

              total        used        free      shared  buff/cache   available
Mem:          48114        7666       32088        2363        8359       36765
Swap:         24191           0       24191
Total:        72306        7666       56280

              total        used        free      shared  buff/cache   available
Mem:          48114        7664       32090        2363        8359       36768
Swap:         24191           0       24191
Total:        72306        7664       56282

              total        used        free      shared  buff/cache   available
Mem:          48114        7668       32085        2363        8359       36763
Swap:         24191           0       24191
Total:        72306        7668       56277

              total        used        free      shared  buff/cache   available
Mem:          48114        7665       32088        2363        8359       36766
Swap:         24191           0       24191
Total:        72306        7665       56280

              total        used        free      shared  buff/cache   available
Mem:          48114        7666       32088        2363        8360       36766
Swap:         24191           0       24191
Total:        72306        7666       56280

              total        used        free      shared  buff/cache   available
Mem:          48114        7667       32086        2363        8360       36765
Swap:         24191           0       24191
Total:        72306        7667       56278

              total        used        free      shared  buff/cache   available
Mem:          48114        7670       32083        2363        8360       36761
Swap:         24191           0       24191
Total:        72306        7670       56275

              total        used        free      shared  buff/cache   available
Mem:          48114        7668       32086        2363        8360       36764
Swap:         24191           0       24191
Total:        72306        7668       56278

              total        used        free      shared  buff/cache   available
Mem:          48114        7671       32082        2363        8360       36761
Swap:         24191           0       24191
Total:        72306        7671       56274

              total        used        free      shared  buff/cache   available
Mem:          48114        7668       32085        2363        8360       36763
Swap:         24191           0       24191
Total:        72306        7668       56277

              total        used        free      shared  buff/cache   available
Mem:          48114        7668       32085        2363        8360       36764
Swap:         24191           0       24191
Total:        72306        7668       56277

              total        used        free      shared  buff/cache   available
Mem:          48114        7668       32085        2363        8360       36764
Swap:         24191           0       24191
Total:        72306        7668       56277

              total        used        free      shared  buff/cache   available
Mem:          48114        7668       32084        2363        8360       36763
Swap:         24191           0       24191
Total:        72306        7668       56276

              total        used        free      shared  buff/cache   available
Mem:          48114        7670       32082        2363        8361       36762
Swap:         24191           0       24191
Total:        72306        7670       56274

              total        used        free      shared  buff/cache   available
Mem:          48114        7666       32086        2363        8361       36765
Swap:         24191           0       24191
Total:        72306        7666       56278

              total        used        free      shared  buff/cache   available
Mem:          48114        7668       32084        2363        8361       36764
Swap:         24191           0       24191
Total:        72306        7668       56276

              total        used        free      shared  buff/cache   available
Mem:          48114        7670       32082        2363        8361       36762
Swap:         24191           0       24191
Total:        72306        7670       56274

              total        used        free      shared  buff/cache   available
Mem:          48114        7668       32084        2363        8361       36764
Swap:         24191           0       24191
Total:        72306        7668       56276

              total        used        free      shared  buff/cache   available
Mem:          48114        7670       32082        2363        8361       36762
Swap:         24191           0       24191
Total:        72306        7670       56274

              total        used        free      shared  buff/cache   available
Mem:          48114        7669       32083        2363        8361       36762
Swap:         24191           0       24191
Total:        72306        7669       56275

              total        used        free      shared  buff/cache   available
Mem:          48114        7670       32081        2363        8362       36761
Swap:         24191           0       24191
Total:        72306        7670       56273

              total        used        free      shared  buff/cache   available
Mem:          48114        7667       32084        2363        8362       36764
Swap:         24191           0       24191
Total:        72306        7667       56276

              total        used        free      shared  buff/cache   available
Mem:          48114        7670       32081        2363        8362       36762
Swap:         24191           0       24191
Total:        72306        7670       56273

              total        used        free      shared  buff/cache   available
Mem:          48114        7669       32082        2363        8362       36763
Swap:         24191           0       24191
Total:        72306        7669       56274

              total        used        free      shared  buff/cache   available
Mem:          48114        7671       32080        2363        8362       36761
Swap:         24191           0       24191
Total:        72306        7671       56272

              total        used        free      shared  buff/cache   available
Mem:          48114        7670       32080        2363        8362       36761
Swap:         24191           0       24191
Total:        72306        7670       56272

              total        used        free      shared  buff/cache   available
Mem:          48114        7669       32082        2363        8362       36763
Swap:         24191           0       24191
Total:        72306        7669       56274

              total        used        free      shared  buff/cache   available
Mem:          48114        7667       32084        2363        8362       36765
Swap:         24191           0       24191
Total:        72306        7667       56276

              total        used        free      shared  buff/cache   available
Mem:          48114        7670       32080        2363        8363       36761
Swap:         24191           0       24191
Total:        72306        7670       56272

              total        used        free      shared  buff/cache   available
Mem:          48114        7669       32081        2363        8363       36763
Swap:         24191           0       24191
Total:        72306        7669       56273

              total        used        free      shared  buff/cache   available
Mem:          48114        7668       32082        2363        8363       36763
Swap:         24191           0       24191
Total:        72306        7668       56274

              total        used        free      shared  buff/cache   available
Mem:          48114        7667       32083        2363        8363       36765
Swap:         24191           0       24191
Total:        72306        7667       56275

              total        used        free      shared  buff/cache   available
Mem:          48114        7669       32080        2363        8363       36762
Swap:         24191           0       24191
Total:        72306        7669       56272

              total        used        free      shared  buff/cache   available
Mem:          48114        7667       32083        2363        8363       36764
Swap:         24191           0       24191
Total:        72306        7667       56275

              total        used        free      shared  buff/cache   available
Mem:          48114        7667       32082        2363        8364       36764
Swap:         24191           0       24191
Total:        72306        7667       56274

              total        used        free      shared  buff/cache   available
Mem:          48114        7667       32082        2363        8363       36764
Swap:         24191           0       24191
Total:        72306        7667       56274

              total        used        free      shared  buff/cache   available
Mem:          48114        7665       32084        2363        8364       36766
Swap:         24191           0       24191
Total:        72306        7665       56276

              total        used        free      shared  buff/cache   available
Mem:          48114        7667       32082        2363        8364       36765
Swap:         24191           0       24191
Total:        72306        7667       56274

              total        used        free      shared  buff/cache   available
Mem:          48114        7668       32081        2363        8364       36763
Swap:         24191           0       24191
Total:        72306        7668       56273

              total        used        free      shared  buff/cache   available
Mem:          48114        7696       32053        2363        8364       36736
Swap:         24191           0       24191
Total:        72306        7696       56245

              total        used        free      shared  buff/cache   available
Mem:          48114        7682       32066        2363        8364       36749
Swap:         24191           0       24191
Total:        72306        7682       56258

              total        used        free      shared  buff/cache   available
Mem:          48114        7671       32078        2363        8364       36761
Swap:         24191           0       24191
Total:        72306        7671       56270

              total        used        free      shared  buff/cache   available
Mem:          48114        7669       32079        2363        8364       36763
Swap:         24191           0       24191
Total:        72306        7669       56271

              total        used        free      shared  buff/cache   available
Mem:          48114        7666       32082        2363        8364       36766
Swap:         24191           0       24191
Total:        72306        7666       56274

              total        used        free      shared  buff/cache   available
Mem:          48114        7670       32079        2363        8364       36762
Swap:         24191           0       24191
Total:        72306        7670       56271

              total        used        free      shared  buff/cache   available
Mem:          48114        7669       32079        2363        8365       36762
Swap:         24191           0       24191
Total:        72306        7669       56271

              total        used        free      shared  buff/cache   available
Mem:          48114        7672       32076        2363        8365       36759
Swap:         24191           0       24191
Total:        72306        7672       56268

              total        used        free      shared  buff/cache   available
Mem:          48114        7669       32079        2363        8365       36762
Swap:         24191           0       24191
Total:        72306        7669       56271

              total        used        free      shared  buff/cache   available
Mem:          48114        7670       32078        2363        8365       36762
Swap:         24191           0       24191
Total:        72306        7670       56270

              total        used        free      shared  buff/cache   available
Mem:          48114        7668       32079        2363        8365       36764
Swap:         24191           0       24191
Total:        72306        7668       56271

              total        used        free      shared  buff/cache   available
Mem:          48114        7671       32076        2363        8365       36761
Swap:         24191           0       24191
Total:        72306        7671       56268

              total        used        free      shared  buff/cache   available
Mem:          48114        7669       32079        2363        8365       36763
Swap:         24191           0       24191
Total:        72306        7669       56271

              total        used        free      shared  buff/cache   available
Mem:          48114        7668       32079        2363        8366       36764
Swap:         24191           0       24191
Total:        72306        7668       56271

              total        used        free      shared  buff/cache   available
Mem:          48114        7668       32079        2363        8366       36764
Swap:         24191           0       24191
Total:        72306        7668       56271

              total        used        free      shared  buff/cache   available
Mem:          48114        7671       32076        2363        8366       36760
Swap:         24191           0       24191
Total:        72306        7671       56267

              total        used        free      shared  buff/cache   available
Mem:          48114        7668       32079        2363        8366       36763
Swap:         24191           0       24191
Total:        72306        7668       56271

              total        used        free      shared  buff/cache   available
Mem:          48114        7670       32077        2363        8366       36762
Swap:         24191           0       24191
Total:        72306        7670       56269

              total        used        free      shared  buff/cache   available
Mem:          48114        7670       32076        2363        8366       36762
Swap:         24191           0       24191
Total:        72306        7670       56268

              total        used        free      shared  buff/cache   available
Mem:          48114        7668       32078        2363        8367       36763
Swap:         24191           0       24191
Total:        72306        7668       56270

              total        used        free      shared  buff/cache   available
Mem:          48114        7668       32078        2363        8367       36764
Swap:         24191           0       24191
Total:        72306        7668       56270

              total        used        free      shared  buff/cache   available
Mem:          48114        7667       32079        2363        8367       36765
Swap:         24191           0       24191
Total:        72306        7667       56271

              total        used        free      shared  buff/cache   available
Mem:          48114        7668       32078        2363        8367       36763
Swap:         24191           0       24191
Total:        72306        7668       56270

              total        used        free      shared  buff/cache   available
Mem:          48114        7669       32077        2363        8367       36763
Swap:         24191           0       24191
Total:        72306        7669       56269

              total        used        free      shared  buff/cache   available
Mem:          48114        7668       32078        2363        8367       36764
Swap:         24191           0       24191
Total:        72306        7668       56270

              total        used        free      shared  buff/cache   available
Mem:          48114        7669       32076        2363        8367       36762
Swap:         24191           0       24191
Total:        72306        7669       56268

              total        used        free      shared  buff/cache   available
Mem:          48114        7668       32077        2363        8367       36764
Swap:         24191           0       24191
Total:        72306        7668       56269

              total        used        free      shared  buff/cache   available
Mem:          48114        7669       32076        2363        8367       36762
Swap:         24191           0       24191
Total:        72306        7669       56268

              total        used        free      shared  buff/cache   available
Mem:          48114        7667       32078        2363        8368       36765
Swap:         24191           0       24191
Total:        72306        7667       56270

              total        used        free      shared  buff/cache   available
Mem:          48114        7669       32076        2363        8368       36763
Swap:         24191           0       24191
Total:        72306        7669       56268

              total        used        free      shared  buff/cache   available
Mem:          48114        7666       32079        2363        8368       36765
Swap:         24191           0       24191
Total:        72306        7666       56271

              total        used        free      shared  buff/cache   available
Mem:          48114        7669       32076        2363        8368       36763
Swap:         24191           0       24191
Total:        72306        7669       56268

              total        used        free      shared  buff/cache   available
Mem:          48114        7667       32077        2363        8368       36764
Swap:         24191           0       24191
Total:        72306        7667       56269

              total        used        free      shared  buff/cache   available
Mem:          48114        7666       32079        2363        8368       36766
Swap:         24191           0       24191
Total:        72306        7666       56271

              total        used        free      shared  buff/cache   available
Mem:          48114        7666       32078        2363        8369       36766
Swap:         24191           0       24191
Total:        72306        7666       56270

              total        used        free      shared  buff/cache   available
Mem:          48114        7666       32078        2363        8369       36765
Swap:         24191           0       24191
Total:        72306        7666       56270

              total        used        free      shared  buff/cache   available
Mem:          48114        7666       32078        2363        8369       36765
Swap:         24191           0       24191
Total:        72306        7666       56270

              total        used        free      shared  buff/cache   available
Mem:          48114        7667       32077        2363        8369       36765
Swap:         24191           0       24191
Total:        72306        7667       56269

              total        used        free      shared  buff/cache   available
Mem:          48114        7666       32077        2363        8369       36765
Swap:         24191           0       24191
Total:        72306        7666       56269

              total        used        free      shared  buff/cache   available
Mem:          48114        7673       32070        2363        8369       36758
Swap:         24191           0       24191
Total:        72306        7673       56262

              total        used        free      shared  buff/cache   available
Mem:          48114        7665       32078        2363        8369       36766
Swap:         24191           0       24191
Total:        72306        7665       56270

              total        used        free      shared  buff/cache   available
Mem:          48114        7668       32076        2363        8369       36764
Swap:         24191           0       24191
Total:        72306        7668       56268

              total        used        free      shared  buff/cache   available
Mem:          48114        7665       32078        2363        8370       36767
Swap:         24191           0       24191
Total:        72306        7665       56270

              total        used        free      shared  buff/cache   available
Mem:          48114        7667       32076        2363        8370       36765
Swap:         24191           0       24191
Total:        72306        7667       56268

              total        used        free      shared  buff/cache   available
Mem:          48114        7666       32076        2363        8370       36765
Swap:         24191           0       24191
Total:        72306        7666       56268

              total        used        free      shared  buff/cache   available
Mem:          48114        7664       32079        2363        8370       36767
Swap:         24191           0       24191
Total:        72306        7664       56271

              total        used        free      shared  buff/cache   available
Mem:          48114        7667       32076        2363        8370       36765
Swap:         24191           0       24191
Total:        72306        7667       56268

              total        used        free      shared  buff/cache   available
Mem:          48114        7666       32077        2363        8370       36766
Swap:         24191           0       24191
Total:        72306        7666       56269

              total        used        free      shared  buff/cache   available
Mem:          48114        7664       32078        2363        8371       36767
Swap:         24191           0       24191
Total:        72306        7664       56270

              total        used        free      shared  buff/cache   available
Mem:          48114        7667       32075        2363        8371       36764
Swap:         24191           0       24191
Total:        72306        7667       56267

              total        used        free      shared  buff/cache   available
Mem:          48114        7669       32073        2363        8371       36762
Swap:         24191           0       24191
Total:        72306        7669       56265

              total        used        free      shared  buff/cache   available
Mem:          48114        7665       32077        2363        8371       36767
Swap:         24191           0       24191
Total:        72306        7665       56269

              total        used        free      shared  buff/cache   available
Mem:          48114        7667       32075        2363        8371       36765
Swap:         24191           0       24191
Total:        72306        7667       56267

              total        used        free      shared  buff/cache   available
Mem:          48114        7667       32075        2363        8371       36764
Swap:         24191           0       24191
Total:        72306        7667       56267

              total        used        free      shared  buff/cache   available
Mem:          48114        7670       32072        2363        8371       36762
Swap:         24191           0       24191
Total:        72306        7670       56264

              total        used        free      shared  buff/cache   available
Mem:          48114        7668       32073        2363        8372       36763
Swap:         24191           0       24191
Total:        72306        7668       56265

              total        used        free      shared  buff/cache   available
Mem:          48114        7667       32074        2363        8372       36764
Swap:         24191           0       24191
Total:        72306        7667       56266

              total        used        free      shared  buff/cache   available
Mem:          48114        7665       32075        2363        8372       36766
Swap:         24191           0       24191
Total:        72306        7665       56267

              total        used        free      shared  buff/cache   available
Mem:          48114        7665       32075        2363        8372       36766
Swap:         24191           0       24191
Total:        72306        7665       56267

              total        used        free      shared  buff/cache   available
Mem:          48114        7668       32072        2363        8372       36763
Swap:         24191           0       24191
Total:        72306        7668       56264

              total        used        free      shared  buff/cache   available
Mem:          48114        7674       32066        2363        8372       36757
Swap:         24191           0       24191
Total:        72306        7674       56258

              total        used        free      shared  buff/cache   available
Mem:          48114        7668       32073        2363        8372       36764
Swap:         24191           0       24191
Total:        72306        7668       56265

              total        used        free      shared  buff/cache   available
Mem:          48114        7667       32074        2363        8372       36765
Swap:         24191           0       24191
Total:        72306        7667       56266

              total        used        free      shared  buff/cache   available
Mem:          48114        7670       32070        2363        8372       36762
Swap:         24191           0       24191
Total:        72306        7670       56262

              total        used        free      shared  buff/cache   available
Mem:          48114        7668       32072        2363        8373       36763
Swap:         24191           0       24191
Total:        72306        7668       56264

              total        used        free      shared  buff/cache   available
Mem:          48114        7670       32070        2363        8373       36762
Swap:         24191           0       24191
Total:        72306        7670       56262

              total        used        free      shared  buff/cache   available
Mem:          48114        7668       32072        2363        8373       36763
Swap:         24191           0       24191
Total:        72306        7668       56264

              total        used        free      shared  buff/cache   available
Mem:          48114        7667       32073        2363        8373       36765
Swap:         24191           0       24191
Total:        72306        7667       56265

              total        used        free      shared  buff/cache   available
Mem:          48114        7669       32071        2363        8373       36763
Swap:         24191           0       24191
Total:        72306        7669       56263

              total        used        free      shared  buff/cache   available
Mem:          48114        7667       32072        2363        8373       36764
Swap:         24191           0       24191
Total:        72306        7667       56264

              total        used        free      shared  buff/cache   available
Mem:          48114        7668       32071        2363        8373       36763
Swap:         24191           0       24191
Total:        72306        7668       56263

              total        used        free      shared  buff/cache   available
Mem:          48114        7669       32070        2363        8373       36763
Swap:         24191           0       24191
Total:        72306        7669       56262

              total        used        free      shared  buff/cache   available
Mem:          48114        7669       32070        2363        8374       36762
Swap:         24191           0       24191
Total:        72306        7669       56262

              total        used        free      shared  buff/cache   available
Mem:          48114        7670       32069        2363        8374       36762
Swap:         24191           0       24191
Total:        72306        7670       56261

              total        used        free      shared  buff/cache   available
Mem:          48114        7670       32069        2363        8374       36762
Swap:         24191           0       24191
Total:        72306        7670       56261

              total        used        free      shared  buff/cache   available
Mem:          48114        7669       32070        2363        8374       36762
Swap:         24191           0       24191
Total:        72306        7669       56262

              total        used        free      shared  buff/cache   available
Mem:          48114        7669       32069        2363        8374       36762
Swap:         24191           0       24191
Total:        72306        7669       56261

              total        used        free      shared  buff/cache   available
Mem:          48114        7670       32069        2363        8374       36762
Swap:         24191           0       24191
Total:        72306        7670       56261

              total        used        free      shared  buff/cache   available
Mem:          48114        7666       32073        2363        8374       36766
Swap:         24191           0       24191
Total:        72306        7666       56265

              total        used        free      shared  buff/cache   available
Mem:          48114        7668       32071        2363        8374       36764
Swap:         24191           0       24191
Total:        72306        7668       56263

              total        used        free      shared  buff/cache   available
Mem:          48114        7666       32072        2363        8375       36765
Swap:         24191           0       24191
Total:        72306        7666       56264

              total        used        free      shared  buff/cache   available
Mem:          48114        7669       32069        2363        8375       36763
Swap:         24191           0       24191
Total:        72306        7669       56261

              total        used        free      shared  buff/cache   available
Mem:          48114        7667       32071        2363        8375       36764
Swap:         24191           0       24191
Total:        72306        7667       56263

              total        used        free      shared  buff/cache   available
Mem:          48114        7668       32069        2363        8375       36763
Swap:         24191           0       24191
Total:        72306        7668       56261

              total        used        free      shared  buff/cache   available
Mem:          48114        7669       32069        2363        8375       36763
Swap:         24191           0       24191
Total:        72306        7669       56261

              total        used        free      shared  buff/cache   available
Mem:          48114        7667       32071        2363        8375       36765
Swap:         24191           0       24191
Total:        72306        7667       56263

              total        used        free      shared  buff/cache   available
Mem:          48114        7668       32069        2363        8375       36764
Swap:         24191           0       24191
Total:        72306        7668       56261

              total        used        free      shared  buff/cache   available
Mem:          48114        7669       32068        2363        8375       36762
Swap:         24191           0       24191
Total:        72306        7669       56260

              total        used        free      shared  buff/cache   available
Mem:          48114        7666       32071        2363        8376       36765
Swap:         24191           0       24191
Total:        72306        7666       56263

              total        used        free      shared  buff/cache   available
Mem:          48114        7667       32070        2363        8376       36764
Swap:         24191           0       24191
Total:        72306        7667       56262

              total        used        free      shared  buff/cache   available
Mem:          48114        7668       32069        2363        8376       36764
Swap:         24191           0       24191
Total:        72306        7668       56261

              total        used        free      shared  buff/cache   available
Mem:          48114        7668       32069        2363        8376       36764
Swap:         24191           0       24191
Total:        72306        7668       56261

              total        used        free      shared  buff/cache   available
Mem:          48114        7667       32070        2363        8376       36765
Swap:         24191           0       24191
Total:        72306        7667       56262

              total        used        free      shared  buff/cache   available
Mem:          48114        7669       32068        2363        8376       36763
Swap:         24191           0       24191
Total:        72306        7669       56260

              total        used        free      shared  buff/cache   available
Mem:          48114        7668       32068        2363        8376       36763
Swap:         24191           0       24191
Total:        72306        7668       56260

              total        used        free      shared  buff/cache   available
Mem:          48114        7667       32069        2363        8377       36764
Swap:         24191           0       24191
Total:        72306        7667       56261

              total        used        free      shared  buff/cache   available
Mem:          48114        7668       32068        2363        8377       36764
Swap:         24191           0       24191
Total:        72306        7668       56260

              total        used        free      shared  buff/cache   available
Mem:          48114        7667       32069        2363        8377       36764
Swap:         24191           0       24191
Total:        72306        7667       56261

              total        used        free      shared  buff/cache   available
Mem:          48114        7666       32070        2363        8377       36765
Swap:         24191           0       24191
Total:        72306        7666       56262

              total        used        free      shared  buff/cache   available
Mem:          48114        7667       32068        2363        8377       36764
Swap:         24191           0       24191
Total:        72306        7667       56260

              total        used        free      shared  buff/cache   available
Mem:          48114        7667       32069        2363        8377       36765
Swap:         24191           0       24191
Total:        72306        7667       56261

              total        used        free      shared  buff/cache   available
Mem:          48114        7666       32069        2363        8377       36765
Swap:         24191           0       24191
Total:        72306        7666       56261

              total        used        free      shared  buff/cache   available
Mem:          48114        7667       32069        2363        8377       36765
Swap:         24191           0       24191
Total:        72306        7667       56261

              total        used        free      shared  buff/cache   available
Mem:          48114        7668       32068        2363        8377       36764
Swap:         24191           0       24191
Total:        72306        7668       56260

              total        used        free      shared  buff/cache   available
Mem:          48114        7666       32069        2363        8378       36766
Swap:         24191           0       24191
Total:        72306        7666       56261

              total        used        free      shared  buff/cache   available
Mem:          48114        7668       32067        2363        8378       36764
Swap:         24191           0       24191
Total:        72306        7668       56259

              total        used        free      shared  buff/cache   available
Mem:          48114        7667       32068        2363        8378       36765
Swap:         24191           0       24191
Total:        72306        7667       56260

              total        used        free      shared  buff/cache   available
Mem:          48114        7668       32066        2363        8378       36763
Swap:         24191           0       24191
Total:        72306        7668       56258

              total        used        free      shared  buff/cache   available
Mem:          48114        7667       32068        2363        8378       36765
Swap:         24191           0       24191
Total:        72306        7667       56260

              total        used        free      shared  buff/cache   available
Mem:          48114        7669       32066        2363        8378       36763
Swap:         24191           0       24191
Total:        72306        7669       56258

              total        used        free      shared  buff/cache   available
Mem:          48114        7667       32067        2363        8378       36765
Swap:         24191           0       24191
Total:        72306        7667       56259

              total        used        free      shared  buff/cache   available
Mem:          48114        7668       32066        2363        8378       36763
Swap:         24191           0       24191
Total:        72306        7668       56258

              total        used        free      shared  buff/cache   available
Mem:          48114        7667       32067        2363        8379       36764
Swap:         24191           0       24191
Total:        72306        7667       56259

              total        used        free      shared  buff/cache   available
Mem:          48114        7668       32066        2363        8379       36764
Swap:         24191           0       24191
Total:        72306        7668       56258

              total        used        free      shared  buff/cache   available
Mem:          48114        7668       32066        2363        8379       36763
Swap:         24191           0       24191
Total:        72306        7668       56258

              total        used        free      shared  buff/cache   available
Mem:          48114        7668       32065        2363        8379       36763
Swap:         24191           0       24191
Total:        72306        7668       56257

              total        used        free      shared  buff/cache   available
Mem:          48114        7668       32065        2363        8380       36763
Swap:         24191           0       24191
Total:        72306        7668       56257

              total        used        free      shared  buff/cache   available
Mem:          48114        7666       32067        2363        8380       36765
Swap:         24191           0       24191
Total:        72306        7666       56259

              total        used        free      shared  buff/cache   available
Mem:          48114        7667       32065        2363        8380       36764
Swap:         24191           0       24191
Total:        72306        7667       56257

              total        used        free      shared  buff/cache   available
Mem:          48114        7669       32063        2363        8380       36762
Swap:         24191           0       24191
Total:        72306        7669       56255

              total        used        free      shared  buff/cache   available
Mem:          48114        7666       32067        2363        8380       36765
Swap:         24191           0       24191
Total:        72306        7666       56259

              total        used        free      shared  buff/cache   available
Mem:          48114        7710       32022        2363        8380       36721
Swap:         24191           0       24191
Total:        72306        7710       56214

              total        used        free      shared  buff/cache   available
Mem:          48114        7676       32057        2363        8380       36756
Swap:         24191           0       24191
Total:        72306        7676       56249

              total        used        free      shared  buff/cache   available
Mem:          48114        7674       32059        2363        8380       36758
Swap:         24191           0       24191
Total:        72306        7674       56251

              total        used        free      shared  buff/cache   available
Mem:          48114        7674       32058        2363        8380       36757
Swap:         24191           0       24191
Total:        72306        7674       56250

              total        used        free      shared  buff/cache   available
Mem:          48114        7668       32064        2363        8380       36763
Swap:         24191           0       24191
Total:        72306        7668       56256

              total        used        free      shared  buff/cache   available
Mem:          48114        7669       32063        2363        8380       36762
Swap:         24191           0       24191
Total:        72306        7669       56255

              total        used        free      shared  buff/cache   available
Mem:          48114        7671       32062        2363        8381       36761
Swap:         24191           0       24191
Total:        72306        7671       56254

              total        used        free      shared  buff/cache   available
Mem:          48114        7668       32064        2363        8381       36764
Swap:         24191           0       24191
Total:        72306        7668       56256

              total        used        free      shared  buff/cache   available
Mem:          48114        7665       32067        2363        8381       36767
Swap:         24191           0       24191
Total:        72306        7665       56259

              total        used        free      shared  buff/cache   available
Mem:          48114        7667       32065        2363        8381       36765
Swap:         24191           0       24191
Total:        72306        7667       56257

              total        used        free      shared  buff/cache   available
Mem:          48114        7670       32062        2363        8381       36762
Swap:         24191           0       24191
Total:        72306        7670       56254

              total        used        free      shared  buff/cache   available
Mem:          48114        7668       32063        2363        8381       36763
Swap:         24191           0       24191
Total:        72306        7668       56255

              total        used        free      shared  buff/cache   available
Mem:          48114        7669       32062        2363        8381       36762
Swap:         24191           0       24191
Total:        72306        7669       56254

              total        used        free      shared  buff/cache   available
Mem:          48114        7670       32062        2363        8381       36762
Swap:         24191           0       24191
Total:        72306        7670       56254

              total        used        free      shared  buff/cache   available
Mem:          48114        7668       32063        2363        8382       36763
Swap:         24191           0       24191
Total:        72306        7668       56255

              total        used        free      shared  buff/cache   available
Mem:          48114        7668       32063        2363        8382       36764
Swap:         24191           0       24191
Total:        72306        7668       56255

              total        used        free      shared  buff/cache   available
Mem:          48114        7668       32063        2363        8382       36764
Swap:         24191           0       24191
Total:        72306        7668       56255

              total        used        free      shared  buff/cache   available
Mem:          48114        7668       32063        2363        8382       36763
Swap:         24191           0       24191
Total:        72306        7668       56255

              total        used        free      shared  buff/cache   available
Mem:          48114        7668       32063        2363        8382       36764
Swap:         24191           0       24191
Total:        72306        7668       56255

              total        used        free      shared  buff/cache   available
Mem:          48114        7671       32060        2363        8382       36761
Swap:         24191           0       24191
Total:        72306        7671       56252

              total        used        free      shared  buff/cache   available
Mem:          48114        7669       32062        2363        8382       36763
Swap:         24191           0       24191
Total:        72306        7669       56254

              total        used        free      shared  buff/cache   available
Mem:          48114        7669       32062        2363        8382       36763
Swap:         24191           0       24191
Total:        72306        7669       56254

              total        used        free      shared  buff/cache   available
Mem:          48114        7667       32063        2363        8382       36765
Swap:         24191           0       24191
Total:        72306        7667       56255

              total        used        free      shared  buff/cache   available
Mem:          48114        7668       32062        2363        8383       36764
Swap:         24191           0       24191
Total:        72306        7668       56254

              total        used        free      shared  buff/cache   available
Mem:          48114        7672       32057        2363        8383       36759
Swap:         24191           0       24191
Total:        72306        7672       56249

              total        used        free      shared  buff/cache   available
Mem:          48114        7671       32058        2363        8383       36760
Swap:         24191           0       24191
Total:        72306        7671       56250

              total        used        free      shared  buff/cache   available
Mem:          48114        7668       32062        2363        8383       36764
Swap:         24191           0       24191
Total:        72306        7668       56254

              total        used        free      shared  buff/cache   available
Mem:          48114        7670       32060        2363        8383       36762
Swap:         24191           0       24191
Total:        72306        7670       56252

              total        used        free      shared  buff/cache   available
Mem:          48114        7667       32062        2363        8383       36765
Swap:         24191           0       24191
Total:        72306        7667       56254

              total        used        free      shared  buff/cache   available
Mem:          48114        7669       32060        2363        8383       36763
Swap:         24191           0       24191
Total:        72306        7669       56252

              total        used        free      shared  buff/cache   available
Mem:          48114        7668       32061        2363        8384       36763
Swap:         24191           0       24191
Total:        72306        7668       56253

              total        used        free      shared  buff/cache   available
Mem:          48114        7668       32061        2363        8384       36763
Swap:         24191           0       24191
Total:        72306        7668       56253

              total        used        free      shared  buff/cache   available
Mem:          48114        7667       32062        2363        8384       36764
Swap:         24191           0       24191
Total:        72306        7667       56254

              total        used        free      shared  buff/cache   available
Mem:          48114        7668       32061        2363        8384       36764
Swap:         24191           0       24191
Total:        72306        7668       56253

              total        used        free      shared  buff/cache   available
Mem:          48114        7668       32061        2363        8384       36764
Swap:         24191           0       24191
Total:        72306        7668       56253

              total        used        free      shared  buff/cache   available
Mem:          48114        7669       32060        2363        8384       36763
Swap:         24191           0       24191
Total:        72306        7669       56252

              total        used        free      shared  buff/cache   available
Mem:          48114        7672       32057        2363        8384       36760
Swap:         24191           0       24191
Total:        72306        7672       56249

              total        used        free      shared  buff/cache   available
Mem:          48114        7671       32057        2363        8384       36760
Swap:         24191           0       24191
Total:        72306        7671       56249

              total        used        free      shared  buff/cache   available
Mem:          48114        7669       32059        2363        8385       36763
Swap:         24191           0       24191
Total:        72306        7669       56251

              total        used        free      shared  buff/cache   available
Mem:          48114        7668       32060        2363        8385       36763
Swap:         24191           0       24191
Total:        72306        7668       56252

              total        used        free      shared  buff/cache   available
Mem:          48114        7669       32059        2363        8385       36762
Swap:         24191           0       24191
Total:        72306        7669       56251

              total        used        free      shared  buff/cache   available
Mem:          48114        7668       32059        2363        8385       36763
Swap:         24191           0       24191
Total:        72306        7668       56251

              total        used        free      shared  buff/cache   available
Mem:          48114        7668       32060        2363        8385       36764
Swap:         24191           0       24191
Total:        72306        7668       56252

              total        used        free      shared  buff/cache   available
Mem:          48114        7670       32058        2363        8385       36762
Swap:         24191           0       24191
Total:        72306        7670       56250

              total        used        free      shared  buff/cache   available
Mem:          48114        7668       32059        2363        8385       36763
Swap:         24191           0       24191
Total:        72306        7668       56251

              total        used        free      shared  buff/cache   available
Mem:          48114        7668       32059        2363        8386       36764
Swap:         24191           0       24191
Total:        72306        7668       56251

              total        used        free      shared  buff/cache   available
Mem:          48114        7669       32058        2363        8386       36762
Swap:         24191           0       24191
Total:        72306        7669       56250

              total        used        free      shared  buff/cache   available
Mem:          48114        7668       32058        2363        8386       36763
Swap:         24191           0       24191
Total:        72306        7668       56250

              total        used        free      shared  buff/cache   available
Mem:          48114        7669       32057        2363        8386       36762
Swap:         24191           0       24191
Total:        72306        7669       56249

              total        used        free      shared  buff/cache   available
Mem:          48114        7670       32056        2363        8386       36761
Swap:         24191           0       24191
Total:        72306        7670       56248

              total        used        free      shared  buff/cache   available
Mem:          48114        7669       32057        2363        8386       36762
Swap:         24191           0       24191
Total:        72306        7669       56249

              total        used        free      shared  buff/cache   available
Mem:          48114        7670       32057        2363        8386       36762
Swap:         24191           0       24191
Total:        72306        7670       56249

              total        used        free      shared  buff/cache   available
Mem:          48114        7671       32055        2363        8387       36761
Swap:         24191           0       24191
Total:        72306        7671       56247

              total        used        free      shared  buff/cache   available
Mem:          48114        7667       32059        2363        8387       36764
Swap:         24191           0       24191
Total:        72306        7667       56251

              total        used        free      shared  buff/cache   available
Mem:          48114        7671       32055        2363        8387       36760
Swap:         24191           0       24191
Total:        72306        7671       56247

              total        used        free      shared  buff/cache   available
Mem:          48114        7668       32057        2363        8387       36763
Swap:         24191           0       24191
Total:        72306        7668       56249

              total        used        free      shared  buff/cache   available
Mem:          48114        7669       32057        2363        8387       36762
Swap:         24191           0       24191
Total:        72306        7669       56249

              total        used        free      shared  buff/cache   available
Mem:          48114        7668       32057        2363        8387       36763
Swap:         24191           0       24191
Total:        72306        7668       56249

              total        used        free      shared  buff/cache   available
Mem:          48114        7670       32055        2363        8387       36761
Swap:         24191           0       24191
Total:        72306        7670       56247

              total        used        free      shared  buff/cache   available
Mem:          48114        7669       32056        2363        8388       36762
Swap:         24191           0       24191
Total:        72306        7669       56248

              total        used        free      shared  buff/cache   available
Mem:          48114        7668       32057        2363        8388       36764
Swap:         24191           0       24191
Total:        72306        7668       56249

              total        used        free      shared  buff/cache   available
Mem:          48114        7667       32058        2363        8388       36764
Swap:         24191           0       24191
Total:        72306        7667       56250

              total        used        free      shared  buff/cache   available
Mem:          48114        7675       32050        2363        8388       36757
Swap:         24191           0       24191
Total:        72306        7675       56242

              total        used        free      shared  buff/cache   available
Mem:          48114        7675       32049        2363        8388       36756
Swap:         24191           0       24191
Total:        72306        7675       56241

              total        used        free      shared  buff/cache   available
Mem:          48114        7669       32055        2363        8388       36762
Swap:         24191           0       24191
Total:        72306        7669       56247

              total        used        free      shared  buff/cache   available
Mem:          48114        7669       32055        2363        8388       36762
Swap:         24191           0       24191
Total:        72306        7669       56247

              total        used        free      shared  buff/cache   available
Mem:          48114        7669       32056        2363        8388       36763
Swap:         24191           0       24191
Total:        72306        7669       56248

              total        used        free      shared  buff/cache   available
Mem:          48114        7669       32055        2363        8388       36762
Swap:         24191           0       24191
Total:        72306        7669       56247

              total        used        free      shared  buff/cache   available
Mem:          48114        7672       32052        2363        8388       36759
Swap:         24191           0       24191
Total:        72306        7672       56244

              total        used        free      shared  buff/cache   available
Mem:          48114        7669       32055        2363        8389       36762
Swap:         24191           0       24191
Total:        72306        7669       56247

              total        used        free      shared  buff/cache   available
Mem:          48114        7673       32051        2363        8389       36759
Swap:         24191           0       24191
Total:        72306        7673       56243

              total        used        free      shared  buff/cache   available
Mem:          48114        7670       32054        2363        8389       36761
Swap:         24191           0       24191
Total:        72306        7670       56246

              total        used        free      shared  buff/cache   available
Mem:          48114        7670       32054        2363        8389       36761
Swap:         24191           0       24191
Total:        72306        7670       56246

              total        used        free      shared  buff/cache   available
Mem:          48114        7671       32053        2363        8389       36761
Swap:         24191           0       24191
Total:        72306        7671       56245

              total        used        free      shared  buff/cache   available
Mem:          48114        7672       32052        2363        8389       36760
Swap:         24191           0       24191
Total:        72306        7672       56244

              total        used        free      shared  buff/cache   available
Mem:          48114        7670       32053        2363        8389       36761
Swap:         24191           0       24191
Total:        72306        7670       56245

              total        used        free      shared  buff/cache   available
Mem:          48114        7670       32054        2363        8389       36762
Swap:         24191           0       24191
Total:        72306        7670       56246

              total        used        free      shared  buff/cache   available
Mem:          48114        7669       32054        2363        8389       36762
Swap:         24191           0       24191
Total:        72306        7669       56246

              total        used        free      shared  buff/cache   available
Mem:          48114        7671       32052        2363        8390       36761
Swap:         24191           0       24191
Total:        72306        7671       56244

              total        used        free      shared  buff/cache   available
Mem:          48114        7668       32055        2363        8390       36764
Swap:         24191           0       24191
Total:        72306        7668       56247

              total        used        free      shared  buff/cache   available
Mem:          48114        7669       32054        2363        8390       36762
Swap:         24191           0       24191
Total:        72306        7669       56246

              total        used        free      shared  buff/cache   available
Mem:          48114        7670       32053        2363        8390       36761
Swap:         24191           0       24191
Total:        72306        7670       56245

              total        used        free      shared  buff/cache   available
Mem:          48114        7670       32053        2363        8390       36762
Swap:         24191           0       24191
Total:        72306        7670       56245

              total        used        free      shared  buff/cache   available
Mem:          48114        7669       32054        2363        8390       36763
Swap:         24191           0       24191
Total:        72306        7669       56246

              total        used        free      shared  buff/cache   available
Mem:          48114        7671       32052        2363        8390       36761
Swap:         24191           0       24191
Total:        72306        7671       56244

              total        used        free      shared  buff/cache   available
Mem:          48114        7668       32054        2363        8391       36763
Swap:         24191           0       24191
Total:        72306        7668       56246

              total        used        free      shared  buff/cache   available
Mem:          48114        7670       32052        2363        8391       36762
Swap:         24191           0       24191
Total:        72306        7670       56244

              total        used        free      shared  buff/cache   available
Mem:          48114        7666       32056        2363        8391       36765
Swap:         24191           0       24191
Total:        72306        7666       56248

              total        used        free      shared  buff/cache   available
Mem:          48114        7669       32053        2363        8391       36763
Swap:         24191           0       24191
Total:        72306        7669       56245

              total        used        free      shared  buff/cache   available
Mem:          48114        7669       32054        2363        8390       36764
Swap:         24191           0       24191
Total:        72306        7669       56246

              total        used        free      shared  buff/cache   available
Mem:          48114        7667       32055        2363        8391       36765
Swap:         24191           0       24191
Total:        72306        7667       56247

              total        used        free      shared  buff/cache   available
Mem:          48114        7669       32053        2363        8391       36763
Swap:         24191           0       24191
Total:        72306        7669       56245

              total        used        free      shared  buff/cache   available
Mem:          48114        7666       32055        2363        8392       36765
Swap:         24191           0       24191
Total:        72306        7666       56247

              total        used        free      shared  buff/cache   available
Mem:          48114        7663       32059        2363        8391       36769
Swap:         24191           0       24191
Total:        72306        7663       56251

              total        used        free      shared  buff/cache   available
Mem:          48114        7660       32061        2363        8391       36771
Swap:         24191           0       24191
Total:        72306        7660       56253

              total        used        free      shared  buff/cache   available
Mem:          48114        7659       32062        2363        8392       36772
Swap:         24191           0       24191
Total:        72306        7659       56254

              total        used        free      shared  buff/cache   available
Mem:          48114        7657       32064        2363        8392       36775
Swap:         24191           0       24191
Total:        72306        7657       56256

              total        used        free      shared  buff/cache   available
Mem:          48114        7651       32070        2363        8392       36780
Swap:         24191           0       24191
Total:        72306        7651       56262
