09:38:27 PM      eth0     37.00     34.00     10.63      8.87      0.00      0.00      0.00
09:38:28 PM      eth0     31.00     29.00      7.41      6.26      0.00      0.00      0.00
09:38:29 PM      eth0     59.00     55.00     16.43     13.91      0.00      0.00      0.00
09:38:30 PM      eth0     19.00     19.00      3.12      4.12      0.00      0.00      0.00
09:38:31 PM      eth0     59.00     55.00     16.94     13.91      0.00      0.00      0.00
09:38:32 PM      eth0     30.00     29.00      6.83      6.26      0.00      0.00      0.00
09:38:33 PM      eth0     38.00     34.00     10.69      8.87      0.00      0.00      0.00
09:38:34 PM      eth0     51.00     50.00     12.57     11.31      0.00      0.00      0.00
09:38:35 PM      eth0     40.00     35.00     11.08      8.98      0.00      0.00      0.00
09:38:36 PM      eth0     50.00     49.00     12.51     11.19      0.00      0.00      0.00
09:38:37 PM      eth0     22.00     22.00      5.53      6.19      0.00      0.00      0.00
09:38:38 PM      eth0     75.00     81.00     23.87     20.08      0.00      0.00      0.00
09:38:39 PM      eth0     23.00     19.00      5.66      4.81      0.00      0.00      0.00
09:38:40 PM      eth0     74.00     74.00     19.32     18.04      0.00      0.00      0.00
09:38:41 PM      eth0   6434.00  51704.00    731.94  76415.63      0.00      0.00      0.00
09:38:42 PM      eth0  71425.00 396934.00   8323.03 586833.94      0.00      0.00      0.00
09:38:43 PM      eth0  70855.00 377005.00   8052.29 557358.60      0.00      0.00      0.00
09:38:44 PM      eth0  75170.00 374383.00   8745.57 553431.96      0.00      0.00      0.00
09:38:45 PM      eth0 110063.00 350500.00  13248.06 518204.29      0.00      0.00      0.00
09:38:46 PM      eth0 117063.00 308035.00  14326.36 455384.47      0.00      0.00      0.00
09:38:47 PM      eth0 121843.00 324013.00  14931.71 478987.54      0.00      0.00      0.00
09:38:48 PM      eth0 114556.00 319835.00  13817.25 472865.57      0.00      0.00      0.00
09:38:49 PM      eth0 124341.00 292361.00  15211.29 432206.91      0.00      0.00      0.00
09:38:50 PM      eth0 120075.00 258035.00  14706.70 381430.49      0.00      0.00      0.00
09:38:51 PM      eth0 127143.00 226294.00  15611.08 334571.21      0.00      0.00      0.00
09:38:52 PM      eth0 131654.00 211537.00  16355.77 312684.36      0.00      0.00      0.00
09:38:53 PM      eth0 141427.00 194700.00  17757.11 287827.75      0.00      0.00      0.00
09:38:54 PM      eth0 147498.00 198035.00  18668.02 292793.95      0.00      0.00      0.00
09:38:55 PM      eth0 157733.00 220490.00  19966.96 325920.29      0.00      0.00      0.00
09:38:56 PM      eth0 161170.00 216055.00  20540.69 319409.62      0.00      0.00      0.00
09:38:57 PM      eth0 164162.00 220979.00  20858.74 326703.17      0.00      0.00      0.00
09:38:58 PM      eth0 168018.00 227131.00  21316.74 335762.67      0.00      0.00      0.00
09:38:59 PM      eth0 168007.00 227266.00  21383.60 335967.70      0.00      0.00      0.00
09:39:00 PM      eth0 164513.00 225893.00  20787.97 333966.67      0.00      0.00      0.00
09:39:01 PM      eth0 166229.00 222681.00  21102.50 329232.74      0.00      0.00      0.00
09:39:02 PM      eth0 157536.00 213601.00  19970.30 315809.32      0.00      0.00      0.00
09:39:03 PM      eth0 162070.00 228607.00  20435.94 337995.96      0.00      0.00      0.00
09:39:04 PM      eth0 165554.00 218030.00  21050.32 322359.81      0.00      0.00      0.00
09:39:05 PM      eth0 176046.00 222894.00  22645.72 329549.35      0.00      0.00      0.00
09:39:06 PM      eth0 169877.00 214069.00  22039.32 316502.26      0.00      0.00      0.00
09:39:07 PM      eth0 165539.00 206669.00  21519.93 305549.02      0.00      0.00      0.00
09:39:08 PM      eth0 168019.00 206945.00  21893.82 305964.62      0.00      0.00      0.00
09:39:09 PM      eth0 156345.00 197522.00  20157.38 292035.97      0.00      0.00      0.00
09:39:10 PM      eth0 156774.00 195093.00  20071.56 288426.23      0.00      0.00      0.00
09:39:11 PM      eth0 162283.00 195932.00  21129.67 289682.39      0.00      0.00      0.00
09:39:12 PM      eth0 162485.00 200899.00  20943.61 297029.71      0.00      0.00      0.00
09:39:13 PM      eth0 158985.00 195589.00  20480.74 289177.10      0.00      0.00      0.00
09:39:14 PM      eth0 160646.00 195160.00  20769.52 288543.13      0.00      0.00      0.00
09:39:15 PM      eth0 161826.00 196012.00  20907.43 289804.43      0.00      0.00      0.00
09:39:16 PM      eth0 153342.00 188412.00  19862.52 278565.88      0.00      0.00      0.00
09:39:17 PM      eth0 171764.00 220232.00  21947.98 325611.36      0.00      0.00      0.00
09:39:18 PM      eth0 179853.00 230775.00  23075.64 341198.59      0.00      0.00      0.00
09:39:19 PM      eth0 184227.00 243981.00  23555.39 360724.38      0.00      0.00      0.00
09:39:20 PM      eth0 176747.00 231650.00  22612.78 342471.58      0.00      0.00      0.00
09:39:21 PM      eth0 196594.00 247298.00  25547.11 365622.71      0.00      0.00      0.00
09:39:22 PM      eth0 191275.00 237314.00  25021.17 350866.87      0.00      0.00      0.00
09:39:23 PM      eth0 170063.00 221564.00  21771.18 327577.47      0.00      0.00      0.00
09:39:24 PM      eth0 188378.00 237008.00  24655.49 350227.45      0.00      0.00      0.00
09:39:25 PM      eth0 174950.00 227395.00  22391.28 336057.03      0.00      0.00      0.00
09:39:26 PM      eth0 168815.00 223212.00  21580.85 330019.28      0.00      0.00      0.00
09:39:27 PM      eth0 165014.00 219544.00  20988.33 324595.83      0.00      0.00      0.00
09:39:28 PM      eth0 165439.00 212041.00  21417.29 313502.20      0.00      0.00      0.00
09:39:29 PM      eth0 172341.00 215503.00  22206.28 318624.04      0.00      0.00      0.00
09:39:30 PM      eth0 179839.00 232960.00  23046.83 344413.55      0.00      0.00      0.00
09:39:31 PM      eth0 193968.00 245903.00  25042.87 363563.61      0.00      0.00      0.00
09:39:32 PM      eth0 190742.00 242314.00  24806.71 358257.51      0.00      0.00      0.00
09:39:33 PM      eth0 184001.00 236091.00  23964.62 349057.79      0.00      0.00      0.00
09:39:34 PM      eth0 187355.00 236414.00  24436.87 349538.34      0.00      0.00      0.00
09:39:35 PM      eth0 183651.00 231998.00  23665.70 343008.07      0.00      0.00      0.00
09:39:36 PM      eth0 191403.00 241664.00  24700.30 357299.04      0.00      0.00      0.00
09:39:37 PM      eth0 184920.00 234257.00  24096.67 346330.53      0.00      0.00      0.00
09:39:38 PM      eth0 173776.00 223736.00  22280.87 330793.49      0.00      0.00      0.00
09:39:39 PM      eth0 179231.00 224381.00  23402.73 331711.07      0.00      0.00      0.00
09:39:40 PM      eth0 177915.00 228988.00  23001.63 338504.91      0.00      0.00      0.00
09:39:41 PM      eth0 183606.00 237032.00  23681.11 350452.74      0.00      0.00      0.00
09:39:42 PM      eth0 184867.00 237036.00  23901.58 350456.90      0.00      0.00      0.00
09:39:43 PM      eth0 180440.00 230894.00  23407.53 341371.70      0.00      0.00      0.00
09:39:44 PM      eth0 183563.00 235008.00  23843.12 347456.44      0.00      0.00      0.00
09:39:45 PM      eth0 180449.00 236338.00  23392.61 349422.37      0.00      0.00      0.00
09:39:46 PM      eth0 180719.00 239164.00  23191.92 353601.90      0.00      0.00      0.00
09:39:47 PM      eth0 205593.00 267760.00  26393.19 395878.53      0.00      0.00      0.00
09:39:48 PM      eth0 191453.00 251982.00  24737.19 372556.16      0.00      0.00      0.00
09:39:49 PM      eth0 195286.00 261723.00  24995.16 386958.15      0.00      0.00      0.00
09:39:50 PM      eth0 193627.00 249259.00  24974.88 368515.21      0.00      0.00      0.00
09:39:51 PM      eth0 195640.00 245651.00  25454.23 363166.19      0.00      0.00      0.00
09:39:52 PM      eth0 199776.00 260084.00  25579.62 384533.83      0.00      0.00      0.00
09:39:53 PM      eth0 195344.00 261166.00  25082.79 386130.40      0.00      0.00      0.00
09:39:54 PM      eth0 196048.00 258421.00  25143.08 382066.75      0.00      0.00      0.00
09:39:55 PM      eth0 196034.00 255669.00  25333.43 378003.42      0.00      0.00      0.00
09:39:56 PM      eth0 203442.00 272055.00  26066.99 402227.30      0.00      0.00      0.00
09:39:57 PM      eth0 186489.00 250489.00  23906.69 370350.29      0.00      0.00      0.00
09:39:58 PM      eth0 181176.00 235670.00  23344.82 348435.74      0.00      0.00      0.00
09:39:59 PM      eth0 185567.00 232772.00  24085.39 344153.91      0.00      0.00      0.00
09:40:00 PM      eth0 180593.00 222148.00  23599.79 328432.13      0.00      0.00      0.00
09:40:01 PM      eth0 188030.00 238469.00  24277.32 352572.38      0.00      0.00      0.00
09:40:02 PM      eth0 189938.00 245394.00  24443.86 362812.09      0.00      0.00      0.00
09:40:03 PM      eth0 186536.00 249526.00  23829.18 368922.64      0.00      0.00      0.00
09:40:04 PM      eth0 190622.00 245812.00  24695.08 363428.68      0.00      0.00      0.00
09:40:05 PM      eth0 184394.00 246950.00  23542.51 365114.41      0.00      0.00      0.00
09:40:06 PM      eth0 182954.00 230820.00  23639.74 341261.70      0.00      0.00      0.00
09:40:07 PM      eth0 191078.00 237294.00  24821.60 350825.02      0.00      0.00      0.00
09:40:08 PM      eth0 198284.00 249237.00  25642.81 368496.79      0.00      0.00      0.00
09:40:09 PM      eth0 203869.00 255166.00  26601.04 377257.24      0.00      0.00      0.00
09:40:10 PM      eth0 198399.00 254756.00  25688.37 376643.13      0.00      0.00      0.00
09:40:11 PM      eth0 202450.00 263686.00  26152.70 389856.47      0.00      0.00      0.00
09:40:12 PM      eth0 189775.00 257833.00  24305.80 381205.70      0.00      0.00      0.00
09:40:13 PM      eth0 196233.00 253781.00  25350.42 375208.14      0.00      0.00      0.00
09:40:14 PM      eth0 201394.00 261692.00  26008.71 386911.91      0.00      0.00      0.00
09:40:15 PM      eth0 191642.00 263523.00  24304.23 389616.48      0.00      0.00      0.00
09:40:16 PM      eth0 205630.00 265630.00  26499.62 392728.24      0.00      0.00      0.00
09:40:17 PM      eth0 185268.00 240338.00  24023.24 355176.80      0.00      0.00      0.00
09:40:18 PM      eth0 180476.00 231959.00  23282.76 342949.27      0.00      0.00      0.00
09:40:19 PM      eth0 174603.00 224114.00  22621.71 331346.38      0.00      0.00      0.00
09:40:20 PM      eth0 183580.00 229505.00  23924.10 339308.10      0.00      0.00      1.00
09:40:21 PM      eth0 183551.00 233611.00  23715.62 345391.90      0.00      0.00      0.00
09:40:22 PM      eth0 189276.00 239887.00  24546.73 354667.44      0.00      0.00      0.00
09:40:23 PM      eth0 178172.00 227134.00  23017.58 335813.32      0.00      0.00      0.00
09:40:24 PM      eth0 173462.00 217117.00  22540.26 320764.98      0.00      0.00      0.00
09:40:25 PM      eth0 179068.00 230700.00  23049.25 341005.78      0.00      0.00      0.00
09:40:26 PM      eth0 184533.00 236557.00  23745.07 349743.79      0.00      0.00      0.00
09:40:27 PM      eth0 198369.00 273714.00  25113.29 404682.53      0.00      0.00      0.00
09:40:28 PM      eth0 202751.00 283663.00  25798.90 419390.64      0.00      0.00      0.00
09:40:29 PM      eth0 207926.00 291960.00  26402.13 431658.54      0.00      0.00      0.00
09:40:30 PM      eth0 215181.00 309029.00  27109.65 456882.98      0.00      0.00      0.00
09:40:31 PM      eth0 217419.00 297727.00  27843.14 440183.06      0.00      0.00      0.00
09:40:32 PM      eth0 218728.00 308598.00  27729.11 456261.40      0.00      0.00      0.00
09:40:33 PM      eth0 217142.00 315440.00  27384.44 466380.28      0.00      0.00      0.00
09:40:34 PM      eth0 217339.00 316511.00  27422.16 467963.42      0.00      0.00      0.00
09:40:35 PM      eth0 215460.00 294681.00  27722.26 435683.41      0.00      0.00      0.00
09:40:36 PM      eth0 207472.00 290822.00  26536.10 429978.78      0.00      0.00      0.00
09:40:37 PM      eth0 205852.00 303093.00  25999.91 448114.39      0.00      0.00      0.00
09:40:38 PM      eth0 206256.00 305773.00  26109.28 452083.71      0.00      0.00      0.00
09:40:39 PM      eth0 206260.00 310402.00  25941.27 458925.24      0.00      0.00      0.00
09:40:40 PM      eth0 214921.00 316501.00  27243.63 467926.23      0.00      0.00      0.00
09:40:41 PM      eth0 205941.00 317114.00  25877.61 468814.09      0.00      0.00      0.00
09:40:42 PM      eth0 208354.00 302808.00  26462.42 447699.17      0.00      0.00      0.00
09:40:43 PM      eth0 206961.00 304024.00  26120.14 449494.53      0.00      0.00      0.00
09:40:44 PM      eth0 212277.00 311073.00  26886.20 459921.99      0.00      0.00      0.00
09:40:45 PM      eth0 215029.00 311521.00  27271.56 460579.12      0.00      0.00      0.00
09:40:46 PM      eth0 207868.00 304999.00  26451.09 450940.83      0.00      0.00      0.00
09:40:47 PM      eth0 203608.00 301498.00  25716.52 445765.87      0.00      0.00      0.00
09:40:48 PM      eth0 205698.00 290402.00  26150.22 429357.67      0.00      0.00      0.00
09:40:49 PM      eth0 197585.00 285977.00  24878.84 422814.50      0.00      0.00      0.00
09:40:50 PM      eth0 197959.00 275828.00  25143.80 407797.56      0.00      0.00      0.00
09:40:51 PM      eth0 201393.00 278749.00  25498.90 412112.82      0.00      0.00      0.00
09:40:52 PM      eth0 208074.00 286584.00  26474.75 423706.23      0.00      0.00      0.00
09:40:53 PM      eth0 202220.00 290504.00  25527.88 429509.43      0.00      0.00      0.00
09:40:54 PM      eth0 198962.00 293641.00  24986.10 434148.20      0.00      0.00      0.00
09:40:55 PM      eth0 196519.00 291224.00  24785.82 430574.99      0.00      0.00      0.00
09:40:56 PM      eth0 198753.00 293161.00  24959.35 433438.79      0.00      0.00      0.00
09:40:57 PM      eth0 208026.00 300378.00  26351.77 443545.22      0.00      0.00      0.00
09:40:58 PM      eth0 214290.00 306739.00  27194.91 453512.39      0.00      0.00      0.00
09:40:59 PM      eth0 210962.00 293701.00  26907.99 434237.86      0.00      0.00      0.00
09:41:00 PM      eth0 210027.00 293146.00  26705.17 433402.37      0.00      0.00      0.00
09:41:01 PM      eth0 216574.00 316411.00  27323.39 467812.30      0.00      0.00      0.00
09:41:02 PM      eth0 212550.00 300332.00  26883.94 444038.03      0.00      0.00      0.00
09:41:03 PM      eth0 214634.00 306183.00  27042.20 452693.04      0.00      0.00      0.00
09:41:04 PM      eth0 211932.00 288017.00  27002.23 425830.62      0.00      0.00      0.00
09:41:05 PM      eth0 214564.00 299408.00  27332.41 442674.71      0.00      0.00      0.00
09:41:06 PM      eth0 220910.00 299701.00  28374.68 443101.86      0.00      0.00      0.00
09:41:07 PM      eth0 215459.00 303673.00  27276.67 448965.92      0.00      0.00      0.00
09:41:08 PM      eth0 220299.00 320648.00  27733.73 474074.95      0.00      0.00      0.00
09:41:09 PM      eth0 212783.00 324755.00  26557.44 480149.09      0.00      0.00      0.00
09:41:10 PM      eth0 215586.00 341079.00  26675.08 504274.72      0.00      0.00      0.00
09:41:11 PM      eth0 150181.00 209158.00  19402.29 309238.01      0.00      0.00      0.00
09:41:12 PM      eth0 143627.00 193520.00  18315.43 286116.18      0.00      0.00      0.00
09:41:13 PM      eth0 147222.00 190937.00  18947.51 282299.29      0.00      0.00      0.00
09:41:14 PM      eth0 154753.00 203897.00  19778.24 301456.58      0.00      0.00      0.00
09:41:15 PM      eth0 150703.00 193384.00  19450.93 285919.42      0.00      0.00      0.00
09:41:16 PM      eth0 147724.00 189101.00  19077.52 279582.32      0.00      0.00      0.00
09:41:17 PM      eth0 157021.00 194813.00  20322.18 288024.98      0.00      0.00      0.00
09:41:18 PM      eth0 164915.00 205842.00  21367.93 304335.92      0.00      0.00      0.00
09:41:19 PM      eth0 169625.00 212454.00  21931.47 314111.61      0.00      0.00      0.00
09:41:20 PM      eth0 165993.00 212759.00  21397.74 314548.25      0.00      0.00      0.00
09:41:21 PM      eth0 163655.00 207548.00  21206.86 306853.39      0.00      0.00      0.00
09:41:22 PM      eth0 163748.00 204716.00  21166.46 302666.11      0.00      0.00      0.00
09:41:23 PM      eth0 164113.00 199555.00  21398.32 295038.62      0.00      0.00      0.00
09:41:24 PM      eth0 166400.00 204930.00  21790.46 302702.64      0.00      0.00      0.00
09:41:25 PM      eth0 172429.00 212780.00  22343.01 314565.73      0.00      0.00      0.00
09:41:26 PM      eth0 172682.00 219734.00  22285.61 324872.29      0.00      0.00      0.00
09:41:27 PM      eth0 167606.00 218982.00  21405.39 323761.95      0.00      0.00      0.00
09:41:28 PM      eth0 183537.00 238700.00  23473.72 352910.80      0.00      0.00      0.00
09:41:29 PM      eth0 181920.00 229835.00  23740.90 339809.23      0.00      0.00      0.00
09:41:30 PM      eth0 182443.00 233887.00  23538.02 345785.86      0.00      0.00      0.00
09:41:31 PM      eth0 187460.00 234808.00  24328.04 347163.27      0.00      0.00      0.00
09:41:32 PM      eth0 178738.00 231035.00  22850.63 341582.07      0.00      0.00      0.00
09:41:33 PM      eth0 183833.00 235939.00  23696.06 348829.22      0.00      0.00      0.00
09:41:34 PM      eth0 186936.00 242910.00  24057.89 359130.88      0.00      0.00      0.00
09:41:35 PM      eth0 186783.00 242280.00  24069.55 358204.59      0.00      0.00      0.00
09:41:36 PM      eth0 197220.00 254844.00  25444.02 376785.66      0.00      0.00      0.00
09:41:37 PM      eth0 180176.00 240378.00  23147.26 355382.42      0.00      0.00      0.00
09:41:38 PM      eth0 175029.00 238783.00  22312.31 353042.50      0.00      0.00      0.00
09:41:39 PM      eth0 167526.00 225326.00  21337.41 333142.26      0.00      0.00      0.00
09:41:40 PM      eth0 181662.00 230347.00  23483.50 340514.51      0.00      0.00      0.00
09:41:41 PM      eth0 184035.00 231686.00  23901.74 342544.55      0.00      0.00      0.00
09:41:42 PM      eth0 178394.00 233164.00  22925.40 344696.50      0.00      0.00      0.00
09:41:43 PM      eth0 178774.00 232481.00  23099.50 343723.06      0.00      0.00      0.00
09:41:44 PM      eth0 173533.00 231328.00  22320.08 342018.45      0.00      0.00      0.00
09:41:45 PM      eth0 187044.00 242589.00  24220.49 358665.53      0.00      0.00      0.00
09:41:46 PM      eth0 180387.00 240094.00  23201.63 354975.18      0.00      0.00      0.00
09:41:47 PM      eth0 170469.00 227517.00  21910.86 336383.35      0.00      0.00      0.00
09:41:48 PM      eth0 177522.00 224672.00  23164.91 332178.53      0.00      0.00      0.00
09:41:49 PM      eth0 166030.00 217833.00  21230.57 322065.63      0.00      0.00      0.00
09:41:50 PM      eth0 168902.00 222508.00  21566.87 328961.34      0.00      0.00      0.00
09:41:51 PM      eth0 175915.00 237395.00  22413.45 350986.50      0.00      0.00      0.00
09:41:52 PM      eth0 173066.00 230916.00  22055.95 341406.30      0.00      0.00      0.00
09:41:53 PM      eth0 173325.00 225606.00  22293.06 333541.02      0.00      0.00      0.00
09:41:54 PM      eth0 169439.00 220434.00  21504.64 325908.37      0.00      0.00      0.00
09:41:55 PM      eth0 171657.00 219183.00  22000.06 324057.11      0.00      0.00      0.00
09:41:56 PM      eth0 180102.00 218816.00  23458.00 323515.63      0.00      0.00      0.00
09:41:57 PM      eth0 162890.00 196924.00  21347.53 291149.70      0.00      0.00      0.00
09:41:58 PM      eth0 138672.00 167802.00  17966.68 248096.49      0.00      0.00      0.00
09:41:59 PM      eth0 142303.00 169595.00  18340.12 250744.13      0.00      0.00      0.00
09:42:00 PM      eth0 135741.00 159761.00  17665.83 236191.72      0.00      0.00      0.00
09:42:01 PM      eth0 141843.00 165247.00  18534.71 244315.98      0.00      0.00      0.00
09:42:02 PM      eth0 143359.00 168173.00  18610.14 248640.92      0.00      0.00      0.00
09:42:03 PM      eth0 138761.00 167382.00  17889.29 247472.89      0.00      0.00      0.00
09:42:04 PM      eth0 130882.00 154626.00  16963.73 228616.21      0.00      0.00      0.00
09:42:05 PM      eth0 134452.00 156968.00  17507.61 232078.24      0.00      0.00      0.00
09:42:06 PM      eth0 134866.00 165839.00  17275.72 245187.80      0.00      0.00      0.00
09:42:07 PM      eth0 154055.00 185216.00  19869.21 273830.04      0.00      0.00      0.00
09:42:08 PM      eth0 156153.00 189329.00  20240.81 279922.95      0.00      0.00      0.00
09:42:09 PM      eth0 155769.00 188732.00  20276.88 279038.95      0.00      0.00      0.00
09:42:10 PM      eth0 165281.00 198522.00  21427.79 293497.25      0.00      0.00      0.00
09:42:11 PM      eth0 150707.00 189114.00  19359.65 279604.89      0.00      0.00      0.00
09:42:12 PM      eth0 158905.00 191452.00  20654.35 283058.58      0.00      0.00      0.00
09:42:13 PM      eth0 161592.00 201769.00  20788.62 298316.03      0.00      0.00      0.00
09:42:14 PM      eth0 163753.00 205916.00  21152.55 304447.14      0.00      0.00      0.00
09:42:15 PM      eth0 153943.00 194900.00  19771.40 288161.92      0.00      0.00      0.00
09:42:16 PM      eth0 159813.00 198765.00  20566.96 293871.65      0.00      0.00      0.00
09:42:17 PM      eth0 146019.00 182620.00  18689.63 269999.32      0.00      0.00      0.00
09:42:18 PM      eth0 135568.00 167245.00  17420.17 247271.31      0.00      0.00      0.00
09:42:19 PM      eth0 141212.00 173957.00  18051.61 257192.53      0.00      0.00      0.00
09:42:20 PM      eth0 136717.00 164637.00  17791.05 243399.14      0.00      0.00      0.00
09:42:21 PM      eth0 139177.00 168427.00  17934.12 249017.41      0.00      0.00      0.00
09:42:22 PM      eth0 133964.00 163669.00  17238.00 241984.65      0.00      0.00      0.00
09:42:23 PM      eth0 137342.00 166898.00  17708.79 246755.42      0.00      0.00      0.00
09:42:24 PM      eth0 141076.00 165189.00  18433.95 244232.48      0.00      0.00      0.00
09:42:25 PM      eth0 140713.00 169254.00  18212.21 249955.84      0.00      0.00      0.00
09:42:26 PM      eth0 145876.00 176009.00  18792.22 260194.80      0.00      0.00      0.00
09:42:27 PM      eth0 145435.00 179851.00  18675.43 265910.40      0.00      0.00      0.00
09:42:28 PM      eth0 144705.00 173907.00  18718.71 257117.74      0.00      0.00      0.00
09:42:29 PM      eth0 149649.00 174983.00  19695.29 258708.74      0.00      0.00      0.00
09:42:30 PM      eth0 151762.00 183736.00  19591.43 271636.66      0.00      0.00      0.00
09:42:31 PM      eth0 143765.00 171522.00  18773.23 253595.31      0.00      0.00      0.00
09:42:32 PM      eth0 143925.00 174408.00  18541.30 257861.87      0.00      0.00      0.00
09:42:33 PM      eth0 152654.00 182025.00  19948.82 269121.92      0.00      0.00      0.00
09:42:34 PM      eth0 153642.00 188228.00  19881.46 278294.13      0.00      0.00      0.00
09:42:35 PM      eth0 142438.00 173444.00  18440.25 256437.70      0.00      0.00      0.00
09:42:36 PM      eth0 145496.00 178416.00  18690.83 263785.85      0.00      0.00      0.00
09:42:37 PM      eth0 138181.00 166666.00  17904.87 246403.81      0.00      0.00      0.00
09:42:38 PM      eth0 141817.00 167658.00  18433.55 247882.22      0.00      0.00      0.00
09:42:39 PM      eth0 135927.00 164241.00  17506.47 242831.59      0.00      0.00      0.00
09:42:40 PM      eth0 136137.00 163154.00  17550.91 241208.87      0.00      0.00      0.00
09:42:41 PM      eth0 140031.00 166914.00  18079.62 246780.69      0.00      0.00      0.00
09:42:42 PM      eth0 134655.00 159688.00  17281.94 236100.36      0.00      0.00      0.00
09:42:43 PM      eth0 138035.00 163642.00  17994.87 241941.30      0.00      0.00      0.00
09:42:44 PM      eth0 130683.00 157381.00  16733.34 232649.01      0.00      0.00      0.00
09:42:45 PM      eth0 143527.00 170575.00  18535.09 252191.91      0.00      0.00      0.00
09:42:46 PM      eth0 137193.00 164802.00  17647.33 243659.43      0.00      0.00      0.00
09:42:47 PM      eth0 145436.00 170819.00  19085.40 252552.82      0.00      0.00      0.00
09:42:48 PM      eth0 147442.00 177186.00  19111.18 261968.98      0.00      0.00      0.00
09:42:49 PM      eth0 147147.00 178602.00  19137.99 264060.42      0.00      0.00      0.00
09:42:50 PM      eth0 148840.00 179073.00  19432.12 264748.36      0.00      0.00      0.00
09:42:51 PM      eth0 147953.00 185629.00  18947.30 274449.92      0.00      0.00      0.00
09:42:52 PM      eth0 146312.00 178851.00  18949.16 264431.30      0.00      0.00      0.00
09:42:53 PM      eth0 150282.00 180233.00  19599.12 266475.87      0.00      0.00      0.00
09:42:54 PM      eth0 139208.00 168210.00  17977.42 248696.48      0.00      0.00      0.00
09:42:55 PM      eth0 150753.00 178134.00  19637.00 263354.40      0.00      0.00      0.00
09:42:56 PM      eth0 140462.00 171777.00  18147.90 253971.47      0.00      0.00      0.00
09:42:57 PM      eth0 147740.00 182941.00  19126.27 270473.87      0.00      0.00      0.00
09:42:58 PM      eth0 141892.00 172276.00  18257.55 254711.08      0.00      0.00      0.00
09:42:59 PM      eth0 149200.00 177850.00  19454.87 262950.81      0.00      0.00      0.00
09:43:00 PM      eth0 145525.00 171221.00  18902.79 253132.25      0.00      0.00      0.00
09:43:01 PM      eth0 140985.00 165875.00  18346.41 245247.14      0.00      0.00      0.00
09:43:02 PM      eth0 142831.00 170699.00  18522.69 252377.60      0.00      0.00      0.00
09:43:03 PM      eth0 143543.00 169103.00  18773.81 250011.18      0.00      0.00      0.00
09:43:04 PM      eth0 142668.00 170247.00  18569.57 251709.48      0.00      0.00      0.00
09:43:05 PM      eth0 141717.00 167367.00  18434.09 247452.61      0.00      0.00      0.00
09:43:06 PM      eth0 146916.00 172452.00  19190.44 254970.44      0.00      0.00      0.00
09:43:07 PM      eth0 148983.00 178325.00  19356.25 263643.88      0.00      0.00      0.00
09:43:08 PM      eth0 148631.00 180470.00  19358.59 266820.80      0.00      0.00      0.00
09:43:09 PM      eth0 145858.00 183935.00  18651.91 271948.94      0.00      0.00      0.00
09:43:10 PM      eth0 145208.00 181460.00  18555.53 268271.98      0.00      0.00      0.00
09:43:11 PM      eth0 142495.00 178231.00  18313.55 263514.40      0.00      0.00      0.00
09:43:12 PM      eth0 141785.00 174364.00  18377.16 257797.80      0.00      0.00      0.00
09:43:13 PM      eth0 145136.00 176863.00  18756.60 261486.63      0.00      0.00      0.00
09:43:14 PM      eth0 151026.00 177154.00  19800.05 261922.19      0.00      0.00      0.00
09:43:15 PM      eth0 152662.00 181454.00  19899.00 268278.62      0.00      0.00      0.00
09:43:16 PM      eth0 149045.00 181699.00  19279.09 268640.47      0.00      0.00      0.00
09:43:17 PM      eth0 144288.00 176697.00  18606.48 261245.12      0.00      0.00      0.00
09:43:18 PM      eth0 151489.00 181433.00  19654.69 268249.42      0.00      0.00      0.00
09:43:19 PM      eth0 140762.00 166612.00  18314.26 246335.97      0.00      0.00      0.00
09:43:20 PM      eth0 142187.00 170163.00  18482.75 251574.45      0.00      0.00      0.00
09:43:21 PM      eth0 140309.00 167619.00  18128.52 247819.89      0.00      0.00      0.00
09:43:22 PM      eth0 143471.00 171011.00  18602.28 252834.72      0.00      0.00      0.00
09:43:23 PM      eth0 143697.00 170370.00  18633.98 251890.18      0.00      0.00      0.00
09:43:24 PM      eth0 143570.00 173991.00  18482.24 257243.64      0.00      0.00      0.00
09:43:25 PM      eth0 136330.00 164320.00  17536.48 242939.22      0.00      0.00      0.00
09:43:26 PM      eth0 147306.00 172663.00  19310.20 255281.36      0.00      0.00      0.00
09:43:27 PM      eth0 147550.00 173620.00  19269.54 256411.71      0.00      0.00      0.00
09:43:28 PM      eth0 152080.00 185403.00  19633.64 274086.00      0.00      0.00      0.00
09:43:29 PM      eth0 153665.00 184869.00  19948.53 273324.98      0.00      0.00      0.00
09:43:30 PM      eth0 143656.00 173446.00  18629.52 256426.31      0.00      0.00      0.00
09:43:31 PM      eth0 145606.00 173563.00  18904.00 256612.76      0.00      0.00      0.00
09:43:32 PM      eth0 153953.00 185407.00  19890.77 274124.28      0.00      0.00      0.00
09:43:33 PM      eth0 159607.00 191828.00  20795.64 283616.12      0.00      0.00      0.00
09:43:34 PM      eth0 146661.00 179624.00  18956.98 265572.22      0.00      0.00      0.00
09:43:35 PM      eth0 148600.00 181524.00  19223.92 268381.38      0.00      0.00      0.00
09:43:36 PM      eth0 151235.00 187703.00  19542.96 277514.55      0.00      0.00      0.00
09:43:37 PM      eth0 147751.00 178194.00  19195.17 263450.81      0.00      0.00      0.00
09:43:38 PM      eth0 144308.00 173715.00  18681.50 256837.96      0.00      0.00      0.00
09:43:39 PM      eth0 140980.00 169124.00  18341.21 250051.20      0.00      0.00      0.00
09:43:40 PM      eth0 140350.00 167978.00  18159.74 248311.20      0.00      0.00      1.00
09:43:41 PM      eth0 137554.00 164923.00  17704.20 243838.71      0.00      0.00      0.00
09:43:42 PM      eth0 137752.00 163959.00  17840.79 242407.93      0.00      0.00      0.00
09:43:43 PM      eth0 133394.00 161666.00  17252.56 239021.88      0.00      0.00      0.00
09:43:44 PM      eth0 124128.00 155420.00  15817.27 229746.48      0.00      0.00      0.00
09:43:45 PM      eth0 129521.00 161859.00  16496.05 239309.51      0.00      0.00      0.00
09:43:46 PM      eth0 122548.00 156565.00  15568.31 231478.96      0.00      0.00      0.00
09:43:47 PM      eth0 124433.00 173821.00  15561.46 256988.12      0.00      0.00      0.00
09:43:48 PM      eth0 113442.00 171564.00  14115.15 253657.43      0.00      0.00      0.00
09:43:49 PM      eth0 106977.00 171270.00  13173.40 253218.55      0.00      0.00      0.00
09:43:50 PM      eth0 100893.00 179448.00  12248.43 265298.26      0.00      0.00      0.00
09:43:51 PM      eth0 107227.00 197144.00  13019.61 291476.93      0.00      0.00      0.00
09:43:52 PM      eth0 115030.00 254061.00  13820.90 375626.70      0.00      0.00      0.00
09:43:53 PM      eth0  64318.00 317690.00   7359.52 469702.33      0.00      0.00      0.00
09:43:54 PM      eth0  68665.00 370011.00   7837.37 547066.29      0.00      0.00      0.00
09:43:55 PM      eth0  61006.00 385665.00   6967.18 570205.67      0.00      0.00      0.00
09:43:56 PM      eth0  66646.00 389721.00   7677.68 576193.92      0.00      0.00      0.00
09:43:57 PM      eth0  60878.00 396498.00   7046.11 586223.43      0.00      0.00      0.00
09:43:58 PM      eth0  50040.00 456304.00   5824.17 674649.17      0.00      0.00      0.00
09:43:59 PM      eth0   8349.00 221471.00    951.18 327441.24      0.00      0.00      0.00
09:44:00 PM      eth0     25.00     23.00      5.86      5.75      0.00      0.00      0.00
