vhost-27705 23.1
vhost-27705 23.1
vhost-27705 23.1
vhost-27705 23.1
vhost-27705 23.1
vhost-27705 23.1
vhost-27705 23.1
vhost-27705 23.5
vhost-27705 23.5
vhost-27705 23.5
vhost-27705 24.5
vhost-27705 24.5
vhost-27705 25.0
vhost-27705 25.0
vhost-27705 25.0
vhost-27705 25.0
vhost-27705 25.0
vhost-27705 25.0
vhost-27705 25.0
vhost-27705 25.0
vhost-27705 25.0
vhost-27705 25.0
vhost-27705 25.0
vhost-27705 25.0
vhost-27705 25.5
vhost-27705 25.5
vhost-27705 25.5
vhost-27705 25.5
vhost-27705 25.5
vhost-27705 25.5
vhost-27705 25.5
vhost-27705 25.5
vhost-27705 25.5
vhost-27705 25.5
vhost-27705 25.5
vhost-27705 25.5
vhost-27705 25.5
vhost-27705 26.9
vhost-27705 26.9
vhost-27705 27.5
vhost-27705 28.8
vhost-27705 32.7
vhost-27705 33.3
