vhost-28616 27.5
vhost-28616 28.8
vhost-28616 28.8
vhost-28616 28.8
vhost-28616 29.4
vhost-28616 29.4
vhost-28616 30.8
vhost-28616 30.8
vhost-28616 30.8
vhost-28616 30.8
vhost-28616 30.8
vhost-28616 30.8
vhost-28616 31.4
vhost-28616 31.4
vhost-28616 31.4
vhost-28616 31.4
vhost-28616 31.4
vhost-28616 31.4
vhost-28616 31.4
vhost-28616 32.7
vhost-28616 32.7
vhost-28616 32.7
vhost-28616 32.7
vhost-28616 32.7
vhost-28616 32.7
vhost-28616 32.7
vhost-28616 33.3
vhost-28616 33.3
vhost-28616 33.3
vhost-28616 33.3
vhost-28616 33.3
vhost-28616 33.3
vhost-28616 33.3
vhost-28616 34.6
vhost-28616 34.6
vhost-28616 34.6
vhost-28616 34.6
vhost-28616 34.6
vhost-28616 34.6
vhost-28616 34.6
vhost-28616 34.6
vhost-28616 35.3
vhost-28616 35.3
vhost-28616 35.3
vhost-28616 35.3
vhost-28616 35.3
vhost-28616 35.8
vhost-28616 36.5
vhost-28616 36.5
vhost-28616 36.5
vhost-28616 37.3
vhost-28616 37.3
vhost-28616 38.5
vhost-28616 39.2
