              total        used        free      shared  buff/cache   available
Mem:          48114        7679       33450        2403        6984       37149
Swap:         24191           0       24191
Total:        72306        7679       57641

              total        used        free      shared  buff/cache   available
Mem:          48114        7680       33472        2403        6961       37149
Swap:         24191           0       24191
Total:        72306        7680       57664

              total        used        free      shared  buff/cache   available
Mem:          48114        7686       33466        2403        6961       37143
Swap:         24191           0       24191
Total:        72306        7686       57658

              total        used        free      shared  buff/cache   available
Mem:          48114        7680       33472        2403        6961       37149
Swap:         24191           0       24191
Total:        72306        7680       57664

              total        used        free      shared  buff/cache   available
Mem:          48114        7681       33471        2403        6961       37147
Swap:         24191           0       24191
Total:        72306        7681       57663

              total        used        free      shared  buff/cache   available
Mem:          48114        7688       33463        2403        6961       37140
Swap:         24191           0       24191
Total:        72306        7688       57655

              total        used        free      shared  buff/cache   available
Mem:          48114        7689       33463        2403        6961       37139
Swap:         24191           0       24191
Total:        72306        7689       57655

              total        used        free      shared  buff/cache   available
Mem:          48114        7682       33470        2403        6961       37147
Swap:         24191           0       24191
Total:        72306        7682       57662

              total        used        free      shared  buff/cache   available
Mem:          48114        7683       33468        2403        6961       37145
Swap:         24191           0       24191
Total:        72306        7683       57660

              total        used        free      shared  buff/cache   available
Mem:          48114        7698       33454        2403        6962       37131
Swap:         24191           0       24191
Total:        72306        7698       57646

              total        used        free      shared  buff/cache   available
Mem:          48114        7698       33453        2403        6962       37130
Swap:         24191           0       24191
Total:        72306        7698       57645

              total        used        free      shared  buff/cache   available
Mem:          48114        7701       33450        2403        6962       37127
Swap:         24191           0       24191
Total:        72306        7701       57642

              total        used        free      shared  buff/cache   available
Mem:          48114        7707       33443        2403        6962       37121
Swap:         24191           0       24191
Total:        72306        7707       57635

              total        used        free      shared  buff/cache   available
Mem:          48114        7706       33445        2403        6962       37123
Swap:         24191           0       24191
Total:        72306        7706       57637

              total        used        free      shared  buff/cache   available
Mem:          48114        7719       33432        2403        6962       37110
Swap:         24191           0       24191
Total:        72306        7719       57624

              total        used        free      shared  buff/cache   available
Mem:          48114        7693       33458        2403        6962       37136
Swap:         24191           0       24191
Total:        72306        7693       57650

              total        used        free      shared  buff/cache   available
Mem:          48114        7721       33430        2403        6962       37108
Swap:         24191           0       24191
Total:        72306        7721       57622

              total        used        free      shared  buff/cache   available
Mem:          48114        7728       33423        2403        6963       37101
Swap:         24191           0       24191
Total:        72306        7728       57615

              total        used        free      shared  buff/cache   available
Mem:          48114        7726       33424        2403        6963       37102
Swap:         24191           0       24191
Total:        72306        7727       57616

              total        used        free      shared  buff/cache   available
Mem:          48114        7731       33419        2403        6963       37098
Swap:         24191           0       24191
Total:        72306        7731       57611

              total        used        free      shared  buff/cache   available
Mem:          48114        7737       33413        2403        6963       37091
Swap:         24191           0       24191
Total:        72306        7737       57605

              total        used        free      shared  buff/cache   available
Mem:          48114        7747       33402        2403        6963       37081
Swap:         24191           0       24191
Total:        72306        7747       57594

              total        used        free      shared  buff/cache   available
Mem:          48114        7753       33396        2403        6963       37075
Swap:         24191           0       24191
Total:        72306        7754       57588

              total        used        free      shared  buff/cache   available
Mem:          48114        7746       33403        2403        6963       37082
Swap:         24191           0       24191
Total:        72306        7746       57595

              total        used        free      shared  buff/cache   available
Mem:          48114        7780       33370        2403        6963       37049
Swap:         24191           0       24191
Total:        72306        7780       57562

              total        used        free      shared  buff/cache   available
Mem:          48114        7751       33398        2403        6964       37077
Swap:         24191           0       24191
Total:        72306        7752       57590

              total        used        free      shared  buff/cache   available
Mem:          48114        7747       33402        2403        6964       37081
Swap:         24191           0       24191
Total:        72306        7747       57594

              total        used        free      shared  buff/cache   available
Mem:          48114        7735       33414        2403        6964       37093
Swap:         24191           0       24191
Total:        72306        7735       57606

              total        used        free      shared  buff/cache   available
Mem:          48114        7738       33411        2403        6964       37091
Swap:         24191           0       24191
Total:        72306        7738       57603

              total        used        free      shared  buff/cache   available
Mem:          48114        7737       33411        2403        6964       37091
Swap:         24191           0       24191
Total:        72306        7738       57603

              total        used        free      shared  buff/cache   available
Mem:          48114        7732       33417        2403        6964       37096
Swap:         24191           0       24191
Total:        72306        7732       57608

              total        used        free      shared  buff/cache   available
Mem:          48114        7723       33426        2403        6964       37106
Swap:         24191           0       24191
Total:        72306        7723       57618

              total        used        free      shared  buff/cache   available
Mem:          48114        7718       33431        2403        6964       37111
Swap:         24191           0       24191
Total:        72306        7718       57623

              total        used        free      shared  buff/cache   available
Mem:          48114        7721       33428        2403        6964       37108
Swap:         24191           0       24191
Total:        72306        7721       57620

              total        used        free      shared  buff/cache   available
Mem:          48114        7738       33411        2403        6964       37091
Swap:         24191           0       24191
Total:        72306        7738       57603

              total        used        free      shared  buff/cache   available
Mem:          48114        7735       33414        2403        6964       37094
Swap:         24191           0       24191
Total:        72306        7735       57605

              total        used        free      shared  buff/cache   available
Mem:          48114        7720       33428        2403        6965       37108
Swap:         24191           0       24191
Total:        72306        7720       57620

              total        used        free      shared  buff/cache   available
Mem:          48114        7715       33433        2403        6965       37113
Swap:         24191           0       24191
Total:        72306        7716       57625

              total        used        free      shared  buff/cache   available
Mem:          48114        7713       33435        2403        6965       37115
Swap:         24191           0       24191
Total:        72306        7713       57627

              total        used        free      shared  buff/cache   available
Mem:          48114        7711       33437        2403        6965       37118
Swap:         24191           0       24191
Total:        72306        7711       57629

              total        used        free      shared  buff/cache   available
Mem:          48114        7709       33439        2403        6965       37120
Swap:         24191           0       24191
Total:        72306        7709       57631

              total        used        free      shared  buff/cache   available
Mem:          48114        7705       33443        2403        6965       37124
Swap:         24191           0       24191
Total:        72306        7705       57635

              total        used        free      shared  buff/cache   available
Mem:          48114        7704       33444        2403        6965       37125
Swap:         24191           0       24191
Total:        72306        7704       57636

              total        used        free      shared  buff/cache   available
Mem:          48114        7703       33445        2403        6965       37126
Swap:         24191           0       24191
Total:        72306        7703       57636

              total        used        free      shared  buff/cache   available
Mem:          48114        7711       33436        2403        6965       37117
Swap:         24191           0       24191
Total:        72306        7711       57628

              total        used        free      shared  buff/cache   available
Mem:          48114        7709       33439        2403        6965       37120
Swap:         24191           0       24191
Total:        72306        7709       57631

              total        used        free      shared  buff/cache   available
Mem:          48114        7713       33435        2403        6966       37116
Swap:         24191           0       24191
Total:        72306        7713       57627

              total        used        free      shared  buff/cache   available
Mem:          48114        7709       33438        2403        6966       37119
Swap:         24191           0       24191
Total:        72306        7710       57630

              total        used        free      shared  buff/cache   available
Mem:          48114        7712       33435        2403        6966       37116
Swap:         24191           0       24191
Total:        72306        7712       57627

              total        used        free      shared  buff/cache   available
Mem:          48114        7713       33434        2403        6966       37115
Swap:         24191           0       24191
Total:        72306        7713       57626

              total        used        free      shared  buff/cache   available
Mem:          48114        7711       33435        2403        6966       37117
Swap:         24191           0       24191
Total:        72306        7711       57627

              total        used        free      shared  buff/cache   available
Mem:          48114        7718       33429        2403        6966       37111
Swap:         24191           0       24191
Total:        72306        7718       57621

              total        used        free      shared  buff/cache   available
Mem:          48114        7711       33435        2403        6966       37117
Swap:         24191           0       24191
Total:        72306        7711       57627

              total        used        free      shared  buff/cache   available
Mem:          48114        7709       33437        2403        6967       37120
Swap:         24191           0       24191
Total:        72306        7709       57629

              total        used        free      shared  buff/cache   available
Mem:          48114        7703       33443        2403        6967       37126
Swap:         24191           0       24191
Total:        72306        7703       57635

              total        used        free      shared  buff/cache   available
Mem:          48114        7694       33452        2403        6967       37134
Swap:         24191           0       24191
Total:        72306        7694       57644

              total        used        free      shared  buff/cache   available
Mem:          48114        7690       33456        2403        6967       37139
Swap:         24191           0       24191
Total:        72306        7690       57648

              total        used        free      shared  buff/cache   available
Mem:          48114        7693       33453        2403        6967       37135
Swap:         24191           0       24191
Total:        72306        7693       57644

              total        used        free      shared  buff/cache   available
Mem:          48114        7689       33457        2403        6967       37140
Swap:         24191           0       24191
Total:        72306        7689       57649

              total        used        free      shared  buff/cache   available
Mem:          48114        7689       33456        2403        6967       37139
Swap:         24191           0       24191
Total:        72306        7689       57648

              total        used        free      shared  buff/cache   available
Mem:          48114        7689       33457        2403        6967       37140
Swap:         24191           0       24191
Total:        72306        7689       57649

              total        used        free      shared  buff/cache   available
Mem:          48114        7679       33466        2403        6967       37149
Swap:         24191           0       24191
Total:        72306        7679       57658

              total        used        free      shared  buff/cache   available
Mem:          48114        7680       33466        2403        6967       37149
Swap:         24191           0       24191
Total:        72306        7680       57658

              total        used        free      shared  buff/cache   available
Mem:          48114        7679       33466        2403        6968       37149
Swap:         24191           0       24191
Total:        72306        7679       57658

              total        used        free      shared  buff/cache   available
Mem:          48114        7680       33465        2403        6968       37148
Swap:         24191           0       24191
Total:        72306        7680       57657

              total        used        free      shared  buff/cache   available
Mem:          48114        7673       33472        2403        6968       37155
Swap:         24191           0       24191
Total:        72306        7674       57664

              total        used        free      shared  buff/cache   available
Mem:          48114        7677       33468        2403        6968       37152
Swap:         24191           0       24191
Total:        72306        7677       57660

              total        used        free      shared  buff/cache   available
Mem:          48114        7679       33466        2403        6968       37150
Swap:         24191           0       24191
Total:        72306        7679       57658

              total        used        free      shared  buff/cache   available
Mem:          48114        7677       33468        2403        6968       37151
Swap:         24191           0       24191
Total:        72306        7677       57660

              total        used        free      shared  buff/cache   available
Mem:          48114        7677       33468        2403        6968       37152
Swap:         24191           0       24191
Total:        72306        7677       57660

              total        used        free      shared  buff/cache   available
Mem:          48114        7676       33469        2403        6968       37153
Swap:         24191           0       24191
Total:        72306        7676       57661

              total        used        free      shared  buff/cache   available
Mem:          48114        7672       33473        2403        6968       37157
Swap:         24191           0       24191
Total:        72306        7672       57665

              total        used        free      shared  buff/cache   available
Mem:          48114        7672       33473        2403        6968       37157
Swap:         24191           0       24191
Total:        72306        7672       57665

              total        used        free      shared  buff/cache   available
Mem:          48114        7672       33473        2403        6968       37157
Swap:         24191           0       24191
Total:        72306        7672       57665

              total        used        free      shared  buff/cache   available
Mem:          48114        7696       33449        2403        6968       37133
Swap:         24191           0       24191
Total:        72306        7696       57640

              total        used        free      shared  buff/cache   available
Mem:          48114        7695       33450        2403        6969       37134
Swap:         24191           0       24191
Total:        72306        7695       57642

              total        used        free      shared  buff/cache   available
Mem:          48114        7687       33458        2403        6969       37142
Swap:         24191           0       24191
Total:        72306        7687       57650

              total        used        free      shared  buff/cache   available
Mem:          48114        7676       33468        2403        6969       37153
Swap:         24191           0       24191
Total:        72306        7676       57660

              total        used        free      shared  buff/cache   available
Mem:          48114        7671       33473        2403        6969       37157
Swap:         24191           0       24191
Total:        72306        7671       57665

              total        used        free      shared  buff/cache   available
Mem:          48114        7673       33471        2403        6969       37155
Swap:         24191           0       24191
Total:        72306        7673       57662

              total        used        free      shared  buff/cache   available
Mem:          48114        7670       33474        2403        6969       37158
Swap:         24191           0       24191
Total:        72306        7670       57666

              total        used        free      shared  buff/cache   available
Mem:          48114        7671       33473        2403        6969       37158
Swap:         24191           0       24191
Total:        72306        7671       57665

              total        used        free      shared  buff/cache   available
Mem:          48114        7681       33463        2403        6969       37148
Swap:         24191           0       24191
Total:        72306        7681       57655

              total        used        free      shared  buff/cache   available
Mem:          48114        7682       33462        2403        6969       37147
Swap:         24191           0       24191
Total:        72306        7682       57654

              total        used        free      shared  buff/cache   available
Mem:          48114        7720       33424        2403        6969       37109
Swap:         24191           0       24191
Total:        72306        7720       57616

              total        used        free      shared  buff/cache   available
Mem:          48114        7698       33446        2403        6969       37131
Swap:         24191           0       24191
Total:        72306        7698       57638

              total        used        free      shared  buff/cache   available
Mem:          48114        7690       33454        2403        6969       37139
Swap:         24191           0       24191
Total:        72306        7690       57645

              total        used        free      shared  buff/cache   available
Mem:          48114        7673       33471        2403        6969       37156
Swap:         24191           0       24191
Total:        72306        7673       57663

              total        used        free      shared  buff/cache   available
Mem:          48114        7675       33469        2403        6969       37154
Swap:         24191           0       24191
Total:        72306        7675       57661

              total        used        free      shared  buff/cache   available
Mem:          48114        7688       33455        2403        6969       37141
Swap:         24191           0       24191
Total:        72306        7688       57647

              total        used        free      shared  buff/cache   available
Mem:          48114        7688       33456        2403        6969       37141
Swap:         24191           0       24191
Total:        72306        7688       57648

              total        used        free      shared  buff/cache   available
Mem:          48114        7688       33455        2403        6970       37140
Swap:         24191           0       24191
Total:        72306        7688       57647

              total        used        free      shared  buff/cache   available
Mem:          48114        7663       33480        2403        6970       37166
Swap:         24191           0       24191
Total:        72306        7663       57672

              total        used        free      shared  buff/cache   available
Mem:          48114        7663       33480        2403        6970       37166
Swap:         24191           0       24191
Total:        72306        7663       57672

              total        used        free      shared  buff/cache   available
Mem:          48114        7665       33478        2403        6970       37164
Swap:         24191           0       24191
Total:        72306        7665       57670

              total        used        free      shared  buff/cache   available
Mem:          48114        7664       33479        2403        6970       37164
Swap:         24191           0       24191
Total:        72306        7665       57670

              total        used        free      shared  buff/cache   available
Mem:          48114        7665       33478        2403        6970       37164
Swap:         24191           0       24191
Total:        72306        7665       57670

              total        used        free      shared  buff/cache   available
Mem:          48114        7673       33470        2403        6970       37156
Swap:         24191           0       24191
Total:        72306        7673       57662

              total        used        free      shared  buff/cache   available
Mem:          48114        7677       33466        2403        6970       37152
Swap:         24191           0       24191
Total:        72306        7677       57658

              total        used        free      shared  buff/cache   available
Mem:          48114        7675       33468        2403        6970       37154
Swap:         24191           0       24191
Total:        72306        7675       57660

              total        used        free      shared  buff/cache   available
Mem:          48114        7669       33474        2403        6970       37160
Swap:         24191           0       24191
Total:        72306        7669       57665

              total        used        free      shared  buff/cache   available
Mem:          48114        7675       33467        2403        6970       37154
Swap:         24191           0       24191
Total:        72306        7675       57659

              total        used        free      shared  buff/cache   available
Mem:          48114        7667       33475        2403        6970       37162
Swap:         24191           0       24191
Total:        72306        7667       57667

              total        used        free      shared  buff/cache   available
Mem:          48114        7675       33467        2403        6971       37154
Swap:         24191           0       24191
Total:        72306        7675       57659

              total        used        free      shared  buff/cache   available
Mem:          48114        7665       33477        2403        6971       37164
Swap:         24191           0       24191
Total:        72306        7665       57669

              total        used        free      shared  buff/cache   available
Mem:          48114        7676       33466        2403        6971       37153
Swap:         24191           0       24191
Total:        72306        7676       57658

              total        used        free      shared  buff/cache   available
Mem:          48114        7677       33465        2403        6971       37151
Swap:         24191           0       24191
Total:        72306        7677       57657

              total        used        free      shared  buff/cache   available
Mem:          48114        7679       33463        2403        6971       37150
Swap:         24191           0       24191
Total:        72306        7679       57655

              total        used        free      shared  buff/cache   available
Mem:          48114        7670       33471        2403        6971       37158
Swap:         24191           0       24191
Total:        72306        7671       57663

              total        used        free      shared  buff/cache   available
Mem:          48114        7670       33472        2403        6971       37159
Swap:         24191           0       24191
Total:        72306        7670       57664

              total        used        free      shared  buff/cache   available
Mem:          48114        7669       33473        2403        6971       37160
Swap:         24191           0       24191
Total:        72306        7669       57665

              total        used        free      shared  buff/cache   available
Mem:          48114        7670       33471        2403        6971       37158
Swap:         24191           0       24191
Total:        72306        7670       57663

              total        used        free      shared  buff/cache   available
Mem:          48114        7671       33471        2403        6971       37158
Swap:         24191           0       24191
Total:        72306        7671       57662

              total        used        free      shared  buff/cache   available
Mem:          48114        7666       33475        2403        6971       37162
Swap:         24191           0       24191
Total:        72306        7666       57667

              total        used        free      shared  buff/cache   available
Mem:          48114        7667       33474        2403        6971       37162
Swap:         24191           0       24191
Total:        72306        7667       57666

              total        used        free      shared  buff/cache   available
Mem:          48114        7692       33449        2403        6971       37136
Swap:         24191           0       24191
Total:        72306        7692       57641

              total        used        free      shared  buff/cache   available
Mem:          48114        7693       33448        2403        6972       37136
Swap:         24191           0       24191
Total:        72306        7693       57640

              total        used        free      shared  buff/cache   available
Mem:          48114        7683       33458        2403        6972       37146
Swap:         24191           0       24191
Total:        72306        7683       57650

              total        used        free      shared  buff/cache   available
Mem:          48114        7693       33448        2403        6972       37136
Swap:         24191           0       24191
Total:        72306        7693       57640

              total        used        free      shared  buff/cache   available
Mem:          48114        7691       33450        2403        6972       37138
Swap:         24191           0       24191
Total:        72306        7691       57642

              total        used        free      shared  buff/cache   available
Mem:          48114        7693       33448        2403        6972       37136
Swap:         24191           0       24191
Total:        72306        7693       57640

              total        used        free      shared  buff/cache   available
Mem:          48114        7679       33462        2403        6972       37150
Swap:         24191           0       24191
Total:        72306        7679       57653

              total        used        free      shared  buff/cache   available
Mem:          48114        7680       33461        2403        6972       37149
Swap:         24191           0       24191
Total:        72306        7680       57653

              total        used        free      shared  buff/cache   available
Mem:          48114        7677       33464        2403        6972       37152
Swap:         24191           0       24191
Total:        72306        7677       57656

              total        used        free      shared  buff/cache   available
Mem:          48114        7678       33463        2403        6972       37151
Swap:         24191           0       24191
Total:        72306        7678       57655

              total        used        free      shared  buff/cache   available
Mem:          48114        7678       33462        2403        6972       37151
Swap:         24191           0       24191
Total:        72306        7678       57654

              total        used        free      shared  buff/cache   available
Mem:          48114        7677       33463        2403        6972       37152
Swap:         24191           0       24191
Total:        72306        7677       57655

              total        used        free      shared  buff/cache   available
Mem:          48114        7677       33463        2403        6973       37152
Swap:         24191           0       24191
Total:        72306        7677       57655

              total        used        free      shared  buff/cache   available
Mem:          48114        7676       33464        2403        6973       37153
Swap:         24191           0       24191
Total:        72306        7676       57656

              total        used        free      shared  buff/cache   available
Mem:          48114        7672       33468        2403        6973       37157
Swap:         24191           0       24191
Total:        72306        7672       57660

              total        used        free      shared  buff/cache   available
Mem:          48114        7673       33467        2403        6973       37156
Swap:         24191           0       24191
Total:        72306        7673       57659

              total        used        free      shared  buff/cache   available
Mem:          48114        7673       33467        2403        6973       37156
Swap:         24191           0       24191
Total:        72306        7673       57659

              total        used        free      shared  buff/cache   available
Mem:          48114        7674       33466        2403        6973       37154
Swap:         24191           0       24191
Total:        72306        7674       57657

              total        used        free      shared  buff/cache   available
Mem:          48114        7673       33467        2403        6973       37156
Swap:         24191           0       24191
Total:        72306        7673       57659

              total        used        free      shared  buff/cache   available
Mem:          48114        7672       33468        2403        6973       37157
Swap:         24191           0       24191
Total:        72306        7672       57660

              total        used        free      shared  buff/cache   available
Mem:          48114        7665       33475        2403        6973       37164
Swap:         24191           0       24191
Total:        72306        7665       57667

              total        used        free      shared  buff/cache   available
Mem:          48114        7671       33469        2403        6973       37158
Swap:         24191           0       24191
Total:        72306        7671       57661

              total        used        free      shared  buff/cache   available
Mem:          48114        7672       33468        2403        6973       37157
Swap:         24191           0       24191
Total:        72306        7672       57660

              total        used        free      shared  buff/cache   available
Mem:          48114        7672       33467        2403        6973       37157
Swap:         24191           0       24191
Total:        72306        7672       57659

              total        used        free      shared  buff/cache   available
Mem:          48114        7674       33465        2403        6974       37155
Swap:         24191           0       24191
Total:        72306        7674       57657

              total        used        free      shared  buff/cache   available
Mem:          48114        7687       33452        2403        6974       37142
Swap:         24191           0       24191
Total:        72306        7687       57644

              total        used        free      shared  buff/cache   available
Mem:          48114        7668       33471        2403        6974       37161
Swap:         24191           0       24191
Total:        72306        7668       57663

              total        used        free      shared  buff/cache   available
Mem:          48114        7684       33455        2403        6974       37144
Swap:         24191           0       24191
Total:        72306        7685       57646

              total        used        free      shared  buff/cache   available
Mem:          48114        7671       33468        2403        6974       37157
Swap:         24191           0       24191
Total:        72306        7672       57659

              total        used        free      shared  buff/cache   available
Mem:          48114        7677       33462        2403        6974       37152
Swap:         24191           0       24191
Total:        72306        7677       57654

              total        used        free      shared  buff/cache   available
Mem:          48114        7677       33461        2403        6974       37152
Swap:         24191           0       24191
Total:        72306        7677       57653

              total        used        free      shared  buff/cache   available
Mem:          48114        7666       33473        2403        6974       37163
Swap:         24191           0       24191
Total:        72306        7666       57664

              total        used        free      shared  buff/cache   available
Mem:          48114        7667       33472        2403        6974       37162
Swap:         24191           0       24191
Total:        72306        7667       57664

              total        used        free      shared  buff/cache   available
Mem:          48114        7666       33473        2403        6974       37163
Swap:         24191           0       24191
Total:        72306        7666       57664

              total        used        free      shared  buff/cache   available
Mem:          48114        7667       33471        2403        6974       37162
Swap:         24191           0       24191
Total:        72306        7667       57663

              total        used        free      shared  buff/cache   available
Mem:          48114        7665       33473        2403        6975       37164
Swap:         24191           0       24191
Total:        72306        7665       57665

              total        used        free      shared  buff/cache   available
Mem:          48114        7664       33475        2403        6975       37165
Swap:         24191           0       24191
Total:        72306        7664       57667

              total        used        free      shared  buff/cache   available
Mem:          48114        7667       33471        2403        6975       37162
Swap:         24191           0       24191
Total:        72306        7667       57663

              total        used        free      shared  buff/cache   available
Mem:          48114        7679       33459        2403        6975       37150
Swap:         24191           0       24191
Total:        72306        7679       57651

              total        used        free      shared  buff/cache   available
Mem:          48114        7675       33463        2403        6975       37154
Swap:         24191           0       24191
Total:        72306        7675       57655

              total        used        free      shared  buff/cache   available
Mem:          48114        7673       33464        2403        6975       37155
Swap:         24191           0       24191
Total:        72306        7674       57656

              total        used        free      shared  buff/cache   available
Mem:          48114        7671       33466        2403        6975       37157
Swap:         24191           0       24191
Total:        72306        7672       57658

              total        used        free      shared  buff/cache   available
Mem:          48114        7673       33465        2403        6975       37156
Swap:         24191           0       24191
Total:        72306        7673       57657

              total        used        free      shared  buff/cache   available
Mem:          48114        7673       33464        2403        6975       37156
Swap:         24191           0       24191
Total:        72306        7673       57656

              total        used        free      shared  buff/cache   available
Mem:          48114        7673       33464        2403        6975       37156
Swap:         24191           0       24191
Total:        72306        7673       57656

              total        used        free      shared  buff/cache   available
Mem:          48114        7671       33466        2403        6976       37158
Swap:         24191           0       24191
Total:        72306        7671       57658

              total        used        free      shared  buff/cache   available
Mem:          48114        7670       33467        2403        6976       37159
Swap:         24191           0       24191
Total:        72306        7670       57659

              total        used        free      shared  buff/cache   available
Mem:          48114        7672       33465        2403        6976       37157
Swap:         24191           0       24191
Total:        72306        7672       57657

              total        used        free      shared  buff/cache   available
Mem:          48114        7671       33466        2403        6976       37158
Swap:         24191           0       24191
Total:        72306        7671       57658

              total        used        free      shared  buff/cache   available
Mem:          48114        7669       33468        2403        6976       37160
Swap:         24191           0       24191
Total:        72306        7669       57660

              total        used        free      shared  buff/cache   available
Mem:          48114        7670       33467        2403        6976       37158
Swap:         24191           0       24191
Total:        72306        7670       57658

              total        used        free      shared  buff/cache   available
Mem:          48114        7670       33467        2403        6976       37159
Swap:         24191           0       24191
Total:        72306        7670       57659

              total        used        free      shared  buff/cache   available
Mem:          48114        7669       33467        2403        6976       37160
Swap:         24191           0       24191
Total:        72306        7669       57659

              total        used        free      shared  buff/cache   available
Mem:          48114        7669       33468        2403        6976       37160
Swap:         24191           0       24191
Total:        72306        7669       57660

              total        used        free      shared  buff/cache   available
Mem:          48114        7670       33467        2403        6976       37159
Swap:         24191           0       24191
Total:        72306        7670       57659

              total        used        free      shared  buff/cache   available
Mem:          48114        7669       33468        2403        6976       37160
Swap:         24191           0       24191
Total:        72306        7669       57660

              total        used        free      shared  buff/cache   available
Mem:          48114        7670       33467        2403        6976       37159
Swap:         24191           0       24191
Total:        72306        7670       57659

              total        used        free      shared  buff/cache   available
Mem:          48114        7669       33467        2403        6977       37160
Swap:         24191           0       24191
Total:        72306        7669       57659

              total        used        free      shared  buff/cache   available
Mem:          48114        7669       33467        2403        6977       37160
Swap:         24191           0       24191
Total:        72306        7669       57659

              total        used        free      shared  buff/cache   available
Mem:          48114        7669       33467        2403        6977       37160
Swap:         24191           0       24191
Total:        72306        7669       57659

              total        used        free      shared  buff/cache   available
Mem:          48114        7669       33467        2403        6977       37160
Swap:         24191           0       24191
Total:        72306        7669       57659

              total        used        free      shared  buff/cache   available
Mem:          48114        7668       33468        2403        6977       37161
Swap:         24191           0       24191
Total:        72306        7668       57660

              total        used        free      shared  buff/cache   available
Mem:          48114        7673       33463        2403        6977       37156
Swap:         24191           0       24191
Total:        72306        7673       57654

              total        used        free      shared  buff/cache   available
Mem:          48114        7674       33462        2403        6977       37155
Swap:         24191           0       24191
Total:        72306        7674       57654

              total        used        free      shared  buff/cache   available
Mem:          48114        7676       33460        2403        6977       37153
Swap:         24191           0       24191
Total:        72306        7676       57652

              total        used        free      shared  buff/cache   available
Mem:          48114        7673       33462        2403        6977       37155
Swap:         24191           0       24191
Total:        72306        7673       57654

              total        used        free      shared  buff/cache   available
Mem:          48114        7673       33462        2403        6977       37156
Swap:         24191           0       24191
Total:        72306        7673       57654

              total        used        free      shared  buff/cache   available
Mem:          48114        7674       33462        2403        6977       37155
Swap:         24191           0       24191
Total:        72306        7674       57654

              total        used        free      shared  buff/cache   available
Mem:          48114        7674       33462        2403        6977       37155
Swap:         24191           0       24191
Total:        72306        7674       57654

              total        used        free      shared  buff/cache   available
Mem:          48114        7674       33462        2403        6978       37155
Swap:         24191           0       24191
Total:        72306        7674       57653

              total        used        free      shared  buff/cache   available
Mem:          48114        7673       33462        2403        6978       37156
Swap:         24191           0       24191
Total:        72306        7673       57654

              total        used        free      shared  buff/cache   available
Mem:          48114        7674       33461        2403        6978       37155
Swap:         24191           0       24191
Total:        72306        7674       57653

              total        used        free      shared  buff/cache   available
Mem:          48114        7671       33464        2403        6978       37158
Swap:         24191           0       24191
Total:        72306        7671       57656

              total        used        free      shared  buff/cache   available
Mem:          48114        7670       33464        2403        6978       37158
Swap:         24191           0       24191
Total:        72306        7671       57656

              total        used        free      shared  buff/cache   available
Mem:          48114        7672       33463        2403        6978       37157
Swap:         24191           0       24191
Total:        72306        7672       57655

              total        used        free      shared  buff/cache   available
Mem:          48114        7674       33461        2403        6978       37155
Swap:         24191           0       24191
Total:        72306        7674       57653

              total        used        free      shared  buff/cache   available
Mem:          48114        7674       33461        2403        6978       37155
Swap:         24191           0       24191
Total:        72306        7674       57653

              total        used        free      shared  buff/cache   available
Mem:          48114        7673       33462        2403        6978       37156
Swap:         24191           0       24191
Total:        72306        7673       57654

              total        used        free      shared  buff/cache   available
Mem:          48114        7673       33462        2403        6978       37156
Swap:         24191           0       24191
Total:        72306        7673       57654

              total        used        free      shared  buff/cache   available
Mem:          48114        7672       33463        2403        6978       37157
Swap:         24191           0       24191
Total:        72306        7672       57654

              total        used        free      shared  buff/cache   available
Mem:          48114        7674       33460        2403        6978       37155
Swap:         24191           0       24191
Total:        72306        7674       57652

              total        used        free      shared  buff/cache   available
Mem:          48114        7674       33460        2403        6979       37155
Swap:         24191           0       24191
Total:        72306        7674       57652

              total        used        free      shared  buff/cache   available
Mem:          48114        7673       33461        2403        6979       37156
Swap:         24191           0       24191
Total:        72306        7673       57653

              total        used        free      shared  buff/cache   available
Mem:          48114        7677       33457        2403        6979       37152
Swap:         24191           0       24191
Total:        72306        7677       57649

              total        used        free      shared  buff/cache   available
Mem:          48114        7675       33459        2403        6979       37154
Swap:         24191           0       24191
Total:        72306        7675       57650

              total        used        free      shared  buff/cache   available
Mem:          48114        7672       33462        2403        6979       37157
Swap:         24191           0       24191
Total:        72306        7672       57654

              total        used        free      shared  buff/cache   available
Mem:          48114        7674       33460        2403        6979       37155
Swap:         24191           0       24191
Total:        72306        7674       57652

              total        used        free      shared  buff/cache   available
Mem:          48114        7676       33458        2403        6979       37153
Swap:         24191           0       24191
Total:        72306        7676       57650

              total        used        free      shared  buff/cache   available
Mem:          48114        7675       33458        2403        6979       37153
Swap:         24191           0       24191
Total:        72306        7675       57650

              total        used        free      shared  buff/cache   available
Mem:          48114        7687       33446        2403        6979       37142
Swap:         24191           0       24191
Total:        72306        7687       57638

              total        used        free      shared  buff/cache   available
Mem:          48114        7696       33437        2403        6979       37133
Swap:         24191           0       24191
Total:        72306        7696       57629

              total        used        free      shared  buff/cache   available
Mem:          48114        7685       33449        2403        6980       37144
Swap:         24191           0       24191
Total:        72306        7685       57641

              total        used        free      shared  buff/cache   available
Mem:          48114        7680       33453        2403        6980       37149
Swap:         24191           0       24191
Total:        72306        7680       57645

              total        used        free      shared  buff/cache   available
Mem:          48114        7682       33451        2403        6980       37147
Swap:         24191           0       24191
Total:        72306        7682       57643

              total        used        free      shared  buff/cache   available
Mem:          48114        7678       33455        2403        6980       37150
Swap:         24191           0       24191
Total:        72306        7679       57646

              total        used        free      shared  buff/cache   available
Mem:          48114        7673       33460        2403        6980       37156
Swap:         24191           0       24191
Total:        72306        7673       57652

              total        used        free      shared  buff/cache   available
Mem:          48114        7674       33459        2403        6980       37155
Swap:         24191           0       24191
Total:        72306        7674       57651

              total        used        free      shared  buff/cache   available
Mem:          48114        7674       33458        2403        6980       37154
Swap:         24191           0       24191
Total:        72306        7675       57650

              total        used        free      shared  buff/cache   available
Mem:          48114        7674       33459        2403        6980       37155
Swap:         24191           0       24191
Total:        72306        7674       57651

              total        used        free      shared  buff/cache   available
Mem:          48114        7677       33455        2403        6980       37152
Swap:         24191           0       24191
Total:        72306        7677       57647

              total        used        free      shared  buff/cache   available
Mem:          48114        7674       33458        2403        6980       37155
Swap:         24191           0       24191
Total:        72306        7674       57650

              total        used        free      shared  buff/cache   available
Mem:          48114        7672       33460        2403        6980       37157
Swap:         24191           0       24191
Total:        72306        7672       57652

              total        used        free      shared  buff/cache   available
Mem:          48114        7674       33459        2403        6980       37155
Swap:         24191           0       24191
Total:        72306        7674       57651

              total        used        free      shared  buff/cache   available
Mem:          48114        7678       33454        2403        6981       37151
Swap:         24191           0       24191
Total:        72306        7678       57646

              total        used        free      shared  buff/cache   available
Mem:          48114        7674       33459        2403        6981       37155
Swap:         24191           0       24191
Total:        72306        7674       57650

              total        used        free      shared  buff/cache   available
Mem:          48114        7674       33458        2403        6981       37155
Swap:         24191           0       24191
Total:        72306        7674       57650

              total        used        free      shared  buff/cache   available
Mem:          48114        7673       33459        2403        6981       37156
Swap:         24191           0       24191
Total:        72306        7673       57651

              total        used        free      shared  buff/cache   available
Mem:          48114        7673       33458        2403        6981       37156
Swap:         24191           0       24191
Total:        72306        7673       57650

              total        used        free      shared  buff/cache   available
Mem:          48114        7673       33459        2403        6981       37156
Swap:         24191           0       24191
Total:        72306        7673       57651

              total        used        free      shared  buff/cache   available
Mem:          48114        7674       33457        2403        6981       37154
Swap:         24191           0       24191
Total:        72306        7675       57649

              total        used        free      shared  buff/cache   available
Mem:          48114        7676       33456        2403        6981       37153
Swap:         24191           0       24191
Total:        72306        7676       57648

              total        used        free      shared  buff/cache   available
Mem:          48114        7674       33458        2403        6981       37155
Swap:         24191           0       24191
Total:        72306        7674       57650

              total        used        free      shared  buff/cache   available
Mem:          48114        7674       33458        2403        6981       37155
Swap:         24191           0       24191
Total:        72306        7674       57650

              total        used        free      shared  buff/cache   available
Mem:          48114        7675       33457        2403        6981       37154
Swap:         24191           0       24191
Total:        72306        7675       57649

              total        used        free      shared  buff/cache   available
Mem:          48114        7674       33457        2403        6982       37155
Swap:         24191           0       24191
Total:        72306        7675       57649

              total        used        free      shared  buff/cache   available
Mem:          48114        7675       33456        2403        6982       37154
Swap:         24191           0       24191
Total:        72306        7675       57648

              total        used        free      shared  buff/cache   available
Mem:          48114        7674       33457        2403        6982       37155
Swap:         24191           0       24191
Total:        72306        7674       57649

              total        used        free      shared  buff/cache   available
Mem:          48114        7674       33457        2403        6982       37155
Swap:         24191           0       24191
Total:        72306        7674       57649

              total        used        free      shared  buff/cache   available
Mem:          48114        7675       33456        2403        6982       37154
Swap:         24191           0       24191
Total:        72306        7675       57647

              total        used        free      shared  buff/cache   available
Mem:          48114        7678       33453        2403        6982       37151
Swap:         24191           0       24191
Total:        72306        7678       57645

              total        used        free      shared  buff/cache   available
Mem:          48114        7676       33455        2403        6982       37153
Swap:         24191           0       24191
Total:        72306        7676       57647

              total        used        free      shared  buff/cache   available
Mem:          48114        7675       33456        2403        6982       37154
Swap:         24191           0       24191
Total:        72306        7675       57648

              total        used        free      shared  buff/cache   available
Mem:          48114        7675       33455        2403        6982       37154
Swap:         24191           0       24191
Total:        72306        7675       57647

              total        used        free      shared  buff/cache   available
Mem:          48114        7677       33454        2403        6982       37152
Swap:         24191           0       24191
Total:        72306        7677       57646

              total        used        free      shared  buff/cache   available
Mem:          48114        7676       33454        2403        6982       37153
Swap:         24191           0       24191
Total:        72306        7676       57646

              total        used        free      shared  buff/cache   available
Mem:          48114        7675       33456        2403        6983       37155
Swap:         24191           0       24191
Total:        72306        7675       57648

              total        used        free      shared  buff/cache   available
Mem:          48114        7673       33457        2403        6983       37156
Swap:         24191           0       24191
Total:        72306        7673       57649

              total        used        free      shared  buff/cache   available
Mem:          48114        7674       33456        2403        6983       37155
Swap:         24191           0       24191
Total:        72306        7674       57648

              total        used        free      shared  buff/cache   available
Mem:          48114        7674       33456        2403        6983       37155
Swap:         24191           0       24191
Total:        72306        7674       57648

              total        used        free      shared  buff/cache   available
Mem:          48114        7674       33456        2403        6983       37155
Swap:         24191           0       24191
Total:        72306        7674       57648

              total        used        free      shared  buff/cache   available
Mem:          48114        7671       33459        2403        6983       37158
Swap:         24191           0       24191
Total:        72306        7671       57650

              total        used        free      shared  buff/cache   available
Mem:          48114        7674       33456        2403        6983       37155
Swap:         24191           0       24191
Total:        72306        7674       57648

              total        used        free      shared  buff/cache   available
Mem:          48114        7676       33454        2403        6983       37153
Swap:         24191           0       24191
Total:        72306        7676       57646

              total        used        free      shared  buff/cache   available
Mem:          48114        7673       33456        2403        6983       37156
Swap:         24191           0       24191
Total:        72306        7673       57648

              total        used        free      shared  buff/cache   available
Mem:          48114        7677       33452        2403        6983       37152
Swap:         24191           0       24191
Total:        72306        7677       57644

              total        used        free      shared  buff/cache   available
Mem:          48114        7678       33451        2403        6983       37151
Swap:         24191           0       24191
Total:        72306        7678       57643

              total        used        free      shared  buff/cache   available
Mem:          48114        7675       33454        2403        6983       37154
Swap:         24191           0       24191
Total:        72306        7675       57646

              total        used        free      shared  buff/cache   available
Mem:          48114        7674       33455        2403        6984       37155
Swap:         24191           0       24191
Total:        72306        7675       57647

              total        used        free      shared  buff/cache   available
Mem:          48114        7671       33458        2403        6984       37158
Swap:         24191           0       24191
Total:        72306        7671       57650

              total        used        free      shared  buff/cache   available
Mem:          48114        7672       33457        2403        6984       37157
Swap:         24191           0       24191
Total:        72306        7672       57649

              total        used        free      shared  buff/cache   available
Mem:          48114        7675       33454        2403        6984       37154
Swap:         24191           0       24191
Total:        72306        7675       57646

              total        used        free      shared  buff/cache   available
Mem:          48114        7674       33455        2403        6984       37155
Swap:         24191           0       24191
Total:        72306        7674       57647

              total        used        free      shared  buff/cache   available
Mem:          48114        7674       33455        2403        6984       37155
Swap:         24191           0       24191
Total:        72306        7674       57647

              total        used        free      shared  buff/cache   available
Mem:          48114        7673       33456        2403        6984       37156
Swap:         24191           0       24191
Total:        72306        7673       57648

              total        used        free      shared  buff/cache   available
Mem:          48114        7672       33456        2403        6984       37157
Swap:         24191           0       24191
Total:        72306        7672       57648

              total        used        free      shared  buff/cache   available
Mem:          48114        7670       33458        2403        6984       37159
Swap:         24191           0       24191
Total:        72306        7670       57650

              total        used        free      shared  buff/cache   available
Mem:          48114        7672       33456        2403        6984       37157
Swap:         24191           0       24191
Total:        72306        7672       57648

              total        used        free      shared  buff/cache   available
Mem:          48114        7674       33454        2403        6984       37154
Swap:         24191           0       24191
Total:        72306        7675       57646

              total        used        free      shared  buff/cache   available
Mem:          48114        7673       33455        2403        6984       37156
Swap:         24191           0       24191
Total:        72306        7673       57647

              total        used        free      shared  buff/cache   available
Mem:          48114        7674       33454        2403        6985       37155
Swap:         24191           0       24191
Total:        72306        7674       57646

              total        used        free      shared  buff/cache   available
Mem:          48114        7681       33447        2403        6985       37148
Swap:         24191           0       24191
Total:        72306        7681       57639

              total        used        free      shared  buff/cache   available
Mem:          48114        7682       33446        2403        6985       37147
Swap:         24191           0       24191
Total:        72306        7682       57638

              total        used        free      shared  buff/cache   available
Mem:          48114        7678       33450        2403        6985       37151
Swap:         24191           0       24191
Total:        72306        7678       57642

              total        used        free      shared  buff/cache   available
Mem:          48114        7677       33451        2403        6985       37152
Swap:         24191           0       24191
Total:        72306        7677       57643

              total        used        free      shared  buff/cache   available
Mem:          48114        7676       33452        2403        6985       37153
Swap:         24191           0       24191
Total:        72306        7676       57644

              total        used        free      shared  buff/cache   available
Mem:          48114        7676       33452        2403        6985       37153
Swap:         24191           0       24191
Total:        72306        7676       57643

              total        used        free      shared  buff/cache   available
Mem:          48114        7676       33452        2403        6985       37153
Swap:         24191           0       24191
Total:        72306        7676       57643

              total        used        free      shared  buff/cache   available
Mem:          48114        7676       33451        2403        6985       37153
Swap:         24191           0       24191
Total:        72306        7676       57643

              total        used        free      shared  buff/cache   available
Mem:          48114        7673       33455        2403        6985       37156
Swap:         24191           0       24191
Total:        72306        7673       57647

              total        used        free      shared  buff/cache   available
Mem:          48114        7672       33456        2403        6985       37157
Swap:         24191           0       24191
Total:        72306        7672       57648

              total        used        free      shared  buff/cache   available
Mem:          48114        7675       33453        2403        6985       37154
Swap:         24191           0       24191
Total:        72306        7675       57645

              total        used        free      shared  buff/cache   available
Mem:          48114        7676       33451        2403        6986       37153
Swap:         24191           0       24191
Total:        72306        7676       57643

              total        used        free      shared  buff/cache   available
Mem:          48114        7675       33452        2403        6986       37154
Swap:         24191           0       24191
Total:        72306        7675       57644

              total        used        free      shared  buff/cache   available
Mem:          48114        7675       33452        2403        6986       37154
Swap:         24191           0       24191
Total:        72306        7675       57644

              total        used        free      shared  buff/cache   available
Mem:          48114        7673       33454        2403        6986       37156
Swap:         24191           0       24191
Total:        72306        7673       57646

              total        used        free      shared  buff/cache   available
Mem:          48114        7671       33455        2403        6986       37158
Swap:         24191           0       24191
Total:        72306        7672       57647

              total        used        free      shared  buff/cache   available
Mem:          48114        7675       33451        2403        6986       37154
Swap:         24191           0       24191
Total:        72306        7675       57643

              total        used        free      shared  buff/cache   available
Mem:          48114        7676       33450        2403        6986       37153
Swap:         24191           0       24191
Total:        72306        7676       57642

              total        used        free      shared  buff/cache   available
Mem:          48114        7673       33453        2403        6986       37156
Swap:         24191           0       24191
Total:        72306        7673       57645

              total        used        free      shared  buff/cache   available
Mem:          48114        7674       33453        2403        6986       37155
Swap:         24191           0       24191
Total:        72306        7674       57645

              total        used        free      shared  buff/cache   available
Mem:          48114        7675       33452        2403        6986       37154
Swap:         24191           0       24191
Total:        72306        7675       57644

              total        used        free      shared  buff/cache   available
Mem:          48114        7675       33451        2403        6986       37154
Swap:         24191           0       24191
Total:        72306        7675       57643

              total        used        free      shared  buff/cache   available
Mem:          48114        7676       33450        2403        6986       37153
Swap:         24191           0       24191
Total:        72306        7676       57642

              total        used        free      shared  buff/cache   available
Mem:          48114        7674       33452        2403        6986       37155
Swap:         24191           0       24191
Total:        72306        7674       57644

              total        used        free      shared  buff/cache   available
Mem:          48114        7676       33451        2403        6987       37153
Swap:         24191           0       24191
Total:        72306        7676       57642

              total        used        free      shared  buff/cache   available
Mem:          48114        7677       33449        2403        6987       37152
Swap:         24191           0       24191
Total:        72306        7677       57641

              total        used        free      shared  buff/cache   available
Mem:          48114        7675       33451        2403        6987       37154
Swap:         24191           0       24191
Total:        72306        7675       57643

              total        used        free      shared  buff/cache   available
Mem:          48114        7673       33453        2403        6987       37156
Swap:         24191           0       24191
Total:        72306        7673       57645

              total        used        free      shared  buff/cache   available
Mem:          48114        7675       33451        2403        6987       37154
Swap:         24191           0       24191
Total:        72306        7675       57643

              total        used        free      shared  buff/cache   available
Mem:          48114        7674       33452        2403        6987       37155
Swap:         24191           0       24191
Total:        72306        7674       57644

              total        used        free      shared  buff/cache   available
Mem:          48114        7674       33452        2403        6987       37155
Swap:         24191           0       24191
Total:        72306        7674       57643

              total        used        free      shared  buff/cache   available
Mem:          48114        7674       33452        2403        6987       37155
Swap:         24191           0       24191
Total:        72306        7674       57644

              total        used        free      shared  buff/cache   available
Mem:          48114        7673       33453        2403        6987       37156
Swap:         24191           0       24191
Total:        72306        7673       57645

              total        used        free      shared  buff/cache   available
Mem:          48114        7676       33449        2403        6987       37153
Swap:         24191           0       24191
Total:        72306        7676       57641

              total        used        free      shared  buff/cache   available
Mem:          48114        7675       33450        2403        6987       37154
Swap:         24191           0       24191
Total:        72306        7675       57642

              total        used        free      shared  buff/cache   available
Mem:          48114        7676       33449        2403        6988       37153
Swap:         24191           0       24191
Total:        72306        7676       57641

              total        used        free      shared  buff/cache   available
Mem:          48114        7674       33451        2403        6988       37155
Swap:         24191           0       24191
Total:        72306        7674       57643

              total        used        free      shared  buff/cache   available
Mem:          48114        7676       33449        2403        6988       37153
Swap:         24191           0       24191
Total:        72306        7676       57641

              total        used        free      shared  buff/cache   available
Mem:          48114        7675       33450        2403        6988       37154
Swap:         24191           0       24191
Total:        72306        7675       57642

              total        used        free      shared  buff/cache   available
Mem:          48114        7672       33453        2403        6988       37158
Swap:         24191           0       24191
Total:        72306        7672       57645

              total        used        free      shared  buff/cache   available
Mem:          48114        7671       33454        2403        6988       37158
Swap:         24191           0       24191
Total:        72306        7671       57645

              total        used        free      shared  buff/cache   available
Mem:          48114        7674       33451        2403        6988       37155
Swap:         24191           0       24191
Total:        72306        7674       57643

              total        used        free      shared  buff/cache   available
Mem:          48114        7671       33454        2403        6988       37158
Swap:         24191           0       24191
Total:        72306        7671       57645

              total        used        free      shared  buff/cache   available
Mem:          48114        7673       33451        2403        6988       37156
Swap:         24191           0       24191
Total:        72306        7674       57643

              total        used        free      shared  buff/cache   available
Mem:          48114        7675       33450        2403        6988       37154
Swap:         24191           0       24191
Total:        72306        7675       57642

              total        used        free      shared  buff/cache   available
Mem:          48114        7673       33452        2403        6988       37156
Swap:         24191           0       24191
Total:        72306        7673       57643

              total        used        free      shared  buff/cache   available
Mem:          48114        7674       33450        2403        6988       37155
Swap:         24191           0       24191
Total:        72306        7674       57642

              total        used        free      shared  buff/cache   available
Mem:          48114        7674       33450        2403        6989       37155
Swap:         24191           0       24191
Total:        72306        7674       57642

              total        used        free      shared  buff/cache   available
Mem:          48114        7675       33449        2403        6989       37154
Swap:         24191           0       24191
Total:        72306        7675       57641

              total        used        free      shared  buff/cache   available
Mem:          48114        7673       33451        2403        6989       37156
Swap:         24191           0       24191
Total:        72306        7673       57643

              total        used        free      shared  buff/cache   available
Mem:          48114        7675       33449        2403        6989       37155
Swap:         24191           0       24191
Total:        72306        7675       57641

              total        used        free      shared  buff/cache   available
Mem:          48114        7672       33452        2403        6989       37157
Swap:         24191           0       24191
Total:        72306        7672       57644
