12:56:47 PM      eth0     30.00     25.00      6.50      6.65      0.00      0.00      0.00
12:56:48 PM      eth0     48.00     39.00     11.67      9.62      0.00      0.00      0.00
12:56:49 PM      eth0     42.00     39.00      9.24      8.92      0.00      0.00      0.00
12:56:50 PM      eth0     48.00     42.00     11.90     10.09      0.00      0.00      0.00
12:56:51 PM      eth0     52.00     49.00     13.49     12.35      0.00      0.00      0.00
12:56:52 PM      eth0     44.00     32.00     10.36      8.68      0.00      0.00      0.00
12:56:53 PM      eth0     54.00     56.00     18.71     14.56      0.00      0.00      0.00
12:56:54 PM      eth0     52.00     49.00     12.72     11.19      0.00      0.00      0.00
12:56:55 PM      eth0     27.00     21.00      6.12      5.04      0.00      0.00      0.00
12:56:56 PM      eth0     58.00     50.00     15.35     13.21      0.00      0.00      0.00
12:56:57 PM      eth0     39.00     34.00      9.02      6.97      0.00      0.00      0.00
12:56:58 PM      eth0     51.00     42.00     12.35     10.09      0.00      0.00      0.00
12:56:59 PM      eth0     41.00     35.00     10.89      8.98      0.00      0.00      0.00
12:57:00 PM      eth0     47.00     39.00     11.50      9.71      0.00      0.00      0.00
12:57:01 PM      eth0     45.00     41.00     10.08      9.31      0.00      0.00      0.00
12:57:02 PM      eth0 111213.00  32990.00  85414.02   3812.74      0.00      0.00      0.00
12:57:03 PM      eth0 175705.00  50970.00 135035.08   5858.31      0.00      0.00      0.00
12:57:04 PM      eth0 174901.00  49627.00 134414.59   5696.45      0.00      0.00      0.00
12:57:05 PM      eth0 171017.00  49243.00 131429.53   5657.73      0.00      0.00      0.00
12:57:06 PM      eth0 177275.00  50804.00 136239.14   5834.09      0.00      0.00      0.00
12:57:07 PM      eth0 173153.00  49959.00 133072.58   5741.65      0.00      0.00      0.00
12:57:08 PM      eth0 170596.00  49377.00 131105.26   5675.42      0.00      0.00      0.00
12:57:09 PM      eth0 170707.00  50269.00 131191.28   5783.48      0.00      0.00      0.00
12:57:10 PM      eth0 173746.00  49688.00 133526.20   5708.25      0.00      0.00      0.00
12:57:11 PM      eth0 173714.00  49594.00 133497.03   5702.92      0.00      0.00      0.00
12:57:12 PM      eth0 175402.00  51831.00 134754.44   6010.19      0.00      0.00      0.00
12:57:13 PM      eth0 178429.00  52144.00 137120.24   6006.79      0.00      0.00      0.00
12:57:14 PM      eth0 179796.00  52689.00 138177.37   6058.79      0.00      0.00      0.00
12:57:15 PM      eth0 174260.00  50868.00 133920.80   5854.61      0.00      0.00      0.00
12:57:16 PM      eth0 177680.00  51483.00 136551.44   5918.80      0.00      0.00      0.00
12:57:17 PM      eth0 179835.00  53030.00 138202.83   6112.61      0.00      0.00      0.00
12:57:18 PM      eth0 178301.00  52690.00 137027.65   6065.72      0.00      0.00      0.00
12:57:19 PM      eth0 175479.00  51564.00 134857.81   5933.03      0.00      0.00      0.00
12:57:20 PM      eth0 178792.00  52208.00 137406.88   6008.82      0.00      0.00      0.00
12:57:21 PM      eth0 179014.00  52573.00 137571.00   6058.25      0.00      0.00      0.00
12:57:22 PM      eth0 177797.00  52368.00 136639.00   6025.79      0.00      0.00      0.00
12:57:23 PM      eth0 176696.00  52506.00 135794.10   6046.33      0.00      0.00      0.00
12:57:24 PM      eth0 176799.00  52298.00 135871.89   6020.32      0.00      0.00      0.00
12:57:25 PM      eth0 176965.00  51425.00 135999.78   5918.90      0.00      0.00      0.00
12:57:26 PM      eth0 176397.00  51885.00 135562.99   5971.26      0.00      0.00      0.00
12:57:27 PM      eth0 176714.00  51099.00 135807.13   5877.09      0.00      0.00      0.00
12:57:28 PM      eth0 176878.00  51958.00 135931.96   5981.07      0.00      0.00      0.00
12:57:29 PM      eth0 177364.00  52761.00 136305.72   6078.34      0.00      0.00      0.00
12:57:30 PM      eth0 177575.00  53125.00 136469.74   6122.48      0.00      0.00      0.00
12:57:31 PM      eth0 177630.00  51371.00 136507.10   5914.91      0.00      0.00      0.00
12:57:32 PM      eth0 177201.00  52098.00 136181.19   5999.53      0.00      0.00      0.00
12:57:33 PM      eth0 177709.00  52627.00 136569.36   6064.55      0.00      0.00      0.00
12:57:34 PM      eth0 177728.00  52702.00 136587.23   6072.09      0.00      0.00      0.00
12:57:35 PM      eth0 176092.00  52638.00 135328.33   6063.16      0.00      0.00      0.00
12:57:36 PM      eth0 175903.00  52022.00 135184.39   5992.46      0.00      0.00      0.00
12:57:37 PM      eth0 175525.00  53043.00 134894.20   6116.55      0.00      0.00      0.00
12:57:38 PM      eth0 175119.00  51811.00 134581.46   5971.53      0.00      0.00      0.00
12:57:39 PM      eth0 176656.00  52129.00 135764.25   6005.21      0.00      0.00      0.00
12:57:40 PM      eth0 177166.00  52306.00 136154.72   6022.30      0.00      0.00      0.00
12:57:41 PM      eth0 177800.00  51825.00 136637.75   5970.56      0.00      0.00      0.00
12:57:42 PM      eth0 176052.48  50172.28 135297.60   5762.12      0.00      0.00      0.00
12:57:43 PM      eth0 177129.00  52773.00 136126.96   6093.92      0.00      0.00      0.00
12:57:44 PM      eth0 177015.00  51403.00 136038.89   5920.38      0.00      0.00      0.00
12:57:45 PM      eth0 171411.00  50595.00 131732.58   5827.36      0.00      0.00      0.00
12:57:46 PM      eth0 169322.00  49975.00 130128.70   5758.02      0.00      0.00      0.00
12:57:47 PM      eth0 174344.00  51506.00 133981.90   5939.95      0.00      0.00      0.00
12:57:48 PM      eth0 175146.00  51236.00 134603.17   5901.68      0.00      0.00      0.00
12:57:49 PM      eth0 176242.00  51694.00 135443.22   5951.82      0.00      0.00      0.00
12:57:50 PM      eth0 176475.00  52219.00 135620.94   6019.07      0.00      0.00      0.00
12:57:51 PM      eth0 175122.00  51737.00 134577.04   5961.68      0.00      0.00      0.00
12:57:52 PM      eth0 176534.00  52058.00 135667.61   5993.17      0.00      0.00      0.00
12:57:53 PM      eth0 177388.00  53394.00 136322.13   6166.00      0.00      0.00      0.00
12:57:54 PM      eth0 177304.00  51992.00 136260.78   5992.48      0.00      0.00      0.00
12:57:55 PM      eth0 173196.00  50908.00 133097.06   5866.55      0.00      0.00      0.00
12:57:56 PM      eth0 171128.00  50326.00 131514.13   5793.96      0.00      0.00      0.00
12:57:57 PM      eth0 172840.00  50697.00 132831.31   5841.53      0.00      0.00      0.00
12:57:58 PM      eth0 169275.00  49656.00 130090.38   5714.72      0.00      0.00      0.00
12:57:59 PM      eth0 170491.00  50471.00 131025.54   5819.97      0.00      0.00      0.00
12:58:00 PM      eth0 166687.00  49487.00 128101.72   5706.82      0.00      0.00      0.00
12:58:01 PM      eth0 169393.00  50991.00 130177.68   5884.99      0.00      0.00      0.00
12:58:02 PM      eth0 176909.00  52368.00 135956.03   6033.20      0.00      0.00      0.00
12:58:03 PM      eth0 177272.00  52246.00 136237.55   6021.59      0.00      0.00      0.00
12:58:04 PM      eth0 176618.00  51010.00 135733.46   5865.36      0.00      0.00      0.00
12:58:05 PM      eth0 177132.00  51148.00 136128.59   5887.64      0.00      0.00      0.00
12:58:06 PM      eth0 177947.00  51558.00 136755.64   5933.89      0.00      0.00      0.00
12:58:07 PM      eth0 177693.00  51521.00 136559.61   5929.24      0.00      0.00      0.00
12:58:08 PM      eth0 171851.00  49559.00 132070.13   5701.11      0.00      0.00      0.00
12:58:09 PM      eth0 172433.00  49590.00 132516.75   5707.69      0.00      0.00      0.00
12:58:10 PM      eth0 176745.00  50815.00 135830.45   5846.13      0.00      0.00      0.00
12:58:11 PM      eth0 174234.00  50017.00 133897.06   5756.79      0.00      0.00      0.00
12:58:12 PM      eth0 178075.00  52079.00 136792.04   6057.57      0.00      0.00      0.00
12:58:13 PM      eth0 178520.00  51195.00 137196.62   5891.23      0.00      0.00      0.00
12:58:14 PM      eth0 177087.00  50304.00 136092.43   5788.77      0.00      0.00      0.00
12:58:15 PM      eth0 175517.00  50824.00 134886.67   5847.70      0.00      0.00      0.00
12:58:16 PM      eth0 175681.00  50743.00 135014.10   5847.57      0.00      0.00      0.00
12:58:17 PM      eth0 177915.00  51156.00 136726.60   5885.10      0.00      0.00      0.00
12:58:18 PM      eth0 178147.00  52401.00 136908.74   6043.12      0.00      0.00      0.00
12:58:19 PM      eth0 179722.00  53129.00 138119.09   6130.55      0.00      0.00      0.00
12:58:20 PM      eth0 177633.00  52998.00 136513.67   6113.09      0.00      0.00      0.00
12:58:21 PM      eth0 177085.00  52372.00 136088.91   6034.86      0.00      0.00      0.00
12:58:22 PM      eth0 175694.00  52381.00 135022.90   6052.84      0.00      0.00      0.00
12:58:23 PM      eth0 111089.00  31400.00  85370.22   3606.77      0.00      0.00      0.00
12:58:24 PM      eth0 168822.00  50498.00 129740.83   5827.93      0.00      0.00      0.00
12:58:25 PM      eth0 175638.00  51883.00 134981.01   5983.57      0.00      0.00      1.00
12:58:26 PM      eth0 142513.00  41946.00 109520.76   4837.03      0.00      0.00      0.00
12:58:27 PM      eth0  98587.00  28113.00  75763.11   3232.98      0.00      0.00      0.00
12:58:28 PM      eth0  98423.00  27939.00  75634.31   3214.83      0.00      0.00      0.00
12:58:29 PM      eth0  99446.00  27369.00  76422.93   3141.30      0.00      0.00      0.00
12:58:30 PM      eth0  97062.00  27370.00  74590.39   3143.40      0.00      0.00      0.00
12:58:31 PM      eth0  99206.00  28285.00  76234.66   3256.54      0.00      0.00      0.00
12:58:32 PM      eth0 152220.00  45485.00 116983.71   5252.07      0.00      0.00      0.00
12:58:33 PM      eth0 176837.00  53468.00 135899.20   6192.45      0.00      0.00      0.00
12:58:34 PM      eth0 176493.00  53358.00 135634.54   6173.65      0.00      0.00      0.00
12:58:35 PM      eth0 176168.00  52878.00 135387.67   6112.32      0.00      0.00      0.00
12:58:36 PM      eth0 177180.00  53066.00 136165.72   6127.46      0.00      0.00      0.00
12:58:37 PM      eth0 177648.00  52331.00 136523.78   6035.36      0.00      0.00      0.00
12:58:38 PM      eth0 177774.00  52915.00 136619.23   6106.91      0.00      0.00      0.00
12:58:39 PM      eth0 176487.00  52473.00 135633.88   6061.00      0.00      0.00      0.00
12:58:40 PM      eth0 175872.00  52182.00 135161.57   6033.41      0.00      0.00      0.00
12:58:41 PM      eth0 172715.00  51286.00 132729.48   5914.19      0.00      0.00      0.00
12:58:42 PM      eth0 168676.00  51078.00 129628.30   5912.25      0.00      0.00      0.00
12:58:43 PM      eth0 167691.00  49085.00 128872.47   5661.33      0.00      0.00      0.00
12:58:44 PM      eth0 166887.00  50179.00 128255.43   5797.36      0.00      0.00      0.00
12:58:45 PM      eth0 175377.00  52888.00 134779.50   6124.68      0.00      0.00      0.00
12:58:46 PM      eth0 176945.00  51747.00 135986.94   5960.56      0.00      0.00      0.00
12:58:47 PM      eth0 178183.00  53135.00 136935.78   6139.74      0.00      0.00      0.00
12:58:48 PM      eth0 177018.00  52981.00 136038.40   6114.07      0.00      0.00      0.00
12:58:49 PM      eth0 172398.00  50730.00 132490.66   5860.30      0.00      0.00      0.00
12:58:50 PM      eth0 168933.00  49803.00 129823.58   5745.64      0.00      0.00      0.00
12:58:51 PM      eth0 169453.00  50866.00 130224.69   5873.34      0.00      0.00      0.00
12:58:52 PM      eth0 167972.00  49089.00 129089.99   5658.48      0.00      0.00      0.00
12:58:53 PM      eth0 168967.00  50172.00 129851.61   5792.55      0.00      0.00      0.00
12:58:54 PM      eth0 168587.00  49193.00 129563.39   5664.98      0.00      0.00      0.00
12:58:55 PM      eth0 168891.00  49607.00 129798.42   5724.82      0.00      0.00      0.00
12:58:56 PM      eth0 170068.00  50041.00 130698.23   5780.57      0.00      0.00      0.00
12:58:57 PM      eth0 166902.00  49703.00 128260.60   5739.09      0.00      0.00      0.00
12:58:58 PM      eth0 168447.00  51449.00 129454.09   5966.11      0.00      0.00      0.00
12:58:59 PM      eth0 169205.00  49831.00 130037.98   5747.35      0.00      0.00      0.00
12:59:00 PM      eth0 169495.00  50538.00 130258.40   5831.30      0.00      0.00      0.00
12:59:01 PM      eth0 171367.00  50016.00 131692.70   5767.09      0.00      0.00      0.00
12:59:02 PM      eth0 167145.00  48343.00 128482.09   5573.09      0.00      0.00      0.00
12:59:03 PM      eth0 171867.00  50088.00 132082.86   5770.67      0.00      0.00      0.00
12:59:04 PM      eth0 177243.00  51520.00 136214.86   5941.92      0.00      0.00      0.00
12:59:05 PM      eth0 175216.00  52129.00 134654.65   6019.62      0.00      0.00      0.00
12:59:06 PM      eth0  96271.00  26600.00  73981.81   3051.25      0.00      0.00      0.00
12:59:07 PM      eth0  95655.00  26045.00  73509.74   2984.00      0.00      0.00      0.00
12:59:08 PM      eth0  95503.00  26791.00  73393.41   3079.55      0.00      0.00      0.00
12:59:09 PM      eth0 127582.00  36896.00  98048.10   4249.49      0.00      0.00      0.00
12:59:10 PM      eth0 176382.00  51741.00 135552.66   5967.77      0.00      0.00      0.00
12:59:11 PM      eth0 173732.00  50548.00 133512.34   5830.46      0.00      0.00      0.00
12:59:12 PM      eth0 127689.00  36609.00  98083.74   4262.78      0.00      0.00      0.00
12:59:13 PM      eth0  95004.00  26709.00  73003.10   3082.00      0.00      0.00      0.00
12:59:14 PM      eth0 124577.00  36078.00  95737.88   4160.59      0.00      0.00      0.00
12:59:15 PM      eth0 101479.00  28733.00  77984.69   3307.69      0.00      0.00      0.00
12:59:16 PM      eth0  94524.00  26233.00  72641.21   3011.88      0.00      0.00      0.00
12:59:17 PM      eth0  94985.00  25758.00  72993.65   2949.62      0.00      0.00      0.00
12:59:18 PM      eth0 125195.00  36216.00  96212.23   4171.14      0.00      0.00      0.00
12:59:19 PM      eth0 174337.00  53486.00 133981.16   6198.04      0.00      0.00      0.00
12:59:20 PM      eth0  97063.00  27432.00  74589.15   3154.65      0.00      0.00      0.00
12:59:21 PM      eth0  95271.00  27122.00  73211.76   3127.18      0.00      0.00      0.00
12:59:22 PM      eth0  96148.00  26462.00  73887.96   3034.69      0.00      0.00      0.00
12:59:23 PM      eth0  95911.00  28479.00  73705.10   3297.08      0.00      0.00      0.00
12:59:24 PM      eth0  94781.00  27156.00  72838.02   3125.15      0.00      0.00      0.00
12:59:25 PM      eth0  95698.00  27340.00  73540.78   3147.91      0.00      0.00      0.00
12:59:26 PM      eth0  95584.00  27288.00  73454.49   3138.89      0.00      0.00      0.00
12:59:27 PM      eth0  95757.00  27264.00  73588.13   3135.39      0.00      0.00      0.00
12:59:28 PM      eth0  95089.00  27502.00  73073.29   3168.38      0.00      0.00      0.00
12:59:29 PM      eth0  95838.00  26967.00  73648.32   3098.00      0.00      0.00      0.00
12:59:30 PM      eth0  95240.00  27308.00  73190.08   3145.98      0.00      0.00      0.00
12:59:31 PM      eth0  95210.00  27009.00  73162.79   3107.23      0.00      0.00      0.00
12:59:32 PM      eth0  94481.00  26534.00  72606.10   3046.89      0.00      0.00      0.00
12:59:33 PM      eth0  94737.00  26570.00  72804.21   3049.00      0.00      0.00      0.00
12:59:34 PM      eth0  95688.00  27310.00  73533.31   3144.73      0.00      0.00      0.00
12:59:35 PM      eth0  95858.00  27144.00  73665.96   3123.64      0.00      0.00      0.00
12:59:36 PM      eth0  95828.00  27159.00  73641.99   3124.32      0.00      0.00      0.00
12:59:37 PM      eth0  95230.00  27075.00  73182.39   3115.80      0.00      0.00      0.00
12:59:38 PM      eth0  94943.00  26635.00  72962.31   3060.95      0.00      0.00      0.00
12:59:39 PM      eth0  94307.00  26549.00  72473.73   3050.96      0.00      0.00      0.00
12:59:40 PM      eth0  96141.00  26926.00  73884.68   3095.73      0.00      0.00      0.00
12:59:41 PM      eth0  95268.00  26780.00  73210.17   3079.19      0.00      0.00      0.00
12:59:42 PM      eth0  95872.00  27057.00  73675.81   3109.55      0.00      0.00      0.00
12:59:43 PM      eth0 124789.00  37777.00  95899.46   4375.68      0.00      0.00      0.00
12:59:44 PM      eth0 175916.00  53084.00 135194.30   6143.45      0.00      0.00      0.00
12:59:45 PM      eth0 173294.00  53480.00 133179.49   6206.85      0.00      0.00      0.00
12:59:46 PM      eth0 171709.00  52503.00 131960.27   6091.64      0.00      0.00      0.00
12:59:47 PM      eth0 172667.00  52450.00 132695.10   6092.62      0.00      0.00      0.00
12:59:48 PM      eth0 171943.00  52365.00 132140.40   6067.46      0.00      0.00      0.00
12:59:49 PM      eth0 172601.00  52680.00 132648.32   6111.16      0.00      0.00      0.00
12:59:50 PM      eth0 171790.00  52554.00 132024.50   6087.19      0.00      0.00      0.00
12:59:51 PM      eth0 172017.00  51652.00 132192.73   5973.14      0.00      0.00      0.00
12:59:52 PM      eth0 172354.00  52865.00 132454.69   6123.24      0.00      0.00      0.00
12:59:53 PM      eth0 176643.00  52031.00 135753.45   5995.75      0.00      0.00      0.00
12:59:54 PM      eth0 177707.00  52696.00 136569.80   6083.44      0.00      0.00      0.00
12:59:55 PM      eth0 177278.00  53428.00 136242.19   6167.88      0.00      0.00      0.00
12:59:56 PM      eth0 177279.00  54771.00 136239.93   6350.02      0.00      0.00      0.00
12:59:57 PM      eth0 176938.00  54284.00 135975.30   6285.93      0.00      0.00      0.00
12:59:58 PM      eth0 177516.00  54455.00 136426.66   6319.13      0.00      0.00      0.00
12:59:59 PM      eth0 171945.00  51850.00 132141.91   5997.29      0.00      0.00      0.00
01:00:00 PM      eth0 169073.00  51462.00 129934.39   5975.27      0.00      0.00      0.00
01:00:01 PM      eth0 165100.00  51102.00 126878.47   5929.85      0.00      0.00      0.00
01:00:02 PM      eth0 168677.00  50666.00 129631.14   5845.69      0.00      0.00      0.00
01:00:03 PM      eth0 170676.00  51174.00 131169.58   5910.36      0.00      0.00      0.00
01:00:04 PM      eth0 178870.00  55173.00 137466.95   6388.82      0.00      0.00      0.00
01:00:05 PM      eth0 178725.00  54895.00 137354.94   6376.66      0.00      0.00      0.00
01:00:06 PM      eth0 177105.00  53616.00 136109.97   6208.69      0.00      0.00      0.00
01:00:07 PM      eth0 176116.00  53365.00 135348.73   6172.76      0.00      0.00      0.00
01:00:08 PM      eth0 175351.00  53675.00 134759.09   6221.92      0.00      0.00      0.00
01:00:09 PM      eth0 175120.00  53592.00 134583.33   6204.50      0.00      0.00      0.00
01:00:10 PM      eth0 177865.00  52470.00 136692.59   6052.80      0.00      0.00      0.00
01:00:11 PM      eth0 174843.00  53342.00 134364.46   6201.83      0.00      0.00      0.00
01:00:12 PM      eth0 174976.00  52740.00 134416.71   6152.20      0.00      0.00      0.00
01:00:13 PM      eth0 175995.00  52841.00 135248.52   6125.28      0.00      0.00      0.00
01:00:14 PM      eth0 175770.00  53264.00 135083.24   6166.02      0.00      0.00      0.00
01:00:15 PM      eth0 177163.00  52476.00 136154.48   6060.20      0.00      0.00      0.00
01:00:16 PM      eth0 178150.00  53204.00 136911.85   6147.79      0.00      0.00      0.00
01:00:17 PM      eth0 176564.00  51884.00 135688.12   5989.39      0.00      0.00      0.00
01:00:18 PM      eth0 175977.00  52344.00 135240.20   6052.59      0.00      0.00      0.00
01:00:19 PM      eth0 169955.00  50499.00 130613.88   5836.84      0.00      0.00      0.00
01:00:20 PM      eth0 168456.00  51425.00 129460.16   5952.90      0.00      0.00      0.00
01:00:21 PM      eth0 168434.00  50002.00 129440.57   5778.26      0.00      0.00      0.00
01:00:22 PM      eth0 167556.00  49816.00 128772.18   5755.80      0.00      0.00      0.00
01:00:23 PM      eth0 165774.00  49979.00 127400.74   5784.52      0.00      0.00      0.00
01:00:24 PM      eth0 169308.00  51720.00 130115.18   5991.51      0.00      0.00      0.00
01:00:25 PM      eth0 170056.00  50498.00 130691.66   5826.14      0.00      0.00      0.00
01:00:26 PM      eth0 168206.00  50200.00 129269.87   5802.71      0.00      0.00      0.00
01:00:27 PM      eth0 169557.00  50822.00 130308.89   5882.93      0.00      0.00      0.00
01:00:28 PM      eth0 171532.00  51147.00 131824.43   5907.55      0.00      0.00      0.00
01:00:29 PM      eth0 172679.00  52687.00 132708.32   6114.41      0.00      0.00      0.00
01:00:30 PM      eth0 171974.00  51193.00 132167.20   5916.59      0.00      0.00      0.00
01:00:31 PM      eth0 176010.00  53839.00 135262.07   6239.34      0.00      0.00      0.00
01:00:32 PM      eth0 175636.00  53396.00 134978.43   6177.30      0.00      0.00      0.00
01:00:33 PM      eth0 177370.00  53868.00 136310.23   6232.46      0.00      0.00      0.00
01:00:34 PM      eth0 176338.00  52489.00 135518.36   6056.57      0.00      0.00      0.00
01:00:35 PM      eth0 171444.00  51996.00 131758.41   6017.84      0.00      0.00      0.00
01:00:36 PM      eth0 168737.00  50041.00 129674.94   5779.95      0.00      0.00      0.00
01:00:37 PM      eth0 166580.00  50046.00 128019.54   5798.68      0.00      0.00      0.00
01:00:38 PM      eth0 166387.00  49952.00 127873.86   5782.21      0.00      0.00      0.00
01:00:39 PM      eth0 166690.00  50363.00 128104.70   5832.29      0.00      0.00      0.00
01:00:40 PM      eth0 167543.00  50561.00 128758.89   5859.92      0.00      0.00      0.00
01:00:41 PM      eth0 165925.00  49487.00 127510.46   5724.97      0.00      0.00      0.00
01:00:42 PM      eth0 166056.00  49137.00 127615.85   5674.39      0.00      0.00      0.00
01:00:43 PM      eth0 165706.00  50422.00 127348.41   5846.13      0.00      0.00      0.00
01:00:44 PM      eth0 166237.00  50680.00 127757.15   5871.24      0.00      0.00      0.00
01:00:45 PM      eth0 166811.00  50630.00 128195.69   5861.47      0.00      0.00      0.00
01:00:46 PM      eth0 166994.00  49968.00 128338.40   5777.32      0.00      0.00      0.00
01:00:47 PM      eth0 168795.00  49761.00 129719.28   5749.59      0.00      0.00      0.00
01:00:48 PM      eth0 166186.00  49996.00 127716.41   5784.58      0.00      0.00      0.00
01:00:49 PM      eth0 172833.00  50952.00 132824.84   5879.48      0.00      0.00      0.00
01:00:50 PM      eth0 175441.00  53757.00 134762.17   6309.79      0.00      0.00      0.00
01:00:51 PM      eth0 176574.00  52543.00 135694.09   6078.21      0.00      0.00      0.00
01:00:52 PM      eth0 175199.00  52417.00 134644.52   6056.86      0.00      0.00      0.00
01:00:53 PM      eth0 178010.00  52952.00 136801.28   6111.50      0.00      0.00      0.00
01:00:54 PM      eth0 177973.00  53461.00 136777.36   6196.70      0.00      0.00      0.00
01:00:55 PM      eth0 175619.00  54512.00 134963.25   6337.99      0.00      0.00      0.00
01:00:56 PM      eth0 174877.00  54672.00 134394.97   6353.49      0.00      0.00      0.00
01:00:57 PM      eth0 176854.00  53573.00 135941.38   6213.87      0.00      0.00      0.00
01:00:58 PM      eth0 177203.00  53790.00 136183.84   6233.58      0.00      0.00      0.00
01:00:59 PM      eth0 177029.00  52390.00 136049.74   6063.74      0.00      0.00      0.00
01:01:00 PM      eth0 177359.00  52284.00 136301.02   6037.49      0.00      0.00      0.00
01:01:01 PM      eth0 177534.00  53742.00 136434.71   6229.49      0.00      0.00      0.00
01:01:02 PM      eth0 176072.00  52680.00 135346.01   6100.83      0.00      0.00      0.00
01:01:03 PM      eth0 175752.00  52264.00 135069.92   6039.60      0.00      0.00      0.00
01:01:04 PM      eth0 174864.00  52913.00 134387.33   6122.05      0.00      0.00      0.00
01:01:05 PM      eth0 175483.00  51246.00 134860.57   5905.78      0.00      0.00      0.00
01:01:06 PM      eth0 175792.00  52032.00 135098.70   6016.99      0.00      0.00      0.00
01:01:07 PM      eth0 176234.00  53217.00 135439.85   6175.16      0.00      0.00      0.00
01:01:08 PM      eth0 170665.00  51748.00 131160.30   5986.17      0.00      0.00      0.00
01:01:09 PM      eth0 169886.00  50734.00 130561.03   5864.50      0.00      0.00      0.00
01:01:10 PM      eth0 170194.00  51242.00 130796.42   5931.29      0.00      0.00      0.00
01:01:11 PM      eth0 169539.00  50036.00 130289.41   5771.63      0.00      0.00      0.00
01:01:12 PM      eth0 167243.00  48741.00 128529.03   5624.67      0.00      0.00      0.00
01:01:13 PM      eth0 173585.00  52171.00 133356.49   6085.02      0.00      0.00      0.00
01:01:14 PM      eth0 175081.00  51645.00 134547.24   5984.91      0.00      0.00      0.00
01:01:15 PM      eth0 175330.00  52380.00 134745.95   6058.77      0.00      0.00      0.00
01:01:16 PM      eth0 175603.00  51783.00 134954.55   5975.53      0.00      0.00      0.00
01:01:17 PM      eth0 175035.00  52157.00 134516.83   6033.87      0.00      0.00      0.00
01:01:18 PM      eth0 174688.00  52313.00 134250.24   6054.24      0.00      0.00      0.00
01:01:19 PM      eth0 176667.00  51281.00 135772.24   5909.82      0.00      0.00      0.00
01:01:20 PM      eth0 175293.00  51786.00 134714.12   5988.05      0.00      0.00      0.00
01:01:21 PM      eth0 176435.00  53021.00 135589.63   6141.15      0.00      0.00      0.00
01:01:22 PM      eth0 176143.00  53329.00 135370.27   6189.44      0.00      0.00      0.00
01:01:23 PM      eth0 177236.00  52067.00 136208.52   6007.73      0.00      0.00      0.00
01:01:24 PM      eth0 170607.00  51014.00 131114.19   5906.32      0.00      0.00      0.00
01:01:25 PM      eth0 170233.00  50439.00 130827.54   5830.16      0.00      0.00      0.00
01:01:26 PM      eth0 168168.00  49289.00 129242.56   5697.02      0.00      0.00      0.00
01:01:27 PM      eth0 165205.00  49935.00 126963.19   5781.41      0.00      0.00      0.00
01:01:28 PM      eth0 168343.00  50203.00 129373.30   5806.73      0.00      0.00      0.00
01:01:29 PM      eth0 174235.00  50414.00 133901.46   5802.35      0.00      0.00      0.00
01:01:30 PM      eth0 176510.00  51111.00 135650.55   5890.52      0.00      0.00      0.00
01:01:31 PM      eth0 169839.00  49706.00 130521.97   5733.28      0.00      0.00      0.00
01:01:32 PM      eth0 168775.00  51024.00 129709.58   5906.57      0.00      0.00      0.00
01:01:33 PM      eth0 170786.00  50191.00 131254.12   5788.57      0.00      0.00      0.00
01:01:34 PM      eth0 169065.00  50762.00 129930.44   5874.32      0.00      0.00      0.00
01:01:35 PM      eth0 167209.00  51708.00 128503.18   6006.66      0.00      0.00      0.00
01:01:36 PM      eth0 168217.00  51362.00 129276.30   5963.28      0.00      0.00      0.00
01:01:37 PM      eth0 169282.00  51972.00 130095.23   6030.30      0.00      0.00      0.00
01:01:38 PM      eth0 170136.00  51256.00 130750.66   5956.57      0.00      0.00      0.00
01:01:39 PM      eth0 166002.00  50138.00 127575.20   5811.17      0.00      0.00      0.00
01:01:40 PM      eth0 166645.00  49761.00 128070.86   5756.10      0.00      0.00      0.00
01:01:41 PM      eth0 169159.00  51470.00 129996.10   5967.35      0.00      0.00      0.00
01:01:42 PM      eth0 166671.00  50430.00 128089.06   5845.00      0.00      0.00      0.00
01:01:43 PM      eth0 168336.00  50769.00 129367.15   5886.88      0.00      0.00      0.00
01:01:44 PM      eth0 166334.00  50958.00 127829.79   5911.36      0.00      0.00      0.00
01:01:45 PM      eth0 163793.00  49062.00 125876.63   5677.10      0.00      0.00      0.00
01:01:46 PM      eth0 164102.00  49812.00 126112.87   5778.24      0.00      0.00      1.00
01:01:47 PM      eth0 166084.00  50664.00 127631.01   5888.14      0.00      0.00      0.00
01:01:48 PM      eth0 167410.00  51147.00 128655.59   5948.50      0.00      0.00      0.00
01:01:49 PM      eth0 168318.00  51386.00 129354.46   5965.05      0.00      0.00      0.00
01:01:50 PM      eth0 168969.00  50864.00 129856.95   5907.27      0.00      0.00      0.00
01:01:51 PM      eth0 171991.00  51995.00 132173.96   6030.46      0.00      0.00      0.00
01:01:52 PM      eth0 171111.00  52045.00 131500.41   6037.06      0.00      0.00      0.00
01:01:53 PM      eth0 176983.00  53521.00 136014.37   6217.28      0.00      0.00      0.00
01:01:54 PM      eth0 175792.00  53411.00 135098.53   6211.32      0.00      0.00      0.00
01:01:55 PM      eth0 176202.00  53800.00 135411.15   6247.21      0.00      0.00      0.00
01:01:56 PM      eth0 173630.00  51487.00 133437.77   5951.12      0.00      0.00      0.00
01:01:57 PM      eth0 168287.00  50511.00 129332.73   5848.89      0.00      0.00      0.00
01:01:58 PM      eth0 163884.00  50604.00 125939.66   5897.29      0.00      0.00      0.00
01:01:59 PM      eth0 168739.00  51340.00 129678.82   5959.88      0.00      0.00      0.00
01:02:00 PM      eth0 167014.00  50143.00 128352.79   5802.66      0.00      0.00      0.00
01:02:01 PM      eth0 172070.00  52767.00 132233.31   6125.23      0.00      0.00      0.00
01:02:02 PM      eth0  81478.00  24321.00  62609.37   2809.89      0.00      0.00      0.00
