vhost-21889 51.0
vhost-21889 51.0
vhost-21889 51.0
vhost-21889 51.0
vhost-21889 51.0
vhost-21889 51.9
vhost-21889 51.9
vhost-21889 51.9
vhost-21889 51.9
vhost-21889 52.8
vhost-21889 52.8
vhost-21889 52.8
vhost-21889 52.8
vhost-21889 52.8
vhost-21889 52.9
vhost-21889 52.9
vhost-21889 52.9
vhost-21889 52.9
vhost-21889 52.9
vhost-21889 52.9
vhost-21889 52.9
vhost-21889 52.9
vhost-21889 52.9
vhost-21889 52.9
vhost-21889 52.9
vhost-21889 52.9
vhost-21889 52.9
vhost-21889 53.8
vhost-21889 53.8
vhost-21889 53.8
vhost-21889 53.8
vhost-21889 53.8
vhost-21889 53.8
vhost-21889 53.8
vhost-21889 53.8
vhost-21889 53.8
vhost-21889 53.8
vhost-21889 53.8
vhost-21889 53.8
vhost-21889 53.8
vhost-21889 53.8
vhost-21889 53.8
vhost-21889 53.8
vhost-21889 53.8
vhost-21889 53.8
vhost-21889 53.8
vhost-21889 53.8
vhost-21889 53.8
vhost-21889 53.8
vhost-21889 54.7
vhost-21889 54.7
vhost-21889 55.8
vhost-21889 55.8
vhost-21889 55.8
vhost-21889 55.8
vhost-21889 55.8
vhost-21889 55.8
vhost-21889 55.8
