              total        used        free      shared  buff/cache   available
Mem:          48114        7698       30722        2403        9692       37130
Swap:         24191           0       24191
Total:        72306        7698       54914

              total        used        free      shared  buff/cache   available
Mem:          48114        7711       33443        2403        6959       37118
Swap:         24191           0       24191
Total:        72306        7711       57635

              total        used        free      shared  buff/cache   available
Mem:          48114        7728       33426        2403        6959       37100
Swap:         24191           0       24191
Total:        72306        7728       57618

              total        used        free      shared  buff/cache   available
Mem:          48114        7753       33400        2403        6959       37075
Swap:         24191           0       24191
Total:        72306        7753       57592

              total        used        free      shared  buff/cache   available
Mem:          48114        7758       33395        2403        6959       37070
Swap:         24191           0       24191
Total:        72306        7758       57587

              total        used        free      shared  buff/cache   available
Mem:          48114        7762       33391        2403        6959       37066
Swap:         24191           0       24191
Total:        72306        7762       57583

              total        used        free      shared  buff/cache   available
Mem:          48114        7759       33394        2403        6960       37069
Swap:         24191           0       24191
Total:        72306        7759       57586

              total        used        free      shared  buff/cache   available
Mem:          48114        7770       33383        2403        6960       37058
Swap:         24191           0       24191
Total:        72306        7771       57575

              total        used        free      shared  buff/cache   available
Mem:          48114        7765       33388        2403        6960       37064
Swap:         24191           0       24191
Total:        72306        7765       57580

              total        used        free      shared  buff/cache   available
Mem:          48114        7768       33385        2403        6960       37060
Swap:         24191           0       24191
Total:        72306        7768       57577

              total        used        free      shared  buff/cache   available
Mem:          48114        7769       33385        2403        6959       37060
Swap:         24191           0       24191
Total:        72306        7769       57577

              total        used        free      shared  buff/cache   available
Mem:          48114        7772       33379        2403        6961       37056
Swap:         24191           0       24191
Total:        72306        7772       57571

              total        used        free      shared  buff/cache   available
Mem:          48114        7751       33400        2403        6962       37077
Swap:         24191           0       24191
Total:        72306        7751       57592

              total        used        free      shared  buff/cache   available
Mem:          48114        7753       33398        2403        6962       37075
Swap:         24191           0       24191
Total:        72306        7753       57590

              total        used        free      shared  buff/cache   available
Mem:          48114        7748       33403        2403        6962       37080
Swap:         24191           0       24191
Total:        72306        7748       57595

              total        used        free      shared  buff/cache   available
Mem:          48114        7747       33404        2403        6962       37082
Swap:         24191           0       24191
Total:        72306        7747       57596

              total        used        free      shared  buff/cache   available
Mem:          48114        7747       33404        2403        6962       37081
Swap:         24191           0       24191
Total:        72306        7747       57596

              total        used        free      shared  buff/cache   available
Mem:          48114        7761       33389        2403        6962       37067
Swap:         24191           0       24191
Total:        72306        7762       57581

              total        used        free      shared  buff/cache   available
Mem:          48114        7748       33403        2403        6962       37081
Swap:         24191           0       24191
Total:        72306        7748       57595

              total        used        free      shared  buff/cache   available
Mem:          48114        7747       33404        2403        6962       37082
Swap:         24191           0       24191
Total:        72306        7747       57596

              total        used        free      shared  buff/cache   available
Mem:          48114        7741       33410        2403        6962       37088
Swap:         24191           0       24191
Total:        72306        7741       57602

              total        used        free      shared  buff/cache   available
Mem:          48114        7755       33395        2403        6962       37073
Swap:         24191           0       24191
Total:        72306        7756       57587

              total        used        free      shared  buff/cache   available
Mem:          48114        7752       33399        2403        6963       37077
Swap:         24191           0       24191
Total:        72306        7752       57591

              total        used        free      shared  buff/cache   available
Mem:          48114        7753       33397        2403        6963       37076
Swap:         24191           0       24191
Total:        72306        7753       57589

              total        used        free      shared  buff/cache   available
Mem:          48114        7758       33392        2403        6963       37071
Swap:         24191           0       24191
Total:        72306        7758       57584

              total        used        free      shared  buff/cache   available
Mem:          48114        7775       33375        2403        6963       37054
Swap:         24191           0       24191
Total:        72306        7775       57567

              total        used        free      shared  buff/cache   available
Mem:          48114        7771       33379        2403        6963       37058
Swap:         24191           0       24191
Total:        72306        7771       57571

              total        used        free      shared  buff/cache   available
Mem:          48114        7781       33368        2403        6963       37047
Swap:         24191           0       24191
Total:        72306        7781       57560

              total        used        free      shared  buff/cache   available
Mem:          48114        7775       33374        2403        6963       37053
Swap:         24191           0       24191
Total:        72306        7776       57566

              total        used        free      shared  buff/cache   available
Mem:          48114        7778       33372        2403        6963       37051
Swap:         24191           0       24191
Total:        72306        7778       57564

              total        used        free      shared  buff/cache   available
Mem:          48114        7774       33376        2403        6963       37055
Swap:         24191           0       24191
Total:        72306        7774       57568

              total        used        free      shared  buff/cache   available
Mem:          48114        7764       33385        2403        6964       37064
Swap:         24191           0       24191
Total:        72306        7764       57577

              total        used        free      shared  buff/cache   available
Mem:          48114        7760       33389        2403        6964       37068
Swap:         24191           0       24191
Total:        72306        7760       57581

              total        used        free      shared  buff/cache   available
Mem:          48114        7768       33381        2403        6964       37061
Swap:         24191           0       24191
Total:        72306        7768       57573

              total        used        free      shared  buff/cache   available
Mem:          48114        7767       33382        2403        6964       37062
Swap:         24191           0       24191
Total:        72306        7767       57574

              total        used        free      shared  buff/cache   available
Mem:          48114        7761       33387        2403        6964       37067
Swap:         24191           0       24191
Total:        72306        7762       57579

              total        used        free      shared  buff/cache   available
Mem:          48114        7754       33395        2403        6964       37075
Swap:         24191           0       24191
Total:        72306        7754       57587

              total        used        free      shared  buff/cache   available
Mem:          48114        7754       33394        2403        6964       37074
Swap:         24191           0       24191
Total:        72306        7754       57586

              total        used        free      shared  buff/cache   available
Mem:          48114        7742       33406        2403        6964       37087
Swap:         24191           0       24191
Total:        72306        7742       57598

              total        used        free      shared  buff/cache   available
Mem:          48114        7740       33408        2403        6965       37088
Swap:         24191           0       24191
Total:        72306        7740       57600

              total        used        free      shared  buff/cache   available
Mem:          48114        7739       33409        2403        6965       37089
Swap:         24191           0       24191
Total:        72306        7740       57601

              total        used        free      shared  buff/cache   available
Mem:          48114        7740       33408        2403        6965       37089
Swap:         24191           0       24191
Total:        72306        7740       57600

              total        used        free      shared  buff/cache   available
Mem:          48114        7734       33414        2403        6965       37095
Swap:         24191           0       24191
Total:        72306        7734       57606

              total        used        free      shared  buff/cache   available
Mem:          48114        7735       33413        2403        6965       37093
Swap:         24191           0       24191
Total:        72306        7735       57605

              total        used        free      shared  buff/cache   available
Mem:          48114        7732       33416        2403        6965       37097
Swap:         24191           0       24191
Total:        72306        7732       57608

              total        used        free      shared  buff/cache   available
Mem:          48114        7735       33413        2403        6965       37094
Swap:         24191           0       24191
Total:        72306        7735       57605

              total        used        free      shared  buff/cache   available
Mem:          48114        7732       33415        2403        6965       37096
Swap:         24191           0       24191
Total:        72306        7732       57607

              total        used        free      shared  buff/cache   available
Mem:          48114        7735       33412        2403        6965       37093
Swap:         24191           0       24191
Total:        72306        7736       57604

              total        used        free      shared  buff/cache   available
Mem:          48114        7732       33415        2403        6965       37096
Swap:         24191           0       24191
Total:        72306        7732       57607

              total        used        free      shared  buff/cache   available
Mem:          48114        7735       33412        2403        6966       37094
Swap:         24191           0       24191
Total:        72306        7735       57604

              total        used        free      shared  buff/cache   available
Mem:          48114        7732       33415        2403        6966       37097
Swap:         24191           0       24191
Total:        72306        7732       57607

              total        used        free      shared  buff/cache   available
Mem:          48114        7735       33412        2403        6966       37093
Swap:         24191           0       24191
Total:        72306        7735       57604

              total        used        free      shared  buff/cache   available
Mem:          48114        7732       33415        2403        6966       37097
Swap:         24191           0       24191
Total:        72306        7732       57607

              total        used        free      shared  buff/cache   available
Mem:          48114        7735       33412        2403        6966       37094
Swap:         24191           0       24191
Total:        72306        7735       57604

              total        used        free      shared  buff/cache   available
Mem:          48114        7730       33416        2403        6966       37098
Swap:         24191           0       24191
Total:        72306        7730       57608

              total        used        free      shared  buff/cache   available
Mem:          48114        7734       33413        2403        6966       37094
Swap:         24191           0       24191
Total:        72306        7734       57604

              total        used        free      shared  buff/cache   available
Mem:          48114        7732       33415        2403        6966       37097
Swap:         24191           0       24191
Total:        72306        7732       57607

              total        used        free      shared  buff/cache   available
Mem:          48114        7735       33411        2403        6967       37093
Swap:         24191           0       24191
Total:        72306        7735       57603

              total        used        free      shared  buff/cache   available
Mem:          48114        7731       33415        2403        6967       37097
Swap:         24191           0       24191
Total:        72306        7731       57607

              total        used        free      shared  buff/cache   available
Mem:          48114        7735       33411        2403        6967       37093
Swap:         24191           0       24191
Total:        72306        7735       57603

              total        used        free      shared  buff/cache   available
Mem:          48114        7732       33414        2403        6967       37096
Swap:         24191           0       24191
Total:        72306        7732       57606

              total        used        free      shared  buff/cache   available
Mem:          48114        7734       33411        2403        6967       37094
Swap:         24191           0       24191
Total:        72306        7734       57603

              total        used        free      shared  buff/cache   available
Mem:          48114        7731       33414        2403        6967       37097
Swap:         24191           0       24191
Total:        72306        7731       57606

              total        used        free      shared  buff/cache   available
Mem:          48114        7730       33415        2403        6967       37098
Swap:         24191           0       24191
Total:        72306        7730       57607

              total        used        free      shared  buff/cache   available
Mem:          48114        7727       33418        2403        6967       37101
Swap:         24191           0       24191
Total:        72306        7727       57610

              total        used        free      shared  buff/cache   available
Mem:          48114        7731       33415        2403        6967       37098
Swap:         24191           0       24191
Total:        72306        7731       57606

              total        used        free      shared  buff/cache   available
Mem:          48114        7726       33420        2403        6968       37103
Swap:         24191           0       24191
Total:        72306        7726       57612

              total        used        free      shared  buff/cache   available
Mem:          48114        7728       33417        2403        6968       37100
Swap:         24191           0       24191
Total:        72306        7728       57609

              total        used        free      shared  buff/cache   available
Mem:          48114        7725       33420        2403        6968       37103
Swap:         24191           0       24191
Total:        72306        7725       57612

              total        used        free      shared  buff/cache   available
Mem:          48114        7730       33415        2403        6968       37099
Swap:         24191           0       24191
Total:        72306        7730       57607

              total        used        free      shared  buff/cache   available
Mem:          48114        7726       33419        2403        6968       37103
Swap:         24191           0       24191
Total:        72306        7726       57611

              total        used        free      shared  buff/cache   available
Mem:          48114        7739       33407        2403        6967       37091
Swap:         24191           0       24191
Total:        72306        7739       57599

              total        used        free      shared  buff/cache   available
Mem:          48114        7734       33410        2403        6968       37094
Swap:         24191           0       24191
Total:        72306        7734       57602

              total        used        free      shared  buff/cache   available
Mem:          48114        7733       33411        2403        6969       37095
Swap:         24191           0       24191
Total:        72306        7733       57603

              total        used        free      shared  buff/cache   available
Mem:          48114        7731       33413        2403        6969       37097
Swap:         24191           0       24191
Total:        72306        7731       57605

              total        used        free      shared  buff/cache   available
Mem:          48114        7734       33410        2403        6969       37094
Swap:         24191           0       24191
Total:        72306        7734       57602

              total        used        free      shared  buff/cache   available
Mem:          48114        7730       33414        2403        6969       37098
Swap:         24191           0       24191
Total:        72306        7730       57605

              total        used        free      shared  buff/cache   available
Mem:          48114        7734       33410        2403        6969       37094
Swap:         24191           0       24191
Total:        72306        7734       57602

              total        used        free      shared  buff/cache   available
Mem:          48114        7729       33415        2403        6969       37099
Swap:         24191           0       24191
Total:        72306        7729       57606

              total        used        free      shared  buff/cache   available
Mem:          48114        7733       33411        2403        6969       37095
Swap:         24191           0       24191
Total:        72306        7733       57603

              total        used        free      shared  buff/cache   available
Mem:          48114        7729       33414        2403        6969       37099
Swap:         24191           0       24191
Total:        72306        7730       57606

              total        used        free      shared  buff/cache   available
Mem:          48114        7733       33410        2403        6969       37095
Swap:         24191           0       24191
Total:        72306        7733       57602

              total        used        free      shared  buff/cache   available
Mem:          48114        7729       33414        2403        6969       37099
Swap:         24191           0       24191
Total:        72306        7729       57606

              total        used        free      shared  buff/cache   available
Mem:          48114        7733       33410        2403        6970       37095
Swap:         24191           0       24191
Total:        72306        7734       57602

              total        used        free      shared  buff/cache   available
Mem:          48114        7729       33414        2403        6970       37100
Swap:         24191           0       24191
Total:        72306        7729       57606

              total        used        free      shared  buff/cache   available
Mem:          48114        7733       33410        2403        6970       37095
Swap:         24191           0       24191
Total:        72306        7733       57602

              total        used        free      shared  buff/cache   available
Mem:          48114        7727       33416        2403        6970       37101
Swap:         24191           0       24191
Total:        72306        7727       57608

              total        used        free      shared  buff/cache   available
Mem:          48114        7731       33412        2403        6970       37097
Swap:         24191           0       24191
Total:        72306        7731       57604

              total        used        free      shared  buff/cache   available
Mem:          48114        7729       33414        2403        6970       37100
Swap:         24191           0       24191
Total:        72306        7729       57606

              total        used        free      shared  buff/cache   available
Mem:          48114        7731       33412        2403        6970       37097
Swap:         24191           0       24191
Total:        72306        7731       57603

              total        used        free      shared  buff/cache   available
Mem:          48114        7727       33415        2403        6970       37101
Swap:         24191           0       24191
Total:        72306        7727       57607

              total        used        free      shared  buff/cache   available
Mem:          48114        7731       33411        2403        6970       37097
Swap:         24191           0       24191
Total:        72306        7731       57603

              total        used        free      shared  buff/cache   available
Mem:          48114        7728       33414        2403        6970       37100
Swap:         24191           0       24191
Total:        72306        7728       57606

              total        used        free      shared  buff/cache   available
Mem:          48114        7732       33410        2403        6971       37096
Swap:         24191           0       24191
Total:        72306        7732       57602

              total        used        free      shared  buff/cache   available
Mem:          48114        7728       33414        2403        6971       37101
Swap:         24191           0       24191
Total:        72306        7728       57606

              total        used        free      shared  buff/cache   available
Mem:          48114        7733       33409        2403        6971       37096
Swap:         24191           0       24191
Total:        72306        7733       57601

              total        used        free      shared  buff/cache   available
Mem:          48114        7728       33414        2403        6971       37101
Swap:         24191           0       24191
Total:        72306        7728       57606

              total        used        free      shared  buff/cache   available
Mem:          48114        7731       33410        2403        6971       37097
Swap:         24191           0       24191
Total:        72306        7732       57602

              total        used        free      shared  buff/cache   available
Mem:          48114        7728       33414        2403        6971       37101
Swap:         24191           0       24191
Total:        72306        7728       57606

              total        used        free      shared  buff/cache   available
Mem:          48114        7731       33410        2403        6971       37097
Swap:         24191           0       24191
Total:        72306        7732       57602

              total        used        free      shared  buff/cache   available
Mem:          48114        7727       33414        2403        6971       37101
Swap:         24191           0       24191
Total:        72306        7727       57606

              total        used        free      shared  buff/cache   available
Mem:          48114        7731       33410        2403        6971       37097
Swap:         24191           0       24191
Total:        72306        7731       57602

              total        used        free      shared  buff/cache   available
Mem:          48114        7728       33413        2403        6971       37101
Swap:         24191           0       24191
Total:        72306        7728       57605

              total        used        free      shared  buff/cache   available
Mem:          48114        7733       33408        2403        6972       37096
Swap:         24191           0       24191
Total:        72306        7733       57600

              total        used        free      shared  buff/cache   available
Mem:          48114        7729       33412        2403        6972       37100
Swap:         24191           0       24191
Total:        72306        7729       57604

              total        used        free      shared  buff/cache   available
Mem:          48114        7734       33407        2403        6972       37095
Swap:         24191           0       24191
Total:        72306        7734       57599

              total        used        free      shared  buff/cache   available
Mem:          48114        7728       33413        2403        6972       37100
Swap:         24191           0       24191
Total:        72306        7728       57605

              total        used        free      shared  buff/cache   available
Mem:          48114        7732       33408        2403        6972       37096
Swap:         24191           0       24191
Total:        72306        7732       57600

              total        used        free      shared  buff/cache   available
Mem:          48114        7728       33413        2403        6972       37101
Swap:         24191           0       24191
Total:        72306        7728       57605

              total        used        free      shared  buff/cache   available
Mem:          48114        7732       33409        2403        6972       37097
Swap:         24191           0       24191
Total:        72306        7732       57601

              total        used        free      shared  buff/cache   available
Mem:          48114        7728       33412        2403        6972       37100
Swap:         24191           0       24191
Total:        72306        7728       57604

              total        used        free      shared  buff/cache   available
Mem:          48114        7732       33408        2403        6973       37097
Swap:         24191           0       24191
Total:        72306        7732       57600

              total        used        free      shared  buff/cache   available
Mem:          48114        7727       33413        2403        6972       37101
Swap:         24191           0       24191
Total:        72306        7727       57605

              total        used        free      shared  buff/cache   available
Mem:          48114        7732       33408        2403        6973       37097
Swap:         24191           0       24191
Total:        72306        7732       57600

              total        used        free      shared  buff/cache   available
Mem:          48114        7728       33412        2403        6973       37101
Swap:         24191           0       24191
Total:        72306        7728       57604

              total        used        free      shared  buff/cache   available
Mem:          48114        7731       33408        2403        6973       37097
Swap:         24191           0       24191
Total:        72306        7732       57600

              total        used        free      shared  buff/cache   available
Mem:          48114        7729       33411        2403        6973       37100
Swap:         24191           0       24191
Total:        72306        7729       57603

              total        used        free      shared  buff/cache   available
Mem:          48114        7732       33408        2403        6973       37096
Swap:         24191           0       24191
Total:        72306        7732       57599

              total        used        free      shared  buff/cache   available
Mem:          48114        7727       33413        2403        6973       37102
Swap:         24191           0       24191
Total:        72306        7727       57605

              total        used        free      shared  buff/cache   available
Mem:          48114        7733       33407        2403        6973       37096
Swap:         24191           0       24191
Total:        72306        7733       57599

              total        used        free      shared  buff/cache   available
Mem:          48114        7727       33412        2403        6974       37101
Swap:         24191           0       24191
Total:        72306        7728       57604

              total        used        free      shared  buff/cache   available
Mem:          48114        7733       33406        2403        6974       37096
Swap:         24191           0       24191
Total:        72306        7733       57598

              total        used        free      shared  buff/cache   available
Mem:          48114        7729       33410        2403        6974       37100
Swap:         24191           0       24191
Total:        72306        7729       57602

              total        used        free      shared  buff/cache   available
Mem:          48114        7731       33408        2403        6974       37097
Swap:         24191           0       24191
Total:        72306        7732       57599

              total        used        free      shared  buff/cache   available
Mem:          48114        7729       33410        2403        6974       37100
Swap:         24191           0       24191
Total:        72306        7729       57602

              total        used        free      shared  buff/cache   available
Mem:          48114        7735       33404        2403        6974       37094
Swap:         24191           0       24191
Total:        72306        7735       57596

              total        used        free      shared  buff/cache   available
Mem:          48114        7731       33408        2403        6974       37098
Swap:         24191           0       24191
Total:        72306        7731       57600

              total        used        free      shared  buff/cache   available
Mem:          48114        7735       33403        2403        6974       37093
Swap:         24191           0       24191
Total:        72306        7735       57595

              total        used        free      shared  buff/cache   available
Mem:          48114        7732       33406        2403        6974       37096
Swap:         24191           0       24191
Total:        72306        7732       57598

              total        used        free      shared  buff/cache   available
Mem:          48114        7734       33404        2403        6975       37094
Swap:         24191           0       24191
Total:        72306        7734       57596

              total        used        free      shared  buff/cache   available
Mem:          48114        7732       33407        2403        6975       37097
Swap:         24191           0       24191
Total:        72306        7732       57598

              total        used        free      shared  buff/cache   available
Mem:          48114        7745       33393        2403        6975       37084
Swap:         24191           0       24191
Total:        72306        7745       57585

              total        used        free      shared  buff/cache   available
Mem:          48114        7743       33395        2403        6975       37086
Swap:         24191           0       24191
Total:        72306        7743       57587

              total        used        free      shared  buff/cache   available
Mem:          48114        7744       33394        2403        6975       37084
Swap:         24191           0       24191
Total:        72306        7744       57586

              total        used        free      shared  buff/cache   available
Mem:          48114        7742       33396        2403        6975       37086
Swap:         24191           0       24191
Total:        72306        7742       57587

              total        used        free      shared  buff/cache   available
Mem:          48114        7742       33396        2403        6975       37087
Swap:         24191           0       24191
Total:        72306        7742       57588

              total        used        free      shared  buff/cache   available
Mem:          48114        7735       33402        2403        6975       37093
Swap:         24191           0       24191
Total:        72306        7735       57594

              total        used        free      shared  buff/cache   available
Mem:          48114        7736       33401        2403        6976       37092
Swap:         24191           0       24191
Total:        72306        7736       57593

              total        used        free      shared  buff/cache   available
Mem:          48114        7731       33406        2403        6976       37098
Swap:         24191           0       24191
Total:        72306        7731       57598

              total        used        free      shared  buff/cache   available
Mem:          48114        7735       33402        2403        6976       37093
Swap:         24191           0       24191
Total:        72306        7735       57594

              total        used        free      shared  buff/cache   available
Mem:          48114        7730       33407        2403        6976       37099
Swap:         24191           0       24191
Total:        72306        7730       57599

              total        used        free      shared  buff/cache   available
Mem:          48114        7735       33402        2403        6976       37093
Swap:         24191           0       24191
Total:        72306        7735       57594

              total        used        free      shared  buff/cache   available
Mem:          48114        7729       33408        2403        6976       37099
Swap:         24191           0       24191
Total:        72306        7729       57600

              total        used        free      shared  buff/cache   available
Mem:          48114        7734       33403        2403        6976       37094
Swap:         24191           0       24191
Total:        72306        7734       57595

              total        used        free      shared  buff/cache   available
Mem:          48114        7728       33408        2403        6976       37100
Swap:         24191           0       24191
Total:        72306        7729       57600

              total        used        free      shared  buff/cache   available
Mem:          48114        7733       33404        2403        6976       37096
Swap:         24191           0       24191
Total:        72306        7733       57596

              total        used        free      shared  buff/cache   available
Mem:          48114        7728       33409        2403        6976       37100
Swap:         24191           0       24191
Total:        72306        7728       57600

              total        used        free      shared  buff/cache   available
Mem:          48114        7733       33404        2403        6976       37096
Swap:         24191           0       24191
Total:        72306        7733       57595

              total        used        free      shared  buff/cache   available
Mem:          48114        7728       33408        2403        6977       37100
Swap:         24191           0       24191
Total:        72306        7728       57600

              total        used        free      shared  buff/cache   available
Mem:          48114        7733       33403        2403        6977       37095
Swap:         24191           0       24191
Total:        72306        7733       57595

              total        used        free      shared  buff/cache   available
Mem:          48114        7728       33409        2403        6977       37101
Swap:         24191           0       24191
Total:        72306        7728       57601

              total        used        free      shared  buff/cache   available
Mem:          48114        7731       33405        2403        6977       37098
Swap:         24191           0       24191
Total:        72306        7731       57597

              total        used        free      shared  buff/cache   available
Mem:          48114        7726       33410        2403        6977       37102
Swap:         24191           0       24191
Total:        72306        7726       57602

              total        used        free      shared  buff/cache   available
Mem:          48114        7733       33403        2403        6977       37095
Swap:         24191           0       24191
Total:        72306        7733       57595

              total        used        free      shared  buff/cache   available
Mem:          48114        7726       33409        2403        6977       37102
Swap:         24191           0       24191
Total:        72306        7727       57601

              total        used        free      shared  buff/cache   available
Mem:          48114        7732       33403        2403        6977       37096
Swap:         24191           0       24191
Total:        72306        7732       57595

              total        used        free      shared  buff/cache   available
Mem:          48114        7727       33409        2403        6977       37102
Swap:         24191           0       24191
Total:        72306        7727       57601

              total        used        free      shared  buff/cache   available
Mem:          48114        7732       33403        2403        6977       37096
Swap:         24191           0       24191
Total:        72306        7732       57595

              total        used        free      shared  buff/cache   available
Mem:          48114        7728       33407        2403        6977       37101
Swap:         24191           0       24191
Total:        72306        7728       57599

              total        used        free      shared  buff/cache   available
Mem:          48114        7734       33401        2403        6978       37095
Swap:         24191           0       24191
Total:        72306        7734       57593

              total        used        free      shared  buff/cache   available
Mem:          48114        7728       33407        2403        6978       37101
Swap:         24191           0       24191
Total:        72306        7728       57599

              total        used        free      shared  buff/cache   available
Mem:          48114        7732       33403        2403        6978       37096
Swap:         24191           0       24191
Total:        72306        7733       57595

              total        used        free      shared  buff/cache   available
Mem:          48114        7729       33406        2403        6978       37100
Swap:         24191           0       24191
Total:        72306        7729       57598

              total        used        free      shared  buff/cache   available
Mem:          48114        7733       33402        2403        6978       37096
Swap:         24191           0       24191
Total:        72306        7733       57594

              total        used        free      shared  buff/cache   available
Mem:          48114        7729       33406        2403        6978       37100
Swap:         24191           0       24191
Total:        72306        7729       57598

              total        used        free      shared  buff/cache   available
Mem:          48114        7735       33400        2403        6978       37094
Swap:         24191           0       24191
Total:        72306        7735       57592

              total        used        free      shared  buff/cache   available
Mem:          48114        7729       33406        2403        6978       37100
Swap:         24191           0       24191
Total:        72306        7729       57597

              total        used        free      shared  buff/cache   available
Mem:          48114        7734       33400        2403        6978       37095
Swap:         24191           0       24191
Total:        72306        7734       57592

              total        used        free      shared  buff/cache   available
Mem:          48114        7729       33405        2403        6978       37099
Swap:         24191           0       24191
Total:        72306        7729       57597

              total        used        free      shared  buff/cache   available
Mem:          48114        7734       33400        2403        6979       37095
Swap:         24191           0       24191
Total:        72306        7734       57592

              total        used        free      shared  buff/cache   available
Mem:          48114        7729       33405        2403        6979       37100
Swap:         24191           0       24191
Total:        72306        7729       57597

              total        used        free      shared  buff/cache   available
Mem:          48114        7734       33400        2403        6979       37095
Swap:         24191           0       24191
Total:        72306        7734       57592

              total        used        free      shared  buff/cache   available
Mem:          48114        7729       33405        2403        6979       37099
Swap:         24191           0       24191
Total:        72306        7729       57596

              total        used        free      shared  buff/cache   available
Mem:          48114        7735       33399        2403        6979       37094
Swap:         24191           0       24191
Total:        72306        7735       57591

              total        used        free      shared  buff/cache   available
Mem:          48114        7729       33405        2403        6979       37100
Swap:         24191           0       24191
Total:        72306        7729       57597

              total        used        free      shared  buff/cache   available
Mem:          48114        7734       33400        2403        6979       37095
Swap:         24191           0       24191
Total:        72306        7734       57592

              total        used        free      shared  buff/cache   available
Mem:          48114        7728       33405        2403        6979       37101
Swap:         24191           0       24191
Total:        72306        7728       57597

              total        used        free      shared  buff/cache   available
Mem:          48114        7733       33401        2403        6979       37096
Swap:         24191           0       24191
Total:        72306        7733       57592

              total        used        free      shared  buff/cache   available
Mem:          48114        7728       33405        2403        6979       37101
Swap:         24191           0       24191
Total:        72306        7728       57597

              total        used        free      shared  buff/cache   available
Mem:          48114        7732       33401        2403        6980       37096
Swap:         24191           0       24191
Total:        72306        7732       57593

              total        used        free      shared  buff/cache   available
Mem:          48114        7728       33405        2403        6980       37101
Swap:         24191           0       24191
Total:        72306        7728       57597

              total        used        free      shared  buff/cache   available
Mem:          48114        7733       33400        2403        6980       37096
Swap:         24191           0       24191
Total:        72306        7733       57592

              total        used        free      shared  buff/cache   available
Mem:          48114        7728       33405        2403        6980       37101
Swap:         24191           0       24191
Total:        72306        7728       57597

              total        used        free      shared  buff/cache   available
Mem:          48114        7733       33400        2403        6980       37096
Swap:         24191           0       24191
Total:        72306        7733       57592

              total        used        free      shared  buff/cache   available
Mem:          48114        7729       33404        2403        6980       37100
Swap:         24191           0       24191
Total:        72306        7729       57596

              total        used        free      shared  buff/cache   available
Mem:          48114        7735       33398        2403        6980       37094
Swap:         24191           0       24191
Total:        72306        7735       57590

              total        used        free      shared  buff/cache   available
Mem:          48114        7728       33405        2403        6980       37101
Swap:         24191           0       24191
Total:        72306        7728       57597

              total        used        free      shared  buff/cache   available
Mem:          48114        7732       33400        2403        6980       37096
Swap:         24191           0       24191
Total:        72306        7732       57592

              total        used        free      shared  buff/cache   available
Mem:          48114        7728       33405        2403        6980       37101
Swap:         24191           0       24191
Total:        72306        7728       57597

              total        used        free      shared  buff/cache   available
Mem:          48114        7733       33399        2403        6981       37096
Swap:         24191           0       24191
Total:        72306        7733       57591

              total        used        free      shared  buff/cache   available
Mem:          48114        7727       33405        2403        6981       37101
Swap:         24191           0       24191
Total:        72306        7727       57597

              total        used        free      shared  buff/cache   available
Mem:          48114        7733       33399        2403        6981       37096
Swap:         24191           0       24191
Total:        72306        7733       57591

              total        used        free      shared  buff/cache   available
Mem:          48114        7727       33405        2403        6981       37102
Swap:         24191           0       24191
Total:        72306        7727       57597

              total        used        free      shared  buff/cache   available
Mem:          48114        7765       33367        2403        6981       37064
Swap:         24191           0       24191
Total:        72306        7765       57559

              total        used        free      shared  buff/cache   available
Mem:          48114        7729       33403        2403        6981       37100
Swap:         24191           0       24191
Total:        72306        7729       57595

              total        used        free      shared  buff/cache   available
Mem:          48114        7731       33400        2403        6981       37097
Swap:         24191           0       24191
Total:        72306        7731       57592

              total        used        free      shared  buff/cache   available
Mem:          48114        7727       33404        2403        6981       37101
Swap:         24191           0       24191
Total:        72306        7727       57596

              total        used        free      shared  buff/cache   available
Mem:          48114        7733       33398        2403        6982       37095
Swap:         24191           0       24191
Total:        72306        7733       57590

              total        used        free      shared  buff/cache   available
Mem:          48114        7727       33404        2403        6982       37101
Swap:         24191           0       24191
Total:        72306        7727       57596

              total        used        free      shared  buff/cache   available
Mem:          48114        7735       33396        2403        6982       37094
Swap:         24191           0       24191
Total:        72306        7735       57588

              total        used        free      shared  buff/cache   available
Mem:          48114        7728       33403        2403        6982       37100
Swap:         24191           0       24191
Total:        72306        7728       57595

              total        used        free      shared  buff/cache   available
Mem:          48114        7735       33396        2403        6982       37094
Swap:         24191           0       24191
Total:        72306        7735       57588

              total        used        free      shared  buff/cache   available
Mem:          48114        7728       33402        2403        6982       37100
Swap:         24191           0       24191
Total:        72306        7728       57594

              total        used        free      shared  buff/cache   available
Mem:          48114        7734       33396        2403        6982       37094
Swap:         24191           0       24191
Total:        72306        7735       57588

              total        used        free      shared  buff/cache   available
Mem:          48114        7727       33403        2403        6982       37101
Swap:         24191           0       24191
Total:        72306        7727       57595

              total        used        free      shared  buff/cache   available
Mem:          48114        7731       33399        2403        6982       37097
Swap:         24191           0       24191
Total:        72306        7731       57591

              total        used        free      shared  buff/cache   available
Mem:          48114        7726       33405        2403        6982       37103
Swap:         24191           0       24191
Total:        72306        7726       57597

              total        used        free      shared  buff/cache   available
Mem:          48114        7732       33398        2403        6983       37097
Swap:         24191           0       24191
Total:        72306        7732       57590

              total        used        free      shared  buff/cache   available
Mem:          48114        7726       33404        2403        6983       37103
Swap:         24191           0       24191
Total:        72306        7726       57596

              total        used        free      shared  buff/cache   available
Mem:          48114        7731       33399        2403        6983       37098
Swap:         24191           0       24191
Total:        72306        7731       57591

              total        used        free      shared  buff/cache   available
Mem:          48114        7726       33404        2403        6983       37102
Swap:         24191           0       24191
Total:        72306        7726       57596

              total        used        free      shared  buff/cache   available
Mem:          48114        7731       33398        2403        6983       37097
Swap:         24191           0       24191
Total:        72306        7731       57590

              total        used        free      shared  buff/cache   available
Mem:          48114        7726       33404        2403        6983       37102
Swap:         24191           0       24191
Total:        72306        7726       57596

              total        used        free      shared  buff/cache   available
Mem:          48114        7731       33398        2403        6983       37097
Swap:         24191           0       24191
Total:        72306        7731       57590

              total        used        free      shared  buff/cache   available
Mem:          48114        7726       33403        2403        6983       37102
Swap:         24191           0       24191
Total:        72306        7727       57595

              total        used        free      shared  buff/cache   available
Mem:          48114        7731       33398        2403        6984       37097
Swap:         24191           0       24191
Total:        72306        7731       57590

              total        used        free      shared  buff/cache   available
Mem:          48114        7725       33404        2403        6984       37104
Swap:         24191           0       24191
Total:        72306        7725       57596

              total        used        free      shared  buff/cache   available
Mem:          48114        7728       33401        2403        6984       37100
Swap:         24191           0       24191
Total:        72306        7729       57592

              total        used        free      shared  buff/cache   available
Mem:          48114        7723       33406        2403        6984       37105
Swap:         24191           0       24191
Total:        72306        7723       57598

              total        used        free      shared  buff/cache   available
Mem:          48114        7730       33399        2403        6984       37098
Swap:         24191           0       24191
Total:        72306        7730       57591

              total        used        free      shared  buff/cache   available
Mem:          48114        7723       33405        2403        6984       37105
Swap:         24191           0       24191
Total:        72306        7724       57597

              total        used        free      shared  buff/cache   available
Mem:          48114        7728       33400        2403        6984       37100
Swap:         24191           0       24191
Total:        72306        7728       57592

              total        used        free      shared  buff/cache   available
Mem:          48114        7723       33405        2403        6984       37105
Swap:         24191           0       24191
Total:        72306        7724       57597

              total        used        free      shared  buff/cache   available
Mem:          48114        7731       33397        2403        6984       37097
Swap:         24191           0       24191
Total:        72306        7731       57589

              total        used        free      shared  buff/cache   available
Mem:          48114        7727       33401        2403        6985       37101
Swap:         24191           0       24191
Total:        72306        7727       57593

              total        used        free      shared  buff/cache   available
Mem:          48114        7733       33395        2403        6985       37096
Swap:         24191           0       24191
Total:        72306        7733       57587

              total        used        free      shared  buff/cache   available
Mem:          48114        7728       33401        2403        6985       37101
Swap:         24191           0       24191
Total:        72306        7728       57592

              total        used        free      shared  buff/cache   available
Mem:          48114        7732       33396        2403        6985       37096
Swap:         24191           0       24191
Total:        72306        7732       57588

              total        used        free      shared  buff/cache   available
Mem:          48114        7726       33402        2403        6985       37102
Swap:         24191           0       24191
Total:        72306        7726       57593

              total        used        free      shared  buff/cache   available
Mem:          48114        7732       33396        2403        6985       37097
Swap:         24191           0       24191
Total:        72306        7732       57588

              total        used        free      shared  buff/cache   available
Mem:          48114        7726       33401        2403        6985       37102
Swap:         24191           0       24191
Total:        72306        7726       57593

              total        used        free      shared  buff/cache   available
Mem:          48114        7732       33395        2403        6985       37096
Swap:         24191           0       24191
Total:        72306        7732       57587

              total        used        free      shared  buff/cache   available
Mem:          48114        7726       33402        2403        6985       37103
Swap:         24191           0       24191
Total:        72306        7726       57594

              total        used        free      shared  buff/cache   available
Mem:          48114        7730       33397        2403        6985       37098
Swap:         24191           0       24191
Total:        72306        7730       57589

              total        used        free      shared  buff/cache   available
Mem:          48114        7726       33402        2403        6985       37103
Swap:         24191           0       24191
Total:        72306        7726       57594

              total        used        free      shared  buff/cache   available
Mem:          48114        7731       33396        2403        6986       37097
Swap:         24191           0       24191
Total:        72306        7731       57588

              total        used        free      shared  buff/cache   available
Mem:          48114        7726       33402        2403        6986       37103
Swap:         24191           0       24191
Total:        72306        7726       57594

              total        used        free      shared  buff/cache   available
Mem:          48114        7732       33395        2403        6986       37096
Swap:         24191           0       24191
Total:        72306        7732       57587

              total        used        free      shared  buff/cache   available
Mem:          48114        7726       33401        2403        6986       37102
Swap:         24191           0       24191
Total:        72306        7726       57593

              total        used        free      shared  buff/cache   available
Mem:          48114        7733       33394        2403        6986       37095
Swap:         24191           0       24191
Total:        72306        7733       57586

              total        used        free      shared  buff/cache   available
Mem:          48114        7732       33395        2403        6986       37096
Swap:         24191           0       24191
Total:        72306        7732       57587

              total        used        free      shared  buff/cache   available
Mem:          48114        7738       33389        2403        6986       37091
Swap:         24191           0       24191
Total:        72306        7738       57581

              total        used        free      shared  buff/cache   available
Mem:          48114        7732       33395        2403        6986       37097
Swap:         24191           0       24191
Total:        72306        7732       57587

              total        used        free      shared  buff/cache   available
Mem:          48114        7738       33389        2403        6986       37091
Swap:         24191           0       24191
Total:        72306        7738       57581

              total        used        free      shared  buff/cache   available
Mem:          48114        7731       33395        2403        6986       37097
Swap:         24191           0       24191
Total:        72306        7731       57587

              total        used        free      shared  buff/cache   available
Mem:          48114        7737       33389        2403        6986       37091
Swap:         24191           0       24191
Total:        72306        7737       57581

              total        used        free      shared  buff/cache   available
Mem:          48114        7732       33394        2403        6987       37096
Swap:         24191           0       24191
Total:        72306        7733       57586

              total        used        free      shared  buff/cache   available
Mem:          48114        7739       33387        2403        6987       37089
Swap:         24191           0       24191
Total:        72306        7739       57579

              total        used        free      shared  buff/cache   available
Mem:          48114        7735       33391        2403        6987       37093
Swap:         24191           0       24191
Total:        72306        7735       57583

              total        used        free      shared  buff/cache   available
Mem:          48114        7734       33392        2403        6987       37094
Swap:         24191           0       24191
Total:        72306        7734       57583

              total        used        free      shared  buff/cache   available
Mem:          48114        7725       33400        2403        6987       37103
Swap:         24191           0       24191
Total:        72306        7725       57592

              total        used        free      shared  buff/cache   available
Mem:          48114        7731       33395        2403        6987       37097
Swap:         24191           0       24191
Total:        72306        7731       57587

              total        used        free      shared  buff/cache   available
Mem:          48114        7724       33401        2403        6987       37104
Swap:         24191           0       24191
Total:        72306        7724       57593

              total        used        free      shared  buff/cache   available
Mem:          48114        7734       33392        2403        6987       37094
Swap:         24191           0       24191
Total:        72306        7734       57584

              total        used        free      shared  buff/cache   available
Mem:          48114        7728       33397        2403        6987       37100
Swap:         24191           0       24191
Total:        72306        7729       57589

              total        used        free      shared  buff/cache   available
Mem:          48114        7742       33383        2403        6988       37086
Swap:         24191           0       24191
Total:        72306        7742       57575

              total        used        free      shared  buff/cache   available
Mem:          48114        7729       33396        2403        6988       37100
Swap:         24191           0       24191
Total:        72306        7729       57588

              total        used        free      shared  buff/cache   available
Mem:          48114        7732       33393        2403        6988       37096
Swap:         24191           0       24191
Total:        72306        7732       57585

              total        used        free      shared  buff/cache   available
Mem:          48114        7726       33399        2403        6988       37102
Swap:         24191           0       24191
Total:        72306        7726       57591

              total        used        free      shared  buff/cache   available
Mem:          48114        7730       33395        2403        6988       37099
Swap:         24191           0       24191
Total:        72306        7730       57587

              total        used        free      shared  buff/cache   available
Mem:          48114        7740       33385        2403        6988       37088
Swap:         24191           0       24191
Total:        72306        7740       57577

              total        used        free      shared  buff/cache   available
Mem:          48114        7745       33379        2403        6988       37083
Swap:         24191           0       24191
Total:        72306        7745       57571

              total        used        free      shared  buff/cache   available
Mem:          48114        7740       33385        2403        6988       37089
Swap:         24191           0       24191
Total:        72306        7740       57577

              total        used        free      shared  buff/cache   available
Mem:          48114        7745       33380        2403        6988       37084
Swap:         24191           0       24191
Total:        72306        7745       57572

              total        used        free      shared  buff/cache   available
Mem:          48114        7739       33385        2403        6988       37089
Swap:         24191           0       24191
Total:        72306        7739       57577

              total        used        free      shared  buff/cache   available
Mem:          48114        7744       33380        2403        6989       37084
Swap:         24191           0       24191
Total:        72306        7744       57572

              total        used        free      shared  buff/cache   available
Mem:          48114        7738       33386        2403        6989       37090
Swap:         24191           0       24191
Total:        72306        7738       57578

              total        used        free      shared  buff/cache   available
Mem:          48114        7768       33356        2403        6989       37060
Swap:         24191           0       24191
Total:        72306        7768       57548

              total        used        free      shared  buff/cache   available
Mem:          48114        7763       33361        2403        6989       37066
Swap:         24191           0       24191
Total:        72306        7763       57553

              total        used        free      shared  buff/cache   available
Mem:          48114        7743       33380        2403        6989       37085
Swap:         24191           0       24191
Total:        72306        7743       57572

              total        used        free      shared  buff/cache   available
Mem:          48114        7766       33358        2403        6989       37062
Swap:         24191           0       24191
Total:        72306        7766       57550

              total        used        free      shared  buff/cache   available
Mem:          48114        7770       33354        2403        6989       37058
Swap:         24191           0       24191
Total:        72306        7770       57546

              total        used        free      shared  buff/cache   available
Mem:          48114        7765       33359        2403        6989       37064
Swap:         24191           0       24191
Total:        72306        7765       57551

              total        used        free      shared  buff/cache   available
Mem:          48114        7763       33361        2403        6989       37066
Swap:         24191           0       24191
Total:        72306        7763       57553

              total        used        free      shared  buff/cache   available
Mem:          48114        7757       33366        2403        6990       37071
Swap:         24191           0       24191
Total:        72306        7757       57558

              total        used        free      shared  buff/cache   available
Mem:          48114        7760       33363        2403        6990       37068
Swap:         24191           0       24191
Total:        72306        7760       57555

              total        used        free      shared  buff/cache   available
Mem:          48114        7766       33357        2403        6990       37062
Swap:         24191           0       24191
Total:        72306        7766       57549

              total        used        free      shared  buff/cache   available
Mem:          48114        7772       33351        2403        6990       37056
Swap:         24191           0       24191
Total:        72306        7772       57543

              total        used        free      shared  buff/cache   available
Mem:          48114        7765       33358        2403        6990       37063
Swap:         24191           0       24191
Total:        72306        7765       57550

              total        used        free      shared  buff/cache   available
Mem:          48114        7771       33352        2403        6990       37058
Swap:         24191           0       24191
Total:        72306        7771       57544

              total        used        free      shared  buff/cache   available
Mem:          48114        7781       33341        2403        6990       37047
Swap:         24191           0       24191
Total:        72306        7781       57533

              total        used        free      shared  buff/cache   available
Mem:          48114        7787       33335        2403        6990       37041
Swap:         24191           0       24191
Total:        72306        7787       57527

              total        used        free      shared  buff/cache   available
Mem:          48114        7782       33341        2403        6990       37047
Swap:         24191           0       24191
Total:        72306        7782       57533

              total        used        free      shared  buff/cache   available
Mem:          48114        7786       33336        2403        6991       37042
Swap:         24191           0       24191
Total:        72306        7787       57528

              total        used        free      shared  buff/cache   available
Mem:          48114        7781       33341        2403        6991       37047
Swap:         24191           0       24191
Total:        72306        7781       57533

              total        used        free      shared  buff/cache   available
Mem:          48114        7786       33336        2403        6991       37042
Swap:         24191           0       24191
Total:        72306        7786       57528

              total        used        free      shared  buff/cache   available
Mem:          48114        7781       33341        2403        6991       37047
Swap:         24191           0       24191
Total:        72306        7781       57533

              total        used        free      shared  buff/cache   available
Mem:          48114        7786       33336        2403        6991       37042
Swap:         24191           0       24191
Total:        72306        7786       57527

              total        used        free      shared  buff/cache   available
Mem:          48114        7781       33341        2403        6991       37048
Swap:         24191           0       24191
Total:        72306        7781       57533

              total        used        free      shared  buff/cache   available
Mem:          48114        7786       33335        2403        6991       37042
Swap:         24191           0       24191
Total:        72306        7786       57527

              total        used        free      shared  buff/cache   available
Mem:          48114        7798       33324        2403        6991       37031
Swap:         24191           0       24191
Total:        72306        7798       57516

              total        used        free      shared  buff/cache   available
Mem:          48114        7803       33319        2403        6991       37026
Swap:         24191           0       24191
Total:        72306        7803       57511

              total        used        free      shared  buff/cache   available
Mem:          48114        7793       33328        2403        6992       37035
Swap:         24191           0       24191
Total:        72306        7793       57520

              total        used        free      shared  buff/cache   available
Mem:          48114        7798       33323        2403        6992       37030
Swap:         24191           0       24191
Total:        72306        7798       57515

              total        used        free      shared  buff/cache   available
Mem:          48114        7793       33328        2403        6992       37035
Swap:         24191           0       24191
Total:        72306        7793       57520

              total        used        free      shared  buff/cache   available
Mem:          48114        7798       33323        2403        6992       37030
Swap:         24191           0       24191
Total:        72306        7798       57515

              total        used        free      shared  buff/cache   available
Mem:          48114        7786       33335        2403        6992       37043
Swap:         24191           0       24191
Total:        72306        7786       57527

              total        used        free      shared  buff/cache   available
Mem:          48114        7790       33330        2403        6992       37038
Swap:         24191           0       24191
Total:        72306        7790       57522

              total        used        free      shared  buff/cache   available
Mem:          48114        7785       33336        2403        6992       37044
Swap:         24191           0       24191
Total:        72306        7785       57528

              total        used        free      shared  buff/cache   available
Mem:          48114        7791       33330        2403        6992       37038
Swap:         24191           0       24191
Total:        72306        7791       57522

              total        used        free      shared  buff/cache   available
Mem:          48114        7793       33328        2403        6992       37036
Swap:         24191           0       24191
Total:        72306        7793       57520

              total        used        free      shared  buff/cache   available
Mem:          48114        7799       33321        2403        6993       37029
Swap:         24191           0       24191
Total:        72306        7799       57513

              total        used        free      shared  buff/cache   available
Mem:          48114        7793       33327        2403        6993       37035
Swap:         24191           0       24191
Total:        72306        7793       57519

              total        used        free      shared  buff/cache   available
Mem:          48114        7798       33322        2403        6993       37030
Swap:         24191           0       24191
Total:        72306        7798       57514

              total        used        free      shared  buff/cache   available
Mem:          48114        7793       33327        2403        6993       37035
Swap:         24191           0       24191
Total:        72306        7793       57519

              total        used        free      shared  buff/cache   available
Mem:          48114        7798       33322        2403        6993       37030
Swap:         24191           0       24191
Total:        72306        7798       57514

              total        used        free      shared  buff/cache   available
Mem:          48114        7792       33328        2403        6993       37036
Swap:         24191           0       24191
Total:        72306        7792       57520

              total        used        free      shared  buff/cache   available
Mem:          48114        7795       33324        2403        6993       37033
Swap:         24191           0       24191
Total:        72306        7796       57516

              total        used        free      shared  buff/cache   available
Mem:          48114        7789       33331        2403        6993       37039
Swap:         24191           0       24191
Total:        72306        7789       57523

              total        used        free      shared  buff/cache   available
Mem:          48114        7818       33301        2403        6993       37010
Swap:         24191           0       24191
Total:        72306        7818       57493

              total        used        free      shared  buff/cache   available
Mem:          48114        7813       33306        2403        6993       37015
Swap:         24191           0       24191
Total:        72306        7813       57498

              total        used        free      shared  buff/cache   available
Mem:          48114        7820       33300        2403        6993       37009
Swap:         24191           0       24191
Total:        72306        7820       57492

              total        used        free      shared  buff/cache   available
Mem:          48114        7789       33330        2403        6993       37039
Swap:         24191           0       24191
Total:        72306        7789       57522

              total        used        free      shared  buff/cache   available
Mem:          48114        7794       33325        2403        6994       37034
Swap:         24191           0       24191
Total:        72306        7794       57517

              total        used        free      shared  buff/cache   available
Mem:          48114        7812       33307        2403        6994       37016
Swap:         24191           0       24191
Total:        72306        7812       57499

              total        used        free      shared  buff/cache   available
Mem:          48114        7823       33296        2403        6994       37005
Swap:         24191           0       24191
Total:        72306        7823       57488

              total        used        free      shared  buff/cache   available
Mem:          48114        7811       33308        2403        6994       37017
Swap:         24191           0       24191
Total:        72306        7811       57500

              total        used        free      shared  buff/cache   available
Mem:          48114        7816       33303        2403        6994       37012
Swap:         24191           0       24191
Total:        72306        7816       57495
