12:31:39 PM      eth0     20.00     12.00      4.95      3.68      0.00      0.00      0.00
12:31:40 PM      eth0  38062.00 177736.00   4342.33 134665.63      0.00      0.00      0.00
12:31:41 PM      eth0  16067.00  66297.00   1845.00  50218.42      0.00      0.00      0.00
12:31:42 PM      eth0  20903.00  80033.00   2400.08  60643.80      0.00      0.00      0.00
12:31:43 PM      eth0  22689.00  80722.00   2614.63  61136.77      0.00      0.00      0.00
12:31:44 PM      eth0  22794.00  77414.00   2619.69  58652.52      0.00      0.00      0.00
12:31:45 PM      eth0  28602.00 104829.00   3318.19  79415.81      0.00      0.00      0.00
12:31:46 PM      eth0  31556.00 101219.00   3652.49  76677.57      0.00      0.00      0.00
12:31:47 PM      eth0  32234.00 101907.00   3715.71  77210.80      0.00      0.00      0.00
12:31:48 PM      eth0  33583.00 106438.00   3870.88  80635.78      0.00      0.00      0.00
12:31:49 PM      eth0  41143.00 126623.00   4822.22  95851.67      0.00      0.00      0.00
12:31:50 PM      eth0  39189.00 120595.00   4531.90  91335.96      0.00      0.00      0.00
12:31:51 PM      eth0  40783.00 126251.00   4701.13  95655.79      0.00      0.00      0.00
12:31:52 PM      eth0  46133.00 141333.00   5314.46 107090.50      0.00      0.00      0.00
12:31:53 PM      eth0  42212.00 126670.00   4878.63  95966.56      0.00      0.00      0.00
12:31:54 PM      eth0  49150.00 157500.00   5689.48 119337.51      0.00      0.00      0.00
12:31:55 PM      eth0  46525.00 139532.00   5367.41 105726.70      0.00      0.00      0.00
12:31:56 PM      eth0  47276.00 140883.00   5455.93 106761.61      0.00      0.00      0.00
12:31:57 PM      eth0  54790.00 163424.00   6313.91 123844.75      0.00      0.00      0.00
12:31:58 PM      eth0  49051.00 149790.00   5655.39 113512.73      0.00      0.00      0.00
12:31:59 PM      eth0  52366.00 158811.00   6037.09 120348.83      0.00      0.00      0.00
12:32:00 PM      eth0  54005.00 161261.00   6227.74 122200.17      0.00      0.00      0.00
12:32:01 PM      eth0  52540.00 157006.00   6055.87 118981.11      0.00      0.00      0.00
12:32:02 PM      eth0  50949.00 151866.00   5873.54 115085.95      0.00      0.00      0.00
12:32:03 PM      eth0  45943.00 136730.00   5299.06 103614.32      0.00      0.00      0.00
12:32:04 PM      eth0  51590.00 155101.00   5948.53 117536.81      0.00      0.00      0.00
12:32:05 PM      eth0  52333.00 157509.00   6034.41 119362.43      0.00      0.00      0.00
12:32:06 PM      eth0  47898.00 143724.00   5520.23 108915.13      0.00      0.00      0.00
12:32:07 PM      eth0  51449.00 155520.00   5928.86 117855.69      0.00      0.00      0.00
12:32:08 PM      eth0  52565.00 157382.00   6057.96 119266.05      0.00      0.00      0.00
12:32:09 PM      eth0  50058.00 149973.00   5776.85 113650.75      0.00      0.00      0.00
12:32:10 PM      eth0  48871.00 146219.00   5638.22 110801.15      0.00      0.00      0.00
12:32:11 PM      eth0  48580.00 146012.00   5601.80 110649.81      0.00      0.00      0.00
12:32:12 PM      eth0  51900.00 153323.00   5997.12 116190.79      0.00      0.00      0.00
12:32:13 PM      eth0  47266.00 141965.00   5449.89 107582.18      0.00      0.00      0.00
12:32:14 PM      eth0  53690.00 160632.00   6189.41 121727.60      0.00      0.00      0.00
12:32:15 PM      eth0  57053.00 171673.00   6577.33 130095.51      0.00      0.00      0.00
12:32:16 PM      eth0  49828.00 148736.00   5747.38 112708.80      0.00      0.00      0.00
12:32:17 PM      eth0  53988.00 160611.00   6226.71 121713.17      0.00      0.00      0.00
12:32:18 PM      eth0  48727.00 145120.00   5622.16 109973.47      0.00      0.00      0.00
12:32:19 PM      eth0  46471.00 138545.00   5362.84 104990.93      0.00      0.00      0.00
12:32:20 PM      eth0  47674.00 142245.00   5500.00 107788.32      0.00      0.00      0.00
12:32:21 PM      eth0  47272.00 139837.00   5454.11 105969.51      0.00      0.00      0.00
12:32:22 PM      eth0  49283.00 147189.00   5684.24 111541.00      0.00      0.00      0.00
12:32:23 PM      eth0  43607.00 131862.00   5028.62  99926.26      0.00      0.00      0.00
12:32:24 PM      eth0  50295.00 150955.00   5797.07 114394.62      0.00      0.00      0.00
12:32:25 PM      eth0  54802.00 163006.00   6322.07 123523.11      0.00      0.00      0.00
12:32:26 PM      eth0  50587.00 152542.00   5834.63 115596.61      0.00      0.00      0.00
12:32:27 PM      eth0  54656.00 163235.00   6300.85 123699.47      0.00      0.00      0.00
12:32:28 PM      eth0  51022.00 152702.00   5885.67 115718.36      0.00      0.00      0.00
12:32:29 PM      eth0  50962.00 151088.00   5879.16 114496.37      0.00      0.00      0.00
12:32:30 PM      eth0  50731.00 152426.00   5852.67 115504.23      0.00      0.00      0.00
12:32:31 PM      eth0  50129.00 148637.00   5793.57 112625.59      0.00      0.00      0.00
12:32:32 PM      eth0  53176.00 157761.00   6130.63 119552.59      0.00      0.00      0.00
12:32:33 PM      eth0  46965.00 140725.00   5418.01 106637.74      0.00      0.00      0.00
12:32:34 PM      eth0  55381.00 166097.00   6385.83 125869.66      0.00      0.00      0.00
12:32:35 PM      eth0  52196.00 156777.00   6019.07 118807.79      0.00      0.00      0.00
12:32:36 PM      eth0  46402.00 138511.00   5393.36 104954.11      0.00      0.00      0.00
12:32:37 PM      eth0  47933.00 143865.00   5532.06 109023.42      0.00      0.00      0.00
12:32:38 PM      eth0  52830.00 159005.00   6092.39 120492.58      0.00      0.00      0.00
12:32:39 PM      eth0  50796.00 152780.00   5858.91 115777.26      0.00      0.00      0.00
12:32:40 PM      eth0  47458.00 143043.00   5472.34 108393.04      0.00      0.00      0.00
12:32:41 PM      eth0  54015.00 161596.00   6228.04 122459.47      0.00      0.00      0.00
12:32:42 PM      eth0  52713.00 157119.00   6079.55 119066.00      0.00      0.00      0.00
12:32:43 PM      eth0  48634.00 144006.00   5611.63 109129.55      0.00      0.00      0.00
12:32:44 PM      eth0  49203.00 148107.00   5677.37 112235.81      0.00      0.00      1.00
12:32:45 PM      eth0  48538.00 146388.00   5595.70 110934.66      0.00      0.00      0.00
12:32:46 PM      eth0  50127.00 150412.00   5783.36 113980.49      0.00      0.00      0.00
12:32:47 PM      eth0  53242.00 159505.00   6137.43 120872.89      0.00      0.00      0.00
12:32:48 PM      eth0  52843.00 159022.00   6095.66 120508.86      0.00      0.00      0.00
12:32:49 PM      eth0  52898.00 156960.00   6102.38 118946.89      0.00      0.00      0.00
12:32:50 PM      eth0  47694.00 142558.00   5576.21 107963.12      0.00      0.00      0.00
12:32:51 PM      eth0  50888.00 153618.00   5886.64 116361.59      0.00      0.00      0.00
12:32:52 PM      eth0  48507.00 143523.00   5597.24 108762.81      0.00      0.00      0.00
12:32:53 PM      eth0  51207.00 153892.00   5903.97 116622.28      0.00      0.00      0.00
12:32:54 PM      eth0  52857.00 158576.00   6095.43 120170.88      0.00      0.00      0.00
12:32:55 PM      eth0  44508.00 135060.00   5134.05 102350.16      0.00      0.00      0.00
12:32:56 PM      eth0  54016.00 160915.00   6231.85 121942.73      0.00      0.00      0.00
12:32:57 PM      eth0  51852.00 154700.00   5978.63 117232.87      0.00      0.00      0.00
12:32:58 PM      eth0  49490.00 149755.00   5709.12 113486.93      0.00      0.00      0.00
12:32:59 PM      eth0  50236.00 151236.00   5794.25 114607.59      0.00      0.00      0.00
12:33:00 PM      eth0  50420.00 150279.00   5814.07 113877.87      0.00      0.00      0.00
12:33:01 PM      eth0  50095.00 148688.00   5783.06 112675.51      0.00      0.00      0.00
12:33:02 PM      eth0  50312.00 151182.00   5798.11 114565.68      0.00      0.00      0.00
12:33:03 PM      eth0  48404.00 145467.00   5577.66 110235.92      0.00      0.00      0.00
12:33:04 PM      eth0  47664.00 141771.00   5504.67 107434.14      0.00      0.00      0.00
12:33:05 PM      eth0  50657.00 152151.00   5842.54 115302.45      0.00      0.00      0.00
12:33:06 PM      eth0  48865.00 147644.00   5632.88 111886.47      0.00      0.00      0.00
12:33:07 PM      eth0  49395.00 147907.00   5699.15 112086.49      0.00      0.00      0.00
12:33:08 PM      eth0  45540.00 135406.00   5259.50 102611.21      0.00      0.00      0.00
12:33:09 PM      eth0  50279.00 148813.00   5800.69 112771.68      0.00      0.00      0.00
12:33:10 PM      eth0  48040.00 144111.00   5539.77 109202.35      0.00      0.00      0.00
12:33:11 PM      eth0  52815.00 157776.00   6092.82 119564.68      0.00      0.00      0.00
12:33:12 PM      eth0  50293.00 148881.00   5798.98 112821.83      0.00      0.00      0.00
12:33:13 PM      eth0  49197.00 144817.00   5676.30 109743.85      0.00      0.00      0.00
12:33:14 PM      eth0  48920.00 146458.00   5642.38 110986.70      0.00      0.00      0.00
12:33:15 PM      eth0  50514.00 150870.00   5827.03 114331.17      0.00      0.00      0.00
12:33:16 PM      eth0  50360.00 150396.00   5816.87 113968.15      0.00      0.00      0.00
12:33:17 PM      eth0  47547.00 141357.00   5487.41 107121.60      0.00      0.00      0.00
12:33:18 PM      eth0  49067.00 146783.00   5659.45 111233.27      0.00      0.00      0.00
12:33:19 PM      eth0  46847.00 139679.00   5402.67 105849.82      0.00      0.00      0.00
12:33:20 PM      eth0  49523.00 148623.00   5713.68 112621.60      0.00      0.00      0.00
12:33:21 PM      eth0  50357.00 151872.00   5806.39 115090.50      0.00      0.00      0.00
12:33:22 PM      eth0  48115.00 144496.00   5548.31 109500.88      0.00      0.00      0.00
12:33:23 PM      eth0  49548.00 148176.00   5715.49 112289.62      0.00      0.00      0.00
12:33:24 PM      eth0  50202.00 149838.00   5805.27 113547.77      0.00      0.00      0.00
12:33:25 PM      eth0  49394.00 147166.00   5696.36 111522.95      0.00      0.00      0.00
12:33:26 PM      eth0  52263.00 156181.00   6027.92 118352.10      0.00      0.00      0.00
12:33:27 PM      eth0  50049.00 148785.00   5778.41 112749.08      0.00      0.00      0.00
12:33:28 PM      eth0  45458.00 135935.00   5249.82 103013.96      0.00      0.00      0.00
12:33:29 PM      eth0  49293.00 147270.00   5689.19 111601.66      0.00      0.00      0.00
12:33:30 PM      eth0  48651.00 144570.00   5615.42 109552.24      0.00      0.00      0.00
12:33:31 PM      eth0  52598.00 157751.00   6067.84 119543.62      0.00      0.00      0.00
12:33:32 PM      eth0  50353.00 151994.00   5815.00 115169.28      0.00      0.00      0.00
12:33:33 PM      eth0  49142.00 147369.00   5674.55 111677.28      0.00      0.00      0.00
12:33:34 PM      eth0  53224.00 158306.00   6142.65 119965.39      0.00      0.00      0.00
12:33:35 PM      eth0  50116.00 150349.00   5780.77 113935.94      0.00      0.00      0.00
12:33:36 PM      eth0  48478.00 145243.00   5591.55 110066.76      0.00      0.00      0.00
12:33:37 PM      eth0  47790.00 141854.00   5519.22 107498.73      0.00      0.00      0.00
12:33:38 PM      eth0  46035.00 137379.00   5314.28 104106.86      0.00      0.00      0.00
12:33:39 PM      eth0  43739.00 133214.00   5053.40 100949.90      0.00      0.00      0.00
12:33:40 PM      eth0  47888.00 143803.00   5525.09 108970.28      0.00      0.00      0.00
12:33:41 PM      eth0  48518.00 143505.00   5603.07 108749.22      0.00      0.00      0.00
12:33:42 PM      eth0  49970.00 149579.00   5770.58 113350.78      0.00      0.00      0.00
12:33:43 PM      eth0  51149.00 152675.00   5899.29 115699.17      0.00      0.00      0.00
12:33:44 PM      eth0  46370.00 138098.00   5352.06 104652.44      0.00      0.00      0.00
12:33:45 PM      eth0  45580.00 136348.00   5257.41 103324.83      0.00      0.00      0.00
12:33:46 PM      eth0  48762.00 146226.00   5623.24 110808.08      0.00      0.00      0.00
12:33:47 PM      eth0  46219.00 138552.00   5335.70 104996.49      0.00      0.00      0.00
12:33:48 PM      eth0  47203.00 140358.00   5448.75 106362.93      0.00      0.00      0.00
12:33:49 PM      eth0  47808.00 143067.00   5517.32 108417.01      0.00      0.00      0.00
12:33:50 PM      eth0  49352.00 147177.00   5767.13 111478.02      0.00      0.00      0.00
12:33:51 PM      eth0  45954.00 136032.00   5337.95 103021.07      0.00      0.00      0.00
12:33:52 PM      eth0  43568.00 129666.00   5032.30  98262.52      0.00      0.00      0.00
12:33:53 PM      eth0  48986.00 146956.00   5652.69 111365.15      0.00      0.00      0.00
12:33:54 PM      eth0  51374.00 152530.00   5927.14 115589.14      0.00      0.00      0.00
12:33:55 PM      eth0  48452.00 145258.00   5593.09 110076.94      0.00      0.00      0.00
12:33:56 PM      eth0  47112.00 140170.00   5452.67 106222.58      0.00      0.00      0.00
12:33:57 PM      eth0  45789.00 135476.00   5286.71 102665.41      0.00      0.00      0.00
12:33:58 PM      eth0  45459.00 135737.00   5247.63 102862.53      0.00      0.00      0.00
12:33:59 PM      eth0  44633.00 131490.00   5157.55  99644.77      0.00      0.00      0.00
12:34:00 PM      eth0  46440.00 138765.00   5362.08 105152.42      0.00      0.00      0.00
12:34:01 PM      eth0  47519.00 140932.00   5487.39 106800.08      0.00      0.00      0.00
12:34:02 PM      eth0  40619.00 119344.00   4690.66  90439.12      0.00      0.00      0.00
12:34:03 PM      eth0  47334.00 140324.00   5465.49 106339.28      0.00      0.00      0.00
12:34:04 PM      eth0  43887.00 130779.00   5069.76  99105.77      0.00      0.00      0.00
12:34:05 PM      eth0  46932.00 140193.00   5414.32 106239.34      0.00      0.00      0.00
12:34:06 PM      eth0  44613.00 132582.00   5154.34 100470.91      0.00      0.00      0.00
12:34:07 PM      eth0  47322.00 141339.00   5462.16 107109.03      0.00      0.00      0.00
12:34:08 PM      eth0  45623.00 136189.00   5270.46 103203.67      0.00      0.00      0.00
12:34:09 PM      eth0  44629.00 132710.00   5154.46 100569.30      0.00      0.00      0.00
12:34:10 PM      eth0  44404.00 131976.00   5143.01 100006.39      0.00      0.00      0.00
12:34:11 PM      eth0  45895.00 137518.00   5301.34 104211.52      0.00      0.00      0.00
12:34:12 PM      eth0  47943.00 143098.00   5538.60 108440.12      0.00      0.00      0.00
12:34:13 PM      eth0  44284.00 130551.00   5114.22  98932.51      0.00      0.00      0.00
12:34:14 PM      eth0  44417.00 132176.00   5129.73 100164.07      0.00      0.00      0.00
12:34:15 PM      eth0  44500.00 133239.00   5138.37 100969.56      0.00      0.00      0.00
12:34:16 PM      eth0  45901.00 136859.00   5299.52 103708.98      0.00      0.00      0.00
12:34:17 PM      eth0  50258.00 150867.00   5801.74 114328.46      0.00      0.00      0.00
12:34:18 PM      eth0  43806.00 131014.00   5057.97  99284.10      0.00      0.00      0.00
12:34:19 PM      eth0  44179.00 132189.00   5101.90 100173.27      0.00      0.00      0.00
12:34:20 PM      eth0  47430.00 142770.00   5480.49 108186.79      0.00      0.00      0.00
12:34:21 PM      eth0  45518.00 136156.00   5261.29 103179.38      0.00      0.00      0.00
12:34:22 PM      eth0  44259.00 133114.00   5106.03 100873.57      0.00      0.00      0.00
12:34:23 PM      eth0  47526.00 141364.00   5491.25 107127.66      0.00      0.00      0.00
12:34:24 PM      eth0  38087.00 114911.00   4400.26  87080.32      0.00      0.00      0.00
12:34:25 PM      eth0  42572.00 128415.00   4919.01  97314.59      0.00      0.00      0.00
12:34:26 PM      eth0  44801.00 134077.00   5171.95 101603.22      0.00      0.00      0.00
12:34:27 PM      eth0  49287.00 147166.00   5688.60 111520.51      0.00      0.00      0.00
12:34:28 PM      eth0  41841.00 125154.00   4843.98  94844.51      0.00      0.00      0.00
12:34:29 PM      eth0  46822.00 138619.00   5405.76 105046.49      0.00      0.00      0.00
12:34:30 PM      eth0  46033.00 136978.00   5316.21 103797.11      0.00      0.00      0.00
12:34:31 PM      eth0  44974.00 133768.00   5193.10 101371.06      0.00      0.00      0.00
12:34:32 PM      eth0  47153.00 142290.00   5440.89 107828.72      0.00      0.00      0.00
12:34:33 PM      eth0  45981.00 136713.00   5319.32 103589.49      0.00      0.00      0.00
12:34:34 PM      eth0  43269.00 131613.00   4994.64  99737.26      0.00      0.00      0.00
12:34:35 PM      eth0  47654.00 142265.00   5506.00 107808.91      0.00      0.00      0.00
12:34:36 PM      eth0  43881.00 129915.00   5070.59  98451.39      0.00      0.00      0.00
12:34:37 PM      eth0  46919.00 141220.00   5415.81 107017.96      0.00      0.00      0.00
12:34:38 PM      eth0  48723.00 145487.00   5625.32 110253.30      0.00      0.00      0.00
12:34:39 PM      eth0  42592.00 126798.00   4957.35  96075.75      0.00      0.00      0.00
12:34:40 PM      eth0  49939.00 148752.00   5769.01 112721.17      0.00      0.00      0.00
12:34:41 PM      eth0  49743.00 149698.00   5740.47 113443.02      0.00      0.00      0.00
12:34:42 PM      eth0  43422.00 129464.00   5017.43  98109.44      0.00      0.00      0.00
12:34:43 PM      eth0  42041.00 125718.00   4855.09  95270.78      0.00      0.00      0.00
12:34:44 PM      eth0  40328.00 119932.00   4663.43  90884.53      0.00      0.00      0.00
12:34:45 PM      eth0  44706.00 132468.00   5164.95 100385.91      0.00      0.00      0.00
12:34:46 PM      eth0  44355.00 133694.00   5119.90 101310.68      0.00      0.00      0.00
12:34:47 PM      eth0  44547.00 133060.00   5144.92 100835.95      0.00      0.00      0.00
12:34:48 PM      eth0  46036.00 137436.00   5328.38 104147.99      0.00      0.00      0.00
12:34:49 PM      eth0  42252.00 125482.00   4884.98  95091.83      0.00      0.00      0.00
12:34:50 PM      eth0  49263.00 145590.00   5689.99 110323.82      0.00      0.00      0.00
12:34:51 PM      eth0  44942.00 134459.00   5191.18 101894.04      0.00      0.00      0.00
12:34:52 PM      eth0  43596.00 129942.00   5121.15  98363.27      0.00      0.00      0.00
12:34:53 PM      eth0  43013.00 126564.00   4980.60  95903.36      0.00      0.00      0.00
12:34:54 PM      eth0  42100.00 127031.00   4865.14  96264.96      0.00      0.00      0.00
12:34:55 PM      eth0  41823.00 125485.00   4830.18  95093.38      0.00      0.00      0.00
12:34:56 PM      eth0  39149.00 115214.00   4526.03  87310.66      0.00      0.00      0.00
12:34:57 PM      eth0  43727.00 131539.00   5047.93  99681.18      0.00      0.00      0.00
12:34:58 PM      eth0  42665.00 126829.00   4930.17  96111.97      0.00      0.00      0.00
12:34:59 PM      eth0  44963.00 132562.00   5201.66 100456.11      0.00      0.00      0.00
12:35:00 PM      eth0  44254.00 131902.00   5110.57  99949.50      0.00      0.00      0.00
12:35:01 PM      eth0  41259.00 123418.00   4768.31  93527.70      0.00      0.00      0.00
12:35:02 PM      eth0  46510.00 137945.00   5372.47 104536.67      0.00      0.00      0.00
12:35:03 PM      eth0  43738.00 129683.00   5048.35  98274.73      0.00      0.00      0.00
12:35:04 PM      eth0  43698.00 130623.00   5046.40  98987.13      0.00      0.00      0.00
12:35:05 PM      eth0  40342.00 120021.00   4663.11  90951.36      0.00      0.00      0.00
12:35:06 PM      eth0  43180.00 129062.00   4994.11  97804.10      0.00      0.00      0.00
12:35:07 PM      eth0  43577.00 130648.00   5038.54  99005.30      0.00      0.00      0.00
12:35:08 PM      eth0  46157.00 137166.00   5330.66 103946.16      0.00      0.00      0.00
12:35:09 PM      eth0  41001.00 123079.00   4743.89  93270.08      0.00      0.00      0.00
12:35:10 PM      eth0  45593.00 134435.00   5266.95 101870.25      0.00      0.00      0.00
12:35:11 PM      eth0  44632.00 133660.00   5155.09 101289.22      0.00      0.00      0.00
12:35:12 PM      eth0  42690.00 126558.00   4927.27  95905.90      0.00      0.00      0.00
12:35:13 PM      eth0  46754.00 139680.00   5401.38 105851.25      0.00      0.00      0.00
12:35:14 PM      eth0  43815.00 133422.00   5054.45 101109.46      0.00      0.00      0.00
12:35:15 PM      eth0  41855.00 125651.00   4838.00  95220.09      0.00      0.00      0.00
12:35:16 PM      eth0  46118.00 138112.00   5322.93 104659.19      0.00      0.00      0.00
12:35:17 PM      eth0  46732.00 137582.00   5398.74 104260.45      0.00      0.00      0.00
12:35:18 PM      eth0  43988.00 130660.00   5087.67  99016.04      0.00      0.00      0.00
12:35:19 PM      eth0  39488.00 116534.00   4570.61  88308.15      0.00      0.00      0.00
12:35:20 PM      eth0  45254.00 134974.00   5230.30 102280.75      0.00      0.00      0.00
12:35:21 PM      eth0  42907.00 128054.00   4955.01  97040.92      0.00      0.00      0.00
12:35:22 PM      eth0  45748.00 138355.00   5282.62 104846.48      0.00      0.00      0.00
12:35:23 PM      eth0  45793.00 135289.00   5293.38 102525.83      0.00      0.00      0.00
12:35:24 PM      eth0  44930.00 133417.00   5190.58 101105.57      0.00      0.00      0.00
12:35:25 PM      eth0  38960.00 116305.00   4516.13  88135.27      0.00      0.00      0.00
12:35:26 PM      eth0  39159.00 116014.00   4524.66  87916.91      0.00      0.00      0.00
12:35:27 PM      eth0  40392.00 117886.00   4674.18  89329.17      0.00      0.00      0.00
12:35:28 PM      eth0  47727.00 143098.00   5508.71 108440.79      0.00      0.00      0.00
12:35:29 PM      eth0  46651.00 138284.00   5386.54 104793.00      0.00      0.00      0.00
12:35:30 PM      eth0  40736.00 121334.00   4712.18  91942.59      0.00      0.00      0.00
12:35:31 PM      eth0  43548.00 128513.00   5033.80  97387.35      0.00      0.00      0.00
12:35:32 PM      eth0  40452.00 119746.00   4678.59  90744.27      0.00      0.00      0.00
12:35:33 PM      eth0  43779.00 131565.00   5063.42  99688.27      0.00      0.00      0.00
12:35:34 PM      eth0  40944.00 122775.00   4741.98  93038.50      0.00      0.00      0.00
12:35:35 PM      eth0  42269.00 125864.00   4894.36  95381.31      0.00      0.00      0.00
12:35:36 PM      eth0  40600.00 120642.00   4701.00  91425.14      0.00      0.00      0.00
12:35:37 PM      eth0  38477.00 117483.00   4451.32  89028.04      0.00      0.00      0.00
12:35:38 PM      eth0  43826.00 132144.00   5068.33 100141.60      0.00      0.00      0.00
12:35:39 PM      eth0  46775.00 141355.00   5397.12 107118.48      0.00      0.00      0.00
12:35:40 PM      eth0  43738.00 131797.00   5053.97  99871.98      0.00      0.00      0.00
12:35:41 PM      eth0  46245.00 138174.00   5351.41 104710.10      0.00      0.00      0.00
12:35:42 PM      eth0  42659.00 129973.00   4926.72  98493.99      0.00      0.00      0.00
12:35:43 PM      eth0  43918.00 131846.00   5075.81  99914.60      0.00      0.00      0.00
12:35:44 PM      eth0  41463.00 123791.00   4799.38  93801.95      0.00      0.00      0.00
12:35:45 PM      eth0  39457.00 116022.00   4606.86  88028.21      0.00      0.00      0.00
12:35:46 PM      eth0  45686.00 136601.00   5275.15 103698.36      0.00      0.00      0.00
12:35:47 PM      eth0  46558.00 139839.00   5383.22 105971.02      0.00      0.00      0.00
12:35:48 PM      eth0  44845.00 133537.00   5182.70 101195.34      0.00      0.00      0.00
12:35:49 PM      eth0  41105.00 122072.00   4748.21  92508.80      0.00      0.00      0.00
12:35:50 PM      eth0  41613.00 123150.00   4816.88  93319.63      0.00      0.00      0.00
12:35:51 PM      eth0  39798.00 118056.00   4603.40  89462.20      0.00      0.00      0.00
12:35:52 PM      eth0  46002.00 137978.00   5310.68 104560.97      0.00      0.00      0.00
12:35:53 PM      eth0  45610.00 135615.00   5279.51 102769.02      0.00      0.00      0.00
12:35:54 PM      eth0  42089.00 126286.00   4950.23  95595.09      0.00      0.00      0.00
12:35:55 PM      eth0  39990.00 120098.00   4629.49  91003.21      0.00      0.00      0.00
12:35:56 PM      eth0  44609.00 134399.00   5155.49 101849.96      0.00      0.00      0.00
12:35:57 PM      eth0  40253.00 120045.00   4653.65  90970.88      0.00      0.00      0.00
12:35:58 PM      eth0  41484.00 123969.00   4794.94  93945.98      0.00      0.00      0.00
12:35:59 PM      eth0  42545.00 127775.00   4912.70  96828.77      0.00      0.00      0.00
12:36:00 PM      eth0  44837.00 134187.00   5182.23 101683.15      0.00      0.00      0.00
12:36:01 PM      eth0  38706.00 116573.00   4474.04  88341.20      0.00      0.00      0.00
12:36:02 PM      eth0  40101.00 118828.00   4644.36  90046.62      0.00      0.00      0.00
12:36:03 PM      eth0  41100.00 123323.00   4754.73  93455.04      0.00      0.00      0.00
12:36:04 PM      eth0  43394.00 129070.00   5015.62  97810.53      0.00      0.00      1.00
12:36:05 PM      eth0  47079.00 140378.00   5441.22 106378.87      0.00      0.00      0.00
12:36:06 PM      eth0  40264.00 119503.00   4662.24  90560.20      0.00      0.00      0.00
12:36:07 PM      eth0  44594.00 131139.00   5155.73  99379.46      0.00      0.00      0.00
12:36:08 PM      eth0  43831.00 129379.00   5068.48  98041.59      0.00      0.00      0.00
12:36:09 PM      eth0  40700.00 122181.00   4704.50  92589.62      0.00      0.00      0.00
12:36:10 PM      eth0  45378.00 135869.00   5245.95 102959.21      0.00      0.00      0.00
12:36:11 PM      eth0  45888.00 138027.00   5297.38 104597.87      0.00      0.00      0.00
12:36:12 PM      eth0  40245.00 119800.00   4652.24  90785.94      0.00      0.00      0.00
12:36:13 PM      eth0  38279.00 116929.00   4427.18  88609.59      0.00      0.00      0.00
12:36:14 PM      eth0  39726.00 119228.00   4593.24  90352.47      0.00      0.00      0.00
12:36:15 PM      eth0  43270.00 129420.00   5001.79  98074.76      0.00      0.00      0.00
12:36:16 PM      eth0  38265.00 114842.00   4424.42  87024.89      0.00      0.00      0.00
12:36:17 PM      eth0  43028.00 128819.00   4976.66  97620.12      0.00      0.00      0.00
12:36:18 PM      eth0  40952.00 122456.00   4734.09  92798.46      0.00      0.00      0.00
12:36:19 PM      eth0  37964.00 114376.00   4391.62  86675.56      0.00      0.00      0.00
12:36:20 PM      eth0  42250.00 125197.00   4895.97  94870.37      0.00      0.00      0.00
12:36:21 PM      eth0  46499.00 138705.00   5369.04 105111.71      0.00      0.00      0.00
12:36:22 PM      eth0  40072.00 119875.00   4633.51  90842.11      0.00      0.00      0.00
12:36:23 PM      eth0  44750.00 131937.00   5179.57  99983.64      0.00      0.00      0.00
12:36:24 PM      eth0  43146.00 131001.00   4983.33  99272.19      0.00      0.00      0.00
12:36:25 PM      eth0  42531.00 126438.00   4913.10  95816.30      0.00      0.00      0.00
12:36:26 PM      eth0  38867.00 115259.00   4499.29  87345.21      0.00      0.00      0.00
12:36:27 PM      eth0  40056.00 119938.00   4635.89  90885.59      0.00      0.00      0.00
12:36:28 PM      eth0  43826.00 131134.00   5072.79  99372.83      0.00      0.00      0.00
12:36:29 PM      eth0  44119.00 133318.00   5102.39 101030.70      0.00      0.00      0.00
12:36:30 PM      eth0  36044.00 109237.00   4172.26  82774.40      0.00      0.00      0.00
12:36:31 PM      eth0  40280.00 120962.00   4659.85  91663.74      0.00      0.00      0.00
12:36:32 PM      eth0  42481.00 124891.00   4911.89  94643.29      0.00      0.00      0.00
12:36:33 PM      eth0  39448.00 118503.00   4568.76  89787.68      0.00      0.00      0.00
12:36:34 PM      eth0  44795.00 132034.00   5174.84 100056.26      0.00      0.00      0.00
12:36:35 PM      eth0  41100.00 121559.00   4761.53  92118.26      0.00      0.00      0.00
12:36:36 PM      eth0  40569.00 123624.00   4692.56  93683.81      0.00      0.00      0.00
12:36:37 PM      eth0  36368.00 109348.00   4213.29  82865.33      0.00      0.00      0.00
12:36:38 PM      eth0  40452.00 119732.00   4689.11  90733.07      0.00      0.00      0.00
12:36:39 PM      eth0  44151.00 130718.00   5099.51  99058.35      0.00      0.00      0.00
12:36:40 PM      eth0  41329.00 121876.00   4783.60  92352.96      0.00      0.00      0.00
12:36:41 PM      eth0  39388.00 117889.00   4546.06  89335.94      0.00      0.00      0.00
12:36:42 PM      eth0  37944.00 114636.00   4423.49  86861.71      0.00      0.00      0.00
12:36:43 PM      eth0  40674.00 121555.00   4692.68  92113.96      0.00      0.00      0.00
12:36:44 PM      eth0  33660.00 101315.00   3883.17  76776.91      0.00      0.00      0.00
12:36:45 PM      eth0  31340.00  94579.00   3625.78  71672.06      0.00      0.00      0.00
12:36:46 PM      eth0  30996.00  94173.00   3576.56  71361.96      0.00      0.00      0.00
12:36:47 PM      eth0  26493.00  82188.00   3051.86  62278.88      0.00      0.00      0.00
12:36:48 PM      eth0  23969.00  76963.00   2773.88  58323.26      0.00      0.00      0.00
12:36:49 PM      eth0  24471.00  79246.00   2815.14  60051.11      0.00      0.00      0.00
12:36:50 PM      eth0  22366.00  69463.00   2586.60  52633.72      0.00      0.00      0.00
12:36:51 PM      eth0  21202.00  68691.00   2446.41  52054.19      0.00      0.00      0.00
12:36:52 PM      eth0  17392.00  61166.00   1996.40  46348.44      0.00      0.00      0.00
12:36:53 PM      eth0  15270.00  60126.00   1750.66  45561.53      0.00      0.00      0.00
12:36:54 PM      eth0  14877.00  74825.00   1784.09  56595.58      0.00      0.00      0.00
12:36:55 PM      eth0  13235.00  84000.00   1523.36  63644.14      0.00      0.00      0.00
