              total        used        free      shared  buff/cache   available
Mem:          48114        1109       30679        2393       16325       43772
Swap:         24191           0       24191
Total:        72306        1109       54871

              total        used        free      shared  buff/cache   available
Mem:          48114        1110       30678        2393       16325       43771
Swap:         24191           0       24191
Total:        72306        1110       54870

              total        used        free      shared  buff/cache   available
Mem:          48114        1109       30679        2393       16325       43772
Swap:         24191           0       24191
Total:        72306        1109       54871

              total        used        free      shared  buff/cache   available
Mem:          48114        1111       30677        2393       16325       43770
Swap:         24191           0       24191
Total:        72306        1111       54869

              total        used        free      shared  buff/cache   available
Mem:          48114        1120       30667        2393       16326       43761
Swap:         24191           0       24191
Total:        72306        1120       54859

              total        used        free      shared  buff/cache   available
Mem:          48114        1143       30645        2393       16325       43739
Swap:         24191           0       24191
Total:        72306        1143       54837

              total        used        free      shared  buff/cache   available
Mem:          48114        1142       30645        2393       16326       43739
Swap:         24191           0       24191
Total:        72306        1142       54837

              total        used        free      shared  buff/cache   available
Mem:          48114        1141       30646        2393       16326       43740
Swap:         24191           0       24191
Total:        72306        1141       54838

              total        used        free      shared  buff/cache   available
Mem:          48114        1145       30642        2393       16326       43736
Swap:         24191           0       24191
Total:        72306        1145       54834

              total        used        free      shared  buff/cache   available
Mem:          48114        1146       30641        2393       16326       43735
Swap:         24191           0       24191
Total:        72306        1146       54833

              total        used        free      shared  buff/cache   available
Mem:          48114        1145       30642        2393       16326       43736
Swap:         24191           0       24191
Total:        72306        1145       54834

              total        used        free      shared  buff/cache   available
Mem:          48114        1144       30643        2393       16326       43737
Swap:         24191           0       24191
Total:        72306        1144       54835

              total        used        free      shared  buff/cache   available
Mem:          48114        1143       30643        2393       16326       43737
Swap:         24191           0       24191
Total:        72306        1143       54835

              total        used        free      shared  buff/cache   available
Mem:          48114        1241       30546        2393       16326       43640
Swap:         24191           0       24191
Total:        72306        1241       54737

              total        used        free      shared  buff/cache   available
Mem:          48114        1287       30499        2393       16326       43593
Swap:         24191           0       24191
Total:        72306        1287       54691

              total        used        free      shared  buff/cache   available
Mem:          48114        1317       30469        2393       16326       43564
Swap:         24191           0       24191
Total:        72306        1317       54661

              total        used        free      shared  buff/cache   available
Mem:          48114        1332       30455        2393       16326       43549
Swap:         24191           0       24191
Total:        72306        1332       54647

              total        used        free      shared  buff/cache   available
Mem:          48114        1366       30420        2393       16326       43514
Swap:         24191           0       24191
Total:        72306        1366       54612

              total        used        free      shared  buff/cache   available
Mem:          48114        1366       30421        2393       16326       43515
Swap:         24191           0       24191
Total:        72306        1366       54613

              total        used        free      shared  buff/cache   available
Mem:          48114        1365       30422        2393       16326       43516
Swap:         24191           0       24191
Total:        72306        1365       54614

              total        used        free      shared  buff/cache   available
Mem:          48114        1364       30422        2393       16326       43516
Swap:         24191           0       24191
Total:        72306        1364       54614

              total        used        free      shared  buff/cache   available
Mem:          48114        1363       30423        2393       16326       43517
Swap:         24191           0       24191
Total:        72306        1363       54615

              total        used        free      shared  buff/cache   available
Mem:          48114        1363       30423        2393       16327       43518
Swap:         24191           0       24191
Total:        72306        1363       54615

              total        used        free      shared  buff/cache   available
Mem:          48114        1361       30425        2393       16327       43519
Swap:         24191           0       24191
Total:        72306        1362       54617

              total        used        free      shared  buff/cache   available
Mem:          48114        1361       30425        2393       16327       43519
Swap:         24191           0       24191
Total:        72306        1361       54617

              total        used        free      shared  buff/cache   available
Mem:          48114        1361       30425        2393       16327       43519
Swap:         24191           0       24191
Total:        72306        1361       54617

              total        used        free      shared  buff/cache   available
Mem:          48114        1360       30426        2393       16327       43520
Swap:         24191           0       24191
Total:        72306        1360       54618

              total        used        free      shared  buff/cache   available
Mem:          48114        1361       30425        2393       16327       43520
Swap:         24191           0       24191
Total:        72306        1361       54617

              total        used        free      shared  buff/cache   available
Mem:          48114        1360       30426        2393       16327       43521
Swap:         24191           0       24191
Total:        72306        1360       54618

              total        used        free      shared  buff/cache   available
Mem:          48114        1360       30425        2393       16327       43520
Swap:         24191           0       24191
Total:        72306        1361       54617

              total        used        free      shared  buff/cache   available
Mem:          48114        1360       30426        2393       16327       43521
Swap:         24191           0       24191
Total:        72306        1360       54618

              total        used        free      shared  buff/cache   available
Mem:          48114        1359       30427        2393       16327       43522
Swap:         24191           0       24191
Total:        72306        1359       54619

              total        used        free      shared  buff/cache   available
Mem:          48114        1359       30427        2393       16327       43522
Swap:         24191           0       24191
Total:        72306        1359       54619

              total        used        free      shared  buff/cache   available
Mem:          48114        1359       30427        2393       16327       43522
Swap:         24191           0       24191
Total:        72306        1359       54618

              total        used        free      shared  buff/cache   available
Mem:          48114        1358       30427        2393       16327       43522
Swap:         24191           0       24191
Total:        72306        1359       54619

              total        used        free      shared  buff/cache   available
Mem:          48114        1362       30424        2393       16327       43519
Swap:         24191           0       24191
Total:        72306        1362       54616

              total        used        free      shared  buff/cache   available
Mem:          48114        1362       30423        2393       16327       43519
Swap:         24191           0       24191
Total:        72306        1362       54615

              total        used        free      shared  buff/cache   available
Mem:          48114        1362       30423        2393       16328       43518
Swap:         24191           0       24191
Total:        72306        1362       54615

              total        used        free      shared  buff/cache   available
Mem:          48114        1362       30423        2393       16328       43518
Swap:         24191           0       24191
Total:        72306        1362       54615

              total        used        free      shared  buff/cache   available
Mem:          48114        1362       30423        2393       16328       43519
Swap:         24191           0       24191
Total:        72306        1362       54615

              total        used        free      shared  buff/cache   available
Mem:          48114        1362       30423        2393       16328       43519
Swap:         24191           0       24191
Total:        72306        1362       54615

              total        used        free      shared  buff/cache   available
Mem:          48114        1362       30423        2393       16328       43519
Swap:         24191           0       24191
Total:        72306        1362       54615

              total        used        free      shared  buff/cache   available
Mem:          48114        1362       30423        2393       16328       43519
Swap:         24191           0       24191
Total:        72306        1362       54615

              total        used        free      shared  buff/cache   available
Mem:          48114        1362       30423        2393       16328       43519
Swap:         24191           0       24191
Total:        72306        1362       54615

              total        used        free      shared  buff/cache   available
Mem:          48114        1362       30423        2393       16328       43519
Swap:         24191           0       24191
Total:        72306        1362       54615

              total        used        free      shared  buff/cache   available
Mem:          48114        1362       30423        2393       16328       43519
Swap:         24191           0       24191
Total:        72306        1362       54615

              total        used        free      shared  buff/cache   available
Mem:          48114        1361       30423        2393       16328       43519
Swap:         24191           0       24191
Total:        72306        1362       54615

              total        used        free      shared  buff/cache   available
Mem:          48114        1361       30423        2393       16328       43520
Swap:         24191           0       24191
Total:        72306        1361       54615

              total        used        free      shared  buff/cache   available
Mem:          48114        1376       30409        2393       16328       43505
Swap:         24191           0       24191
Total:        72306        1376       54601

              total        used        free      shared  buff/cache   available
Mem:          48114        1377       30408        2393       16328       43504
Swap:         24191           0       24191
Total:        72306        1377       54600

              total        used        free      shared  buff/cache   available
Mem:          48114        1377       30407        2393       16328       43504
Swap:         24191           0       24191
Total:        72306        1377       54599

              total        used        free      shared  buff/cache   available
Mem:          48114        1377       30408        2393       16328       43504
Swap:         24191           0       24191
Total:        72306        1377       54600

              total        used        free      shared  buff/cache   available
Mem:          48114        1376       30408        2393       16328       43505
Swap:         24191           0       24191
Total:        72306        1376       54600

              total        used        free      shared  buff/cache   available
Mem:          48114        1376       30408        2393       16328       43505
Swap:         24191           0       24191
Total:        72306        1376       54600

              total        used        free      shared  buff/cache   available
Mem:          48114        1376       30409        2393       16328       43505
Swap:         24191           0       24191
Total:        72306        1376       54601

              total        used        free      shared  buff/cache   available
Mem:          48114        1376       30408        2393       16328       43505
Swap:         24191           0       24191
Total:        72306        1376       54600

              total        used        free      shared  buff/cache   available
Mem:          48114        1376       30408        2393       16329       43505
Swap:         24191           0       24191
Total:        72306        1376       54600

              total        used        free      shared  buff/cache   available
Mem:          48114        1376       30409        2393       16329       43505
Swap:         24191           0       24191
Total:        72306        1376       54600

              total        used        free      shared  buff/cache   available
Mem:          48114        1375       30409        2393       16329       43506
Swap:         24191           0       24191
Total:        72306        1375       54601

              total        used        free      shared  buff/cache   available
Mem:          48114        1367       30417        2393       16329       43514
Swap:         24191           0       24191
Total:        72306        1368       54609

              total        used        free      shared  buff/cache   available
Mem:          48114        1367       30417        2393       16329       43514
Swap:         24191           0       24191
Total:        72306        1367       54609

              total        used        free      shared  buff/cache   available
Mem:          48114        1367       30417        2393       16329       43514
Swap:         24191           0       24191
Total:        72306        1367       54609

              total        used        free      shared  buff/cache   available
Mem:          48114        1367       30417        2393       16329       43514
Swap:         24191           0       24191
Total:        72306        1367       54609

              total        used        free      shared  buff/cache   available
Mem:          48114        1367       30417        2393       16329       43514
Swap:         24191           0       24191
Total:        72306        1367       54609

              total        used        free      shared  buff/cache   available
Mem:          48114        1367       30417        2393       16329       43514
Swap:         24191           0       24191
Total:        72306        1367       54609

              total        used        free      shared  buff/cache   available
Mem:          48114        1367       30415        2393       16331       43514
Swap:         24191           0       24191
Total:        72306        1367       54607

              total        used        free      shared  buff/cache   available
Mem:          48114        1366       30416        2393       16331       43514
Swap:         24191           0       24191
Total:        72306        1366       54608

              total        used        free      shared  buff/cache   available
Mem:          48114        1367       30415        2393       16331       43514
Swap:         24191           0       24191
Total:        72306        1367       54607

              total        used        free      shared  buff/cache   available
Mem:          48114        1366       30415        2393       16331       43514
Swap:         24191           0       24191
Total:        72306        1366       54607

              total        used        free      shared  buff/cache   available
Mem:          48114        1366       30415        2393       16331       43515
Swap:         24191           0       24191
Total:        72306        1366       54607

              total        used        free      shared  buff/cache   available
Mem:          48114        1366       30416        2393       16331       43515
Swap:         24191           0       24191
Total:        72306        1366       54608

              total        used        free      shared  buff/cache   available
Mem:          48114        1366       30415        2393       16331       43515
Swap:         24191           0       24191
Total:        72306        1366       54607

              total        used        free      shared  buff/cache   available
Mem:          48114        1366       30416        2393       16331       43515
Swap:         24191           0       24191
Total:        72306        1366       54607

              total        used        free      shared  buff/cache   available
Mem:          48114        1365       30416        2393       16331       43515
Swap:         24191           0       24191
Total:        72306        1365       54608

              total        used        free      shared  buff/cache   available
Mem:          48114        1365       30416        2393       16331       43516
Swap:         24191           0       24191
Total:        72306        1365       54608

              total        used        free      shared  buff/cache   available
Mem:          48114        1367       30415        2393       16331       43514
Swap:         24191           0       24191
Total:        72306        1367       54607

              total        used        free      shared  buff/cache   available
Mem:          48114        1367       30415        2393       16331       43514
Swap:         24191           0       24191
Total:        72306        1367       54607

              total        used        free      shared  buff/cache   available
Mem:          48114        1367       30414        2393       16331       43514
Swap:         24191           0       24191
Total:        72306        1367       54606

              total        used        free      shared  buff/cache   available
Mem:          48114        1367       30414        2393       16331       43514
Swap:         24191           0       24191
Total:        72306        1367       54606

              total        used        free      shared  buff/cache   available
Mem:          48114        1367       30414        2393       16332       43514
Swap:         24191           0       24191
Total:        72306        1367       54606

              total        used        free      shared  buff/cache   available
Mem:          48114        1367       30414        2393       16332       43514
Swap:         24191           0       24191
Total:        72306        1367       54606

              total        used        free      shared  buff/cache   available
Mem:          48114        1369       30413        2393       16332       43512
Swap:         24191           0       24191
Total:        72306        1369       54604

              total        used        free      shared  buff/cache   available
Mem:          48114        1368       30413        2393       16332       43513
Swap:         24191           0       24191
Total:        72306        1368       54605

              total        used        free      shared  buff/cache   available
Mem:          48114        1368       30413        2393       16332       43513
Swap:         24191           0       24191
Total:        72306        1368       54605

              total        used        free      shared  buff/cache   available
Mem:          48114        1370       30411        2393       16332       43511
Swap:         24191           0       24191
Total:        72306        1370       54603

              total        used        free      shared  buff/cache   available
Mem:          48114        1370       30411        2393       16332       43511
Swap:         24191           0       24191
Total:        72306        1370       54602

              total        used        free      shared  buff/cache   available
Mem:          48114        1369       30411        2393       16332       43511
Swap:         24191           0       24191
Total:        72306        1370       54603

              total        used        free      shared  buff/cache   available
Mem:          48114        1370       30410        2393       16332       43510
Swap:         24191           0       24191
Total:        72306        1370       54602

              total        used        free      shared  buff/cache   available
Mem:          48114        1370       30410        2393       16332       43511
Swap:         24191           0       24191
Total:        72306        1370       54602

              total        used        free      shared  buff/cache   available
Mem:          48114        1370       30410        2393       16332       43511
Swap:         24191           0       24191
Total:        72306        1370       54602

              total        used        free      shared  buff/cache   available
Mem:          48114        1371       30410        2393       16333       43510
Swap:         24191           0       24191
Total:        72306        1371       54602

              total        used        free      shared  buff/cache   available
Mem:          48114        1370       30410        2393       16333       43510
Swap:         24191           0       24191
Total:        72306        1370       54602

              total        used        free      shared  buff/cache   available
Mem:          48114        1370       30410        2393       16333       43511
Swap:         24191           0       24191
Total:        72306        1370       54602

              total        used        free      shared  buff/cache   available
Mem:          48114        1370       30410        2393       16333       43511
Swap:         24191           0       24191
Total:        72306        1370       54602

              total        used        free      shared  buff/cache   available
Mem:          48114        1367       30413        2393       16333       43514
Swap:         24191           0       24191
Total:        72306        1367       54605

              total        used        free      shared  buff/cache   available
Mem:          48114        1367       30413        2393       16333       43514
Swap:         24191           0       24191
Total:        72306        1367       54605

              total        used        free      shared  buff/cache   available
Mem:          48114        1366       30414        2393       16333       43515
Swap:         24191           0       24191
Total:        72306        1366       54606

              total        used        free      shared  buff/cache   available
Mem:          48114        1368       30412        2393       16333       43513
Swap:         24191           0       24191
Total:        72306        1368       54604

              total        used        free      shared  buff/cache   available
Mem:          48114        1368       30412        2393       16333       43513
Swap:         24191           0       24191
Total:        72306        1368       54604

              total        used        free      shared  buff/cache   available
Mem:          48114        1366       30414        2393       16333       43515
Swap:         24191           0       24191
Total:        72306        1366       54606

              total        used        free      shared  buff/cache   available
Mem:          48114        1365       30415        2393       16333       43516
Swap:         24191           0       24191
Total:        72306        1365       54607

              total        used        free      shared  buff/cache   available
Mem:          48114        1367       30413        2393       16333       43514
Swap:         24191           0       24191
Total:        72306        1367       54605

              total        used        free      shared  buff/cache   available
Mem:          48114        1366       30414        2393       16333       43515
Swap:         24191           0       24191
Total:        72306        1366       54606

              total        used        free      shared  buff/cache   available
Mem:          48114        1366       30413        2393       16333       43515
Swap:         24191           0       24191
Total:        72306        1366       54605

              total        used        free      shared  buff/cache   available
Mem:          48114        1366       30413        2393       16334       43515
Swap:         24191           0       24191
Total:        72306        1366       54605

              total        used        free      shared  buff/cache   available
Mem:          48114        1366       30414        2393       16333       43515
Swap:         24191           0       24191
Total:        72306        1366       54606

              total        used        free      shared  buff/cache   available
Mem:          48114        1365       30414        2393       16334       43516
Swap:         24191           0       24191
Total:        72306        1365       54606

              total        used        free      shared  buff/cache   available
Mem:          48114        1366       30413        2393       16334       43515
Swap:         24191           0       24191
Total:        72306        1366       54605

              total        used        free      shared  buff/cache   available
Mem:          48114        1366       30413        2393       16334       43515
Swap:         24191           0       24191
Total:        72306        1366       54605

              total        used        free      shared  buff/cache   available
Mem:          48114        1367       30412        2393       16334       43514
Swap:         24191           0       24191
Total:        72306        1367       54604

              total        used        free      shared  buff/cache   available
Mem:          48114        1366       30413        2393       16334       43514
Swap:         24191           0       24191
Total:        72306        1366       54605

              total        used        free      shared  buff/cache   available
Mem:          48114        1366       30413        2393       16334       43515
Swap:         24191           0       24191
Total:        72306        1366       54605

              total        used        free      shared  buff/cache   available
Mem:          48114        1367       30412        2393       16334       43514
Swap:         24191           0       24191
Total:        72306        1367       54604

              total        used        free      shared  buff/cache   available
Mem:          48114        1367       30412        2393       16334       43514
Swap:         24191           0       24191
Total:        72306        1367       54604

              total        used        free      shared  buff/cache   available
Mem:          48114        1367       30412        2393       16334       43514
Swap:         24191           0       24191
Total:        72306        1367       54604

              total        used        free      shared  buff/cache   available
Mem:          48114        1367       30412        2393       16334       43514
Swap:         24191           0       24191
Total:        72306        1367       54604

              total        used        free      shared  buff/cache   available
Mem:          48114        1366       30412        2393       16334       43514
Swap:         24191           0       24191
Total:        72306        1366       54604

              total        used        free      shared  buff/cache   available
Mem:          48114        1363       30415        2393       16334       43517
Swap:         24191           0       24191
Total:        72306        1363       54607

              total        used        free      shared  buff/cache   available
Mem:          48114        1363       30415        2393       16334       43517
Swap:         24191           0       24191
Total:        72306        1363       54607

              total        used        free      shared  buff/cache   available
Mem:          48114        1365       30413        2393       16334       43516
Swap:         24191           0       24191
Total:        72306        1365       54605

              total        used        free      shared  buff/cache   available
Mem:          48114        1365       30413        2393       16335       43516
Swap:         24191           0       24191
Total:        72306        1365       54605

              total        used        free      shared  buff/cache   available
Mem:          48114        1364       30415        2393       16334       43517
Swap:         24191           0       24191
Total:        72306        1364       54607

              total        used        free      shared  buff/cache   available
Mem:          48114        1365       30414        2393       16334       43516
Swap:         24191           0       24191
Total:        72306        1365       54605

              total        used        free      shared  buff/cache   available
Mem:          48114        1366       30413        2393       16334       43515
Swap:         24191           0       24191
Total:        72306        1366       54605

              total        used        free      shared  buff/cache   available
Mem:          48114        1365       30414        2393       16334       43516
Swap:         24191           0       24191
Total:        72306        1365       54606

              total        used        free      shared  buff/cache   available
Mem:          48114        1365       30413        2393       16334       43516
Swap:         24191           0       24191
Total:        72306        1365       54605

              total        used        free      shared  buff/cache   available
Mem:          48114        1365       30413        2393       16334       43516
Swap:         24191           0       24191
Total:        72306        1365       54605

              total        used        free      shared  buff/cache   available
Mem:          48114        1367       30412        2393       16335       43514
Swap:         24191           0       24191
Total:        72306        1367       54604

              total        used        free      shared  buff/cache   available
Mem:          48114        1366       30412        2393       16335       43515
Swap:         24191           0       24191
Total:        72306        1366       54604

              total        used        free      shared  buff/cache   available
Mem:          48114        1368       30410        2393       16335       43513
Swap:         24191           0       24191
Total:        72306        1368       54602

              total        used        free      shared  buff/cache   available
Mem:          48114        1368       30410        2393       16335       43513
Swap:         24191           0       24191
Total:        72306        1368       54602

              total        used        free      shared  buff/cache   available
Mem:          48114        1369       30409        2393       16335       43512
Swap:         24191           0       24191
Total:        72306        1369       54601

              total        used        free      shared  buff/cache   available
Mem:          48114        1369       30409        2393       16335       43512
Swap:         24191           0       24191
Total:        72306        1369       54601

              total        used        free      shared  buff/cache   available
Mem:          48114        1369       30409        2393       16335       43512
Swap:         24191           0       24191
Total:        72306        1369       54601

              total        used        free      shared  buff/cache   available
Mem:          48114        1370       30408        2393       16335       43511
Swap:         24191           0       24191
Total:        72306        1370       54600

              total        used        free      shared  buff/cache   available
Mem:          48114        1368       30410        2393       16335       43513
Swap:         24191           0       24191
Total:        72306        1368       54601

              total        used        free      shared  buff/cache   available
Mem:          48114        1368       30409        2393       16335       43513
Swap:         24191           0       24191
Total:        72306        1368       54601

              total        used        free      shared  buff/cache   available
Mem:          48114        1369       30409        2393       16335       43512
Swap:         24191           0       24191
Total:        72306        1369       54601

              total        used        free      shared  buff/cache   available
Mem:          48114        1369       30409        2393       16335       43512
Swap:         24191           0       24191
Total:        72306        1369       54601

              total        used        free      shared  buff/cache   available
Mem:          48114        1370       30408        2393       16335       43511
Swap:         24191           0       24191
Total:        72306        1370       54600

              total        used        free      shared  buff/cache   available
Mem:          48114        1370       30408        2393       16335       43511
Swap:         24191           0       24191
Total:        72306        1370       54600

              total        used        free      shared  buff/cache   available
Mem:          48114        1368       30410        2393       16335       43513
Swap:         24191           0       24191
Total:        72306        1368       54602

              total        used        free      shared  buff/cache   available
Mem:          48114        1367       30411        2393       16335       43514
Swap:         24191           0       24191
Total:        72306        1367       54603

              total        used        free      shared  buff/cache   available
Mem:          48114        1367       30410        2393       16335       43514
Swap:         24191           0       24191
Total:        72306        1367       54602

              total        used        free      shared  buff/cache   available
Mem:          48114        1365       30412        2393       16335       43516
Swap:         24191           0       24191
Total:        72306        1365       54604

              total        used        free      shared  buff/cache   available
Mem:          48114        1366       30412        2393       16336       43515
Swap:         24191           0       24191
Total:        72306        1366       54603

              total        used        free      shared  buff/cache   available
Mem:          48114        1367       30410        2393       16336       43514
Swap:         24191           0       24191
Total:        72306        1367       54602

              total        used        free      shared  buff/cache   available
Mem:          48114        1366       30412        2393       16336       43516
Swap:         24191           0       24191
Total:        72306        1366       54604

              total        used        free      shared  buff/cache   available
Mem:          48114        1365       30412        2393       16336       43516
Swap:         24191           0       24191
Total:        72306        1365       54604

              total        used        free      shared  buff/cache   available
Mem:          48114        1365       30412        2393       16336       43516
Swap:         24191           0       24191
Total:        72306        1365       54604

              total        used        free      shared  buff/cache   available
Mem:          48114        1364       30413        2393       16336       43517
Swap:         24191           0       24191
Total:        72306        1364       54605

              total        used        free      shared  buff/cache   available
Mem:          48114        1365       30412        2393       16336       43517
Swap:         24191           0       24191
Total:        72306        1365       54604

              total        used        free      shared  buff/cache   available
Mem:          48114        1364       30413        2393       16336       43517
Swap:         24191           0       24191
Total:        72306        1364       54604

              total        used        free      shared  buff/cache   available
Mem:          48114        1364       30413        2393       16336       43517
Swap:         24191           0       24191
Total:        72306        1364       54605

              total        used        free      shared  buff/cache   available
Mem:          48114        1365       30412        2393       16336       43516
Swap:         24191           0       24191
Total:        72306        1365       54604

              total        used        free      shared  buff/cache   available
Mem:          48114        1365       30412        2393       16336       43517
Swap:         24191           0       24191
Total:        72306        1365       54604

              total        used        free      shared  buff/cache   available
Mem:          48114        1364       30413        2393       16336       43517
Swap:         24191           0       24191
Total:        72306        1364       54605

              total        used        free      shared  buff/cache   available
Mem:          48114        1366       30410        2393       16336       43515
Swap:         24191           0       24191
Total:        72306        1366       54602

              total        used        free      shared  buff/cache   available
Mem:          48114        1368       30408        2393       16336       43513
Swap:         24191           0       24191
Total:        72306        1368       54600

              total        used        free      shared  buff/cache   available
Mem:          48114        1365       30411        2393       16336       43516
Swap:         24191           0       24191
Total:        72306        1365       54603

              total        used        free      shared  buff/cache   available
Mem:          48114        1365       30411        2393       16336       43516
Swap:         24191           0       24191
Total:        72306        1366       54603

              total        used        free      shared  buff/cache   available
Mem:          48114        1366       30410        2393       16336       43515
Swap:         24191           0       24191
Total:        72306        1366       54602

              total        used        free      shared  buff/cache   available
Mem:          48114        1366       30410        2393       16337       43515
Swap:         24191           0       24191
Total:        72306        1366       54602

              total        used        free      shared  buff/cache   available
Mem:          48114        1365       30411        2393       16337       43516
Swap:         24191           0       24191
Total:        72306        1365       54603

              total        used        free      shared  buff/cache   available
Mem:          48114        1366       30410        2393       16337       43516
Swap:         24191           0       24191
Total:        72306        1366       54602

              total        used        free      shared  buff/cache   available
Mem:          48114        1366       30410        2393       16337       43516
Swap:         24191           0       24191
Total:        72306        1366       54602

              total        used        free      shared  buff/cache   available
Mem:          48114        1365       30411        2393       16337       43516
Swap:         24191           0       24191
Total:        72306        1365       54603

              total        used        free      shared  buff/cache   available
Mem:          48114        1365       30411        2393       16337       43516
Swap:         24191           0       24191
Total:        72306        1365       54603

              total        used        free      shared  buff/cache   available
Mem:          48114        1364       30412        2393       16337       43517
Swap:         24191           0       24191
Total:        72306        1364       54604

              total        used        free      shared  buff/cache   available
Mem:          48114        1364       30412        2393       16337       43517
Swap:         24191           0       24191
Total:        72306        1364       54604

              total        used        free      shared  buff/cache   available
Mem:          48114        1364       30412        2393       16337       43517
Swap:         24191           0       24191
Total:        72306        1364       54604

              total        used        free      shared  buff/cache   available
Mem:          48114        1365       30411        2393       16337       43516
Swap:         24191           0       24191
Total:        72306        1365       54603

              total        used        free      shared  buff/cache   available
Mem:          48114        1365       30411        2393       16337       43517
Swap:         24191           0       24191
Total:        72306        1365       54603

              total        used        free      shared  buff/cache   available
Mem:          48114        1364       30411        2393       16337       43517
Swap:         24191           0       24191
Total:        72306        1364       54603

              total        used        free      shared  buff/cache   available
Mem:          48114        1364       30412        2393       16337       43517
Swap:         24191           0       24191
Total:        72306        1364       54603

              total        used        free      shared  buff/cache   available
Mem:          48114        1365       30411        2393       16337       43517
Swap:         24191           0       24191
Total:        72306        1365       54603

              total        used        free      shared  buff/cache   available
Mem:          48114        1364       30411        2393       16337       43517
Swap:         24191           0       24191
Total:        72306        1365       54603

              total        used        free      shared  buff/cache   available
Mem:          48114        1364       30411        2393       16338       43517
Swap:         24191           0       24191
Total:        72306        1364       54603

              total        used        free      shared  buff/cache   available
Mem:          48114        1364       30412        2393       16338       43518
Swap:         24191           0       24191
Total:        72306        1364       54603

              total        used        free      shared  buff/cache   available
Mem:          48114        1363       30412        2393       16338       43518
Swap:         24191           0       24191
Total:        72306        1363       54604

              total        used        free      shared  buff/cache   available
Mem:          48114        1364       30411        2393       16338       43518
Swap:         24191           0       24191
Total:        72306        1364       54603

              total        used        free      shared  buff/cache   available
Mem:          48114        1364       30412        2393       16338       43518
Swap:         24191           0       24191
Total:        72306        1364       54603

              total        used        free      shared  buff/cache   available
Mem:          48114        1364       30411        2393       16338       43517
Swap:         24191           0       24191
Total:        72306        1364       54603

              total        used        free      shared  buff/cache   available
Mem:          48114        1364       30411        2393       16338       43517
Swap:         24191           0       24191
Total:        72306        1364       54603

              total        used        free      shared  buff/cache   available
Mem:          48114        1364       30411        2393       16338       43517
Swap:         24191           0       24191
Total:        72306        1364       54603

              total        used        free      shared  buff/cache   available
Mem:          48114        1363       30411        2393       16338       43518
Swap:         24191           0       24191
Total:        72306        1363       54603

              total        used        free      shared  buff/cache   available
Mem:          48114        1363       30412        2393       16338       43518
Swap:         24191           0       24191
Total:        72306        1363       54604

              total        used        free      shared  buff/cache   available
Mem:          48114        1363       30411        2393       16338       43518
Swap:         24191           0       24191
Total:        72306        1363       54603

              total        used        free      shared  buff/cache   available
Mem:          48114        1363       30412        2393       16338       43518
Swap:         24191           0       24191
Total:        72306        1363       54603

              total        used        free      shared  buff/cache   available
Mem:          48114        1365       30409        2393       16338       43516
Swap:         24191           0       24191
Total:        72306        1365       54601

              total        used        free      shared  buff/cache   available
Mem:          48114        1365       30409        2393       16338       43516
Swap:         24191           0       24191
Total:        72306        1365       54601

              total        used        free      shared  buff/cache   available
Mem:          48114        1364       30410        2393       16339       43517
Swap:         24191           0       24191
Total:        72306        1364       54602

              total        used        free      shared  buff/cache   available
Mem:          48114        1365       30410        2393       16339       43517
Swap:         24191           0       24191
Total:        72306        1365       54602

              total        used        free      shared  buff/cache   available
Mem:          48114        1365       30410        2393       16339       43517
Swap:         24191           0       24191
Total:        72306        1365       54601

              total        used        free      shared  buff/cache   available
Mem:          48114        1364       30410        2393       16339       43517
Swap:         24191           0       24191
Total:        72306        1365       54602

              total        used        free      shared  buff/cache   available
Mem:          48114        1365       30409        2393       16339       43516
Swap:         24191           0       24191
Total:        72306        1365       54601

              total        used        free      shared  buff/cache   available
Mem:          48114        1117       30658        2393       16338       43765
Swap:         24191           0       24191
Total:        72306        1117       54850

              total        used        free      shared  buff/cache   available
Mem:          48114        1124       30651        2393       16337       43757
Swap:         24191           0       24191
Total:        72306        1124       54843

              total        used        free      shared  buff/cache   available
Mem:          48114        1119       30656        2393       16337       43762
Swap:         24191           0       24191
Total:        72306        1120       54848
