04:04:40 PM      eth0      5.00      1.00      0.30      0.06      0.00      0.00      0.00
04:04:41 PM      eth0     14.00     11.00      3.65      2.64      0.00      0.00      0.00
04:04:42 PM      eth0    196.00    247.00     66.59    115.67      0.00      0.00      0.00
04:04:43 PM      eth0 91426422442.00 67768657395.00 117519846825.27 89809537417.97      0.00      0.00  99194.00
04:04:44 PM      eth0     52.00     53.00     14.30     16.05      0.00      0.00      0.00
04:04:45 PM      eth0     24.00     23.00      4.52      5.11      0.00      0.00      0.00
04:04:46 PM      eth0      5.00      3.00      0.57      0.41      0.00      0.00      1.00
04:04:47 PM      eth0     82.00    100.00     25.88     44.25      0.00      0.00      0.00
04:04:48 PM      eth0     15.00     11.00      2.38      2.90      0.00      0.00      0.00
04:04:49 PM      eth0      6.00      6.00      0.38      0.70      0.00      0.00      0.00
04:04:50 PM      eth0      7.00      1.00      0.44      0.04      0.00      0.00      0.00
04:04:51 PM      eth0     24.00     18.00     11.67      6.97      0.00      0.00      0.00
04:04:52 PM      eth0     10.00      3.00      1.11      0.29      0.00      0.00      0.00
04:04:53 PM      eth0      8.00      6.00      1.02      0.70      0.00      0.00      0.00
04:04:54 PM      eth0      6.00      0.00      0.66      0.00      0.00      0.00      0.00
04:04:55 PM      eth0      4.00      0.00      0.23      0.00      0.00      0.00      0.00
04:04:56 PM      eth0      4.00      0.00      0.23      0.00      0.00      0.00      0.00
04:04:57 PM      eth0      5.00      0.00      0.29      0.00      0.00      0.00      0.00
04:04:58 PM      eth0     13.00     14.00      2.48      3.31      0.00      0.00      0.00
04:04:59 PM      eth0      5.00      3.00      0.29      0.38      0.00      0.00      0.00
04:05:00 PM      eth0      7.00     12.00      1.63      2.92      0.00      0.00      0.00
04:05:01 PM      eth0      4.00      3.00      0.23      0.27      0.00      0.00      0.00
04:05:02 PM      eth0      6.00      4.00      0.41      0.40      0.00      0.00      0.00
04:05:03 PM      eth0     16.00     10.00      3.09      2.65      0.00      0.00      0.00
04:05:04 PM      eth0      6.00      3.00      0.35      0.35      0.00      0.00      0.00
04:05:05 PM      eth0      7.00      4.00      0.69      0.45      0.00      0.00      0.00
04:05:06 PM      eth0      5.00      0.00      0.81      0.00      0.00      0.00      0.00
04:05:07 PM      eth0      4.00      1.00      0.23      0.13      0.00      0.00      0.00
04:05:08 PM      eth0     12.00     14.00      2.15      3.26      0.00      0.00      0.00
04:05:09 PM      eth0      4.00      0.00      0.23      0.00      0.00      0.00      0.00
04:05:10 PM      eth0      4.00      0.00      0.23      0.00      0.00      0.00      0.00
04:05:11 PM      eth0     12.00      8.00      1.00      2.25      0.00      0.00      0.00
04:05:12 PM      eth0      5.00      0.00      0.29      0.00      0.00      0.00      0.00
04:05:13 PM      eth0      5.00      0.00      0.29      0.00      0.00      0.00      0.00
04:05:14 PM      eth0      3.00      0.00      0.18      0.00      0.00      0.00      0.00
04:05:15 PM      eth0     40.00     41.00     14.64     11.46      0.00      0.00      0.00
04:05:16 PM      eth0      4.00      0.00      0.23      0.00      0.00      0.00      0.00
04:05:17 PM      eth0      4.00      0.00      0.23      0.00      0.00      0.00      0.00
04:05:18 PM      eth0     12.00     11.00      2.15      2.90      0.00      0.00      0.00
04:05:19 PM      eth0      4.00      0.00      0.23      0.00      0.00      0.00      0.00
04:05:20 PM      eth0      5.00      0.00      0.29      0.00      0.00      0.00      0.00
04:05:21 PM      eth0      4.00      0.00      0.23      0.00      0.00      0.00      0.00
04:05:22 PM      eth0      5.00      0.00      0.29      0.00      0.00      0.00      0.00
04:05:23 PM      eth0      5.00      0.00      0.29      0.00      0.00      0.00      0.00
04:05:24 PM      eth0      4.00      0.00      0.23      0.00      0.00      0.00      0.00
04:05:25 PM      eth0      3.00      0.00      0.18      0.00      0.00      0.00      0.00
04:05:26 PM      eth0      4.00      0.00      0.23      0.00      0.00      0.00      0.00
04:05:27 PM      eth0      5.00      0.00      0.29      0.00      0.00      0.00      0.00
04:05:28 PM      eth0     13.00     11.00      2.21      2.90      0.00      0.00      0.00
04:05:29 PM      eth0      5.00      0.00      0.29      0.00      0.00      0.00      0.00
04:05:30 PM      eth0      5.00      0.00      0.57      0.00      0.00      0.00      0.00
04:05:31 PM      eth0      4.00      0.00      0.23      0.00      0.00      0.00      0.00
04:05:32 PM      eth0      4.00      0.00      0.23      0.00      0.00      0.00      0.00
04:05:33 PM      eth0      7.00      0.00      0.41      0.00      0.00      0.00      0.00
04:05:34 PM      eth0      8.00      0.00      0.74      0.00      0.00      0.00      0.00
04:05:35 PM      eth0      6.00      0.00      0.35      0.00      0.00      0.00      0.00
04:05:36 PM      eth0      5.00      0.00      0.29      0.00      0.00      0.00      0.00
04:05:37 PM      eth0      4.00      0.00      0.23      0.00      0.00      0.00      0.00
04:05:38 PM      eth0     14.00     11.00      2.27      2.90      0.00      0.00      0.00
04:05:39 PM      eth0      5.00      0.00      0.29      0.00      0.00      0.00      0.00
04:05:40 PM      eth0      6.00      0.00      0.63      0.00      0.00      0.00      0.00
04:05:41 PM      eth0      8.00      8.00      0.76      2.25      0.00      0.00      0.00
04:05:42 PM      eth0     12.00     10.00      4.57      1.26      0.00      0.00      0.00
04:05:43 PM      eth0    192.00    248.00     28.41     90.55      0.00      0.00      0.00
04:05:44 PM      eth0     65.00     71.00     22.40     28.05      0.00      0.00      0.00
04:05:45 PM      eth0      6.00      0.00      0.35      0.00      0.00      0.00      0.00
04:05:46 PM      eth0      6.00      0.00      0.63      0.00      0.00      0.00      0.00
04:05:47 PM      eth0      5.00      0.00      0.29      0.00      0.00      0.00      0.00
04:05:48 PM      eth0     11.00     11.00      2.09      2.90      0.00      0.00      0.00
04:05:49 PM      eth0      4.00      0.00      0.23      0.00      0.00      0.00      0.00
04:05:50 PM      eth0      5.00      0.00      0.29      0.00      0.00      0.00      0.00
04:05:51 PM      eth0      6.00      0.00      0.35      0.00      0.00      0.00      0.00
04:05:52 PM      eth0     18.00     16.00      4.85      4.06      0.00      0.00      0.00
04:05:53 PM      eth0     53.00     51.00     13.05     12.33      0.00      0.00      0.00
04:05:54 PM      eth0 641368.00  16690.00 948153.76   1891.07      0.00      0.00      0.00
04:05:55 PM      eth0 709676.00  18401.00 1049091.36   2084.85      0.00      0.00      0.00
04:05:56 PM      eth0 712504.00  18223.00 1053272.84   2064.64      0.00      0.00      0.00
04:05:57 PM      eth0 718892.00  18597.00 1062697.82   2110.20      0.00      0.00      0.00
04:05:58 PM      eth0 704469.00  18234.00 1041389.35   2067.59      0.00      0.00      0.00
04:05:59 PM      eth0 706212.00  18308.00 1043980.28   2074.53      0.00      0.00      0.00
04:06:00 PM      eth0 722418.00  18616.00 1067929.21   2109.56      0.00      0.00      0.00
04:06:01 PM      eth0 704016.00  18162.00 1040726.76   2057.79      0.00      0.00      0.00
04:06:02 PM      eth0 707874.00  18379.00 1046435.52   2082.29      0.00      0.00      0.00
04:06:03 PM      eth0 699276.00  18166.00 1033719.33   2059.95      0.00      0.00      0.00
04:06:04 PM      eth0 709570.00  18368.00 1048936.87   2080.94      0.00      0.00      0.00
04:06:05 PM      eth0 699496.00  18155.00 1034058.31   2057.01      0.00      0.00      0.00
04:06:06 PM      eth0 728802.00  18578.00 1077363.00   2104.87      0.00      0.00      0.00
04:06:07 PM      eth0 709450.00  18293.00 1048770.61   2072.93      0.00      0.00      0.00
04:06:08 PM      eth0 711876.00  18273.00 1052340.63   2071.65      0.00      0.00      0.00
04:06:09 PM      eth0 721616.00  18581.00 1066739.50   2105.39      0.00      0.00      0.00
04:06:10 PM      eth0 715310.00  18528.00 1057427.39   2098.88      0.00      0.00      0.00
04:06:11 PM      eth0 708590.00  18333.00 1047479.03   2078.48      0.00      0.00      0.00
04:06:12 PM      eth0 718115.00  18574.00 1061564.92   2104.26      0.00      0.00      0.00
04:06:13 PM      eth0 710614.00  18350.00 1050482.95   2079.61      0.00      0.00      0.00
04:06:14 PM      eth0 707850.00  18291.00 1046395.83   2072.37      0.00      0.00      0.00
04:06:15 PM      eth0 707806.00  18277.00 1046338.58   2070.82      0.00      0.00      0.00
04:06:16 PM      eth0 705457.00  18296.00 1042828.50   2079.57      0.00      0.00      0.00
04:06:17 PM      eth0 717620.00  18491.00 1060838.45   2095.05      0.00      0.00      0.00
04:06:18 PM      eth0 706903.00  18322.00 1045005.36   2077.53      0.00      0.00      0.00
04:06:19 PM      eth0 703987.00  18199.00 1040697.07   2061.79      0.00      0.00      0.00
04:06:20 PM      eth0 705142.00  18175.00 1042389.67   2059.09      0.00      0.00      0.00
04:06:21 PM      eth0 709724.00  18291.00 1049168.93   2072.73      0.00      0.00      0.00
04:06:22 PM      eth0 718075.00  18455.00 1061509.58   2091.14      0.00      0.00      0.00
04:06:23 PM      eth0 704686.00  18174.00 1041720.08   2059.34      0.00      0.00      0.00
04:06:24 PM      eth0 704178.00  18273.00 1040963.29   2070.70      0.00      0.00      0.00
04:06:25 PM      eth0 703641.00  18151.00 1040165.73   2056.93      0.00      0.00      0.00
04:06:26 PM      eth0 712756.00  18396.00 1053644.84   2084.66      0.00      0.00      0.00
04:06:27 PM      eth0 705666.00  18228.00 1043171.79   2065.62      0.00      0.00      0.00
04:06:28 PM      eth0 713335.00  18464.00 1054493.57   2093.47      0.00      0.00      0.00
04:06:29 PM      eth0 717364.00  18541.00 1060455.92   2100.64      0.00      0.00      0.00
04:06:30 PM      eth0 719321.00  18556.00 1063348.05   2102.23      0.00      0.00      0.00
04:06:31 PM      eth0 719601.00  18601.00 1063776.45   2107.32      0.00      0.00      0.00
04:06:32 PM      eth0 718092.00  18548.00 1061537.12   2101.14      0.00      0.00      0.00
04:06:33 PM      eth0 709876.00  18379.00 1049392.01   2082.89      0.00      0.00      0.00
04:06:34 PM      eth0 714118.00  18421.00 1055670.74   2087.18      0.00      0.00      0.00
04:06:35 PM      eth0 711173.00  18366.00 1051304.42   2081.25      0.00      0.00      0.00
04:06:36 PM      eth0 719181.00  18520.00 1063138.31   2098.51      0.00      0.00      0.00
04:06:37 PM      eth0 717885.00  18561.00 1061216.73   2103.16      0.00      0.00      0.00
04:06:38 PM      eth0 712774.00  18543.00 1053676.53   2102.81      0.00      0.00      0.00
04:06:39 PM      eth0 711706.00  18538.00 1052102.89   2100.55      0.00      0.00      0.00
04:06:40 PM      eth0 716131.00  18632.00 1058641.70   2111.01      0.00      0.00      0.00
04:06:41 PM      eth0 711580.00  18423.00 1051908.20   2088.84      0.00      0.00      0.00
04:06:42 PM      eth0 704027.00  18151.00 1040744.87   2056.91      0.00      0.00      0.00
04:06:43 PM      eth0 713461.00  18370.00 1054692.58   2081.83      0.00      0.00      0.00
04:06:44 PM      eth0 716652.00  18362.00 1059336.26   2100.61      0.00      0.00      0.00
04:06:45 PM      eth0 713073.00  18557.00 1054114.71   2102.66      0.00      0.00      0.00
04:06:46 PM      eth0 718304.00  18527.00 1061848.83   2099.11      0.00      0.00      0.00
04:06:47 PM      eth0 718841.00  18541.00 1062648.12   2100.91      0.00      0.00      0.00
04:06:48 PM      eth0 722563.00  18346.00 1068129.02   2080.37      0.00      0.00      0.00
04:06:49 PM      eth0 709419.00  18290.00 1048723.08   2072.11      0.00      0.00      0.00
04:06:50 PM      eth0 717015.00  18352.00 1059948.28   2079.46      0.00      0.00      0.00
04:06:51 PM      eth0 709167.00  18377.00 1048351.40   2082.16      0.00      0.00      0.00
04:06:52 PM      eth0 719046.00  18557.00 1062953.38   2102.91      0.00      0.00      0.00
04:06:53 PM      eth0 721528.00  18512.00 1066610.05   2097.41      0.00      0.00      0.00
04:06:54 PM      eth0 715672.00  18408.00 1057945.57   2086.02      0.00      0.00      0.00
04:06:55 PM      eth0 710359.00  18358.00 1050113.04   2080.30      0.00      0.00      0.00
04:06:56 PM      eth0 712224.00  18414.00 1052872.53   2086.71      0.00      0.00      0.00
04:06:57 PM      eth0 721131.00  18642.00 1066028.17   2111.79      0.00      0.00      0.00
04:06:58 PM      eth0 729508.00  18512.00 1078400.14   2099.46      0.00      0.00      0.00
04:06:59 PM      eth0 716513.00  18507.00 1059207.30   2097.31      0.00      0.00      0.00
04:07:00 PM      eth0 718464.00  18589.00 1062089.62   2106.34      0.00      0.00      0.00
04:07:01 PM      eth0 722183.00  18616.00 1067589.38   2109.02      0.00      0.00      0.00
04:07:02 PM      eth0 717024.00  18514.00 1059952.19   2097.79      0.00      0.00      0.00
04:07:03 PM      eth0 714410.00  18474.00 1056099.90   2093.31      0.00      0.00      0.00
04:07:04 PM      eth0 726640.00  18651.00 1074173.57   2113.35      0.00      0.00      0.00
04:07:05 PM      eth0 721764.00  18545.00 1066952.01   2102.50      0.00      0.00      0.00
04:07:06 PM      eth0 722305.00  18447.00 1067753.38   2090.05      0.00      0.00      0.00
04:07:07 PM      eth0 723597.00  18688.00 1069665.04   2117.55      0.00      0.00      0.00
04:07:08 PM      eth0 725293.00  18624.00 1072154.23   2111.41      0.00      0.00      0.00
04:07:09 PM      eth0 723952.00  18621.00 1070204.71   2109.41      0.00      0.00      0.00
04:07:10 PM      eth0 719206.00  18484.00 1063185.97   2094.43      0.00      0.00      0.00
04:07:11 PM      eth0 722260.00  18670.00 1067682.69   2116.49      0.00      0.00      0.00
04:07:12 PM      eth0 724151.00  18743.00 1070502.64   2123.92      0.00      0.00      0.00
04:07:13 PM      eth0 726437.00  18667.00 1073867.09   2115.16      0.00      0.00      0.00
04:07:14 PM      eth0 725344.00  18695.00 1072261.77   2118.17      0.00      0.00      0.00
04:07:15 PM      eth0 725956.00  18756.00 1073151.20   2125.07      0.00      0.00      0.00
04:07:16 PM      eth0 726912.00  18773.00 1074569.88   2126.99      0.00      0.00      0.00
04:07:17 PM      eth0 723198.00  18765.00 1069072.20   2126.09      0.00      0.00      0.00
04:07:18 PM      eth0 718036.00  18421.00 1061414.02   2095.75      0.00      0.00      0.00
04:07:19 PM      eth0 722704.00  18644.00 1068341.16   2112.38      0.00      0.00      0.00
04:07:20 PM      eth0 713507.00  18376.00 1054759.43   2081.84      0.00      0.00      0.00
04:07:21 PM      eth0 723788.00  18618.00 1069958.36   2109.25      0.00      0.00      0.00
04:07:22 PM      eth0 714026.00  18424.00 1055521.43   2087.61      0.00      0.00      0.00
04:07:23 PM      eth0 703580.00  17854.00 1040077.11   2026.21      0.00      0.00      0.00
04:07:24 PM      eth0 701847.00  17871.00 1037525.05   2024.92      0.00      0.00      0.00
04:07:25 PM      eth0 699688.00  18150.00 1034337.00   2056.25      0.00      0.00      0.00
04:07:26 PM      eth0 714873.00  18463.00 1056778.41   2092.26      0.00      0.00      0.00
04:07:27 PM      eth0 711003.00  18445.00 1051063.76   2089.82      0.00      0.00      0.00
04:07:28 PM      eth0 704524.00  18304.00 1041478.33   2075.64      0.00      0.00      0.00
04:07:29 PM      eth0 718926.00  18703.00 1062755.53   2119.43      0.00      0.00      0.00
04:07:30 PM      eth0 719852.00  18639.00 1064133.42   2111.80      0.00      0.00      0.00
04:07:31 PM      eth0 724196.00  18848.00 1070565.85   2135.48      0.00      0.00      0.00
04:07:32 PM      eth0 720048.00  18732.00 1064431.21   2122.34      0.00      0.00      0.00
04:07:33 PM      eth0 725202.00  18893.00 1072047.60   2140.53      0.00      0.00      0.00
04:07:34 PM      eth0 721851.00  18807.00 1067098.11   2131.07      0.00      0.00      0.00
04:07:35 PM      eth0 719855.00  18704.00 1064140.90   2119.54      0.00      0.00      0.00
04:07:36 PM      eth0 721889.00  18799.00 1067154.14   2130.45      0.00      0.00      0.00
04:07:37 PM      eth0 724635.00  18872.00 1071203.15   2138.21      0.00      0.00      0.00
04:07:38 PM      eth0 722671.00  18618.00 1068290.58   2111.43      0.00      0.00      0.00
04:07:39 PM      eth0 718486.00  18722.00 1062120.59   2121.60      0.00      0.00      0.00
04:07:40 PM      eth0 719793.00  18739.00 1064046.78   2123.14      0.00      0.00      0.00
04:07:41 PM      eth0 721974.00  18653.00 1067261.35   2114.75      0.00      0.00      0.00
04:07:42 PM      eth0 722630.00  18718.00 1068255.37   2120.75      0.00      0.00      0.00
04:07:43 PM      eth0 715949.00  18575.00 1058364.52   2104.57      0.00      0.00      0.00
04:07:44 PM      eth0 719931.00  18720.00 1064263.49   2120.79      0.00      0.00      0.00
04:07:45 PM      eth0 724829.00  18724.00 1071488.45   2121.42      0.00      0.00      0.00
04:07:46 PM      eth0 712756.00  18377.00 1053598.24   2102.38      0.00      0.00      0.00
04:07:47 PM      eth0 717613.00  18699.00 1060823.41   2119.17      0.00      0.00      0.00
04:07:48 PM      eth0 720530.00  18592.00 1065120.13   2108.15      0.00      0.00      0.00
04:07:49 PM      eth0 722122.00  18605.00 1067493.29   2107.77      0.00      0.00      0.00
04:07:50 PM      eth0 722263.37  18573.27 1067711.13   2105.29      0.00      0.00      0.00
04:07:51 PM      eth0 717652.00  18559.00 1060893.38   2102.57      0.00      0.00      0.00
04:07:52 PM      eth0 721528.00  18506.00 1066596.21   2096.92      0.00      0.00      0.00
04:07:53 PM      eth0 725562.00  18718.00 1072569.44   2120.82      0.00      0.00      0.00
04:07:54 PM      eth0  20249.00    562.00  29888.01     73.48      0.00      0.00      0.00
04:07:55 PM      eth0     65.00     81.00     14.39     36.63      0.00      0.00      0.00
04:07:56 PM      eth0    101.00    132.00     22.75     61.54      0.00      0.00      0.00
04:07:57 PM      eth0     32.00     25.00      9.76      5.75      0.00      0.00      0.00
