01:26:59 PM      eth0     17.00     10.00      3.40      3.49      0.00      0.00      0.00
01:27:00 PM      eth0     35.00     33.00      5.14      7.39      0.00      0.00      0.00
01:27:01 PM      eth0      5.00      0.00      0.29      0.00      0.00      0.00      0.00
01:27:02 PM      eth0      4.00      0.00      0.23      0.00      0.00      0.00      0.00
01:27:03 PM      eth0      5.00      0.00      0.57      0.00      0.00      0.00      0.00
01:27:04 PM      eth0      5.00      0.00      0.29      0.00      0.00      0.00      0.00
01:27:05 PM      eth0      6.00      0.00      0.35      0.00      0.00      0.00      0.00
01:27:06 PM      eth0      5.00      0.00      0.29      0.00      0.00      0.00      0.00
01:27:07 PM      eth0      3.96      0.00      0.23      0.00      0.00      0.00      0.00
01:27:08 PM      eth0      4.00      0.00      0.23      0.00      0.00      0.00      0.00
01:27:09 PM      eth0      6.00      0.00      1.14      0.00      0.00      0.00      0.00
01:27:10 PM      eth0      4.00      0.00      0.51      0.00      0.00      0.00      0.00
01:27:11 PM      eth0      8.00      8.00      0.76      2.25      0.00      0.00      0.00
01:27:12 PM      eth0      5.00      0.00      0.29      0.00      0.00      0.00      0.00
01:27:13 PM      eth0      6.00      0.00      0.87      0.00      0.00      0.00      0.00
01:27:14 PM      eth0      4.00      0.00      0.23      0.00      0.00      0.00      0.00
01:27:15 PM      eth0      3.00      0.00      0.18      0.00      0.00      0.00      0.00
01:27:16 PM      eth0      6.00      0.00      0.35      0.00      0.00      0.00      0.00
01:27:17 PM      eth0      7.00      0.00      0.93      0.00      0.00      0.00      0.00
01:27:18 PM      eth0      5.00      0.00      0.29      0.00      0.00      0.00      0.00
01:27:19 PM      eth0      8.00      8.00      0.76      2.17      0.00      0.00      0.00
01:27:20 PM      eth0  61328.00  13171.00  47102.61   1509.96      0.00      0.00      0.00
01:27:21 PM      eth0 388729.00  76413.00 298708.54   8712.22      0.00      0.00      0.00
01:27:22 PM      eth0 130333.00  32048.00 100121.39   3679.08      0.00      0.00      0.00
01:27:23 PM      eth0 147486.00  39143.00 113306.29   4501.14      0.00      0.00      0.00
01:27:24 PM      eth0 169740.00  47117.00 130408.57   5416.13      0.00      0.00      0.00
01:27:25 PM      eth0 159066.00  47873.00 122199.91   5513.96      0.00      0.00      0.00
01:27:26 PM      eth0 172174.00  53888.00 132277.94   6208.60      0.00      0.00      0.00
01:27:27 PM      eth0 180424.00  57238.00 138621.00   6599.16      0.00      0.00      0.00
01:27:28 PM      eth0 203959.00  65639.00 156709.39   7566.41      0.00      0.00      0.00
01:27:29 PM      eth0 225117.00  73401.00 172970.87   8465.39      0.00      0.00      0.00
01:27:30 PM      eth0 259742.00  83358.00 199578.69   9601.49      0.00      0.00      0.00
01:27:31 PM      eth0 272966.00  88347.00 209745.88  10182.57      0.00      0.00      0.00
01:27:32 PM      eth0 283913.00  92190.00 218157.98  10629.80      0.00      0.00      0.00
01:27:33 PM      eth0 290025.00  95370.00 222855.09  11002.89      0.00      0.00      0.00
01:27:34 PM      eth0 302482.00  99104.00 232430.54  11427.11      0.00      0.00      0.00
01:27:35 PM      eth0 300051.00 100028.00 230557.74  11547.46      0.00      0.00      0.00
01:27:36 PM      eth0 319141.00 105120.00 245256.75  12122.04      0.00      0.00      0.00
01:27:37 PM      eth0 323346.00 106059.00 248506.24  12221.86      0.00      0.00      0.00
01:27:38 PM      eth0 345399.00 113673.00 265455.31  13095.70      0.00      0.00      0.00
01:27:39 PM      eth0 337187.00 111101.00 259143.10  12801.80      0.00      0.00      0.00
01:27:40 PM      eth0 350088.00 115227.00 269058.79  13276.98      0.00      0.00      0.00
01:27:41 PM      eth0 335385.00 110622.00 257754.08  12750.01      0.00      0.00      0.00
01:27:42 PM      eth0 336535.00 111309.00 258643.86  12827.33      0.00      0.00      0.00
01:27:43 PM      eth0 340125.00 113215.00 261402.21  13048.21      0.00      0.00      0.00
01:27:44 PM      eth0 344422.00 114123.00 264704.46  13147.87      0.00      0.00      0.00
01:27:45 PM      eth0 329902.00 109294.00 253543.15  12597.25      0.00      0.00      0.00
01:27:46 PM      eth0 344851.00 113101.00 265032.58  13025.43      0.00      0.00      0.00
01:27:47 PM      eth0 336694.00 110192.00 258763.55  12693.89      0.00      0.00      0.00
01:27:48 PM      eth0 340453.00 112781.00 261653.64  12996.36      0.00      0.00      0.00
01:27:49 PM      eth0 343082.00 112973.00 263669.51  13018.15      0.00      0.00      0.00
01:27:50 PM      eth0 337635.00 111861.00 259484.51  12893.31      0.00      0.00      0.00
01:27:51 PM      eth0 351579.00 116102.00 270203.87  13381.02      0.00      0.00      0.00
01:27:52 PM      eth0 350964.00 114670.00 269732.91  13206.43      0.00      0.00      0.00
01:27:53 PM      eth0 345698.00 113225.00 265684.78  13043.88      0.00      0.00      0.00
01:27:54 PM      eth0 351420.00 116228.00 270082.42  13400.61      0.00      0.00      0.00
01:27:55 PM      eth0 347822.00 114737.00 267317.61  13222.10      0.00      0.00      0.00
01:27:56 PM      eth0 347607.00 115637.00 267151.44  13331.68      0.00      0.00      0.00
01:27:57 PM      eth0 348340.00 114952.00 267714.73  13247.86      0.00      0.00      0.00
01:27:58 PM      eth0 357417.00 118591.00 274687.06  13672.29      0.00      0.00      0.00
01:27:59 PM      eth0 340168.00 112596.00 261431.90  12975.10      0.00      0.00      0.00
01:28:00 PM      eth0 346647.00 113780.00 266408.80  13108.21      0.00      0.00      0.00
01:28:01 PM      eth0 340255.00 112980.00 261500.46  13023.96      0.00      0.00      0.00
01:28:02 PM      eth0 331170.00 108936.00 254516.64  12554.23      0.00      0.00      0.00
01:28:03 PM      eth0 356419.00 117780.00 273922.60  13572.32      0.00      0.00      0.00
01:28:04 PM      eth0 352849.00 116776.00 271177.89  13455.18      0.00      0.00      0.00
01:28:05 PM      eth0 360596.00 119105.00 277133.16  13724.56      0.00      0.00      0.00
01:28:06 PM      eth0 320497.00 105597.00 246314.37  12169.98      0.00      0.00      0.00
01:28:07 PM      eth0 357623.00 117836.00 274847.93  13574.47      0.00      0.00      0.00
01:28:08 PM      eth0 326658.00 107864.00 251048.95  12429.14      0.00      0.00      0.00
01:28:09 PM      eth0 334396.00 110414.00 256994.64  12726.28      0.00      0.00      0.00
01:28:10 PM      eth0 336055.00 112027.00 258271.89  12919.95      0.00      0.00      0.00
01:28:11 PM      eth0 332201.00 110098.00 255307.21  12691.96      0.00      0.00      0.00
01:28:12 PM      eth0 310144.00 103691.00 238359.23  11955.77      0.00      0.00      0.00
01:28:13 PM      eth0 339131.00 112086.00 260635.96  12915.09      0.00      0.00      0.00
01:28:14 PM      eth0 338368.00 110872.00 260049.45  12771.53      0.00      0.00      0.00
01:28:15 PM      eth0 346947.00 114053.00 266642.09  13136.95      0.00      0.00      0.00
01:28:16 PM      eth0 317756.00 104655.00 244208.63  12064.74      0.00      0.00      0.00
01:28:17 PM      eth0 322571.00 107432.00 247908.60  12391.25      0.00      0.00      0.00
01:28:18 PM      eth0 338384.00 111221.00 260062.49  12812.26      0.00      0.00      0.00
01:28:19 PM      eth0 329606.00 109635.00 253311.99  12639.20      0.00      0.00      0.00
01:28:20 PM      eth0 336267.00 111543.00 258430.77  12857.15      0.00      0.00      0.00
01:28:21 PM      eth0 333330.00 110147.00 256177.17  12690.64      0.00      0.00      0.00
01:28:22 PM      eth0 331535.00 109594.00 254799.36  12633.93      0.00      0.00      0.00
01:28:23 PM      eth0 327951.00 108332.00 252044.43  12490.91      0.00      0.00      0.00
01:28:24 PM      eth0 335643.00 110769.00 257956.32  12776.23      0.00      0.00      0.00
01:28:25 PM      eth0 327261.00 108433.00 251514.43  12514.93      0.00      0.00      0.00
01:28:26 PM      eth0 335138.00 110566.00 257565.80  12739.88      0.00      0.00      0.00
01:28:27 PM      eth0 335986.00 110378.00 258219.93  12727.07      0.00      0.00      0.00
01:28:28 PM      eth0 319289.00 105700.00 245387.57  12190.05      0.00      0.00      0.00
01:28:29 PM      eth0 316627.00 104612.00 243342.88  12066.61      0.00      0.00      0.00
01:28:30 PM      eth0 328858.00 107421.00 252737.46  12383.23      0.00      0.00      0.00
01:28:31 PM      eth0 326147.00 108567.00 250658.23  12523.57      0.00      0.00      0.00
01:28:32 PM      eth0 333904.00 111497.00 256619.22  12859.75      0.00      0.00      0.00
01:28:33 PM      eth0 319453.00 106449.00 245514.19  12273.90      0.00      0.00      0.00
01:28:34 PM      eth0 323339.00 107297.00 248500.22  12377.09      0.00      0.00      0.00
01:28:35 PM      eth0 316188.00 105408.00 243002.78  12153.12      0.00      0.00      0.00
01:28:36 PM      eth0 342159.00 111907.00 262963.21  12889.60      0.00      0.00      0.00
01:28:37 PM      eth0 336334.00 111116.00 258485.37  12805.87      0.00      0.00      0.00
01:28:38 PM      eth0 352280.00 116744.00 270743.01  13458.03      0.00      0.00      0.00
01:28:39 PM      eth0 329868.00 107787.00 253515.41  12423.97      0.00      0.00      0.00
01:28:40 PM      eth0 332206.00 109774.00 255315.55  12658.02      0.00      0.00      0.00
01:28:41 PM      eth0 336622.00 111275.00 258705.67  12828.82      0.00      0.00      0.00
01:28:42 PM      eth0 331952.00 110459.00 255120.11  12735.59      0.00      0.00      0.00
01:28:43 PM      eth0 331358.00 110397.00 254661.80  12734.39      0.00      0.00      0.00
01:28:44 PM      eth0 350063.00 115510.00 269039.01  13319.09      0.00      0.00      0.00
01:28:45 PM      eth0 343492.00 113889.00 263988.16  13124.02      0.00      0.00      0.00
01:28:46 PM      eth0 315943.00 105119.00 242814.57  12122.54      0.00      0.00      0.00
01:28:47 PM      eth0 331693.00 110360.00 254921.21  12728.43      0.00      0.00      0.00
01:28:48 PM      eth0 324575.00 108155.00 249448.73  12473.16      0.00      0.00      0.00
01:28:49 PM      eth0 333359.00 109754.00 256196.75  12650.94      0.00      0.00      0.00
01:28:50 PM      eth0 317501.00 104552.00 244008.66  12057.78      0.00      0.00      0.00
01:28:51 PM      eth0 297804.00  98333.00 228874.98  11341.16      0.00      0.00      0.00
01:28:52 PM      eth0 321162.00 107187.00 246825.04  12367.32      0.00      0.00      0.00
01:28:53 PM      eth0 330890.00 110037.00 254302.35  12687.64      0.00      0.00      0.00
01:28:54 PM      eth0 316284.00 106021.00 243075.96  12232.44      0.00      0.00      0.00
01:28:55 PM      eth0 329640.00 108671.00 253341.23  12527.93      0.00      0.00      0.00
01:28:56 PM      eth0 309830.00 103140.00 238116.71  11894.71      0.00      0.00      0.00
01:28:57 PM      eth0 329144.00 109047.00 252963.26  12576.12      0.00      0.00      0.00
01:28:58 PM      eth0 323561.00 106437.00 248672.19  12271.64      0.00      0.00      0.00
01:28:59 PM      eth0 321728.00 105799.00 247259.93  12193.49      0.00      0.00      0.00
01:29:00 PM      eth0 316506.00 104892.00 243244.00  12097.42      0.00      0.00      0.00
01:29:01 PM      eth0 319005.00 105570.00 245169.76  12175.90      0.00      0.00      0.00
01:29:02 PM      eth0 352005.00 116677.00 270530.30  13452.43      0.00      0.00      0.00
01:29:03 PM      eth0 301333.00  99409.00 231588.12  11463.65      0.00      0.00      0.00
01:29:04 PM      eth0 329101.00 109428.00 252928.59  12619.48      0.00      0.00      0.00
01:29:05 PM      eth0 318137.00 104872.00 244503.89  12089.27      0.00      0.00      0.00
01:29:06 PM      eth0 318753.00 105369.00 244973.36  12148.12      0.00      0.00      0.00
01:29:07 PM      eth0 321787.00 106389.00 247305.45  12268.82      0.00      0.00      0.00
01:29:08 PM      eth0 287402.00  95244.00 220879.93  10993.76      0.00      0.00      0.00
01:29:09 PM      eth0 273192.00  90955.00 209956.32  10500.81      0.00      0.00      0.00
01:29:10 PM      eth0 316770.00 105117.00 243451.09  12118.90      0.00      0.00      0.00
01:29:11 PM      eth0 311638.00 103629.00 239501.59  11960.47      0.00      0.00      0.00
01:29:12 PM      eth0 306164.00 102830.00 235298.16  11871.50      0.00      0.00      0.00
01:29:13 PM      eth0 274787.00  91715.00 211183.54  10593.78      0.00      0.00      0.00
01:29:14 PM      eth0 318909.00 106044.00 245095.16  12242.61      0.00      0.00      0.00
01:29:15 PM      eth0 324509.00 108148.00 249400.04  12470.93      0.00      0.00      0.00
01:29:16 PM      eth0 329476.00 108643.00 253214.08  12530.90      0.00      0.00      0.00
01:29:17 PM      eth0 323974.00 107164.00 248988.36  12365.88      0.00      0.00      0.00
01:29:18 PM      eth0 309418.00 102913.00 237798.37  11871.71      0.00      0.00      0.00
01:29:19 PM      eth0 292608.00  97288.00 224876.54  11220.94      0.00      0.00      0.00
01:29:20 PM      eth0 332986.00 110241.00 255911.20  12720.60      0.00      0.00      0.00
01:29:21 PM      eth0 323877.00 107803.00 248912.79  12433.16      0.00      0.00      0.00
01:29:22 PM      eth0 310669.00 103038.00 238761.45  11883.10      0.00      0.00      0.00
01:29:23 PM      eth0 328904.00 110087.00 252774.54  12704.10      0.00      0.00      0.00
01:29:24 PM      eth0 315684.00 104822.00 242616.22  12092.34      0.00      0.00      0.00
01:29:25 PM      eth0 304106.00 100423.00 233718.58  11585.99      0.00      0.00      0.00
01:29:26 PM      eth0 309861.00 102535.00 238140.44  11828.05      0.00      0.00      0.00
01:29:27 PM      eth0 333343.00 109801.00 256189.43  12655.72      0.00      0.00      0.00
01:29:28 PM      eth0 313595.00 104227.00 241012.78  12020.30      0.00      0.00      0.00
01:29:29 PM      eth0 328823.00 108692.00 252715.07  12536.55      0.00      0.00      0.00
01:29:30 PM      eth0 335784.00 111896.00 258061.59  12904.14      0.00      0.00      0.00
01:29:31 PM      eth0 309205.00 102842.00 237636.98  11865.43      0.00      0.00      0.00
01:29:32 PM      eth0 314598.00 104845.00 241782.85  12093.85      0.00      0.00      0.00
01:29:33 PM      eth0 302859.00 101163.00 232758.21  11678.43      0.00      0.00      0.00
01:29:34 PM      eth0 320833.00 106714.00 246570.14  12310.70      0.00      0.00      0.00
01:29:35 PM      eth0 325772.00 108229.00 250370.12  12485.12      0.00      0.00      0.00
01:29:36 PM      eth0 302505.00 100372.00 232485.74  11578.49      0.00      0.00      0.00
01:29:37 PM      eth0 328831.00 108760.00 252723.82  12542.69      0.00      0.00      0.00
01:29:38 PM      eth0 319423.00 105781.00 245490.56  12196.29      0.00      0.00      0.00
01:29:39 PM      eth0 310849.00 103266.00 238901.32  11919.32      0.00      0.00      0.00
01:29:40 PM      eth0 327197.00 108555.00 251463.61  12525.91      0.00      0.00      0.00
01:29:41 PM      eth0 317306.00 105531.00 243859.07  12175.35      0.00      0.00      0.00
01:29:42 PM      eth0 312545.00 103011.00 240204.41  11884.32      0.00      0.00      0.00
01:29:43 PM      eth0 318092.00 104683.00 244468.29  12074.16      0.00      0.00      0.00
01:29:44 PM      eth0 327976.00 107557.00 252064.07  12401.44      0.00      0.00      0.00
01:29:45 PM      eth0 304799.00 100682.00 234249.10  11615.63      0.00      0.00      0.00
01:29:46 PM      eth0 291712.00  97515.00 224191.25  11254.43      0.00      0.00      0.00
01:29:47 PM      eth0 278251.00  92843.00 213846.69  10716.87      0.00      0.00      0.00
01:29:48 PM      eth0 315465.00 105398.00 242448.59  12159.76      0.00      0.00      0.00
01:29:49 PM      eth0 296212.00  99529.00 227645.63  11496.79      0.00      0.00      0.00
01:29:50 PM      eth0 307755.00 102464.00 236521.42  11823.55      0.00      0.00      0.00
01:29:51 PM      eth0 311627.00 103741.00 239500.26  11964.36      0.00      0.00      0.00
01:29:52 PM      eth0 337629.00 111872.00 259482.49  12897.76      0.00      0.00      0.00
01:29:53 PM      eth0 295374.00  97863.00 227006.81  11298.20      0.00      0.00      0.00
01:29:54 PM      eth0 310766.00 102879.00 238836.44  11867.73      0.00      0.00      0.00
01:29:55 PM      eth0 318135.00 105321.00 244501.38  12148.37      0.00      0.00      0.00
01:29:56 PM      eth0 288059.00  96128.00 221383.16  11095.73      0.00      0.00      0.00
01:29:57 PM      eth0 323478.00 107811.00 248604.95  12435.10      0.00      0.00      0.00
01:29:58 PM      eth0 316839.00 105001.00 243503.19  12107.29      0.00      0.00      0.00
01:29:59 PM      eth0 286573.00  94005.00 220240.76  10851.71      0.00      0.00      0.00
01:30:00 PM      eth0 302508.00  99882.00 232484.78  11523.93      0.00      0.00      0.00
01:30:01 PM      eth0 302498.00 100574.00 232483.71  11606.69      0.00      0.00      0.00
01:30:02 PM      eth0 309820.00 102036.00 238109.66  11762.47      0.00      0.00      1.00
01:30:03 PM      eth0 303465.00 100592.00 233225.85  11602.71      0.00      0.00      0.00
01:30:04 PM      eth0 316773.00 106081.00 243452.59  12239.37      0.00      0.00      0.00
01:30:05 PM      eth0 324901.00 106743.00 249701.21  12301.66      0.00      0.00      0.00
01:30:06 PM      eth0 316881.00 105671.00 243537.26  12193.01      0.00      0.00      0.00
01:30:07 PM      eth0 311604.00 103279.00 239481.91  11906.42      0.00      0.00      0.00
01:30:08 PM      eth0 327857.00 108394.00 251971.35  12500.16      0.00      0.00      0.00
01:30:09 PM      eth0 307019.00 101847.00 235956.37  11746.15      0.00      0.00      0.00
01:30:10 PM      eth0 281565.00  94001.00 216393.22  10852.83      0.00      0.00      0.00
01:30:11 PM      eth0 296597.00  98597.00 227944.94  11386.13      0.00      0.00      0.00
01:30:12 PM      eth0 284709.00  92892.00 218810.92  10713.25      0.00      0.00      0.00
01:30:13 PM      eth0 327020.00 108266.00 251328.59  12486.57      0.00      0.00      0.00
01:30:14 PM      eth0 301337.00 100255.00 231591.47  11569.42      0.00      0.00      0.00
01:30:15 PM      eth0 315058.00 104676.00 242135.56  12071.65      0.00      0.00      0.00
01:30:16 PM      eth0 311380.00 103096.00 239307.27  11888.93      0.00      0.00      0.00
01:30:17 PM      eth0 321438.00 107259.00 247035.71  12371.86      0.00      0.00      0.00
01:30:18 PM      eth0 291245.00  96994.00 223833.63  11204.20      0.00      0.00      0.00
01:30:19 PM      eth0 308548.00 102958.00 237129.95  11880.83      0.00      0.00      0.00
01:30:20 PM      eth0 308562.00 102108.00 237137.22  11775.17      0.00      0.00      0.00
01:30:21 PM      eth0 302375.00 100081.00 232385.69  11541.71      0.00      0.00      0.00
01:30:22 PM      eth0 317702.00 105040.00 244164.90  12121.15      0.00      0.00      0.00
01:30:23 PM      eth0 327649.00 109526.00 251812.28  12629.94      0.00      0.00      0.00
01:30:24 PM      eth0 303276.00 101209.00 233081.32  11674.58      0.00      0.00      0.00
01:30:25 PM      eth0 294116.00  97901.00 226040.25  11302.36      0.00      0.00      0.00
01:30:26 PM      eth0 318012.00 105022.00 244403.96  12113.05      0.00      0.00      0.00
01:30:27 PM      eth0 313615.00 103930.00 241025.05  11997.23      0.00      0.00      0.00
01:30:28 PM      eth0 298342.00  97709.00 229288.40  11270.91      0.00      0.00      0.00
01:30:29 PM      eth0 294606.00  97023.00 226417.95  11189.87      0.00      0.00      0.00
01:30:30 PM      eth0 306684.00 101398.00 235695.63  11693.84      0.00      0.00      0.00
01:30:31 PM      eth0 299499.00  99337.00 230175.74  11451.92      0.00      0.00      0.00
01:30:32 PM      eth0 290423.00  96823.00 223200.73  11179.34      0.00      0.00      0.00
01:30:33 PM      eth0 295973.00  97346.00 227467.67  11233.48      0.00      0.00      0.00
01:30:34 PM      eth0 257897.00  86108.00 198204.43   9948.38      0.00      0.00      0.00
01:30:35 PM      eth0 295188.00  98342.00 226863.92  11346.70      0.00      0.00      0.00
01:30:36 PM      eth0 301277.00  99988.00 231542.94  11539.34      0.00      0.00      0.00
01:30:37 PM      eth0 317371.00 105292.00 243913.71  12149.68      0.00      0.00      0.00
01:30:38 PM      eth0 288336.00  96156.00 221598.71  11100.21      0.00      0.00      0.00
01:30:39 PM      eth0 307472.00 102886.00 236303.68  11882.02      0.00      0.00      0.00
01:30:40 PM      eth0 291902.00  96990.00 224338.28  11199.43      0.00      0.00      0.00
01:30:41 PM      eth0 299604.00 100077.00 230253.93  11552.91      0.00      0.00      0.00
01:30:42 PM      eth0 284078.00  94506.00 218325.64  10911.89      0.00      0.00      0.00
01:30:43 PM      eth0 299280.00 100447.00 230008.82  11600.34      0.00      0.00      0.00
01:30:44 PM      eth0 316598.00 105762.00 243317.29  12201.44      0.00      0.00      0.00
01:30:45 PM      eth0 295828.00  98681.00 227356.25  11393.60      0.00      0.00      0.00
01:30:46 PM      eth0 294383.00  97815.00 226244.11  11291.70      0.00      0.00      0.00
01:30:47 PM      eth0 299449.00  99425.00 230140.80  11475.42      0.00      0.00      0.00
01:30:48 PM      eth0 274314.00  91579.00 210820.55  10577.65      0.00      0.00      0.00
01:30:49 PM      eth0 296667.00  99062.00 227997.33  11435.00      0.00      0.00      0.00
01:30:50 PM      eth0 273710.00  91826.00 210353.38  10616.53      0.00      0.00      0.00
01:30:51 PM      eth0 296147.00  98700.00 227602.60  11392.71      0.00      0.00      0.00
01:30:52 PM      eth0 303976.00 100819.00 233619.96  11627.80      0.00      0.00      0.00
01:30:53 PM      eth0 280434.00  92775.00 215524.70  10707.25      0.00      0.00      0.00
01:30:54 PM      eth0 288262.00  96520.00 221540.91  11145.75      0.00      0.00      0.00
01:30:55 PM      eth0 315027.00 104961.00 242109.81  12119.68      0.00      0.00      0.00
01:30:56 PM      eth0 308309.00 102197.00 236948.31  11791.58      0.00      0.00      0.00
01:30:57 PM      eth0 295582.00  98883.00 227167.20  11415.77      0.00      0.00      0.00
01:30:58 PM      eth0 285825.00  95721.00 219667.27  11058.71      0.00      0.00      0.00
01:30:59 PM      eth0 270317.00  89730.00 207748.59  10357.22      0.00      0.00      0.00
01:31:00 PM      eth0 307752.00 102487.00 236517.50  11831.98      0.00      0.00      0.00
01:31:01 PM      eth0 298387.00  98729.00 229323.21  11393.94      0.00      0.00      0.00
01:31:02 PM      eth0 292161.00  97112.00 224535.69  11209.25      0.00      0.00      0.00
01:31:03 PM      eth0 302512.00  99467.00 232493.83  11482.09      0.00      0.00      0.00
01:31:04 PM      eth0 293613.00  96943.00 225652.77  11183.51      0.00      0.00      0.00
01:31:05 PM      eth0 311826.00 103100.00 239652.74  11905.42      0.00      0.00      0.00
01:31:06 PM      eth0 308161.00 102557.00 236832.96  11830.57      0.00      0.00      0.00
01:31:07 PM      eth0 288854.00  96546.00 221997.03  11147.41      0.00      0.00      0.00
01:31:08 PM      eth0 302919.00 100996.00 232804.62  11653.96      0.00      0.00      0.00
01:31:09 PM      eth0 311527.00 103617.00 239420.42  11955.81      0.00      0.00      0.00
01:31:10 PM      eth0 285657.00  94495.00 219539.54  10909.86      0.00      0.00      0.00
01:31:11 PM      eth0 288283.00  96074.00 221554.95  11099.29      0.00      0.00      0.00
01:31:12 PM      eth0 299239.00  99740.00 229976.48  11509.86      0.00      0.00      0.00
01:31:13 PM      eth0 301189.00 100934.00 231474.10  11649.31      0.00      0.00      0.00
01:31:14 PM      eth0 322696.00 107000.00 248004.61  12342.71      0.00      0.00      0.00
01:31:15 PM      eth0 306172.00 102405.00 235305.76  11816.78      0.00      0.00      0.00
01:31:16 PM      eth0 300421.00 100032.00 230886.48  11545.45      0.00      0.00      0.00
01:31:17 PM      eth0 318619.00 106719.00 244872.97  12317.15      0.00      0.00      0.00
01:31:18 PM      eth0 296229.00  97763.00 227663.50  11287.57      0.00      0.00      0.00
01:31:19 PM      eth0 307524.00 101681.00 236343.62  11736.42      0.00      0.00      0.00
01:31:20 PM      eth0 278635.00  92816.00 214137.85  10717.34      0.00      0.00      0.00
01:31:21 PM      eth0 293749.00  97251.00 225757.91  11226.79      0.00      0.00      0.00
01:31:22 PM      eth0 282665.00  92958.00 217241.12  10737.19      0.00      0.00      0.00
01:31:23 PM      eth0 301049.00 100595.00 231370.49  11614.15      0.00      0.00      0.00
01:31:24 PM      eth0 305639.00 100932.00 234895.64  11647.49      0.00      0.00      0.00
01:31:25 PM      eth0 286589.00  95576.00 220254.38  11036.86      0.00      0.00      0.00
01:31:26 PM      eth0 304611.00 101869.00 234105.49  11761.77      0.00      0.00      0.00
01:31:27 PM      eth0 267409.00  89254.00 205514.92  10309.85      0.00      0.00      0.00
01:31:28 PM      eth0 273539.00  91131.00 210224.70  10525.95      0.00      0.00      0.00
01:31:29 PM      eth0 290163.00  97329.00 223001.20  11240.47      0.00      0.00      0.00
01:31:30 PM      eth0 293667.00  97670.00 225690.55  11271.51      0.00      0.00      0.00
01:31:31 PM      eth0 302622.00 100596.00 232576.19  11607.77      0.00      0.00      0.00
01:31:32 PM      eth0 299847.00 100512.00 230446.20  11601.98      0.00      0.00      0.00
01:31:33 PM      eth0 284674.00  94626.00 218783.79  10930.43      0.00      0.00      0.00
01:31:34 PM      eth0 279109.00  92862.00 214506.98  10720.04      0.00      0.00      0.00
01:31:35 PM      eth0 295924.00  98216.00 227427.25  11330.99      0.00      0.00      0.00
01:31:36 PM      eth0 298212.00  98643.00 229186.61  11397.45      0.00      0.00      0.00
01:31:37 PM      eth0 291089.00  96839.00 223712.91  11178.17      0.00      0.00      0.00
01:31:38 PM      eth0 281238.00  92824.00 216143.96  10724.59      0.00      0.00      0.00
01:31:39 PM      eth0 304726.00 100786.00 234193.04  11628.41      0.00      0.00      0.00
01:31:40 PM      eth0 281522.00  94640.00 216359.47  10930.68      0.00      0.00      0.00
01:31:41 PM      eth0 274014.00  91410.00 210586.55  10552.78      0.00      0.00      0.00
01:31:42 PM      eth0 284781.00  94457.00 218865.65  10903.29      0.00      0.00      0.00
01:31:43 PM      eth0 291819.00  98031.00 224274.60  11316.17      0.00      0.00      0.00
01:31:44 PM      eth0 268303.00  89158.00 206201.77  10296.83      0.00      0.00      0.00
01:31:45 PM      eth0 277734.00  93566.00 213451.29  10806.86      0.00      0.00      0.00
01:31:46 PM      eth0 323141.00 106735.00 248347.50  12309.79      0.00      0.00      0.00
01:31:47 PM      eth0 303498.00 101712.00 233250.06  11744.73      0.00      0.00      0.00
01:31:48 PM      eth0 311903.00 103648.00 239708.25  11956.37      0.00      0.00      0.00
01:31:49 PM      eth0 306133.00 101775.00 235271.89  11748.74      0.00      0.00      0.00
01:31:50 PM      eth0 286079.00  94735.00 219861.63  10938.55      0.00      0.00      0.00
01:31:51 PM      eth0 295175.00  98414.00 226851.93  11363.75      0.00      0.00      0.00
01:31:52 PM      eth0 309324.00 103597.00 237727.62  11959.48      0.00      0.00      0.00
01:31:53 PM      eth0 322977.00 107542.00 248221.39  12411.48      0.00      0.00      0.00
01:31:54 PM      eth0 289922.00  96864.00 222815.33  11180.50      0.00      0.00      0.00
01:31:55 PM      eth0 310864.00 103970.00 238913.18  12008.13      0.00      0.00      0.00
01:31:56 PM      eth0 286768.00  95244.00 220393.66  10990.71      0.00      0.00      0.00
01:31:57 PM      eth0 310533.00 103907.00 238659.05  11988.14      0.00      0.00      0.00
01:31:58 PM      eth0 298847.00  99303.00 229676.24  11461.10      0.00      0.00      0.00
01:31:59 PM      eth0 279980.00  92368.00 215176.42  10666.77      0.00      0.00      0.00
01:32:00 PM      eth0 288234.00  95618.00 221516.82  11039.81      0.00      0.00      0.00
01:32:01 PM      eth0 310254.00 103012.00 238441.98  11890.27      0.00      0.00      0.00
01:32:02 PM      eth0 310495.00 103838.00 238628.90  11986.90      0.00      0.00      0.00
01:32:03 PM      eth0 289337.00  96455.00 222367.93  11144.04      0.00      0.00      0.00
01:32:04 PM      eth0 294342.00  98512.00 226212.41  11371.94      0.00      0.00      0.00
01:32:05 PM      eth0 275257.00  92105.00 211547.24  10643.68      0.00      0.00      0.00
01:32:06 PM      eth0 287044.00  96285.00 220605.51  11122.83      0.00      0.00      0.00
01:32:07 PM      eth0 283123.00  94255.00 217590.28  10879.66      0.00      0.00      0.00
01:32:08 PM      eth0 292141.00  97072.00 224521.46  11207.41      0.00      0.00      0.00
01:32:09 PM      eth0 276233.00  92426.00 212298.04  10680.27      0.00      0.00      0.00
01:32:10 PM      eth0 326830.00 107990.00 251182.70  12479.43      0.00      0.00      0.00
01:32:11 PM      eth0 294265.00  96905.00 226152.19  11189.71      0.00      0.00      0.00
01:32:12 PM      eth0 287843.00  96082.00 221219.54  11095.67      0.00      0.00      0.00
01:32:13 PM      eth0 274819.00  91220.00 211209.61  10529.82      0.00      0.00      0.00
01:32:14 PM      eth0 301932.00 100453.00 232047.57  11591.07      0.00      0.00      0.00
01:32:15 PM      eth0 280329.00  92581.00 215443.50  10700.86      0.00      0.00      0.00
01:32:16 PM      eth0 294788.00  98741.00 226556.44  11404.16      0.00      0.00      0.00
01:32:17 PM      eth0 315274.00 105487.00 242300.66  12176.19      0.00      0.00      0.00
01:32:18 PM      eth0 301138.00  99215.00 231438.49  11445.16      0.00      0.00      0.00
01:32:19 PM      eth0 291021.00  97197.00 223656.77  11224.62      0.00      0.00      0.00
01:32:20 PM      eth0 291709.00  96730.00 224188.22  11176.83      0.00      0.00      0.00
01:32:21 PM      eth0 288519.00  95594.00 221730.91  11027.21      0.00      0.00      0.00
01:32:22 PM      eth0 264292.00  87210.00 203115.35  10062.84      0.00      0.00      0.00
01:32:23 PM      eth0 244853.00  81233.00 188178.12   9373.41      0.00      0.00      0.00
01:32:24 PM      eth0 236944.00  78244.00 182097.88   9024.22      0.00      0.00      0.00
01:32:25 PM      eth0 230774.00  75491.00 177355.24   8710.00      0.00      0.00      0.00
01:32:26 PM      eth0 208686.00  67215.00 160380.30   7749.27      0.00      0.00      0.00
01:32:27 PM      eth0 183964.00  57159.00 141379.00   6585.49      0.00      0.00      0.00
01:32:28 PM      eth0 208898.00  62247.00 160543.25   7176.86      0.00      0.00      0.00
01:32:29 PM      eth0 163215.00  51123.00 125431.65   5885.56      0.00      0.00      0.00
01:32:30 PM      eth0 163861.00  50205.00 125927.01   5769.76      0.00      0.00      0.00
01:32:31 PM      eth0 144758.00  43115.00 111248.58   4958.59      0.00      0.00      0.00
01:32:32 PM      eth0 145880.00  41645.00 112112.15   4784.68      0.00      0.00      0.00
01:32:33 PM      eth0 123146.00  33994.00  94638.03   3898.64      0.00      0.00      0.00
01:32:34 PM      eth0 140596.00  35140.00 108050.09   4020.85      0.00      0.00      0.00
01:32:35 PM      eth0 217984.00  45921.00 167522.72   5215.11      0.00      0.00      0.00
01:32:36 PM      eth0 104448.00  22904.00  80268.55   2612.31      0.00      0.00      0.00
01:32:37 PM      eth0      5.00      1.00      0.32      0.09      0.00      0.00      0.00
01:32:38 PM      eth0      7.00      1.00      0.44      0.09      0.00      0.00      0.00
01:32:39 PM      eth0      6.00      0.00      0.35      0.00      0.00      0.00      0.00
01:32:40 PM      eth0      6.00      0.00      0.35      0.00      0.00      0.00      0.00
01:32:41 PM      eth0      9.00      8.00      0.82      2.25      0.00      0.00      0.00
01:32:42 PM      eth0      4.00      0.00      0.23      0.00      0.00      0.00      0.00
01:32:43 PM      eth0      5.00      0.00      0.29      0.00      0.00      0.00      0.00
01:32:44 PM      eth0      6.00      0.00      0.35      0.00      0.00      0.00      0.00
01:32:45 PM      eth0      5.00      0.00      0.29      0.00      0.00      0.00      0.00
01:32:46 PM      eth0      7.00      0.00      0.69      0.00      0.00      0.00      0.00
01:32:47 PM      eth0      4.00      0.00      0.23      0.00      0.00      0.00      0.00
01:32:48 PM      eth0      4.00      0.00      0.23      0.00      0.00      0.00      0.00
01:32:49 PM      eth0     10.00      8.00      0.88      2.17      0.00      0.00      0.00
01:32:50 PM      eth0     10.00      8.00      0.87      2.14      0.00      0.00      0.00
01:32:51 PM      eth0      5.00      0.00      0.29      0.00      0.00      0.00      0.00
01:32:52 PM      eth0      5.00      0.00      0.81      0.00      0.00      0.00      0.00
01:32:53 PM      eth0      4.00      0.00      0.23      0.00      0.00      0.00      0.00
01:32:54 PM      eth0      5.00      0.00      0.29      0.00      0.00      0.00      0.00
01:32:55 PM      eth0      3.00      0.00      0.18      0.00      0.00      0.00      0.00
01:32:56 PM      eth0      5.00      0.00      0.29      0.00      0.00      0.00      0.00
01:32:57 PM      eth0      6.00      0.00      1.05      0.00      0.00      0.00      0.00
01:32:58 PM      eth0      5.00      0.00      0.29      0.00      0.00      0.00      0.00
01:32:59 PM      eth0      4.00      0.00      0.23      0.00      0.00      0.00      0.00
01:33:00 PM      eth0      7.00      8.00      0.70      2.34      0.00      0.00      0.00
01:33:01 PM      eth0      5.00      0.00      0.29      0.00      0.00      0.00      0.00
01:33:02 PM      eth0      5.00      0.00      0.29      0.00      0.00      0.00      0.00
01:33:03 PM      eth0      5.00      0.00      0.29      0.00      0.00      0.00      0.00
01:33:04 PM      eth0      3.00      0.00      0.18      0.00      0.00      0.00      0.00
01:33:05 PM      eth0      2.97      0.00      0.17      0.00      0.00      0.00      0.00
01:33:06 PM      eth0      5.00      0.00      0.29      0.00      0.00      0.00      0.00
01:33:07 PM      eth0      5.00      0.00      0.29      0.00      0.00      0.00      0.00
01:33:08 PM      eth0      5.00      0.00      0.29      0.00      0.00      0.00      0.00
01:33:09 PM      eth0      4.00      0.00      0.23      0.00      0.00      0.00      0.00
01:33:10 PM      eth0      3.00      0.00      0.18      0.00      0.00      0.00      0.00
01:33:11 PM      eth0      7.00      8.00      0.70      2.25      0.00      0.00      0.00
01:33:12 PM      eth0      4.00      0.00      0.23      0.00      0.00      0.00      0.00
01:33:13 PM      eth0      5.00      0.00      0.29      0.00      0.00      0.00      0.00
01:33:14 PM      eth0      4.00      0.00      0.23      0.00      0.00      0.00      0.00
01:33:15 PM      eth0      4.00      0.00      0.23      0.00      0.00      0.00      0.00
01:33:16 PM      eth0      5.00      0.00      0.29      0.00      0.00      0.00      0.00
01:33:17 PM      eth0      5.00      0.00      0.81      0.00      0.00      0.00      0.00
01:33:18 PM      eth0      3.00      0.00      0.18      0.00      0.00      0.00      0.00
01:33:19 PM      eth0      8.00      8.00      0.76      2.17      0.00      0.00      0.00
01:33:20 PM      eth0     10.00      8.00      0.93      2.14      0.00      0.00      0.00
01:33:21 PM      eth0      5.00      0.00      0.29      0.00      0.00      0.00      0.00
01:33:22 PM      eth0      4.00      0.00      0.23      0.00      0.00      0.00      1.00
01:33:23 PM      eth0      3.00      0.00      0.18      0.00      0.00      0.00      0.00
01:33:24 PM      eth0      5.00      0.00      0.29      0.00      0.00      0.00      0.00
01:33:25 PM      eth0      5.00      0.00      0.29      0.00      0.00      0.00      0.00
01:33:26 PM      eth0      7.00      0.00      0.69      0.00      0.00      0.00      0.00
01:33:27 PM      eth0      3.00      0.00      0.18      0.00      0.00      0.00      0.00
01:33:28 PM      eth0      3.00      0.00      0.18      0.00      0.00      0.00      0.00
01:33:29 PM      eth0      4.00      0.00      0.23      0.00      0.00      0.00      0.00
01:33:30 PM      eth0      9.00      8.00      0.82      2.34      0.00      0.00      0.00
01:33:31 PM      eth0      6.00      0.00      0.63      0.00      0.00      0.00      0.00
01:33:32 PM      eth0      5.00      0.00      0.29      0.00      0.00      0.00      0.00
01:33:33 PM      eth0      3.00      0.00      0.18      0.00      0.00      0.00      0.00
01:33:34 PM      eth0      3.00      0.00      0.18      0.00      0.00      0.00      0.00
01:33:35 PM      eth0      4.00      0.00      0.23      0.00      0.00      0.00      0.00
01:33:36 PM      eth0      8.00      0.00      1.26      0.00      0.00      0.00      0.00
01:33:37 PM      eth0      4.00      0.00      0.23      0.00      0.00      0.00      0.00
01:33:38 PM      eth0      4.00      0.00      0.23      0.00      0.00      0.00      0.00
01:33:39 PM      eth0      4.00      0.00      0.23      0.00      0.00      0.00      0.00
01:33:40 PM      eth0      4.00      0.00      0.23      0.00      0.00      0.00      0.00
01:33:41 PM      eth0      8.00      8.00      0.76      2.25      0.00      0.00      0.00
01:33:42 PM      eth0      6.00      0.00      0.63      0.00      0.00      0.00      0.00
01:33:43 PM      eth0      6.00      0.00      0.35      0.00      0.00      0.00      0.00
01:33:44 PM      eth0      6.00      0.00      0.35      0.00      0.00      0.00      0.00
01:33:45 PM      eth0      5.00      0.00      0.29      0.00      0.00      0.00      0.00
01:33:46 PM      eth0      6.00      0.00      0.35      0.00      0.00      0.00      0.00
01:33:47 PM      eth0      6.00      0.00      0.35      0.00      0.00      0.00      0.00
01:33:48 PM      eth0      5.00      0.00      0.29      0.00      0.00      0.00      0.00
01:33:49 PM      eth0     10.00      8.00      0.87      2.17      0.00      0.00      0.00
01:33:50 PM      eth0      9.00      8.00      1.09      2.14      0.00      0.00      0.00
01:33:51 PM      eth0      5.00      0.00      0.29      0.00      0.00      0.00      0.00
01:33:52 PM      eth0      5.00      0.00      0.29      0.00      0.00      0.00      0.00
01:33:53 PM      eth0      6.00      0.00      0.35      0.00      0.00      0.00      0.00
01:33:54 PM      eth0      6.00      0.00      0.35      0.00      0.00      0.00      0.00
01:33:55 PM      eth0      4.00      0.00      0.23      0.00      0.00      0.00      0.00
01:33:56 PM      eth0      5.00      0.00      0.81      0.00      0.00      0.00      0.00
01:33:57 PM      eth0      3.00      0.00      0.18      0.00      0.00      0.00      0.00
01:33:58 PM      eth0      4.00      0.00      0.23      0.00      0.00      0.00      0.00
01:33:59 PM      eth0      5.00      0.00      0.29      0.00      0.00      0.00      0.00
01:34:00 PM      eth0      9.00      8.00      1.09      2.34      0.00      0.00      0.00
01:34:01 PM      eth0      5.00      0.00      0.81      0.00      0.00      0.00      0.00
01:34:02 PM      eth0      4.00      0.00      0.23      0.00      0.00      0.00      0.00
01:34:03 PM      eth0      4.00      0.00      0.23      0.00      0.00      0.00      0.00
01:34:04 PM      eth0      4.00      0.00      0.51      0.00      0.00      0.00      0.00
01:34:05 PM      eth0      4.00      0.00      0.23      0.00      0.00      0.00      0.00
01:34:06 PM      eth0      6.00      0.00      0.35      0.00      0.00      0.00      0.00
01:34:07 PM      eth0      5.00      0.00      0.29      0.00      0.00      0.00      0.00
01:34:08 PM      eth0      4.00      0.00      0.23      0.00      0.00      0.00      0.00
01:34:09 PM      eth0      3.00      0.00      0.18      0.00      0.00      0.00      0.00
01:34:10 PM      eth0      5.00      0.00      0.29      0.00      0.00      0.00      0.00
01:34:11 PM      eth0     10.00      8.00      0.88      2.25      0.00      0.00      0.00
01:34:12 PM      eth0      6.00      0.00      0.63      0.00      0.00      0.00      0.00
01:34:13 PM      eth0      3.00      0.00      0.18      0.00      0.00      0.00      0.00
01:34:14 PM      eth0      3.00      0.00      0.18      0.00      0.00      0.00      0.00
01:34:15 PM      eth0      5.00      0.00      0.57      0.00      0.00      0.00      0.00
01:34:16 PM      eth0      7.00      0.00      0.41      0.00      0.00      0.00      0.00
01:34:17 PM      eth0      5.00      0.00      0.29      0.00      0.00      0.00      0.00
01:34:18 PM      eth0      4.00      0.00      0.23      0.00      0.00      0.00      0.00
01:34:19 PM      eth0      7.00      8.00      0.70      2.17      0.00      0.00      0.00
01:34:20 PM      eth0      9.00      8.00      1.34      2.14      0.00      0.00      0.00
01:34:21 PM      eth0      5.00      0.00      0.57      0.00      0.00      0.00      0.00
01:34:22 PM      eth0      5.00      0.00      0.29      0.00      0.00      0.00      0.00
01:34:23 PM      eth0      4.00      0.00      0.23      0.00      0.00      0.00      0.00
01:34:24 PM      eth0      4.00      0.00      0.23      0.00      0.00      0.00      0.00
01:34:25 PM      eth0      4.00      0.00      0.23      0.00      0.00      0.00      0.00
01:34:26 PM      eth0      5.00      0.00      0.29      0.00      0.00      0.00      0.00
01:34:27 PM      eth0      3.00      0.00      0.18      0.00      0.00      0.00      0.00
01:34:28 PM      eth0      4.00      0.00      0.23      0.00      0.00      0.00      0.00
01:34:29 PM      eth0      5.00      0.00      0.29      0.00      0.00      0.00      0.00
01:34:30 PM      eth0     10.00      8.00      1.15      2.34      0.00      0.00      0.00
01:34:31 PM      eth0      4.00      0.00      0.23      0.00      0.00      0.00      0.00
