              total        used        free      shared  buff/cache   available
Mem:          48114        1106       45877         369        1130       46133
Swap:         24191           0       24191
Total:        72306        1106       70069

              total        used        free      shared  buff/cache   available
Mem:          48114        1110       45872         369        1130       46129
Swap:         24191           0       24191
Total:        72306        1110       70064

              total        used        free      shared  buff/cache   available
Mem:          48114        1130       45853         369        1130       46109
Swap:         24191           0       24191
Total:        72306        1130       70045

              total        used        free      shared  buff/cache   available
Mem:          48114        1136       45847         369        1130       46103
Swap:         24191           0       24191
Total:        72306        1136       70039

              total        used        free      shared  buff/cache   available
Mem:          48114        1146       45836         369        1131       46092
Swap:         24191           0       24191
Total:        72306        1146       70028

              total        used        free      shared  buff/cache   available
Mem:          48114        1171       45812         369        1130       46068
Swap:         24191           0       24191
Total:        72306        1171       70004

              total        used        free      shared  buff/cache   available
Mem:          48114        1179       45804         369        1130       46060
Swap:         24191           0       24191
Total:        72306        1179       69996

              total        used        free      shared  buff/cache   available
Mem:          48114        1193       45790         369        1130       46047
Swap:         24191           0       24191
Total:        72306        1193       69982

              total        used        free      shared  buff/cache   available
Mem:          48114        1244       45744         369        1124       45996
Swap:         24191           0       24191
Total:        72306        1244       69936

              total        used        free      shared  buff/cache   available
Mem:          48114        1283       45703         369        1126       45954
Swap:         24191           0       24191
Total:        72306        1283       69895

              total        used        free      shared  buff/cache   available
Mem:          48114        1319       45666         369        1128       45917
Swap:         24191           0       24191
Total:        72306        1319       69858

              total        used        free      shared  buff/cache   available
Mem:          48114        1370       45614         369        1128       45866
Swap:         24191           0       24191
Total:        72306        1370       69806

              total        used        free      shared  buff/cache   available
Mem:          48114        1446       45538         369        1129       45790
Swap:         24191           0       24191
Total:        72306        1446       69730

              total        used        free      shared  buff/cache   available
Mem:          48114        1563       45420         369        1129       45673
Swap:         24191           0       24191
Total:        72306        1563       69612

              total        used        free      shared  buff/cache   available
Mem:          48114        1540       45444         369        1129       45697
Swap:         24191           0       24191
Total:        72306        1540       69636

              total        used        free      shared  buff/cache   available
Mem:          48114        1552       45432         369        1128       45685
Swap:         24191           0       24191
Total:        72306        1552       69624

              total        used        free      shared  buff/cache   available
Mem:          48114        1582       45401         369        1129       45654
Swap:         24191           0       24191
Total:        72306        1582       69593

              total        used        free      shared  buff/cache   available
Mem:          48114        1587       45397         369        1129       45650
Swap:         24191           0       24191
Total:        72306        1587       69589

              total        used        free      shared  buff/cache   available
Mem:          48114        1574       45409         369        1130       45662
Swap:         24191           0       24191
Total:        72306        1574       69601

              total        used        free      shared  buff/cache   available
Mem:          48114        1574       45409         369        1129       45662
Swap:         24191           0       24191
Total:        72306        1574       69601

              total        used        free      shared  buff/cache   available
Mem:          48114        1569       45415         369        1129       45668
Swap:         24191           0       24191
Total:        72306        1569       69607

              total        used        free      shared  buff/cache   available
Mem:          48114        1576       45407         369        1130       45661
Swap:         24191           0       24191
Total:        72306        1576       69599

              total        used        free      shared  buff/cache   available
Mem:          48114        1575       45408         369        1131       45661
Swap:         24191           0       24191
Total:        72306        1575       69600

              total        used        free      shared  buff/cache   available
Mem:          48114        1578       45404         369        1131       45658
Swap:         24191           0       24191
Total:        72306        1578       69596

              total        used        free      shared  buff/cache   available
Mem:          48114        1570       45411         369        1131       45665
Swap:         24191           0       24191
Total:        72306        1570       69603

              total        used        free      shared  buff/cache   available
Mem:          48114        1574       45407         369        1132       45661
Swap:         24191           0       24191
Total:        72306        1574       69599

              total        used        free      shared  buff/cache   available
Mem:          48114        1569       45412         369        1132       45666
Swap:         24191           0       24191
Total:        72306        1569       69604

              total        used        free      shared  buff/cache   available
Mem:          48114        1575       45406         369        1132       45661
Swap:         24191           0       24191
Total:        72306        1575       69598

              total        used        free      shared  buff/cache   available
Mem:          48114        1567       45413         369        1132       45668
Swap:         24191           0       24191
Total:        72306        1567       69605

              total        used        free      shared  buff/cache   available
Mem:          48114        1567       45414         369        1132       45668
Swap:         24191           0       24191
Total:        72306        1567       69606

              total        used        free      shared  buff/cache   available
Mem:          48114        1567       45414         369        1132       45669
Swap:         24191           0       24191
Total:        72306        1567       69606

              total        used        free      shared  buff/cache   available
Mem:          48114        1567       45414         369        1132       45669
Swap:         24191           0       24191
Total:        72306        1567       69606

              total        used        free      shared  buff/cache   available
Mem:          48114        1566       45415         369        1132       45669
Swap:         24191           0       24191
Total:        72306        1566       69607

              total        used        free      shared  buff/cache   available
Mem:          48114        1566       45414         369        1132       45669
Swap:         24191           0       24191
Total:        72306        1566       69606

              total        used        free      shared  buff/cache   available
Mem:          48114        1565       45415         369        1132       45670
Swap:         24191           0       24191
Total:        72306        1565       69607

              total        used        free      shared  buff/cache   available
Mem:          48114        1564       45416         369        1132       45671
Swap:         24191           0       24191
Total:        72306        1564       69608

              total        used        free      shared  buff/cache   available
Mem:          48114        1564       45416         369        1133       45671
Swap:         24191           0       24191
Total:        72306        1564       69608

              total        used        free      shared  buff/cache   available
Mem:          48114        1564       45416         369        1133       45671
Swap:         24191           0       24191
Total:        72306        1564       69608

              total        used        free      shared  buff/cache   available
Mem:          48114        1564       45416         369        1133       45671
Swap:         24191           0       24191
Total:        72306        1564       69608

              total        used        free      shared  buff/cache   available
Mem:          48114        1567       45413         369        1133       45668
Swap:         24191           0       24191
Total:        72306        1567       69605

              total        used        free      shared  buff/cache   available
Mem:          48114        1563       45416         369        1133       45672
Swap:         24191           0       24191
Total:        72306        1563       69608

              total        used        free      shared  buff/cache   available
Mem:          48114        1562       45417         369        1133       45673
Swap:         24191           0       24191
Total:        72306        1562       69609

              total        used        free      shared  buff/cache   available
Mem:          48114        1562       45418         369        1133       45673
Swap:         24191           0       24191
Total:        72306        1562       69610

              total        used        free      shared  buff/cache   available
Mem:          48114        1561       45419         369        1133       45674
Swap:         24191           0       24191
Total:        72306        1561       69611

              total        used        free      shared  buff/cache   available
Mem:          48114        1561       45419         369        1133       45674
Swap:         24191           0       24191
Total:        72306        1561       69611

              total        used        free      shared  buff/cache   available
Mem:          48114        1561       45418         369        1133       45674
Swap:         24191           0       24191
Total:        72306        1561       69610

              total        used        free      shared  buff/cache   available
Mem:          48114        1561       45419         369        1133       45674
Swap:         24191           0       24191
Total:        72306        1561       69611

              total        used        free      shared  buff/cache   available
Mem:          48114        1560       45420         369        1133       45675
Swap:         24191           0       24191
Total:        72306        1560       69612

              total        used        free      shared  buff/cache   available
Mem:          48114        1559       45420         369        1134       45676
Swap:         24191           0       24191
Total:        72306        1559       69612

              total        used        free      shared  buff/cache   available
Mem:          48114        1559       45420         369        1134       45676
Swap:         24191           0       24191
Total:        72306        1559       69612

              total        used        free      shared  buff/cache   available
Mem:          48114        1559       45420         369        1134       45676
Swap:         24191           0       24191
Total:        72306        1559       69612

              total        used        free      shared  buff/cache   available
Mem:          48114        1565       45414         369        1134       45670
Swap:         24191           0       24191
Total:        72306        1565       69606

              total        used        free      shared  buff/cache   available
Mem:          48114        1559       45419         369        1134       45676
Swap:         24191           0       24191
Total:        72306        1559       69611

              total        used        free      shared  buff/cache   available
Mem:          48114        1560       45419         369        1134       45676
Swap:         24191           0       24191
Total:        72306        1560       69611

              total        used        free      shared  buff/cache   available
Mem:          48114        1559       45420         369        1134       45676
Swap:         24191           0       24191
Total:        72306        1559       69612

              total        used        free      shared  buff/cache   available
Mem:          48114        1558       45421         369        1134       45677
Swap:         24191           0       24191
Total:        72306        1558       69613

              total        used        free      shared  buff/cache   available
Mem:          48114        1558       45421         369        1134       45677
Swap:         24191           0       24191
Total:        72306        1558       69613

              total        used        free      shared  buff/cache   available
Mem:          48114        1557       45422         369        1134       45679
Swap:         24191           0       24191
Total:        72306        1557       69614

              total        used        free      shared  buff/cache   available
Mem:          48114        1558       45421         369        1134       45677
Swap:         24191           0       24191
Total:        72306        1558       69613

              total        used        free      shared  buff/cache   available
Mem:          48114        1563       45416         369        1134       45673
Swap:         24191           0       24191
Total:        72306        1563       69608

              total        used        free      shared  buff/cache   available
Mem:          48114        1558       45420         369        1135       45677
Swap:         24191           0       24191
Total:        72306        1558       69612

              total        used        free      shared  buff/cache   available
Mem:          48114        1557       45421         369        1134       45678
Swap:         24191           0       24191
Total:        72306        1557       69613

              total        used        free      shared  buff/cache   available
Mem:          48114        1557       45421         369        1135       45678
Swap:         24191           0       24191
Total:        72306        1557       69613

              total        used        free      shared  buff/cache   available
Mem:          48114        1557       45421         369        1135       45678
Swap:         24191           0       24191
Total:        72306        1557       69613

              total        used        free      shared  buff/cache   available
Mem:          48114        1556       45422         369        1135       45679
Swap:         24191           0       24191
Total:        72306        1556       69614

              total        used        free      shared  buff/cache   available
Mem:          48114        1557       45421         369        1135       45678
Swap:         24191           0       24191
Total:        72306        1557       69613

              total        used        free      shared  buff/cache   available
Mem:          48114        1556       45422         369        1135       45679
Swap:         24191           0       24191
Total:        72306        1556       69614

              total        used        free      shared  buff/cache   available
Mem:          48114        1562       45416         369        1135       45673
Swap:         24191           0       24191
Total:        72306        1562       69608

              total        used        free      shared  buff/cache   available
Mem:          48114        1559       45419         369        1136       45676
Swap:         24191           0       24191
Total:        72306        1559       69611

              total        used        free      shared  buff/cache   available
Mem:          48114        1557       45421         369        1135       45678
Swap:         24191           0       24191
Total:        72306        1557       69613

              total        used        free      shared  buff/cache   available
Mem:          48114        1556       45422         369        1135       45679
Swap:         24191           0       24191
Total:        72306        1556       69614

              total        used        free      shared  buff/cache   available
Mem:          48114        1558       45419         369        1135       45677
Swap:         24191           0       24191
Total:        72306        1558       69611

              total        used        free      shared  buff/cache   available
Mem:          48114        1558       45420         369        1135       45677
Swap:         24191           0       24191
Total:        72306        1558       69612

              total        used        free      shared  buff/cache   available
Mem:          48114        1561       45417         369        1135       45674
Swap:         24191           0       24191
Total:        72306        1561       69609

              total        used        free      shared  buff/cache   available
Mem:          48114        1556       45421         369        1135       45679
Swap:         24191           0       24191
Total:        72306        1556       69613

              total        used        free      shared  buff/cache   available
Mem:          48114        1562       45415         369        1135       45673
Swap:         24191           0       24191
Total:        72306        1562       69607

              total        used        free      shared  buff/cache   available
Mem:          48114        1558       45419         369        1136       45677
Swap:         24191           0       24191
Total:        72306        1558       69611

              total        used        free      shared  buff/cache   available
Mem:          48114        1557       45420         369        1136       45678
Swap:         24191           0       24191
Total:        72306        1557       69612

              total        used        free      shared  buff/cache   available
Mem:          48114        1557       45420         369        1136       45678
Swap:         24191           0       24191
Total:        72306        1557       69612

              total        used        free      shared  buff/cache   available
Mem:          48114        1556       45420         369        1136       45678
Swap:         24191           0       24191
Total:        72306        1556       69612

              total        used        free      shared  buff/cache   available
Mem:          48114        1556       45420         369        1136       45679
Swap:         24191           0       24191
Total:        72306        1556       69612

              total        used        free      shared  buff/cache   available
Mem:          48114        1564       45413         369        1136       45671
Swap:         24191           0       24191
Total:        72306        1564       69605

              total        used        free      shared  buff/cache   available
Mem:          48114        1556       45421         369        1136       45679
Swap:         24191           0       24191
Total:        72306        1556       69613

              total        used        free      shared  buff/cache   available
Mem:          48114        1560       45416         369        1136       45675
Swap:         24191           0       24191
Total:        72306        1560       69608

              total        used        free      shared  buff/cache   available
Mem:          48114        1555       45421         369        1137       45679
Swap:         24191           0       24191
Total:        72306        1555       69613

              total        used        free      shared  buff/cache   available
Mem:          48114        1555       45421         369        1136       45680
Swap:         24191           0       24191
Total:        72306        1555       69613

              total        used        free      shared  buff/cache   available
Mem:          48114        1555       45421         369        1137       45680
Swap:         24191           0       24191
Total:        72306        1555       69613

              total        used        free      shared  buff/cache   available
Mem:          48114        1554       45422         369        1137       45681
Swap:         24191           0       24191
Total:        72306        1554       69614

              total        used        free      shared  buff/cache   available
Mem:          48114        1554       45422         369        1137       45681
Swap:         24191           0       24191
Total:        72306        1554       69614

              total        used        free      shared  buff/cache   available
Mem:          48114        1567       45410         369        1137       45668
Swap:         24191           0       24191
Total:        72306        1567       69602

              total        used        free      shared  buff/cache   available
Mem:          48114        1559       45416         369        1137       45675
Swap:         24191           0       24191
Total:        72306        1559       69608

              total        used        free      shared  buff/cache   available
Mem:          48114        1558       45418         369        1137       45677
Swap:         24191           0       24191
Total:        72306        1558       69610

              total        used        free      shared  buff/cache   available
Mem:          48114        1558       45418         369        1137       45677
Swap:         24191           0       24191
Total:        72306        1558       69610

              total        used        free      shared  buff/cache   available
Mem:          48114        1557       45419         369        1137       45678
Swap:         24191           0       24191
Total:        72306        1557       69611

              total        used        free      shared  buff/cache   available
Mem:          48114        1557       45418         369        1137       45678
Swap:         24191           0       24191
Total:        72306        1557       69610

              total        used        free      shared  buff/cache   available
Mem:          48114        1558       45418         369        1137       45678
Swap:         24191           0       24191
Total:        72306        1558       69610

              total        used        free      shared  buff/cache   available
Mem:          48114        1557       45419         369        1137       45678
Swap:         24191           0       24191
Total:        72306        1557       69611

              total        used        free      shared  buff/cache   available
Mem:          48114        1561       45415         369        1138       45674
Swap:         24191           0       24191
Total:        72306        1561       69607

              total        used        free      shared  buff/cache   available
Mem:          48114        1557       45419         369        1137       45678
Swap:         24191           0       24191
Total:        72306        1557       69611

              total        used        free      shared  buff/cache   available
Mem:          48114        1555       45420         369        1137       45680
Swap:         24191           0       24191
Total:        72306        1555       69612

              total        used        free      shared  buff/cache   available
Mem:          48114        1555       45421         369        1137       45680
Swap:         24191           0       24191
Total:        72306        1555       69613

              total        used        free      shared  buff/cache   available
Mem:          48114        1555       45420         369        1137       45680
Swap:         24191           0       24191
Total:        72306        1555       69612

              total        used        free      shared  buff/cache   available
Mem:          48114        1554       45421         369        1137       45681
Swap:         24191           0       24191
Total:        72306        1554       69613

              total        used        free      shared  buff/cache   available
Mem:          48114        1555       45420         369        1138       45680
Swap:         24191           0       24191
Total:        72306        1555       69612

              total        used        free      shared  buff/cache   available
Mem:          48114        1555       45420         369        1138       45680
Swap:         24191           0       24191
Total:        72306        1555       69612

              total        used        free      shared  buff/cache   available
Mem:          48114        1562       45413         369        1138       45673
Swap:         24191           0       24191
Total:        72306        1562       69605

              total        used        free      shared  buff/cache   available
Mem:          48114        1557       45418         369        1138       45678
Swap:         24191           0       24191
Total:        72306        1557       69610

              total        used        free      shared  buff/cache   available
Mem:          48114        1557       45418         369        1138       45678
Swap:         24191           0       24191
Total:        72306        1557       69610

              total        used        free      shared  buff/cache   available
Mem:          48114        1556       45418         369        1138       45679
Swap:         24191           0       24191
Total:        72306        1556       69610

              total        used        free      shared  buff/cache   available
Mem:          48114        1556       45418         369        1138       45679
Swap:         24191           0       24191
Total:        72306        1556       69610

              total        used        free      shared  buff/cache   available
Mem:          48114        1555       45419         369        1138       45680
Swap:         24191           0       24191
Total:        72306        1555       69611

              total        used        free      shared  buff/cache   available
Mem:          48114        1556       45418         369        1139       45678
Swap:         24191           0       24191
Total:        72306        1556       69610

              total        used        free      shared  buff/cache   available
Mem:          48114        1556       45418         369        1139       45679
Swap:         24191           0       24191
Total:        72306        1556       69610

              total        used        free      shared  buff/cache   available
Mem:          48114        1557       45417         369        1139       45678
Swap:         24191           0       24191
Total:        72306        1557       69609

              total        used        free      shared  buff/cache   available
Mem:          48114        1557       45417         369        1139       45677
Swap:         24191           0       24191
Total:        72306        1557       69609

              total        used        free      shared  buff/cache   available
Mem:          48114        1557       45417         369        1139       45678
Swap:         24191           0       24191
Total:        72306        1557       69609

              total        used        free      shared  buff/cache   available
Mem:          48114        1556       45418         369        1139       45679
Swap:         24191           0       24191
Total:        72306        1556       69610

              total        used        free      shared  buff/cache   available
Mem:          48114        1556       45417         369        1139       45678
Swap:         24191           0       24191
Total:        72306        1556       69609

              total        used        free      shared  buff/cache   available
Mem:          48114        1556       45418         369        1139       45679
Swap:         24191           0       24191
Total:        72306        1556       69610

              total        used        free      shared  buff/cache   available
Mem:          48114        1556       45417         369        1139       45678
Swap:         24191           0       24191
Total:        72306        1556       69609

              total        used        free      shared  buff/cache   available
Mem:          48114        1556       45418         369        1139       45679
Swap:         24191           0       24191
Total:        72306        1556       69610

              total        used        free      shared  buff/cache   available
Mem:          48114        1555       45418         369        1139       45679
Swap:         24191           0       24191
Total:        72306        1555       69610

              total        used        free      shared  buff/cache   available
Mem:          48114        1555       45419         369        1139       45680
Swap:         24191           0       24191
Total:        72306        1555       69611

              total        used        free      shared  buff/cache   available
Mem:          48114        1555       45419         369        1139       45680
Swap:         24191           0       24191
Total:        72306        1555       69611

              total        used        free      shared  buff/cache   available
Mem:          48114        1555       45419         369        1139       45680
Swap:         24191           0       24191
Total:        72306        1555       69611

              total        used        free      shared  buff/cache   available
Mem:          48114        1555       45419         369        1139       45680
Swap:         24191           0       24191
Total:        72306        1555       69611

              total        used        free      shared  buff/cache   available
Mem:          48114        1554       45420         369        1140       45681
Swap:         24191           0       24191
Total:        72306        1554       69612

              total        used        free      shared  buff/cache   available
Mem:          48114        1554       45419         369        1140       45681
Swap:         24191           0       24191
Total:        72306        1554       69611

              total        used        free      shared  buff/cache   available
Mem:          48114        1553       45420         369        1140       45682
Swap:         24191           0       24191
Total:        72306        1553       69612

              total        used        free      shared  buff/cache   available
Mem:          48114        1553       45420         369        1140       45682
Swap:         24191           0       24191
Total:        72306        1553       69612

              total        used        free      shared  buff/cache   available
Mem:          48114        1553       45420         369        1140       45682
Swap:         24191           0       24191
Total:        72306        1553       69612

              total        used        free      shared  buff/cache   available
Mem:          48114        1556       45417         369        1140       45679
Swap:         24191           0       24191
Total:        72306        1556       69609

              total        used        free      shared  buff/cache   available
Mem:          48114        1552       45420         369        1140       45682
Swap:         24191           0       24191
Total:        72306        1552       69612

              total        used        free      shared  buff/cache   available
Mem:          48114        1554       45419         369        1140       45681
Swap:         24191           0       24191
Total:        72306        1554       69611

              total        used        free      shared  buff/cache   available
Mem:          48114        1554       45419         369        1140       45681
Swap:         24191           0       24191
Total:        72306        1554       69611

              total        used        free      shared  buff/cache   available
Mem:          48114        1554       45418         369        1140       45681
Swap:         24191           0       24191
Total:        72306        1554       69610

              total        used        free      shared  buff/cache   available
Mem:          48114        1553       45419         369        1140       45681
Swap:         24191           0       24191
Total:        72306        1553       69611

              total        used        free      shared  buff/cache   available
Mem:          48114        1554       45419         369        1140       45681
Swap:         24191           0       24191
Total:        72306        1554       69611

              total        used        free      shared  buff/cache   available
Mem:          48114        1553       45419         369        1140       45681
Swap:         24191           0       24191
Total:        72306        1553       69611

              total        used        free      shared  buff/cache   available
Mem:          48114        1555       45417         369        1141       45680
Swap:         24191           0       24191
Total:        72306        1555       69609

              total        used        free      shared  buff/cache   available
Mem:          48114        1554       45418         369        1141       45680
Swap:         24191           0       24191
Total:        72306        1554       69610

              total        used        free      shared  buff/cache   available
Mem:          48114        1555       45417         369        1141       45679
Swap:         24191           0       24191
Total:        72306        1555       69609

              total        used        free      shared  buff/cache   available
Mem:          48114        1554       45417         369        1141       45680
Swap:         24191           0       24191
Total:        72306        1554       69609

              total        used        free      shared  buff/cache   available
Mem:          48114        1555       45417         369        1141       45680
Swap:         24191           0       24191
Total:        72306        1555       69609

              total        used        free      shared  buff/cache   available
Mem:          48114        1554       45418         369        1141       45680
Swap:         24191           0       24191
Total:        72306        1554       69610

              total        used        free      shared  buff/cache   available
Mem:          48114        1553       45418         369        1141       45681
Swap:         24191           0       24191
Total:        72306        1553       69610

              total        used        free      shared  buff/cache   available
Mem:          48114        1553       45418         369        1141       45681
Swap:         24191           0       24191
Total:        72306        1553       69610

              total        used        free      shared  buff/cache   available
Mem:          48114        1553       45418         369        1141       45681
Swap:         24191           0       24191
Total:        72306        1553       69610

              total        used        free      shared  buff/cache   available
Mem:          48114        1553       45419         369        1141       45682
Swap:         24191           0       24191
Total:        72306        1553       69611

              total        used        free      shared  buff/cache   available
Mem:          48114        1555       45417         369        1141       45680
Swap:         24191           0       24191
Total:        72306        1555       69609

              total        used        free      shared  buff/cache   available
Mem:          48114        1554       45417         369        1142       45681
Swap:         24191           0       24191
Total:        72306        1554       69609

              total        used        free      shared  buff/cache   available
Mem:          48114        1554       45417         369        1142       45681
Swap:         24191           0       24191
Total:        72306        1554       69609

              total        used        free      shared  buff/cache   available
Mem:          48114        1553       45417         369        1142       45681
Swap:         24191           0       24191
Total:        72306        1553       69609

              total        used        free      shared  buff/cache   available
Mem:          48114        1554       45417         369        1142       45681
Swap:         24191           0       24191
Total:        72306        1554       69609

              total        used        free      shared  buff/cache   available
Mem:          48114        1553       45418         369        1142       45681
Swap:         24191           0       24191
Total:        72306        1553       69610

              total        used        free      shared  buff/cache   available
Mem:          48114        1553       45418         369        1142       45682
Swap:         24191           0       24191
Total:        72306        1553       69610

              total        used        free      shared  buff/cache   available
Mem:          48114        1552       45418         369        1142       45682
Swap:         24191           0       24191
Total:        72306        1552       69610

              total        used        free      shared  buff/cache   available
Mem:          48114        1555       45415         369        1142       45679
Swap:         24191           0       24191
Total:        72306        1555       69607

              total        used        free      shared  buff/cache   available
Mem:          48114        1554       45416         369        1142       45680
Swap:         24191           0       24191
Total:        72306        1554       69608

              total        used        free      shared  buff/cache   available
Mem:          48114        1555       45416         369        1142       45680
Swap:         24191           0       24191
Total:        72306        1555       69608

              total        used        free      shared  buff/cache   available
Mem:          48114        1554       45416         369        1142       45680
Swap:         24191           0       24191
Total:        72306        1554       69608

              total        used        free      shared  buff/cache   available
Mem:          48114        1555       45415         369        1143       45680
Swap:         24191           0       24191
Total:        72306        1555       69607

              total        used        free      shared  buff/cache   available
Mem:          48114        1554       45416         369        1143       45680
Swap:         24191           0       24191
Total:        72306        1554       69608

              total        used        free      shared  buff/cache   available
Mem:          48114        1554       45416         369        1143       45680
Swap:         24191           0       24191
Total:        72306        1554       69608

              total        used        free      shared  buff/cache   available
Mem:          48114        1553       45417         369        1143       45681
Swap:         24191           0       24191
Total:        72306        1553       69609

              total        used        free      shared  buff/cache   available
Mem:          48114        1554       45416         369        1143       45681
Swap:         24191           0       24191
Total:        72306        1554       69608

              total        used        free      shared  buff/cache   available
Mem:          48114        1553       45416         369        1143       45681
Swap:         24191           0       24191
Total:        72306        1553       69608

              total        used        free      shared  buff/cache   available
Mem:          48114        1554       45416         369        1143       45680
Swap:         24191           0       24191
Total:        72306        1554       69608

              total        used        free      shared  buff/cache   available
Mem:          48114        1554       45416         369        1143       45681
Swap:         24191           0       24191
Total:        72306        1554       69608

              total        used        free      shared  buff/cache   available
Mem:          48114        1555       45414         369        1143       45679
Swap:         24191           0       24191
Total:        72306        1555       69606

              total        used        free      shared  buff/cache   available
Mem:          48114        1555       45415         369        1143       45679
Swap:         24191           0       24191
Total:        72306        1555       69607

              total        used        free      shared  buff/cache   available
Mem:          48114        1556       45413         369        1143       45678
Swap:         24191           0       24191
Total:        72306        1556       69605

              total        used        free      shared  buff/cache   available
Mem:          48114        1555       45414         369        1143       45679
Swap:         24191           0       24191
Total:        72306        1555       69606

              total        used        free      shared  buff/cache   available
Mem:          48114        1555       45415         369        1144       45680
Swap:         24191           0       24191
Total:        72306        1555       69607

              total        used        free      shared  buff/cache   available
Mem:          48114        1554       45415         369        1143       45680
Swap:         24191           0       24191
Total:        72306        1554       69607

              total        used        free      shared  buff/cache   available
Mem:          48114        1555       45415         369        1144       45680
Swap:         24191           0       24191
Total:        72306        1555       69607

              total        used        free      shared  buff/cache   available
Mem:          48114        1555       45414         369        1144       45680
Swap:         24191           0       24191
Total:        72306        1555       69606

              total        used        free      shared  buff/cache   available
Mem:          48114        1555       45414         369        1144       45679
Swap:         24191           0       24191
Total:        72306        1555       69606

              total        used        free      shared  buff/cache   available
Mem:          48114        1557       45412         369        1144       45678
Swap:         24191           0       24191
Total:        72306        1557       69604

              total        used        free      shared  buff/cache   available
Mem:          48114        1557       45412         369        1144       45677
Swap:         24191           0       24191
Total:        72306        1557       69604

              total        used        free      shared  buff/cache   available
Mem:          48114        1557       45412         369        1144       45677
Swap:         24191           0       24191
Total:        72306        1557       69604

              total        used        free      shared  buff/cache   available
Mem:          48114        1561       45408         369        1144       45674
Swap:         24191           0       24191
Total:        72306        1561       69600

              total        used        free      shared  buff/cache   available
Mem:          48114        1563       45406         369        1143       45672
Swap:         24191           0       24191
Total:        72306        1563       69598

              total        used        free      shared  buff/cache   available
Mem:          48114        1563       45407         369        1143       45673
Swap:         24191           0       24191
Total:        72306        1563       69599

              total        used        free      shared  buff/cache   available
Mem:          48114        1562       45407         369        1144       45673
Swap:         24191           0       24191
Total:        72306        1562       69599

              total        used        free      shared  buff/cache   available
Mem:          48114        1563       45406         369        1144       45672
Swap:         24191           0       24191
Total:        72306        1563       69598

              total        used        free      shared  buff/cache   available
Mem:          48114        1562       45406         369        1144       45672
Swap:         24191           0       24191
Total:        72306        1562       69598

              total        used        free      shared  buff/cache   available
Mem:          48114        1564       45405         369        1144       45671
Swap:         24191           0       24191
Total:        72306        1564       69597

              total        used        free      shared  buff/cache   available
Mem:          48114        1563       45406         369        1144       45672
Swap:         24191           0       24191
Total:        72306        1563       69598

              total        used        free      shared  buff/cache   available
Mem:          48114        1564       45405         369        1144       45671
Swap:         24191           0       24191
Total:        72306        1564       69597

              total        used        free      shared  buff/cache   available
Mem:          48114        1564       45404         369        1144       45670
Swap:         24191           0       24191
Total:        72306        1564       69596

              total        used        free      shared  buff/cache   available
Mem:          48114        1566       45402         369        1145       45668
Swap:         24191           0       24191
Total:        72306        1566       69594

              total        used        free      shared  buff/cache   available
Mem:          48114        1564       45403         369        1146       45670
Swap:         24191           0       24191
Total:        72306        1564       69595

              total        used        free      shared  buff/cache   available
Mem:          48114        1564       45404         369        1144       45671
Swap:         24191           0       24191
Total:        72306        1564       69596

              total        used        free      shared  buff/cache   available
Mem:          48114        1563       45405         369        1145       45671
Swap:         24191           0       24191
Total:        72306        1563       69597

              total        used        free      shared  buff/cache   available
Mem:          48114        1563       45405         369        1145       45672
Swap:         24191           0       24191
Total:        72306        1563       69597

              total        used        free      shared  buff/cache   available
Mem:          48114        1563       45405         369        1144       45672
Swap:         24191           0       24191
Total:        72306        1563       69597

              total        used        free      shared  buff/cache   available
Mem:          48114        1565       45404         369        1144       45670
Swap:         24191           0       24191
Total:        72306        1565       69596

              total        used        free      shared  buff/cache   available
Mem:          48114        1563       45405         369        1145       45671
Swap:         24191           0       24191
Total:        72306        1563       69597

              total        used        free      shared  buff/cache   available
Mem:          48114        1562       45404         369        1146       45671
Swap:         24191           0       24191
Total:        72306        1562       69596

              total        used        free      shared  buff/cache   available
Mem:          48114        1563       45405         369        1145       45672
Swap:         24191           0       24191
Total:        72306        1563       69597

              total        used        free      shared  buff/cache   available
Mem:          48114        1562       45406         369        1145       45673
Swap:         24191           0       24191
Total:        72306        1562       69597

              total        used        free      shared  buff/cache   available
Mem:          48114        1563       45404         369        1145       45671
Swap:         24191           0       24191
Total:        72306        1563       69596

              total        used        free      shared  buff/cache   available
Mem:          48114        1563       45404         369        1145       45671
Swap:         24191           0       24191
Total:        72306        1563       69596

              total        used        free      shared  buff/cache   available
Mem:          48114        1563       45404         369        1145       45671
Swap:         24191           0       24191
Total:        72306        1563       69596

              total        used        free      shared  buff/cache   available
Mem:          48114        1565       45403         369        1144       45670
Swap:         24191           0       24191
Total:        72306        1565       69595

              total        used        free      shared  buff/cache   available
Mem:          48114        1564       45403         369        1146       45670
Swap:         24191           0       24191
Total:        72306        1564       69595

              total        used        free      shared  buff/cache   available
Mem:          48114        1564       45403         369        1146       45670
Swap:         24191           0       24191
Total:        72306        1564       69595

              total        used        free      shared  buff/cache   available
Mem:          48114        1564       45404         369        1145       45671
Swap:         24191           0       24191
Total:        72306        1564       69596

              total        used        free      shared  buff/cache   available
Mem:          48114        1563       45404         369        1146       45672
Swap:         24191           0       24191
Total:        72306        1563       69596

              total        used        free      shared  buff/cache   available
Mem:          48114        1563       45403         369        1146       45671
Swap:         24191           0       24191
Total:        72306        1563       69595

              total        used        free      shared  buff/cache   available
Mem:          48114        1564       45403         369        1146       45670
Swap:         24191           0       24191
Total:        72306        1564       69595

              total        used        free      shared  buff/cache   available
Mem:          48114        1565       45401         369        1146       45669
Swap:         24191           0       24191
Total:        72306        1565       69593

              total        used        free      shared  buff/cache   available
Mem:          48114        1565       45402         369        1146       45669
Swap:         24191           0       24191
Total:        72306        1565       69594

              total        used        free      shared  buff/cache   available
Mem:          48114        1564       45402         369        1146       45670
Swap:         24191           0       24191
Total:        72306        1564       69594

              total        used        free      shared  buff/cache   available
Mem:          48114        1565       45401         369        1147       45669
Swap:         24191           0       24191
Total:        72306        1565       69593

              total        used        free      shared  buff/cache   available
Mem:          48114        1565       45402         369        1146       45670
Swap:         24191           0       24191
Total:        72306        1565       69594

              total        used        free      shared  buff/cache   available
Mem:          48114        1564       45403         369        1146       45671
Swap:         24191           0       24191
Total:        72306        1564       69595

              total        used        free      shared  buff/cache   available
Mem:          48114        1563       45403         369        1147       45671
Swap:         24191           0       24191
Total:        72306        1563       69595

              total        used        free      shared  buff/cache   available
Mem:          48114        1563       45403         369        1146       45672
Swap:         24191           0       24191
Total:        72306        1563       69595

              total        used        free      shared  buff/cache   available
Mem:          48114        1564       45402         369        1147       45671
Swap:         24191           0       24191
Total:        72306        1564       69594

              total        used        free      shared  buff/cache   available
Mem:          48114        1563       45403         369        1146       45671
Swap:         24191           0       24191
Total:        72306        1563       69595

              total        used        free      shared  buff/cache   available
Mem:          48114        1562       45403         369        1147       45672
Swap:         24191           0       24191
Total:        72306        1562       69595

              total        used        free      shared  buff/cache   available
Mem:          48114        1563       45403         369        1147       45672
Swap:         24191           0       24191
Total:        72306        1563       69595

              total        used        free      shared  buff/cache   available
Mem:          48114        1562       45403         369        1147       45672
Swap:         24191           0       24191
Total:        72306        1562       69595

              total        used        free      shared  buff/cache   available
Mem:          48114        1565       45401         369        1147       45669
Swap:         24191           0       24191
Total:        72306        1565       69593

              total        used        free      shared  buff/cache   available
Mem:          48114        1563       45402         369        1148       45671
Swap:         24191           0       24191
Total:        72306        1563       69594

              total        used        free      shared  buff/cache   available
Mem:          48114        1565       45400         369        1148       45669
Swap:         24191           0       24191
Total:        72306        1565       69592

              total        used        free      shared  buff/cache   available
Mem:          48114        1563       45403         369        1147       45672
Swap:         24191           0       24191
Total:        72306        1563       69595

              total        used        free      shared  buff/cache   available
Mem:          48114        1563       45402         369        1147       45671
Swap:         24191           0       24191
Total:        72306        1563       69594

              total        used        free      shared  buff/cache   available
Mem:          48114        1568       45396         369        1149       45666
Swap:         24191           0       24191
Total:        72306        1568       69588

              total        used        free      shared  buff/cache   available
Mem:          48114        1564       45400         369        1148       45670
Swap:         24191           0       24191
Total:        72306        1564       69592

              total        used        free      shared  buff/cache   available
Mem:          48114        1564       45401         369        1148       45670
Swap:         24191           0       24191
Total:        72306        1564       69593

              total        used        free      shared  buff/cache   available
Mem:          48114        1564       45401         369        1148       45671
Swap:         24191           0       24191
Total:        72306        1564       69593

              total        used        free      shared  buff/cache   available
Mem:          48114        1566       45399         369        1148       45668
Swap:         24191           0       24191
Total:        72306        1566       69591

              total        used        free      shared  buff/cache   available
Mem:          48114        1566       45400         369        1147       45669
Swap:         24191           0       24191
Total:        72306        1566       69592

              total        used        free      shared  buff/cache   available
Mem:          48114        1563       45402         369        1148       45672
Swap:         24191           0       24191
Total:        72306        1563       69594

              total        used        free      shared  buff/cache   available
Mem:          48114        1566       45398         369        1148       45668
Swap:         24191           0       24191
Total:        72306        1566       69590

              total        used        free      shared  buff/cache   available
Mem:          48114        1569       45395         369        1148       45665
Swap:         24191           0       24191
Total:        72306        1569       69587

              total        used        free      shared  buff/cache   available
Mem:          48114        1565       45399         369        1149       45669
Swap:         24191           0       24191
Total:        72306        1565       69591

              total        used        free      shared  buff/cache   available
Mem:          48114        1563       45402         369        1149       45671
Swap:         24191           0       24191
Total:        72306        1563       69594

              total        used        free      shared  buff/cache   available
Mem:          48114        1562       45402         369        1149       45672
Swap:         24191           0       24191
Total:        72306        1562       69594

              total        used        free      shared  buff/cache   available
Mem:          48114        1562       45402         369        1149       45672
Swap:         24191           0       24191
Total:        72306        1562       69594

              total        used        free      shared  buff/cache   available
Mem:          48114        1562       45402         369        1148       45672
Swap:         24191           0       24191
Total:        72306        1562       69594

              total        used        free      shared  buff/cache   available
Mem:          48114        1561       45403         369        1149       45673
Swap:         24191           0       24191
Total:        72306        1561       69595

              total        used        free      shared  buff/cache   available
Mem:          48114        1562       45403         369        1148       45673
Swap:         24191           0       24191
Total:        72306        1562       69595

              total        used        free      shared  buff/cache   available
Mem:          48114        1562       45402         369        1148       45673
Swap:         24191           0       24191
Total:        72306        1562       69594

              total        used        free      shared  buff/cache   available
Mem:          48114        1562       45403         369        1148       45673
Swap:         24191           0       24191
Total:        72306        1562       69595

              total        used        free      shared  buff/cache   available
Mem:          48114        1560       45404         369        1149       45674
Swap:         24191           0       24191
Total:        72306        1560       69596

              total        used        free      shared  buff/cache   available
Mem:          48114        1563       45402         369        1148       45672
Swap:         24191           0       24191
Total:        72306        1563       69594

              total        used        free      shared  buff/cache   available
Mem:          48114        1560       45404         369        1149       45674
Swap:         24191           0       24191
Total:        72306        1560       69596

              total        used        free      shared  buff/cache   available
Mem:          48114        1560       45403         369        1149       45674
Swap:         24191           0       24191
Total:        72306        1560       69595

              total        used        free      shared  buff/cache   available
Mem:          48114        1562       45402         369        1149       45673
Swap:         24191           0       24191
Total:        72306        1562       69594

              total        used        free      shared  buff/cache   available
Mem:          48114        1561       45402         369        1149       45673
Swap:         24191           0       24191
Total:        72306        1561       69594

              total        used        free      shared  buff/cache   available
Mem:          48114        1561       45402         369        1149       45673
Swap:         24191           0       24191
Total:        72306        1561       69594

              total        used        free      shared  buff/cache   available
Mem:          48114        1560       45402         369        1150       45673
Swap:         24191           0       24191
Total:        72306        1560       69594

              total        used        free      shared  buff/cache   available
Mem:          48114        1560       45403         369        1149       45674
Swap:         24191           0       24191
Total:        72306        1560       69595

              total        used        free      shared  buff/cache   available
Mem:          48114        1561       45401         369        1150       45672
Swap:         24191           0       24191
Total:        72306        1561       69593

              total        used        free      shared  buff/cache   available
Mem:          48114        1562       45401         369        1150       45672
Swap:         24191           0       24191
Total:        72306        1562       69593

              total        used        free      shared  buff/cache   available
Mem:          48114        1562       45401         369        1150       45672
Swap:         24191           0       24191
Total:        72306        1562       69593

              total        used        free      shared  buff/cache   available
Mem:          48114        1566       45397         369        1150       45668
Swap:         24191           0       24191
Total:        72306        1566       69589

              total        used        free      shared  buff/cache   available
Mem:          48114        1566       45396         369        1151       45668
Swap:         24191           0       24191
Total:        72306        1566       69588

              total        used        free      shared  buff/cache   available
Mem:          48114        1562       45399         369        1151       45671
Swap:         24191           0       24191
Total:        72306        1562       69591

              total        used        free      shared  buff/cache   available
Mem:          48114        1563       45400         369        1150       45671
Swap:         24191           0       24191
Total:        72306        1563       69592

              total        used        free      shared  buff/cache   available
Mem:          48114        1563       45399         369        1151       45670
Swap:         24191           0       24191
Total:        72306        1563       69591

              total        used        free      shared  buff/cache   available
Mem:          48114        1563       45399         369        1150       45671
Swap:         24191           0       24191
Total:        72306        1563       69591

              total        used        free      shared  buff/cache   available
Mem:          48114        1564       45398         369        1151       45669
Swap:         24191           0       24191
Total:        72306        1564       69590

              total        used        free      shared  buff/cache   available
Mem:          48114        1564       45399         369        1150       45670
Swap:         24191           0       24191
Total:        72306        1564       69591

              total        used        free      shared  buff/cache   available
Mem:          48114        1562       45400         369        1151       45672
Swap:         24191           0       24191
Total:        72306        1562       69592

              total        used        free      shared  buff/cache   available
Mem:          48114        1562       45401         369        1150       45672
Swap:         24191           0       24191
Total:        72306        1562       69593

              total        used        free      shared  buff/cache   available
Mem:          48114        1564       45398         369        1151       45670
Swap:         24191           0       24191
Total:        72306        1564       69590

              total        used        free      shared  buff/cache   available
Mem:          48114        1563       45399         369        1151       45671
Swap:         24191           0       24191
Total:        72306        1563       69591

              total        used        free      shared  buff/cache   available
Mem:          48114        1568       45395         369        1150       45667
Swap:         24191           0       24191
Total:        72306        1568       69587

              total        used        free      shared  buff/cache   available
Mem:          48114        1563       45400         369        1150       45672
Swap:         24191           0       24191
Total:        72306        1563       69592

              total        used        free      shared  buff/cache   available
Mem:          48114        1566       45396         369        1150       45668
Swap:         24191           0       24191
Total:        72306        1566       69588

              total        used        free      shared  buff/cache   available
Mem:          48114        1567       45395         369        1150       45667
Swap:         24191           0       24191
Total:        72306        1567       69587

              total        used        free      shared  buff/cache   available
Mem:          48114        1567       45394         369        1151       45667
Swap:         24191           0       24191
Total:        72306        1567       69586

              total        used        free      shared  buff/cache   available
Mem:          48114        1566       45395         369        1151       45668
Swap:         24191           0       24191
Total:        72306        1566       69587

              total        used        free      shared  buff/cache   available
Mem:          48114        1566       45396         369        1151       45668
Swap:         24191           0       24191
Total:        72306        1566       69588

              total        used        free      shared  buff/cache   available
Mem:          48114        1566       45396         369        1151       45668
Swap:         24191           0       24191
Total:        72306        1566       69588

              total        used        free      shared  buff/cache   available
Mem:          48114        1564       45398         369        1151       45671
Swap:         24191           0       24191
Total:        72306        1564       69590

              total        used        free      shared  buff/cache   available
Mem:          48114        1574       45387         369        1151       45660
Swap:         24191           0       24191
Total:        72306        1574       69579

              total        used        free      shared  buff/cache   available
Mem:          48114        1574       45387         369        1151       45660
Swap:         24191           0       24191
Total:        72306        1574       69579

              total        used        free      shared  buff/cache   available
Mem:          48114        1573       45387         369        1152       45660
Swap:         24191           0       24191
Total:        72306        1573       69579

              total        used        free      shared  buff/cache   available
Mem:          48114        1568       45392         369        1152       45665
Swap:         24191           0       24191
Total:        72306        1568       69584

              total        used        free      shared  buff/cache   available
Mem:          48114        1612       45347         369        1153       45620
Swap:         24191           0       24191
Total:        72306        1612       69539

              total        used        free      shared  buff/cache   available
Mem:          48114        1665       45293         369        1154       45566
Swap:         24191           0       24191
Total:        72306        1665       69485

              total        used        free      shared  buff/cache   available
Mem:          48114        1640       45318         369        1155       45591
Swap:         24191           0       24191
Total:        72306        1640       69509

              total        used        free      shared  buff/cache   available
Mem:          48114        1530       45428         369        1155       45702
Swap:         24191           0       24191
Total:        72306        1530       69620

              total        used        free      shared  buff/cache   available
Mem:          48114        1394       45564         369        1155       45838
Swap:         24191           0       24191
Total:        72306        1394       69756

              total        used        free      shared  buff/cache   available
Mem:          48114        1268       45691         369        1155       45965
Swap:         24191           0       24191
Total:        72306        1268       69883

              total        used        free      shared  buff/cache   available
Mem:          48114        1163       45794         369        1155       46069
Swap:         24191           0       24191
Total:        72306        1163       69986

              total        used        free      shared  buff/cache   available
Mem:          48114        1165       45793         369        1154       46068
Swap:         24191           0       24191
Total:        72306        1165       69985
