              total        used        free      shared  buff/cache   available
Mem:          48114        7664       23861        2411       16588       37168
Swap:         24191           0       24191
Total:        72306        7664       48053

              total        used        free      shared  buff/cache   available
Mem:          48114        7664       23861        2411       16588       37168
Swap:         24191           0       24191
Total:        72306        7664       48053

              total        used        free      shared  buff/cache   available
Mem:          48114        7664       23860        2411       16588       37168
Swap:         24191           0       24191
Total:        72306        7664       48052

              total        used        free      shared  buff/cache   available
Mem:          48114        7670       23854        2411       16588       37162
Swap:         24191           0       24191
Total:        72306        7670       48046

              total        used        free      shared  buff/cache   available
Mem:          48114        7678       23846        2411       16589       37154
Swap:         24191           0       24191
Total:        72306        7678       48038

              total        used        free      shared  buff/cache   available
Mem:          48114        7680       23844        2411       16589       37152
Swap:         24191           0       24191
Total:        72306        7680       48036

              total        used        free      shared  buff/cache   available
Mem:          48114        7688       23836        2411       16589       37144
Swap:         24191           0       24191
Total:        72306        7688       48028

              total        used        free      shared  buff/cache   available
Mem:          48114        7687       23837        2411       16589       37145
Swap:         24191           0       24191
Total:        72306        7687       48029

              total        used        free      shared  buff/cache   available
Mem:          48114        7687       23836        2411       16589       37145
Swap:         24191           0       24191
Total:        72306        7687       48028

              total        used        free      shared  buff/cache   available
Mem:          48114        7686       23838        2411       16589       37146
Swap:         24191           0       24191
Total:        72306        7686       48030

              total        used        free      shared  buff/cache   available
Mem:          48114        7691       23832        2411       16590       37141
Swap:         24191           0       24191
Total:        72306        7691       48024

              total        used        free      shared  buff/cache   available
Mem:          48114        7690       23833        2411       16590       37142
Swap:         24191           0       24191
Total:        72306        7690       48025

              total        used        free      shared  buff/cache   available
Mem:          48114        7702       23821        2411       16590       37129
Swap:         24191           0       24191
Total:        72306        7702       48013

              total        used        free      shared  buff/cache   available
Mem:          48114        7710       23812        2411       16590       37121
Swap:         24191           0       24191
Total:        72306        7710       48004

              total        used        free      shared  buff/cache   available
Mem:          48114        7714       23808        2411       16590       37118
Swap:         24191           0       24191
Total:        72306        7714       48000

              total        used        free      shared  buff/cache   available
Mem:          48114        7718       23804        2411       16590       37114
Swap:         24191           0       24191
Total:        72306        7718       47996

              total        used        free      shared  buff/cache   available
Mem:          48114        7721       23801        2411       16591       37111
Swap:         24191           0       24191
Total:        72306        7721       47993

              total        used        free      shared  buff/cache   available
Mem:          48114        7725       23797        2411       16591       37106
Swap:         24191           0       24191
Total:        72306        7726       47988

              total        used        free      shared  buff/cache   available
Mem:          48114        7730       23792        2411       16591       37102
Swap:         24191           0       24191
Total:        72306        7730       47984

              total        used        free      shared  buff/cache   available
Mem:          48114        7732       23790        2411       16591       37100
Swap:         24191           0       24191
Total:        72306        7732       47982

              total        used        free      shared  buff/cache   available
Mem:          48114        7734       23787        2411       16591       37098
Swap:         24191           0       24191
Total:        72306        7734       47979

              total        used        free      shared  buff/cache   available
Mem:          48114        7739       23782        2411       16592       37092
Swap:         24191           0       24191
Total:        72306        7739       47974

              total        used        free      shared  buff/cache   available
Mem:          48114        7751       23770        2411       16592       37080
Swap:         24191           0       24191
Total:        72306        7751       47962

              total        used        free      shared  buff/cache   available
Mem:          48114        7748       23773        2411       16592       37083
Swap:         24191           0       24191
Total:        72306        7748       47965

              total        used        free      shared  buff/cache   available
Mem:          48114        7741       23780        2411       16592       37090
Swap:         24191           0       24191
Total:        72306        7741       47972

              total        used        free      shared  buff/cache   available
Mem:          48114        7754       23766        2411       16592       37077
Swap:         24191           0       24191
Total:        72306        7754       47958

              total        used        free      shared  buff/cache   available
Mem:          48114        7766       23753        2411       16594       37065
Swap:         24191           0       24191
Total:        72306        7766       47944

              total        used        free      shared  buff/cache   available
Mem:          48114        7755       23764        2411       16594       37077
Swap:         24191           0       24191
Total:        72306        7755       47956

              total        used        free      shared  buff/cache   available
Mem:          48114        7757       23761        2411       16594       37074
Swap:         24191           0       24191
Total:        72306        7757       47953

              total        used        free      shared  buff/cache   available
Mem:          48114        7755       23764        2411       16594       37077
Swap:         24191           0       24191
Total:        72306        7755       47956

              total        used        free      shared  buff/cache   available
Mem:          48114        7755       23763        2411       16594       37076
Swap:         24191           0       24191
Total:        72306        7755       47955

              total        used        free      shared  buff/cache   available
Mem:          48114        7746       23772        2411       16594       37085
Swap:         24191           0       24191
Total:        72306        7746       47964

              total        used        free      shared  buff/cache   available
Mem:          48114        7745       23773        2411       16595       37087
Swap:         24191           0       24191
Total:        72306        7745       47965

              total        used        free      shared  buff/cache   available
Mem:          48114        7746       23772        2411       16595       37085
Swap:         24191           0       24191
Total:        72306        7746       47964

              total        used        free      shared  buff/cache   available
Mem:          48114        7752       23766        2411       16595       37080
Swap:         24191           0       24191
Total:        72306        7752       47958

              total        used        free      shared  buff/cache   available
Mem:          48114        7752       23766        2411       16595       37080
Swap:         24191           0       24191
Total:        72306        7752       47958

              total        used        free      shared  buff/cache   available
Mem:          48114        7754       23764        2411       16595       37078
Swap:         24191           0       24191
Total:        72306        7754       47956

              total        used        free      shared  buff/cache   available
Mem:          48114        7752       23765        2411       16595       37079
Swap:         24191           0       24191
Total:        72306        7752       47957

              total        used        free      shared  buff/cache   available
Mem:          48114        7754       23764        2411       16595       37078
Swap:         24191           0       24191
Total:        72306        7754       47956

              total        used        free      shared  buff/cache   available
Mem:          48114        7749       23768        2411       16595       37083
Swap:         24191           0       24191
Total:        72306        7749       47960

              total        used        free      shared  buff/cache   available
Mem:          48114        7753       23764        2411       16596       37079
Swap:         24191           0       24191
Total:        72306        7753       47956

              total        used        free      shared  buff/cache   available
Mem:          48114        7747       23770        2411       16596       37084
Swap:         24191           0       24191
Total:        72306        7747       47962

              total        used        free      shared  buff/cache   available
Mem:          48114        7747       23770        2411       16596       37085
Swap:         24191           0       24191
Total:        72306        7747       47962

              total        used        free      shared  buff/cache   available
Mem:          48114        7742       23775        2411       16596       37089
Swap:         24191           0       24191
Total:        72306        7742       47966

              total        used        free      shared  buff/cache   available
Mem:          48114        7741       23776        2411       16596       37091
Swap:         24191           0       24191
Total:        72306        7741       47968

              total        used        free      shared  buff/cache   available
Mem:          48114        7739       23777        2411       16596       37092
Swap:         24191           0       24191
Total:        72306        7739       47969

              total        used        free      shared  buff/cache   available
Mem:          48114        7740       23776        2411       16597       37091
Swap:         24191           0       24191
Total:        72306        7740       47968

              total        used        free      shared  buff/cache   available
Mem:          48114        7742       23774        2411       16597       37089
Swap:         24191           0       24191
Total:        72306        7743       47966

              total        used        free      shared  buff/cache   available
Mem:          48114        7739       23777        2411       16597       37093
Swap:         24191           0       24191
Total:        72306        7739       47969

              total        used        free      shared  buff/cache   available
Mem:          48114        7739       23776        2411       16597       37092
Swap:         24191           0       24191
Total:        72306        7740       47968

              total        used        free      shared  buff/cache   available
Mem:          48114        7738       23778        2411       16597       37094
Swap:         24191           0       24191
Total:        72306        7738       47970

              total        used        free      shared  buff/cache   available
Mem:          48114        7737       23779        2411       16597       37095
Swap:         24191           0       24191
Total:        72306        7737       47971

              total        used        free      shared  buff/cache   available
Mem:          48114        7739       23776        2411       16597       37092
Swap:         24191           0       24191
Total:        72306        7740       47968

              total        used        free      shared  buff/cache   available
Mem:          48114        7738       23777        2411       16597       37093
Swap:         24191           0       24191
Total:        72306        7738       47969

              total        used        free      shared  buff/cache   available
Mem:          48114        7739       23777        2411       16597       37093
Swap:         24191           0       24191
Total:        72306        7739       47969

              total        used        free      shared  buff/cache   available
Mem:          48114        7738       23777        2411       16598       37093
Swap:         24191           0       24191
Total:        72306        7738       47969

              total        used        free      shared  buff/cache   available
Mem:          48114        7737       23778        2411       16598       37095
Swap:         24191           0       24191
Total:        72306        7737       47970

              total        used        free      shared  buff/cache   available
Mem:          48114        7737       23778        2411       16598       37094
Swap:         24191           0       24191
Total:        72306        7737       47970

              total        used        free      shared  buff/cache   available
Mem:          48114        7737       23778        2411       16598       37095
Swap:         24191           0       24191
Total:        72306        7737       47970

              total        used        free      shared  buff/cache   available
Mem:          48114        7738       23777        2411       16598       37094
Swap:         24191           0       24191
Total:        72306        7738       47969

              total        used        free      shared  buff/cache   available
Mem:          48114        7735       23780        2411       16598       37096
Swap:         24191           0       24191
Total:        72306        7735       47971

              total        used        free      shared  buff/cache   available
Mem:          48114        7735       23779        2411       16599       37096
Swap:         24191           0       24191
Total:        72306        7735       47971

              total        used        free      shared  buff/cache   available
Mem:          48114        7734       23780        2411       16598       37097
Swap:         24191           0       24191
Total:        72306        7734       47972

              total        used        free      shared  buff/cache   available
Mem:          48114        7733       23781        2411       16599       37099
Swap:         24191           0       24191
Total:        72306        7733       47973

              total        used        free      shared  buff/cache   available
Mem:          48114        7736       23778        2411       16599       37095
Swap:         24191           0       24191
Total:        72306        7736       47970

              total        used        free      shared  buff/cache   available
Mem:          48114        7735       23779        2411       16599       37097
Swap:         24191           0       24191
Total:        72306        7735       47971

              total        used        free      shared  buff/cache   available
Mem:          48114        7735       23779        2411       16599       37097
Swap:         24191           0       24191
Total:        72306        7735       47971

              total        used        free      shared  buff/cache   available
Mem:          48114        7733       23781        2411       16599       37099
Swap:         24191           0       24191
Total:        72306        7733       47973

              total        used        free      shared  buff/cache   available
Mem:          48114        7734       23779        2411       16599       37097
Swap:         24191           0       24191
Total:        72306        7734       47971

              total        used        free      shared  buff/cache   available
Mem:          48114        7735       23778        2411       16599       37096
Swap:         24191           0       24191
Total:        72306        7735       47970

              total        used        free      shared  buff/cache   available
Mem:          48114        7735       23778        2411       16600       37096
Swap:         24191           0       24191
Total:        72306        7735       47970

              total        used        free      shared  buff/cache   available
Mem:          48114        7737       23776        2411       16600       37095
Swap:         24191           0       24191
Total:        72306        7737       47968

              total        used        free      shared  buff/cache   available
Mem:          48114        7737       23776        2411       16600       37094
Swap:         24191           0       24191
Total:        72306        7737       47968

              total        used        free      shared  buff/cache   available
Mem:          48114        7737       23776        2411       16600       37095
Swap:         24191           0       24191
Total:        72306        7737       47968

              total        used        free      shared  buff/cache   available
Mem:          48114        7736       23777        2411       16600       37095
Swap:         24191           0       24191
Total:        72306        7736       47968

              total        used        free      shared  buff/cache   available
Mem:          48114        7737       23776        2411       16600       37095
Swap:         24191           0       24191
Total:        72306        7737       47968

              total        used        free      shared  buff/cache   available
Mem:          48114        7738       23774        2411       16600       37093
Swap:         24191           0       24191
Total:        72306        7738       47966

              total        used        free      shared  buff/cache   available
Mem:          48114        7737       23776        2411       16600       37095
Swap:         24191           0       24191
Total:        72306        7737       47968

              total        used        free      shared  buff/cache   available
Mem:          48114        7739       23773        2411       16601       37093
Swap:         24191           0       24191
Total:        72306        7739       47965

              total        used        free      shared  buff/cache   available
Mem:          48114        7741       23771        2411       16601       37091
Swap:         24191           0       24191
Total:        72306        7741       47963

              total        used        free      shared  buff/cache   available
Mem:          48114        7744       23768        2411       16601       37088
Swap:         24191           0       24191
Total:        72306        7744       47960

              total        used        free      shared  buff/cache   available
Mem:          48114        7741       23770        2411       16601       37090
Swap:         24191           0       24191
Total:        72306        7741       47962

              total        used        free      shared  buff/cache   available
Mem:          48114        7740       23771        2411       16601       37091
Swap:         24191           0       24191
Total:        72306        7740       47963

              total        used        free      shared  buff/cache   available
Mem:          48114        7741       23770        2411       16601       37090
Swap:         24191           0       24191
Total:        72306        7742       47962

              total        used        free      shared  buff/cache   available
Mem:          48114        7742       23770        2411       16602       37090
Swap:         24191           0       24191
Total:        72306        7742       47961

              total        used        free      shared  buff/cache   available
Mem:          48114        7756       23755        2411       16602       37075
Swap:         24191           0       24191
Total:        72306        7756       47947

              total        used        free      shared  buff/cache   available
Mem:          48114        7746       23765        2411       16602       37085
Swap:         24191           0       24191
Total:        72306        7746       47957

              total        used        free      shared  buff/cache   available
Mem:          48114        7742       23769        2411       16602       37089
Swap:         24191           0       24191
Total:        72306        7742       47961

              total        used        free      shared  buff/cache   available
Mem:          48114        7742       23769        2411       16602       37090
Swap:         24191           0       24191
Total:        72306        7742       47961

              total        used        free      shared  buff/cache   available
Mem:          48114        7741       23770        2411       16602       37091
Swap:         24191           0       24191
Total:        72306        7741       47962

              total        used        free      shared  buff/cache   available
Mem:          48114        7743       23768        2411       16602       37089
Swap:         24191           0       24191
Total:        72306        7743       47960

              total        used        free      shared  buff/cache   available
Mem:          48114        7740       23770        2411       16602       37091
Swap:         24191           0       24191
Total:        72306        7741       47962

              total        used        free      shared  buff/cache   available
Mem:          48114        7743       23768        2411       16602       37089
Swap:         24191           0       24191
Total:        72306        7743       47959

              total        used        free      shared  buff/cache   available
Mem:          48114        7743       23768        2411       16603       37089
Swap:         24191           0       24191
Total:        72306        7743       47960

              total        used        free      shared  buff/cache   available
Mem:          48114        7741       23769        2411       16603       37090
Swap:         24191           0       24191
Total:        72306        7741       47961

              total        used        free      shared  buff/cache   available
Mem:          48114        7741       23769        2411       16603       37090
Swap:         24191           0       24191
Total:        72306        7742       47960

              total        used        free      shared  buff/cache   available
Mem:          48114        7742       23768        2411       16603       37089
Swap:         24191           0       24191
Total:        72306        7742       47960

              total        used        free      shared  buff/cache   available
Mem:          48114        7743       23767        2411       16603       37089
Swap:         24191           0       24191
Total:        72306        7743       47959

              total        used        free      shared  buff/cache   available
Mem:          48114        7744       23765        2411       16603       37087
Swap:         24191           0       24191
Total:        72306        7745       47957

              total        used        free      shared  buff/cache   available
Mem:          48114        7742       23767        2411       16603       37089
Swap:         24191           0       24191
Total:        72306        7742       47959

              total        used        free      shared  buff/cache   available
Mem:          48114        7740       23769        2411       16604       37091
Swap:         24191           0       24191
Total:        72306        7740       47961

              total        used        free      shared  buff/cache   available
Mem:          48114        7742       23767        2411       16604       37089
Swap:         24191           0       24191
Total:        72306        7742       47959

              total        used        free      shared  buff/cache   available
Mem:          48114        7742       23767        2411       16604       37089
Swap:         24191           0       24191
Total:        72306        7742       47959

              total        used        free      shared  buff/cache   available
Mem:          48114        7742       23767        2411       16604       37090
Swap:         24191           0       24191
Total:        72306        7742       47959

              total        used        free      shared  buff/cache   available
Mem:          48114        7742       23766        2411       16604       37089
Swap:         24191           0       24191
Total:        72306        7742       47958

              total        used        free      shared  buff/cache   available
Mem:          48114        7742       23766        2411       16604       37089
Swap:         24191           0       24191
Total:        72306        7742       47958

              total        used        free      shared  buff/cache   available
Mem:          48114        7740       23768        2411       16604       37091
Swap:         24191           0       24191
Total:        72306        7741       47960

              total        used        free      shared  buff/cache   available
Mem:          48114        7743       23765        2411       16605       37089
Swap:         24191           0       24191
Total:        72306        7743       47957

              total        used        free      shared  buff/cache   available
Mem:          48114        7742       23767        2411       16605       37090
Swap:         24191           0       24191
Total:        72306        7742       47959

              total        used        free      shared  buff/cache   available
Mem:          48114        7741       23767        2411       16605       37090
Swap:         24191           0       24191
Total:        72306        7741       47959

              total        used        free      shared  buff/cache   available
Mem:          48114        7741       23766        2411       16605       37090
Swap:         24191           0       24191
Total:        72306        7742       47958

              total        used        free      shared  buff/cache   available
Mem:          48114        7741       23766        2411       16605       37090
Swap:         24191           0       24191
Total:        72306        7741       47958

              total        used        free      shared  buff/cache   available
Mem:          48114        7741       23766        2411       16605       37090
Swap:         24191           0       24191
Total:        72306        7741       47958

              total        used        free      shared  buff/cache   available
Mem:          48114        7743       23765        2411       16605       37088
Swap:         24191           0       24191
Total:        72306        7743       47956

              total        used        free      shared  buff/cache   available
Mem:          48114        7742       23765        2411       16606       37089
Swap:         24191           0       24191
Total:        72306        7742       47957

              total        used        free      shared  buff/cache   available
Mem:          48114        7741       23766        2411       16606       37090
Swap:         24191           0       24191
Total:        72306        7741       47958

              total        used        free      shared  buff/cache   available
Mem:          48114        7743       23764        2411       16606       37089
Swap:         24191           0       24191
Total:        72306        7743       47956

              total        used        free      shared  buff/cache   available
Mem:          48114        7742       23765        2411       16606       37090
Swap:         24191           0       24191
Total:        72306        7742       47957

              total        used        free      shared  buff/cache   available
Mem:          48114        7741       23765        2411       16606       37090
Swap:         24191           0       24191
Total:        72306        7741       47957

              total        used        free      shared  buff/cache   available
Mem:          48114        7743       23763        2411       16606       37088
Swap:         24191           0       24191
Total:        72306        7743       47955

              total        used        free      shared  buff/cache   available
Mem:          48114        7742       23764        2411       16606       37089
Swap:         24191           0       24191
Total:        72306        7742       47956

              total        used        free      shared  buff/cache   available
Mem:          48114        7741       23765        2411       16607       37090
Swap:         24191           0       24191
Total:        72306        7741       47957

              total        used        free      shared  buff/cache   available
Mem:          48114        7739       23767        2411       16607       37092
Swap:         24191           0       24191
Total:        72306        7739       47959

              total        used        free      shared  buff/cache   available
Mem:          48114        7743       23763        2411       16607       37088
Swap:         24191           0       24191
Total:        72306        7743       47955

              total        used        free      shared  buff/cache   available
Mem:          48114        7741       23765        2411       16607       37090
Swap:         24191           0       24191
Total:        72306        7741       47956

              total        used        free      shared  buff/cache   available
Mem:          48114        7742       23763        2411       16607       37089
Swap:         24191           0       24191
Total:        72306        7742       47955

              total        used        free      shared  buff/cache   available
Mem:          48114        7743       23763        2411       16607       37089
Swap:         24191           0       24191
Total:        72306        7743       47955

              total        used        free      shared  buff/cache   available
Mem:          48114        7743       23763        2411       16607       37089
Swap:         24191           0       24191
Total:        72306        7743       47955

              total        used        free      shared  buff/cache   available
Mem:          48114        7742       23764        2411       16608       37090
Swap:         24191           0       24191
Total:        72306        7742       47956

              total        used        free      shared  buff/cache   available
Mem:          48114        7741       23764        2411       16608       37090
Swap:         24191           0       24191
Total:        72306        7741       47956

              total        used        free      shared  buff/cache   available
Mem:          48114        7743       23762        2411       16608       37089
Swap:         24191           0       24191
Total:        72306        7743       47954

              total        used        free      shared  buff/cache   available
Mem:          48114        7741       23764        2411       16608       37090
Swap:         24191           0       24191
Total:        72306        7741       47956

              total        used        free      shared  buff/cache   available
Mem:          48114        7743       23762        2411       16608       37088
Swap:         24191           0       24191
Total:        72306        7743       47954

              total        used        free      shared  buff/cache   available
Mem:          48114        7742       23763        2411       16608       37089
Swap:         24191           0       24191
Total:        72306        7742       47955

              total        used        free      shared  buff/cache   available
Mem:          48114        7744       23761        2411       16608       37087
Swap:         24191           0       24191
Total:        72306        7744       47953

              total        used        free      shared  buff/cache   available
Mem:          48114        7741       23763        2411       16608       37090
Swap:         24191           0       24191
Total:        72306        7741       47955

              total        used        free      shared  buff/cache   available
Mem:          48114        7742       23762        2411       16609       37089
Swap:         24191           0       24191
Total:        72306        7742       47954

              total        used        free      shared  buff/cache   available
Mem:          48114        7740       23764        2411       16609       37091
Swap:         24191           0       24191
Total:        72306        7740       47956

              total        used        free      shared  buff/cache   available
Mem:          48114        7743       23761        2411       16609       37088
Swap:         24191           0       24191
Total:        72306        7743       47953

              total        used        free      shared  buff/cache   available
Mem:          48114        7740       23764        2411       16609       37091
Swap:         24191           0       24191
Total:        72306        7740       47956

              total        used        free      shared  buff/cache   available
Mem:          48114        7741       23762        2411       16609       37090
Swap:         24191           0       24191
Total:        72306        7742       47954

              total        used        free      shared  buff/cache   available
Mem:          48114        7739       23765        2411       16609       37093
Swap:         24191           0       24191
Total:        72306        7739       47957

              total        used        free      shared  buff/cache   available
Mem:          48114        7740       23763        2411       16609       37091
Swap:         24191           0       24191
Total:        72306        7740       47955

              total        used        free      shared  buff/cache   available
Mem:          48114        7741       23763        2411       16610       37091
Swap:         24191           0       24191
Total:        72306        7741       47955

              total        used        free      shared  buff/cache   available
Mem:          48114        7743       23761        2411       16610       37089
Swap:         24191           0       24191
Total:        72306        7743       47953

              total        used        free      shared  buff/cache   available
Mem:          48114        7772       23732        2411       16610       37060
Swap:         24191           0       24191
Total:        72306        7772       47923

              total        used        free      shared  buff/cache   available
Mem:          48114        7753       23749        2411       16610       37078
Swap:         24191           0       24191
Total:        72306        7754       47941

              total        used        free      shared  buff/cache   available
Mem:          48114        7743       23760        2411       16610       37088
Swap:         24191           0       24191
Total:        72306        7743       47952

              total        used        free      shared  buff/cache   available
Mem:          48114        7743       23759        2411       16610       37088
Swap:         24191           0       24191
Total:        72306        7743       47951

              total        used        free      shared  buff/cache   available
Mem:          48114        7741       23761        2411       16610       37090
Swap:         24191           0       24191
Total:        72306        7741       47953

              total        used        free      shared  buff/cache   available
Mem:          48114        7740       23763        2411       16610       37092
Swap:         24191           0       24191
Total:        72306        7740       47955

              total        used        free      shared  buff/cache   available
Mem:          48114        7738       23764        2411       16611       37093
Swap:         24191           0       24191
Total:        72306        7738       47956

              total        used        free      shared  buff/cache   available
Mem:          48114        7737       23765        2411       16611       37094
Swap:         24191           0       24191
Total:        72306        7737       47957

              total        used        free      shared  buff/cache   available
Mem:          48114        7734       23768        2411       16611       37098
Swap:         24191           0       24191
Total:        72306        7734       47960

              total        used        free      shared  buff/cache   available
Mem:          48114        7737       23765        2411       16611       37095
Swap:         24191           0       24191
Total:        72306        7737       47957

              total        used        free      shared  buff/cache   available
Mem:          48114        7735       23767        2411       16611       37096
Swap:         24191           0       24191
Total:        72306        7735       47959

              total        used        free      shared  buff/cache   available
Mem:          48114        7736       23765        2411       16611       37095
Swap:         24191           0       24191
Total:        72306        7736       47957

              total        used        free      shared  buff/cache   available
Mem:          48114        7735       23766        2411       16611       37096
Swap:         24191           0       24191
Total:        72306        7735       47958

              total        used        free      shared  buff/cache   available
Mem:          48114        7738       23764        2411       16611       37094
Swap:         24191           0       24191
Total:        72306        7738       47956

              total        used        free      shared  buff/cache   available
Mem:          48114        7737       23764        2411       16612       37094
Swap:         24191           0       24191
Total:        72306        7737       47956

              total        used        free      shared  buff/cache   available
Mem:          48114        7733       23767        2411       16612       37098
Swap:         24191           0       24191
Total:        72306        7734       47959

              total        used        free      shared  buff/cache   available
Mem:          48114        7734       23767        2411       16612       37097
Swap:         24191           0       24191
Total:        72306        7734       47959

              total        used        free      shared  buff/cache   available
Mem:          48114        7732       23769        2411       16612       37099
Swap:         24191           0       24191
Total:        72306        7732       47961

              total        used        free      shared  buff/cache   available
Mem:          48114        7733       23768        2411       16612       37098
Swap:         24191           0       24191
Total:        72306        7733       47960

              total        used        free      shared  buff/cache   available
Mem:          48114        7735       23765        2411       16612       37096
Swap:         24191           0       24191
Total:        72306        7735       47957

              total        used        free      shared  buff/cache   available
Mem:          48114        7732       23768        2411       16612       37099
Swap:         24191           0       24191
Total:        72306        7732       47960

              total        used        free      shared  buff/cache   available
Mem:          48114        7733       23767        2411       16613       37098
Swap:         24191           0       24191
Total:        72306        7733       47959

              total        used        free      shared  buff/cache   available
Mem:          48114        7734       23766        2411       16613       37097
Swap:         24191           0       24191
Total:        72306        7734       47958

              total        used        free      shared  buff/cache   available
Mem:          48114        7733       23766        2411       16613       37098
Swap:         24191           0       24191
Total:        72306        7733       47958

              total        used        free      shared  buff/cache   available
Mem:          48114        7734       23766        2411       16613       37097
Swap:         24191           0       24191
Total:        72306        7734       47958

              total        used        free      shared  buff/cache   available
Mem:          48114        7736       23764        2411       16613       37095
Swap:         24191           0       24191
Total:        72306        7736       47955

              total        used        free      shared  buff/cache   available
Mem:          48114        7734       23765        2411       16613       37097
Swap:         24191           0       24191
Total:        72306        7734       47957

              total        used        free      shared  buff/cache   available
Mem:          48114        7737       23763        2411       16613       37095
Swap:         24191           0       24191
Total:        72306        7737       47955

              total        used        free      shared  buff/cache   available
Mem:          48114        7735       23764        2411       16614       37096
Swap:         24191           0       24191
Total:        72306        7735       47956

              total        used        free      shared  buff/cache   available
Mem:          48114        7737       23762        2411       16614       37094
Swap:         24191           0       24191
Total:        72306        7737       47954

              total        used        free      shared  buff/cache   available
Mem:          48114        7735       23764        2411       16614       37096
Swap:         24191           0       24191
Total:        72306        7735       47956

              total        used        free      shared  buff/cache   available
Mem:          48114        7735       23764        2411       16614       37096
Swap:         24191           0       24191
Total:        72306        7735       47956

              total        used        free      shared  buff/cache   available
Mem:          48114        7736       23763        2411       16614       37096
Swap:         24191           0       24191
Total:        72306        7736       47955

              total        used        free      shared  buff/cache   available
Mem:          48114        7735       23764        2411       16614       37097
Swap:         24191           0       24191
Total:        72306        7735       47956

              total        used        free      shared  buff/cache   available
Mem:          48114        7733       23766        2411       16614       37098
Swap:         24191           0       24191
Total:        72306        7733       47958

              total        used        free      shared  buff/cache   available
Mem:          48114        7735       23763        2411       16614       37096
Swap:         24191           0       24191
Total:        72306        7735       47955

              total        used        free      shared  buff/cache   available
Mem:          48114        7735       23764        2411       16614       37097
Swap:         24191           0       24191
Total:        72306        7735       47956

              total        used        free      shared  buff/cache   available
Mem:          48114        7734       23764        2411       16615       37097
Swap:         24191           0       24191
Total:        72306        7734       47956

              total        used        free      shared  buff/cache   available
Mem:          48114        7734       23764        2411       16615       37097
Swap:         24191           0       24191
Total:        72306        7734       47956

              total        used        free      shared  buff/cache   available
Mem:          48114        7737       23761        2411       16615       37095
Swap:         24191           0       24191
Total:        72306        7737       47953

              total        used        free      shared  buff/cache   available
Mem:          48114        7733       23765        2411       16615       37098
Swap:         24191           0       24191
Total:        72306        7733       47957

              total        used        free      shared  buff/cache   available
Mem:          48114        7736       23762        2411       16615       37096
Swap:         24191           0       24191
Total:        72306        7736       47954

              total        used        free      shared  buff/cache   available
Mem:          48114        7734       23764        2411       16615       37097
Swap:         24191           0       24191
Total:        72306        7734       47955

              total        used        free      shared  buff/cache   available
Mem:          48114        7736       23761        2411       16615       37095
Swap:         24191           0       24191
Total:        72306        7736       47953

              total        used        free      shared  buff/cache   available
Mem:          48114        7736       23762        2411       16615       37096
Swap:         24191           0       24191
Total:        72306        7736       47954

              total        used        free      shared  buff/cache   available
Mem:          48114        7735       23763        2411       16616       37097
Swap:         24191           0       24191
Total:        72306        7735       47955

              total        used        free      shared  buff/cache   available
Mem:          48114        7734       23763        2411       16616       37097
Swap:         24191           0       24191
Total:        72306        7734       47955

              total        used        free      shared  buff/cache   available
Mem:          48114        7732       23765        2411       16616       37099
Swap:         24191           0       24191
Total:        72306        7732       47957

              total        used        free      shared  buff/cache   available
Mem:          48114        7732       23765        2411       16616       37099
Swap:         24191           0       24191
Total:        72306        7732       47956

              total        used        free      shared  buff/cache   available
Mem:          48114        7736       23761        2411       16616       37096
Swap:         24191           0       24191
Total:        72306        7736       47953

              total        used        free      shared  buff/cache   available
Mem:          48114        7733       23763        2411       16616       37098
Swap:         24191           0       24191
Total:        72306        7733       47955

              total        used        free      shared  buff/cache   available
Mem:          48114        7734       23762        2411       16616       37097
Swap:         24191           0       24191
Total:        72306        7734       47954

              total        used        free      shared  buff/cache   available
Mem:          48114        7735       23761        2411       16616       37096
Swap:         24191           0       24191
Total:        72306        7735       47953

              total        used        free      shared  buff/cache   available
Mem:          48114        7736       23761        2411       16617       37096
Swap:         24191           0       24191
Total:        72306        7736       47953

              total        used        free      shared  buff/cache   available
Mem:          48114        7737       23760        2411       16617       37095
Swap:         24191           0       24191
Total:        72306        7737       47952

              total        used        free      shared  buff/cache   available
Mem:          48114        7735       23762        2411       16617       37097
Swap:         24191           0       24191
Total:        72306        7735       47953

              total        used        free      shared  buff/cache   available
Mem:          48114        7735       23761        2411       16617       37096
Swap:         24191           0       24191
Total:        72306        7735       47953

              total        used        free      shared  buff/cache   available
Mem:          48114        7735       23760        2411       16617       37096
Swap:         24191           0       24191
Total:        72306        7735       47952

              total        used        free      shared  buff/cache   available
Mem:          48114        7734       23761        2411       16617       37097
Swap:         24191           0       24191
Total:        72306        7734       47953

              total        used        free      shared  buff/cache   available
Mem:          48114        7735       23760        2411       16617       37096
Swap:         24191           0       24191
Total:        72306        7735       47952

              total        used        free      shared  buff/cache   available
Mem:          48114        7767       23728        2411       16617       37064
Swap:         24191           0       24191
Total:        72306        7767       47920

              total        used        free      shared  buff/cache   available
Mem:          48114        7744       23751        2411       16618       37087
Swap:         24191           0       24191
Total:        72306        7744       47943

              total        used        free      shared  buff/cache   available
Mem:          48114        7734       23761        2411       16618       37097
Swap:         24191           0       24191
Total:        72306        7734       47953

              total        used        free      shared  buff/cache   available
Mem:          48114        7734       23761        2411       16618       37098
Swap:         24191           0       24191
Total:        72306        7734       47953

              total        used        free      shared  buff/cache   available
Mem:          48114        7734       23761        2411       16618       37097
Swap:         24191           0       24191
Total:        72306        7734       47953

              total        used        free      shared  buff/cache   available
Mem:          48114        7735       23759        2411       16618       37096
Swap:         24191           0       24191
Total:        72306        7736       47951

              total        used        free      shared  buff/cache   available
Mem:          48114        7734       23761        2411       16618       37097
Swap:         24191           0       24191
Total:        72306        7734       47953

              total        used        free      shared  buff/cache   available
Mem:          48114        7735       23759        2411       16618       37096
Swap:         24191           0       24191
Total:        72306        7735       47951

              total        used        free      shared  buff/cache   available
Mem:          48114        7734       23760        2411       16618       37097
Swap:         24191           0       24191
Total:        72306        7734       47952

              total        used        free      shared  buff/cache   available
Mem:          48114        7734       23760        2411       16618       37097
Swap:         24191           0       24191
Total:        72306        7734       47952

              total        used        free      shared  buff/cache   available
Mem:          48114        7733       23761        2411       16619       37098
Swap:         24191           0       24191
Total:        72306        7733       47953

              total        used        free      shared  buff/cache   available
Mem:          48114        7736       23758        2411       16619       37095
Swap:         24191           0       24191
Total:        72306        7736       47950

              total        used        free      shared  buff/cache   available
Mem:          48114        7734       23760        2411       16619       37097
Swap:         24191           0       24191
Total:        72306        7734       47952

              total        used        free      shared  buff/cache   available
Mem:          48114        7735       23759        2411       16619       37096
Swap:         24191           0       24191
Total:        72306        7735       47951

              total        used        free      shared  buff/cache   available
Mem:          48114        7735       23759        2411       16619       37097
Swap:         24191           0       24191
Total:        72306        7735       47951

              total        used        free      shared  buff/cache   available
Mem:          48114        7735       23759        2411       16619       37096
Swap:         24191           0       24191
Total:        72306        7735       47951

              total        used        free      shared  buff/cache   available
Mem:          48114        7736       23758        2411       16619       37095
Swap:         24191           0       24191
Total:        72306        7736       47949

              total        used        free      shared  buff/cache   available
Mem:          48114        7735       23758        2411       16619       37096
Swap:         24191           0       24191
Total:        72306        7735       47950

              total        used        free      shared  buff/cache   available
Mem:          48114        7735       23758        2411       16620       37096
Swap:         24191           0       24191
Total:        72306        7735       47950

              total        used        free      shared  buff/cache   available
Mem:          48114        7735       23758        2411       16620       37096
Swap:         24191           0       24191
Total:        72306        7735       47950

              total        used        free      shared  buff/cache   available
Mem:          48114        7735       23758        2411       16620       37096
Swap:         24191           0       24191
Total:        72306        7735       47950

              total        used        free      shared  buff/cache   available
Mem:          48114        7736       23758        2411       16620       37096
Swap:         24191           0       24191
Total:        72306        7736       47950

              total        used        free      shared  buff/cache   available
Mem:          48114        7736       23757        2411       16620       37096
Swap:         24191           0       24191
Total:        72306        7736       47949

              total        used        free      shared  buff/cache   available
Mem:          48114        7733       23760        2411       16620       37098
Swap:         24191           0       24191
Total:        72306        7733       47952

              total        used        free      shared  buff/cache   available
Mem:          48114        7734       23758        2411       16620       37097
Swap:         24191           0       24191
Total:        72306        7734       47950

              total        used        free      shared  buff/cache   available
Mem:          48114        7735       23757        2411       16620       37096
Swap:         24191           0       24191
Total:        72306        7735       47949

              total        used        free      shared  buff/cache   available
Mem:          48114        7735       23758        2411       16620       37097
Swap:         24191           0       24191
Total:        72306        7735       47950

              total        used        free      shared  buff/cache   available
Mem:          48114        7733       23759        2411       16620       37098
Swap:         24191           0       24191
Total:        72306        7733       47951

              total        used        free      shared  buff/cache   available
Mem:          48114        7736       23757        2411       16620       37096
Swap:         24191           0       24191
Total:        72306        7736       47949

              total        used        free      shared  buff/cache   available
Mem:          48114        7735       23757        2411       16621       37097
Swap:         24191           0       24191
Total:        72306        7735       47949

              total        used        free      shared  buff/cache   available
Mem:          48114        7734       23758        2411       16621       37097
Swap:         24191           0       24191
Total:        72306        7734       47950

              total        used        free      shared  buff/cache   available
Mem:          48114        7735       23757        2411       16621       37097
Swap:         24191           0       24191
Total:        72306        7735       47949

              total        used        free      shared  buff/cache   available
Mem:          48114        7736       23755        2411       16621       37095
Swap:         24191           0       24191
Total:        72306        7737       47947

              total        used        free      shared  buff/cache   available
Mem:          48114        7737       23754        2411       16621       37094
Swap:         24191           0       24191
Total:        72306        7737       47946

              total        used        free      shared  buff/cache   available
Mem:          48114        7736       23756        2411       16621       37096
Swap:         24191           0       24191
Total:        72306        7736       47948

              total        used        free      shared  buff/cache   available
Mem:          48114        7738       23754        2411       16621       37094
Swap:         24191           0       24191
Total:        72306        7738       47946

              total        used        free      shared  buff/cache   available
Mem:          48114        7738       23753        2411       16621       37093
Swap:         24191           0       24191
Total:        72306        7738       47945

              total        used        free      shared  buff/cache   available
Mem:          48114        7738       23753        2411       16622       37093
Swap:         24191           0       24191
Total:        72306        7738       47945

              total        used        free      shared  buff/cache   available
Mem:          48114        7737       23754        2411       16622       37095
Swap:         24191           0       24191
Total:        72306        7737       47946

              total        used        free      shared  buff/cache   available
Mem:          48114        7740       23751        2411       16622       37091
Swap:         24191           0       24191
Total:        72306        7740       47943

              total        used        free      shared  buff/cache   available
Mem:          48114        7737       23754        2411       16622       37094
Swap:         24191           0       24191
Total:        72306        7737       47946

              total        used        free      shared  buff/cache   available
Mem:          48114        7738       23753        2411       16622       37094
Swap:         24191           0       24191
Total:        72306        7738       47945

              total        used        free      shared  buff/cache   available
Mem:          48114        7738       23753        2411       16622       37094
Swap:         24191           0       24191
Total:        72306        7738       47945

              total        used        free      shared  buff/cache   available
Mem:          48114        7739       23751        2411       16622       37092
Swap:         24191           0       24191
Total:        72306        7739       47943

              total        used        free      shared  buff/cache   available
Mem:          48114        7737       23754        2411       16623       37095
Swap:         24191           0       24191
Total:        72306        7737       47945

              total        used        free      shared  buff/cache   available
Mem:          48114        7736       23754        2411       16623       37095
Swap:         24191           0       24191
Total:        72306        7736       47946

              total        used        free      shared  buff/cache   available
Mem:          48114        7736       23754        2411       16623       37096
Swap:         24191           0       24191
Total:        72306        7736       47946

              total        used        free      shared  buff/cache   available
Mem:          48114        7737       23753        2411       16623       37095
Swap:         24191           0       24191
Total:        72306        7737       47945

              total        used        free      shared  buff/cache   available
Mem:          48114        7735       23755        2411       16623       37097
Swap:         24191           0       24191
Total:        72306        7735       47947

              total        used        free      shared  buff/cache   available
Mem:          48114        7736       23754        2411       16623       37095
Swap:         24191           0       24191
Total:        72306        7736       47946

              total        used        free      shared  buff/cache   available
Mem:          48114        7736       23753        2411       16623       37095
Swap:         24191           0       24191
Total:        72306        7736       47945

              total        used        free      shared  buff/cache   available
Mem:          48114        7737       23752        2411       16624       37094
Swap:         24191           0       24191
Total:        72306        7737       47944

              total        used        free      shared  buff/cache   available
Mem:          48114        7738       23752        2411       16623       37094
Swap:         24191           0       24191
Total:        72306        7738       47944

              total        used        free      shared  buff/cache   available
Mem:          48114        7737       23753        2411       16624       37095
Swap:         24191           0       24191
Total:        72306        7737       47945

              total        used        free      shared  buff/cache   available
Mem:          48114        7736       23753        2411       16624       37095
Swap:         24191           0       24191
Total:        72306        7736       47945

              total        used        free      shared  buff/cache   available
Mem:          48114        7739       23750        2411       16624       37092
Swap:         24191           0       24191
Total:        72306        7739       47942

              total        used        free      shared  buff/cache   available
Mem:          48114        7739       23750        2411       16624       37092
Swap:         24191           0       24191
Total:        72306        7739       47942

              total        used        free      shared  buff/cache   available
Mem:          48114        7737       23751        2411       16624       37094
Swap:         24191           0       24191
Total:        72306        7737       47943

              total        used        free      shared  buff/cache   available
Mem:          48114        7737       23751        2411       16624       37094
Swap:         24191           0       24191
Total:        72306        7737       47943

              total        used        free      shared  buff/cache   available
Mem:          48114        7737       23752        2411       16624       37095
Swap:         24191           0       24191
Total:        72306        7737       47944

              total        used        free      shared  buff/cache   available
Mem:          48114        7736       23752        2411       16624       37095
Swap:         24191           0       24191
Total:        72306        7737       47944

              total        used        free      shared  buff/cache   available
Mem:          48114        7756       23732        2411       16625       37075
Swap:         24191           0       24191
Total:        72306        7756       47924

              total        used        free      shared  buff/cache   available
Mem:          48114        7748       23740        2411       16625       37083
Swap:         24191           0       24191
Total:        72306        7748       47932

              total        used        free      shared  buff/cache   available
Mem:          48114        7735       23752        2411       16625       37096
Swap:         24191           0       24191
Total:        72306        7735       47944

              total        used        free      shared  buff/cache   available
Mem:          48114        7738       23750        2411       16625       37093
Swap:         24191           0       24191
Total:        72306        7738       47942

              total        used        free      shared  buff/cache   available
Mem:          48114        7735       23752        2411       16625       37096
Swap:         24191           0       24191
Total:        72306        7735       47944

              total        used        free      shared  buff/cache   available
Mem:          48114        7736       23752        2411       16625       37095
Swap:         24191           0       24191
Total:        72306        7736       47944

              total        used        free      shared  buff/cache   available
Mem:          48114        7735       23752        2411       16626       37096
Swap:         24191           0       24191
Total:        72306        7735       47944

              total        used        free      shared  buff/cache   available
Mem:          48114        7735       23752        2411       16626       37096
Swap:         24191           0       24191
Total:        72306        7735       47944

              total        used        free      shared  buff/cache   available
Mem:          48114        7735       23752        2411       16626       37096
Swap:         24191           0       24191
Total:        72306        7736       47943

              total        used        free      shared  buff/cache   available
Mem:          48114        7736       23750        2411       16626       37094
Swap:         24191           0       24191
Total:        72306        7737       47942

              total        used        free      shared  buff/cache   available
Mem:          48114        7738       23749        2411       16626       37093
Swap:         24191           0       24191
Total:        72306        7738       47941

              total        used        free      shared  buff/cache   available
Mem:          48114        7737       23750        2411       16626       37094
Swap:         24191           0       24191
Total:        72306        7737       47942

              total        used        free      shared  buff/cache   available
Mem:          48114        7735       23751        2411       16626       37096
Swap:         24191           0       24191
Total:        72306        7735       47943

              total        used        free      shared  buff/cache   available
Mem:          48114        7737       23750        2411       16626       37094
Swap:         24191           0       24191
Total:        72306        7737       47941

              total        used        free      shared  buff/cache   available
Mem:          48114        7736       23751        2411       16626       37095
Swap:         24191           0       24191
Total:        72306        7736       47943

              total        used        free      shared  buff/cache   available
Mem:          48114        7737       23750        2411       16627       37095
Swap:         24191           0       24191
Total:        72306        7737       47942

              total        used        free      shared  buff/cache   available
Mem:          48114        7735       23751        2411       16627       37096
Swap:         24191           0       24191
Total:        72306        7735       47942

              total        used        free      shared  buff/cache   available
Mem:          48114        7736       23750        2411       16627       37095
Swap:         24191           0       24191
Total:        72306        7736       47942

              total        used        free      shared  buff/cache   available
Mem:          48114        7738       23747        2411       16627       37093
Swap:         24191           0       24191
Total:        72306        7739       47939

              total        used        free      shared  buff/cache   available
Mem:          48114        7738       23747        2411       16627       37093
Swap:         24191           0       24191
Total:        72306        7738       47939

              total        used        free      shared  buff/cache   available
Mem:          48114        7739       23747        2411       16627       37092
Swap:         24191           0       24191
Total:        72306        7739       47939

              total        used        free      shared  buff/cache   available
Mem:          48114        7738       23747        2411       16628       37093
Swap:         24191           0       24191
Total:        72306        7739       47939

              total        used        free      shared  buff/cache   available
Mem:          48114        7736       23749        2411       16628       37095
Swap:         24191           0       24191
Total:        72306        7736       47941

              total        used        free      shared  buff/cache   available
Mem:          48114        7738       23747        2411       16628       37093
Swap:         24191           0       24191
Total:        72306        7738       47939

              total        used        free      shared  buff/cache   available
Mem:          48114        7737       23747        2411       16628       37094
Swap:         24191           0       24191
Total:        72306        7737       47939

              total        used        free      shared  buff/cache   available
Mem:          48114        7738       23747        2411       16628       37093
Swap:         24191           0       24191
Total:        72306        7738       47939

              total        used        free      shared  buff/cache   available
Mem:          48114        7738       23746        2411       16628       37093
Swap:         24191           0       24191
Total:        72306        7738       47938

              total        used        free      shared  buff/cache   available
Mem:          48114        7737       23747        2411       16628       37094
Swap:         24191           0       24191
Total:        72306        7737       47939

              total        used        free      shared  buff/cache   available
Mem:          48114        7737       23747        2411       16628       37094
Swap:         24191           0       24191
Total:        72306        7737       47939

              total        used        free      shared  buff/cache   available
Mem:          48114        7734       23750        2411       16629       37097
Swap:         24191           0       24191
Total:        72306        7734       47942

              total        used        free      shared  buff/cache   available
Mem:          48114        7735       23749        2411       16629       37096
Swap:         24191           0       24191
Total:        72306        7735       47941

              total        used        free      shared  buff/cache   available
Mem:          48114        7738       23746        2411       16629       37093
Swap:         24191           0       24191
Total:        72306        7738       47938

              total        used        free      shared  buff/cache   available
Mem:          48114        7735       23749        2411       16629       37096
Swap:         24191           0       24191
Total:        72306        7735       47941

              total        used        free      shared  buff/cache   available
Mem:          48114        7737       23747        2411       16629       37094
Swap:         24191           0       24191
Total:        72306        7737       47939

              total        used        free      shared  buff/cache   available
Mem:          48114        7737       23747        2411       16629       37094
Swap:         24191           0       24191
Total:        72306        7737       47939

              total        used        free      shared  buff/cache   available
Mem:          48114        7737       23747        2411       16629       37094
Swap:         24191           0       24191
Total:        72306        7737       47939

              total        used        free      shared  buff/cache   available
Mem:          48114        7736       23747        2411       16630       37095
Swap:         24191           0       24191
Total:        72306        7736       47939

              total        used        free      shared  buff/cache   available
Mem:          48114        7737       23746        2411       16630       37094
Swap:         24191           0       24191
Total:        72306        7737       47938

              total        used        free      shared  buff/cache   available
Mem:          48114        7738       23745        2411       16630       37093
Swap:         24191           0       24191
Total:        72306        7738       47937

              total        used        free      shared  buff/cache   available
Mem:          48114        7737       23746        2411       16630       37094
Swap:         24191           0       24191
Total:        72306        7737       47938

              total        used        free      shared  buff/cache   available
Mem:          48114        7738       23745        2411       16630       37093
Swap:         24191           0       24191
Total:        72306        7738       47937

              total        used        free      shared  buff/cache   available
Mem:          48114        7737       23746        2411       16630       37094
Swap:         24191           0       24191
Total:        72306        7737       47938

              total        used        free      shared  buff/cache   available
Mem:          48114        7735       23747        2411       16630       37096
Swap:         24191           0       24191
Total:        72306        7735       47939

              total        used        free      shared  buff/cache   available
Mem:          48114        7736       23746        2411       16631       37094
Swap:         24191           0       24191
Total:        72306        7737       47938

              total        used        free      shared  buff/cache   available
Mem:          48114        7738       23744        2411       16631       37093
Swap:         24191           0       24191
Total:        72306        7738       47936

              total        used        free      shared  buff/cache   available
Mem:          48114        7737       23745        2411       16631       37094
Swap:         24191           0       24191
Total:        72306        7737       47937

              total        used        free      shared  buff/cache   available
Mem:          48114        7737       23745        2411       16631       37094
Swap:         24191           0       24191
Total:        72306        7737       47937

              total        used        free      shared  buff/cache   available
Mem:          48114        7737       23745        2411       16631       37094
Swap:         24191           0       24191
Total:        72306        7737       47937

              total        used        free      shared  buff/cache   available
Mem:          48114        7737       23744        2411       16631       37094
Swap:         24191           0       24191
Total:        72306        7738       47936

              total        used        free      shared  buff/cache   available
Mem:          48114        7737       23744        2411       16631       37094
Swap:         24191           0       24191
Total:        72306        7737       47936

              total        used        free      shared  buff/cache   available
Mem:          48114        7738       23744        2411       16631       37093
Swap:         24191           0       24191
Total:        72306        7738       47936

              total        used        free      shared  buff/cache   available
Mem:          48114        7736       23745        2411       16631       37095
Swap:         24191           0       24191
Total:        72306        7736       47937

              total        used        free      shared  buff/cache   available
Mem:          48114        7738       23743        2411       16631       37093
Swap:         24191           0       24191
Total:        72306        7738       47935

              total        used        free      shared  buff/cache   available
Mem:          48114        7737       23744        2411       16632       37094
Swap:         24191           0       24191
Total:        72306        7737       47936

              total        used        free      shared  buff/cache   available
Mem:          48114        7736       23745        2411       16632       37095
Swap:         24191           0       24191
Total:        72306        7736       47937

              total        used        free      shared  buff/cache   available
Mem:          48114        7736       23745        2411       16632       37095
Swap:         24191           0       24191
Total:        72306        7736       47937

              total        used        free      shared  buff/cache   available
Mem:          48114        7734       23747        2411       16632       37097
Swap:         24191           0       24191
Total:        72306        7734       47938

              total        used        free      shared  buff/cache   available
Mem:          48114        7736       23745        2411       16632       37095
Swap:         24191           0       24191
Total:        72306        7736       47937

              total        used        free      shared  buff/cache   available
Mem:          48114        7736       23745        2411       16632       37095
Swap:         24191           0       24191
Total:        72306        7736       47937

              total        used        free      shared  buff/cache   available
Mem:          48114        7737       23744        2411       16632       37094
Swap:         24191           0       24191
Total:        72306        7737       47936

              total        used        free      shared  buff/cache   available
Mem:          48114        7744       23736        2411       16632       37087
Swap:         24191           0       24191
Total:        72306        7744       47928

              total        used        free      shared  buff/cache   available
Mem:          48114        7735       23745        2411       16632       37096
Swap:         24191           0       24191
Total:        72306        7735       47937

              total        used        free      shared  buff/cache   available
Mem:          48114        7736       23744        2411       16632       37095
Swap:         24191           0       24191
Total:        72306        7736       47936

              total        used        free      shared  buff/cache   available
Mem:          48114        7734       23746        2411       16633       37097
Swap:         24191           0       24191
Total:        72306        7734       47938

              total        used        free      shared  buff/cache   available
Mem:          48114        7736       23744        2411       16633       37095
Swap:         24191           0       24191
Total:        72306        7736       47936

              total        used        free      shared  buff/cache   available
Mem:          48114        7733       23747        2411       16633       37098
Swap:         24191           0       24191
Total:        72306        7733       47939

              total        used        free      shared  buff/cache   available
Mem:          48114        7730       23750        2411       16633       37102
Swap:         24191           0       24191
Total:        72306        7730       47942

              total        used        free      shared  buff/cache   available
Mem:          48114        7723       23757        2411       16633       37108
Swap:         24191           0       24191
Total:        72306        7723       47949

              total        used        free      shared  buff/cache   available
Mem:          48114        7721       23759        2411       16633       37111
Swap:         24191           0       24191
Total:        72306        7721       47951
