09:38:21 PM      eth0     24.00     22.00      5.92      5.11      0.00      0.00      0.00
09:38:22 PM      eth0     38.00     34.00     10.69      8.87      0.00      0.00      0.00
09:38:23 PM      eth0     51.00     51.00     13.09     11.42      0.00      0.00      0.00
09:38:24 PM      eth0     19.00     13.00      5.06      3.83      0.00      0.00      0.00
09:38:25 PM      eth0     58.00     60.00     14.43     14.09      0.00      0.00      0.00
09:38:26 PM      eth0     25.00     21.00      6.49      5.04      0.00      0.00      0.00
09:38:27 PM      eth0     65.00     63.00     17.34     15.13      0.00      0.00      0.00
09:38:28 PM      eth0     24.00     21.00      5.92      5.04      0.00      0.00      0.00
09:38:29 PM      eth0     48.00     44.00     12.03     10.32      0.00      0.00      0.00
09:38:30 PM      eth0     27.00     27.00      6.47      7.06      0.00      0.00      0.00
09:38:31 PM      eth0     47.00     44.00     11.97     10.32      0.00      0.00      0.00
09:38:32 PM      eth0     40.00     40.00     11.17      9.85      0.00      0.00      0.00
09:38:33 PM      eth0     28.00     23.00      6.62      5.28      0.00      0.00      0.00
09:38:34 PM      eth0     63.00     60.00     17.03     14.77      0.00      0.00      0.00
09:38:35 PM      eth0     37.00     34.00      8.33      8.18      0.00      0.00      0.00
09:38:36 PM      eth0  49127.00 222979.00   5591.48 329593.26      0.00      0.00      0.00
09:38:37 PM      eth0  78087.00 389402.00   9230.90 575671.46      0.00      0.00      0.00
09:38:38 PM      eth0  98178.00 366871.00  11709.50 542367.96      0.00      0.00      0.00
09:38:39 PM      eth0 127113.00 357001.00  15189.29 527804.18      0.00      0.00      0.00
09:38:40 PM      eth0 156735.00 361096.00  18810.73 533824.88      0.00      0.00      0.00
09:38:41 PM      eth0 143523.00 293869.00  17643.85 434457.74      0.00      0.00      0.00
09:38:42 PM      eth0 152081.00 323503.00  18559.87 478254.68      0.00      0.00      0.00
09:38:43 PM      eth0 173591.00 317330.00  21592.44 469110.44      0.00      0.00      0.00
09:38:44 PM      eth0 164748.00 281352.00  20615.86 415953.44      0.00      0.00      0.00
09:38:45 PM      eth0 147814.00 229915.00  18599.92 339870.38      0.00      0.00      0.00
09:38:46 PM      eth0 161902.00 215979.00  20798.41 319282.83      0.00      0.00      0.00
09:38:47 PM      eth0 148414.00 198063.00  19223.14 292509.48      0.00      0.00      0.00
09:38:48 PM      eth0 141202.00 186513.00  18145.59 275709.13      0.00      0.00      0.00
09:38:49 PM      eth0 157357.00 197140.00  20472.38 291412.46      0.00      0.00      0.00
09:38:50 PM      eth0 164420.00 216555.00  20864.39 320165.32      0.00      0.00      0.00
09:38:51 PM      eth0 166173.00 207620.00  21583.92 306929.03      0.00      0.00      0.00
09:38:52 PM      eth0 174102.00 219043.00  22533.79 323781.56      0.00      0.00      0.00
09:38:53 PM      eth0 176917.00 220077.00  22865.54 325384.54      0.00      0.00      0.00
09:38:54 PM      eth0 179767.00 219297.00  23534.09 324198.05      0.00      0.00      0.00
09:38:55 PM      eth0 182455.00 219715.00  23888.32 324837.04      0.00      0.00      0.00
09:38:56 PM      eth0 179230.00 213592.00  23543.75 315790.72      0.00      0.00      0.00
09:38:57 PM      eth0 175378.00 208219.00  22986.37 307849.00      0.00      0.00      0.00
09:38:58 PM      eth0 183903.00 222590.00  23865.48 329096.17      0.00      0.00      0.00
09:38:59 PM      eth0 180241.00 215204.00  23638.27 318176.81      0.00      0.00      0.00
09:39:00 PM      eth0 177688.00 212889.00  23197.47 314734.90      0.00      0.00      0.00
09:39:01 PM      eth0 174119.00 207579.00  22937.41 306908.48      0.00      0.00      0.00
09:39:02 PM      eth0 166697.00 195607.00  21996.67 289179.73      0.00      0.00      0.00
09:39:03 PM      eth0 167836.00 197622.00  21949.89 292184.28      0.00      0.00      0.00
09:39:04 PM      eth0 162056.00 191298.00  21245.21 282831.99      0.00      0.00      0.00
09:39:05 PM      eth0 159699.00 187715.00  20984.73 277518.51      0.00      0.00      0.00
09:39:06 PM      eth0 169099.00 194887.00  22219.84 288138.77      0.00      0.00      0.00
09:39:07 PM      eth0 165655.00 191555.00  21854.93 283208.00      0.00      0.00      0.00
09:39:08 PM      eth0 160834.00 187784.00  21176.54 277639.66      0.00      0.00      0.00
09:39:09 PM      eth0 161470.00 188732.00  21220.33 279039.36      0.00      0.00      0.00
09:39:10 PM      eth0 160183.00 189777.00  20810.82 280549.75      0.00      0.00      0.00
09:39:11 PM      eth0 157108.00 180953.00  20811.82 267537.73      0.00      0.00      0.00
09:39:12 PM      eth0 193188.00 227994.00  25301.20 337085.51      0.00      0.00      0.00
09:39:13 PM      eth0 188226.00 225323.00  24810.82 333138.23      0.00      0.00      0.00
09:39:14 PM      eth0 191804.00 232539.00  25121.05 343802.48      0.00      0.00      0.00
09:39:15 PM      eth0 193455.00 229065.00  25510.48 338656.67      0.00      0.00      0.00
09:39:16 PM      eth0 202854.00 245268.00  26502.88 362619.05      0.00      0.00      0.00
09:39:17 PM      eth0 183277.00 220344.00  24075.81 325768.87      0.00      0.00      0.00
09:39:18 PM      eth0 183350.00 220369.00  23964.64 325813.46      0.00      0.00      0.00
09:39:19 PM      eth0 190397.00 229901.00  24728.07 339903.45      0.00      0.00      0.00
09:39:20 PM      eth0 182735.00 216994.00  24006.74 320822.41      0.00      0.00      0.00
09:39:21 PM      eth0 187280.00 223091.00  24478.17 329835.01      0.00      0.00      0.00
09:39:22 PM      eth0 176984.00 208097.00  23238.49 307668.17      0.00      0.00      0.00
09:39:23 PM      eth0 174252.00 205240.00  22847.71 303445.69      0.00      0.00      0.00
09:39:24 PM      eth0 184149.00 211675.00  24442.16 312957.78      0.00      0.00      0.00
09:39:25 PM      eth0 198266.00 232266.00  26111.10 343387.62      0.00      0.00      0.00
09:39:26 PM      eth0 199659.00 246048.00  25861.20 363775.16      0.00      0.00      0.00
09:39:27 PM      eth0 195645.00 230790.00  25826.77 341214.43      0.00      0.00      0.00
09:39:28 PM      eth0 190217.00 231243.00  24714.65 341889.34      0.00      0.00      0.00
09:39:29 PM      eth0 192567.00 224970.00  25603.18 332611.75      0.00      0.00      0.00
09:39:30 PM      eth0 193141.00 228620.00  25476.10 338004.22      0.00      0.00      0.00
09:39:31 PM      eth0 197433.00 238730.00  25756.12 352955.45      0.00      0.00      0.00
09:39:32 PM      eth0 181119.00 216975.00  23554.71 320793.72      0.00      0.00      0.00
09:39:33 PM      eth0 183937.00 221467.00  23959.93 327437.96      0.00      0.00      0.00
09:39:34 PM      eth0 181733.00 217721.00  23780.47 321897.08      0.00      0.00      0.00
09:39:35 PM      eth0 182527.00 222155.00  23754.66 328440.68      0.00      0.00      0.00
09:39:36 PM      eth0 189494.00 232823.00  24598.91 344229.64      0.00      0.00      0.00
09:39:37 PM      eth0 187445.00 227980.00  24436.30 337064.01      0.00      0.00      0.00
09:39:38 PM      eth0 186677.00 225595.00  24384.21 333536.75      0.00      0.00      0.00
09:39:39 PM      eth0 187457.00 224776.00  24550.23 332330.37      0.00      0.00      0.00
09:39:40 PM      eth0 190810.00 230482.00  24993.54 340764.44      0.00      0.00      0.00
09:39:41 PM      eth0 194366.00 235783.00  25306.14 348604.62      0.00      0.00      0.00
09:39:42 PM      eth0 217160.00 266172.00  28280.27 393535.23      0.00      0.00      0.00
09:39:43 PM      eth0 199941.00 246566.00  26040.23 364545.31      0.00      0.00      0.00
09:39:44 PM      eth0 199478.00 247700.00  26076.96 366226.64      0.00      0.00      0.00
09:39:45 PM      eth0 195789.00 242517.00  25436.28 358547.75      0.00      0.00      0.00
09:39:46 PM      eth0 193243.00 245257.00  24982.58 362608.49      0.00      0.00      0.00
09:39:47 PM      eth0 199493.00 249280.00  25912.06 368297.26      0.00      0.00      0.00
09:39:48 PM      eth0 207957.00 260596.00  26989.77 385239.84      0.00      0.00      0.00
09:39:49 PM      eth0 196906.00 244630.00  25707.73 361682.18      0.00      0.00      0.00
09:39:50 PM      eth0 199018.00 251130.00  25707.51 371287.12      0.00      0.00      0.00
09:39:51 PM      eth0 209308.00 265616.00  26936.55 392708.58      0.00      0.00      0.00
09:39:52 PM      eth0 194253.00 235910.00  25392.33 348787.30      0.00      0.00      0.00
09:39:53 PM      eth0 191321.00 228649.00  25133.99 338049.07      0.00      0.00      0.00
09:39:54 PM      eth0 185385.00 221002.00  24241.44 326750.21      0.00      0.00      0.00
09:39:55 PM      eth0 183652.00 218784.00  23971.77 323451.95      0.00      0.00      0.00
09:39:56 PM      eth0 194594.00 234420.00  25562.45 346581.47      0.00      0.00      0.00
09:39:57 PM      eth0 197840.00 238142.00  25737.34 352087.96      0.00      0.00      0.00
09:39:58 PM      eth0 201606.00 244906.00  26276.90 362091.58      0.00      0.00      0.00
09:39:59 PM      eth0 197858.00 240457.00  25855.03 355515.01      0.00      0.00      0.00
09:40:00 PM      eth0 193369.00 232746.00  25281.48 344102.27      0.00      0.00      0.00
09:40:01 PM      eth0 186082.00 223084.00  24195.87 329828.94      0.00      0.00      0.00
09:40:02 PM      eth0 199933.00 238940.00  26107.80 353253.88      0.00      0.00      0.00
09:40:03 PM      eth0 194732.00 239488.00  25307.40 354078.24      0.00      0.00      0.00
09:40:04 PM      eth0 204928.00 249234.00  26711.16 368490.60      0.00      0.00      0.00
09:40:05 PM      eth0 204544.00 249967.00  26626.65 369560.53      0.00      0.00      0.00
09:40:06 PM      eth0 214000.00 257764.00  28025.64 381103.72      0.00      0.00      0.00
09:40:07 PM      eth0 201800.00 247044.00  26306.69 365249.33      0.00      0.00      0.00
09:40:08 PM      eth0 203379.00 247651.00  26578.00 366148.45      0.00      0.00      0.00
09:40:09 PM      eth0 209501.00 255802.00  27270.88 378201.20      0.00      0.00      0.00
09:40:10 PM      eth0 195876.00 263250.00  24940.55 389212.73      0.00      0.00      0.00
09:40:11 PM      eth0 200484.00 267883.00  25510.39 396064.88      0.00      0.00      0.00
09:40:12 PM      eth0 186937.00 237950.00  24252.15 351648.09      0.00      0.00      0.00
09:40:13 PM      eth0 191135.00 236678.00  24851.31 349923.80      0.00      0.00      0.00
09:40:14 PM      eth0 182791.00 227211.00  23692.83 335931.14      0.00      0.00      1.00
09:40:15 PM      eth0 188882.00 235038.00  24396.88 347488.42      0.00      0.00      0.00
09:40:16 PM      eth0 195387.00 243251.00  25223.08 359640.77      0.00      0.00      0.00
09:40:17 PM      eth0 196849.00 240726.00  25583.14 355910.70      0.00      0.00      0.00
09:40:18 PM      eth0 183852.00 229871.00  23736.96 339861.44      0.00      0.00      0.00
09:40:19 PM      eth0 185541.00 224874.00  24137.14 332469.91      0.00      0.00      0.00
09:40:20 PM      eth0 195288.00 237282.00  25620.82 350820.51      0.00      0.00      0.00
09:40:21 PM      eth0 196343.00 242730.00  25439.78 358876.55      0.00      0.00      0.00
09:40:22 PM      eth0 220972.00 299891.00  27866.47 443388.06      0.00      0.00      0.00
09:40:23 PM      eth0 220380.00 285673.00  28376.95 422364.57      0.00      0.00      0.00
09:40:24 PM      eth0 225052.00 307166.00  28571.95 454141.69      0.00      0.00      0.00
09:40:25 PM      eth0 230838.00 306439.00  29521.40 453055.18      0.00      0.00      0.00
09:40:26 PM      eth0 222723.00 309960.00  28026.64 458273.52      0.00      0.00      0.00
09:40:27 PM      eth0 226708.00 317273.00  28563.40 469088.39      0.00      0.00      0.00
09:40:28 PM      eth0 220830.00 323907.00  27668.05 478895.95      0.00      0.00      0.00
09:40:29 PM      eth0 221138.00 315596.00  27897.21 466605.88      0.00      0.00      0.00
09:40:30 PM      eth0 220016.00 294794.00  28227.95 435840.46      0.00      0.00      0.00
09:40:31 PM      eth0 223536.00 300365.00  28552.44 444089.52      0.00      0.00      0.00
09:40:32 PM      eth0 228864.00 308347.00  29088.26 455888.86      0.00      0.00      0.00
09:40:33 PM      eth0 234470.00 314319.00  29946.24 464721.35      0.00      0.00      0.00
09:40:34 PM      eth0 229002.00 322985.00  28860.91 477535.16      0.00      0.00      0.00
09:40:35 PM      eth0 238325.00 315054.00  30689.65 465794.77      0.00      0.00      0.00
09:40:36 PM      eth0 236163.00 321738.00  29940.90 475687.03      0.00      0.00      0.00
09:40:37 PM      eth0 232074.00 305121.00  29802.48 451114.44      0.00      0.00      0.00
09:40:38 PM      eth0 232426.00 309188.00  29703.20 457135.24      0.00      0.00      0.00
09:40:39 PM      eth0 230393.00 322654.00  29034.29 477044.58      0.00      0.00      0.00
09:40:40 PM      eth0 231098.00 313772.00  29230.13 463912.29      0.00      0.00      0.00
09:40:41 PM      eth0 232804.00 310249.00  29576.76 458703.69      0.00      0.00      0.00
09:40:42 PM      eth0 229770.00 304335.00  29462.23 449921.82      0.00      0.00      0.00
09:40:43 PM      eth0 221648.00 295710.00  28318.11 437204.04      0.00      0.00      0.00
09:40:44 PM      eth0 210567.00 287919.00  26765.60 425681.38      0.00      0.00      0.00
09:40:45 PM      eth0 205713.00 281934.00  26055.19 416827.38      0.00      0.00      0.00
09:40:46 PM      eth0 206179.00 284322.00  25953.52 420366.67      0.00      0.00      0.00
09:40:47 PM      eth0 218622.00 294547.00  27641.75 435234.95      0.00      0.00      0.00
09:40:48 PM      eth0 222723.00 299787.00  28211.11 443178.97      0.00      0.00      0.00
09:40:49 PM      eth0 216621.00 292447.00  27416.31 432381.77      0.00      0.00      0.00
09:40:50 PM      eth0 219738.00 297732.00  27904.01 440195.50      0.00      0.00      0.00
09:40:51 PM      eth0 218058.00 303585.00  27514.50 448849.26      0.00      0.00      0.00
09:40:52 PM      eth0 233012.00 311409.00  29731.76 460156.65      0.00      0.00      0.00
09:40:53 PM      eth0 224633.00 307940.00  28380.97 455281.50      0.00      0.00      0.00
09:40:54 PM      eth0 222957.00 298761.00  28381.65 441720.02      0.00      0.00      0.00
09:40:55 PM      eth0 233613.00 305033.00  30086.92 450977.89      0.00      0.00      0.00
09:40:56 PM      eth0 229475.00 318431.00  28981.39 470800.05      0.00      0.00      0.00
09:40:57 PM      eth0 220607.00 307921.00  27759.68 455264.66      0.00      0.00      0.00
09:40:58 PM      eth0 228367.00 306484.00  29071.00 453132.33      0.00      0.00      0.00
09:40:59 PM      eth0 223369.00 294093.00  28567.51 434816.55      0.00      0.00      0.00
09:41:00 PM      eth0 231994.00 306652.00  29674.41 453376.94      0.00      0.00      0.00
09:41:01 PM      eth0 228264.00 300602.00  29373.66 444440.05      0.00      0.00      0.00
09:41:02 PM      eth0 227801.00 324827.00  28630.61 480176.14      0.00      0.00      0.00
09:41:03 PM      eth0 237391.00 318255.00  30452.13 470528.15      0.00      0.00      0.00
09:41:04 PM      eth0 238313.00 338610.00  29875.80 500636.45      0.00      0.00      0.00
09:41:05 PM      eth0 225165.00 321281.00  28302.33 475001.04      0.00      0.00      0.00
09:41:06 PM      eth0 156698.00 198951.00  20535.42 294148.56      0.00      0.00      0.00
09:41:07 PM      eth0 163056.00 198904.00  21115.91 294072.58      0.00      0.00      0.00
09:41:08 PM      eth0 167231.00 205753.00  21597.16 304204.96      0.00      0.00      0.00
09:41:09 PM      eth0 168638.00 205959.00  21708.38 304506.92      0.00      0.00      0.00
09:41:10 PM      eth0 169785.00 198087.00  22523.91 292865.57      0.00      0.00      0.00
09:41:11 PM      eth0 163913.00 195638.00  21349.71 289251.02      0.00      0.00      0.00
09:41:12 PM      eth0 171752.00 204950.00  22520.87 303016.41      0.00      0.00      0.00
09:41:13 PM      eth0 180830.00 213824.00  23745.27 316102.35      0.00      0.00      0.00
09:41:14 PM      eth0 185978.00 220279.00  24514.79 325685.11      0.00      0.00      0.00
09:41:15 PM      eth0 182381.00 219564.00  23851.93 324605.81      0.00      0.00      0.00
09:41:16 PM      eth0 178372.00 213283.00  23290.45 315335.19      0.00      0.00      0.00
09:41:17 PM      eth0 176304.00 206186.00  23039.29 304841.36      0.00      0.00      0.00
09:41:18 PM      eth0 176166.00 208587.00  23025.97 308395.97      0.00      0.00      0.00
09:41:19 PM      eth0 178797.00 210680.00  23596.84 311486.34      0.00      0.00      0.00
09:41:20 PM      eth0 186965.00 225453.00  24426.86 333327.80      0.00      0.00      0.00
09:41:21 PM      eth0 177996.00 219733.00  23043.84 324873.57      0.00      0.00      0.00
09:41:22 PM      eth0 191322.00 233779.00  24917.39 345639.99      0.00      0.00      0.00
09:41:23 PM      eth0 197023.00 243384.00  25459.36 359838.77      0.00      0.00      0.00
09:41:24 PM      eth0 194867.00 236165.00  25508.76 349170.64      0.00      0.00      0.00
09:41:25 PM      eth0 197695.00 242179.00  25682.56 358048.63      0.00      0.00      0.00
09:41:26 PM      eth0 189436.00 238699.00  24439.50 352915.49      0.00      0.00      0.00
09:41:27 PM      eth0 187868.00 239055.00  24219.41 353438.45      0.00      0.00      0.00
09:41:28 PM      eth0 197491.00 248171.00  25443.57 366918.51      0.00      0.00      0.00
09:41:29 PM      eth0 195700.00 246572.00  25303.19 364557.86      0.00      0.00      0.00
09:41:30 PM      eth0 198115.00 249628.00  25599.11 369060.50      0.00      0.00      0.00
09:41:31 PM      eth0 209166.00 265623.00  26885.98 392717.24      0.00      0.00      0.00
09:41:32 PM      eth0 182455.00 225933.00  23991.93 334042.71      0.00      0.00      0.00
09:41:33 PM      eth0 186213.00 231931.00  24366.40 342907.75      0.00      0.00      0.00
09:41:34 PM      eth0 172223.00 217961.00  22252.21 322254.34      0.00      0.00      0.00
09:41:35 PM      eth0 181589.00 227477.00  23701.43 336306.45      0.00      0.00      0.00
09:41:36 PM      eth0 178290.00 220208.00  23401.38 325577.12      0.00      0.00      0.00
09:41:37 PM      eth0 182763.37 227509.90  23819.13 336370.03      0.00      0.00      0.00
09:41:38 PM      eth0 179022.00 223106.00  23386.04 329862.31      0.00      0.00      0.00
09:41:39 PM      eth0 183220.00 228178.00  23813.73 337360.92      0.00      0.00      0.00
09:41:40 PM      eth0 189471.00 237051.00  24781.46 350467.91      0.00      0.00      0.00
09:41:41 PM      eth0 184008.00 231409.00  24059.71 342130.14      0.00      0.00      0.00
09:41:42 PM      eth0 177154.00 215130.00  23402.79 318069.26      0.00      0.00      0.00
09:41:43 PM      eth0 178701.00 217034.00  23352.56 320882.46      0.00      0.00      0.00
09:41:44 PM      eth0 172892.00 212208.00  22562.89 313747.12      0.00      0.00      0.00
09:41:45 PM      eth0 183706.00 221283.00  24060.48 327152.27      0.00      0.00      0.00
09:41:46 PM      eth0 184770.00 226833.00  24213.64 335369.55      0.00      0.00      0.00
09:41:47 PM      eth0 180986.00 223481.00  23706.21 330118.24      0.00      0.00      0.00
09:41:48 PM      eth0 176346.00 216419.00  23140.06 319961.48      0.00      0.00      0.00
09:41:49 PM      eth0 172966.00 211827.00  22466.93 313188.35      0.00      0.00      0.00
09:41:50 PM      eth0 176871.00 211581.00  23355.13 312816.01      0.00      0.00      0.00
09:41:51 PM      eth0 174757.00 211128.00  23033.05 312150.47      0.00      0.00      0.00
09:41:52 PM      eth0 149328.00 175733.00  19713.16 259817.82      0.00      0.00      0.00
09:41:53 PM      eth0 138950.00 160421.00  18316.76 237179.97      0.00      0.00      0.00
09:41:54 PM      eth0 138823.00 160328.00  18240.20 237042.27      0.00      0.00      0.00
09:41:55 PM      eth0 133404.00 152400.00  17615.68 225308.58      0.00      0.00      0.00
09:41:56 PM      eth0 141803.00 161389.00  18521.63 238611.15      0.00      0.00      0.00
09:41:57 PM      eth0 144428.00 162701.00  19079.86 240545.84      0.00      0.00      0.00
09:41:58 PM      eth0 137720.00 156665.00  18163.51 231628.94      0.00      0.00      0.00
09:41:59 PM      eth0 127477.00 148162.00  16590.20 219057.14      0.00      0.00      0.00
09:42:00 PM      eth0 134830.00 153242.00  17794.71 226541.73      0.00      0.00      0.00
09:42:01 PM      eth0 142375.00 161333.00  18790.72 238526.36      0.00      0.00      0.00
09:42:02 PM      eth0 163677.00 185426.00  21888.10 274152.15      0.00      0.00      0.00
09:42:03 PM      eth0 154891.00 179708.00  20330.79 265698.18      0.00      0.00      0.00
09:42:04 PM      eth0 156809.00 183894.00  20410.24 271887.04      0.00      0.00      0.00
09:42:05 PM      eth0 165117.00 189137.00  21797.00 279610.57      0.00      0.00      0.00
09:42:06 PM      eth0 154004.00 179629.00  20413.86 265576.36      0.00      0.00      0.00
09:42:07 PM      eth0 159769.00 187388.00  21036.20 277049.62      0.00      0.00      0.00
09:42:08 PM      eth0 170401.00 197321.00  22435.06 291736.04      0.00      0.00      0.00
09:42:09 PM      eth0 166796.00 192474.00  22070.89 284567.78      0.00      0.00      0.00
09:42:10 PM      eth0 160891.00 189383.00  21098.66 280001.07      0.00      0.00      0.00
09:42:11 PM      eth0 164980.00 189417.00  21850.66 280049.11      0.00      0.00      0.00
09:42:12 PM      eth0 143354.00 167203.00  18833.13 247205.86      0.00      0.00      0.00
09:42:13 PM      eth0 143427.00 163903.00  18939.83 242327.79      0.00      0.00      0.00
09:42:14 PM      eth0 144012.00 164515.00  18920.59 243230.71      0.00      0.00      0.00
09:42:15 PM      eth0 138583.00 157449.00  18321.64 232741.75      0.00      0.00      0.00
09:42:16 PM      eth0 141122.00 161642.00  18459.95 238990.22      0.00      0.00      0.00
09:42:17 PM      eth0 138777.00 158597.00  18314.95 234486.73      0.00      0.00      0.00
09:42:18 PM      eth0 139609.00 157703.00  18501.44 233162.50      0.00      0.00      0.00
09:42:19 PM      eth0 141278.00 159661.00  18623.68 236055.53      0.00      0.00      0.00
09:42:20 PM      eth0 141416.00 161570.00  18594.98 238877.65      0.00      0.00      0.00
09:42:21 PM      eth0 150519.00 170284.00  19945.14 251765.36      0.00      0.00      0.00
09:42:22 PM      eth0 151006.00 173941.00  19819.94 257169.89      0.00      0.00      0.00
09:42:23 PM      eth0 143627.00 165510.00  18928.80 244705.71      0.00      0.00      0.00
09:42:24 PM      eth0 150701.00 172018.00  19927.66 254324.52      0.00      0.00      0.00
09:42:25 PM      eth0 150105.00 173626.00  19675.59 256692.26      0.00      0.00      0.00
09:42:26 PM      eth0 140172.00 162510.00  18419.12 240270.57      0.00      0.00      0.00
09:42:27 PM      eth0 149802.00 172809.00  19596.24 255498.33      0.00      0.00      0.00
09:42:28 PM      eth0 153330.00 177273.00  20046.55 262098.36      0.00      0.00      0.00
09:42:29 PM      eth0 151299.00 175652.00  19883.23 259696.06      0.00      0.00      0.00
09:42:30 PM      eth0 147531.00 169181.00  19419.74 250127.17      0.00      0.00      0.00
09:42:31 PM      eth0 147912.00 170002.00  19486.26 251347.87      0.00      0.00      0.00
09:42:32 PM      eth0 138399.00 155701.00  18342.45 230202.73      0.00      0.00      0.00
09:42:33 PM      eth0 144694.00 161980.00  19310.07 239487.25      0.00      0.00      0.00
09:42:34 PM      eth0 138084.00 156000.00  18204.94 230643.32      0.00      0.00      0.00
09:42:35 PM      eth0 139920.00 159447.00  18406.58 235726.31      0.00      0.00      0.00
09:42:36 PM      eth0 138100.00 156812.00  18278.18 231842.07      0.00      0.00      0.00
09:42:37 PM      eth0 134336.00 154632.00  17628.56 228621.33      0.00      0.00      0.00
09:42:38 PM      eth0 137720.00 155426.00  17994.16 229797.50      0.00      0.00      0.00
09:42:39 PM      eth0 135899.00 152691.00  17957.87 225752.06      0.00      0.00      0.00
09:42:40 PM      eth0 146069.00 165522.00  19253.32 244722.96      0.00      0.00      0.00
09:42:41 PM      eth0 135440.00 154866.00  17880.41 228970.79      0.00      0.00      0.00
09:42:42 PM      eth0 148594.00 168409.00  19593.27 248991.84      0.00      0.00      0.00
09:42:43 PM      eth0 148063.00 170787.00  19355.96 252476.55      0.00      0.00      0.00
09:42:44 PM      eth0 151101.00 172322.00  19886.19 254776.20      0.00      0.00      0.00
09:42:45 PM      eth0 148427.00 171689.00  19524.75 253826.16      0.00      0.00      0.00
09:42:46 PM      eth0 157791.00 180404.00  20809.41 266723.93      0.00      0.00      0.00
09:42:47 PM      eth0 146237.00 168455.00  19321.62 249059.71      0.00      0.00      0.00
09:42:48 PM      eth0 149254.00 173469.00  19550.14 256182.01      0.00      0.00      0.00
09:42:49 PM      eth0 140094.00 160059.00  18435.28 236601.14      0.00      0.00      0.00
09:42:50 PM      eth0 149432.00 172253.00  19600.86 254675.59      0.00      0.00      0.00
09:42:51 PM      eth0 145982.00 168693.00  19237.14 249415.24      0.00      0.00      0.00
09:42:52 PM      eth0 149546.00 174448.00  19471.31 257921.15      0.00      0.00      0.00
09:42:53 PM      eth0 143093.00 163355.00  18981.14 241517.47      0.00      0.00      0.00
09:42:54 PM      eth0 148372.00 169842.00  19546.64 251107.15      0.00      0.00      0.00
09:42:55 PM      eth0 140105.00 161956.00  18432.50 239436.32      0.00      0.00      0.00
09:42:56 PM      eth0 139393.00 159516.00  18376.65 235843.46      0.00      0.00      0.00
09:42:57 PM      eth0 142568.00 163615.00  18780.32 241903.54      0.00      0.00      0.00
09:42:58 PM      eth0 142633.00 163800.00  18658.96 242175.83      0.00      0.00      0.00
09:42:59 PM      eth0 142411.00 162340.00  18897.21 240016.79      0.00      0.00      0.00
09:43:00 PM      eth0 140781.00 161517.00  18572.65 238792.96      0.00      0.00      0.00
09:43:01 PM      eth0 144128.00 166248.00  18869.40 245800.27      0.00      0.00      0.00
09:43:02 PM      eth0 150031.00 172266.00  19666.84 254694.88      0.00      0.00      0.00
09:43:03 PM      eth0 152257.00 175171.00  20007.43 258990.78      0.00      0.00      0.00
09:43:04 PM      eth0 153602.00 175788.00  20204.77 259898.25      0.00      0.00      0.00
09:43:05 PM      eth0 153954.00 175395.00  20310.45 259307.27      0.00      0.00      0.00
09:43:06 PM      eth0 148045.00 168933.00  19497.68 249768.03      0.00      0.00      0.00
09:43:07 PM      eth0 147525.00 169172.00  19491.98 250102.13      0.00      0.00      0.00
09:43:08 PM      eth0 143912.00 167493.00  18786.22 247636.14      0.00      0.00      0.00
09:43:09 PM      eth0 151565.00 170913.00  20010.28 252694.67      0.00      0.00      0.00
09:43:10 PM      eth0 151875.00 175214.00  20044.02 259055.31      0.00      0.00      0.00
09:43:11 PM      eth0 153127.00 176509.00  20096.01 260968.77      0.00      0.00      0.00
09:43:12 PM      eth0 147044.00 168695.00  19329.55 249415.42      0.00      0.00      0.00
09:43:13 PM      eth0 148120.00 169779.00  19554.28 251013.85      0.00      0.00      0.00
09:43:14 PM      eth0 140190.00 159757.00  18513.12 236201.95      0.00      0.00      0.00
09:43:15 PM      eth0 144331.00 164461.00  19192.70 243140.42      0.00      0.00      0.00
09:43:16 PM      eth0 137379.00 159901.00  17969.02 236375.36      0.00      0.00      0.00
09:43:17 PM      eth0 143498.00 162968.00  18859.29 240950.73      0.00      0.00      0.00
09:43:18 PM      eth0 147462.00 167914.00  19450.25 248262.40      0.00      0.00      0.00
09:43:19 PM      eth0 142602.00 164291.00  18720.16 242899.57      0.00      0.00      0.00
09:43:20 PM      eth0 141640.00 159679.00  18687.76 236079.35      0.00      0.00      0.00
09:43:21 PM      eth0 143661.00 162479.00  18914.52 240221.77      0.00      0.00      0.00
09:43:22 PM      eth0 151306.00 171760.00  20096.61 253942.24      0.00      0.00      0.00
09:43:23 PM      eth0 155261.00 177049.00  20573.93 261765.86      0.00      0.00      0.00
09:43:24 PM      eth0 152428.00 176718.00  20080.42 261275.08      0.00      0.00      0.00
09:43:25 PM      eth0 140338.00 163080.00  18289.68 241097.06      0.00      0.00      0.00
09:43:26 PM      eth0 149504.00 171207.00  19785.42 253126.02      0.00      0.00      0.00
09:43:27 PM      eth0 159491.00 184091.00  20835.33 272173.57      0.00      0.00      0.00
09:43:28 PM      eth0 153659.00 177580.00  20121.98 262547.83      0.00      0.00      0.00
09:43:29 PM      eth0 152616.00 174309.00  20161.77 257715.71      0.00      0.00      0.00
09:43:30 PM      eth0 155487.00 179249.00  20480.77 265007.85      0.00      0.00      0.00
09:43:31 PM      eth0 155728.00 178331.00  20542.32 263659.40      0.00      0.00      0.00
09:43:32 PM      eth0 143659.00 164842.00  19038.57 243713.15      0.00      0.00      0.00
09:43:33 PM      eth0 147666.00 168411.00  19509.69 248993.22      0.00      0.00      0.00
09:43:34 PM      eth0 141155.00 159215.00  18726.78 235397.67      0.00      0.00      0.00
09:43:35 PM      eth0 143484.00 162054.00  18866.35 239581.79      0.00      0.00      1.00
09:43:36 PM      eth0 137279.00 155816.00  18064.69 230369.68      0.00      0.00      0.00
09:43:37 PM      eth0 138013.00 158055.00  18115.77 233675.41      0.00      0.00      0.00
09:43:38 PM      eth0 135067.00 155437.00  17674.69 229807.82      0.00      0.00      0.00
09:43:39 PM      eth0 128530.00 150018.00  16812.42 221797.40      0.00      0.00      0.00
09:43:40 PM      eth0 125358.00 153115.00  16117.80 226376.37      0.00      0.00      0.00
09:43:41 PM      eth0 121625.00 152675.00  15454.92 225728.13      0.00      0.00      0.00
09:43:42 PM      eth0 129783.00 170926.00  16475.55 252710.80      0.00      0.00      0.00
09:43:43 PM      eth0 118303.00 164271.00  14920.45 242871.34      0.00      0.00      0.00
09:43:44 PM      eth0 112482.00 165714.00  14102.32 245005.14      0.00      0.00      0.00
09:43:45 PM      eth0 117358.00 179927.00  14583.06 266005.99      0.00      0.00      0.00
09:43:46 PM      eth0 110039.00 195787.00  13350.30 289461.87      0.00      0.00      0.00
09:43:47 PM      eth0 141923.00 268985.00  17170.79 397696.26      0.00      0.00      0.00
09:43:48 PM      eth0 127305.00 331140.00  15146.08 489280.98      0.00      0.00      0.00
09:43:49 PM      eth0 106021.00 380822.00  12364.68 563042.44      0.00      0.00      0.00
09:43:50 PM      eth0  91109.00 402122.00  10573.98 594543.56      0.00      0.00      0.00
09:43:51 PM      eth0 107200.00 410882.00  12398.08 607475.46      0.00      0.00      0.00
09:43:52 PM      eth0  63913.00 407288.00   7376.45 602168.46      0.00      0.00      0.00
09:43:53 PM      eth0  12224.00 344081.00   1384.48 508729.13      0.00      0.00      0.00
09:43:54 PM      eth0   7693.00 227955.00    873.42 337013.39      0.00      0.00      0.00
