              total        used        free      shared  buff/cache   available
Mem:          48114        1169       43657         905        3287       45462
Swap:         24191           0       24191
Total:        72306        1169       67849

              total        used        free      shared  buff/cache   available
Mem:          48114        1170       43656         905        3287       45462
Swap:         24191           0       24191
Total:        72306        1170       67848

              total        used        free      shared  buff/cache   available
Mem:          48114        1171       43655         905        3287       45460
Swap:         24191           0       24191
Total:        72306        1171       67847

              total        used        free      shared  buff/cache   available
Mem:          48114        1171       43655         905        3287       45460
Swap:         24191           0       24191
Total:        72306        1171       67847

              total        used        free      shared  buff/cache   available
Mem:          48114        1173       43653         905        3287       45459
Swap:         24191           0       24191
Total:        72306        1173       67845

              total        used        free      shared  buff/cache   available
Mem:          48114        1173       43653         905        3287       45459
Swap:         24191           0       24191
Total:        72306        1173       67845

              total        used        free      shared  buff/cache   available
Mem:          48114        1173       43653         905        3287       45459
Swap:         24191           0       24191
Total:        72306        1173       67845

              total        used        free      shared  buff/cache   available
Mem:          48114        1173       43653         905        3287       45459
Swap:         24191           0       24191
Total:        72306        1173       67845

              total        used        free      shared  buff/cache   available
Mem:          48114        1174       43652         905        3287       45458
Swap:         24191           0       24191
Total:        72306        1174       67844

              total        used        free      shared  buff/cache   available
Mem:          48114        1173       43653         905        3287       45459
Swap:         24191           0       24191
Total:        72306        1173       67845

              total        used        free      shared  buff/cache   available
Mem:          48114        1173       43653         905        3287       45459
Swap:         24191           0       24191
Total:        72306        1173       67845

              total        used        free      shared  buff/cache   available
Mem:          48114        1172       43653         905        3287       45459
Swap:         24191           0       24191
Total:        72306        1172       67845

              total        used        free      shared  buff/cache   available
Mem:          48114        1171       43654         905        3287       45461
Swap:         24191           0       24191
Total:        72306        1171       67846

              total        used        free      shared  buff/cache   available
Mem:          48114        1172       43654         905        3287       45460
Swap:         24191           0       24191
Total:        72306        1172       67846

              total        used        free      shared  buff/cache   available
Mem:          48114        1174       43652         905        3287       45458
Swap:         24191           0       24191
Total:        72306        1174       67844

              total        used        free      shared  buff/cache   available
Mem:          48114        1173       43652         905        3288       45459
Swap:         24191           0       24191
Total:        72306        1173       67844

              total        used        free      shared  buff/cache   available
Mem:          48114        1174       43651         905        3288       45458
Swap:         24191           0       24191
Total:        72306        1174       67843

              total        used        free      shared  buff/cache   available
Mem:          48114        1173       43652         905        3288       45458
Swap:         24191           0       24191
Total:        72306        1173       67844

              total        used        free      shared  buff/cache   available
Mem:          48114        1173       43652         905        3288       45459
Swap:         24191           0       24191
Total:        72306        1173       67844

              total        used        free      shared  buff/cache   available
Mem:          48114        1173       43652         905        3288       45459
Swap:         24191           0       24191
Total:        72306        1173       67844

              total        used        free      shared  buff/cache   available
Mem:          48114        1174       43651         905        3288       45458
Swap:         24191           0       24191
Total:        72306        1174       67843

              total        used        free      shared  buff/cache   available
Mem:          48114        1173       43652         905        3288       45459
Swap:         24191           0       24191
Total:        72306        1173       67844

              total        used        free      shared  buff/cache   available
Mem:          48114        1172       43653         905        3288       45460
Swap:         24191           0       24191
Total:        72306        1172       67845

              total        used        free      shared  buff/cache   available
Mem:          48114        1171       43653         905        3288       45460
Swap:         24191           0       24191
Total:        72306        1171       67845

              total        used        free      shared  buff/cache   available
Mem:          48114        1173       43652         905        3288       45459
Swap:         24191           0       24191
Total:        72306        1173       67844

              total        used        free      shared  buff/cache   available
Mem:          48114        1172       43652         905        3288       45460
Swap:         24191           0       24191
Total:        72306        1172       67844

              total        used        free      shared  buff/cache   available
Mem:          48114        1172       43652         905        3289       45459
Swap:         24191           0       24191
Total:        72306        1172       67844

              total        used        free      shared  buff/cache   available
Mem:          48114        1172       43652         905        3289       45460
Swap:         24191           0       24191
Total:        72306        1172       67844

              total        used        free      shared  buff/cache   available
Mem:          48114        1171       43653         905        3289       45460
Swap:         24191           0       24191
Total:        72306        1171       67845

              total        used        free      shared  buff/cache   available
Mem:          48114        1172       43652         905        3289       45460
Swap:         24191           0       24191
Total:        72306        1172       67844

              total        used        free      shared  buff/cache   available
Mem:          48114        1171       43653         905        3289       45461
Swap:         24191           0       24191
Total:        72306        1171       67845

              total        used        free      shared  buff/cache   available
Mem:          48114        1171       43653         905        3289       45461
Swap:         24191           0       24191
Total:        72306        1171       67845

              total        used        free      shared  buff/cache   available
Mem:          48114        1172       43652         905        3289       45460
Swap:         24191           0       24191
Total:        72306        1172       67844

              total        used        free      shared  buff/cache   available
Mem:          48114        1170       43653         905        3289       45461
Swap:         24191           0       24191
Total:        72306        1170       67845

              total        used        free      shared  buff/cache   available
Mem:          48114        1171       43652         905        3289       45461
Swap:         24191           0       24191
Total:        72306        1171       67844

              total        used        free      shared  buff/cache   available
Mem:          48114        1171       43653         905        3289       45461
Swap:         24191           0       24191
Total:        72306        1171       67845

              total        used        free      shared  buff/cache   available
Mem:          48114        1171       43652         905        3290       45461
Swap:         24191           0       24191
Total:        72306        1171       67844

              total        used        free      shared  buff/cache   available
Mem:          48114        1171       43652         905        3290       45461
Swap:         24191           0       24191
Total:        72306        1171       67844

              total        used        free      shared  buff/cache   available
Mem:          48114        1170       43653         905        3290       45461
Swap:         24191           0       24191
Total:        72306        1170       67845

              total        used        free      shared  buff/cache   available
Mem:          48114        1171       43652         905        3290       45461
Swap:         24191           0       24191
Total:        72306        1171       67844

              total        used        free      shared  buff/cache   available
Mem:          48114        1172       43651         905        3290       45460
Swap:         24191           0       24191
Total:        72306        1172       67843

              total        used        free      shared  buff/cache   available
Mem:          48114        1171       43651         905        3290       45460
Swap:         24191           0       24191
Total:        72306        1171       67843

              total        used        free      shared  buff/cache   available
Mem:          48114        1171       43652         905        3290       45461
Swap:         24191           0       24191
Total:        72306        1171       67844

              total        used        free      shared  buff/cache   available
Mem:          48114        1170       43652         905        3290       45461
Swap:         24191           0       24191
Total:        72306        1170       67844

              total        used        free      shared  buff/cache   available
Mem:          48114        1171       43652         905        3290       45461
Swap:         24191           0       24191
Total:        72306        1171       67844

              total        used        free      shared  buff/cache   available
Mem:          48114        1170       43652         905        3290       45462
Swap:         24191           0       24191
Total:        72306        1170       67844

              total        used        free      shared  buff/cache   available
Mem:          48114        1170       43652         905        3290       45461
Swap:         24191           0       24191
Total:        72306        1170       67844

              total        used        free      shared  buff/cache   available
Mem:          48114        1170       43652         905        3290       45461
Swap:         24191           0       24191
Total:        72306        1170       67844

              total        used        free      shared  buff/cache   available
Mem:          48114        1170       43652         905        3291       45461
Swap:         24191           0       24191
Total:        72306        1170       67844

              total        used        free      shared  buff/cache   available
Mem:          48114        1170       43652         905        3291       45461
Swap:         24191           0       24191
Total:        72306        1170       67844

              total        used        free      shared  buff/cache   available
Mem:          48114        1171       43651         905        3291       45461
Swap:         24191           0       24191
Total:        72306        1171       67843

              total        used        free      shared  buff/cache   available
Mem:          48114        1170       43652         905        3291       45462
Swap:         24191           0       24191
Total:        72306        1170       67844

              total        used        free      shared  buff/cache   available
Mem:          48114        1170       43651         905        3291       45461
Swap:         24191           0       24191
Total:        72306        1170       67843

              total        used        free      shared  buff/cache   available
Mem:          48114        1170       43652         905        3291       45461
Swap:         24191           0       24191
Total:        72306        1170       67844

              total        used        free      shared  buff/cache   available
Mem:          48114        1170       43652         905        3291       45462
Swap:         24191           0       24191
Total:        72306        1170       67844

              total        used        free      shared  buff/cache   available
Mem:          48114        1170       43651         905        3291       45461
Swap:         24191           0       24191
Total:        72306        1170       67843

              total        used        free      shared  buff/cache   available
Mem:          48114        1170       43651         905        3292       45461
Swap:         24191           0       24191
Total:        72306        1170       67843

              total        used        free      shared  buff/cache   available
Mem:          48114        1169       43652         905        3292       45462
Swap:         24191           0       24191
Total:        72306        1169       67844

              total        used        free      shared  buff/cache   available
Mem:          48114        1169       43652         905        3292       45463
Swap:         24191           0       24191
Total:        72306        1169       67844

              total        used        free      shared  buff/cache   available
Mem:          48114        1169       43652         905        3292       45462
Swap:         24191           0       24191
Total:        72306        1169       67844

              total        used        free      shared  buff/cache   available
Mem:          48114        1170       43651         905        3292       45462
Swap:         24191           0       24191
Total:        72306        1170       67843

              total        used        free      shared  buff/cache   available
Mem:          48114        1169       43652         905        3292       45463
Swap:         24191           0       24191
Total:        72306        1169       67844

              total        used        free      shared  buff/cache   available
Mem:          48114        1170       43651         905        3292       45462
Swap:         24191           0       24191
Total:        72306        1170       67843

              total        used        free      shared  buff/cache   available
Mem:          48114        1169       43651         905        3292       45462
Swap:         24191           0       24191
Total:        72306        1169       67843

              total        used        free      shared  buff/cache   available
Mem:          48114        1170       43650         905        3292       45461
Swap:         24191           0       24191
Total:        72306        1170       67842

              total        used        free      shared  buff/cache   available
Mem:          48114        1169       43652         905        3292       45462
Swap:         24191           0       24191
Total:        72306        1169       67844

              total        used        free      shared  buff/cache   available
Mem:          48114        1171       43650         905        3292       45461
Swap:         24191           0       24191
Total:        72306        1171       67842

              total        used        free      shared  buff/cache   available
Mem:          48114        1170       43650         905        3292       45461
Swap:         24191           0       24191
Total:        72306        1170       67842

              total        used        free      shared  buff/cache   available
Mem:          48114        1171       43649         905        3292       45461
Swap:         24191           0       24191
Total:        72306        1171       67841

              total        used        free      shared  buff/cache   available
Mem:          48114        1170       43651         905        3292       45462
Swap:         24191           0       24191
Total:        72306        1170       67843

              total        used        free      shared  buff/cache   available
Mem:          48114        1171       43649         905        3292       45461
Swap:         24191           0       24191
Total:        72306        1171       67841

              total        used        free      shared  buff/cache   available
Mem:          48114        1170       43650         905        3292       45462
Swap:         24191           0       24191
Total:        72306        1170       67842

              total        used        free      shared  buff/cache   available
Mem:          48114        1169       43651         905        3293       45463
Swap:         24191           0       24191
Total:        72306        1169       67843

              total        used        free      shared  buff/cache   available
Mem:          48114        1169       43651         905        3293       45463
Swap:         24191           0       24191
Total:        72306        1169       67843

              total        used        free      shared  buff/cache   available
Mem:          48114        1170       43650         905        3293       45462
Swap:         24191           0       24191
Total:        72306        1170       67842

              total        used        free      shared  buff/cache   available
Mem:          48114        1169       43651         905        3293       45463
Swap:         24191           0       24191
Total:        72306        1169       67843

              total        used        free      shared  buff/cache   available
Mem:          48114        1169       43651         905        3293       45462
Swap:         24191           0       24191
Total:        72306        1169       67843

              total        used        free      shared  buff/cache   available
Mem:          48114        1169       43651         905        3293       45463
Swap:         24191           0       24191
Total:        72306        1169       67843

              total        used        free      shared  buff/cache   available
Mem:          48114        1170       43650         905        3293       45462
Swap:         24191           0       24191
Total:        72306        1170       67842

              total        used        free      shared  buff/cache   available
Mem:          48114        1169       43650         905        3293       45463
Swap:         24191           0       24191
Total:        72306        1169       67842

              total        used        free      shared  buff/cache   available
Mem:          48114        1170       43650         905        3293       45462
Swap:         24191           0       24191
Total:        72306        1170       67842

              total        used        free      shared  buff/cache   available
Mem:          48114        1170       43649         905        3293       45462
Swap:         24191           0       24191
Total:        72306        1170       67841

              total        used        free      shared  buff/cache   available
Mem:          48114        1169       43650         905        3293       45463
Swap:         24191           0       24191
Total:        72306        1169       67842

              total        used        free      shared  buff/cache   available
Mem:          48114        1169       43650         905        3294       45463
Swap:         24191           0       24191
Total:        72306        1169       67842

              total        used        free      shared  buff/cache   available
Mem:          48114        1171       43648         905        3294       45460
Swap:         24191           0       24191
Total:        72306        1171       67840

              total        used        free      shared  buff/cache   available
Mem:          48114        1170       43649         905        3294       45462
Swap:         24191           0       24191
Total:        72306        1170       67841

              total        used        free      shared  buff/cache   available
Mem:          48114        1171       43648         905        3294       45461
Swap:         24191           0       24191
Total:        72306        1171       67840

              total        used        free      shared  buff/cache   available
Mem:          48114        1170       43648         905        3294       45461
Swap:         24191           0       24191
Total:        72306        1170       67840

              total        used        free      shared  buff/cache   available
Mem:          48114        1170       43648         905        3294       45461
Swap:         24191           0       24191
Total:        72306        1170       67840

              total        used        free      shared  buff/cache   available
Mem:          48114        1169       43649         905        3294       45462
Swap:         24191           0       24191
Total:        72306        1169       67841

              total        used        free      shared  buff/cache   available
Mem:          48114        1169       43649         905        3294       45462
Swap:         24191           0       24191
Total:        72306        1169       67841

              total        used        free      shared  buff/cache   available
Mem:          48114        1169       43650         905        3294       45463
Swap:         24191           0       24191
Total:        72306        1169       67842

              total        used        free      shared  buff/cache   available
Mem:          48114        1168       43650         905        3294       45463
Swap:         24191           0       24191
Total:        72306        1168       67842

              total        used        free      shared  buff/cache   available
Mem:          48114        1168       43650         905        3295       45463
Swap:         24191           0       24191
Total:        72306        1168       67842

              total        used        free      shared  buff/cache   available
Mem:          48114        1169       43649         905        3295       45462
Swap:         24191           0       24191
Total:        72306        1169       67841

              total        used        free      shared  buff/cache   available
Mem:          48114        1168       43649         905        3295       45463
Swap:         24191           0       24191
Total:        72306        1168       67841

              total        used        free      shared  buff/cache   available
Mem:          48114        1169       43649         905        3295       45463
Swap:         24191           0       24191
Total:        72306        1169       67841

              total        used        free      shared  buff/cache   available
Mem:          48114        1169       43649         905        3295       45463
Swap:         24191           0       24191
Total:        72306        1169       67841

              total        used        free      shared  buff/cache   available
Mem:          48114        1168       43649         905        3295       45463
Swap:         24191           0       24191
Total:        72306        1168       67841

              total        used        free      shared  buff/cache   available
Mem:          48114        1168       43649         905        3295       45463
Swap:         24191           0       24191
Total:        72306        1168       67841

              total        used        free      shared  buff/cache   available
Mem:          48114        1169       43648         905        3295       45462
Swap:         24191           0       24191
Total:        72306        1169       67840

              total        used        free      shared  buff/cache   available
Mem:          48114        1168       43650         905        3295       45464
Swap:         24191           0       24191
Total:        72306        1168       67842

              total        used        free      shared  buff/cache   available
Mem:          48114        1169       43648         905        3295       45463
Swap:         24191           0       24191
Total:        72306        1169       67840

              total        used        free      shared  buff/cache   available
Mem:          48114        1169       43648         905        3296       45463
Swap:         24191           0       24191
Total:        72306        1169       67840

              total        used        free      shared  buff/cache   available
Mem:          48114        1169       43648         905        3296       45462
Swap:         24191           0       24191
Total:        72306        1169       67840

              total        used        free      shared  buff/cache   available
Mem:          48114        1169       43648         905        3296       45462
Swap:         24191           0       24191
Total:        72306        1169       67840

              total        used        free      shared  buff/cache   available
Mem:          48114        1169       43648         905        3296       45463
Swap:         24191           0       24191
Total:        72306        1169       67840

              total        used        free      shared  buff/cache   available
Mem:          48114        1169       43648         905        3296       45463
Swap:         24191           0       24191
Total:        72306        1169       67840

              total        used        free      shared  buff/cache   available
Mem:          48114        1170       43647         905        3296       45462
Swap:         24191           0       24191
Total:        72306        1170       67839

              total        used        free      shared  buff/cache   available
Mem:          48114        1168       43649         905        3296       45464
Swap:         24191           0       24191
Total:        72306        1168       67841

              total        used        free      shared  buff/cache   available
Mem:          48114        1168       43649         905        3296       45464
Swap:         24191           0       24191
Total:        72306        1168       67841

              total        used        free      shared  buff/cache   available
Mem:          48114        1169       43648         905        3296       45463
Swap:         24191           0       24191
Total:        72306        1169       67840

              total        used        free      shared  buff/cache   available
Mem:          48114        1168       43648         905        3296       45463
Swap:         24191           0       24191
Total:        72306        1168       67840

              total        used        free      shared  buff/cache   available
Mem:          48114        1169       43648         905        3296       45463
Swap:         24191           0       24191
Total:        72306        1169       67840

              total        used        free      shared  buff/cache   available
Mem:          48114        1169       43647         905        3296       45462
Swap:         24191           0       24191
Total:        72306        1169       67839

              total        used        free      shared  buff/cache   available
Mem:          48114        1169       43647         905        3296       45462
Swap:         24191           0       24191
Total:        72306        1169       67839

              total        used        free      shared  buff/cache   available
Mem:          48114        1169       43647         905        3297       45462
Swap:         24191           0       24191
Total:        72306        1169       67839

              total        used        free      shared  buff/cache   available
Mem:          48114        1169       43647         905        3297       45462
Swap:         24191           0       24191
Total:        72306        1169       67839

              total        used        free      shared  buff/cache   available
Mem:          48114        1172       43644         905        3297       45460
Swap:         24191           0       24191
Total:        72306        1172       67836

              total        used        free      shared  buff/cache   available
Mem:          48114        1172       43644         905        3297       45460
Swap:         24191           0       24191
Total:        72306        1172       67836

              total        used        free      shared  buff/cache   available
Mem:          48114        1173       43643         905        3297       45459
Swap:         24191           0       24191
Total:        72306        1173       67835

              total        used        free      shared  buff/cache   available
Mem:          48114        1173       43643         905        3297       45459
Swap:         24191           0       24191
Total:        72306        1173       67835

              total        used        free      shared  buff/cache   available
Mem:          48114        1173       43643         905        3297       45459
Swap:         24191           0       24191
Total:        72306        1173       67835
