08:31:10 PM      eth0     35.00     29.00      6.66      7.88      0.00      0.00      0.00
08:31:11 PM      eth0     51.00     45.00     10.81     12.00      0.00      0.00      0.00
08:31:12 PM      eth0 555863.00  45860.00 821726.68   5195.09      0.00      0.00      0.00
08:31:13 PM      eth0 573541.00  18229.00 847867.47   2065.00      0.00      0.00      0.00
08:31:14 PM      eth0 601572.00  16733.00 889313.27   1895.54      0.00      0.00      0.00
08:31:15 PM      eth0 808262.00  22015.00 1194821.18   2493.89      0.00      0.00      0.00
08:31:16 PM      eth0 792949.00  22817.00 1172193.55   2617.98      0.00      0.00      0.00
08:31:17 PM      eth0 592679.00  16595.00 876161.70   1882.38      0.00      0.00      0.00
08:31:18 PM      eth0 590766.00  16524.00 873318.12   1871.86      0.00      0.00      0.00
08:31:19 PM      eth0 737592.00  20158.00 1090378.79   2283.52      0.00      0.00      0.00
08:31:20 PM      eth0 539553.00  16233.00 797624.09   1871.82      0.00      0.00      0.00
08:31:21 PM      eth0 621862.00  17200.00 919299.22   1948.44      0.00      0.00      0.00
08:31:22 PM      eth0 622552.00  18542.00 920319.17   2128.09      0.00      0.00      0.00
08:31:23 PM      eth0 602162.00  17005.00 890294.19   1926.35      0.00      0.00      0.00
08:31:24 PM      eth0 598453.00  16664.00 884784.95   1887.72      0.00      0.00      0.00
08:31:25 PM      eth0 598984.00  16791.00 885490.21   1902.11      0.00      0.00      0.00
08:31:26 PM      eth0 601831.00  17007.00 889697.59   1926.57      0.00      0.00      0.00
08:31:27 PM      eth0 578053.00  16382.00 854527.90   1855.77      0.00      0.00      0.00
08:31:28 PM      eth0 578800.00  16425.00 855626.49   1862.08      0.00      0.00      0.00
08:31:29 PM      eth0 580259.00  16543.00 857795.80   1874.01      0.00      0.00      0.00
08:31:30 PM      eth0 600244.00  16903.00 887341.55   1914.79      0.00      0.00      0.00
08:31:31 PM      eth0 613844.00  16966.00 907443.54   1921.93      0.00      0.00      0.00
08:31:32 PM      eth0 809569.00  22100.00 1196756.81   2504.86      0.00      0.00      0.00
08:31:33 PM      eth0 732465.00  20014.00 1082787.98   2267.21      0.00      0.00      0.00
08:31:34 PM      eth0 576344.00  16183.00 852015.22   1833.23      0.00      0.00      0.00
08:31:35 PM      eth0 705491.00  18219.00 1042898.42   2063.87      0.00      0.00      0.00
08:31:36 PM      eth0 577289.00  15973.00 853408.15   1809.44      0.00      0.00      0.00
08:31:37 PM      eth0 687746.00  18157.00 1016668.44   2056.78      0.00      0.00      0.00
08:31:38 PM      eth0 613093.00  17188.00 906335.28   1947.08      0.00      0.00      0.00
08:31:39 PM      eth0 573751.00  16297.00 848171.07   1846.12      0.00      0.00      0.00
08:31:40 PM      eth0 763334.00  20376.00 1128367.49   2308.22      0.00      0.00      0.00
08:31:41 PM      eth0 733469.00  20246.00 1084222.91   2293.49      0.00      0.00      0.00
08:31:42 PM      eth0 578859.00  16392.00 855741.54   1856.91      0.00      0.00      0.00
08:31:43 PM      eth0 582821.00  16618.00 861562.75   1882.51      0.00      0.00      0.00
08:31:44 PM      eth0 542306.00  15754.00 801687.75   1784.63      0.00      0.00      0.00
08:31:45 PM      eth0 557112.00  16077.00 823573.53   1821.22      0.00      0.00      0.00
08:31:46 PM      eth0 712826.00  19595.00 1053736.49   2219.75      0.00      0.00      0.00
08:31:47 PM      eth0 731663.00  19978.00 1081567.10   2265.61      0.00      0.00      0.00
08:31:48 PM      eth0 576593.00  16390.00 852367.32   1856.68      0.00      0.00      0.00
08:31:49 PM      eth0 575494.00  15942.00 850746.49   1805.93      0.00      0.00      0.00
08:31:50 PM      eth0 645500.00  17727.00 954222.53   2011.16      0.00      0.00      0.00
08:31:51 PM      eth0 717719.00  20930.00 1061126.67   2396.54      0.00      0.00      0.00
08:31:52 PM      eth0 587365.00  16700.00 868306.33   1891.80      0.00      0.00      0.00
08:31:53 PM      eth0 586270.00  16456.00 866678.78   1864.08      0.00      0.00      0.00
08:31:54 PM      eth0 575653.00  16486.00 850988.91   1867.55      0.00      0.00      0.00
08:31:55 PM      eth0 572944.00  16276.00 846982.36   1843.77      0.00      0.00      0.00
08:31:56 PM      eth0 599784.00  16921.00 886654.02   1916.83      0.00      0.00      0.00
08:31:57 PM      eth0 739512.00  20373.00 1093148.23   2307.88      0.00      0.00      0.00
08:31:58 PM      eth0 565879.00  16152.00 836539.08   1831.15      0.00      0.00      0.00
08:31:59 PM      eth0 614229.00  17408.00 908019.74   1972.00      0.00      0.00      0.00
08:32:00 PM      eth0 812690.00  21983.00 1201364.95   2490.26      0.00      0.00      0.00
08:32:01 PM      eth0 728979.00  20246.00 1077631.32   2293.49      0.00      0.00      0.00
08:32:02 PM      eth0 560511.00  16094.00 828597.01   1824.49      0.00      0.00      0.00
08:32:03 PM      eth0 560762.00  15982.00 828966.59   1810.46      0.00      0.00      0.00
08:32:04 PM      eth0 554306.00  15904.00 819443.98   1801.62      0.00      0.00      0.00
08:32:05 PM      eth0 599305.00  17069.00 885944.22   1933.60      0.00      0.00      0.00
08:32:06 PM      eth0 810824.00  21817.00 1198574.99   2471.38      0.00      0.00      0.00
08:32:07 PM      eth0 727005.00  20212.00 1074696.71   2289.62      0.00      0.00      0.00
08:32:08 PM      eth0 561903.00  16123.00 830645.94   1826.43      0.00      0.00      0.00
08:32:09 PM      eth0 672646.00  19771.00 994445.66   2269.56      0.00      0.00      0.00
08:32:10 PM      eth0 576842.00  16462.00 852770.10   1864.84      0.00      0.00      0.00
08:32:11 PM      eth0 565410.00  15611.00 835848.25   1768.43      0.00      0.00      0.00
08:32:12 PM      eth0 747852.00  20344.00 1105550.49   2304.59      0.00      0.00      0.00
08:32:13 PM      eth0 739249.00  19774.00 1092819.25   2240.02      0.00      0.00      0.00
08:32:14 PM      eth0 587179.00  16701.00 868024.48   1891.91      0.00      0.00      0.00
08:32:15 PM      eth0 813427.00  21758.00 1202377.70   2464.77      0.00      0.00      0.00
08:32:16 PM      eth0 810748.00  22025.00 1198442.27   2495.02      0.00      0.00      0.00
08:32:17 PM      eth0 729255.00  20218.00 1077982.93   2292.80      0.00      0.00      0.00
08:32:18 PM      eth0 561609.00  16094.00 830229.00   1823.15      0.00      0.00      0.00
08:32:19 PM      eth0 554490.00  17093.00 819804.09   1964.15      0.00      0.00      0.00
08:32:20 PM      eth0 662929.00  18655.00 980090.91   2113.26      0.00      0.00      0.00
08:32:21 PM      eth0 571558.00  16399.00 844945.79   1857.70      0.00      0.00      0.00
08:32:22 PM      eth0 680053.00  19850.00 1005400.91   2264.62      0.00      0.00      0.00
08:32:23 PM      eth0 685681.19  20386.14 1013779.97   2341.99      0.00      0.00      0.00
08:32:24 PM      eth0 578913.00  16384.00 855927.66   1856.00      0.00      0.00      0.00
08:32:25 PM      eth0 573721.00  16234.00 848244.85   1839.01      0.00      0.00      0.00
08:32:26 PM      eth0 626501.00  18764.00 926282.34   2158.21      0.00      0.00      0.00
08:32:27 PM      eth0 579856.00  16421.00 857317.91   1860.19      0.00      0.00      0.00
08:32:28 PM      eth0 582731.00  16392.00 861565.82   1858.34      0.00      0.00      0.00
08:32:29 PM      eth0 585044.00  16264.00 864992.44   1842.41      0.00      0.00      0.00
08:32:30 PM      eth0 636183.00  18683.00 940600.50   2127.23      0.00      0.00      0.00
08:32:31 PM      eth0 602420.00  17058.00 890681.70   1932.35      0.00      0.00      0.00
08:32:32 PM      eth0 567558.00  16301.00 839129.47   1847.87      0.00      0.00      0.00
08:32:33 PM      eth0 598410.00  16832.00 884751.44   1906.75      0.00      0.00      0.00
08:32:34 PM      eth0 695993.00  19257.00 1029030.85   2181.46      0.00      0.00      0.00
08:32:35 PM      eth0 549245.00  15865.00 812060.25   1797.18      0.00      0.00      0.00
08:32:36 PM      eth0 567643.00  16196.00 839264.79   1834.70      0.00      0.00      0.00
08:32:37 PM      eth0 564582.00  16228.00 834737.30   1838.33      0.00      0.00      0.00
08:32:38 PM      eth0 552289.00  15947.00 816558.90   1806.50      0.00      0.00      0.00
08:32:39 PM      eth0 703696.00  20410.00 1040417.64   2340.48      0.00      0.00      0.00
08:32:40 PM      eth0 558261.00  15988.00 825390.51   1811.14      0.00      0.00      0.00
08:32:41 PM      eth0 654350.00  18273.00 967459.87   2069.99      0.00      0.00      0.00
08:32:42 PM      eth0 627485.00  17159.00 927738.89   1943.79      0.00      0.00      0.00
08:32:43 PM      eth0 557777.00  15983.00 824674.91   1810.57      0.00      0.00      0.00
08:32:44 PM      eth0 569051.00  17306.00 841340.94   1973.73      0.00      0.00      0.00
08:32:45 PM      eth0 673781.00  18692.00 996187.04   2117.45      0.00      0.00      0.00
08:32:46 PM      eth0 732987.00  19746.00 1083726.97   2236.85      0.00      0.00      0.00
08:32:47 PM      eth0 691715.00  19100.00 1022694.43   2166.15      0.00      0.00      0.00
08:32:48 PM      eth0 616113.00  16998.00 910918.19   1925.55      0.00      0.00      0.00
08:32:49 PM      eth0 593626.00  16433.00 877663.43   1861.55      0.00      0.00      0.00
08:32:50 PM      eth0 611478.00  17040.00 904041.46   1930.31      0.00      0.00      0.00
08:32:51 PM      eth0 607663.00  17097.00 898366.72   1936.77      0.00      0.00      0.00
08:32:52 PM      eth0 811057.00  21967.00 1199153.35   2493.02      0.00      0.00      0.00
08:32:53 PM      eth0 644951.00  18800.00 953562.44   2158.54      0.00      0.00      0.00
08:32:54 PM      eth0 618205.00  17146.00 914020.07   1942.32      0.00      0.00      0.00
08:32:55 PM      eth0 725319.00  19585.00 1072387.26   2218.61      0.00      0.00      0.00
08:32:56 PM      eth0 562065.00  16060.00 830984.64   1819.30      0.00      0.00      0.00
08:32:57 PM      eth0 723643.00  19937.00 1069880.13   2258.49      0.00      0.00      0.00
08:32:58 PM      eth0 687091.00  20076.00 1015854.49   2303.30      0.00      0.00      0.00
08:32:59 PM      eth0 568167.00  16897.00 840036.69   1924.60      0.00      0.00      0.00
08:33:00 PM      eth0 576310.00  16253.00 852074.82   1841.16      0.00      0.00      0.00
08:33:01 PM      eth0 654922.00  17789.00 968305.31   2015.16      0.00      0.00      0.00
08:33:02 PM      eth0 600082.00  16533.00 887213.90   1874.20      0.00      0.00      0.00
08:33:03 PM      eth0 551906.00  15696.00 815994.54   1778.06      0.00      0.00      0.00
08:33:04 PM      eth0 574443.00  16239.00 849315.85   1839.57      0.00      0.00      0.00
08:33:05 PM      eth0 628100.00  18277.00 928647.26   2081.05      0.00      0.00      0.00
08:33:06 PM      eth0 601586.00  16629.00 889445.78   1883.75      0.00      0.00      0.00
08:33:07 PM      eth0 601086.00  16973.00 888706.52   1922.72      0.00      0.00      0.00
08:33:08 PM      eth0 611800.00  17084.00 904550.18   1935.30      0.00      0.00      0.00
08:33:09 PM      eth0 618000.00  17122.00 913716.98   1939.60      0.00      0.00      0.00
08:33:10 PM      eth0 593760.00  16722.00 877874.92   1894.22      0.00      0.00      0.00
08:33:11 PM      eth0 632276.00  17499.00 934818.59   1982.31      0.00      0.00      0.00
