05:22:15 PM      eth0     10.00      3.00      0.71      0.26      0.00      0.00      0.00
05:22:16 PM      eth0      5.00      0.00      0.29      0.00      0.00      0.00      0.00
05:22:17 PM      eth0      5.00      0.00      0.57      0.00      0.00      0.00      0.00
05:22:18 PM      eth0      4.00      0.00      0.23      0.00      0.00      0.00      0.00
05:22:19 PM      eth0      3.00      0.00      0.18      0.00      0.00      0.00      0.00
05:22:20 PM      eth0      8.00      1.00      1.62      0.16      0.00      0.00      0.00
05:22:21 PM      eth0      5.00      0.00      0.29      0.00      0.00      0.00      0.00
05:22:22 PM      eth0      8.00      1.00      1.86      0.16      0.00      0.00      0.00
05:22:23 PM      eth0      3.00      0.00      0.18      0.00      0.00      0.00      0.00
05:22:24 PM      eth0     12.00     11.00      2.16      2.90      0.00      0.00      0.00
05:22:25 PM      eth0      8.00      1.00      1.62      0.16      0.00      0.00      0.00
05:22:26 PM      eth0      5.00      0.00      0.35      0.00      0.00      0.00      0.00
05:22:27 PM      eth0      7.00      0.00      0.82      0.00      0.00      0.00      0.00
05:22:28 PM      eth0      9.00      1.00      2.06      0.16      0.00      0.00      0.00
05:22:29 PM      eth0      4.00      0.00      0.23      0.00      0.00      0.00      0.00
05:22:30 PM      eth0      8.00      1.00      1.68      0.16      0.00      0.00      0.00
05:22:31 PM      eth0      5.00      0.00      0.35      0.00      0.00      0.00      0.00
05:22:32 PM      eth0      8.00      0.00      0.99      0.00      0.00      0.00      0.00
05:22:33 PM      eth0     16.00      5.00      5.39      0.62      0.00      0.00      0.00
05:22:34 PM      eth0     29.00     21.00     11.59      4.04      0.00      0.00      0.00
05:22:35 PM      eth0     35.00     18.00     17.59      2.05      0.00      0.00      0.00
05:22:36 PM      eth0      6.00      2.00      1.23      0.20      0.00      0.00      0.00
05:22:37 PM      eth0     14.00      0.00      1.88      0.00      0.00      0.00      1.00
05:22:38 PM      eth0     12.00      1.00      1.67      0.16      0.00      0.00      0.00
05:22:39 PM      eth0     26.00      8.00      8.30      0.91      0.00      0.00      0.00
05:22:40 PM      eth0     28.00     16.00      8.70      3.16      0.00      0.00      0.00
05:22:41 PM      eth0     16.00      3.00      3.81      0.39      0.00      0.00      1.00
05:22:42 PM      eth0     26.00     14.00     13.29      1.59      0.00      0.00      0.00
05:22:43 PM      eth0     11.00      0.00      0.76      0.00      0.00      0.00      0.00
05:22:44 PM      eth0     28.00     16.00      7.38      3.52      0.00      0.00      0.00
05:22:45 PM      eth0     23.00      6.00      6.37      0.68      0.00      0.00      1.00
05:22:46 PM      eth0     18.81      6.93      6.97      0.84      0.00      0.00      0.00
05:22:47 PM      eth0     16.00      2.00      3.05      0.23      0.00      0.00      0.00
05:22:48 PM      eth0     37.00     24.00     15.22      4.26      0.00      0.00      1.00
05:22:49 PM      eth0     12.00      1.00      1.64      0.16      0.00      0.00      0.00
05:22:50 PM      eth0     22.00      8.00      8.09      0.91      0.00      0.00      0.00
05:22:51 PM      eth0     26.00      9.00      9.45      1.07      0.00      0.00      0.00
05:22:52 PM      eth0     10.00      0.00      0.64      0.00      0.00      0.00      1.00
05:22:53 PM      eth0     16.00      2.00      2.69      0.23      0.00      0.00      0.00
05:22:54 PM      eth0     41.00     26.00     16.58      4.66      0.00      0.00      1.00
05:22:55 PM      eth0     16.00      2.00      2.91      0.23      0.00      0.00      0.00
05:22:56 PM      eth0     23.00      7.00      7.45      0.85      0.00      0.00      0.00
05:22:57 PM      eth0     22.00      9.00      8.04      0.95      0.00      0.00      0.00
05:22:58 PM      eth0      9.00      0.00      0.53      0.00      0.00      0.00      1.00
05:22:59 PM      eth0     61.00     63.00     19.12     25.45      0.00      0.00      0.00
05:23:00 PM      eth0     15.00      4.00      4.24      0.46      0.00      0.00      1.00
05:23:01 PM      eth0     26.00     13.00     12.11      1.53      0.00      0.00      0.00
05:23:02 PM      eth0     23.00     12.00      5.59      2.88      0.00      0.00      0.00
05:23:03 PM      eth0     28.00     14.00     14.44      1.59      0.00      0.00      0.00
05:23:04 PM      eth0     17.00     11.00      2.50      2.90      0.00      0.00      1.00
05:23:05 PM      eth0     12.00      1.00      1.91      0.16      0.00      0.00      0.00
05:23:06 PM      eth0     19.00      4.00      4.53      0.46      0.00      0.00      1.00
05:23:07 PM      eth0     30.00     13.00     12.76      1.53      0.00      0.00      0.00
05:23:08 PM      eth0     10.00      0.00      0.64      0.00      0.00      0.00      0.00
05:23:09 PM      eth0     18.00      8.00      7.83      0.91      0.00      0.00      0.00
05:23:10 PM      eth0     15.00      9.00      2.11      2.41      0.00      0.00      1.00
05:23:11 PM      eth0      9.00      0.00      0.80      0.00      0.00      0.00      0.00
05:23:12 PM      eth0     24.00     17.00      3.92      4.86      0.00      0.00      0.00
05:23:13 PM      eth0      7.00      0.00      0.47      0.00      0.00      0.00      0.00
05:23:14 PM      eth0     17.00     12.00      3.32      3.07      0.00      0.00      1.00
05:23:15 PM      eth0      9.00      0.00      1.13      0.00      0.00      0.00      0.00
05:23:16 PM      eth0      4.00      0.00      0.23      0.00      0.00      0.00      1.00
05:23:17 PM      eth0      7.00      1.00      1.56      0.16      0.00      0.00      0.00
05:23:18 PM      eth0      7.00      1.00      0.47      0.04      0.00      0.00      0.00
05:23:19 PM      eth0      7.00      1.00      1.29      0.16      0.00      0.00      0.00
05:23:20 PM      eth0      6.00      0.00      0.69      0.00      0.00      0.00      0.00
05:23:21 PM      eth0      6.00      1.00      1.23      0.16      0.00      0.00      0.00
05:23:22 PM      eth0      4.00      0.00      0.29      0.00      0.00      0.00      0.00
05:23:23 PM      eth0      8.00      1.00      1.48      0.16      0.00      0.00      0.00
05:23:24 PM      eth0     13.00     11.00      2.27      2.90      0.00      0.00      0.00
05:23:25 PM      eth0      9.00      1.00      1.46      0.16      0.00      0.00      0.00
05:23:26 PM      eth0      6.00      0.00      0.95      0.00      0.00      0.00      0.00
05:23:27 PM      eth0      7.00      1.00      1.40      0.16      0.00      0.00      0.00
05:23:28 PM      eth0      6.00      0.00      0.71      0.00      0.00      0.00      0.00
05:23:29 PM      eth0     10.00      1.00      1.85      0.16      0.00      0.00      0.00
05:23:30 PM      eth0      6.00      0.00      0.43      0.00      0.00      0.00      0.00
05:23:31 PM      eth0      7.00      0.00      0.53      0.00      0.00      0.00      0.00
05:23:32 PM      eth0      8.00      1.00      1.56      0.16      0.00      0.00      0.00
05:23:33 PM      eth0      4.00      0.00      0.29      0.00      0.00      0.00      0.00
05:23:34 PM      eth0     18.00     12.00      3.65      3.07      0.00      0.00      0.00
05:23:35 PM      eth0      6.00      0.00      0.41      0.00      0.00      0.00      0.00
05:23:36 PM      eth0      9.00      1.00      1.60      0.16      0.00      0.00      0.00
05:23:37 PM      eth0      6.00      0.00      0.71      0.00      0.00      0.00      0.00
05:23:38 PM      eth0     12.00      2.00      2.11      0.20      0.00      0.00      0.00
05:23:39 PM      eth0      5.00      0.00      0.37      0.00      0.00      0.00      0.00
05:23:40 PM      eth0     13.00      9.00      2.05      2.41      0.00      0.00      0.00
05:23:41 PM      eth0      5.00      0.00      0.29      0.00      0.00      0.00      0.00
05:23:42 PM      eth0     10.00      1.00      2.10      0.16      0.00      0.00      0.00
05:23:43 PM      eth0      4.00      0.00      0.23      0.00      0.00      0.00      0.00
05:23:44 PM      eth0     17.00     12.00      3.44      3.07      0.00      0.00      0.00
05:23:45 PM      eth0      4.00      0.00      0.23      0.00      0.00      0.00      0.00
05:23:46 PM      eth0      8.00      0.00      1.14      0.00      0.00      0.00      0.00
05:23:47 PM      eth0      6.00      1.00      1.23      0.16      0.00      0.00      0.00
05:23:48 PM      eth0      7.00      0.00      0.47      0.00      0.00      0.00      0.00
05:23:49 PM      eth0      8.00      1.00      1.40      0.16      0.00      0.00      0.00
05:23:50 PM      eth0     15.00     10.00      2.23      2.67      0.00      0.00      0.00
05:23:51 PM      eth0      7.00      1.00      1.34      0.16      0.00      0.00      0.00
05:23:52 PM      eth0      7.00      0.00      0.49      0.00      0.00      0.00      0.00
05:23:53 PM      eth0     10.00      1.00      1.58      0.16      0.00      0.00      0.00
05:23:54 PM      eth0     16.00     11.00      2.60      2.90      0.00      0.00      0.00
05:23:55 PM      eth0      7.00      0.00      0.53      0.00      0.00      0.00      0.00
05:23:56 PM      eth0      6.00      1.00      1.23      0.16      0.00      0.00      0.00
05:23:57 PM      eth0      7.00      0.00      0.55      0.00      0.00      0.00      0.00
05:23:58 PM      eth0      9.00      1.00      1.54      0.16      0.00      0.00      0.00
05:23:59 PM      eth0      7.00      0.00      0.74      0.00      0.00      0.00      0.00
05:24:00 PM      eth0     62.00     64.00     19.33     25.49      0.00      0.00      0.00
05:24:01 PM      eth0     12.00     10.00      2.41      2.65      0.00      0.00      0.00
05:24:02 PM      eth0      8.00      0.00      0.86      0.00      0.00      0.00      0.00
05:24:03 PM      eth0      7.00      1.00      1.29      0.16      0.00      0.00      0.00
05:24:04 PM      eth0     16.00     11.00      2.50      2.90      0.00      0.00      0.00
05:24:05 PM      eth0      9.00      1.00      1.40      0.16      0.00      0.00      0.00
05:24:06 PM      eth0      8.00      0.00      1.56      0.00      0.00      0.00      0.00
05:24:07 PM      eth0      8.00      1.00      1.40      0.16      0.00      0.00      0.00
05:24:08 PM      eth0      4.00      0.00      0.29      0.00      0.00      0.00      0.00
05:24:09 PM      eth0      7.00      1.00      1.34      0.16      0.00      0.00      0.00
05:24:10 PM      eth0     11.00      8.00      1.29      2.25      0.00      0.00      0.00
05:24:11 PM      eth0     10.00      1.00      1.85      0.16      0.00      0.00      0.00
05:24:12 PM      eth0      4.00      0.00      0.23      0.00      0.00      0.00      0.00
05:24:13 PM      eth0     10.00      3.00      1.59      0.29      0.00      0.00      0.00
05:24:14 PM      eth0     13.00     11.00      2.29      2.90      0.00      0.00      0.00
05:24:15 PM      eth0     10.00      1.00      1.58      0.16      0.00      0.00      0.00
05:24:16 PM      eth0      6.00      0.00      0.43      0.00      0.00      0.00      0.00
05:24:17 PM      eth0      8.00      1.00      1.68      0.16      0.00      0.00      0.00
05:24:18 PM      eth0      4.00      0.00      0.29      0.00      0.00      0.00      0.00
05:24:19 PM      eth0      5.00      0.00      0.41      0.00      0.00      0.00      0.00
05:24:20 PM      eth0      3.96      0.00      0.23      0.00      0.00      0.00      0.00
05:24:21 PM      eth0      7.00      1.00      0.53      0.04      0.00      0.00      0.00
05:24:22 PM      eth0      5.00      0.00      0.57      0.00      0.00      0.00      0.00
05:24:23 PM      eth0      7.00      0.00      0.59      0.00      0.00      0.00      0.00
05:24:24 PM      eth0     13.00     11.00      2.21      2.90      0.00      0.00      0.00
05:24:25 PM      eth0      6.00      0.00      0.41      0.00      0.00      0.00      0.00
05:24:26 PM      eth0    133.00    182.00     49.03     89.70      0.00      0.00      0.00
05:24:27 PM      eth0 48543907861.00 69008770986.00 51243348797.15 97788968611.75      0.00      0.00 105111.00
05:24:28 PM      eth0 48543907913.00 69008771038.00 51243348811.23 97788968627.68      0.00      0.00 105111.00
05:24:29 PM      eth0     22.00     29.00      4.12      5.87      0.00      0.00      0.00
05:24:30 PM      eth0      6.00      4.00      0.36      0.47      0.00      0.00      0.00
05:24:31 PM      eth0     78.00     99.00     25.99     44.10      0.00      0.00      0.00
05:24:32 PM      eth0      4.00      0.00      0.23      0.00      0.00      0.00      0.00
05:24:33 PM      eth0      4.00      6.00      0.23      0.70      0.00      0.00      0.00
05:24:34 PM      eth0     15.00     13.00      2.33      2.99      0.00      0.00      0.00
05:24:35 PM      eth0      8.00      1.00      1.70      0.16      0.00      0.00      0.00
05:24:36 PM      eth0     14.00     11.00      4.16      2.34      0.00      0.00      0.00
05:24:37 PM      eth0      9.00      6.00      1.40      0.70      0.00      0.00      0.00
05:24:38 PM      eth0      9.00      0.00      1.19      0.00      0.00      0.00      0.00
05:24:39 PM      eth0      5.00      0.00      0.29      0.00      0.00      0.00      0.00
05:24:40 PM      eth0     14.00      8.00      1.25      2.25      0.00      0.00      0.00
05:24:41 PM      eth0     25.00     23.00     14.43     10.62      0.00      0.00      0.00
05:24:42 PM      eth0    173.00    231.00     56.74    110.21      0.00      0.00      0.00
05:24:43 PM      eth0 48543908317.00 69008771495.00 51243348931.18 97788968815.20      0.00      0.00 105111.00
05:24:44 PM      eth0     65.00     79.00     19.59     21.76      0.00      0.00      0.00
05:24:45 PM      eth0     32.00     31.00      5.23      5.95      0.00      0.00      0.00
05:24:46 PM      eth0      7.00      0.00      0.93      0.00      0.00      0.00      0.00
05:24:47 PM      eth0     81.00    101.00     25.72     44.23      0.00      0.00      0.00
05:24:48 PM      eth0      5.00      3.00      0.30      0.35      0.00      0.00      0.00
05:24:49 PM      eth0      4.00      6.00      0.23      0.70      0.00      0.00      0.00
05:24:50 PM      eth0      9.00      2.00      1.96      0.29      0.00      0.00      0.00
05:24:51 PM      eth0     41.00     41.00     15.58     11.36      0.00      0.00      0.00
05:24:52 PM      eth0     20.00     14.00      6.42      2.74      0.00      0.00      0.00
05:24:53 PM      eth0      6.00      6.00      0.44      0.70      0.00      0.00      0.00
05:24:54 PM      eth0     11.00     11.00      2.09      2.90      0.00      0.00      0.00
05:24:55 PM      eth0      9.00      0.00      0.77      0.00      0.00      0.00      0.00
05:24:56 PM      eth0      6.00      0.00      0.41      0.00      0.00      0.00      0.00
05:24:57 PM      eth0    133.00    169.00     45.52     82.59      0.00      0.00      0.00
05:24:58 PM      eth0 48543908832.00 69008772067.00 51243349091.34 97788969033.24      0.00      0.00 105111.00
05:24:59 PM      eth0 48543908870.00 69008772108.00 51243349101.33 97788969047.03      0.00      0.00 105111.00
05:25:00 PM      eth0     23.00     24.00      6.40      5.05      0.00      0.00      0.00
05:25:01 PM      eth0     17.00     10.00      2.26      2.34      0.00      0.00      0.00
05:25:02 PM      eth0      9.00      9.00      1.26      2.71      0.00      0.00      0.00
05:25:03 PM      eth0    154.00    192.00     56.11     77.72      0.00      0.00      0.00
05:25:04 PM      eth0     21.00     33.00      4.59      6.88      0.00      0.00      0.00
05:25:05 PM      eth0    135.00    178.00     47.66     83.74      0.00      0.00      0.00
05:25:06 PM      eth0 48543909321.00 69008772659.00 51243349256.04 97788969269.19      0.00      0.00 105111.00
05:25:07 PM      eth0     45.00     41.00     10.43     13.59      0.00      0.00      0.00
05:25:08 PM      eth0     24.00     30.00      6.50      5.75      0.00      0.00      0.00
05:25:09 PM      eth0     18.00     10.00      3.00      2.34      0.00      0.00      0.00
05:25:10 PM      eth0     13.00      9.00      1.66      2.38      0.00      0.00      0.00
05:25:11 PM      eth0     89.00    112.00     27.95     48.24      0.00      0.00      0.00
05:25:12 PM      eth0      9.00      6.00      0.59      0.70      0.00      0.00      0.00
05:25:13 PM      eth0     10.00      2.00      1.74      0.20      0.00      0.00      0.00
05:25:14 PM      eth0     27.00     23.00      9.84      5.44      0.00      0.00      0.00
05:25:15 PM      eth0     21.00     25.00      9.06      5.83      0.00      0.00      0.00
05:25:16 PM      eth0      5.00      9.00      0.29      1.05      0.00      0.00      0.00
05:25:17 PM      eth0      6.00      0.00      0.35      0.00      0.00      0.00      0.00
05:25:18 PM      eth0      8.00      9.00      1.23      2.57      0.00      0.00      0.00
05:25:19 PM      eth0      7.00      6.00      0.74      0.68      0.00      0.00      0.00
05:25:20 PM      eth0     88.00    118.00     32.17     54.47      0.00      0.00      0.00
05:37:42 PM      eth0 48600098991.00 69085530972.00 51250565246.52 97902424931.49      0.00      0.00 105115.00
05:37:43 PM      eth0    185.00    239.00     50.69    106.96      0.00      0.00      0.00
05:37:44 PM      eth0    265.66    361.62     69.10    159.52      0.00      0.00      0.00
05:37:45 PM      eth0    262.38    379.21     63.51    164.14      0.00      0.00      0.00
05:37:46 PM      eth0     32.00     31.00     10.69      9.87      0.00      0.00      0.00
05:37:47 PM      eth0     39.00     37.00     11.67     11.75      0.00      0.00      0.00
05:37:48 PM      eth0    123.00    139.00     36.18     45.63      0.00      0.00      0.00
05:37:49 PM      eth0     26.00      9.00     10.05      1.37      0.00      0.00      0.00
05:37:50 PM      eth0     87.00     82.00     25.26     25.93      0.00      0.00      0.00
05:37:51 PM      eth0     48.00     32.00     14.11      9.82      0.00      0.00      0.00
05:37:52 PM      eth0     99.00     91.00     27.54     29.93      0.00      0.00      0.00
05:37:53 PM      eth0     68.00     56.00     19.70     17.01      0.00      0.00      0.00
05:37:54 PM      eth0     66.00     47.00     18.35     14.89      0.00      0.00      0.00
05:37:55 PM      eth0    103.00    106.00     27.89     34.34      0.00      0.00      0.00
05:37:56 PM      eth0     28.00      5.00      7.06      0.82      0.00      0.00      0.00
05:37:57 PM      eth0     51.00     37.00     12.88     11.75      0.00      0.00      0.00
05:37:58 PM      eth0    107.00    103.00     27.64     34.15      0.00      0.00      0.00
05:37:59 PM      eth0     24.00      2.00      4.45      0.33      0.00      0.00      0.00
05:38:00 PM      eth0     23.00      4.00      5.85      0.65      0.00      0.00      0.00
05:38:01 PM      eth0     19.00      3.00      4.49      0.49      0.00      0.00      0.00
05:38:02 PM      eth0     16.00      3.00      4.59      0.49      0.00      0.00      0.00
05:38:03 PM      eth0     14.00      3.00      4.20      0.49      0.00      0.00      0.00
05:38:04 PM      eth0     20.00     14.00      6.00      3.39      0.00      0.00      0.00
05:38:05 PM      eth0     12.00      3.00      4.08      0.49      0.00      0.00      0.00
05:38:06 PM      eth0      9.00      3.00      3.91      0.49      0.00      0.00      0.00
05:38:07 PM      eth0     19.00     13.00      6.06      3.16      0.00      0.00      0.00
05:38:08 PM      eth0     81.00     83.00     31.37     24.08      0.00      0.00      0.00
05:38:09 PM      eth0    138.00    149.00     57.09     41.15      0.00      0.00      0.00
05:38:10 PM      eth0     14.00     11.00      4.49      2.74      0.00      0.00      0.00
05:38:11 PM      eth0      8.00      2.00      2.72      0.33      0.00      0.00      0.00
05:38:12 PM      eth0     17.00     13.00      6.00      3.14      0.00      0.00      0.00
05:38:13 PM      eth0     12.00      4.00      4.24      0.65      0.00      0.00      0.00
05:38:14 PM      eth0     73.00     81.00     25.64     29.30      0.00      0.00      0.00
05:38:15 PM      eth0     21.00      6.00      6.93      0.98      0.00      0.00      0.00
05:38:16 PM      eth0     17.00      6.00      6.30      0.98      0.00      0.00      0.00
05:38:17 PM      eth0     16.00      6.00      6.24      0.98      0.00      0.00      0.00
05:38:18 PM      eth0     19.00      8.00      8.18      1.30      0.00      0.00      0.00
05:38:19 PM      eth0     21.00      8.00      8.58      1.30      0.00      0.00      0.00
05:38:20 PM      eth0     20.00      8.00      8.73      1.30      0.00      0.00      0.00
05:38:21 PM      eth0     36.00     16.00     18.67      2.61      0.00      0.00      0.00
05:38:22 PM      eth0     41.00     18.00     20.73      2.94      0.00      0.00      0.00
05:38:23 PM      eth0     39.00     17.00     20.01      2.77      0.00      0.00      0.00
05:38:24 PM      eth0     47.00     28.00     22.59      5.68      0.00      0.00      0.00
05:38:25 PM      eth0     34.00     15.00     18.73      2.45      0.00      0.00      0.00
05:38:26 PM      eth0     36.00     15.00     18.39      2.45      0.00      0.00      0.00
05:38:27 PM      eth0     13.00      6.00      2.81      2.02      0.00      0.00      0.00
