              total        used        free      shared  buff/cache   available
Mem:          48114        3117       41600         953        3395       43422
Swap:         24191           0       24191
Total:        72306        3117       65792

              total        used        free      shared  buff/cache   available
Mem:          48114        3118       41599         953        3396       43420
Swap:         24191           0       24191
Total:        72306        3118       65791

              total        used        free      shared  buff/cache   available
Mem:          48114        3119       41598         953        3396       43420
Swap:         24191           0       24191
Total:        72306        3119       65790

              total        used        free      shared  buff/cache   available
Mem:          48114        3118       41598         953        3396       43420
Swap:         24191           0       24191
Total:        72306        3118       65790

              total        used        free      shared  buff/cache   available
Mem:          48114        3119       41597         953        3396       43419
Swap:         24191           0       24191
Total:        72306        3119       65789

              total        used        free      shared  buff/cache   available
Mem:          48114        3121       41596         953        3396       43418
Swap:         24191           0       24191
Total:        72306        3121       65788

              total        used        free      shared  buff/cache   available
Mem:          48114        3121       41595         953        3396       43417
Swap:         24191           0       24191
Total:        72306        3121       65787

              total        used        free      shared  buff/cache   available
Mem:          48114        3121       41595         953        3396       43418
Swap:         24191           0       24191
Total:        72306        3121       65787

              total        used        free      shared  buff/cache   available
Mem:          48114        3121       41595         953        3396       43418
Swap:         24191           0       24191
Total:        72306        3121       65787

              total        used        free      shared  buff/cache   available
Mem:          48114        3121       41595         953        3397       43418
Swap:         24191           0       24191
Total:        72306        3121       65787

              total        used        free      shared  buff/cache   available
Mem:          48114        3120       41595         953        3397       43418
Swap:         24191           0       24191
Total:        72306        3120       65787

              total        used        free      shared  buff/cache   available
Mem:          48114        3119       41597         953        3397       43420
Swap:         24191           0       24191
Total:        72306        3119       65789

              total        used        free      shared  buff/cache   available
Mem:          48114        3119       41596         953        3397       43419
Swap:         24191           0       24191
Total:        72306        3119       65788

              total        used        free      shared  buff/cache   available
Mem:          48114        3119       41597         953        3397       43419
Swap:         24191           0       24191
Total:        72306        3119       65789

              total        used        free      shared  buff/cache   available
Mem:          48114        3120       41595         953        3397       43418
Swap:         24191           0       24191
Total:        72306        3120       65787

              total        used        free      shared  buff/cache   available
Mem:          48114        3119       41597         953        3398       43420
Swap:         24191           0       24191
Total:        72306        3119       65789

              total        used        free      shared  buff/cache   available
Mem:          48114        3120       41595         953        3398       43418
Swap:         24191           0       24191
Total:        72306        3120       65787

              total        used        free      shared  buff/cache   available
Mem:          48114        3120       41594         953        3399       43417
Swap:         24191           0       24191
Total:        72306        3120       65786

              total        used        free      shared  buff/cache   available
Mem:          48114        3121       41594         953        3398       43417
Swap:         24191           0       24191
Total:        72306        3121       65786

              total        used        free      shared  buff/cache   available
Mem:          48114        3123       41591         953        3398       43414
Swap:         24191           0       24191
Total:        72306        3123       65783

              total        used        free      shared  buff/cache   available
Mem:          48114        3124       41589         953        3399       43413
Swap:         24191           0       24191
Total:        72306        3124       65781

              total        used        free      shared  buff/cache   available
Mem:          48114        3124       41589         953        3399       43413
Swap:         24191           0       24191
Total:        72306        3124       65781

              total        used        free      shared  buff/cache   available
Mem:          48114        3124       41591         953        3398       43415
Swap:         24191           0       24191
Total:        72306        3124       65783

              total        used        free      shared  buff/cache   available
Mem:          48114        3126       41589         953        3398       43413
Swap:         24191           0       24191
Total:        72306        3126       65781

              total        used        free      shared  buff/cache   available
Mem:          48114        3125       41589         953        3398       43413
Swap:         24191           0       24191
Total:        72306        3125       65781

              total        used        free      shared  buff/cache   available
Mem:          48114        3122       41592         953        3398       43416
Swap:         24191           0       24191
Total:        72306        3122       65784

              total        used        free      shared  buff/cache   available
Mem:          48114        3121       41594         953        3399       43418
Swap:         24191           0       24191
Total:        72306        3121       65786

              total        used        free      shared  buff/cache   available
Mem:          48114        3122       41592         953        3398       43417
Swap:         24191           0       24191
Total:        72306        3122       65784

              total        used        free      shared  buff/cache   available
Mem:          48114        3122       41592         953        3399       43416
Swap:         24191           0       24191
Total:        72306        3122       65784

              total        used        free      shared  buff/cache   available
Mem:          48114        3123       41591         953        3399       43415
Swap:         24191           0       24191
Total:        72306        3123       65783

              total        used        free      shared  buff/cache   available
Mem:          48114        3122       41592         953        3399       43417
Swap:         24191           0       24191
Total:        72306        3122       65784

              total        used        free      shared  buff/cache   available
Mem:          48114        3121       41593         953        3399       43418
Swap:         24191           0       24191
Total:        72306        3121       65785

              total        used        free      shared  buff/cache   available
Mem:          48114        3121       41593         953        3399       43418
Swap:         24191           0       24191
Total:        72306        3121       65785

              total        used        free      shared  buff/cache   available
Mem:          48114        3123       41591         953        3399       43416
Swap:         24191           0       24191
Total:        72306        3123       65783

              total        used        free      shared  buff/cache   available
Mem:          48114        3123       41591         953        3399       43416
Swap:         24191           0       24191
Total:        72306        3123       65783

              total        used        free      shared  buff/cache   available
Mem:          48114        3122       41592         953        3399       43417
Swap:         24191           0       24191
Total:        72306        3122       65784

              total        used        free      shared  buff/cache   available
Mem:          48114        3123       41590         953        3399       43416
Swap:         24191           0       24191
Total:        72306        3123       65782

              total        used        free      shared  buff/cache   available
Mem:          48114        3122       41591         953        3400       43416
Swap:         24191           0       24191
Total:        72306        3122       65783

              total        used        free      shared  buff/cache   available
Mem:          48114        3122       41591         953        3400       43417
Swap:         24191           0       24191
Total:        72306        3122       65783

              total        used        free      shared  buff/cache   available
Mem:          48114        3120       41593         953        3400       43419
Swap:         24191           0       24191
Total:        72306        3120       65785

              total        used        free      shared  buff/cache   available
Mem:          48114        3119       41594         953        3400       43420
Swap:         24191           0       24191
Total:        72306        3119       65786

              total        used        free      shared  buff/cache   available
Mem:          48114        3117       41596         953        3400       43421
Swap:         24191           0       24191
Total:        72306        3117       65788

              total        used        free      shared  buff/cache   available
Mem:          48114        3115       41598         953        3400       43424
Swap:         24191           0       24191
Total:        72306        3115       65790

              total        used        free      shared  buff/cache   available
Mem:          48114        3116       41597         953        3400       43423
Swap:         24191           0       24191
Total:        72306        3116       65789

              total        used        free      shared  buff/cache   available
Mem:          48114        3117       41595         953        3401       43421
Swap:         24191           0       24191
Total:        72306        3117       65787

              total        used        free      shared  buff/cache   available
Mem:          48114        3115       41597         953        3401       43423
Swap:         24191           0       24191
Total:        72306        3115       65789

              total        used        free      shared  buff/cache   available
Mem:          48114        3115       41597         953        3401       43424
Swap:         24191           0       24191
Total:        72306        3115       65789

              total        used        free      shared  buff/cache   available
Mem:          48114        3115       41597         953        3401       43423
Swap:         24191           0       24191
Total:        72306        3115       65789

              total        used        free      shared  buff/cache   available
Mem:          48114        3115       41597         953        3401       43423
Swap:         24191           0       24191
Total:        72306        3115       65789

              total        used        free      shared  buff/cache   available
Mem:          48114        3113       41599         953        3401       43425
Swap:         24191           0       24191
Total:        72306        3113       65791

              total        used        free      shared  buff/cache   available
Mem:          48114        3111       41600         953        3401       43427
Swap:         24191           0       24191
Total:        72306        3111       65792

              total        used        free      shared  buff/cache   available
Mem:          48114        3112       41599         953        3401       43426
Swap:         24191           0       24191
Total:        72306        3112       65791

              total        used        free      shared  buff/cache   available
Mem:          48114        3113       41599         953        3401       43426
Swap:         24191           0       24191
Total:        72306        3113       65791

              total        used        free      shared  buff/cache   available
Mem:          48114        3113       41599         953        3401       43426
Swap:         24191           0       24191
Total:        72306        3113       65791

              total        used        free      shared  buff/cache   available
Mem:          48114        3115       41597         953        3401       43424
Swap:         24191           0       24191
Total:        72306        3115       65789

              total        used        free      shared  buff/cache   available
Mem:          48114        3113       41598         953        3401       43425
Swap:         24191           0       24191
Total:        72306        3113       65790

              total        used        free      shared  buff/cache   available
Mem:          48114        3115       41597         953        3401       43424
Swap:         24191           0       24191
Total:        72306        3115       65789

              total        used        free      shared  buff/cache   available
Mem:          48114        3113       41598         953        3402       43425
Swap:         24191           0       24191
Total:        72306        3113       65790

              total        used        free      shared  buff/cache   available
Mem:          48114        3113       41598         953        3402       43425
Swap:         24191           0       24191
Total:        72306        3113       65790

              total        used        free      shared  buff/cache   available
Mem:          48114        3112       41599         953        3402       43426
Swap:         24191           0       24191
Total:        72306        3112       65791

              total        used        free      shared  buff/cache   available
Mem:          48114        3113       41598         953        3402       43426
Swap:         24191           0       24191
Total:        72306        3113       65790

              total        used        free      shared  buff/cache   available
Mem:          48114        3113       41598         953        3402       43426
Swap:         24191           0       24191
Total:        72306        3113       65790

              total        used        free      shared  buff/cache   available
Mem:          48114        3112       41599         953        3402       43427
Swap:         24191           0       24191
Total:        72306        3112       65791

              total        used        free      shared  buff/cache   available
Mem:          48114        3111       41599         953        3403       43427
Swap:         24191           0       24191
Total:        72306        3111       65791

              total        used        free      shared  buff/cache   available
Mem:          48114        3112       41598         953        3403       43426
Swap:         24191           0       24191
Total:        72306        3112       65790

              total        used        free      shared  buff/cache   available
Mem:          48114        3112       41598         953        3403       43426
Swap:         24191           0       24191
Total:        72306        3112       65790

              total        used        free      shared  buff/cache   available
Mem:          48114        3111       41599         953        3403       43427
Swap:         24191           0       24191
Total:        72306        3111       65791

              total        used        free      shared  buff/cache   available
Mem:          48114        3112       41598         953        3403       43426
Swap:         24191           0       24191
Total:        72306        3112       65790

              total        used        free      shared  buff/cache   available
Mem:          48114        3111       41599         953        3403       43427
Swap:         24191           0       24191
Total:        72306        3111       65791

              total        used        free      shared  buff/cache   available
Mem:          48114        3111       41598         953        3403       43427
Swap:         24191           0       24191
Total:        72306        3111       65790

              total        used        free      shared  buff/cache   available
Mem:          48114        3111       41599         953        3403       43428
Swap:         24191           0       24191
Total:        72306        3111       65791

              total        used        free      shared  buff/cache   available
Mem:          48114        3112       41598         953        3403       43427
Swap:         24191           0       24191
Total:        72306        3112       65790

              total        used        free      shared  buff/cache   available
Mem:          48114        3112       41598         953        3403       43427
Swap:         24191           0       24191
Total:        72306        3112       65790

              total        used        free      shared  buff/cache   available
Mem:          48114        3112       41597         953        3403       43426
Swap:         24191           0       24191
Total:        72306        3112       65789

              total        used        free      shared  buff/cache   available
Mem:          48114        3111       41598         953        3403       43427
Swap:         24191           0       24191
Total:        72306        3111       65790

              total        used        free      shared  buff/cache   available
Mem:          48114        3111       41599         953        3404       43428
Swap:         24191           0       24191
Total:        72306        3111       65791

              total        used        free      shared  buff/cache   available
Mem:          48114        3111       41598         953        3403       43427
Swap:         24191           0       24191
Total:        72306        3111       65790

              total        used        free      shared  buff/cache   available
Mem:          48114        3112       41597         953        3404       43427
Swap:         24191           0       24191
Total:        72306        3112       65789

              total        used        free      shared  buff/cache   available
Mem:          48114        3111       41598         953        3404       43428
Swap:         24191           0       24191
Total:        72306        3111       65790

              total        used        free      shared  buff/cache   available
Mem:          48114        3110       41599         953        3404       43428
Swap:         24191           0       24191
Total:        72306        3110       65791

              total        used        free      shared  buff/cache   available
Mem:          48114        3111       41598         953        3404       43428
Swap:         24191           0       24191
Total:        72306        3111       65790

              total        used        free      shared  buff/cache   available
Mem:          48114        3112       41597         953        3404       43427
Swap:         24191           0       24191
Total:        72306        3112       65789

              total        used        free      shared  buff/cache   available
Mem:          48114        3111       41598         953        3404       43428
Swap:         24191           0       24191
Total:        72306        3111       65790

              total        used        free      shared  buff/cache   available
Mem:          48114        3113       41596         953        3404       43426
Swap:         24191           0       24191
Total:        72306        3113       65788

              total        used        free      shared  buff/cache   available
Mem:          48114        3112       41597         953        3404       43427
Swap:         24191           0       24191
Total:        72306        3112       65789

              total        used        free      shared  buff/cache   available
Mem:          48114        3112       41596         953        3404       43426
Swap:         24191           0       24191
Total:        72306        3112       65788

              total        used        free      shared  buff/cache   available
Mem:          48114        3112       41597         953        3405       43427
Swap:         24191           0       24191
Total:        72306        3112       65789

              total        used        free      shared  buff/cache   available
Mem:          48114        3114       41594         953        3405       43425
Swap:         24191           0       24191
Total:        72306        3114       65786

              total        used        free      shared  buff/cache   available
Mem:          48114        3112       41596         953        3405       43426
Swap:         24191           0       24191
Total:        72306        3112       65788

              total        used        free      shared  buff/cache   available
Mem:          48114        3113       41595         953        3405       43426
Swap:         24191           0       24191
Total:        72306        3113       65787

              total        used        free      shared  buff/cache   available
Mem:          48114        3112       41595         953        3405       43426
Swap:         24191           0       24191
Total:        72306        3112       65787

              total        used        free      shared  buff/cache   available
Mem:          48114        3113       41595         953        3405       43426
Swap:         24191           0       24191
Total:        72306        3113       65787

              total        used        free      shared  buff/cache   available
Mem:          48114        3113       41595         953        3405       43426
Swap:         24191           0       24191
Total:        72306        3113       65787

              total        used        free      shared  buff/cache   available
Mem:          48114        3113       41595         953        3405       43426
Swap:         24191           0       24191
Total:        72306        3113       65787

              total        used        free      shared  buff/cache   available
Mem:          48114        3113       41595         953        3405       43426
Swap:         24191           0       24191
Total:        72306        3113       65787

              total        used        free      shared  buff/cache   available
Mem:          48114        3112       41596         953        3405       43427
Swap:         24191           0       24191
Total:        72306        3112       65788

              total        used        free      shared  buff/cache   available
Mem:          48114        3113       41595         953        3405       43426
Swap:         24191           0       24191
Total:        72306        3113       65787

              total        used        free      shared  buff/cache   available
Mem:          48114        3112       41595         953        3405       43427
Swap:         24191           0       24191
Total:        72306        3112       65787

              total        used        free      shared  buff/cache   available
Mem:          48114        3112       41595         953        3406       43427
Swap:         24191           0       24191
Total:        72306        3112       65787

              total        used        free      shared  buff/cache   available
Mem:          48114        3113       41594         953        3406       43426
Swap:         24191           0       24191
Total:        72306        3113       65786

              total        used        free      shared  buff/cache   available
Mem:          48114        3112       41595         953        3406       43427
Swap:         24191           0       24191
Total:        72306        3112       65787

              total        used        free      shared  buff/cache   available
Mem:          48114        3112       41595         953        3406       43427
Swap:         24191           0       24191
Total:        72306        3112       65787

              total        used        free      shared  buff/cache   available
Mem:          48114        3112       41594         953        3406       43427
Swap:         24191           0       24191
Total:        72306        3112       65786

              total        used        free      shared  buff/cache   available
Mem:          48114        3112       41594         953        3406       43427
Swap:         24191           0       24191
Total:        72306        3112       65786

              total        used        free      shared  buff/cache   available
Mem:          48114        3111       41595         953        3406       43427
Swap:         24191           0       24191
Total:        72306        3111       65787

              total        used        free      shared  buff/cache   available
Mem:          48114        3111       41595         953        3406       43427
Swap:         24191           0       24191
Total:        72306        3111       65787

              total        used        free      shared  buff/cache   available
Mem:          48114        3112       41594         953        3407       43427
Swap:         24191           0       24191
Total:        72306        3112       65786

              total        used        free      shared  buff/cache   available
Mem:          48114        3112       41594         953        3407       43427
Swap:         24191           0       24191
Total:        72306        3112       65786

              total        used        free      shared  buff/cache   available
Mem:          48114        3113       41593         953        3407       43426
Swap:         24191           0       24191
Total:        72306        3113       65785

              total        used        free      shared  buff/cache   available
Mem:          48114        3116       41590         953        3407       43423
Swap:         24191           0       24191
Total:        72306        3116       65782

              total        used        free      shared  buff/cache   available
Mem:          48114        3116       41590         953        3407       43423
Swap:         24191           0       24191
Total:        72306        3116       65782

              total        used        free      shared  buff/cache   available
Mem:          48114        3116       41590         953        3407       43423
Swap:         24191           0       24191
Total:        72306        3116       65782

              total        used        free      shared  buff/cache   available
Mem:          48114        3110       41595         953        3407       43429
Swap:         24191           0       24191
Total:        72306        3110       65787

              total        used        free      shared  buff/cache   available
Mem:          48114        3111       41595         953        3407       43428
Swap:         24191           0       24191
Total:        72306        3111       65787

              total        used        free      shared  buff/cache   available
Mem:          48114        3110       41595         953        3408       43428
Swap:         24191           0       24191
Total:        72306        3110       65787

              total        used        free      shared  buff/cache   available
Mem:          48114        3111       41594         953        3408       43428
Swap:         24191           0       24191
Total:        72306        3111       65786

              total        used        free      shared  buff/cache   available
Mem:          48114        3111       41594         953        3408       43428
Swap:         24191           0       24191
Total:        72306        3111       65786

              total        used        free      shared  buff/cache   available
Mem:          48114        3111       41594         953        3408       43428
Swap:         24191           0       24191
Total:        72306        3111       65786

              total        used        free      shared  buff/cache   available
Mem:          48114        3110       41595         953        3408       43429
Swap:         24191           0       24191
Total:        72306        3110       65787

              total        used        free      shared  buff/cache   available
Mem:          48114        3110       41595         953        3408       43429
Swap:         24191           0       24191
Total:        72306        3110       65787

              total        used        free      shared  buff/cache   available
Mem:          48114        3110       41595         953        3408       43429
Swap:         24191           0       24191
Total:        72306        3110       65787

              total        used        free      shared  buff/cache   available
Mem:          48114        3110       41595         953        3408       43429
Swap:         24191           0       24191
Total:        72306        3110       65787

              total        used        free      shared  buff/cache   available
Mem:          48114        3110       41595         953        3408       43429
Swap:         24191           0       24191
Total:        72306        3110       65787

              total        used        free      shared  buff/cache   available
Mem:          48114        3113       41592         953        3408       43426
Swap:         24191           0       24191
Total:        72306        3113       65784

              total        used        free      shared  buff/cache   available
Mem:          48114        3112       41593         953        3408       43427
Swap:         24191           0       24191
Total:        72306        3112       65785

              total        used        free      shared  buff/cache   available
Mem:          48114        3111       41593         953        3408       43428
Swap:         24191           0       24191
Total:        72306        3111       65785

              total        used        free      shared  buff/cache   available
Mem:          48114        3114       41590         953        3408       43425
Swap:         24191           0       24191
Total:        72306        3114       65782

              total        used        free      shared  buff/cache   available
Mem:          48114        3118       41586         953        3409       43421
Swap:         24191           0       24191
Total:        72306        3118       65778

              total        used        free      shared  buff/cache   available
Mem:          48114        3118       41586         953        3409       43421
Swap:         24191           0       24191
Total:        72306        3118       65778

              total        used        free      shared  buff/cache   available
Mem:          48114        3120       41584         953        3409       43419
Swap:         24191           0       24191
Total:        72306        3120       65776

              total        used        free      shared  buff/cache   available
Mem:          48114        3119       41585         953        3409       43420
Swap:         24191           0       24191
Total:        72306        3119       65777

              total        used        free      shared  buff/cache   available
Mem:          48114        3116       41588         953        3409       43423
Swap:         24191           0       24191
Total:        72306        3116       65780

              total        used        free      shared  buff/cache   available
Mem:          48114        3115       41589         953        3409       43424
Swap:         24191           0       24191
Total:        72306        3115       65781

              total        used        free      shared  buff/cache   available
Mem:          48114        3113       41590         953        3409       43426
Swap:         24191           0       24191
Total:        72306        3113       65782

              total        used        free      shared  buff/cache   available
Mem:          48114        3112       41592         953        3409       43427
Swap:         24191           0       24191
Total:        72306        3112       65784

              total        used        free      shared  buff/cache   available
Mem:          48114        3116       41587         953        3409       43423
Swap:         24191           0       24191
Total:        72306        3116       65779

              total        used        free      shared  buff/cache   available
Mem:          48114        3115       41588         953        3410       43424
Swap:         24191           0       24191
Total:        72306        3115       65780

              total        used        free      shared  buff/cache   available
Mem:          48114        3118       41585         953        3410       43421
Swap:         24191           0       24191
Total:        72306        3118       65777

              total        used        free      shared  buff/cache   available
Mem:          48114        3116       41587         953        3410       43423
Swap:         24191           0       24191
Total:        72306        3116       65779

              total        used        free      shared  buff/cache   available
Mem:          48114        3116       41586         953        3410       43422
Swap:         24191           0       24191
Total:        72306        3116       65778

              total        used        free      shared  buff/cache   available
Mem:          48114        3116       41586         953        3410       43422
Swap:         24191           0       24191
Total:        72306        3116       65778

              total        used        free      shared  buff/cache   available
Mem:          48114        3118       41585         953        3410       43421
Swap:         24191           0       24191
Total:        72306        3118       65777

              total        used        free      shared  buff/cache   available
Mem:          48114        3116       41587         953        3410       43423
Swap:         24191           0       24191
Total:        72306        3116       65779

              total        used        free      shared  buff/cache   available
Mem:          48114        3114       41589         953        3411       43425
Swap:         24191           0       24191
Total:        72306        3114       65781

              total        used        free      shared  buff/cache   available
Mem:          48114        3116       41586         953        3411       43422
Swap:         24191           0       24191
Total:        72306        3116       65778

              total        used        free      shared  buff/cache   available
Mem:          48114        3116       41586         953        3411       43423
Swap:         24191           0       24191
Total:        72306        3116       65778

              total        used        free      shared  buff/cache   available
Mem:          48114        3113       41589         953        3411       43426
Swap:         24191           0       24191
Total:        72306        3113       65781

              total        used        free      shared  buff/cache   available
Mem:          48114        3118       41584         953        3411       43421
Swap:         24191           0       24191
Total:        72306        3118       65776

              total        used        free      shared  buff/cache   available
Mem:          48114        3119       41583         953        3411       43420
Swap:         24191           0       24191
Total:        72306        3119       65775

              total        used        free      shared  buff/cache   available
Mem:          48114        3118       41584         953        3411       43421
Swap:         24191           0       24191
Total:        72306        3118       65776

              total        used        free      shared  buff/cache   available
Mem:          48114        3119       41582         953        3411       43420
Swap:         24191           0       24191
Total:        72306        3119       65774

              total        used        free      shared  buff/cache   available
Mem:          48114        3119       41582         953        3411       43420
Swap:         24191           0       24191
Total:        72306        3119       65774

              total        used        free      shared  buff/cache   available
Mem:          48114        3118       41583         953        3411       43421
Swap:         24191           0       24191
Total:        72306        3118       65775

              total        used        free      shared  buff/cache   available
Mem:          48114        3116       41586         953        3411       43423
Swap:         24191           0       24191
Total:        72306        3116       65778

              total        used        free      shared  buff/cache   available
Mem:          48114        3117       41584         953        3412       43422
Swap:         24191           0       24191
Total:        72306        3117       65776

              total        used        free      shared  buff/cache   available
Mem:          48114        3117       41584         953        3412       43422
Swap:         24191           0       24191
Total:        72306        3117       65776

              total        used        free      shared  buff/cache   available
Mem:          48114        3118       41583         953        3412       43420
Swap:         24191           0       24191
Total:        72306        3118       65775

              total        used        free      shared  buff/cache   available
Mem:          48114        3119       41582         953        3412       43420
Swap:         24191           0       24191
Total:        72306        3119       65774

              total        used        free      shared  buff/cache   available
Mem:          48114        3120       41581         953        3412       43419
Swap:         24191           0       24191
Total:        72306        3120       65773

              total        used        free      shared  buff/cache   available
Mem:          48114        3118       41582         953        3412       43421
Swap:         24191           0       24191
Total:        72306        3118       65774

              total        used        free      shared  buff/cache   available
Mem:          48114        3117       41583         953        3412       43421
Swap:         24191           0       24191
Total:        72306        3117       65775

              total        used        free      shared  buff/cache   available
Mem:          48114        3119       41581         953        3412       43420
Swap:         24191           0       24191
Total:        72306        3119       65773

              total        used        free      shared  buff/cache   available
Mem:          48114        3120       41581         953        3412       43419
Swap:         24191           0       24191
Total:        72306        3120       65773

              total        used        free      shared  buff/cache   available
Mem:          48114        3120       41580         953        3413       43419
Swap:         24191           0       24191
Total:        72306        3120       65772

              total        used        free      shared  buff/cache   available
Mem:          48114        3118       41582         953        3413       43420
Swap:         24191           0       24191
Total:        72306        3118       65774

              total        used        free      shared  buff/cache   available
Mem:          48114        3121       41579         953        3413       43418
Swap:         24191           0       24191
Total:        72306        3121       65771

              total        used        free      shared  buff/cache   available
Mem:          48114        3110       41590         953        3413       43429
Swap:         24191           0       24191
Total:        72306        3110       65782

              total        used        free      shared  buff/cache   available
Mem:          48114        3112       41588         953        3413       43427
Swap:         24191           0       24191
Total:        72306        3112       65780

              total        used        free      shared  buff/cache   available
Mem:          48114        3111       41589         953        3413       43428
Swap:         24191           0       24191
Total:        72306        3111       65781

              total        used        free      shared  buff/cache   available
Mem:          48114        3111       41588         953        3413       43427
Swap:         24191           0       24191
Total:        72306        3111       65780

              total        used        free      shared  buff/cache   available
Mem:          48114        3112       41588         953        3413       43427
Swap:         24191           0       24191
Total:        72306        3112       65780

              total        used        free      shared  buff/cache   available
Mem:          48114        3112       41587         953        3413       43426
Swap:         24191           0       24191
Total:        72306        3112       65779

              total        used        free      shared  buff/cache   available
Mem:          48114        3111       41588         953        3413       43427
Swap:         24191           0       24191
Total:        72306        3111       65780

              total        used        free      shared  buff/cache   available
Mem:          48114        3111       41588         953        3414       43428
Swap:         24191           0       24191
Total:        72306        3111       65780

              total        used        free      shared  buff/cache   available
Mem:          48114        3112       41587         953        3414       43427
Swap:         24191           0       24191
Total:        72306        3112       65779

              total        used        free      shared  buff/cache   available
Mem:          48114        3112       41587         953        3414       43426
Swap:         24191           0       24191
Total:        72306        3112       65779

              total        used        free      shared  buff/cache   available
Mem:          48114        3112       41587         953        3414       43427
Swap:         24191           0       24191
Total:        72306        3112       65779

              total        used        free      shared  buff/cache   available
Mem:          48114        3113       41586         953        3414       43426
Swap:         24191           0       24191
Total:        72306        3113       65778

              total        used        free      shared  buff/cache   available
Mem:          48114        3111       41588         953        3414       43428
Swap:         24191           0       24191
Total:        72306        3111       65780

              total        used        free      shared  buff/cache   available
Mem:          48114        3112       41587         953        3414       43427
Swap:         24191           0       24191
Total:        72306        3112       65779

              total        used        free      shared  buff/cache   available
Mem:          48114        3112       41587         953        3414       43427
Swap:         24191           0       24191
Total:        72306        3112       65779

              total        used        free      shared  buff/cache   available
Mem:          48114        3113       41586         953        3414       43426
Swap:         24191           0       24191
Total:        72306        3113       65778

              total        used        free      shared  buff/cache   available
Mem:          48114        3113       41586         953        3415       43426
Swap:         24191           0       24191
Total:        72306        3113       65778

              total        used        free      shared  buff/cache   available
Mem:          48114        3112       41586         953        3415       43427
Swap:         24191           0       24191
Total:        72306        3112       65778

              total        used        free      shared  buff/cache   available
Mem:          48114        3113       41585         953        3415       43426
Swap:         24191           0       24191
Total:        72306        3113       65777

              total        used        free      shared  buff/cache   available
Mem:          48114        3112       41586         953        3415       43427
Swap:         24191           0       24191
Total:        72306        3112       65778

              total        used        free      shared  buff/cache   available
Mem:          48114        3114       41583         953        3415       43424
Swap:         24191           0       24191
Total:        72306        3114       65775

              total        used        free      shared  buff/cache   available
Mem:          48114        3115       41583         953        3415       43424
Swap:         24191           0       24191
Total:        72306        3115       65775

              total        used        free      shared  buff/cache   available
Mem:          48114        3115       41583         953        3415       43424
Swap:         24191           0       24191
Total:        72306        3115       65775

              total        used        free      shared  buff/cache   available
Mem:          48114        3116       41582         953        3415       43423
Swap:         24191           0       24191
Total:        72306        3116       65774

              total        used        free      shared  buff/cache   available
Mem:          48114        3116       41581         953        3415       43423
Swap:         24191           0       24191
Total:        72306        3116       65773

              total        used        free      shared  buff/cache   available
Mem:          48114        3117       41581         953        3416       43422
Swap:         24191           0       24191
Total:        72306        3117       65773

              total        used        free      shared  buff/cache   available
Mem:          48114        3112       41585         953        3416       43427
Swap:         24191           0       24191
Total:        72306        3112       65777

              total        used        free      shared  buff/cache   available
Mem:          48114        3113       41584         953        3416       43425
Swap:         24191           0       24191
Total:        72306        3113       65776

              total        used        free      shared  buff/cache   available
Mem:          48114        3111       41586         953        3416       43427
Swap:         24191           0       24191
Total:        72306        3111       65778

              total        used        free      shared  buff/cache   available
Mem:          48114        3111       41586         953        3416       43427
Swap:         24191           0       24191
Total:        72306        3111       65778

              total        used        free      shared  buff/cache   available
Mem:          48114        3113       41584         953        3416       43426
Swap:         24191           0       24191
Total:        72306        3113       65776

              total        used        free      shared  buff/cache   available
Mem:          48114        3113       41584         953        3416       43426
Swap:         24191           0       24191
Total:        72306        3113       65776

              total        used        free      shared  buff/cache   available
Mem:          48114        3112       41584         953        3416       43426
Swap:         24191           0       24191
Total:        72306        3112       65776

              total        used        free      shared  buff/cache   available
Mem:          48114        3113       41583         953        3416       43425
Swap:         24191           0       24191
Total:        72306        3113       65775

              total        used        free      shared  buff/cache   available
Mem:          48114        3112       41584         953        3416       43427
Swap:         24191           0       24191
Total:        72306        3112       65776

              total        used        free      shared  buff/cache   available
Mem:          48114        3114       41583         953        3416       43425
Swap:         24191           0       24191
Total:        72306        3114       65775

              total        used        free      shared  buff/cache   available
Mem:          48114        3113       41583         953        3416       43426
Swap:         24191           0       24191
Total:        72306        3113       65775

              total        used        free      shared  buff/cache   available
Mem:          48114        3113       41583         953        3417       43426
Swap:         24191           0       24191
Total:        72306        3113       65775

              total        used        free      shared  buff/cache   available
Mem:          48114        3112       41584         953        3417       43426
Swap:         24191           0       24191
Total:        72306        3112       65776

              total        used        free      shared  buff/cache   available
Mem:          48114        3111       41585         953        3417       43427
Swap:         24191           0       24191
Total:        72306        3111       65777

              total        used        free      shared  buff/cache   available
Mem:          48114        3113       41583         953        3417       43426
Swap:         24191           0       24191
Total:        72306        3113       65775

              total        used        free      shared  buff/cache   available
Mem:          48114        3114       41582         953        3417       43425
Swap:         24191           0       24191
Total:        72306        3114       65774

              total        used        free      shared  buff/cache   available
Mem:          48114        3114       41582         953        3417       43425
Swap:         24191           0       24191
Total:        72306        3114       65774

              total        used        free      shared  buff/cache   available
Mem:          48114        3113       41582         953        3417       43426
Swap:         24191           0       24191
Total:        72306        3113       65774

              total        used        free      shared  buff/cache   available
Mem:          48114        3113       41582         953        3417       43426
Swap:         24191           0       24191
Total:        72306        3113       65774

              total        used        free      shared  buff/cache   available
Mem:          48114        3113       41582         953        3417       43425
Swap:         24191           0       24191
Total:        72306        3113       65774

              total        used        free      shared  buff/cache   available
Mem:          48114        3112       41583         953        3418       43427
Swap:         24191           0       24191
Total:        72306        3112       65775

              total        used        free      shared  buff/cache   available
Mem:          48114        3111       41584         953        3418       43428
Swap:         24191           0       24191
Total:        72306        3111       65776

              total        used        free      shared  buff/cache   available
Mem:          48114        3111       41584         953        3418       43428
Swap:         24191           0       24191
Total:        72306        3111       65776

              total        used        free      shared  buff/cache   available
Mem:          48114        3111       41584         953        3418       43428
Swap:         24191           0       24191
Total:        72306        3111       65776

              total        used        free      shared  buff/cache   available
Mem:          48114        3109       41585         953        3418       43429
Swap:         24191           0       24191
Total:        72306        3109       65777

              total        used        free      shared  buff/cache   available
Mem:          48114        3110       41585         953        3418       43429
Swap:         24191           0       24191
Total:        72306        3110       65777

              total        used        free      shared  buff/cache   available
Mem:          48114        3109       41585         953        3418       43430
Swap:         24191           0       24191
Total:        72306        3109       65777

              total        used        free      shared  buff/cache   available
Mem:          48114        3110       41585         953        3418       43429
Swap:         24191           0       24191
Total:        72306        3110       65777

              total        used        free      shared  buff/cache   available
Mem:          48114        3109       41585         953        3418       43430
Swap:         24191           0       24191
Total:        72306        3109       65777

              total        used        free      shared  buff/cache   available
Mem:          48114        3109       41585         953        3418       43430
Swap:         24191           0       24191
Total:        72306        3109       65777

              total        used        free      shared  buff/cache   available
Mem:          48114        3111       41583         953        3418       43428
Swap:         24191           0       24191
Total:        72306        3111       65775

              total        used        free      shared  buff/cache   available
Mem:          48114        3111       41583         953        3419       43428
Swap:         24191           0       24191
Total:        72306        3111       65775

              total        used        free      shared  buff/cache   available
Mem:          48114        3111       41584         953        3419       43428
Swap:         24191           0       24191
Total:        72306        3111       65776

              total        used        free      shared  buff/cache   available
Mem:          48114        3112       41582         953        3419       43427
Swap:         24191           0       24191
Total:        72306        3112       65774

              total        used        free      shared  buff/cache   available
Mem:          48114        3110       41584         953        3419       43429
Swap:         24191           0       24191
Total:        72306        3110       65776

              total        used        free      shared  buff/cache   available
Mem:          48114        3111       41583         953        3419       43428
Swap:         24191           0       24191
Total:        72306        3111       65775

              total        used        free      shared  buff/cache   available
Mem:          48114        3111       41583         953        3419       43428
Swap:         24191           0       24191
Total:        72306        3111       65775

              total        used        free      shared  buff/cache   available
Mem:          48114        3113       41581         953        3419       43426
Swap:         24191           0       24191
Total:        72306        3113       65773

              total        used        free      shared  buff/cache   available
Mem:          48114        3112       41582         953        3419       43427
Swap:         24191           0       24191
Total:        72306        3112       65774

              total        used        free      shared  buff/cache   available
Mem:          48114        3111       41583         953        3419       43428
Swap:         24191           0       24191
Total:        72306        3111       65775

              total        used        free      shared  buff/cache   available
Mem:          48114        3109       41584         953        3419       43430
Swap:         24191           0       24191
Total:        72306        3109       65776

              total        used        free      shared  buff/cache   available
Mem:          48114        3113       41581         953        3419       43426
Swap:         24191           0       24191
Total:        72306        3113       65773

              total        used        free      shared  buff/cache   available
Mem:          48114        3111       41582         953        3420       43428
Swap:         24191           0       24191
Total:        72306        3111       65774

              total        used        free      shared  buff/cache   available
Mem:          48114        3112       41581         953        3420       43427
Swap:         24191           0       24191
Total:        72306        3112       65773

              total        used        free      shared  buff/cache   available
Mem:          48114        3111       41582         953        3420       43428
Swap:         24191           0       24191
Total:        72306        3111       65774

              total        used        free      shared  buff/cache   available
Mem:          48114        3111       41582         953        3420       43428
Swap:         24191           0       24191
Total:        72306        3111       65774

              total        used        free      shared  buff/cache   available
Mem:          48114        3110       41582         953        3420       43429
Swap:         24191           0       24191
Total:        72306        3110       65774

              total        used        free      shared  buff/cache   available
Mem:          48114        3110       41582         953        3420       43429
Swap:         24191           0       24191
Total:        72306        3110       65774

              total        used        free      shared  buff/cache   available
Mem:          48114        3110       41583         953        3420       43429
Swap:         24191           0       24191
Total:        72306        3110       65774

              total        used        free      shared  buff/cache   available
Mem:          48114        3110       41582         953        3421       43429
Swap:         24191           0       24191
Total:        72306        3110       65774

              total        used        free      shared  buff/cache   available
Mem:          48114        3110       41582         953        3421       43429
Swap:         24191           0       24191
Total:        72306        3110       65774

              total        used        free      shared  buff/cache   available
Mem:          48114        3109       41583         953        3421       43430
Swap:         24191           0       24191
Total:        72306        3109       65775

              total        used        free      shared  buff/cache   available
Mem:          48114        3108       41584         953        3421       43431
Swap:         24191           0       24191
Total:        72306        3108       65776

              total        used        free      shared  buff/cache   available
Mem:          48114        3110       41582         953        3421       43429
Swap:         24191           0       24191
Total:        72306        3110       65774

              total        used        free      shared  buff/cache   available
Mem:          48114        3110       41582         953        3421       43429
Swap:         24191           0       24191
Total:        72306        3110       65774

              total        used        free      shared  buff/cache   available
Mem:          48114        3109       41583         953        3421       43430
Swap:         24191           0       24191
Total:        72306        3109       65775

              total        used        free      shared  buff/cache   available
Mem:          48114        3109       41583         953        3421       43430
Swap:         24191           0       24191
Total:        72306        3109       65775

              total        used        free      shared  buff/cache   available
Mem:          48114        3110       41582         953        3421       43429
Swap:         24191           0       24191
Total:        72306        3110       65774

              total        used        free      shared  buff/cache   available
Mem:          48114        3109       41582         953        3421       43429
Swap:         24191           0       24191
Total:        72306        3109       65774

              total        used        free      shared  buff/cache   available
Mem:          48114        3108       41583         953        3422       43430
Swap:         24191           0       24191
Total:        72306        3108       65775

              total        used        free      shared  buff/cache   available
Mem:          48114        3108       41583         953        3422       43431
Swap:         24191           0       24191
Total:        72306        3108       65775

              total        used        free      shared  buff/cache   available
Mem:          48114        3108       41583         953        3422       43431
Swap:         24191           0       24191
Total:        72306        3108       65775

              total        used        free      shared  buff/cache   available
Mem:          48114        3108       41583         953        3422       43431
Swap:         24191           0       24191
Total:        72306        3108       65775

              total        used        free      shared  buff/cache   available
Mem:          48114        3107       41583         953        3422       43431
Swap:         24191           0       24191
Total:        72306        3107       65775

              total        used        free      shared  buff/cache   available
Mem:          48114        3107       41584         953        3422       43432
Swap:         24191           0       24191
Total:        72306        3107       65776

              total        used        free      shared  buff/cache   available
Mem:          48114        3108       41583         953        3422       43431
Swap:         24191           0       24191
Total:        72306        3108       65775

              total        used        free      shared  buff/cache   available
Mem:          48114        3108       41583         953        3422       43431
Swap:         24191           0       24191
Total:        72306        3108       65775

              total        used        free      shared  buff/cache   available
Mem:          48114        3107       41583         953        3422       43431
Swap:         24191           0       24191
Total:        72306        3107       65775

              total        used        free      shared  buff/cache   available
Mem:          48114        3107       41583         953        3422       43431
Swap:         24191           0       24191
Total:        72306        3107       65775

              total        used        free      shared  buff/cache   available
Mem:          48114        3106       41584         953        3422       43433
Swap:         24191           0       24191
Total:        72306        3106       65776

              total        used        free      shared  buff/cache   available
Mem:          48114        3105       41585         953        3423       43434
Swap:         24191           0       24191
Total:        72306        3105       65777

              total        used        free      shared  buff/cache   available
Mem:          48114        3107       41583         953        3423       43432
Swap:         24191           0       24191
Total:        72306        3107       65775

              total        used        free      shared  buff/cache   available
Mem:          48114        3107       41583         953        3423       43432
Swap:         24191           0       24191
Total:        72306        3107       65775

              total        used        free      shared  buff/cache   available
Mem:          48114        3107       41583         953        3423       43432
Swap:         24191           0       24191
Total:        72306        3107       65775

              total        used        free      shared  buff/cache   available
Mem:          48114        3106       41584         953        3423       43433
Swap:         24191           0       24191
Total:        72306        3106       65776

              total        used        free      shared  buff/cache   available
Mem:          48114        3106       41584         953        3423       43433
Swap:         24191           0       24191
Total:        72306        3106       65776

              total        used        free      shared  buff/cache   available
Mem:          48114        3106       41583         953        3423       43433
Swap:         24191           0       24191
Total:        72306        3106       65775

              total        used        free      shared  buff/cache   available
Mem:          48114        3107       41583         953        3423       43432
Swap:         24191           0       24191
Total:        72306        3107       65775

              total        used        free      shared  buff/cache   available
Mem:          48114        3107       41582         953        3423       43431
Swap:         24191           0       24191
Total:        72306        3107       65774

              total        used        free      shared  buff/cache   available
Mem:          48114        3106       41583         953        3423       43433
Swap:         24191           0       24191
Total:        72306        3106       65775

              total        used        free      shared  buff/cache   available
Mem:          48114        3105       41584         953        3424       43433
Swap:         24191           0       24191
Total:        72306        3105       65776

              total        used        free      shared  buff/cache   available
Mem:          48114        3107       41582         953        3424       43431
Swap:         24191           0       24191
Total:        72306        3107       65774

              total        used        free      shared  buff/cache   available
Mem:          48114        3106       41583         953        3424       43432
Swap:         24191           0       24191
Total:        72306        3106       65775

              total        used        free      shared  buff/cache   available
Mem:          48114        3107       41582         953        3424       43432
Swap:         24191           0       24191
Total:        72306        3107       65774

              total        used        free      shared  buff/cache   available
Mem:          48114        3107       41582         953        3424       43432
Swap:         24191           0       24191
Total:        72306        3107       65774

              total        used        free      shared  buff/cache   available
Mem:          48114        3107       41582         953        3424       43432
Swap:         24191           0       24191
Total:        72306        3107       65774

              total        used        free      shared  buff/cache   available
Mem:          48114        3106       41583         953        3424       43433
Swap:         24191           0       24191
Total:        72306        3106       65775

              total        used        free      shared  buff/cache   available
Mem:          48114        3108       41581         953        3424       43431
Swap:         24191           0       24191
Total:        72306        3108       65773

              total        used        free      shared  buff/cache   available
Mem:          48114        3107       41581         953        3425       43432
Swap:         24191           0       24191
Total:        72306        3107       65773

              total        used        free      shared  buff/cache   available
Mem:          48114        3107       41581         953        3425       43432
Swap:         24191           0       24191
Total:        72306        3107       65773

              total        used        free      shared  buff/cache   available
Mem:          48114        3107       41581         953        3425       43432
Swap:         24191           0       24191
Total:        72306        3107       65773

              total        used        free      shared  buff/cache   available
Mem:          48114        3108       41581         953        3425       43431
Swap:         24191           0       24191
Total:        72306        3108       65773

              total        used        free      shared  buff/cache   available
Mem:          48114        3107       41581         953        3425       43432
Swap:         24191           0       24191
Total:        72306        3107       65773

              total        used        free      shared  buff/cache   available
Mem:          48114        3108       41580         953        3425       43431
Swap:         24191           0       24191
Total:        72306        3108       65772

              total        used        free      shared  buff/cache   available
Mem:          48114        3106       41581         953        3425       43432
Swap:         24191           0       24191
Total:        72306        3106       65773

              total        used        free      shared  buff/cache   available
Mem:          48114        3106       41582         953        3425       43433
Swap:         24191           0       24191
Total:        72306        3106       65774

              total        used        free      shared  buff/cache   available
Mem:          48114        3107       41581         953        3425       43432
Swap:         24191           0       24191
Total:        72306        3107       65773

              total        used        free      shared  buff/cache   available
Mem:          48114        3107       41580         953        3425       43432
Swap:         24191           0       24191
Total:        72306        3107       65772

              total        used        free      shared  buff/cache   available
Mem:          48114        3107       41581         953        3425       43432
Swap:         24191           0       24191
Total:        72306        3107       65773

              total        used        free      shared  buff/cache   available
Mem:          48114        3107       41580         953        3426       43431
Swap:         24191           0       24191
Total:        72306        3107       65772

              total        used        free      shared  buff/cache   available
Mem:          48114        3106       41581         953        3426       43433
Swap:         24191           0       24191
Total:        72306        3106       65773

              total        used        free      shared  buff/cache   available
Mem:          48114        3108       41579         953        3426       43431
Swap:         24191           0       24191
Total:        72306        3108       65771

              total        used        free      shared  buff/cache   available
Mem:          48114        3108       41579         953        3426       43430
Swap:         24191           0       24191
Total:        72306        3108       65771

              total        used        free      shared  buff/cache   available
Mem:          48114        3108       41578         953        3426       43431
Swap:         24191           0       24191
Total:        72306        3108       65770

              total        used        free      shared  buff/cache   available
Mem:          48114        3108       41579         953        3426       43431
Swap:         24191           0       24191
Total:        72306        3108       65771

              total        used        free      shared  buff/cache   available
Mem:          48114        3110       41577         953        3426       43429
Swap:         24191           0       24191
Total:        72306        3110       65769

              total        used        free      shared  buff/cache   available
Mem:          48114        3109       41578         953        3426       43430
Swap:         24191           0       24191
Total:        72306        3109       65770

              total        used        free      shared  buff/cache   available
Mem:          48114        3108       41578         953        3426       43431
Swap:         24191           0       24191
Total:        72306        3108       65770

              total        used        free      shared  buff/cache   available
Mem:          48114        3108       41579         953        3426       43431
Swap:         24191           0       24191
Total:        72306        3108       65771

              total        used        free      shared  buff/cache   available
Mem:          48114        3107       41579         953        3426       43432
Swap:         24191           0       24191
Total:        72306        3107       65771

              total        used        free      shared  buff/cache   available
Mem:          48114        3108       41579         953        3426       43431
Swap:         24191           0       24191
Total:        72306        3108       65771

              total        used        free      shared  buff/cache   available
Mem:          48114        3107       41579         953        3427       43432
Swap:         24191           0       24191
Total:        72306        3107       65771

              total        used        free      shared  buff/cache   available
Mem:          48114        3107       41579         953        3427       43432
Swap:         24191           0       24191
Total:        72306        3107       65771

              total        used        free      shared  buff/cache   available
Mem:          48114        3108       41578         953        3427       43431
Swap:         24191           0       24191
Total:        72306        3108       65770

              total        used        free      shared  buff/cache   available
Mem:          48114        3107       41578         953        3427       43432
Swap:         24191           0       24191
Total:        72306        3107       65770

              total        used        free      shared  buff/cache   available
Mem:          48114        3108       41577         953        3427       43431
Swap:         24191           0       24191
Total:        72306        3108       65769

              total        used        free      shared  buff/cache   available
Mem:          48114        3108       41578         953        3427       43431
Swap:         24191           0       24191
Total:        72306        3108       65770

              total        used        free      shared  buff/cache   available
Mem:          48114        3109       41577         953        3427       43430
Swap:         24191           0       24191
Total:        72306        3109       65769

              total        used        free      shared  buff/cache   available
Mem:          48114        3107       41578         953        3427       43432
Swap:         24191           0       24191
Total:        72306        3107       65770

              total        used        free      shared  buff/cache   available
Mem:          48114        3109       41576         953        3428       43430
Swap:         24191           0       24191
Total:        72306        3109       65768

              total        used        free      shared  buff/cache   available
Mem:          48114        3108       41577         953        3428       43431
Swap:         24191           0       24191
Total:        72306        3108       65769

              total        used        free      shared  buff/cache   available
Mem:          48114        3107       41578         953        3428       43432
Swap:         24191           0       24191
Total:        72306        3107       65770

              total        used        free      shared  buff/cache   available
Mem:          48114        3106       41578         953        3428       43432
Swap:         24191           0       24191
Total:        72306        3106       65770

              total        used        free      shared  buff/cache   available
Mem:          48114        3107       41578         953        3428       43432
Swap:         24191           0       24191
Total:        72306        3107       65770

              total        used        free      shared  buff/cache   available
Mem:          48114        3107       41577         953        3428       43431
Swap:         24191           0       24191
Total:        72306        3107       65769

              total        used        free      shared  buff/cache   available
Mem:          48114        3108       41576         953        3428       43431
Swap:         24191           0       24191
Total:        72306        3108       65768

              total        used        free      shared  buff/cache   available
Mem:          48114        3107       41577         953        3428       43432
Swap:         24191           0       24191
Total:        72306        3107       65769

              total        used        free      shared  buff/cache   available
Mem:          48114        3109       41576         953        3428       43430
Swap:         24191           0       24191
Total:        72306        3109       65768

              total        used        free      shared  buff/cache   available
Mem:          48114        3108       41576         953        3428       43431
Swap:         24191           0       24191
Total:        72306        3108       65768

              total        used        free      shared  buff/cache   available
Mem:          48114        3109       41575         953        3428       43430
Swap:         24191           0       24191
Total:        72306        3109       65767

              total        used        free      shared  buff/cache   available
Mem:          48114        3109       41575         953        3429       43430
Swap:         24191           0       24191
Total:        72306        3109       65767

              total        used        free      shared  buff/cache   available
Mem:          48114        3109       41575         953        3429       43430
Swap:         24191           0       24191
Total:        72306        3109       65767

              total        used        free      shared  buff/cache   available
Mem:          48114        3109       41575         953        3429       43430
Swap:         24191           0       24191
Total:        72306        3109       65767

              total        used        free      shared  buff/cache   available
Mem:          48114        3109       41575         953        3429       43430
Swap:         24191           0       24191
Total:        72306        3109       65767

              total        used        free      shared  buff/cache   available
Mem:          48114        3109       41575         953        3429       43430
Swap:         24191           0       24191
Total:        72306        3109       65767

              total        used        free      shared  buff/cache   available
Mem:          48114        3110       41574         953        3429       43429
Swap:         24191           0       24191
Total:        72306        3110       65766

              total        used        free      shared  buff/cache   available
Mem:          48114        3114       41570         953        3429       43425
Swap:         24191           0       24191
Total:        72306        3114       65762

              total        used        free      shared  buff/cache   available
Mem:          48114        3112       41571         953        3429       43427
Swap:         24191           0       24191
Total:        72306        3112       65763

              total        used        free      shared  buff/cache   available
Mem:          48114        3112       41570         953        3430       43426
Swap:         24191           0       24191
Total:        72306        3112       65762

              total        used        free      shared  buff/cache   available
Mem:          48114        3114       41569         953        3429       43425
Swap:         24191           0       24191
Total:        72306        3114       65761

              total        used        free      shared  buff/cache   available
Mem:          48114        3113       41570         953        3430       43426
Swap:         24191           0       24191
Total:        72306        3113       65762

              total        used        free      shared  buff/cache   available
Mem:          48114        3115       41569         953        3429       43425
Swap:         24191           0       24191
Total:        72306        3115       65761

              total        used        free      shared  buff/cache   available
Mem:          48114        3112       41570         953        3431       43426
Swap:         24191           0       24191
Total:        72306        3112       65762
