09:37:46 PM      eth0     33.00     29.00      6.54      7.88      0.00      0.00      0.00
09:37:47 PM      eth0     55.00     56.00     11.03     15.38      0.00      0.00      0.00
09:37:48 PM      eth0     71.00     61.00     15.94     17.24      0.00      0.00      0.00
09:37:49 PM      eth0     86.00     79.00     20.52     22.39      0.00      0.00      0.00
09:37:50 PM      eth0     72.00     61.00     16.00     17.24      0.00      0.00      0.00
09:37:51 PM      eth0     82.00     78.00     19.56     22.15      0.00      0.00      0.00
09:37:52 PM      eth0     73.00     62.00     16.67     17.48      0.00      0.00      0.00
09:37:53 PM      eth0     85.00     79.00     19.89     22.39      0.00      0.00      0.00
09:37:54 PM      eth0     71.00     61.00     15.94     17.24      0.00      0.00      0.00
09:37:55 PM      eth0     85.00     79.00     19.89     22.39      0.00      0.00      0.00
09:37:56 PM      eth0     76.00     66.00     16.92     17.90      0.00      0.00      0.00
09:37:57 PM      eth0     80.00     74.00     19.19     21.73      0.00      0.00      0.00
09:37:58 PM      eth0     78.00     74.00     17.05     20.24      0.00      0.00      0.00
09:37:59 PM      eth0     82.00     74.00     19.64     21.73      0.00      0.00      0.00
09:38:00 PM      eth0     75.00     66.00     16.46     17.90      0.00      0.00      0.00
09:38:01 PM      eth0     80.00     73.00     19.12     21.70      0.00      0.00      0.00
09:38:02 PM      eth0 495449.00  83526.00 732384.16   9563.97      0.00      0.00      0.00
09:38:03 PM      eth0 771493.00 157495.00 1140555.75  18420.47      0.00      0.00      0.00
09:38:04 PM      eth0 732160.00 176512.00 1082398.92  20612.73      0.00      0.00      0.00
09:38:05 PM      eth0 713011.00 219798.00 1054088.27  26290.77      0.00      0.00      0.00
09:38:06 PM      eth0 721704.00 279535.00 1066941.62  33691.24      0.00      0.00      0.00
09:38:07 PM      eth0 588220.00 244314.00 869609.70  29869.06      0.00      0.00      0.00
09:38:08 PM      eth0 640701.00 272993.00 947181.91  33374.06      0.00      0.00      0.00
09:38:09 PM      eth0 633967.00 305887.00 937218.17  37815.31      0.00      0.00      0.00
09:38:10 PM      eth0 556477.00 285458.00 822661.06  35387.40      0.00      0.00      0.00
09:38:11 PM      eth0 466882.00 267345.00 690209.62  33210.31      0.00      0.00      0.00
09:38:12 PM      eth0 430887.00 291188.00 636980.70  36803.86      0.00      0.00      0.00
09:38:13 PM      eth0 401460.00 282423.00 593479.55  35815.33      0.00      0.00      0.00
09:38:14 PM      eth0 378190.00 284776.00 559058.19  36355.51      0.00      0.00      0.00
09:38:15 PM      eth0 398668.00 308644.00 589352.03  39647.60      0.00      0.00      0.00
09:38:16 PM      eth0 444738.00 325475.00 657454.67  41165.08      0.00      0.00      0.00
09:38:17 PM      eth0 421809.00 329110.00 623558.57  42517.24      0.00      0.00      0.00
09:38:18 PM      eth0 448658.00 340685.00 663243.82  43504.52      0.00      0.00      0.00
09:38:19 PM      eth0 445990.00 347929.00 659321.44  44789.00      0.00      0.00      0.00
09:38:20 PM      eth0 446673.00 348415.00 660348.56  44897.03      0.00      0.00      0.00
09:38:21 PM      eth0 443754.00 344819.00 656085.72  44398.02      0.00      0.00      0.00
09:38:22 PM      eth0 430712.00 340080.00 636792.48  43892.59      0.00      0.00      0.00
09:38:23 PM      eth0 426336.00 335828.00 630325.30  43431.19      0.00      0.00      0.00
09:38:24 PM      eth0 449640.00 346760.00 664785.13  44421.71      0.00      0.00      0.00
09:38:25 PM      eth0 438630.00 355153.00 648504.94  45968.60      0.00      0.00      0.00
09:38:26 PM      eth0 429289.00 347001.00 634702.62  45046.34      0.00      0.00      0.00
09:38:27 PM      eth0 421563.00 343663.00 623270.38  44942.90      0.00      0.00      0.00
09:38:28 PM      eth0 399612.00 333039.00 590794.79  43712.18      0.00      0.00      0.00
09:38:29 PM      eth0 398027.00 329332.00 588476.67  42894.18      0.00      0.00      0.00
09:38:30 PM      eth0 387581.00 315601.00 573020.98  40880.68      0.00      0.00      0.00
09:38:31 PM      eth0 383213.00 320694.00 566570.58  41727.29      0.00      0.00      0.00
09:38:32 PM      eth0 394166.00 332284.00 582753.31  43469.15      0.00      0.00      0.00
09:38:33 PM      eth0 388350.00 326360.00 574170.36  42613.79      0.00      0.00      0.00
09:38:34 PM      eth0 379939.00 316988.00 561731.81  41204.34      0.00      0.00      0.00
09:38:35 PM      eth0 384579.00 321649.00 568593.18  41853.25      0.00      0.00      0.00
09:38:36 PM      eth0 385730.00 324113.00 570293.34  42148.13      0.00      0.00      0.00
09:38:37 PM      eth0 369743.00 307208.00 546655.18  40089.55      0.00      0.00      0.00
09:38:38 PM      eth0 474643.00 383420.00 701746.96  49586.52      0.00      0.00      0.00
09:38:39 PM      eth0 460602.00 371278.00 680987.81  48378.66      0.00      0.00      0.00
09:38:41 PM      eth0 469476.00 370149.00 694101.59  47982.00      0.00      0.00      0.00
09:38:42 PM      eth0 465170.00 377182.00 687729.69  49104.21      0.00      0.00      0.00
09:38:43 PM      eth0 489224.75 398714.85 723304.74  52112.82      0.00      0.00      0.00
09:38:44 PM      eth0 442214.00 356571.00 653792.02  46407.37      0.00      0.00      0.00
09:38:45 PM      eth0 455190.00 367508.00 672983.48  47738.40      0.00      0.00      0.00
09:38:46 PM      eth0 462396.00 372793.00 683639.55  48414.76      0.00      0.00      0.00
09:38:47 PM      eth0 437414.00 351760.00 646704.38  45644.23      0.00      0.00      0.00
09:38:48 PM      eth0 450284.00 361054.00 665718.23  46742.15      0.00      0.00      0.00
09:38:49 PM      eth0 419699.00 333734.00 620509.15  43095.48      0.00      0.00      0.00
09:38:50 PM      eth0 418965.00 344250.00 619433.32  44768.19      0.00      0.00      0.00
09:38:51 PM      eth0 432767.00 359223.00 639833.95  47115.34      0.00      0.00      0.00
09:38:52 PM      eth0 471597.00 384173.00 697242.80  49975.22      0.00      0.00      0.00
09:38:53 PM      eth0 498108.00 396559.00 736433.66  51405.84      0.00      0.00      0.00
09:38:54 PM      eth0 462566.00 380399.00 683883.62  49895.62      0.00      0.00      0.00
09:38:55 PM      eth0 471648.00 376994.00 697319.33  48986.04      0.00      0.00      0.00
09:38:56 PM      eth0 458099.00 374890.00 677289.35  49237.05      0.00      0.00      0.00
09:38:57 PM      eth0 461648.00 380309.00 682536.24  49619.06      0.00      0.00      0.00
09:38:58 PM      eth0 483271.00 390858.00 714504.24  50834.39      0.00      0.00      0.00
09:38:59 PM      eth0 437429.00 353160.00 646714.53  45787.33      0.00      0.00      0.00
09:39:00 PM      eth0 450998.00 367089.00 666793.28  47765.06      0.00      0.00      0.00
09:39:01 PM      eth0 443571.00 358800.00 655805.54  46709.86      0.00      0.00      0.00
09:39:02 PM      eth0 451615.00 360025.00 667701.89  46700.96      0.00      0.00      0.00
09:39:03 PM      eth0 478158.00 378752.00 706944.61  48902.39      0.00      0.00      0.00
09:39:04 PM      eth0 460600.00 370438.00 680982.70  48229.35      0.00      0.00      0.00
09:39:05 PM      eth0 459108.00 368026.00 678777.32  47901.29      0.00      0.00      0.00
09:39:06 PM      eth0 454112.00 367127.00 671391.70  47930.06      0.00      0.00      0.00
09:39:07 PM      eth0 473655.00 370978.00 700286.21  48114.39      0.00      0.00      0.00
09:39:08 PM      eth0 481350.00 387266.00 711669.38  50202.24      0.00      0.00      0.00
09:39:09 PM      eth0 537525.00 422490.00 794722.66  54691.64      0.00      0.00      0.00
09:39:10 PM      eth0 502217.00 388003.00 742518.84  50084.36      0.00      0.00      0.00
09:39:11 PM      eth0 497542.00 393671.00 735611.79  51226.80      0.00      0.00      0.00
09:39:12 PM      eth0 491633.00 387695.00 726868.82  50038.69      0.00      0.00      0.00
09:39:13 PM      eth0 500875.00 395720.00 740530.47  51316.98      0.00      0.00      0.00
09:39:14 PM      eth0 506161.00 393131.00 748347.16  50517.86      0.00      0.00      0.00
09:39:15 PM      eth0 525813.00 407506.00 777403.42  52641.23      0.00      0.00      0.00
09:39:16 PM      eth0 499486.00 392936.00 738476.67  51001.86      0.00      0.00      0.00
09:39:17 PM      eth0 509681.00 396251.00 753545.30  51097.68      0.00      0.00      0.00
09:39:18 PM      eth0 539438.00 408953.00 797524.43  52404.91      0.00      0.00      0.00
09:39:19 PM      eth0 470715.00 376379.00 695938.08  49020.39      0.00      0.00      0.00
09:39:20 PM      eth0 470044.00 376948.00 694949.98  48900.57      0.00      0.00      0.00
09:39:21 PM      eth0 440070.00 364248.00 650634.63  47629.77      0.00      0.00      0.00
09:39:22 PM      eth0 450100.00 370676.00 665459.34  48379.05      0.00      0.00      0.00
09:39:23 PM      eth0 482659.00 387684.00 713591.10  50396.93      0.00      0.00      0.00
09:39:24 PM      eth0 477888.00 380373.00 706545.00  49184.29      0.00      0.00      0.00
09:39:25 PM      eth0 496845.00 393393.00 734576.94  50993.49      0.00      0.00      0.00
09:39:26 PM      eth0 489868.00 381444.00 724257.99  49198.71      0.00      0.00      0.00
09:39:27 PM      eth0 467384.00 377308.00 691014.10  48996.31      0.00      0.00      0.00
09:39:28 PM      eth0 450337.00 368339.00 665809.53  47864.69      0.00      0.00      0.00
09:39:29 PM      eth0 489432.00 400140.00 723601.26  52086.62      0.00      0.00      0.00
09:39:30 PM      eth0 490246.00 396393.00 724814.96  51575.43      0.00      0.00      0.00
09:39:31 PM      eth0 514365.00 412107.00 760480.89  53423.36      0.00      0.00      0.00
09:39:32 PM      eth0 507880.00 403437.00 750890.31  52366.60      0.00      0.00      0.00
09:39:33 PM      eth0 504961.39 401130.69 746568.69  52232.68      0.00      0.00      0.00
09:39:34 PM      eth0 512552.53 402104.04 757794.03  52045.96      0.00      0.00      0.00
09:39:35 PM      eth0 493714.85 393957.43 729938.34  51178.04      0.00      0.00      0.00
09:39:36 PM      eth0 522976.00 409992.00 773215.35  52966.51      0.00      0.00      0.00
09:39:37 PM      eth0 540307.00 394150.00 798836.39  50059.25      0.00      0.00      0.00
09:39:38 PM      eth0 526000.00 403048.00 777394.38  51694.60      0.00      0.00      0.00
09:39:39 PM      eth0 461563.00 364652.00 682411.68  47441.51      0.00      0.00      0.00
09:39:40 PM      eth0 462038.00 368352.00 683106.59  47876.52      0.00      0.00      0.00
09:39:41 PM      eth0 451022.00 356964.00 666822.37  46138.09      0.00      0.00      1.00
09:39:42 PM      eth0 467099.00 373214.00 690595.66  48386.01      0.00      0.00      0.00
09:39:43 PM      eth0 481761.00 384627.00 712272.00  49755.96      0.00      0.00      0.00
09:39:44 PM      eth0 472204.00 379668.00 698138.51  49296.87      0.00      0.00      0.00
09:39:45 PM      eth0 450796.00 357835.00 666488.43  46194.49      0.00      0.00      0.00
09:39:46 PM      eth0 451499.00 363606.00 667526.86  47095.29      0.00      0.00      0.00
09:39:47 PM      eth0 470857.00 377469.00 696148.75  49074.54      0.00      0.00      0.00
09:39:48 PM      eth0 479647.00 380341.00 709133.87  49070.31      0.00      0.00      0.00
09:39:49 PM      eth0 608965.00 434375.00 900338.70  54741.24      0.00      0.00      0.00
09:39:50 PM      eth0 562068.00 420287.00 831000.29  53771.21      0.00      0.00      0.00
09:39:51 PM      eth0 615093.00 438462.00 909403.37  55458.20      0.00      0.00      0.00
09:39:52 PM      eth0 604267.00 444107.00 893396.95  56736.64      0.00      0.00      0.00
09:39:53 PM      eth0 623292.00 444349.00 921518.41  56173.27      0.00      0.00      0.00
09:39:54 PM      eth0 628747.00 440575.00 929599.04  55425.66      0.00      0.00      0.00
09:39:55 PM      eth0 634169.00 438256.00 937614.18  55213.65      0.00      0.00      0.00
09:39:56 PM      eth0 622895.00 442836.00 920939.05  56356.35      0.00      0.00      0.00
09:39:57 PM      eth0 584057.00 431395.00 863512.97  55293.41      0.00      0.00      0.00
09:39:58 PM      eth0 598032.00 430288.00 884179.86  54789.54      0.00      0.00      0.00
09:39:59 PM      eth0 612069.00 437057.00 904932.91  55529.59      0.00      0.00      0.00
09:40:00 PM      eth0 617570.00 435807.00 913066.15  55315.17      0.00      0.00      0.00
09:40:01 PM      eth0 644738.00 442461.00 953236.88  55731.81      0.00      0.00      0.00
09:40:02 PM      eth0 632534.00 449503.00 935190.75  57405.18      0.00      0.00      0.00
09:40:03 PM      eth0 632195.00 446442.00 934681.85  56632.41      0.00      0.00      0.00
09:40:04 PM      eth0 603021.00 435403.00 891551.15  55455.41      0.00      0.00      0.00
09:40:05 PM      eth0 618850.00 437359.00 914956.25  55438.54      0.00      0.00      0.00
09:40:06 PM      eth0 642923.00 451871.00 950556.19  57050.26      0.00      0.00      0.00
09:40:07 PM      eth0 614841.00 436752.00 909036.63  55317.51      0.00      0.00      0.00
09:40:08 PM      eth0 608182.00 442603.00 899186.78  56511.96      0.00      0.00      0.00
09:40:09 PM      eth0 597750.00 428843.00 883767.77  54536.66      0.00      0.00      0.00
09:40:10 PM      eth0 588558.00 425079.00 870170.87  54055.32      0.00      0.00      0.00
09:40:11 PM      eth0 564650.00 404878.00 834819.01  51332.30      0.00      0.00      0.00
09:40:12 PM      eth0 559449.00 405234.00 827137.02  51278.50      0.00      0.00      0.00
09:40:13 PM      eth0 564476.00 413010.00 834563.35  52369.07      0.00      0.00      0.00
09:40:14 PM      eth0 585093.00 424768.00 865046.92  53672.49      0.00      0.00      0.00
09:40:15 PM      eth0 596782.00 421953.00 882335.34  53113.91      0.00      0.00      0.00
09:40:16 PM      eth0 577655.00 414115.00 854054.77  52414.81      0.00      0.00      0.00
09:40:17 PM      eth0 593920.00 417051.00 878104.18  52626.31      0.00      0.00      0.00
09:40:18 PM      eth0 598582.00 420121.00 884304.92  53067.43      0.00      0.00      0.00
09:40:19 PM      eth0 627374.00 450221.00 927415.91  57122.73      0.00      0.00      0.00
09:40:20 PM      eth0 598428.00 434709.00 884766.23  55313.72      0.00      0.00      0.00
09:40:21 PM      eth0 594355.00 434969.00 878746.26  55413.61      0.00      0.00      0.00
09:40:22 PM      eth0 610751.00 444857.00 902989.83  56634.05      0.00      0.00      0.00
09:40:23 PM      eth0 624986.00 444759.00 924035.61  56277.14      0.00      0.00      0.00
09:40:24 PM      eth0 613904.00 435373.00 907653.00  54805.58      0.00      0.00      0.00
09:40:25 PM      eth0 600179.00 439497.00 887356.43  55878.45      0.00      0.00      0.00
09:40:26 PM      eth0 583165.00 435191.00 862201.34  55611.24      0.00      0.00      0.00
09:40:27 PM      eth0 611247.00 452249.00 903720.61  57803.19      0.00      0.00      0.00
09:40:28 PM      eth0 597660.00 442050.00 883545.95  56661.57      0.00      0.00      0.00
09:40:29 PM      eth0 649865.00 454589.00 960811.17  57220.35      0.00      0.00      0.00
09:40:30 PM      eth0 628861.00 450300.00 929766.84  57254.48      0.00      0.00      0.00
09:40:31 PM      eth0 677692.00 447843.00 1001960.92  55683.75      0.00      0.00      0.00
09:40:32 PM      eth0 594488.00 415520.00 878944.19  52667.70      0.00      0.00      0.00
09:40:33 PM      eth0 395248.00 296831.00 584357.61  38330.35      0.00      0.00      0.00
09:40:34 PM      eth0 387917.00 306516.00 573522.63  39508.02      0.00      0.00      0.00
09:40:35 PM      eth0 407409.00 321530.00 602342.40  41418.51      0.00      0.00      0.00
09:40:36 PM      eth0 402923.00 319525.00 595710.47  41077.49      0.00      0.00      0.00
09:40:37 PM      eth0 389351.00 319489.00 575642.66  41829.11      0.00      0.00      0.00
09:40:38 PM      eth0 384186.00 311680.00 568006.43  40355.65      0.00      0.00      0.00
09:40:39 PM      eth0 406289.00 335794.00 600688.78  43969.48      0.00      0.00      0.00
09:40:40 PM      eth0 423997.00 348047.00 626870.54  45254.00      0.00      0.00      0.00
09:40:41 PM      eth0 432302.00 352916.00 639148.60  46126.47      0.00      0.00      0.00
09:40:42 PM      eth0 434525.00 350866.00 642434.55  45548.93      0.00      0.00      0.00
09:40:43 PM      eth0 418691.00 342093.00 619015.91  44464.80      0.00      0.00      0.00
09:40:44 PM      eth0 404919.00 335957.00 598656.82  43717.82      0.00      0.00      0.00
09:40:45 PM      eth0 411852.00 345670.00 608913.37  45333.73      0.00      0.00      0.00
09:40:46 PM      eth0 417857.00 345399.00 617793.74  45200.30      0.00      0.00      0.00
09:40:47 PM      eth0 446476.00 363230.00 660100.04  47173.80      0.00      0.00      0.00
09:40:48 PM      eth0 427887.00 341556.00 632609.51  44118.65      0.00      0.00      0.00
09:40:49 PM      eth0 473458.00 372363.00 699992.98  47987.62      0.00      0.00      0.00
09:40:50 PM      eth0 476904.00 380982.00 705089.34  49294.91      0.00      0.00      0.00
09:40:51 PM      eth0 465674.00 373036.00 688488.64  48511.52      0.00      0.00      0.00
09:40:52 PM      eth0 481390.00 385280.00 711730.09  49873.38      0.00      0.00      0.00
09:40:53 PM      eth0 466252.00 368881.00 689345.02  47657.07      0.00      0.00      0.00
09:40:54 PM      eth0 472394.00 371551.00 698421.01  47883.71      0.00      0.00      0.00
09:40:55 PM      eth0 492322.00 383469.00 727879.41  49233.97      0.00      0.00      0.00
09:40:56 PM      eth0 487840.00 381795.00 721257.29  49275.18      0.00      0.00      0.00
09:40:57 PM      eth0 498182.00 391318.00 736544.66  50558.71      0.00      0.00      0.00
09:40:58 PM      eth0 521686.00 408388.00 771293.71  52681.05      0.00      0.00      0.00
09:40:59 PM      eth0 455834.00 346959.00 673938.25  44871.49      0.00      0.00      0.00
09:41:00 PM      eth0 468883.00 359175.00 693230.24  46304.19      0.00      0.00      0.00
09:41:01 PM      eth0 437058.00 343737.00 646177.24  44458.83      0.00      0.00      0.00
09:41:02 PM      eth0 463535.00 367743.00 685318.48  47810.00      0.00      0.00      0.00
09:41:03 PM      eth0 447668.00 357199.00 661865.53  46524.84      0.00      0.00      0.00
09:41:04 PM      eth0 466147.00 366388.00 689186.50  47420.75      0.00      0.00      0.00
09:41:05 PM      eth0 450092.00 351732.00 665455.34  45730.86      0.00      0.00      0.00
09:41:06 PM      eth0 466952.00 362963.00 690380.02  46949.91      0.00      0.00      0.00
09:41:07 PM      eth0 483995.00 378934.00 715562.18  49346.70      0.00      0.00      0.00
09:41:08 PM      eth0 466383.00 360503.00 689533.39  46748.89      0.00      0.00      0.00
09:41:09 PM      eth0 435951.00 345695.00 644547.96  45076.37      0.00      0.00      0.00
09:41:10 PM      eth0 438387.00 351138.00 648147.50  45750.27      0.00      0.00      0.00
09:41:11 PM      eth0 432916.00 341544.00 640053.07  44030.46      0.00      0.00      0.00
09:41:12 PM      eth0 457236.00 359450.00 676012.40  46495.80      0.00      0.00      0.00
09:41:13 PM      eth0 457035.00 357842.00 675710.86  46355.68      0.00      0.00      0.00
09:41:14 PM      eth0 449308.00 351818.00 664289.12  45388.62      0.00      0.00      0.00
09:41:15 PM      eth0 440596.00 348989.00 651416.65  45263.59      0.00      0.00      0.00
09:41:16 PM      eth0 430703.00 340529.00 636783.79  43790.89      0.00      0.00      0.00
09:41:17 PM      eth0 429790.00 351769.00 635428.43  45887.52      0.00      0.00      0.00
09:41:18 PM      eth0 429301.00 354570.00 634695.89  46580.96      0.00      0.00      0.00
09:41:19 PM      eth0 346082.00 292070.00 511676.95  38320.64      0.00      0.00      0.00
09:41:20 PM      eth0 328930.00 277895.00 486312.96  36251.27      0.00      0.00      0.00
09:41:21 PM      eth0 324189.00 278104.00 479300.54  36309.51      0.00      0.00      0.00
09:41:22 PM      eth0 314333.00 271498.00 464734.23  35560.44      0.00      0.00      0.00
09:41:23 PM      eth0 328328.00 285286.00 485415.67  37349.16      0.00      0.00      0.00
09:41:24 PM      eth0 332077.00 286512.00 490964.47  37370.27      0.00      0.00      0.00
09:41:25 PM      eth0 315789.00 269492.00 466887.22  35098.38      0.00      0.00      0.00
09:41:26 PM      eth0 301651.00 259422.00 445987.68  33814.69      0.00      0.00      0.00
09:41:27 PM      eth0 315652.00 273148.00 466677.45  35886.21      0.00      0.00      0.00
09:41:28 PM      eth0 332505.00 280275.00 491597.18  36315.07      0.00      0.00      0.00
09:41:29 PM      eth0 383309.00 326287.00 566708.17  42820.88      0.00      0.00      0.00
09:41:30 PM      eth0 365302.00 309426.00 540092.41  40496.27      0.00      0.00      0.00
09:41:31 PM      eth0 375853.47 314747.52 555691.91  40795.07      0.00      0.00      0.00
09:41:32 PM      eth0 381917.00 325002.00 564655.25  42733.02      0.00      0.00      0.00
09:41:33 PM      eth0 368187.00 304921.00 544345.34  39732.13      0.00      0.00      0.00
09:41:34 PM      eth0 385338.00 323767.00 569715.58  42371.76      0.00      0.00      0.00
09:41:35 PM      eth0 404468.00 334936.00 597997.25  43573.47      0.00      0.00      0.00
09:41:36 PM      eth0 390820.00 322296.00 577818.14  42069.02      0.00      0.00      0.00
09:41:37 PM      eth0 384983.00 318131.00 569189.89  41422.09      0.00      0.00      0.00
09:41:38 PM      eth0 384730.00 321954.00 568811.55  41930.41      0.00      0.00      0.00
09:41:39 PM      eth0 336858.00 278765.00 498030.85  36069.27      0.00      0.00      0.00
09:41:40 PM      eth0 335144.00 282291.00 495501.77  36824.41      0.00      0.00      0.00
09:41:41 PM      eth0 332983.00 281280.00 492302.31  36558.96      0.00      0.00      0.00
09:41:42 PM      eth0 322622.00 276406.00 476991.75  36222.17      0.00      0.00      0.00
09:41:43 PM      eth0 330994.00 279711.00 489371.53  36276.64      0.00      0.00      0.00
09:41:44 PM      eth0 322582.00 271779.00 476931.25  35365.66      0.00      0.00      0.00
09:41:45 PM      eth0 320458.00 277930.00 473785.50  36516.06      0.00      0.00      0.00
09:41:46 PM      eth0 328991.00 283403.00 486398.52  37052.80      0.00      0.00      0.00
09:41:47 PM      eth0 331205.00 283620.00 489677.46  37019.79      0.00      0.00      0.00
09:41:48 PM      eth0 347790.00 294902.00 514187.67  38460.59      0.00      0.00      0.00
09:41:49 PM      eth0 355407.00 299776.00 525460.48  38962.37      0.00      0.00      0.00
09:41:50 PM      eth0 336857.00 288441.00 498036.59  37825.15      0.00      0.00      0.00
09:41:51 PM      eth0 355387.00 305159.00 525418.19  40110.65      0.00      0.00      0.00
09:41:52 PM      eth0 349843.00 295591.00 517237.42  38516.50      0.00      0.00      0.00
09:41:53 PM      eth0 333730.00 283138.00 493412.92  37043.66      0.00      0.00      0.00
09:41:54 PM      eth0 353595.00 299693.00 522782.96  38896.75      0.00      0.00      0.00
09:41:55 PM      eth0 361667.00 307630.00 534716.47  40275.86      0.00      0.00      0.00
09:41:56 PM      eth0 356060.00 297091.00 526428.07  38630.79      0.00      0.00      0.00
09:41:57 PM      eth0 347981.00 294529.00 514485.13  38487.27      0.00      0.00      0.00
09:41:58 PM      eth0 342350.00 291180.00 506155.25  37983.02      0.00      0.00      0.00
09:41:59 PM      eth0 318737.00 274387.00 471238.10  35959.96      0.00      0.00      0.00
09:42:00 PM      eth0 330140.00 286132.00 488107.06  37610.04      0.00      0.00      0.00
09:42:01 PM      eth0 318290.00 271654.00 470579.14  35338.56      0.00      0.00      0.00
09:42:02 PM      eth0 325322.00 277979.00 480977.76  36213.61      0.00      0.00      0.00
09:42:03 PM      eth0 319580.00 275213.00 472484.13  36080.67      0.00      0.00      0.00
09:42:04 PM      eth0 316325.00 271179.00 467677.64  35159.04      0.00      0.00      0.00
09:42:05 PM      eth0 316175.00 271507.00 467452.02  35354.13      0.00      0.00      0.00
09:42:06 PM      eth0 314264.00 271574.00 464631.60  35392.35      0.00      0.00      0.00
09:42:07 PM      eth0 337506.00 290492.00 498988.68  37975.89      0.00      0.00      0.00
09:42:08 PM      eth0 315399.00 271066.00 466309.27  35371.50      0.00      0.00      0.00
09:42:09 PM      eth0 347065.00 299044.00 513124.51  39292.45      0.00      0.00      0.00
09:42:10 PM      eth0 348019.00 294500.00 514530.86  38285.63      0.00      0.00      0.00
09:42:11 PM      eth0 353587.00 300034.00 522769.22  39308.82      0.00      0.00      0.00
09:42:12 PM      eth0 350308.00 296548.00 517924.10  38730.52      0.00      0.00      0.00
09:42:13 PM      eth0 366329.00 305334.00 541605.97  39807.68      0.00      0.00      0.00
09:42:14 PM      eth0 347218.00 294839.00 513351.98  38534.16      0.00      0.00      0.00
09:42:15 PM      eth0 348974.00 293247.00 515944.79  38209.07      0.00      0.00      0.00
09:42:16 PM      eth0 326250.00 280276.00 482347.54  36585.93      0.00      0.00      0.00
09:42:17 PM      eth0 351810.00 297991.00 520142.76  38920.45      0.00      0.00      0.00
09:42:18 PM      eth0 345997.00 292374.00 511538.93  38196.04      0.00      0.00      0.00
09:42:19 PM      eth0 354812.00 293204.00 524579.80  37931.06      0.00      0.00      0.00
09:42:20 PM      eth0 336269.00 288651.00 497166.47  37862.85      0.00      0.00      0.00
09:42:21 PM      eth0 344575.00 295209.00 509438.14  38726.31      0.00      0.00      0.00
09:42:22 PM      eth0 328673.00 282833.00 485928.50  36947.32      0.00      0.00      0.00
09:42:23 PM      eth0 327248.00 281301.00 483828.81  36904.50      0.00      0.00      0.00
09:42:24 PM      eth0 332796.00 284120.00 492027.38  37086.22      0.00      0.00      0.00
09:42:25 PM      eth0 336914.00 290379.00 498118.05  38099.36      0.00      0.00      0.00
09:42:26 PM      eth0 330260.00 281530.00 488280.20  36785.54      0.00      0.00      0.00
09:42:27 PM      eth0 331434.00 285499.00 490020.11  37505.94      0.00      0.00      0.00
09:42:28 PM      eth0 340033.00 291419.00 502735.60  38042.33      0.00      0.00      0.00
09:42:29 PM      eth0 351916.00 300502.00 520293.38  39393.72      0.00      0.00      0.00
09:42:30 PM      eth0 360154.00 299485.00 532478.28  38874.68      0.00      0.00      0.00
09:42:31 PM      eth0 357735.00 301056.00 528899.79  39094.75      0.00      0.00      0.00
09:42:32 PM      eth0 356078.00 298150.00 526452.06  38795.25      0.00      0.00      0.00
09:42:33 PM      eth0 343576.00 285083.00 507962.26  37061.29      0.00      0.00      0.00
09:42:34 PM      eth0 347363.00 293778.00 513565.83  38467.53      0.00      0.00      0.00
09:42:35 PM      eth0 341297.00 291336.00 504597.49  38080.99      0.00      0.00      0.00
09:42:36 PM      eth0 352178.00 304504.00 520689.29  39978.17      0.00      0.00      0.00
09:42:37 PM      eth0 355269.00 302337.00 525257.76  39556.68      0.00      0.00      0.00
09:42:38 PM      eth0 359727.00 301394.00 531845.73  39200.18      0.00      0.00      0.00
09:42:39 PM      eth0 345449.00 294034.00 510738.67  38355.90      0.00      0.00      0.00
09:42:40 PM      eth0 341845.00 291824.00 505410.09  38212.95      0.00      0.00      0.00
09:42:41 PM      eth0 327328.00 282445.00 483951.26  37123.00      0.00      0.00      0.00
09:42:42 PM      eth0 334180.00 284989.00 494075.38  37378.14      0.00      0.00      0.00
09:42:43 PM      eth0 329711.00 279718.00 487466.87  36311.46      0.00      0.00      0.00
09:42:44 PM      eth0 330638.00 286403.00 488839.09  37492.50      0.00      0.00      0.00
09:42:45 PM      eth0 346405.00 295413.00 512151.70  38597.73      0.00      0.00      0.00
09:42:46 PM      eth0 331043.00 279496.00 489432.24  36258.74      0.00      0.00      0.00
09:42:47 PM      eth0 327683.00 282686.00 484463.07  36927.24      0.00      0.00      0.00
09:42:48 PM      eth0 332368.00 288632.00 491385.79  37881.78      0.00      0.00      0.00
09:42:49 PM      eth0 355087.00 304989.00 524985.63  40054.53      0.00      0.00      0.00
09:42:50 PM      eth0 361211.00 308210.00 534038.76  40437.93      0.00      0.00      0.00
09:42:51 PM      eth0 357739.00 299791.00 528905.15  39057.22      0.00      0.00      0.00
09:42:52 PM      eth0 334785.00 285954.00 494972.98  37288.66      0.00      0.00      0.00
09:42:53 PM      eth0 348679.00 297024.00 515508.10  38838.40      0.00      0.00      0.00
09:42:54 PM      eth0 377005.00 319482.00 557393.41  41611.16      0.00      0.00      0.00
09:42:55 PM      eth0 357693.00 302746.00 528836.62  39530.85      0.00      0.00      0.00
09:42:56 PM      eth0 357615.00 301507.00 528726.73  39358.69      0.00      0.00      0.00
09:42:57 PM      eth0 366155.00 308145.00 541344.91  40278.93      0.00      0.00      0.00
09:42:58 PM      eth0 362775.00 305401.00 536356.37  39852.26      0.00      0.00      0.00
09:42:59 PM      eth0 336777.00 286464.00 497907.80  37549.10      0.00      0.00      0.00
09:43:00 PM      eth0 342089.00 293745.00 505769.93  38541.46      0.00      0.00      0.00
09:43:01 PM      eth0 323590.00 277511.00 478415.40  36315.73      0.00      0.00      0.00
09:43:02 PM      eth0 331636.00 285338.00 490317.20  37294.56      0.00      0.00      1.00
09:43:03 PM      eth0 317247.00 272057.00 469031.07  35356.83      0.00      0.00      0.00
09:43:04 PM      eth0 322808.00 274733.00 477253.98  35785.65      0.00      0.00      0.00
09:43:05 PM      eth0 315667.00 266164.00 466701.12  34622.44      0.00      0.00      0.00
09:43:06 PM      eth0 306871.00 250623.00 453692.54  32195.21      0.00      0.00      0.00
09:43:07 PM      eth0 311052.00 255591.00 459884.13  32859.28      0.00      0.00      0.00
09:43:08 PM      eth0 315885.00 240848.00 467021.55  30330.18      0.00      0.00      0.00
09:43:09 PM      eth0 350415.00 253493.00 518074.14  31913.79      0.00      0.00      0.00
09:43:10 PM      eth0 332944.00 224962.00 492248.37  28109.30      0.00      0.00      0.00
09:43:11 PM      eth0 340958.00 220505.00 504091.74  27384.83      0.00      0.00      0.00
09:43:12 PM      eth0 368187.00 213957.00 544350.45  26199.74      0.00      0.00      0.00
09:43:13 PM      eth0 415835.00 231910.00 614795.78  28215.75      0.00      0.00      0.00
09:43:14 PM      eth0 563763.00 232098.00 833514.00  27733.09      0.00      0.00      0.00
09:43:15 PM      eth0 673103.00 187212.00 995175.47  21818.40      0.00      0.00      0.00
09:43:16 PM      eth0 770273.00 173614.00 1138842.56  20090.47      0.00      0.00      0.00
09:43:17 PM      eth0 792397.00 149849.00 1171558.38  17261.66      0.00      0.00      0.00
09:43:18 PM      eth0 802865.00 177269.00 1187013.95  20473.24      0.00      0.00      0.00
09:43:19 PM      eth0 812637.00 107162.00 1201476.97  12416.99      0.00      0.00      0.00
09:43:20 PM      eth0 804457.00  45987.00 1189388.36   5303.00      0.00      0.00      0.00
