              total        used        free      shared  buff/cache   available
Mem:          48114        3117       41627         929        3369       43446
Swap:         24191           0       24191
Total:        72306        3117       65819

              total        used        free      shared  buff/cache   available
Mem:          48114        3117       41626         929        3369       43446
Swap:         24191           0       24191
Total:        72306        3117       65818

              total        used        free      shared  buff/cache   available
Mem:          48114        3118       41625         929        3369       43445
Swap:         24191           0       24191
Total:        72306        3118       65817

              total        used        free      shared  buff/cache   available
Mem:          48114        3119       41624         929        3369       43444
Swap:         24191           0       24191
Total:        72306        3119       65816

              total        used        free      shared  buff/cache   available
Mem:          48114        3120       41624         929        3370       43444
Swap:         24191           0       24191
Total:        72306        3120       65816

              total        used        free      shared  buff/cache   available
Mem:          48114        3121       41623         929        3370       43443
Swap:         24191           0       24191
Total:        72306        3121       65815

              total        used        free      shared  buff/cache   available
Mem:          48114        3120       41623         929        3370       43443
Swap:         24191           0       24191
Total:        72306        3120       65815

              total        used        free      shared  buff/cache   available
Mem:          48114        3121       41622         929        3370       43442
Swap:         24191           0       24191
Total:        72306        3121       65814

              total        used        free      shared  buff/cache   available
Mem:          48114        3121       41621         929        3370       43442
Swap:         24191           0       24191
Total:        72306        3121       65813

              total        used        free      shared  buff/cache   available
Mem:          48114        3121       41622         929        3370       43442
Swap:         24191           0       24191
Total:        72306        3121       65814

              total        used        free      shared  buff/cache   available
Mem:          48114        3119       41623         929        3371       43444
Swap:         24191           0       24191
Total:        72306        3119       65815

              total        used        free      shared  buff/cache   available
Mem:          48114        3121       41621         929        3371       43442
Swap:         24191           0       24191
Total:        72306        3121       65813

              total        used        free      shared  buff/cache   available
Mem:          48114        3122       41621         929        3371       43441
Swap:         24191           0       24191
Total:        72306        3122       65813

              total        used        free      shared  buff/cache   available
Mem:          48114        3121       41621         929        3371       43442
Swap:         24191           0       24191
Total:        72306        3121       65813

              total        used        free      shared  buff/cache   available
Mem:          48114        3123       41619         929        3371       43440
Swap:         24191           0       24191
Total:        72306        3123       65811

              total        used        free      shared  buff/cache   available
Mem:          48114        3122       41620         929        3371       43441
Swap:         24191           0       24191
Total:        72306        3122       65812

              total        used        free      shared  buff/cache   available
Mem:          48114        3123       41619         929        3371       43440
Swap:         24191           0       24191
Total:        72306        3123       65811

              total        used        free      shared  buff/cache   available
Mem:          48114        3122       41620         929        3371       43441
Swap:         24191           0       24191
Total:        72306        3122       65812

              total        used        free      shared  buff/cache   available
Mem:          48114        3123       41618         929        3371       43440
Swap:         24191           0       24191
Total:        72306        3123       65810

              total        used        free      shared  buff/cache   available
Mem:          48114        3123       41618         929        3371       43440
Swap:         24191           0       24191
Total:        72306        3123       65810

              total        used        free      shared  buff/cache   available
Mem:          48114        3123       41618         929        3371       43440
Swap:         24191           0       24191
Total:        72306        3123       65810

              total        used        free      shared  buff/cache   available
Mem:          48114        3122       41619         929        3372       43441
Swap:         24191           0       24191
Total:        72306        3122       65811

              total        used        free      shared  buff/cache   available
Mem:          48114        3121       41620         929        3372       43442
Swap:         24191           0       24191
Total:        72306        3121       65812

              total        used        free      shared  buff/cache   available
Mem:          48114        3120       41621         929        3372       43443
Swap:         24191           0       24191
Total:        72306        3120       65813

              total        used        free      shared  buff/cache   available
Mem:          48114        3121       41619         929        3372       43442
Swap:         24191           0       24191
Total:        72306        3121       65811

              total        used        free      shared  buff/cache   available
Mem:          48114        3120       41620         929        3372       43443
Swap:         24191           0       24191
Total:        72306        3120       65812

              total        used        free      shared  buff/cache   available
Mem:          48114        3120       41620         929        3372       43443
Swap:         24191           0       24191
Total:        72306        3120       65812

              total        used        free      shared  buff/cache   available
Mem:          48114        3120       41620         929        3372       43443
Swap:         24191           0       24191
Total:        72306        3120       65812

              total        used        free      shared  buff/cache   available
Mem:          48114        3120       41621         929        3372       43443
Swap:         24191           0       24191
Total:        72306        3120       65813

              total        used        free      shared  buff/cache   available
Mem:          48114        3120       41620         929        3372       43443
Swap:         24191           0       24191
Total:        72306        3120       65812

              total        used        free      shared  buff/cache   available
Mem:          48114        3122       41618         929        3373       43441
Swap:         24191           0       24191
Total:        72306        3122       65810

              total        used        free      shared  buff/cache   available
Mem:          48114        3190       41550         929        3373       43372
Swap:         24191           0       24191
Total:        72306        3190       65742

              total        used        free      shared  buff/cache   available
Mem:          48114        3263       41477         929        3373       43300
Swap:         24191           0       24191
Total:        72306        3263       65669

              total        used        free      shared  buff/cache   available
Mem:          48114        3303       41438         929        3372       43261
Swap:         24191           0       24191
Total:        72306        3303       65630

              total        used        free      shared  buff/cache   available
Mem:          48114        3273       41467         929        3372       43291
Swap:         24191           0       24191
Total:        72306        3273       65659

              total        used        free      shared  buff/cache   available
Mem:          48114        3250       41490         929        3372       43313
Swap:         24191           0       24191
Total:        72306        3250       65682

              total        used        free      shared  buff/cache   available
Mem:          48114        3260       41480         929        3373       43303
Swap:         24191           0       24191
Total:        72306        3260       65672

              total        used        free      shared  buff/cache   available
Mem:          48114        3254       41487         929        3372       43310
Swap:         24191           0       24191
Total:        72306        3254       65679

              total        used        free      shared  buff/cache   available
Mem:          48114        3254       41486         929        3373       43310
Swap:         24191           0       24191
Total:        72306        3254       65678

              total        used        free      shared  buff/cache   available
Mem:          48114        3255       41485         929        3373       43309
Swap:         24191           0       24191
Total:        72306        3255       65677

              total        used        free      shared  buff/cache   available
Mem:          48114        3257       41482         929        3373       43306
Swap:         24191           0       24191
Total:        72306        3257       65674

              total        used        free      shared  buff/cache   available
Mem:          48114        3256       41484         929        3373       43308
Swap:         24191           0       24191
Total:        72306        3256       65676

              total        used        free      shared  buff/cache   available
Mem:          48114        3256       41483         929        3374       43307
Swap:         24191           0       24191
Total:        72306        3256       65675

              total        used        free      shared  buff/cache   available
Mem:          48114        3256       41484         929        3373       43308
Swap:         24191           0       24191
Total:        72306        3256       65676

              total        used        free      shared  buff/cache   available
Mem:          48114        3256       41483         929        3374       43308
Swap:         24191           0       24191
Total:        72306        3256       65675

              total        used        free      shared  buff/cache   available
Mem:          48114        3255       41485         929        3373       43309
Swap:         24191           0       24191
Total:        72306        3255       65677

              total        used        free      shared  buff/cache   available
Mem:          48114        3258       41480         929        3374       43305
Swap:         24191           0       24191
Total:        72306        3258       65672

              total        used        free      shared  buff/cache   available
Mem:          48114        3263       41476         929        3374       43300
Swap:         24191           0       24191
Total:        72306        3263       65668

              total        used        free      shared  buff/cache   available
Mem:          48114        3264       41474         929        3374       43299
Swap:         24191           0       24191
Total:        72306        3264       65666

              total        used        free      shared  buff/cache   available
Mem:          48114        3266       41473         929        3374       43297
Swap:         24191           0       24191
Total:        72306        3266       65665

              total        used        free      shared  buff/cache   available
Mem:          48114        3273       41466         929        3374       43291
Swap:         24191           0       24191
Total:        72306        3273       65658

              total        used        free      shared  buff/cache   available
Mem:          48114        3277       41461         929        3375       43286
Swap:         24191           0       24191
Total:        72306        3277       65653

              total        used        free      shared  buff/cache   available
Mem:          48114        3275       41463         929        3375       43288
Swap:         24191           0       24191
Total:        72306        3275       65655

              total        used        free      shared  buff/cache   available
Mem:          48114        3263       41475         929        3375       43300
Swap:         24191           0       24191
Total:        72306        3263       65667

              total        used        free      shared  buff/cache   available
Mem:          48114        3270       41467         929        3375       43293
Swap:         24191           0       24191
Total:        72306        3270       65659

              total        used        free      shared  buff/cache   available
Mem:          48114        3239       41499         929        3375       43324
Swap:         24191           0       24191
Total:        72306        3239       65691

              total        used        free      shared  buff/cache   available
Mem:          48114        3244       41494         929        3375       43319
Swap:         24191           0       24191
Total:        72306        3244       65686

              total        used        free      shared  buff/cache   available
Mem:          48114        3247       41491         929        3375       43316
Swap:         24191           0       24191
Total:        72306        3247       65683

              total        used        free      shared  buff/cache   available
Mem:          48114        3252       41486         929        3375       43312
Swap:         24191           0       24191
Total:        72306        3252       65678

              total        used        free      shared  buff/cache   available
Mem:          48114        3256       41481         929        3375       43307
Swap:         24191           0       24191
Total:        72306        3256       65673

              total        used        free      shared  buff/cache   available
Mem:          48114        3258       41479         929        3375       43305
Swap:         24191           0       24191
Total:        72306        3258       65671

              total        used        free      shared  buff/cache   available
Mem:          48114        3254       41484         929        3375       43310
Swap:         24191           0       24191
Total:        72306        3254       65676

              total        used        free      shared  buff/cache   available
Mem:          48114        3255       41482         929        3376       43308
Swap:         24191           0       24191
Total:        72306        3255       65674

              total        used        free      shared  buff/cache   available
Mem:          48114        3261       41476         929        3376       43302
Swap:         24191           0       24191
Total:        72306        3261       65668

              total        used        free      shared  buff/cache   available
Mem:          48114        3255       41482         929        3376       43308
Swap:         24191           0       24191
Total:        72306        3255       65674

              total        used        free      shared  buff/cache   available
Mem:          48114        3213       41524         929        3376       43350
Swap:         24191           0       24191
Total:        72306        3213       65716

              total        used        free      shared  buff/cache   available
Mem:          48114        3218       41519         929        3376       43345
Swap:         24191           0       24191
Total:        72306        3218       65711

              total        used        free      shared  buff/cache   available
Mem:          48114        3226       41511         929        3376       43337
Swap:         24191           0       24191
Total:        72306        3226       65703

              total        used        free      shared  buff/cache   available
Mem:          48114        3212       41524         929        3377       43351
Swap:         24191           0       24191
Total:        72306        3212       65716

              total        used        free      shared  buff/cache   available
Mem:          48114        3224       41512         929        3377       43339
Swap:         24191           0       24191
Total:        72306        3224       65704

              total        used        free      shared  buff/cache   available
Mem:          48114        3221       41515         929        3377       43342
Swap:         24191           0       24191
Total:        72306        3221       65707

              total        used        free      shared  buff/cache   available
Mem:          48114        3236       41500         929        3377       43327
Swap:         24191           0       24191
Total:        72306        3236       65692

              total        used        free      shared  buff/cache   available
Mem:          48114        3235       41501         929        3377       43328
Swap:         24191           0       24191
Total:        72306        3235       65693

              total        used        free      shared  buff/cache   available
Mem:          48114        3245       41490         929        3377       43318
Swap:         24191           0       24191
Total:        72306        3245       65682

              total        used        free      shared  buff/cache   available
Mem:          48114        3244       41492         929        3377       43319
Swap:         24191           0       24191
Total:        72306        3244       65684

              total        used        free      shared  buff/cache   available
Mem:          48114        3253       41483         929        3377       43311
Swap:         24191           0       24191
Total:        72306        3253       65675

              total        used        free      shared  buff/cache   available
Mem:          48114        3244       41492         929        3377       43320
Swap:         24191           0       24191
Total:        72306        3244       65684

              total        used        free      shared  buff/cache   available
Mem:          48114        3246       41489         929        3377       43317
Swap:         24191           0       24191
Total:        72306        3246       65681

              total        used        free      shared  buff/cache   available
Mem:          48114        3249       41486         929        3378       43314
Swap:         24191           0       24191
Total:        72306        3249       65678

              total        used        free      shared  buff/cache   available
Mem:          48114        3255       41481         929        3377       43309
Swap:         24191           0       24191
Total:        72306        3255       65673

              total        used        free      shared  buff/cache   available
Mem:          48114        3251       41484         929        3377       43312
Swap:         24191           0       24191
Total:        72306        3251       65676

              total        used        free      shared  buff/cache   available
Mem:          48114        3257       41478         929        3378       43306
Swap:         24191           0       24191
Total:        72306        3257       65670

              total        used        free      shared  buff/cache   available
Mem:          48114        3260       41475         929        3377       43304
Swap:         24191           0       24191
Total:        72306        3260       65667

              total        used        free      shared  buff/cache   available
Mem:          48114        3262       41473         929        3378       43301
Swap:         24191           0       24191
Total:        72306        3262       65665

              total        used        free      shared  buff/cache   available
Mem:          48114        3261       41474         929        3378       43303
Swap:         24191           0       24191
Total:        72306        3261       65666

              total        used        free      shared  buff/cache   available
Mem:          48114        3233       41502         929        3378       43330
Swap:         24191           0       24191
Total:        72306        3233       65694

              total        used        free      shared  buff/cache   available
Mem:          48114        3234       41500         929        3378       43329
Swap:         24191           0       24191
Total:        72306        3234       65692

              total        used        free      shared  buff/cache   available
Mem:          48114        3244       41490         929        3378       43319
Swap:         24191           0       24191
Total:        72306        3244       65682

              total        used        free      shared  buff/cache   available
Mem:          48114        3239       41495         929        3379       43324
Swap:         24191           0       24191
Total:        72306        3239       65687

              total        used        free      shared  buff/cache   available
Mem:          48114        3241       41494         929        3378       43323
Swap:         24191           0       24191
Total:        72306        3241       65686

              total        used        free      shared  buff/cache   available
Mem:          48114        3241       41493         929        3379       43323
Swap:         24191           0       24191
Total:        72306        3241       65685

              total        used        free      shared  buff/cache   available
Mem:          48114        3248       41486         929        3378       43315
Swap:         24191           0       24191
Total:        72306        3248       65678

              total        used        free      shared  buff/cache   available
Mem:          48114        3243       41491         929        3379       43320
Swap:         24191           0       24191
Total:        72306        3243       65683

              total        used        free      shared  buff/cache   available
Mem:          48114        3250       41484         929        3379       43313
Swap:         24191           0       24191
Total:        72306        3250       65676

              total        used        free      shared  buff/cache   available
Mem:          48114        3247       41487         929        3379       43316
Swap:         24191           0       24191
Total:        72306        3247       65679

              total        used        free      shared  buff/cache   available
Mem:          48114        3250       41483         929        3379       43313
Swap:         24191           0       24191
Total:        72306        3250       65675

              total        used        free      shared  buff/cache   available
Mem:          48114        3243       41490         929        3380       43320
Swap:         24191           0       24191
Total:        72306        3243       65682

              total        used        free      shared  buff/cache   available
Mem:          48114        3253       41481         929        3380       43311
Swap:         24191           0       24191
Total:        72306        3253       65673

              total        used        free      shared  buff/cache   available
Mem:          48114        3250       41483         929        3380       43313
Swap:         24191           0       24191
Total:        72306        3250       65675

              total        used        free      shared  buff/cache   available
Mem:          48114        3256       41477         929        3380       43307
Swap:         24191           0       24191
Total:        72306        3256       65669

              total        used        free      shared  buff/cache   available
Mem:          48114        3260       41473         929        3380       43303
Swap:         24191           0       24191
Total:        72306        3260       65665

              total        used        free      shared  buff/cache   available
Mem:          48114        3267       41466         929        3380       43296
Swap:         24191           0       24191
Total:        72306        3267       65658

              total        used        free      shared  buff/cache   available
Mem:          48114        3263       41470         929        3380       43300
Swap:         24191           0       24191
Total:        72306        3263       65662

              total        used        free      shared  buff/cache   available
Mem:          48114        3276       41457         929        3380       43287
Swap:         24191           0       24191
Total:        72306        3276       65649

              total        used        free      shared  buff/cache   available
Mem:          48114        3254       41479         929        3380       43309
Swap:         24191           0       24191
Total:        72306        3254       65671

              total        used        free      shared  buff/cache   available
Mem:          48114        3232       41501         929        3380       43331
Swap:         24191           0       24191
Total:        72306        3232       65693

              total        used        free      shared  buff/cache   available
Mem:          48114        3222       41510         929        3380       43341
Swap:         24191           0       24191
Total:        72306        3222       65702

              total        used        free      shared  buff/cache   available
Mem:          48114        3234       41498         929        3381       43329
Swap:         24191           0       24191
Total:        72306        3234       65690

              total        used        free      shared  buff/cache   available
Mem:          48114        3235       41497         929        3380       43328
Swap:         24191           0       24191
Total:        72306        3235       65689

              total        used        free      shared  buff/cache   available
Mem:          48114        3242       41490         929        3381       43322
Swap:         24191           0       24191
Total:        72306        3242       65682

              total        used        free      shared  buff/cache   available
Mem:          48114        3240       41493         929        3380       43324
Swap:         24191           0       24191
Total:        72306        3240       65685

              total        used        free      shared  buff/cache   available
Mem:          48114        3249       41484         929        3380       43315
Swap:         24191           0       24191
Total:        72306        3249       65676

              total        used        free      shared  buff/cache   available
Mem:          48114        3241       41490         929        3381       43322
Swap:         24191           0       24191
Total:        72306        3241       65682

              total        used        free      shared  buff/cache   available
Mem:          48114        3250       41482         929        3381       43314
Swap:         24191           0       24191
Total:        72306        3250       65674

              total        used        free      shared  buff/cache   available
Mem:          48114        3244       41487         929        3381       43319
Swap:         24191           0       24191
Total:        72306        3244       65679

              total        used        free      shared  buff/cache   available
Mem:          48114        3254       41477         929        3381       43309
Swap:         24191           0       24191
Total:        72306        3254       65669

              total        used        free      shared  buff/cache   available
Mem:          48114        3252       41479         929        3382       43311
Swap:         24191           0       24191
Total:        72306        3252       65671

              total        used        free      shared  buff/cache   available
Mem:          48114        3254       41477         929        3382       43309
Swap:         24191           0       24191
Total:        72306        3254       65669

              total        used        free      shared  buff/cache   available
Mem:          48114        3253       41478         929        3382       43310
Swap:         24191           0       24191
Total:        72306        3253       65670

              total        used        free      shared  buff/cache   available
Mem:          48114        3254       41476         929        3383       43309
Swap:         24191           0       24191
Total:        72306        3254       65668

              total        used        free      shared  buff/cache   available
Mem:          48114        3258       41473         929        3382       43305
Swap:         24191           0       24191
Total:        72306        3258       65665

              total        used        free      shared  buff/cache   available
Mem:          48114        3264       41466         929        3382       43299
Swap:         24191           0       24191
Total:        72306        3264       65658

              total        used        free      shared  buff/cache   available
Mem:          48114        3267       41463         929        3383       43295
Swap:         24191           0       24191
Total:        72306        3267       65655

              total        used        free      shared  buff/cache   available
Mem:          48114        3275       41455         929        3383       43288
Swap:         24191           0       24191
Total:        72306        3275       65647

              total        used        free      shared  buff/cache   available
Mem:          48114        3256       41475         929        3382       43308
Swap:         24191           0       24191
Total:        72306        3256       65667

              total        used        free      shared  buff/cache   available
Mem:          48114        3230       41501         929        3382       43334
Swap:         24191           0       24191
Total:        72306        3230       65693

              total        used        free      shared  buff/cache   available
Mem:          48114        3237       41493         929        3383       43326
Swap:         24191           0       24191
Total:        72306        3237       65685

              total        used        free      shared  buff/cache   available
Mem:          48114        3243       41488         929        3382       43321
Swap:         24191           0       24191
Total:        72306        3243       65680

              total        used        free      shared  buff/cache   available
Mem:          48114        3245       41485         929        3382       43318
Swap:         24191           0       24191
Total:        72306        3245       65677

              total        used        free      shared  buff/cache   available
Mem:          48114        3251       41479         929        3383       43312
Swap:         24191           0       24191
Total:        72306        3251       65671

              total        used        free      shared  buff/cache   available
Mem:          48114        3244       41485         929        3383       43319
Swap:         24191           0       24191
Total:        72306        3244       65677

              total        used        free      shared  buff/cache   available
Mem:          48114        3248       41481         929        3383       43315
Swap:         24191           0       24191
Total:        72306        3248       65673

              total        used        free      shared  buff/cache   available
Mem:          48114        3239       41490         929        3383       43324
Swap:         24191           0       24191
Total:        72306        3239       65682

              total        used        free      shared  buff/cache   available
Mem:          48114        3244       41485         929        3384       43318
Swap:         24191           0       24191
Total:        72306        3244       65677

              total        used        free      shared  buff/cache   available
Mem:          48114        3248       41481         929        3384       43315
Swap:         24191           0       24191
Total:        72306        3248       65673

              total        used        free      shared  buff/cache   available
Mem:          48114        3251       41478         929        3384       43312
Swap:         24191           0       24191
Total:        72306        3251       65670

              total        used        free      shared  buff/cache   available
Mem:          48114        3253       41475         929        3384       43310
Swap:         24191           0       24191
Total:        72306        3253       65667

              total        used        free      shared  buff/cache   available
Mem:          48114        3254       41475         929        3384       43309
Swap:         24191           0       24191
Total:        72306        3254       65667

              total        used        free      shared  buff/cache   available
Mem:          48114        3256       41473         929        3384       43307
Swap:         24191           0       24191
Total:        72306        3256       65665

              total        used        free      shared  buff/cache   available
Mem:          48114        3242       41487         929        3384       43321
Swap:         24191           0       24191
Total:        72306        3242       65679

              total        used        free      shared  buff/cache   available
Mem:          48114        3247       41481         929        3385       43316
Swap:         24191           0       24191
Total:        72306        3247       65673

              total        used        free      shared  buff/cache   available
Mem:          48114        3260       41469         929        3384       43303
Swap:         24191           0       24191
Total:        72306        3260       65661

              total        used        free      shared  buff/cache   available
Mem:          48114        3270       41458         929        3384       43293
Swap:         24191           0       24191
Total:        72306        3270       65650

              total        used        free      shared  buff/cache   available
Mem:          48114        3261       41468         929        3384       43302
Swap:         24191           0       24191
Total:        72306        3261       65660

              total        used        free      shared  buff/cache   available
Mem:          48114        3271       41458         929        3385       43293
Swap:         24191           0       24191
Total:        72306        3271       65650

              total        used        free      shared  buff/cache   available
Mem:          48114        3242       41485         929        3385       43320
Swap:         24191           0       24191
Total:        72306        3242       65677

              total        used        free      shared  buff/cache   available
Mem:          48114        3247       41482         929        3385       43317
Swap:         24191           0       24191
Total:        72306        3247       65674

              total        used        free      shared  buff/cache   available
Mem:          48114        3249       41479         929        3385       43315
Swap:         24191           0       24191
Total:        72306        3249       65671

              total        used        free      shared  buff/cache   available
Mem:          48114        3253       41475         929        3384       43311
Swap:         24191           0       24191
Total:        72306        3253       65667

              total        used        free      shared  buff/cache   available
Mem:          48114        3259       41469         929        3385       43305
Swap:         24191           0       24191
Total:        72306        3259       65661

              total        used        free      shared  buff/cache   available
Mem:          48114        3261       41467         929        3385       43303
Swap:         24191           0       24191
Total:        72306        3261       65659

              total        used        free      shared  buff/cache   available
Mem:          48114        3258       41470         929        3385       43306
Swap:         24191           0       24191
Total:        72306        3258       65662

              total        used        free      shared  buff/cache   available
Mem:          48114        3252       41476         929        3385       43312
Swap:         24191           0       24191
Total:        72306        3252       65668

              total        used        free      shared  buff/cache   available
Mem:          48114        3258       41470         929        3385       43305
Swap:         24191           0       24191
Total:        72306        3258       65662

              total        used        free      shared  buff/cache   available
Mem:          48114        3259       41468         929        3385       43304
Swap:         24191           0       24191
Total:        72306        3259       65660

              total        used        free      shared  buff/cache   available
Mem:          48114        3237       41490         929        3385       43326
Swap:         24191           0       24191
Total:        72306        3237       65682

              total        used        free      shared  buff/cache   available
Mem:          48114        3240       41488         929        3385       43324
Swap:         24191           0       24191
Total:        72306        3240       65680

              total        used        free      shared  buff/cache   available
Mem:          48114        3247       41481         929        3385       43317
Swap:         24191           0       24191
Total:        72306        3247       65673

              total        used        free      shared  buff/cache   available
Mem:          48114        3254       41473         929        3385       43310
Swap:         24191           0       24191
Total:        72306        3254       65665

              total        used        free      shared  buff/cache   available
Mem:          48114        3243       41484         929        3386       43321
Swap:         24191           0       24191
Total:        72306        3243       65676

              total        used        free      shared  buff/cache   available
Mem:          48114        3244       41483         929        3386       43320
Swap:         24191           0       24191
Total:        72306        3244       65675

              total        used        free      shared  buff/cache   available
Mem:          48114        3250       41477         929        3386       43314
Swap:         24191           0       24191
Total:        72306        3250       65669

              total        used        free      shared  buff/cache   available
Mem:          48114        3250       41477         929        3386       43314
Swap:         24191           0       24191
Total:        72306        3250       65669

              total        used        free      shared  buff/cache   available
Mem:          48114        3256       41471         929        3386       43308
Swap:         24191           0       24191
Total:        72306        3256       65663

              total        used        free      shared  buff/cache   available
Mem:          48114        3259       41468         929        3386       43305
Swap:         24191           0       24191
Total:        72306        3259       65660

              total        used        free      shared  buff/cache   available
Mem:          48114        3223       41504         929        3386       43341
Swap:         24191           0       24191
Total:        72306        3223       65696

              total        used        free      shared  buff/cache   available
Mem:          48114        3231       41496         929        3386       43333
Swap:         24191           0       24191
Total:        72306        3231       65688

              total        used        free      shared  buff/cache   available
Mem:          48114        3232       41494         929        3386       43332
Swap:         24191           0       24191
Total:        72306        3232       65686

              total        used        free      shared  buff/cache   available
Mem:          48114        3243       41483         929        3386       43321
Swap:         24191           0       24191
Total:        72306        3243       65675

              total        used        free      shared  buff/cache   available
Mem:          48114        3235       41491         929        3387       43329
Swap:         24191           0       24191
Total:        72306        3235       65683

              total        used        free      shared  buff/cache   available
Mem:          48114        3239       41487         929        3387       43324
Swap:         24191           0       24191
Total:        72306        3239       65679

              total        used        free      shared  buff/cache   available
Mem:          48114        3229       41497         929        3387       43335
Swap:         24191           0       24191
Total:        72306        3229       65689

              total        used        free      shared  buff/cache   available
Mem:          48114        3227       41499         929        3387       43337
Swap:         24191           0       24191
Total:        72306        3227       65691

              total        used        free      shared  buff/cache   available
Mem:          48114        3230       41495         929        3387       43333
Swap:         24191           0       24191
Total:        72306        3230       65687

              total        used        free      shared  buff/cache   available
Mem:          48114        3232       41493         929        3387       43331
Swap:         24191           0       24191
Total:        72306        3232       65685

              total        used        free      shared  buff/cache   available
Mem:          48114        3237       41488         929        3387       43327
Swap:         24191           0       24191
Total:        72306        3237       65680

              total        used        free      shared  buff/cache   available
Mem:          48114        3231       41494         929        3387       43333
Swap:         24191           0       24191
Total:        72306        3231       65686

              total        used        free      shared  buff/cache   available
Mem:          48114        3231       41494         929        3388       43332
Swap:         24191           0       24191
Total:        72306        3231       65686

              total        used        free      shared  buff/cache   available
Mem:          48114        3235       41490         929        3388       43329
Swap:         24191           0       24191
Total:        72306        3235       65682

              total        used        free      shared  buff/cache   available
Mem:          48114        3237       41488         929        3388       43327
Swap:         24191           0       24191
Total:        72306        3237       65680

              total        used        free      shared  buff/cache   available
Mem:          48114        3237       41487         929        3388       43326
Swap:         24191           0       24191
Total:        72306        3237       65679

              total        used        free      shared  buff/cache   available
Mem:          48114        3240       41485         929        3388       43324
Swap:         24191           0       24191
Total:        72306        3240       65677

              total        used        free      shared  buff/cache   available
Mem:          48114        3243       41481         929        3388       43320
Swap:         24191           0       24191
Total:        72306        3243       65673

              total        used        free      shared  buff/cache   available
Mem:          48114        3242       41482         929        3389       43321
Swap:         24191           0       24191
Total:        72306        3242       65674

              total        used        free      shared  buff/cache   available
Mem:          48114        3244       41480         929        3389       43319
Swap:         24191           0       24191
Total:        72306        3244       65672

              total        used        free      shared  buff/cache   available
Mem:          48114        3218       41506         929        3389       43345
Swap:         24191           0       24191
Total:        72306        3218       65698

              total        used        free      shared  buff/cache   available
Mem:          48114        3218       41507         929        3388       43346
Swap:         24191           0       24191
Total:        72306        3218       65699

              total        used        free      shared  buff/cache   available
Mem:          48114        3220       41504         929        3389       43344
Swap:         24191           0       24191
Total:        72306        3220       65696

              total        used        free      shared  buff/cache   available
Mem:          48114        3226       41497         929        3389       43337
Swap:         24191           0       24191
Total:        72306        3226       65689

              total        used        free      shared  buff/cache   available
Mem:          48114        3213       41511         929        3389       43351
Swap:         24191           0       24191
Total:        72306        3213       65703

              total        used        free      shared  buff/cache   available
Mem:          48114        3216       41507         929        3390       43347
Swap:         24191           0       24191
Total:        72306        3216       65699

              total        used        free      shared  buff/cache   available
Mem:          48114        3222       41502         929        3389       43342
Swap:         24191           0       24191
Total:        72306        3222       65694

              total        used        free      shared  buff/cache   available
Mem:          48114        3224       41500         929        3389       43340
Swap:         24191           0       24191
Total:        72306        3224       65692

              total        used        free      shared  buff/cache   available
Mem:          48114        3227       41497         929        3389       43337
Swap:         24191           0       24191
Total:        72306        3227       65689

              total        used        free      shared  buff/cache   available
Mem:          48114        3226       41496         929        3390       43337
Swap:         24191           0       24191
Total:        72306        3226       65688

              total        used        free      shared  buff/cache   available
Mem:          48114        3229       41494         929        3390       43334
Swap:         24191           0       24191
Total:        72306        3229       65686

              total        used        free      shared  buff/cache   available
Mem:          48114        3233       41490         929        3390       43331
Swap:         24191           0       24191
Total:        72306        3233       65682

              total        used        free      shared  buff/cache   available
Mem:          48114        3235       41488         929        3390       43329
Swap:         24191           0       24191
Total:        72306        3235       65680

              total        used        free      shared  buff/cache   available
Mem:          48114        3237       41486         929        3390       43326
Swap:         24191           0       24191
Total:        72306        3237       65678

              total        used        free      shared  buff/cache   available
Mem:          48114        3240       41482         929        3390       43323
Swap:         24191           0       24191
Total:        72306        3240       65674

              total        used        free      shared  buff/cache   available
Mem:          48114        3242       41480         929        3390       43321
Swap:         24191           0       24191
Total:        72306        3242       65672

              total        used        free      shared  buff/cache   available
Mem:          48114        3224       41498         929        3391       43339
Swap:         24191           0       24191
Total:        72306        3224       65690

              total        used        free      shared  buff/cache   available
Mem:          48114        3229       41493         929        3390       43334
Swap:         24191           0       24191
Total:        72306        3229       65685

              total        used        free      shared  buff/cache   available
Mem:          48114        3233       41489         929        3390       43330
Swap:         24191           0       24191
Total:        72306        3233       65681

              total        used        free      shared  buff/cache   available
Mem:          48114        3227       41496         929        3390       43337
Swap:         24191           0       24191
Total:        72306        3227       65688

              total        used        free      shared  buff/cache   available
Mem:          48114        3214       41508         929        3390       43349
Swap:         24191           0       24191
Total:        72306        3214       65700

              total        used        free      shared  buff/cache   available
Mem:          48114        3218       41504         929        3391       43345
Swap:         24191           0       24191
Total:        72306        3218       65696

              total        used        free      shared  buff/cache   available
Mem:          48114        3222       41500         929        3391       43341
Swap:         24191           0       24191
Total:        72306        3222       65692

              total        used        free      shared  buff/cache   available
Mem:          48114        3218       41504         929        3391       43346
Swap:         24191           0       24191
Total:        72306        3218       65696

              total        used        free      shared  buff/cache   available
Mem:          48114        3220       41502         929        3390       43344
Swap:         24191           0       24191
Total:        72306        3220       65694

              total        used        free      shared  buff/cache   available
Mem:          48114        3221       41500         929        3391       43342
Swap:         24191           0       24191
Total:        72306        3221       65692

              total        used        free      shared  buff/cache   available
Mem:          48114        3224       41497         929        3391       43339
Swap:         24191           0       24191
Total:        72306        3224       65689

              total        used        free      shared  buff/cache   available
Mem:          48114        3226       41495         929        3391       43337
Swap:         24191           0       24191
Total:        72306        3226       65687

              total        used        free      shared  buff/cache   available
Mem:          48114        3230       41491         929        3392       43333
Swap:         24191           0       24191
Total:        72306        3230       65683

              total        used        free      shared  buff/cache   available
Mem:          48114        3236       41484         929        3392       43327
Swap:         24191           0       24191
Total:        72306        3236       65676

              total        used        free      shared  buff/cache   available
Mem:          48114        3221       41499         929        3392       43342
Swap:         24191           0       24191
Total:        72306        3221       65691

              total        used        free      shared  buff/cache   available
Mem:          48114        3216       41504         929        3392       43347
Swap:         24191           0       24191
Total:        72306        3216       65696

              total        used        free      shared  buff/cache   available
Mem:          48114        3226       41495         929        3392       43337
Swap:         24191           0       24191
Total:        72306        3226       65687

              total        used        free      shared  buff/cache   available
Mem:          48114        3236       41485         929        3392       43327
Swap:         24191           0       24191
Total:        72306        3236       65677

              total        used        free      shared  buff/cache   available
Mem:          48114        3236       41484         929        3392       43327
Swap:         24191           0       24191
Total:        72306        3236       65676

              total        used        free      shared  buff/cache   available
Mem:          48114        3244       41477         929        3392       43320
Swap:         24191           0       24191
Total:        72306        3244       65669

              total        used        free      shared  buff/cache   available
Mem:          48114        3250       41470         929        3392       43313
Swap:         24191           0       24191
Total:        72306        3250       65662

              total        used        free      shared  buff/cache   available
Mem:          48114        3256       41465         929        3392       43308
Swap:         24191           0       24191
Total:        72306        3256       65657

              total        used        free      shared  buff/cache   available
Mem:          48114        3236       41485         929        3392       43328
Swap:         24191           0       24191
Total:        72306        3236       65677

              total        used        free      shared  buff/cache   available
Mem:          48114        3237       41483         929        3393       43327
Swap:         24191           0       24191
Total:        72306        3237       65675

              total        used        free      shared  buff/cache   available
Mem:          48114        3195       41525         929        3393       43369
Swap:         24191           0       24191
Total:        72306        3195       65717

              total        used        free      shared  buff/cache   available
Mem:          48114        3204       41516         929        3393       43360
Swap:         24191           0       24191
Total:        72306        3204       65708

              total        used        free      shared  buff/cache   available
Mem:          48114        3217       41503         929        3393       43346
Swap:         24191           0       24191
Total:        72306        3217       65695

              total        used        free      shared  buff/cache   available
Mem:          48114        3205       41515         929        3393       43359
Swap:         24191           0       24191
Total:        72306        3205       65707

              total        used        free      shared  buff/cache   available
Mem:          48114        3209       41511         929        3393       43355
Swap:         24191           0       24191
Total:        72306        3209       65703

              total        used        free      shared  buff/cache   available
Mem:          48114        3217       41503         929        3393       43347
Swap:         24191           0       24191
Total:        72306        3217       65695

              total        used        free      shared  buff/cache   available
Mem:          48114        3223       41496         929        3393       43340
Swap:         24191           0       24191
Total:        72306        3223       65688

              total        used        free      shared  buff/cache   available
Mem:          48114        3220       41499         929        3394       43344
Swap:         24191           0       24191
Total:        72306        3220       65691

              total        used        free      shared  buff/cache   available
Mem:          48114        3219       41500         929        3393       43345
Swap:         24191           0       24191
Total:        72306        3219       65692

              total        used        free      shared  buff/cache   available
Mem:          48114        3222       41498         929        3393       43342
Swap:         24191           0       24191
Total:        72306        3222       65690

              total        used        free      shared  buff/cache   available
Mem:          48114        3215       41504         929        3393       43348
Swap:         24191           0       24191
Total:        72306        3215       65696

              total        used        free      shared  buff/cache   available
Mem:          48114        3220       41499         929        3394       43344
Swap:         24191           0       24191
Total:        72306        3220       65691

              total        used        free      shared  buff/cache   available
Mem:          48114        3215       41504         929        3394       43348
Swap:         24191           0       24191
Total:        72306        3215       65696

              total        used        free      shared  buff/cache   available
Mem:          48114        3217       41501         929        3394       43346
Swap:         24191           0       24191
Total:        72306        3217       65693

              total        used        free      shared  buff/cache   available
Mem:          48114        3222       41497         929        3394       43342
Swap:         24191           0       24191
Total:        72306        3222       65689

              total        used        free      shared  buff/cache   available
Mem:          48114        3214       41505         929        3394       43350
Swap:         24191           0       24191
Total:        72306        3214       65697

              total        used        free      shared  buff/cache   available
Mem:          48114        3218       41500         929        3395       43345
Swap:         24191           0       24191
Total:        72306        3218       65692

              total        used        free      shared  buff/cache   available
Mem:          48114        3222       41496         929        3395       43341
Swap:         24191           0       24191
Total:        72306        3222       65688

              total        used        free      shared  buff/cache   available
Mem:          48114        3228       41490         929        3394       43335
Swap:         24191           0       24191
Total:        72306        3228       65682

              total        used        free      shared  buff/cache   available
Mem:          48114        3235       41483         929        3394       43328
Swap:         24191           0       24191
Total:        72306        3235       65675

              total        used        free      shared  buff/cache   available
Mem:          48114        3240       41478         929        3394       43324
Swap:         24191           0       24191
Total:        72306        3240       65670

              total        used        free      shared  buff/cache   available
Mem:          48114        3241       41477         929        3395       43322
Swap:         24191           0       24191
Total:        72306        3241       65669

              total        used        free      shared  buff/cache   available
Mem:          48114        3233       41485         929        3395       43331
Swap:         24191           0       24191
Total:        72306        3233       65677

              total        used        free      shared  buff/cache   available
Mem:          48114        3236       41483         929        3395       43329
Swap:         24191           0       24191
Total:        72306        3236       65675

              total        used        free      shared  buff/cache   available
Mem:          48114        3237       41481         929        3395       43327
Swap:         24191           0       24191
Total:        72306        3237       65673

              total        used        free      shared  buff/cache   available
Mem:          48114        3239       41478         929        3395       43324
Swap:         24191           0       24191
Total:        72306        3239       65670

              total        used        free      shared  buff/cache   available
Mem:          48114        3243       41475         929        3395       43321
Swap:         24191           0       24191
Total:        72306        3243       65667

              total        used        free      shared  buff/cache   available
Mem:          48114        3246       41471         929        3395       43317
Swap:         24191           0       24191
Total:        72306        3246       65663

              total        used        free      shared  buff/cache   available
Mem:          48114        3252       41466         929        3395       43312
Swap:         24191           0       24191
Total:        72306        3252       65658

              total        used        free      shared  buff/cache   available
Mem:          48114        3240       41477         929        3396       43324
Swap:         24191           0       24191
Total:        72306        3240       65669

              total        used        free      shared  buff/cache   available
Mem:          48114        3237       41480         929        3395       43327
Swap:         24191           0       24191
Total:        72306        3237       65672

              total        used        free      shared  buff/cache   available
Mem:          48114        3247       41470         929        3396       43317
Swap:         24191           0       24191
Total:        72306        3247       65662

              total        used        free      shared  buff/cache   available
Mem:          48114        3261       41456         929        3396       43303
Swap:         24191           0       24191
Total:        72306        3261       65648

              total        used        free      shared  buff/cache   available
Mem:          48114        3241       41476         929        3396       43323
Swap:         24191           0       24191
Total:        72306        3241       65668

              total        used        free      shared  buff/cache   available
Mem:          48114        3236       41480         929        3396       43327
Swap:         24191           0       24191
Total:        72306        3236       65672

              total        used        free      shared  buff/cache   available
Mem:          48114        3232       41484         929        3397       43331
Swap:         24191           0       24191
Total:        72306        3232       65676

              total        used        free      shared  buff/cache   available
Mem:          48114        3237       41479         929        3396       43327
Swap:         24191           0       24191
Total:        72306        3237       65671

              total        used        free      shared  buff/cache   available
Mem:          48114        3240       41476         929        3397       43323
Swap:         24191           0       24191
Total:        72306        3240       65668

              total        used        free      shared  buff/cache   available
Mem:          48114        3248       41468         929        3397       43315
Swap:         24191           0       24191
Total:        72306        3248       65660

              total        used        free      shared  buff/cache   available
Mem:          48114        3252       41464         929        3397       43312
Swap:         24191           0       24191
Total:        72306        3252       65656

              total        used        free      shared  buff/cache   available
Mem:          48114        3229       41487         929        3397       43335
Swap:         24191           0       24191
Total:        72306        3229       65679

              total        used        free      shared  buff/cache   available
Mem:          48114        3239       41477         929        3397       43325
Swap:         24191           0       24191
Total:        72306        3239       65669

              total        used        free      shared  buff/cache   available
Mem:          48114        3248       41468         929        3397       43316
Swap:         24191           0       24191
Total:        72306        3248       65660

              total        used        free      shared  buff/cache   available
Mem:          48114        3249       41466         929        3397       43314
Swap:         24191           0       24191
Total:        72306        3249       65658

              total        used        free      shared  buff/cache   available
Mem:          48114        3249       41467         929        3397       43315
Swap:         24191           0       24191
Total:        72306        3249       65659

              total        used        free      shared  buff/cache   available
Mem:          48114        3253       41462         929        3397       43310
Swap:         24191           0       24191
Total:        72306        3253       65654

              total        used        free      shared  buff/cache   available
Mem:          48114        3256       41460         929        3398       43308
Swap:         24191           0       24191
Total:        72306        3256       65652

              total        used        free      shared  buff/cache   available
Mem:          48114        3254       41462         929        3397       43310
Swap:         24191           0       24191
Total:        72306        3254       65654

              total        used        free      shared  buff/cache   available
Mem:          48114        3252       41463         929        3398       43311
Swap:         24191           0       24191
Total:        72306        3252       65655

              total        used        free      shared  buff/cache   available
Mem:          48114        3256       41459         929        3397       43308
Swap:         24191           0       24191
Total:        72306        3256       65651

              total        used        free      shared  buff/cache   available
Mem:          48114        3246       41469         929        3398       43317
Swap:         24191           0       24191
Total:        72306        3246       65661

              total        used        free      shared  buff/cache   available
Mem:          48114        3249       41466         929        3398       43315
Swap:         24191           0       24191
Total:        72306        3249       65658

              total        used        free      shared  buff/cache   available
Mem:          48114        3252       41463         929        3398       43312
Swap:         24191           0       24191
Total:        72306        3252       65655

              total        used        free      shared  buff/cache   available
Mem:          48114        3256       41459         929        3398       43308
Swap:         24191           0       24191
Total:        72306        3256       65651

              total        used        free      shared  buff/cache   available
Mem:          48114        3262       41453         929        3398       43302
Swap:         24191           0       24191
Total:        72306        3262       65645

              total        used        free      shared  buff/cache   available
Mem:          48114        3252       41463         929        3398       43312
Swap:         24191           0       24191
Total:        72306        3252       65655

              total        used        free      shared  buff/cache   available
Mem:          48114        3250       41464         929        3399       43313
Swap:         24191           0       24191
Total:        72306        3250       65656

              total        used        free      shared  buff/cache   available
Mem:          48114        3255       41460         929        3398       43309
Swap:         24191           0       24191
Total:        72306        3255       65652

              total        used        free      shared  buff/cache   available
Mem:          48114        3260       41454         929        3399       43303
Swap:         24191           0       24191
Total:        72306        3260       65646

              total        used        free      shared  buff/cache   available
Mem:          48114        3265       41448         929        3399       43298
Swap:         24191           0       24191
Total:        72306        3265       65640

              total        used        free      shared  buff/cache   available
Mem:          48114        3247       41466         929        3399       43316
Swap:         24191           0       24191
Total:        72306        3247       65658

              total        used        free      shared  buff/cache   available
Mem:          48114        3249       41464         929        3399       43314
Swap:         24191           0       24191
Total:        72306        3249       65656

              total        used        free      shared  buff/cache   available
Mem:          48114        3251       41463         929        3399       43313
Swap:         24191           0       24191
Total:        72306        3251       65655

              total        used        free      shared  buff/cache   available
Mem:          48114        3256       41458         929        3399       43308
Swap:         24191           0       24191
Total:        72306        3256       65650

              total        used        free      shared  buff/cache   available
Mem:          48114        3250       41463         929        3399       43313
Swap:         24191           0       24191
Total:        72306        3250       65655

              total        used        free      shared  buff/cache   available
Mem:          48114        3254       41460         929        3399       43310
Swap:         24191           0       24191
Total:        72306        3254       65652

              total        used        free      shared  buff/cache   available
Mem:          48114        3246       41466         929        3400       43317
Swap:         24191           0       24191
Total:        72306        3246       65658

              total        used        free      shared  buff/cache   available
Mem:          48114        3247       41466         929        3400       43316
Swap:         24191           0       24191
Total:        72306        3247       65658

              total        used        free      shared  buff/cache   available
Mem:          48114        3252       41461         929        3399       43312
Swap:         24191           0       24191
Total:        72306        3252       65653

              total        used        free      shared  buff/cache   available
Mem:          48114        3249       41464         929        3400       43315
Swap:         24191           0       24191
Total:        72306        3249       65656

              total        used        free      shared  buff/cache   available
Mem:          48114        3237       41476         929        3400       43327
Swap:         24191           0       24191
Total:        72306        3237       65668

              total        used        free      shared  buff/cache   available
Mem:          48114        3237       41475         929        3400       43326
Swap:         24191           0       24191
Total:        72306        3237       65667

              total        used        free      shared  buff/cache   available
Mem:          48114        3243       41470         929        3400       43320
Swap:         24191           0       24191
Total:        72306        3243       65662

              total        used        free      shared  buff/cache   available
Mem:          48114        3233       41479         929        3400       43330
Swap:         24191           0       24191
Total:        72306        3233       65671

              total        used        free      shared  buff/cache   available
Mem:          48114        3238       41475         929        3400       43326
Swap:         24191           0       24191
Total:        72306        3238       65667

              total        used        free      shared  buff/cache   available
Mem:          48114        3240       41472         929        3400       43323
Swap:         24191           0       24191
Total:        72306        3240       65664

              total        used        free      shared  buff/cache   available
Mem:          48114        3242       41470         929        3401       43321
Swap:         24191           0       24191
Total:        72306        3242       65662

              total        used        free      shared  buff/cache   available
Mem:          48114        3245       41467         929        3401       43318
Swap:         24191           0       24191
Total:        72306        3245       65659

              total        used        free      shared  buff/cache   available
Mem:          48114        3247       41466         929        3401       43317
Swap:         24191           0       24191
Total:        72306        3247       65658

              total        used        free      shared  buff/cache   available
Mem:          48114        3249       41462         929        3401       43314
Swap:         24191           0       24191
Total:        72306        3249       65654

              total        used        free      shared  buff/cache   available
Mem:          48114        3234       41478         929        3401       43330
Swap:         24191           0       24191
Total:        72306        3234       65670

              total        used        free      shared  buff/cache   available
Mem:          48114        3237       41474         929        3401       43326
Swap:         24191           0       24191
Total:        72306        3237       65666

              total        used        free      shared  buff/cache   available
Mem:          48114        3245       41467         929        3401       43319
Swap:         24191           0       24191
Total:        72306        3245       65659

              total        used        free      shared  buff/cache   available
Mem:          48114        3237       41474         929        3402       43326
Swap:         24191           0       24191
Total:        72306        3237       65666

              total        used        free      shared  buff/cache   available
Mem:          48114        3230       41481         929        3401       43334
Swap:         24191           0       24191
Total:        72306        3230       65673

              total        used        free      shared  buff/cache   available
Mem:          48114        3234       41477         929        3401       43329
Swap:         24191           0       24191
Total:        72306        3234       65669

              total        used        free      shared  buff/cache   available
Mem:          48114        3233       41478         929        3402       43330
Swap:         24191           0       24191
Total:        72306        3233       65670

              total        used        free      shared  buff/cache   available
Mem:          48114        3239       41472         929        3402       43325
Swap:         24191           0       24191
Total:        72306        3239       65664

              total        used        free      shared  buff/cache   available
Mem:          48114        3244       41468         929        3401       43320
Swap:         24191           0       24191
Total:        72306        3244       65660

              total        used        free      shared  buff/cache   available
Mem:          48114        3231       41480         929        3402       43333
Swap:         24191           0       24191
Total:        72306        3231       65672

              total        used        free      shared  buff/cache   available
Mem:          48114        3210       41501         929        3402       43354
Swap:         24191           0       24191
Total:        72306        3210       65693

              total        used        free      shared  buff/cache   available
Mem:          48114        3215       41496         929        3402       43349
Swap:         24191           0       24191
Total:        72306        3215       65688

              total        used        free      shared  buff/cache   available
Mem:          48114        3226       41484         929        3402       43337
Swap:         24191           0       24191
Total:        72306        3226       65676

              total        used        free      shared  buff/cache   available
Mem:          48114        3225       41485         929        3402       43338
Swap:         24191           0       24191
Total:        72306        3225       65677

              total        used        free      shared  buff/cache   available
Mem:          48114        3233       41477         929        3402       43330
Swap:         24191           0       24191
Total:        72306        3233       65669

              total        used        free      shared  buff/cache   available
Mem:          48114        3237       41473         929        3402       43327
Swap:         24191           0       24191
Total:        72306        3237       65665

              total        used        free      shared  buff/cache   available
Mem:          48114        3237       41474         929        3402       43327
Swap:         24191           0       24191
Total:        72306        3237       65666

              total        used        free      shared  buff/cache   available
Mem:          48114        3240       41470         929        3403       43324
Swap:         24191           0       24191
Total:        72306        3240       65662

              total        used        free      shared  buff/cache   available
Mem:          48114        3240       41470         929        3403       43324
Swap:         24191           0       24191
Total:        72306        3240       65662

              total        used        free      shared  buff/cache   available
Mem:          48114        3243       41467         929        3403       43321
Swap:         24191           0       24191
Total:        72306        3243       65659

              total        used        free      shared  buff/cache   available
Mem:          48114        3241       41468         929        3403       43322
Swap:         24191           0       24191
Total:        72306        3241       65660

              total        used        free      shared  buff/cache   available
Mem:          48114        3241       41469         929        3403       43323
Swap:         24191           0       24191
Total:        72306        3241       65661

              total        used        free      shared  buff/cache   available
Mem:          48114        3247       41463         929        3403       43317
Swap:         24191           0       24191
Total:        72306        3247       65655

              total        used        free      shared  buff/cache   available
Mem:          48114        3251       41458         929        3403       43312
Swap:         24191           0       24191
Total:        72306        3251       65650

              total        used        free      shared  buff/cache   available
Mem:          48114        3254       41455         929        3403       43310
Swap:         24191           0       24191
Total:        72306        3254       65647
