09:11:24 PM      eth0     34.00     29.00      6.60      7.88      0.00      0.00      0.00
09:11:25 PM      eth0     42.00     39.00      9.53     11.04      0.00      0.00      0.00
09:11:26 PM      eth0     73.00     65.00     16.33     17.93      0.00      0.00      0.00
09:11:27 PM      eth0     79.00     72.00     19.00     21.73      0.00      0.00      0.00
09:11:28 PM      eth0     81.00     75.00     17.21     20.61      0.00      0.00      0.00
09:11:29 PM      eth0     78.00     69.00     19.15     21.33      0.00      0.00      0.00
09:11:30 PM      eth0     80.00     74.00     19.34     21.33      0.00      0.00      0.00
09:11:31 PM      eth0     71.00     63.00     16.00     18.33      0.00      0.00      0.00
09:11:32 PM      eth0     90.00     86.00     20.63     24.89      0.00      0.00      0.00
09:11:33 PM      eth0     75.00     64.00     16.51     17.89      0.00      0.00      0.00
09:11:34 PM      eth0     79.00     72.00     18.93     21.70      0.00      0.00      0.00
09:11:35 PM      eth0     74.00     68.00     16.51     18.30      0.00      0.00      0.00
09:11:36 PM      eth0     77.00     69.00     18.82     21.36      0.00      0.00      0.00
09:11:37 PM      eth0     78.22     73.27     19.09     21.12      0.00      0.00      0.00
09:11:38 PM      eth0     71.00     62.00     15.94     18.26      0.00      0.00      0.00
09:11:39 PM      eth0     86.00     78.00     20.38     22.64      0.00      0.00      0.00
09:11:40 PM      eth0     76.00     65.00     16.58     17.93      0.00      0.00      0.00
09:11:41 PM      eth0     78.00     72.00     18.93     21.73      0.00      0.00      0.00
09:11:42 PM      eth0     84.00     76.00     19.90     21.66      0.00      0.00      0.00
09:11:43 PM      eth0     66.00     60.00     15.32     17.92      0.00      0.00      0.00
09:11:44 PM      eth0     85.00     78.00     20.05     22.64      0.00      0.00      0.00
09:11:45 PM      eth0     74.00     65.00     16.46     17.93      0.00      0.00      0.00
09:11:46 PM      eth0     80.00     72.00     19.11     21.73      0.00      0.00      0.00
09:11:47 PM      eth0     87.00     84.00     20.04     23.58      0.00      0.00      0.00
09:11:48 PM      eth0     77.00     70.00     16.86     20.40      0.00      0.00      0.00
09:11:49 PM      eth0     84.00     77.00     19.90     22.40      0.00      0.00      0.00
09:11:50 PM      eth0     74.00     61.00     16.66     17.50      0.00      0.00      0.00
09:11:51 PM      eth0     82.00     76.00     19.50     22.15      0.00      0.00      0.00
09:11:52 PM      eth0     74.00     65.00     16.69     18.13      0.00      0.00      0.00
09:11:53 PM      eth0   9255.00  68492.00   1051.17 101016.48      0.00      0.00      0.00
09:11:54 PM      eth0 114687.00 812576.00  12991.72 1201406.31      0.00      0.00      0.00
09:11:55 PM      eth0 115059.00 812819.00  13033.75 1201743.15      0.00      0.00      0.00
09:11:56 PM      eth0 116597.00 812702.00  13315.20 1201513.35      0.00      0.00      0.00
09:11:57 PM      eth0 110561.00 812858.00  12646.00 1201674.37      0.00      0.00      0.00
09:11:58 PM      eth0 120874.00 813090.00  13918.97 1201987.14      0.00      0.00      0.00
09:11:59 PM      eth0 126365.00 812317.00  14351.67 1200890.84      0.00      0.00      0.00
09:12:00 PM      eth0 130005.00 813549.00  14813.52 1202709.91      0.00      0.00      0.00
09:12:01 PM      eth0 130028.00 812752.00  14738.08 1201520.04      0.00      0.00      0.00
09:12:02 PM      eth0 129011.00 812012.00  14614.31 1200441.45      0.00      0.00      0.00
09:12:03 PM      eth0 129620.00 812991.00  14683.11 1201865.34      0.00      0.00      0.00
09:12:04 PM      eth0 128964.00 812880.00  14609.29 1201708.19      0.00      0.00      0.00
09:12:05 PM      eth0 129133.00 812524.00  14628.13 1201185.82      0.00      0.00      0.00
09:12:06 PM      eth0 129445.00 812959.00  14663.53 1201783.77      0.00      0.00      0.00
09:12:07 PM      eth0 129259.00 813345.00  14642.40 1202403.53      0.00      0.00      0.00
09:12:08 PM      eth0 126749.00 812700.00  14388.28 1201453.44      0.00      0.00      0.00
09:12:09 PM      eth0 114722.00 812610.00  12995.54 1201332.05      0.00      0.00      0.00
09:12:10 PM      eth0 111568.00 812803.00  12638.21 1201615.50      0.00      0.00      0.00
09:12:11 PM      eth0 110299.00 812524.00  12494.46 1201200.84      0.00      0.00      0.00
09:12:12 PM      eth0 110749.00 813349.00  12573.26 1202426.48      0.00      0.00      0.00
09:12:13 PM      eth0 109093.00 812972.00  12358.12 1201871.35      0.00      0.00      0.00
09:12:14 PM      eth0 110107.00 812571.00  12473.20 1201280.71      0.00      0.00      0.00
09:12:15 PM      eth0 109861.00 812759.00  12500.94 1201554.39      0.00      0.00      0.00
09:12:16 PM      eth0 109479.00 813072.00  12506.35 1202019.74      0.00      0.00      0.00
09:12:17 PM      eth0 110013.00 812393.00  12462.51 1200996.90      0.00      0.00      0.00
09:12:18 PM      eth0 107519.00 813236.00  12306.49 1202215.33      0.00      0.00      0.00
09:12:19 PM      eth0  95895.00 812714.00  10870.79 1201446.56      0.00      0.00      0.00
09:12:20 PM      eth0  95577.00 812765.00  10826.57 1201527.53      0.00      0.00      0.00
09:12:21 PM      eth0  95416.00 813197.00  10808.55 1202167.37      0.00      0.00      0.00
09:12:22 PM      eth0  94996.00 813482.00  10760.98 1202582.15      0.00      0.00      0.00
09:12:23 PM      eth0  94238.00 812350.00  10675.06 1200904.49      0.00      0.00      0.00
09:12:24 PM      eth0  95365.00 812999.00  10833.71 1201858.77      0.00      0.00      0.00
09:12:25 PM      eth0  95018.00 812570.00  10773.72 1201226.54      0.00      0.00      0.00
09:12:26 PM      eth0  94754.00 812372.00  10733.45 1200933.62      0.00      0.00      0.00
09:12:27 PM      eth0  94405.00 813530.00  10694.00 1202646.80      0.00      0.00      0.00
09:12:28 PM      eth0  94505.00 812677.00  10840.74 1201383.88      0.00      0.00      0.00
09:12:29 PM      eth0  91962.00 812268.00  10423.92 1200827.84      0.00      0.00      0.00
09:12:30 PM      eth0  91857.00 813361.00  10405.58 1202443.41      0.00      0.00      0.00
09:12:31 PM      eth0  91836.00 812580.00  10442.61 1201281.74      0.00      0.00      0.00
09:12:32 PM      eth0  91268.00 812764.00  10338.76 1201553.98      0.00      0.00      0.00
09:12:33 PM      eth0  91905.00 813029.00  10437.25 1201953.45      0.00      0.00      0.00
09:12:34 PM      eth0  91321.00 812441.00  10344.62 1201071.08      0.00      0.00      0.00
09:12:35 PM      eth0  90418.00 813348.00  10242.23 1202399.50      0.00      0.00      0.00
09:12:36 PM      eth0  90285.00 812529.00  10227.77 1201188.11      0.00      0.00      0.00
09:12:37 PM      eth0  90514.00 813493.00  10272.04 1202617.66      0.00      0.00      0.00
09:12:38 PM      eth0  91576.00 813336.00  10373.58 1202371.95      0.00      0.00      0.00
09:12:39 PM      eth0  91041.00 811725.00  10356.54 1199974.38      0.00      0.00      0.00
09:12:40 PM      eth0  92384.00 812540.00  10477.60 1201176.34      0.00      0.00      0.00
09:12:41 PM      eth0  91614.00 812781.00  10377.77 1201523.12      0.00      0.00      0.00
09:12:42 PM      eth0  91368.00 813219.00  10349.96 1202183.57      0.00      0.00      0.00
09:12:43 PM      eth0  91835.00 812664.00  10419.95 1201354.05      0.00      0.00      0.00
09:12:44 PM      eth0  92777.00 812737.00  10509.61 1201469.77      0.00      0.00      0.00
09:12:45 PM      eth0  93337.00 813302.00  10573.12 1202304.90      0.00      0.00      0.00
09:12:46 PM      eth0  92613.00 812583.00  10502.30 1201236.59      0.00      0.00      0.00
09:12:47 PM      eth0  91172.00 813826.00  10327.93 1203057.88      0.00      0.00      0.00
09:12:48 PM      eth0  91938.00 813990.00  10572.41 1203289.42      0.00      0.00      0.00
09:12:49 PM      eth0  93107.00 811986.00  10559.14 1200364.85      0.00      0.00      0.00
09:12:50 PM      eth0  92275.00 813828.00  10467.02 1203076.68      0.00      0.00      0.00
09:12:51 PM      eth0  89366.00 811824.00  10126.97 1200116.38      0.00      0.00      0.00
09:12:52 PM      eth0  90914.00 813975.00  10332.45 1203293.94      0.00      0.00      0.00
09:12:53 PM      eth0  88486.00 812119.00  10023.59 1200533.72      0.00      0.00      0.00
09:12:54 PM      eth0  88400.00 814378.00  10014.08 1203867.75      0.00      0.00      0.00
09:12:55 PM      eth0  87438.00 811432.00   9904.84 1199515.28      0.00      0.00      0.00
09:12:56 PM      eth0  88351.00 813436.00  10008.22 1202473.82      0.00      0.00      0.00
09:12:57 PM      eth0  87500.00 811615.00   9911.84 1199784.64      0.00      0.00      0.00
09:12:58 PM      eth0  94069.00 810913.00  10698.88 1198751.80      0.00      0.00      0.00
09:12:59 PM      eth0 100238.00 813880.00  11381.52 1203186.59      0.00      0.00      0.00
09:13:00 PM      eth0  98534.00 811775.00  11161.70 1200083.97      0.00      0.00      0.00
09:13:01 PM      eth0  96931.00 813179.00  10980.20 1202159.23      0.00      0.00      0.00
09:13:02 PM      eth0  96691.00 812668.00  10952.98 1201397.61      0.00      0.00      0.00
09:13:03 PM      eth0  96381.00 812800.00  10920.16 1201589.71      0.00      0.00      0.00
09:13:04 PM      eth0  95230.00 804559.00  10801.18 1189406.47      0.00      0.00      1.00
09:13:05 PM      eth0  96450.00 813596.00  10932.25 1202771.62      0.00      0.00      0.00
09:13:06 PM      eth0  96157.00 813068.00  10892.36 1201986.88      0.00      0.00      0.00
09:13:07 PM      eth0  96328.00 812046.00  10967.55 1200477.52      0.00      0.00      0.00
09:13:08 PM      eth0  99930.00 813795.00  11371.78 1203073.21      0.00      0.00      0.00
09:13:09 PM      eth0 103893.00 811583.00  11912.33 1199829.89      0.00      0.00      0.00
09:13:10 PM      eth0 102838.00 813807.00  11649.89 1203128.00      0.00      0.00      0.00
09:13:11 PM      eth0 102056.00 812186.00  11560.69 1200724.16      0.00      0.00      0.00
09:13:12 PM      eth0 101808.00 812260.00  11533.01 1200819.76      0.00      0.00      0.00
09:13:13 PM      eth0 101245.00 814375.00  11468.79 1203945.94      0.00      0.00      0.00
09:13:14 PM      eth0 100720.00 812525.00  11409.40 1201204.10      0.00      0.00      0.00
09:13:15 PM      eth0  99960.00 812670.00  11323.34 1201408.08      0.00      0.00      0.00
09:13:16 PM      eth0  99138.00 812584.00  11230.13 1201280.88      0.00      0.00      0.00
09:13:17 PM      eth0  98115.00 812464.00  11114.97 1201097.49      0.00      0.00      0.00
09:13:18 PM      eth0  99219.00 813098.00  11245.97 1202031.62      0.00      0.00      0.00
09:13:19 PM      eth0  99208.00 812511.00  11237.99 1201151.62      0.00      0.00      0.00
09:13:20 PM      eth0  99133.00 813451.00  11229.73 1202546.10      0.00      0.00      0.00
09:13:21 PM      eth0 100014.00 812527.00  11381.54 1201172.99      0.00      0.00      0.00
09:13:22 PM      eth0  99442.00 812642.00  11264.62 1201358.96      0.00      0.00      0.00
09:13:23 PM      eth0  99453.00 812804.00  11265.79 1201594.09      0.00      0.00      0.00
09:13:24 PM      eth0  99940.00 813103.00  11321.00 1202034.00      0.00      0.00      0.00
09:13:25 PM      eth0 100642.00 814256.00  11400.51 1203735.51      0.00      0.00      0.00
09:13:26 PM      eth0  99721.00 811378.00  11296.21 1199482.15      0.00      0.00      0.00
09:13:27 PM      eth0 100260.00 812469.00  11419.21 1201100.27      0.00      0.00      0.00
09:13:28 PM      eth0 105849.00 814032.00  12089.53 1203411.48      0.00      0.00      0.00
09:13:29 PM      eth0 110643.00 811832.00  12581.81 1200180.73      0.00      0.00      0.00
09:13:30 PM      eth0 109342.00 812607.00  12386.67 1201329.33      0.00      0.00      0.00
09:13:31 PM      eth0 107800.00 813349.00  12211.45 1202422.38      0.00      0.00      0.00
09:13:32 PM      eth0 108588.00 812482.00  12300.95 1201135.85      0.00      0.00      0.00
09:13:33 PM      eth0 109178.00 812325.00  12458.79 1200881.81      0.00      0.00      0.00
09:13:34 PM      eth0 108759.00 813594.00  12319.99 1202776.01      0.00      0.00      0.00
09:13:35 PM      eth0 109781.00 813871.00  12457.14 1203194.45      0.00      0.00      0.00
09:13:36 PM      eth0 110144.00 811537.00  12493.31 1199741.65      0.00      0.00      0.00
09:13:37 PM      eth0 110570.00 812960.00  12525.16 1201846.09      0.00      0.00      0.00
09:13:38 PM      eth0 114608.00 813835.00  13021.25 1203144.69      0.00      0.00      0.00
09:13:39 PM      eth0 111064.00 812919.00  12581.41 1201796.04      0.00      0.00      0.00
09:13:40 PM      eth0 110321.00 811897.00  12501.77 1200281.75      0.00      0.00      0.00
09:13:41 PM      eth0 110323.00 813154.00  12502.24 1202145.18      0.00      0.00      0.00
09:13:42 PM      eth0 109336.00 812564.00  12473.53 1201268.98      0.00      0.00      0.00
09:13:43 PM      eth0 107954.00 813949.00  12229.55 1203323.08      0.00      0.00      0.00
09:13:44 PM      eth0 108896.00 811045.00  12335.53 1199027.29      0.00      0.00      0.00
09:13:45 PM      eth0 108008.00 813691.00  12235.07 1202938.55      0.00      0.00      0.00
09:13:46 PM      eth0 108980.00 811917.00  12382.90 1200318.28      0.00      0.00      0.00
09:13:47 PM      eth0 107936.00 813712.00  12263.24 1202957.80      0.00      0.00      0.00
09:13:48 PM      eth0 105373.00 813783.00  12009.86 1203059.70      0.00      0.00      0.00
09:13:49 PM      eth0  99305.00 811449.00  11254.70 1199596.57      0.00      0.00      0.00
09:13:50 PM      eth0  98262.00 814849.00  11131.19 1204600.96      0.00      0.00      0.00
09:13:51 PM      eth0  96989.00 811286.00  10986.69 1199333.62      0.00      0.00      0.00
09:13:52 PM      eth0  96388.00 814178.00  10918.53 1203602.39      0.00      0.00      0.00
09:13:53 PM      eth0  96172.00 812847.00  10894.44 1201642.35      0.00      0.00      0.00
09:13:54 PM      eth0  97092.00 811917.00  11050.23 1200248.24      0.00      0.00      0.00
09:13:55 PM      eth0  95919.00 814468.00  10865.59 1204024.61      0.00      0.00      0.00
09:13:56 PM      eth0  96546.00 811567.00  10968.95 1199739.16      0.00      0.00      0.00
09:13:57 PM      eth0  95380.00 812595.00  10804.96 1201260.71      0.00      0.00      0.00
09:13:58 PM      eth0  97692.00 815413.00  11153.19 1205416.49      0.00      0.00      0.00
09:13:59 PM      eth0  95435.00 809889.00  10814.05 1197269.45      0.00      0.00      0.00
09:14:00 PM      eth0  96697.00 813912.00  10953.66 1203213.50      0.00      0.00      0.00
09:14:01 PM      eth0  95545.00 813755.00  10823.20 1202980.04      0.00      0.00      0.00
09:14:02 PM      eth0  95663.00 811945.00  10888.31 1200298.55      0.00      0.00      0.00
09:14:03 PM      eth0  95673.00 812734.00  10837.70 1201466.56      0.00      0.00      0.00
09:14:04 PM      eth0  96620.00 813400.00  10944.95 1202454.86      0.00      0.00      0.00
09:14:05 PM      eth0  96025.00 811431.00  10877.54 1199545.57      0.00      0.00      0.00
09:14:06 PM      eth0  96066.00 812324.00  10882.16 1200862.69      0.00      0.00      0.00
09:14:07 PM      eth0  96959.00 814220.00  10983.32 1203663.37      0.00      0.00      0.00
09:14:08 PM      eth0  96784.00 813585.00  11074.11 1202728.15      0.00      0.00      0.00
09:14:09 PM      eth0 102649.00 812156.00  11658.56 1200640.62      0.00      0.00      0.00
09:14:10 PM      eth0 100352.00 812873.00  11385.21 1201695.10      0.00      0.00      0.00
09:14:11 PM      eth0  98289.00 812586.00  11134.72 1201271.45      0.00      0.00      0.00
09:14:12 PM      eth0  99437.00 813157.00  11358.94 1202116.22      0.00      0.00      0.00
09:14:13 PM      eth0  97627.00 811652.00  11059.00 1199893.97      0.00      0.00      0.00
09:14:14 PM      eth0  98410.00 813704.00  11206.67 1202925.96      0.00      0.00      0.00
09:14:15 PM      eth0  98824.00 811319.00  11217.93 1199397.08      0.00      0.00      0.00
09:14:16 PM      eth0  99209.00 814026.00  11238.87 1203405.14      0.00      0.00      0.00
09:14:17 PM      eth0  98721.00 811684.00  11182.93 1199900.18      0.00      0.00      0.00
09:14:18 PM      eth0  99037.00 814834.00  11219.07 1204556.69      0.00      0.00      0.00
09:14:19 PM      eth0 100334.00 813469.00  11411.92 1202543.10      0.00      0.00      0.00
09:14:20 PM      eth0  98688.00 811410.00  11179.09 1199495.40      0.00      0.00      0.00
09:14:21 PM      eth0  98831.00 812776.00  11195.36 1201506.57      0.00      0.00      0.00
09:14:22 PM      eth0  95942.00 812796.00  10868.53 1201541.71      0.00      0.00      0.00
09:14:23 PM      eth0  97974.00 813525.00  11098.72 1202613.52      0.00      0.00      0.00
09:14:24 PM      eth0  99005.00 812984.00  11215.34 1201817.17      0.00      0.00      0.00
09:14:25 PM      eth0  98741.00 813358.00  11185.04 1202369.64      0.00      0.00      0.00
09:14:26 PM      eth0  98468.00 811041.00  11154.64 1198951.91      0.00      0.00      0.00
09:14:27 PM      eth0  99540.00 813013.00  11290.64 1201869.44      0.00      0.00      0.00
09:14:28 PM      eth0  99679.00 812828.00  11353.26 1201588.54      0.00      0.00      0.00
09:14:29 PM      eth0 107044.00 812672.00  12290.35 1201404.36      0.00      0.00      0.00
09:14:30 PM      eth0 104018.00 812985.00  11782.84 1201857.72      0.00      0.00      0.00
09:14:31 PM      eth0 103637.00 814433.00  11740.08 1204002.71      0.00      0.00      0.00
09:14:32 PM      eth0 104986.00 811779.00  11971.92 1200073.29      0.00      0.00      0.00
09:14:33 PM      eth0 104301.00 814514.00  11814.99 1204112.71      0.00      0.00      0.00
09:14:34 PM      eth0 103675.00 811818.00  11744.14 1200141.45      0.00      0.00      0.00
09:14:35 PM      eth0 103065.00 812422.00  11675.04 1201027.76      0.00      0.00      0.00
09:14:36 PM      eth0 102405.00 813653.00  11600.42 1202842.44      0.00      0.00      0.00
09:14:37 PM      eth0 102212.00 811050.00  11578.35 1198993.31      0.00      0.00      0.00
09:14:38 PM      eth0 102516.00 814511.00  11612.74 1204106.46      0.00      0.00      0.00
09:14:39 PM      eth0 101736.00 811166.00  11524.85 1199159.86      0.00      0.00      0.00
09:14:40 PM      eth0 101278.00 814113.00  11472.60 1203520.79      0.00      0.00      0.00
09:14:41 PM      eth0 100436.00 812452.00  11377.20 1201052.01      0.00      0.00      0.00
09:14:42 PM      eth0 101074.00 811926.00  11460.32 1200278.37      0.00      0.00      0.00
09:14:43 PM      eth0 100788.00 812670.00  11417.07 1201378.99      0.00      0.00      0.00
09:14:44 PM      eth0 102348.00 813972.00  11728.94 1203299.13      0.00      0.00      0.00
09:14:45 PM      eth0 101248.00 813033.00  11473.32 1201908.45      0.00      0.00      0.00
09:14:46 PM      eth0 100625.00 811737.00  11398.63 1200002.36      0.00      0.00      0.00
09:14:47 PM      eth0 101824.00 814345.00  11611.79 1203839.57      0.00      0.00      0.00
09:14:48 PM      eth0 100017.00 814658.00  11329.78 1204307.82      0.00      0.00      0.00
09:14:49 PM      eth0 101084.00 809726.00  11492.90 1197041.97      0.00      0.00      0.00
09:14:50 PM      eth0 102039.00 813092.00  11558.76 1202015.39      0.00      0.00      0.00
09:14:51 PM      eth0 102406.00 813812.00  11600.44 1203085.11      0.00      0.00      0.00
09:14:52 PM      eth0 101370.00 811694.00  11501.80 1199955.36      0.00      0.00      0.00
09:14:53 PM      eth0 100559.00 813489.00  11391.06 1202592.87      0.00      0.00      0.00
09:14:54 PM      eth0 101199.00 814412.00  11463.63 1203962.56      0.00      0.00      0.00
09:14:55 PM      eth0 100687.00 810071.00  11405.57 1197546.12      0.00      0.00      0.00
09:14:56 PM      eth0 100828.00 813245.00  11421.68 1202241.26      0.00      0.00      0.00
09:14:57 PM      eth0  99778.00 813001.00  11302.71 1201882.03      0.00      0.00      0.00
09:14:58 PM      eth0 100820.00 812618.00  11537.76 1201305.96      0.00      0.00      0.00
09:14:59 PM      eth0  98718.00 813233.00  11212.20 1202219.71      0.00      0.00      0.00
09:15:00 PM      eth0  99989.00 812783.00  11402.24 1201563.50      0.00      0.00      0.00
09:15:01 PM      eth0  98530.00 813486.00  11161.25 1202604.63      0.00      0.00      0.00
09:15:02 PM      eth0  98929.00 813382.00  11239.93 1202443.51      0.00      0.00      0.00
09:15:03 PM      eth0  98383.00 811607.00  11144.71 1199811.81      0.00      0.00      0.00
09:15:04 PM      eth0  98148.00 813196.00  11118.16 1202178.71      0.00      0.00      0.00
09:15:05 PM      eth0  97578.00 812143.00  11053.50 1200610.13      0.00      0.00      0.00
09:15:06 PM      eth0  98259.00 815200.00  11157.07 1205125.11      0.00      0.00      0.00
09:15:07 PM      eth0  99950.00 811399.00  11421.29 1199507.75      0.00      0.00      0.00
09:15:08 PM      eth0  99432.00 813109.00  11401.98 1202027.76      0.00      0.00      0.00
09:15:09 PM      eth0  98843.00 811939.00  11221.10 1200304.46      0.00      0.00      0.00
09:15:10 PM      eth0  97021.00 813610.00  10990.32 1202768.18      0.00      0.00      0.00
09:15:11 PM      eth0  96362.00 811905.00  10980.11 1200247.92      0.00      0.00      0.00
09:15:12 PM      eth0  96324.00 812880.00  10919.72 1201691.73      0.00      0.00      0.00
09:15:13 PM      eth0  95381.00 812988.00  10804.64 1201847.92      0.00      0.00      0.00
09:15:14 PM      eth0  95144.00 812911.00  10777.65 1201727.81      0.00      0.00      0.00
09:15:15 PM      eth0  95511.00 813301.00  10841.03 1202311.86      0.00      0.00      0.00
09:15:16 PM      eth0  96367.00 812084.00  11000.64 1200511.63      0.00      0.00      0.00
09:15:17 PM      eth0  95125.00 812903.00  10788.09 1201707.27      0.00      0.00      0.00
09:15:18 PM      eth0 100338.00 812904.00  11418.89 1201716.66      0.00      0.00      0.00
09:15:19 PM      eth0 106423.00 812883.00  12071.73 1201722.16      0.00      0.00      0.00
09:15:20 PM      eth0 106667.00 812665.00  12084.94 1201399.78      0.00      0.00      0.00
09:15:21 PM      eth0 108029.00 812740.00  12254.91 1201515.23      0.00      0.00      0.00
09:15:22 PM      eth0 108196.00 815335.00  12256.34 1205352.08      0.00      0.00      0.00
09:15:23 PM      eth0 107427.00 811253.00  12206.81 1199314.20      0.00      0.00      0.00
09:15:24 PM      eth0 107205.00 812065.00  12143.84 1200511.39      0.00      0.00      0.00
09:15:25 PM      eth0 107474.00 812881.00  12174.41 1201721.49      0.00      0.00      0.00
09:15:26 PM      eth0 106707.00 813377.00  12087.62 1202454.50      0.00      0.00      0.00
09:15:27 PM      eth0 106367.00 812952.00  12049.91 1201835.51      0.00      0.00      0.00
09:15:28 PM      eth0 103195.00 813014.00  11692.29 1201896.93      0.00      0.00      0.00
09:15:29 PM      eth0  97654.00 812274.00  11062.05 1200792.37      0.00      0.00      0.00
09:15:30 PM      eth0  98678.00 813275.00  11272.92 1202269.63      0.00      0.00      0.00
09:15:31 PM      eth0  96673.00 814369.00  10950.85 1203877.40      0.00      0.00      0.00
09:15:32 PM      eth0  98040.00 811171.00  11105.83 1199154.63      0.00      0.00      0.00
09:15:33 PM      eth0  97933.00 813904.00  11093.83 1203184.25      0.00      0.00      0.00
09:15:34 PM      eth0  97998.00 811989.00  11101.04 1200366.96      0.00      0.00      0.00
09:15:35 PM      eth0  98084.00 812515.00  11110.73 1201140.88      0.00      0.00      0.00
09:15:36 PM      eth0  98170.00 813776.00  11120.50 1203009.37      0.00      0.00      0.00
09:15:37 PM      eth0  99984.00 812307.00  11434.61 1200831.05      0.00      0.00      0.00
09:15:38 PM      eth0  97125.00 813403.00  11043.88 1202459.64      0.00      0.00      0.00
09:15:39 PM      eth0  96340.00 812505.00  10918.04 1201124.47      0.00      0.00      0.00
09:15:40 PM      eth0  94939.00 813923.00  10754.49 1203233.09      0.00      0.00      0.00
09:15:41 PM      eth0  93470.00 811131.00  10587.92 1199096.59      0.00      0.00      0.00
09:15:42 PM      eth0  98895.00 812839.00  11330.02 1201626.92      0.00      0.00      0.00
09:15:43 PM      eth0  97169.00 813205.00  11009.27 1202175.92      0.00      0.00      0.00
09:15:44 PM      eth0  99230.00 812328.00  11289.88 1200868.41      0.00      0.00      0.00
09:15:45 PM      eth0  98528.00 814645.00  11161.03 1204295.40      0.00      0.00      0.00
09:15:46 PM      eth0  97483.00 814034.00  11042.54 1203390.05      0.00      0.00      0.00
09:15:47 PM      eth0  96035.00 810256.00  10878.64 1197791.37      0.00      0.00      0.00
09:15:48 PM      eth0  97431.00 812850.00  11132.09 1201620.56      0.00      0.00      0.00
09:15:49 PM      eth0  96111.00 813081.00  10890.52 1201965.46      0.00      0.00      0.00
09:15:50 PM      eth0  95005.00 815140.00  10762.02 1205009.86      0.00      0.00      0.00
09:15:51 PM      eth0  94180.00 813018.00  10668.81 1201864.79      0.00      0.00      0.00
09:15:52 PM      eth0  94388.00 810874.00  10708.78 1198706.63      0.00      0.00      0.00
09:15:53 PM      eth0  94808.00 813306.00  10758.68 1202298.13      0.00      0.00      0.00
09:15:54 PM      eth0  94077.00 812401.00  10656.86 1200958.06      0.00      0.00      0.00
09:15:55 PM      eth0  94184.00 813339.00  10680.53 1202346.13      0.00      0.00      0.00
09:15:56 PM      eth0  95059.00 812900.00  10768.17 1201702.20      0.00      0.00      0.00
09:15:57 PM      eth0  95313.00 813093.00  10837.00 1201985.71      0.00      0.00      0.00
09:15:58 PM      eth0  99722.00 812306.00  11377.05 1200820.32      0.00      0.00      0.00
09:15:59 PM      eth0 103168.00 815146.00  11696.77 1205034.28      0.00      0.00      0.00
09:16:00 PM      eth0 102918.00 810441.00  11658.36 1198079.13      0.00      0.00      0.00
09:16:01 PM      eth0 104473.00 813408.00  11834.52 1202468.34      0.00      0.00      0.00
09:16:02 PM      eth0 104851.00 814447.00  11880.93 1203986.72      0.00      0.00      0.00
09:16:03 PM      eth0 103170.00 810977.00  11686.95 1198864.35      0.00      0.00      0.00
09:16:04 PM      eth0 105871.00 814423.00  12046.39 1203959.61      0.00      0.00      0.00
09:16:05 PM      eth0 105483.00 810024.00  11948.96 1197461.94      0.00      0.00      0.00
09:16:06 PM      eth0 103790.00 814038.00  11757.63 1203397.36      0.00      0.00      0.00
09:16:07 PM      eth0 102558.00 812899.00  11617.57 1201702.64      0.00      0.00      0.00
09:16:08 PM      eth0 108741.00 811826.00  12388.43 1200119.93      0.00      0.00      0.00
09:16:09 PM      eth0 114951.49 805454.46  13144.02 1190705.72      0.00      0.00      0.00
09:16:10 PM      eth0 116812.12 820897.98  13232.14 1213530.24      0.00      0.00      0.00
09:16:11 PM      eth0 112999.00 812762.00  12800.40 1201500.84      0.00      0.00      0.00
09:16:12 PM      eth0 113068.32 802708.91  12868.77 1186634.39      0.00      0.00      0.00
09:16:13 PM      eth0 114272.00 813105.00  13012.81 1202005.77      0.00      0.00      0.00
09:16:14 PM      eth0 113967.00 813105.00  12910.26 1202007.91      0.00      0.00      0.00
09:16:15 PM      eth0 114199.00 813481.00  13013.84 1202563.94      0.00      0.00      0.00
09:16:16 PM      eth0 113176.00 809977.00  12820.34 1197385.87      0.00      0.00      0.00
09:16:17 PM      eth0 114899.00 812891.00  13015.56 1201690.12      0.00      0.00      0.00
09:16:18 PM      eth0 113184.00 811418.00  12872.83 1199516.92      0.00      0.00      0.00
09:16:19 PM      eth0 112363.00 812481.00  12827.57 1201125.40      0.00      0.00      0.00
09:16:20 PM      eth0 112002.00 813183.00  12687.36 1202159.56      0.00      0.00      0.00
09:16:21 PM      eth0 110736.00 814185.00  12545.36 1203648.52      0.00      0.00      0.00
09:16:22 PM      eth0 111653.00 811154.00  12695.45 1199161.54      0.00      0.00      0.00
09:16:23 PM      eth0 110486.00 815419.00  12515.75 1205467.65      0.00      0.00      0.00
09:16:24 PM      eth0 109593.00 812074.00  12414.61 1200521.53      0.00      0.00      1.00
09:16:25 PM      eth0 108956.00 810738.00  12342.74 1198542.74      0.00      0.00      0.00
09:16:26 PM      eth0 108012.00 813901.00  12235.45 1203219.58      0.00      0.00      0.00
09:16:27 PM      eth0 108086.00 812986.00  12243.80 1201870.01      0.00      0.00      0.00
09:16:28 PM      eth0 116471.00 811458.00  13281.20 1199604.26      0.00      0.00      0.00
09:16:29 PM      eth0 126741.00 813679.00  14423.18 1202909.89      0.00      0.00      0.00
09:16:30 PM      eth0 126370.00 812347.00  14316.27 1200940.64      0.00      0.00      0.00
09:16:31 PM      eth0 127359.00 814089.00  14516.85 1203518.35      0.00      0.00      0.00
09:16:32 PM      eth0 126989.00 812238.00  14455.58 1200782.26      0.00      0.00      0.00
09:16:33 PM      eth0 125410.00 814511.00  14208.94 1204127.79      0.00      0.00      0.00
09:16:34 PM      eth0 126196.00 810728.00  14343.07 1198549.66      0.00      0.00      0.00
09:16:35 PM      eth0 125788.00 813403.00  14249.19 1202504.09      0.00      0.00      0.00
09:16:36 PM      eth0 126358.00 813183.00  14313.76 1202170.25      0.00      0.00      0.00
09:16:37 PM      eth0 126544.00 812247.00  14334.80 1200784.43      0.00      0.00      0.00
09:16:38 PM      eth0 117911.00 812982.00  13477.06 1201862.82      0.00      0.00      0.00
09:16:39 PM      eth0  99215.00 811790.00  11316.45 1200075.48      0.00      0.00      0.00
09:16:40 PM      eth0  98366.00 816233.00  11142.60 1206643.40      0.00      0.00      0.00
09:16:41 PM      eth0  98169.00 813914.00  11164.16 1203196.65      0.00      0.00      0.00
09:16:42 PM      eth0  97349.00 808865.00  11027.65 1195739.07      0.00      0.00      0.00
09:16:43 PM      eth0  97348.00 813318.00  11027.41 1202309.24      0.00      0.00      0.00
09:16:44 PM      eth0  96161.00 813323.00  10892.92 1202306.66      0.00      0.00      0.00
09:16:45 PM      eth0  95774.00 811875.00  10848.96 1200154.82      0.00      0.00      0.00
09:16:46 PM      eth0  97093.00 812655.00  10998.66 1201317.74      0.00      0.00      0.00
09:16:47 PM      eth0  95138.00 812843.00  10777.03 1201592.97      0.00      0.00      0.00
09:16:48 PM      eth0 110310.00 813681.00  12534.95 1202834.10      0.00      0.00      0.00
09:16:49 PM      eth0 122938.00 812577.00  13926.23 1201257.62      0.00      0.00      0.00
09:16:50 PM      eth0 121866.00 809939.00  13804.66 1197354.66      0.00      0.00      0.00
09:16:51 PM      eth0 123426.00 812502.00  13981.71 1201115.53      0.00      0.00      0.00
09:16:52 PM      eth0 123353.00 812680.00  13973.26 1201383.83      0.00      0.00      0.00
09:16:53 PM      eth0 122886.00 810653.00  13941.33 1198357.94      0.00      0.00      0.00
