05:40:37 PM      eth0      9.00      3.00      0.65      0.26      0.00      0.00      0.00
05:40:38 PM      eth0      5.00      0.00      0.57      0.00      0.00      0.00      0.00
05:40:39 PM      eth0     31.00     30.00      5.17      9.70      0.00      0.00      0.00
05:40:40 PM      eth0     29.00     32.00     12.98     15.59      0.00      0.00      0.00
05:40:41 PM      eth0      5.00      0.00      0.29      0.00      0.00      0.00      0.00
05:40:42 PM      eth0     16.00     12.00      3.25      3.07      0.00      0.00      0.00
05:40:43 PM      eth0      5.00      0.00      0.29      0.00      0.00      0.00      0.00
05:40:44 PM      eth0      4.00      0.00      0.75      0.00      0.00      0.00      0.00
05:40:45 PM      eth0      6.00      1.00      1.31      0.16      0.00      0.00      0.00
05:40:46 PM      eth0      4.00      0.00      0.23      0.00      0.00      0.00      0.00
05:40:47 PM      eth0      5.00      0.00      0.37      0.00      0.00      0.00      0.00
05:40:48 PM      eth0     14.00     11.00      3.33      2.82      0.00      0.00      0.00
05:40:49 PM      eth0      5.00      0.00      0.35      0.00      0.00      0.00      0.00
05:40:50 PM      eth0      6.00      1.00      1.23      0.16      0.00      0.00      0.00
05:40:51 PM      eth0      5.00      0.00      0.35      0.00      0.00      0.00      0.00
05:40:52 PM      eth0     15.00     11.00      2.61      2.90      0.00      0.00      0.00
05:40:53 PM      eth0      8.00      1.00      1.40      0.16      0.00      0.00      0.00
05:40:54 PM      eth0      6.00      0.00      0.41      0.00      0.00      0.00      0.00
05:40:55 PM      eth0      9.00      0.00      1.08      0.00      0.00      0.00      0.00
05:40:56 PM      eth0     12.00      5.00      4.96      0.62      0.00      0.00      0.00
05:40:57 PM      eth0     13.00      6.00      5.81      0.68      0.00      0.00      0.00
05:40:58 PM      eth0     39.00     23.00     21.70      2.67      0.00      0.00      0.00
05:40:59 PM      eth0      6.00      0.00      0.69      0.00      0.00      0.00      0.00
05:41:00 PM      eth0      7.00      0.00      0.47      0.00      0.00      0.00      0.00
05:41:01 PM      eth0     11.00      2.00      1.58      0.20      0.00      0.00      1.00
05:41:02 PM      eth0     30.00     15.00      6.73      3.36      0.00      0.00      0.00
05:41:03 PM      eth0     31.00     17.00      9.07      3.51      0.00      0.00      0.00
05:41:04 PM      eth0     17.00      4.00      4.41      0.46      0.00      0.00      0.00
05:41:05 PM      eth0     25.00     12.00     12.02      1.37      0.00      0.00      1.00
05:41:06 PM      eth0     24.00     15.00      7.71      3.09      0.00      0.00      0.00
05:41:07 PM      eth0     15.00      4.00      4.57      0.46      0.00      0.00      0.00
05:41:08 PM      eth0     16.00      5.00      5.75      0.62      0.00      0.00      0.00
05:41:09 PM      eth0     18.00      4.00      4.47      0.46      0.00      0.00      1.00
05:41:10 PM      eth0     12.00      0.00      0.76      0.00      0.00      0.00      0.00
05:41:11 PM      eth0     23.00      7.00      7.30      0.85      0.00      0.00      1.00
05:41:12 PM      eth0     44.00     29.00     19.15      4.95      0.00      0.00      0.00
05:41:13 PM      eth0     16.00      5.00      5.23      0.62      0.00      0.00      0.00
05:41:14 PM      eth0     14.00      4.00      4.51      0.46      0.00      0.00      0.00
05:41:15 PM      eth0     10.00      0.00      0.64      0.00      0.00      0.00      1.00
05:41:16 PM      eth0     15.00      1.00      1.81      0.16      0.00      0.00      0.00
05:41:17 PM      eth0     21.00      4.00      4.64      0.46      0.00      0.00      1.00
05:41:18 PM      eth0     22.00      9.00      8.84      1.07      0.00      0.00      0.00
05:41:19 PM      eth0     29.00     14.00     13.53      1.59      0.00      0.00      0.00
05:41:20 PM      eth0     16.00      6.00      6.05      0.68      0.00      0.00      0.00
05:41:21 PM      eth0      8.00      1.00      1.34      0.16      0.00      0.00      1.00
05:41:22 PM      eth0     25.00     15.00      6.60      3.36      0.00      0.00      0.00
05:41:23 PM      eth0     17.00      1.00      1.99      0.16      0.00      0.00      0.00
05:41:24 PM      eth0     14.00      2.00      2.48      0.23      0.00      0.00      0.00
05:41:25 PM      eth0     25.00     10.00      9.84      1.14      0.00      0.00      1.00
05:41:26 PM      eth0     28.00     17.00     16.02      1.98      0.00      0.00      0.00
05:41:27 PM      eth0     15.00      5.00      4.35      0.50      0.00      0.00      1.00
05:41:28 PM      eth0      8.00      1.00      1.34      0.16      0.00      0.00      0.00
05:41:29 PM      eth0      9.00      0.00      0.59      0.00      0.00      0.00      0.00
05:41:30 PM      eth0     15.00      2.00      2.66      0.23      0.00      0.00      0.00
05:41:31 PM      eth0     22.00      7.00      7.28      0.85      0.00      0.00      1.00
05:41:32 PM      eth0     27.00     17.00      8.01      3.59      0.00      0.00      0.00
05:41:33 PM      eth0     23.00     10.00     10.37      1.14      0.00      0.00      1.00
05:41:34 PM      eth0     10.00      1.00      1.52      0.16      0.00      0.00      0.00
05:41:35 PM      eth0      6.00      0.00      0.35      0.00      0.00      0.00      0.00
05:41:36 PM      eth0     32.00     25.00      4.69      7.10      0.00      0.00      0.00
05:41:37 PM      eth0      9.00      0.00      0.59      0.00      0.00      0.00      1.00
05:41:38 PM      eth0     11.00      1.00      1.58      0.16      0.00      0.00      0.00
05:41:39 PM      eth0     33.00     30.00      5.35      9.70      0.00      0.00      0.00
05:41:40 PM      eth0     34.00     33.00     14.43     15.75      0.00      0.00      0.00
05:41:41 PM      eth0      5.00      0.00      0.35      0.00      0.00      0.00      1.00
05:41:42 PM      eth0     12.00     11.00      2.15      2.90      0.00      0.00      0.00
05:41:43 PM      eth0      6.00      1.00      1.23      0.16      0.00      0.00      0.00
05:41:44 PM      eth0      5.00      0.00      0.35      0.00      0.00      0.00      0.00
05:41:45 PM      eth0      7.00      1.00      1.34      0.16      0.00      0.00      0.00
05:41:46 PM      eth0      7.00      0.00      0.53      0.00      0.00      0.00      0.00
05:41:47 PM      eth0      6.00      1.00      1.23      0.16      0.00      0.00      0.00
05:41:48 PM      eth0     13.00     10.00      2.40      2.65      0.00      0.00      0.00
05:41:49 PM      eth0      8.00      1.00      1.98      0.16      0.00      0.00      0.00
05:41:50 PM      eth0      8.00      0.00      0.88      0.00      0.00      0.00      0.00
05:41:51 PM      eth0      8.00      1.00      1.40      0.16      0.00      0.00      0.00
05:41:52 PM      eth0     15.00     11.00      2.33      2.90      0.00      0.00      0.00
05:41:53 PM      eth0      7.00      1.00      1.86      0.16      0.00      0.00      0.00
05:41:54 PM      eth0      7.00      1.00      0.61      0.04      0.00      0.00      0.00
05:41:55 PM      eth0      9.00      1.00      1.60      0.16      0.00      0.00      0.00
05:41:56 PM      eth0      4.00      0.00      0.23      0.00      0.00      0.00      0.00
05:41:57 PM      eth0      6.00      0.00      0.87      0.00      0.00      0.00      0.00
05:41:58 PM      eth0      7.92      0.99      1.45      0.16      0.00      0.00      0.00
05:41:59 PM      eth0      6.00      0.00      0.47      0.00      0.00      0.00      0.00
05:42:00 PM      eth0      6.00      1.00      1.23      0.16      0.00      0.00      0.00
05:42:01 PM      eth0      6.00      0.00      0.49      0.00      0.00      0.00      0.00
05:42:02 PM      eth0     17.00     12.00      3.38      3.07      0.00      0.00      0.00
05:42:03 PM      eth0      6.00      0.00      0.41      0.00      0.00      0.00      0.00
05:42:04 PM      eth0     16.00     11.00      3.24      2.83      0.00      0.00      0.00
05:42:05 PM      eth0      5.00      0.00      0.87      0.00      0.00      0.00      0.00
05:42:06 PM      eth0     13.00      9.00      2.12      2.41      0.00      0.00      0.00
05:42:07 PM      eth0      5.00      0.00      0.37      0.00      0.00      0.00      0.00
05:42:08 PM      eth0      8.00      1.00      1.46      0.16      0.00      0.00      0.00
05:42:09 PM      eth0      8.00      0.00      0.68      0.00      0.00      0.00      0.00
05:42:10 PM      eth0      9.00      1.00      2.04      0.16      0.00      0.00      0.00
05:42:11 PM      eth0      8.00      0.00      1.20      0.00      0.00      0.00      0.00
05:42:12 PM      eth0     15.00     12.00      3.26      3.07      0.00      0.00      0.00
05:42:13 PM      eth0      6.00      0.00      0.41      0.00      0.00      0.00      0.00
05:42:14 PM      eth0      6.00      0.00      0.41      0.00      0.00      0.00      0.00
05:42:15 PM      eth0      9.00      1.00      1.46      0.16      0.00      0.00      0.00
05:42:16 PM      eth0      4.00      0.00      0.23      0.00      0.00      0.00      0.00
05:42:17 PM      eth0      8.00      1.00      1.46      0.16      0.00      0.00      0.00
05:42:18 PM      eth0      6.00      0.00      0.43      0.00      0.00      0.00      0.00
05:42:19 PM      eth0     10.00      2.00      1.58      0.20      0.00      0.00      0.00
05:42:20 PM      eth0      5.00      0.00      0.29      0.00      0.00      0.00      0.00
05:42:21 PM      eth0     10.00      1.00      2.10      0.16      0.00      0.00      0.00
05:42:22 PM      eth0     15.00     11.00      2.33      2.90      0.00      0.00      0.00
05:42:23 PM      eth0      9.00      1.00      1.52      0.16      0.00      0.00      0.00
05:42:24 PM      eth0      6.00      0.00      0.43      0.00      0.00      0.00      0.00
05:42:25 PM      eth0     10.00      1.00      1.58      0.16      0.00      0.00      0.00
05:42:26 PM      eth0      6.00      0.00      0.35      0.00      0.00      0.00      0.00
05:42:27 PM      eth0      8.00      1.00      1.46      0.16      0.00      0.00      0.00
05:42:28 PM      eth0      5.00      0.00      0.37      0.00      0.00      0.00      0.00
05:42:29 PM      eth0      9.00      1.00      1.52      0.16      0.00      0.00      0.00
05:42:30 PM      eth0      5.00      0.00      0.29      0.00      0.00      0.00      0.00
05:42:31 PM      eth0     10.00      1.00      1.85      0.16      0.00      0.00      0.00
05:42:32 PM      eth0     16.00     11.00      2.46      2.90      0.00      0.00      0.00
05:42:33 PM      eth0      9.00      1.00      1.52      0.16      0.00      0.00      0.00
05:42:34 PM      eth0      5.00      0.00      0.37      0.00      0.00      0.00      0.00
05:42:35 PM      eth0      5.00      0.00      0.63      0.00      0.00      0.00      0.00
05:42:36 PM      eth0     15.00      9.00      2.24      2.41      0.00      0.00      0.00
05:42:37 PM      eth0    110.00    141.00     37.98     69.87      0.00      0.00      0.00
05:42:38 PM      eth0 93114004428.00 68101057947.00 119842177806.31 90227703503.46      0.00      0.00  99906.00
05:42:39 PM      eth0 93114004466.00 68101057987.00 119842177816.41 90227703517.03      0.00      0.00  99906.00
05:42:40 PM      eth0     49.00     50.00     13.34     14.62      0.00      0.00      0.00
05:42:41 PM      eth0     47.00     55.00     17.06     20.88      0.00      0.00      0.00
05:42:42 PM      eth0     14.00     11.00      2.38      2.90      0.00      0.00      0.00
05:42:43 PM      eth0     68.00     82.00     23.49     36.03      0.00      0.00      0.00
05:42:44 PM      eth0     20.00     24.00      2.80      8.93      0.00      0.00      0.00
05:42:45 PM      eth0      7.00      2.00      1.57      0.20      0.00      0.00      0.00
05:42:46 PM      eth0     15.00     12.00      4.19      2.38      0.00      0.00      0.00
05:42:47 PM      eth0      4.00      0.00      0.23      0.00      0.00      0.00      0.00
05:42:48 PM      eth0     14.00     16.00      2.46      3.36      0.00      0.00      0.00
05:42:49 PM      eth0      5.00      0.00      0.29      0.00      0.00      0.00      0.00
05:42:50 PM      eth0      4.00      0.00      0.23      0.00      0.00      0.00      0.00
05:42:51 PM      eth0      3.00      0.00      0.18      0.00      0.00      0.00      0.00
05:42:52 PM      eth0    140.00    177.00     47.94     85.40      0.00      0.00      0.00
05:42:53 PM      eth0     77.00     95.00     30.56     41.67      0.00      0.00      0.00
05:42:54 PM      eth0     49.00     54.00     13.08     16.03      0.00      0.00      0.00
05:42:55 PM      eth0     37.00     53.00      9.17      9.90      0.00      0.00      0.00
05:42:56 PM      eth0      6.00      6.00      0.47      0.76      0.00      0.00      0.00
05:42:57 PM      eth0     18.00     21.00      7.54     10.11      0.00      0.00      0.00
05:42:58 PM      eth0     70.00     87.00     19.58     36.62      0.00      0.00      0.00
05:42:59 PM      eth0     14.00     20.00      2.12      3.83      0.00      0.00      0.00
05:43:00 PM      eth0      7.00      4.00      1.57      0.51      0.00      0.00      0.00
05:43:01 PM      eth0      8.00      4.00      0.53      0.40      0.00      0.00      0.00
05:43:02 PM      eth0     25.00     22.00      7.41      5.29      0.00      0.00      0.00
05:43:03 PM      eth0      5.00      9.00      0.36      1.11      0.00      0.00      0.00
05:43:04 PM      eth0      5.00      3.00      0.35      0.35      0.00      0.00      0.00
05:43:05 PM      eth0      8.00      0.00      1.23      0.00      0.00      0.00      0.00
05:43:06 PM      eth0     45.00     50.00     16.17     13.73      0.00      0.00      0.00
05:43:07 PM      eth0      6.00      0.00      0.41      0.00      0.00      0.00      0.00
05:43:08 PM      eth0      9.00      0.00      0.65      0.00      0.00      0.00      0.00
05:43:09 PM      eth0     76.00    107.00     29.14     47.81      0.00      0.00      0.00
05:43:10 PM      eth0 93114005447.00 68101059124.00 119842178119.53 90227703960.07      0.00      0.00  99906.00
05:43:11 PM      eth0     11.00     10.00      1.00      2.53      0.00      0.00      0.00
05:43:12 PM      eth0     65.00     66.00     20.54     18.95      0.00      0.00      0.00
05:43:13 PM      eth0     27.00     24.00      5.00      5.09      0.00      0.00      0.00
05:43:14 PM      eth0      5.00      3.00      0.29      0.35      0.00      0.00      0.00
05:43:15 PM      eth0     80.00    101.00     25.74     44.32      0.00      0.00      0.00
05:43:16 PM      eth0      6.00      0.00      0.88      0.00      0.00      0.00      0.00
05:43:17 PM      eth0      6.00     10.00      1.51      1.28      0.00      0.00      0.00
05:43:18 PM      eth0     17.00     16.00      6.57      2.98      0.00      0.00      0.00
05:43:19 PM      eth0      7.00      0.00      0.55      0.00      0.00      0.00      0.00
05:43:20 PM      eth0      6.00      0.00      0.41      0.00      0.00      0.00      0.00
05:43:21 PM      eth0      6.00      6.00      1.03      0.70      0.00      0.00      0.00
05:43:22 PM      eth0     16.00     11.00      2.42      2.90      0.00      0.00      0.00
05:43:23 PM      eth0      9.00      0.00      0.67      0.00      0.00      0.00      0.00
05:43:24 PM      eth0     11.00      1.00      0.82      0.04      0.00      0.00      0.00
05:43:25 PM      eth0      9.00      1.00      1.96      0.16      0.00      0.00      0.00
05:43:26 PM      eth0     15.00     12.00      6.47      2.50      0.00      0.00      0.00
05:43:27 PM      eth0      5.00      0.00      0.29      0.00      0.00      0.00      0.00
05:43:28 PM      eth0     11.00      4.00      1.34      0.45      0.00      0.00      0.00
05:43:29 PM      eth0      6.00      3.00      0.35      0.38      0.00      0.00      0.00
05:43:30 PM      eth0      6.00      3.00      0.35      0.35      0.00      0.00      0.00
05:43:31 PM      eth0      8.00      9.00      1.26      2.57      0.00      0.00      0.00
05:43:32 PM      eth0     17.00     14.00      3.02      3.17      0.00      0.00      0.00
05:43:33 PM      eth0      7.00      1.00      1.57      0.16      0.00      0.00      0.00
05:43:34 PM      eth0     20.00     20.00      6.83      3.29      0.00      0.00      0.00
05:43:35 PM      eth0     11.00      3.00      0.93      0.41      0.00      0.00      0.00
05:43:36 PM      eth0     17.00      9.00      2.36      2.29      0.00      0.00      0.00
05:43:37 PM      eth0     20.00     18.00      7.52      4.95      0.00      0.00      0.00
05:43:38 PM      eth0      8.00      3.00      0.53      0.35      0.00      0.00      0.00
05:43:39 PM      eth0      8.00      1.00      0.53      0.13      0.00      0.00      0.00
05:43:40 PM      eth0    120.00    152.00     40.84     74.62      0.00      0.00      0.00
05:43:41 PM      eth0     94.00    110.00     36.05     49.66      0.00      0.00      0.00
05:43:42 PM      eth0 93114006201.00 68101059851.00 119842178333.66 90227704225.42      0.00      0.00  99906.00
05:43:43 PM      eth0     45.00     41.00     18.97     13.84      0.00      0.00      0.00
05:43:44 PM      eth0     27.00     21.00      7.48      4.70      0.00      0.00      0.00
05:43:45 PM      eth0     16.00     10.00      2.12      2.34      0.00      0.00      0.00
05:43:46 PM      eth0      5.00      0.00      0.29      0.00      0.00      0.00      0.00
05:43:47 PM      eth0     86.00    104.00     26.40     44.65      0.00      0.00      0.00
05:43:48 PM      eth0    151.00    202.00     54.53     94.42      0.00      0.00      0.00
05:43:49 PM      eth0 93114006590.00 68101060304.00 119842178467.26 90227704418.42      0.00      0.00  99906.00
05:43:50 PM      eth0     61.00     67.00     21.52     18.71      0.00      0.00      0.00
05:43:51 PM      eth0     26.00     26.00      5.12      5.46      0.00      0.00      0.00
05:43:52 PM      eth0     17.00     17.00      2.60      3.67      0.00      0.00      0.00
05:43:53 PM      eth0     78.00     98.00     24.73     45.10      0.00      0.00      0.00
05:43:54 PM      eth0     11.00      3.00      1.56      0.39      0.00      0.00      0.00
05:43:55 PM      eth0     23.00     30.00     14.18     11.40      0.00      0.00      0.00
05:43:56 PM      eth0    183.00    245.00     62.16    114.13      0.00      0.00      0.00
05:43:57 PM      eth0 93114006995.00 68101060790.00 119842178599.56 90227704617.28      0.00      0.00  99906.00
05:43:58 PM      eth0     65.00     73.00     23.02     19.54      0.00      0.00      0.00
05:43:59 PM      eth0     22.00     39.00      4.12      6.96      0.00      0.00      0.00
05:44:00 PM      eth0      6.00      9.00      1.05      2.57      0.00      0.00      0.00
05:44:01 PM      eth0     39.00     44.00     12.75     17.21      0.00      0.00      0.00
05:44:02 PM      eth0     57.00     73.00     15.22     30.63      0.00      0.00      0.00
05:44:03 PM      eth0      7.00     13.00      0.47      1.45      0.00      0.00      0.00
05:44:04 PM      eth0     19.00     12.00     11.33      2.71      0.00      0.00      0.00
05:44:05 PM      eth0      5.00      0.00      0.29      0.00      0.00      0.00      0.00
05:44:06 PM      eth0      9.00     14.00      0.82      3.03      0.00      0.00      0.00
05:44:07 PM      eth0     29.00     42.00     11.20     10.06      0.00      0.00      0.00
05:44:08 PM      eth0      6.00      1.00      0.35      0.13      0.00      0.00      0.00
05:44:09 PM      eth0      8.00      9.00      1.17      2.57      0.00      0.00      0.00
05:44:10 PM      eth0      8.00      3.00      0.59      0.27      0.00      0.00      0.00
05:44:11 PM      eth0    149.00    205.00     56.16     97.30      0.00      0.00      0.00
05:55:56 PM      eth0 93228505328.00 68113434915.00 120011421019.67 90229116006.27      0.00      0.00  99910.00
05:55:57 PM      eth0    325.00    456.00     92.31    207.36      0.00      0.00      0.00
05:55:58 PM      eth0    308.00    415.00     82.42    175.67      0.00      0.00      0.00
05:55:59 PM      eth0    217.00    299.00     59.19    139.34      0.00      0.00      0.00
05:56:00 PM      eth0    233.00    325.00     58.57    135.31      0.00      0.00      0.00
05:56:01 PM      eth0     58.00     68.00     13.69     25.78      0.00      0.00      0.00
05:56:02 PM      eth0     51.00     52.00     15.96     15.14      0.00      0.00      0.00
05:56:03 PM      eth0     84.00    102.00     26.34     38.83      0.00      0.00      0.00
05:56:04 PM      eth0     44.00     43.00     15.87     12.46      0.00      0.00      0.00
05:56:05 PM      eth0     67.00     74.00     20.95     23.37      0.00      0.00      0.00
05:56:06 PM      eth0     54.00     54.00     18.00     15.10      0.00      0.00      0.00
05:56:07 PM      eth0     45.00     44.00     15.41     12.53      0.00      0.00      0.00
05:56:08 PM      eth0     73.00     81.00     23.04     24.02      0.00      0.00      0.00
05:56:09 PM      eth0     43.00     42.00     14.44     12.30      0.00      0.00      0.00
05:56:10 PM      eth0     47.00     57.00     12.74     26.40      0.00      0.00      0.00
05:56:11 PM      eth0     77.00     94.00     22.96     29.91      0.00      0.00      0.00
05:56:12 PM      eth0     30.00     30.00      9.49      8.18      0.00      0.00      0.00
05:56:13 PM      eth0     66.00     74.00     19.27     23.27      0.00      0.00      0.00
05:56:14 PM      eth0     38.00     39.00     11.61     11.91      0.00      0.00      0.00
05:56:15 PM      eth0     11.00      3.00      4.02      0.49      0.00      0.00      0.00
05:56:16 PM      eth0     18.00     22.00      5.02     15.07      0.00      0.00      0.00
05:56:17 PM      eth0    124.00    133.00     48.25     37.66      0.00      0.00      0.00
05:56:18 PM      eth0    101.00    105.00     40.86     27.96      0.00      0.00      0.00
05:56:19 PM      eth0     11.00      3.00      4.02      0.49      0.00      0.00      0.00
05:56:20 PM      eth0     12.00      3.00      4.08      0.49      0.00      0.00      0.00
05:56:21 PM      eth0     11.00      3.00      4.02      0.49      0.00      0.00      0.00
05:56:22 PM      eth0     21.00     14.00      6.33      3.39      0.00      0.00      0.00
05:56:23 PM      eth0     18.00     22.00      5.02     14.98      0.00      0.00      0.00
05:56:24 PM      eth0     10.00      2.00      2.84      0.33      0.00      0.00      0.00
05:56:25 PM      eth0     11.00      3.00      4.02      0.49      0.00      0.00      0.00
05:56:26 PM      eth0     11.00      3.00      4.02      0.49      0.00      0.00      0.00
05:56:27 PM      eth0      7.00      1.00      2.33      0.16      0.00      0.00      0.00
05:56:28 PM      eth0     15.00      6.00      6.18      0.98      0.00      0.00      0.00
05:56:29 PM      eth0     12.00      4.00      4.24      0.65      0.00      0.00      0.00
05:56:30 PM      eth0     36.00     37.00     11.06     18.58      0.00      0.00      0.00
05:56:31 PM      eth0     16.00      6.00      6.24      0.98      0.00      0.00      0.00
05:56:32 PM      eth0     26.00     17.00      8.55      3.88      0.00      0.00      0.00
05:56:33 PM      eth0     16.00      6.00      6.24      0.98      0.00      0.00      0.00
05:56:34 PM      eth0     24.00     16.00      8.00      3.65      0.00      0.00      0.00
05:56:35 PM      eth0     26.00     11.00     11.97      1.79      0.00      0.00      0.00
05:56:36 PM      eth0     49.00     27.00     22.62      5.35      0.00      0.00      0.00
05:56:37 PM      eth0     35.00     30.00     14.06     16.44      0.00      0.00      0.00
05:56:38 PM      eth0     40.00     18.00     20.67      2.94      0.00      0.00      0.00
05:56:39 PM      eth0     39.00     18.00     21.49      2.94      0.00      0.00      0.00
05:56:40 PM      eth0     37.00     16.00     20.58      2.61      0.00      0.00      0.00
05:56:41 PM      eth0     35.00     15.00     18.78      2.45      0.00      0.00      0.00
05:56:42 PM      eth0     28.00     24.00      6.05      5.82      0.00      0.00      0.00
