              total        used        free      shared  buff/cache   available
Mem:          48114        1728       44016        1005        2369       44290
Swap:         24191        1661       22530
Total:        72306        3390       66546

              total        used        free      shared  buff/cache   available
Mem:          48114        1730       44013        1005        2369       44288
Swap:         24191        1661       22530
Total:        72306        3392       66543

              total        used        free      shared  buff/cache   available
Mem:          48114        1750       43993        1005        2369       44268
Swap:         24191        1661       22530
Total:        72306        3412       66523

              total        used        free      shared  buff/cache   available
Mem:          48114        1764       43979        1005        2369       44253
Swap:         24191        1661       22530
Total:        72306        3426       66509

              total        used        free      shared  buff/cache   available
Mem:          48114        1780       43963        1005        2369       44238
Swap:         24191        1661       22530
Total:        72306        3442       66493

              total        used        free      shared  buff/cache   available
Mem:          48114        1813       43930        1005        2370       44205
Swap:         24191        1661       22530
Total:        72306        3475       66460

              total        used        free      shared  buff/cache   available
Mem:          48114        1827       43916        1005        2370       44191
Swap:         24191        1661       22530
Total:        72306        3489       66446

              total        used        free      shared  buff/cache   available
Mem:          48114        1844       43899        1005        2370       44174
Swap:         24191        1661       22530
Total:        72306        3506       66429

              total        used        free      shared  buff/cache   available
Mem:          48114        1833       43910        1005        2370       44186
Swap:         24191        1661       22530
Total:        72306        3494       66440

              total        used        free      shared  buff/cache   available
Mem:          48114        1832       43910        1005        2370       44186
Swap:         24191        1661       22530
Total:        72306        3494       66441

              total        used        free      shared  buff/cache   available
Mem:          48114        1832       43910        1005        2370       44186
Swap:         24191        1661       22530
Total:        72306        3494       66440

              total        used        free      shared  buff/cache   available
Mem:          48114        1838       43904        1005        2371       44180
Swap:         24191        1661       22530
Total:        72306        3500       66434

              total        used        free      shared  buff/cache   available
Mem:          48114        1847       43896        1005        2371       44172
Swap:         24191        1661       22530
Total:        72306        3509       66426

              total        used        free      shared  buff/cache   available
Mem:          48114        1846       43896        1005        2371       44172
Swap:         24191        1661       22530
Total:        72306        3508       66426

              total        used        free      shared  buff/cache   available
Mem:          48114        1830       43912        1005        2371       44188
Swap:         24191        1661       22530
Total:        72306        3492       66442

              total        used        free      shared  buff/cache   available
Mem:          48114        1829       43912        1005        2371       44189
Swap:         24191        1661       22530
Total:        72306        3491       66443

              total        used        free      shared  buff/cache   available
Mem:          48114        1829       43913        1005        2371       44189
Swap:         24191        1661       22530
Total:        72306        3491       66443

              total        used        free      shared  buff/cache   available
Mem:          48114        1828       43913        1005        2371       44190
Swap:         24191        1661       22530
Total:        72306        3490       66443

              total        used        free      shared  buff/cache   available
Mem:          48114        1829       43912        1005        2371       44189
Swap:         24191        1661       22530
Total:        72306        3491       66442

              total        used        free      shared  buff/cache   available
Mem:          48114        1829       43912        1005        2372       44189
Swap:         24191        1661       22530
Total:        72306        3491       66442

              total        used        free      shared  buff/cache   available
Mem:          48114        1829       43912        1005        2372       44189
Swap:         24191        1661       22530
Total:        72306        3491       66442

              total        used        free      shared  buff/cache   available
Mem:          48114        1828       43913        1005        2372       44190
Swap:         24191        1661       22530
Total:        72306        3490       66443

              total        used        free      shared  buff/cache   available
Mem:          48114        1828       43913        1005        2372       44191
Swap:         24191        1661       22530
Total:        72306        3490       66443

              total        used        free      shared  buff/cache   available
Mem:          48114        1827       43914        1005        2372       44192
Swap:         24191        1661       22530
Total:        72306        3489       66444

              total        used        free      shared  buff/cache   available
Mem:          48114        1826       43914        1005        2372       44192
Swap:         24191        1661       22530
Total:        72306        3488       66444

              total        used        free      shared  buff/cache   available
Mem:          48114        1825       43915        1005        2372       44193
Swap:         24191        1661       22530
Total:        72306        3487       66445

              total        used        free      shared  buff/cache   available
Mem:          48114        1825       43915        1005        2373       44193
Swap:         24191        1661       22530
Total:        72306        3487       66445

              total        used        free      shared  buff/cache   available
Mem:          48114        1825       43915        1005        2373       44193
Swap:         24191        1661       22530
Total:        72306        3487       66445

              total        used        free      shared  buff/cache   available
Mem:          48114        1827       43913        1005        2373       44192
Swap:         24191        1661       22530
Total:        72306        3488       66444

              total        used        free      shared  buff/cache   available
Mem:          48114        1826       43914        1005        2373       44193
Swap:         24191        1661       22530
Total:        72306        3487       66444

              total        used        free      shared  buff/cache   available
Mem:          48114        1825       43915        1005        2373       44193
Swap:         24191        1661       22530
Total:        72306        3487       66445

              total        used        free      shared  buff/cache   available
Mem:          48114        1825       43915        1005        2373       44194
Swap:         24191        1661       22530
Total:        72306        3487       66445

              total        used        free      shared  buff/cache   available
Mem:          48114        1824       43915        1005        2374       44194
Swap:         24191        1661       22530
Total:        72306        3486       66445

              total        used        free      shared  buff/cache   available
Mem:          48114        1823       43916        1005        2374       44195
Swap:         24191        1661       22530
Total:        72306        3485       66446

              total        used        free      shared  buff/cache   available
Mem:          48114        1824       43915        1005        2374       44195
Swap:         24191        1661       22530
Total:        72306        3486       66446

              total        used        free      shared  buff/cache   available
Mem:          48114        1823       43916        1005        2374       44195
Swap:         24191        1661       22530
Total:        72306        3485       66446

              total        used        free      shared  buff/cache   available
Mem:          48114        1824       43915        1005        2374       44195
Swap:         24191        1661       22530
Total:        72306        3485       66445

              total        used        free      shared  buff/cache   available
Mem:          48114        1823       43915        1005        2374       44195
Swap:         24191        1661       22530
Total:        72306        3485       66445

              total        used        free      shared  buff/cache   available
Mem:          48114        1823       43915        1005        2374       44195
Swap:         24191        1661       22530
Total:        72306        3485       66446

              total        used        free      shared  buff/cache   available
Mem:          48114        1822       43916        1005        2375       44196
Swap:         24191        1661       22530
Total:        72306        3484       66446

              total        used        free      shared  buff/cache   available
Mem:          48114        1822       43916        1005        2375       44196
Swap:         24191        1661       22530
Total:        72306        3484       66446

              total        used        free      shared  buff/cache   available
Mem:          48114        1822       43916        1005        2375       44196
Swap:         24191        1661       22530
Total:        72306        3484       66446

              total        used        free      shared  buff/cache   available
Mem:          48114        1823       43915        1005        2375       44195
Swap:         24191        1661       22530
Total:        72306        3485       66445

              total        used        free      shared  buff/cache   available
Mem:          48114        1823       43915        1005        2375       44196
Swap:         24191        1661       22530
Total:        72306        3485       66445

              total        used        free      shared  buff/cache   available
Mem:          48114        1822       43915        1005        2375       44196
Swap:         24191        1661       22530
Total:        72306        3484       66445

              total        used        free      shared  buff/cache   available
Mem:          48114        1821       43916        1005        2375       44197
Swap:         24191        1661       22530
Total:        72306        3483       66446

              total        used        free      shared  buff/cache   available
Mem:          48114        1822       43915        1005        2376       44196
Swap:         24191        1661       22530
Total:        72306        3484       66445

              total        used        free      shared  buff/cache   available
Mem:          48114        1822       43915        1005        2376       44196
Swap:         24191        1661       22530
Total:        72306        3484       66445

              total        used        free      shared  buff/cache   available
Mem:          48114        1822       43915        1005        2376       44196
Swap:         24191        1661       22530
Total:        72306        3484       66445

              total        used        free      shared  buff/cache   available
Mem:          48114        1822       43914        1005        2376       44196
Swap:         24191        1661       22530
Total:        72306        3484       66444

              total        used        free      shared  buff/cache   available
Mem:          48114        1822       43914        1005        2376       44196
Swap:         24191        1661       22530
Total:        72306        3484       66444

              total        used        free      shared  buff/cache   available
Mem:          48114        1822       43915        1005        2376       44197
Swap:         24191        1661       22530
Total:        72306        3483       66445

              total        used        free      shared  buff/cache   available
Mem:          48114        1822       43915        1005        2377       44197
Swap:         24191        1661       22530
Total:        72306        3484       66445

              total        used        free      shared  buff/cache   available
Mem:          48114        1821       43915        1005        2377       44197
Swap:         24191        1661       22530
Total:        72306        3483       66445

              total        used        free      shared  buff/cache   available
Mem:          48114        1822       43914        1005        2377       44197
Swap:         24191        1661       22530
Total:        72306        3484       66444

              total        used        free      shared  buff/cache   available
Mem:          48114        1822       43914        1005        2377       44197
Swap:         24191        1661       22530
Total:        72306        3484       66444

              total        used        free      shared  buff/cache   available
Mem:          48114        1823       43913        1005        2377       44195
Swap:         24191        1661       22530
Total:        72306        3485       66443

              total        used        free      shared  buff/cache   available
Mem:          48114        1822       43913        1005        2377       44196
Swap:         24191        1661       22530
Total:        72306        3484       66443

              total        used        free      shared  buff/cache   available
Mem:          48114        1822       43913        1005        2377       44196
Swap:         24191        1661       22530
Total:        72306        3484       66443

              total        used        free      shared  buff/cache   available
Mem:          48114        1822       43913        1005        2378       44196
Swap:         24191        1661       22530
Total:        72306        3484       66443

              total        used        free      shared  buff/cache   available
Mem:          48114        1822       43913        1005        2378       44196
Swap:         24191        1661       22530
Total:        72306        3484       66443

              total        used        free      shared  buff/cache   available
Mem:          48114        1822       43913        1005        2378       44196
Swap:         24191        1661       22530
Total:        72306        3484       66443

              total        used        free      shared  buff/cache   available
Mem:          48114        1823       43912        1005        2378       44195
Swap:         24191        1661       22530
Total:        72306        3485       66442

              total        used        free      shared  buff/cache   available
Mem:          48114        1823       43912        1005        2378       44195
Swap:         24191        1661       22530
Total:        72306        3485       66442

              total        used        free      shared  buff/cache   available
Mem:          48114        1823       43912        1005        2378       44195
Swap:         24191        1661       22530
Total:        72306        3485       66442

              total        used        free      shared  buff/cache   available
Mem:          48114        1822       43912        1005        2379       44196
Swap:         24191        1661       22530
Total:        72306        3484       66442

              total        used        free      shared  buff/cache   available
Mem:          48114        1823       43911        1005        2379       44195
Swap:         24191        1661       22530
Total:        72306        3485       66441

              total        used        free      shared  buff/cache   available
Mem:          48114        1822       43912        1005        2379       44196
Swap:         24191        1661       22530
Total:        72306        3484       66442

              total        used        free      shared  buff/cache   available
Mem:          48114        1823       43911        1005        2379       44195
Swap:         24191        1661       22530
Total:        72306        3485       66441

              total        used        free      shared  buff/cache   available
Mem:          48114        1822       43911        1005        2379       44196
Swap:         24191        1661       22530
Total:        72306        3484       66441

              total        used        free      shared  buff/cache   available
Mem:          48114        1823       43910        1005        2380       44195
Swap:         24191        1661       22530
Total:        72306        3485       66441

              total        used        free      shared  buff/cache   available
Mem:          48114        1822       43911        1005        2380       44196
Swap:         24191        1661       22530
Total:        72306        3484       66441

              total        used        free      shared  buff/cache   available
Mem:          48114        1823       43910        1005        2380       44195
Swap:         24191        1661       22530
Total:        72306        3485       66440

              total        used        free      shared  buff/cache   available
Mem:          48114        1823       43910        1005        2380       44195
Swap:         24191        1661       22530
Total:        72306        3485       66440

              total        used        free      shared  buff/cache   available
Mem:          48114        1824       43909        1005        2380       44194
Swap:         24191        1661       22530
Total:        72306        3486       66439

              total        used        free      shared  buff/cache   available
Mem:          48114        1823       43909        1005        2380       44195
Swap:         24191        1661       22530
Total:        72306        3485       66439

              total        used        free      shared  buff/cache   available
Mem:          48114        1823       43909        1005        2380       44195
Swap:         24191        1661       22530
Total:        72306        3485       66439

              total        used        free      shared  buff/cache   available
Mem:          48114        1824       43909        1005        2381       44194
Swap:         24191        1661       22530
Total:        72306        3486       66439

              total        used        free      shared  buff/cache   available
Mem:          48114        1823       43909        1005        2381       44195
Swap:         24191        1661       22530
Total:        72306        3485       66439

              total        used        free      shared  buff/cache   available
Mem:          48114        1823       43909        1005        2381       44195
Swap:         24191        1661       22530
Total:        72306        3485       66439

              total        used        free      shared  buff/cache   available
Mem:          48114        1823       43908        1005        2381       44195
Swap:         24191        1661       22530
Total:        72306        3485       66438

              total        used        free      shared  buff/cache   available
Mem:          48114        1823       43909        1005        2381       44195
Swap:         24191        1661       22530
Total:        72306        3485       66439

              total        used        free      shared  buff/cache   available
Mem:          48114        1822       43910        1005        2381       44196
Swap:         24191        1661       22530
Total:        72306        3484       66440

              total        used        free      shared  buff/cache   available
Mem:          48114        1822       43909        1005        2381       44196
Swap:         24191        1661       22530
Total:        72306        3484       66440

              total        used        free      shared  buff/cache   available
Mem:          48114        1822       43910        1005        2382       44196
Swap:         24191        1661       22530
Total:        72306        3484       66440

              total        used        free      shared  buff/cache   available
Mem:          48114        1821       43910        1005        2382       44197
Swap:         24191        1661       22530
Total:        72306        3483       66440

              total        used        free      shared  buff/cache   available
Mem:          48114        1822       43909        1005        2382       44196
Swap:         24191        1661       22530
Total:        72306        3484       66439

              total        used        free      shared  buff/cache   available
Mem:          48114        1821       43910        1005        2382       44197
Swap:         24191        1661       22530
Total:        72306        3483       66440

              total        used        free      shared  buff/cache   available
Mem:          48114        1821       43910        1005        2382       44197
Swap:         24191        1661       22530
Total:        72306        3483       66440

              total        used        free      shared  buff/cache   available
Mem:          48114        1821       43910        1005        2382       44197
Swap:         24191        1661       22530
Total:        72306        3483       66440

              total        used        free      shared  buff/cache   available
Mem:          48114        1820       43910        1005        2382       44198
Swap:         24191        1661       22530
Total:        72306        3482       66440

              total        used        free      shared  buff/cache   available
Mem:          48114        1820       43910        1005        2383       44198
Swap:         24191        1661       22530
Total:        72306        3482       66440

              total        used        free      shared  buff/cache   available
Mem:          48114        1820       43910        1005        2383       44198
Swap:         24191        1661       22530
Total:        72306        3482       66440

              total        used        free      shared  buff/cache   available
Mem:          48114        1819       43911        1005        2383       44199
Swap:         24191        1661       22530
Total:        72306        3481       66441

              total        used        free      shared  buff/cache   available
Mem:          48114        1820       43910        1005        2383       44198
Swap:         24191        1661       22530
Total:        72306        3482       66440

              total        used        free      shared  buff/cache   available
Mem:          48114        1820       43909        1005        2383       44198
Swap:         24191        1661       22530
Total:        72306        3482       66439

              total        used        free      shared  buff/cache   available
Mem:          48114        1819       43910        1005        2383       44199
Swap:         24191        1661       22530
Total:        72306        3481       66440

              total        used        free      shared  buff/cache   available
Mem:          48114        1819       43910        1005        2383       44199
Swap:         24191        1661       22530
Total:        72306        3481       66440

              total        used        free      shared  buff/cache   available
Mem:          48114        1820       43909        1005        2384       44198
Swap:         24191        1661       22530
Total:        72306        3482       66440

              total        used        free      shared  buff/cache   available
Mem:          48114        1820       43909        1005        2384       44198
Swap:         24191        1661       22530
Total:        72306        3481       66440

              total        used        free      shared  buff/cache   available
Mem:          48114        1819       43910        1005        2384       44199
Swap:         24191        1661       22530
Total:        72306        3481       66440

              total        used        free      shared  buff/cache   available
Mem:          48114        1819       43910        1005        2384       44199
Swap:         24191        1661       22530
Total:        72306        3481       66440

              total        used        free      shared  buff/cache   available
Mem:          48114        1820       43909        1005        2384       44198
Swap:         24191        1661       22530
Total:        72306        3481       66439

              total        used        free      shared  buff/cache   available
Mem:          48114        1819       43909        1005        2384       44199
Swap:         24191        1661       22530
Total:        72306        3481       66439

              total        used        free      shared  buff/cache   available
Mem:          48114        1819       43909        1005        2384       44199
Swap:         24191        1661       22530
Total:        72306        3481       66440

              total        used        free      shared  buff/cache   available
Mem:          48114        1819       43909        1005        2384       44199
Swap:         24191        1661       22530
Total:        72306        3481       66439

              total        used        free      shared  buff/cache   available
Mem:          48114        1820       43909        1005        2385       44199
Swap:         24191        1661       22530
Total:        72306        3482       66439

              total        used        free      shared  buff/cache   available
Mem:          48114        1819       43909        1005        2385       44199
Swap:         24191        1661       22530
Total:        72306        3481       66439

              total        used        free      shared  buff/cache   available
Mem:          48114        1820       43908        1005        2385       44199
Swap:         24191        1661       22530
Total:        72306        3482       66438

              total        used        free      shared  buff/cache   available
Mem:          48114        1820       43908        1005        2385       44198
Swap:         24191        1661       22530
Total:        72306        3482       66438

              total        used        free      shared  buff/cache   available
Mem:          48114        1818       43909        1005        2385       44200
Swap:         24191        1661       22530
Total:        72306        3480       66439

              total        used        free      shared  buff/cache   available
Mem:          48114        1818       43910        1005        2385       44200
Swap:         24191        1661       22530
Total:        72306        3480       66440

              total        used        free      shared  buff/cache   available
Mem:          48114        1819       43909        1005        2386       44199
Swap:         24191        1661       22530
Total:        72306        3481       66439

              total        used        free      shared  buff/cache   available
Mem:          48114        1819       43909        1005        2386       44200
Swap:         24191        1661       22530
Total:        72306        3481       66439

              total        used        free      shared  buff/cache   available
Mem:          48114        1819       43908        1005        2386       44199
Swap:         24191        1661       22530
Total:        72306        3481       66438

              total        used        free      shared  buff/cache   available
Mem:          48114        1819       43908        1005        2386       44199
Swap:         24191        1661       22530
Total:        72306        3481       66438

              total        used        free      shared  buff/cache   available
Mem:          48114        1818       43909        1005        2386       44200
Swap:         24191        1661       22530
Total:        72306        3480       66439

              total        used        free      shared  buff/cache   available
Mem:          48114        1818       43908        1005        2386       44200
Swap:         24191        1661       22530
Total:        72306        3480       66438

              total        used        free      shared  buff/cache   available
Mem:          48114        1819       43907        1005        2386       44199
Swap:         24191        1661       22530
Total:        72306        3481       66437

              total        used        free      shared  buff/cache   available
Mem:          48114        1820       43906        1005        2387       44198
Swap:         24191        1661       22530
Total:        72306        3482       66436

              total        used        free      shared  buff/cache   available
Mem:          48114        1819       43908        1005        2387       44200
Swap:         24191        1661       22530
Total:        72306        3480       66438

              total        used        free      shared  buff/cache   available
Mem:          48114        1818       43908        1005        2387       44200
Swap:         24191        1661       22530
Total:        72306        3480       66438

              total        used        free      shared  buff/cache   available
Mem:          48114        1819       43907        1005        2387       44199
Swap:         24191        1661       22530
Total:        72306        3481       66437

              total        used        free      shared  buff/cache   available
Mem:          48114        1819       43907        1005        2387       44200
Swap:         24191        1661       22530
Total:        72306        3481       66437

              total        used        free      shared  buff/cache   available
Mem:          48114        1819       43907        1005        2387       44199
Swap:         24191        1661       22530
Total:        72306        3481       66437

              total        used        free      shared  buff/cache   available
Mem:          48114        1818       43907        1005        2387       44200
Swap:         24191        1661       22530
Total:        72306        3480       66437

              total        used        free      shared  buff/cache   available
Mem:          48114        1818       43907        1005        2388       44200
Swap:         24191        1661       22530
Total:        72306        3480       66437

              total        used        free      shared  buff/cache   available
Mem:          48114        1819       43907        1005        2388       44200
Swap:         24191        1661       22530
Total:        72306        3480       66437

              total        used        free      shared  buff/cache   available
Mem:          48114        1818       43907        1005        2388       44200
Swap:         24191        1661       22530
Total:        72306        3480       66437

              total        used        free      shared  buff/cache   available
Mem:          48114        1818       43907        1005        2388       44200
Swap:         24191        1661       22530
Total:        72306        3480       66437

              total        used        free      shared  buff/cache   available
Mem:          48114        1819       43906        1005        2388       44199
Swap:         24191        1661       22530
Total:        72306        3481       66436

              total        used        free      shared  buff/cache   available
Mem:          48114        1819       43906        1005        2388       44199
Swap:         24191        1661       22530
Total:        72306        3481       66436

              total        used        free      shared  buff/cache   available
Mem:          48114        1820       43904        1005        2388       44198
Swap:         24191        1661       22530
Total:        72306        3482       66434

              total        used        free      shared  buff/cache   available
Mem:          48114        1820       43904        1005        2389       44198
Swap:         24191        1661       22530
Total:        72306        3482       66434

              total        used        free      shared  buff/cache   available
Mem:          48114        1820       43904        1005        2389       44198
Swap:         24191        1661       22530
Total:        72306        3482       66434

              total        used        free      shared  buff/cache   available
Mem:          48114        1820       43904        1005        2389       44198
Swap:         24191        1661       22530
Total:        72306        3482       66434

              total        used        free      shared  buff/cache   available
Mem:          48114        1819       43905        1005        2389       44199
Swap:         24191        1661       22530
Total:        72306        3481       66435

              total        used        free      shared  buff/cache   available
Mem:          48114        1819       43904        1005        2389       44199
Swap:         24191        1661       22530
Total:        72306        3481       66434

              total        used        free      shared  buff/cache   available
Mem:          48114        1819       43904        1005        2389       44199
Swap:         24191        1661       22530
Total:        72306        3481       66434

              total        used        free      shared  buff/cache   available
Mem:          48114        1819       43905        1005        2390       44199
Swap:         24191        1661       22530
Total:        72306        3481       66435

              total        used        free      shared  buff/cache   available
Mem:          48114        1819       43904        1005        2390       44199
Swap:         24191        1661       22530
Total:        72306        3481       66434

              total        used        free      shared  buff/cache   available
Mem:          48114        1819       43904        1005        2390       44199
Swap:         24191        1661       22530
Total:        72306        3481       66434

              total        used        free      shared  buff/cache   available
Mem:          48114        1819       43904        1005        2390       44199
Swap:         24191        1661       22530
Total:        72306        3481       66434

              total        used        free      shared  buff/cache   available
Mem:          48114        1819       43904        1005        2390       44200
Swap:         24191        1661       22530
Total:        72306        3480       66434

              total        used        free      shared  buff/cache   available
Mem:          48114        1819       43904        1005        2390       44199
Swap:         24191        1661       22530
Total:        72306        3481       66434

              total        used        free      shared  buff/cache   available
Mem:          48114        1819       43903        1005        2391       44199
Swap:         24191        1661       22530
Total:        72306        3481       66433

              total        used        free      shared  buff/cache   available
Mem:          48114        1819       43903        1005        2391       44199
Swap:         24191        1661       22530
Total:        72306        3481       66433

              total        used        free      shared  buff/cache   available
Mem:          48114        1819       43903        1005        2391       44199
Swap:         24191        1661       22530
Total:        72306        3481       66433

              total        used        free      shared  buff/cache   available
Mem:          48114        1819       43903        1005        2391       44200
Swap:         24191        1661       22530
Total:        72306        3480       66433

              total        used        free      shared  buff/cache   available
Mem:          48114        1819       43903        1005        2391       44199
Swap:         24191        1661       22530
Total:        72306        3481       66433

              total        used        free      shared  buff/cache   available
Mem:          48114        1820       43902        1005        2391       44198
Swap:         24191        1661       22530
Total:        72306        3482       66432

              total        used        free      shared  buff/cache   available
Mem:          48114        1819       43902        1005        2391       44199
Swap:         24191        1661       22530
Total:        72306        3481       66432

              total        used        free      shared  buff/cache   available
Mem:          48114        1819       43902        1005        2391       44199
Swap:         24191        1661       22530
Total:        72306        3481       66432

              total        used        free      shared  buff/cache   available
Mem:          48114        1818       43903        1005        2392       44200
Swap:         24191        1661       22530
Total:        72306        3480       66433

              total        used        free      shared  buff/cache   available
Mem:          48114        1819       43902        1005        2392       44200
Swap:         24191        1661       22530
Total:        72306        3480       66433

              total        used        free      shared  buff/cache   available
Mem:          48114        1820       43901        1005        2392       44198
Swap:         24191        1661       22530
Total:        72306        3482       66431

              total        used        free      shared  buff/cache   available
Mem:          48114        1820       43901        1005        2392       44199
Swap:         24191        1661       22530
Total:        72306        3481       66431

              total        used        free      shared  buff/cache   available
Mem:          48114        1819       43902        1005        2392       44200
Swap:         24191        1661       22530
Total:        72306        3480       66432

              total        used        free      shared  buff/cache   available
Mem:          48114        1818       43903        1005        2392       44200
Swap:         24191        1661       22530
Total:        72306        3480       66433

              total        used        free      shared  buff/cache   available
Mem:          48114        1819       43901        1005        2393       44199
Swap:         24191        1661       22530
Total:        72306        3481       66431

              total        used        free      shared  buff/cache   available
Mem:          48114        1817       43903        1005        2393       44201
Swap:         24191        1661       22530
Total:        72306        3479       66433

              total        used        free      shared  buff/cache   available
Mem:          48114        1820       43900        1005        2393       44199
Swap:         24191        1661       22530
Total:        72306        3481       66431

              total        used        free      shared  buff/cache   available
Mem:          48114        1818       43902        1005        2393       44200
Swap:         24191        1661       22530
Total:        72306        3480       66432

              total        used        free      shared  buff/cache   available
Mem:          48114        1821       43899        1005        2393       44197
Swap:         24191        1661       22530
Total:        72306        3483       66429

              total        used        free      shared  buff/cache   available
Mem:          48114        1818       43902        1005        2393       44201
Swap:         24191        1661       22530
Total:        72306        3480       66432

              total        used        free      shared  buff/cache   available
Mem:          48114        1822       43897        1005        2393       44196
Swap:         24191        1661       22530
Total:        72306        3484       66428

              total        used        free      shared  buff/cache   available
Mem:          48114        1817       43902        1005        2394       44201
Swap:         24191        1661       22530
Total:        72306        3479       66432

              total        used        free      shared  buff/cache   available
Mem:          48114        1823       43896        1005        2394       44195
Swap:         24191        1661       22530
Total:        72306        3485       66426

              total        used        free      shared  buff/cache   available
Mem:          48114        1817       43902        1005        2394       44202
Swap:         24191        1661       22530
Total:        72306        3478       66432

              total        used        free      shared  buff/cache   available
Mem:          48114        1825       43893        1005        2394       44193
Swap:         24191        1661       22530
Total:        72306        3487       66424

              total        used        free      shared  buff/cache   available
Mem:          48114        1817       43902        1005        2394       44201
Swap:         24191        1661       22530
Total:        72306        3479       66432

              total        used        free      shared  buff/cache   available
Mem:          48114        1823       43895        1005        2394       44195
Swap:         24191        1661       22530
Total:        72306        3485       66425

              total        used        free      shared  buff/cache   available
Mem:          48114        1817       43901        1005        2395       44201
Swap:         24191        1661       22530
Total:        72306        3479       66431

              total        used        free      shared  buff/cache   available
Mem:          48114        1823       43895        1005        2395       44195
Swap:         24191        1661       22530
Total:        72306        3485       66425

              total        used        free      shared  buff/cache   available
Mem:          48114        1816       43901        1005        2395       44202
Swap:         24191        1661       22530
Total:        72306        3478       66432

              total        used        free      shared  buff/cache   available
Mem:          48114        1817       43901        1005        2395       44201
Swap:         24191        1661       22530
Total:        72306        3479       66431

              total        used        free      shared  buff/cache   available
Mem:          48114        1817       43901        1005        2395       44201
Swap:         24191        1661       22530
Total:        72306        3479       66431

              total        used        free      shared  buff/cache   available
Mem:          48114        1817       43901        1005        2395       44201
Swap:         24191        1661       22530
Total:        72306        3479       66431

              total        used        free      shared  buff/cache   available
Mem:          48114        1817       43900        1005        2395       44201
Swap:         24191        1661       22530
Total:        72306        3479       66430

              total        used        free      shared  buff/cache   available
Mem:          48114        1819       43898        1005        2395       44199
Swap:         24191        1661       22530
Total:        72306        3481       66428

              total        used        free      shared  buff/cache   available
Mem:          48114        1819       43899        1005        2396       44200
Swap:         24191        1661       22530
Total:        72306        3480       66429

              total        used        free      shared  buff/cache   available
Mem:          48114        1819       43898        1005        2396       44199
Swap:         24191        1661       22530
Total:        72306        3481       66428

              total        used        free      shared  buff/cache   available
Mem:          48114        1818       43899        1005        2396       44200
Swap:         24191        1661       22530
Total:        72306        3480       66429

              total        used        free      shared  buff/cache   available
Mem:          48114        1818       43899        1005        2396       44200
Swap:         24191        1661       22530
Total:        72306        3480       66429

              total        used        free      shared  buff/cache   available
Mem:          48114        1817       43900        1005        2396       44201
Swap:         24191        1661       22530
Total:        72306        3479       66430

              total        used        free      shared  buff/cache   available
Mem:          48114        1817       43899        1005        2396       44201
Swap:         24191        1661       22530
Total:        72306        3479       66429

              total        used        free      shared  buff/cache   available
Mem:          48114        1817       43900        1005        2396       44201
Swap:         24191        1661       22530
Total:        72306        3479       66430

              total        used        free      shared  buff/cache   available
Mem:          48114        1817       43899        1005        2397       44201
Swap:         24191        1661       22530
Total:        72306        3479       66429

              total        used        free      shared  buff/cache   available
Mem:          48114        1817       43899        1005        2397       44201
Swap:         24191        1661       22530
Total:        72306        3479       66429

              total        used        free      shared  buff/cache   available
Mem:          48114        1818       43898        1005        2397       44200
Swap:         24191        1661       22530
Total:        72306        3480       66428

              total        used        free      shared  buff/cache   available
Mem:          48114        1818       43898        1005        2397       44200
Swap:         24191        1661       22530
Total:        72306        3480       66428

              total        used        free      shared  buff/cache   available
Mem:          48114        1819       43897        1005        2397       44199
Swap:         24191        1661       22530
Total:        72306        3481       66427

              total        used        free      shared  buff/cache   available
Mem:          48114        1819       43896        1005        2398       44199
Swap:         24191        1661       22530
Total:        72306        3481       66426

              total        used        free      shared  buff/cache   available
Mem:          48114        1818       43897        1005        2398       44200
Swap:         24191        1661       22530
Total:        72306        3480       66427

              total        used        free      shared  buff/cache   available
Mem:          48114        1818       43897        1005        2398       44200
Swap:         24191        1661       22530
Total:        72306        3480       66427

              total        used        free      shared  buff/cache   available
Mem:          48114        1828       43887        1005        2398       44190
Swap:         24191        1661       22530
Total:        72306        3490       66417

              total        used        free      shared  buff/cache   available
Mem:          48114        1820       43895        1005        2398       44198
Swap:         24191        1661       22530
Total:        72306        3482       66425

              total        used        free      shared  buff/cache   available
Mem:          48114        1821       43894        1005        2398       44197
Swap:         24191        1661       22530
Total:        72306        3483       66424

              total        used        free      shared  buff/cache   available
Mem:          48114        1797       43918        1005        2398       44222
Swap:         24191        1661       22530
Total:        72306        3458       66448
