              total        used        free      shared  buff/cache   available
Mem:          48114        1070       39651        2409        7392       43346
Swap:         24191           0       24191
Total:        72306        1070       63843

              total        used        free      shared  buff/cache   available
Mem:          48114        1069       39659        2409        7385       43348
Swap:         24191           0       24191
Total:        72306        1069       63851

              total        used        free      shared  buff/cache   available
Mem:          48114        1072       39655        2409        7385       43344
Swap:         24191           0       24191
Total:        72306        1072       63847

              total        used        free      shared  buff/cache   available
Mem:          48114        1071       39656        2409        7386       43344
Swap:         24191           0       24191
Total:        72306        1071       63848

              total        used        free      shared  buff/cache   available
Mem:          48114        1072       39655        2409        7386       43343
Swap:         24191           0       24191
Total:        72306        1072       63847

              total        used        free      shared  buff/cache   available
Mem:          48114        1071       39655        2409        7386       43344
Swap:         24191           0       24191
Total:        72306        1071       63847

              total        used        free      shared  buff/cache   available
Mem:          48114        1071       39656        2409        7386       43345
Swap:         24191           0       24191
Total:        72306        1071       63848

              total        used        free      shared  buff/cache   available
Mem:          48114        1071       39656        2409        7386       43345
Swap:         24191           0       24191
Total:        72306        1071       63848

              total        used        free      shared  buff/cache   available
Mem:          48114        1071       39656        2409        7386       43345
Swap:         24191           0       24191
Total:        72306        1071       63848

              total        used        free      shared  buff/cache   available
Mem:          48114        1071       39656        2409        7386       43345
Swap:         24191           0       24191
Total:        72306        1071       63848

              total        used        free      shared  buff/cache   available
Mem:          48114        1070       39657        2409        7386       43346
Swap:         24191           0       24191
Total:        72306        1070       63849

              total        used        free      shared  buff/cache   available
Mem:          48114        1070       39657        2409        7386       43346
Swap:         24191           0       24191
Total:        72306        1070       63849

              total        used        free      shared  buff/cache   available
Mem:          48114        1070       39657        2409        7386       43346
Swap:         24191           0       24191
Total:        72306        1070       63849

              total        used        free      shared  buff/cache   available
Mem:          48114        1069       39657        2409        7386       43346
Swap:         24191           0       24191
Total:        72306        1069       63849

              total        used        free      shared  buff/cache   available
Mem:          48114        1069       39657        2409        7386       43346
Swap:         24191           0       24191
Total:        72306        1069       63849

              total        used        free      shared  buff/cache   available
Mem:          48114        1068       39658        2409        7386       43347
Swap:         24191           0       24191
Total:        72306        1068       63850

              total        used        free      shared  buff/cache   available
Mem:          48114        1069       39657        2409        7386       43347
Swap:         24191           0       24191
Total:        72306        1069       63849

              total        used        free      shared  buff/cache   available
Mem:          48114        1069       39658        2409        7386       43347
Swap:         24191           0       24191
Total:        72306        1069       63850

              total        used        free      shared  buff/cache   available
Mem:          48114        1071       39656        2409        7386       43345
Swap:         24191           0       24191
Total:        72306        1071       63848

              total        used        free      shared  buff/cache   available
Mem:          48114        1070       39656        2409        7386       43346
Swap:         24191           0       24191
Total:        72306        1070       63848

              total        used        free      shared  buff/cache   available
Mem:          48114        1070       39657        2409        7386       43346
Swap:         24191           0       24191
Total:        72306        1070       63849

              total        used        free      shared  buff/cache   available
Mem:          48114        1070       39657        2409        7386       43346
Swap:         24191           0       24191
Total:        72306        1070       63849

              total        used        free      shared  buff/cache   available
Mem:          48114        1069       39658        2409        7386       43348
Swap:         24191           0       24191
Total:        72306        1069       63850

              total        used        free      shared  buff/cache   available
Mem:          48114        1068       39658        2409        7386       43348
Swap:         24191           0       24191
Total:        72306        1068       63850

              total        used        free      shared  buff/cache   available
Mem:          48114        1067       39659        2409        7386       43349
Swap:         24191           0       24191
Total:        72306        1067       63851

              total        used        free      shared  buff/cache   available
Mem:          48114        1067       39659        2409        7387       43349
Swap:         24191           0       24191
Total:        72306        1067       63851

              total        used        free      shared  buff/cache   available
Mem:          48114        1067       39659        2409        7387       43349
Swap:         24191           0       24191
Total:        72306        1067       63851

              total        used        free      shared  buff/cache   available
Mem:          48114        1068       39659        2409        7387       43349
Swap:         24191           0       24191
Total:        72306        1068       63851

              total        used        free      shared  buff/cache   available
Mem:          48114        1067       39659        2409        7387       43350
Swap:         24191           0       24191
Total:        72306        1067       63851

              total        used        free      shared  buff/cache   available
Mem:          48114        1066       39660        2409        7387       43350
Swap:         24191           0       24191
Total:        72306        1066       63852

              total        used        free      shared  buff/cache   available
Mem:          48114        1066       39660        2409        7387       43350
Swap:         24191           0       24191
Total:        72306        1066       63852

              total        used        free      shared  buff/cache   available
Mem:          48114        1066       39660        2409        7387       43350
Swap:         24191           0       24191
Total:        72306        1066       63852

              total        used        free      shared  buff/cache   available
Mem:          48114        1066       39660        2409        7387       43350
Swap:         24191           0       24191
Total:        72306        1066       63852

              total        used        free      shared  buff/cache   available
Mem:          48114        1066       39660        2409        7387       43351
Swap:         24191           0       24191
Total:        72306        1066       63852

              total        used        free      shared  buff/cache   available
Mem:          48114        1067       39659        2409        7387       43349
Swap:         24191           0       24191
Total:        72306        1067       63851

              total        used        free      shared  buff/cache   available
Mem:          48114        1067       39659        2409        7387       43349
Swap:         24191           0       24191
Total:        72306        1067       63851

              total        used        free      shared  buff/cache   available
Mem:          48114        1066       39660        2409        7387       43350
Swap:         24191           0       24191
Total:        72306        1066       63852

              total        used        free      shared  buff/cache   available
Mem:          48114        1066       39659        2409        7387       43350
Swap:         24191           0       24191
Total:        72306        1066       63851

              total        used        free      shared  buff/cache   available
Mem:          48114        1066       39659        2409        7387       43350
Swap:         24191           0       24191
Total:        72306        1066       63851

              total        used        free      shared  buff/cache   available
Mem:          48114        1066       39659        2409        7388       43350
Swap:         24191           0       24191
Total:        72306        1066       63851

              total        used        free      shared  buff/cache   available
Mem:          48114        1066       39659        2409        7388       43350
Swap:         24191           0       24191
Total:        72306        1066       63851

              total        used        free      shared  buff/cache   available
Mem:          48114        1066       39659        2409        7388       43350
Swap:         24191           0       24191
Total:        72306        1066       63851

              total        used        free      shared  buff/cache   available
Mem:          48114        1065       39660        2409        7387       43351
Swap:         24191           0       24191
Total:        72306        1065       63852

              total        used        free      shared  buff/cache   available
Mem:          48114        1065       39660        2409        7388       43351
Swap:         24191           0       24191
Total:        72306        1065       63852

              total        used        free      shared  buff/cache   available
Mem:          48114        1066       39660        2409        7388       43351
Swap:         24191           0       24191
Total:        72306        1066       63852

              total        used        free      shared  buff/cache   available
Mem:          48114        1065       39660        2409        7388       43351
Swap:         24191           0       24191
Total:        72306        1065       63852

              total        used        free      shared  buff/cache   available
Mem:          48114        1065       39660        2409        7388       43351
Swap:         24191           0       24191
Total:        72306        1065       63852

              total        used        free      shared  buff/cache   available
Mem:          48114        1065       39660        2409        7388       43351
Swap:         24191           0       24191
Total:        72306        1065       63852

              total        used        free      shared  buff/cache   available
Mem:          48114        1065       39660        2409        7388       43352
Swap:         24191           0       24191
Total:        72306        1065       63852

              total        used        free      shared  buff/cache   available
Mem:          48114        1065       39660        2409        7388       43352
Swap:         24191           0       24191
Total:        72306        1065       63852

              total        used        free      shared  buff/cache   available
Mem:          48114        1065       39660        2409        7388       43352
Swap:         24191           0       24191
Total:        72306        1065       63852

              total        used        free      shared  buff/cache   available
Mem:          48114        1065       39660        2409        7388       43352
Swap:         24191           0       24191
Total:        72306        1065       63852

              total        used        free      shared  buff/cache   available
Mem:          48114        1064       39660        2409        7388       43352
Swap:         24191           0       24191
Total:        72306        1064       63852

              total        used        free      shared  buff/cache   available
Mem:          48114        1064       39661        2409        7388       43352
Swap:         24191           0       24191
Total:        72306        1064       63852

              total        used        free      shared  buff/cache   available
Mem:          48114        1065       39659        2409        7388       43351
Swap:         24191           0       24191
Total:        72306        1065       63851

              total        used        free      shared  buff/cache   available
Mem:          48114        1065       39660        2409        7388       43351
Swap:         24191           0       24191
Total:        72306        1065       63852

              total        used        free      shared  buff/cache   available
Mem:          48114        1065       39659        2409        7388       43351
Swap:         24191           0       24191
Total:        72306        1065       63851

              total        used        free      shared  buff/cache   available
Mem:          48114        1065       39659        2409        7388       43351
Swap:         24191           0       24191
Total:        72306        1065       63851

              total        used        free      shared  buff/cache   available
Mem:          48114        1067       39657        2409        7389       43349
Swap:         24191           0       24191
Total:        72306        1067       63849

              total        used        free      shared  buff/cache   available
Mem:          48114        1067       39657        2409        7389       43349
Swap:         24191           0       24191
Total:        72306        1067       63849

              total        used        free      shared  buff/cache   available
Mem:          48114        1066       39658        2409        7389       43350
Swap:         24191           0       24191
Total:        72306        1066       63850

              total        used        free      shared  buff/cache   available
Mem:          48114        1066       39658        2409        7389       43350
Swap:         24191           0       24191
Total:        72306        1066       63850

              total        used        free      shared  buff/cache   available
Mem:          48114        1066       39657        2409        7389       43350
Swap:         24191           0       24191
Total:        72306        1066       63849

              total        used        free      shared  buff/cache   available
Mem:          48114        1066       39658        2409        7389       43350
Swap:         24191           0       24191
Total:        72306        1066       63850

              total        used        free      shared  buff/cache   available
Mem:          48114        1066       39658        2409        7389       43350
Swap:         24191           0       24191
Total:        72306        1066       63850

              total        used        free      shared  buff/cache   available
Mem:          48114        1066       39658        2409        7389       43350
Swap:         24191           0       24191
Total:        72306        1066       63850

              total        used        free      shared  buff/cache   available
Mem:          48114        1067       39657        2409        7389       43349
Swap:         24191           0       24191
Total:        72306        1067       63849

              total        used        free      shared  buff/cache   available
Mem:          48114        1067       39657        2409        7389       43349
Swap:         24191           0       24191
Total:        72306        1067       63849

              total        used        free      shared  buff/cache   available
Mem:          48114        1067       39657        2409        7389       43349
Swap:         24191           0       24191
Total:        72306        1067       63849

              total        used        free      shared  buff/cache   available
Mem:          48114        1067       39657        2409        7389       43349
Swap:         24191           0       24191
Total:        72306        1067       63849

              total        used        free      shared  buff/cache   available
Mem:          48114        1067       39656        2409        7389       43349
Swap:         24191           0       24191
Total:        72306        1067       63848

              total        used        free      shared  buff/cache   available
Mem:          48114        1067       39657        2409        7390       43349
Swap:         24191           0       24191
Total:        72306        1067       63849

              total        used        free      shared  buff/cache   available
Mem:          48114        1067       39656        2409        7390       43349
Swap:         24191           0       24191
Total:        72306        1067       63848

              total        used        free      shared  buff/cache   available
Mem:          48114        1067       39656        2409        7390       43349
Swap:         24191           0       24191
Total:        72306        1067       63848

              total        used        free      shared  buff/cache   available
Mem:          48114        1068       39655        2409        7390       43348
Swap:         24191           0       24191
Total:        72306        1068       63847

              total        used        free      shared  buff/cache   available
Mem:          48114        1068       39655        2409        7390       43348
Swap:         24191           0       24191
Total:        72306        1068       63847

              total        used        free      shared  buff/cache   available
Mem:          48114        1067       39656        2409        7390       43349
Swap:         24191           0       24191
Total:        72306        1067       63848

              total        used        free      shared  buff/cache   available
Mem:          48114        1067       39656        2409        7390       43349
Swap:         24191           0       24191
Total:        72306        1067       63848

              total        used        free      shared  buff/cache   available
Mem:          48114        1067       39656        2409        7390       43349
Swap:         24191           0       24191
Total:        72306        1067       63848

              total        used        free      shared  buff/cache   available
Mem:          48114        1067       39656        2409        7390       43349
Swap:         24191           0       24191
Total:        72306        1067       63848

              total        used        free      shared  buff/cache   available
Mem:          48114        1066       39656        2409        7390       43350
Swap:         24191           0       24191
Total:        72306        1066       63848

              total        used        free      shared  buff/cache   available
Mem:          48114        1067       39656        2409        7390       43349
Swap:         24191           0       24191
Total:        72306        1067       63848

              total        used        free      shared  buff/cache   available
Mem:          48114        1066       39656        2409        7390       43350
Swap:         24191           0       24191
Total:        72306        1066       63848

              total        used        free      shared  buff/cache   available
Mem:          48114        1065       39657        2409        7390       43350
Swap:         24191           0       24191
Total:        72306        1065       63849

              total        used        free      shared  buff/cache   available
Mem:          48114        1067       39656        2409        7390       43349
Swap:         24191           0       24191
Total:        72306        1067       63848

              total        used        free      shared  buff/cache   available
Mem:          48114        1067       39656        2409        7390       43349
Swap:         24191           0       24191
Total:        72306        1067       63848

              total        used        free      shared  buff/cache   available
Mem:          48114        1064       39658        2409        7390       43352
Swap:         24191           0       24191
Total:        72306        1064       63850

              total        used        free      shared  buff/cache   available
Mem:          48114        1065       39658        2409        7390       43351
Swap:         24191           0       24191
Total:        72306        1065       63850

              total        used        free      shared  buff/cache   available
Mem:          48114        1066       39657        2409        7391       43350
Swap:         24191           0       24191
Total:        72306        1066       63849

              total        used        free      shared  buff/cache   available
Mem:          48114        1066       39657        2409        7391       43350
Swap:         24191           0       24191
Total:        72306        1066       63849

              total        used        free      shared  buff/cache   available
Mem:          48114        1066       39656        2409        7391       43350
Swap:         24191           0       24191
Total:        72306        1066       63848

              total        used        free      shared  buff/cache   available
Mem:          48114        1066       39656        2409        7391       43350
Swap:         24191           0       24191
Total:        72306        1066       63848

              total        used        free      shared  buff/cache   available
Mem:          48114        1065       39657        2409        7391       43351
Swap:         24191           0       24191
Total:        72306        1065       63849

              total        used        free      shared  buff/cache   available
Mem:          48114        1065       39657        2409        7391       43351
Swap:         24191           0       24191
Total:        72306        1065       63849

              total        used        free      shared  buff/cache   available
Mem:          48114        1066       39656        2409        7391       43350
Swap:         24191           0       24191
Total:        72306        1066       63848

              total        used        free      shared  buff/cache   available
Mem:          48114        1066       39656        2409        7391       43350
Swap:         24191           0       24191
Total:        72306        1066       63848

              total        used        free      shared  buff/cache   available
Mem:          48114        1066       39656        2409        7391       43350
Swap:         24191           0       24191
Total:        72306        1066       63848

              total        used        free      shared  buff/cache   available
Mem:          48114        1066       39656        2409        7391       43351
Swap:         24191           0       24191
Total:        72306        1066       63848

              total        used        free      shared  buff/cache   available
Mem:          48114        1067       39655        2409        7391       43349
Swap:         24191           0       24191
Total:        72306        1067       63847

              total        used        free      shared  buff/cache   available
Mem:          48114        1067       39655        2409        7391       43349
Swap:         24191           0       24191
Total:        72306        1067       63847

              total        used        free      shared  buff/cache   available
Mem:          48114        1066       39656        2409        7391       43350
Swap:         24191           0       24191
Total:        72306        1066       63848

              total        used        free      shared  buff/cache   available
Mem:          48114        1066       39655        2409        7391       43350
Swap:         24191           0       24191
Total:        72306        1066       63847

              total        used        free      shared  buff/cache   available
Mem:          48114        1067       39654        2409        7392       43349
Swap:         24191           0       24191
Total:        72306        1067       63846

              total        used        free      shared  buff/cache   available
Mem:          48114        1067       39655        2409        7392       43349
Swap:         24191           0       24191
Total:        72306        1067       63847

              total        used        free      shared  buff/cache   available
Mem:          48114        1065       39656        2409        7392       43350
Swap:         24191           0       24191
Total:        72306        1065       63848

              total        used        free      shared  buff/cache   available
Mem:          48114        1066       39655        2409        7392       43350
Swap:         24191           0       24191
Total:        72306        1066       63847

              total        used        free      shared  buff/cache   available
Mem:          48114        1065       39655        2409        7392       43350
Swap:         24191           0       24191
Total:        72306        1065       63847

              total        used        free      shared  buff/cache   available
Mem:          48114        1065       39655        2409        7392       43350
Swap:         24191           0       24191
Total:        72306        1065       63847

              total        used        free      shared  buff/cache   available
Mem:          48114        1066       39655        2409        7392       43350
Swap:         24191           0       24191
Total:        72306        1066       63847

              total        used        free      shared  buff/cache   available
Mem:          48114        1066       39655        2409        7392       43350
Swap:         24191           0       24191
Total:        72306        1066       63847

              total        used        free      shared  buff/cache   available
Mem:          48114        1066       39655        2409        7392       43350
Swap:         24191           0       24191
Total:        72306        1066       63847

              total        used        free      shared  buff/cache   available
Mem:          48114        1066       39655        2409        7392       43350
Swap:         24191           0       24191
Total:        72306        1066       63847

              total        used        free      shared  buff/cache   available
Mem:          48114        1065       39656        2409        7392       43351
Swap:         24191           0       24191
Total:        72306        1065       63848

              total        used        free      shared  buff/cache   available
Mem:          48114        1064       39656        2409        7392       43352
Swap:         24191           0       24191
Total:        72306        1064       63848

              total        used        free      shared  buff/cache   available
Mem:          48114        1066       39655        2409        7392       43350
Swap:         24191           0       24191
Total:        72306        1066       63847

              total        used        free      shared  buff/cache   available
Mem:          48114        1065       39655        2409        7392       43351
Swap:         24191           0       24191
Total:        72306        1065       63847

              total        used        free      shared  buff/cache   available
Mem:          48114        1066       39654        2409        7392       43350
Swap:         24191           0       24191
Total:        72306        1066       63846

              total        used        free      shared  buff/cache   available
Mem:          48114        1066       39654        2409        7393       43350
Swap:         24191           0       24191
Total:        72306        1066       63846

              total        used        free      shared  buff/cache   available
Mem:          48114        1065       39655        2409        7393       43351
Swap:         24191           0       24191
Total:        72306        1065       63847

              total        used        free      shared  buff/cache   available
Mem:          48114        1065       39655        2409        7393       43351
Swap:         24191           0       24191
Total:        72306        1065       63847

              total        used        free      shared  buff/cache   available
Mem:          48114        1066       39654        2409        7393       43350
Swap:         24191           0       24191
Total:        72306        1066       63846

              total        used        free      shared  buff/cache   available
Mem:          48114        1066       39654        2409        7393       43350
Swap:         24191           0       24191
Total:        72306        1066       63846

              total        used        free      shared  buff/cache   available
Mem:          48114        1067       39653        2409        7393       43349
Swap:         24191           0       24191
Total:        72306        1067       63845

              total        used        free      shared  buff/cache   available
Mem:          48114        1066       39654        2409        7393       43350
Swap:         24191           0       24191
Total:        72306        1066       63846

              total        used        free      shared  buff/cache   available
Mem:          48114        1065       39654        2409        7393       43350
Swap:         24191           0       24191
Total:        72306        1065       63846

              total        used        free      shared  buff/cache   available
Mem:          48114        1065       39654        2409        7393       43350
Swap:         24191           0       24191
Total:        72306        1065       63846

              total        used        free      shared  buff/cache   available
Mem:          48114        1066       39653        2409        7393       43350
Swap:         24191           0       24191
Total:        72306        1066       63845

              total        used        free      shared  buff/cache   available
Mem:          48114        1065       39654        2409        7393       43350
Swap:         24191           0       24191
Total:        72306        1065       63846

              total        used        free      shared  buff/cache   available
Mem:          48114        1065       39654        2409        7393       43351
Swap:         24191           0       24191
Total:        72306        1065       63846

              total        used        free      shared  buff/cache   available
Mem:          48114        1065       39654        2409        7393       43351
Swap:         24191           0       24191
Total:        72306        1065       63846

              total        used        free      shared  buff/cache   available
Mem:          48114        1066       39653        2409        7393       43350
Swap:         24191           0       24191
Total:        72306        1066       63845

              total        used        free      shared  buff/cache   available
Mem:          48114        1065       39654        2409        7394       43351
Swap:         24191           0       24191
Total:        72306        1065       63846

              total        used        free      shared  buff/cache   available
Mem:          48114        1066       39653        2409        7394       43349
Swap:         24191           0       24191
Total:        72306        1066       63845

              total        used        free      shared  buff/cache   available
Mem:          48114        1066       39653        2409        7394       43350
Swap:         24191           0       24191
Total:        72306        1066       63845

              total        used        free      shared  buff/cache   available
Mem:          48114        1065       39654        2409        7394       43351
Swap:         24191           0       24191
Total:        72306        1065       63846

              total        used        free      shared  buff/cache   available
Mem:          48114        1065       39654        2409        7394       43351
Swap:         24191           0       24191
Total:        72306        1065       63846

              total        used        free      shared  buff/cache   available
Mem:          48114        1065       39654        2409        7394       43351
Swap:         24191           0       24191
Total:        72306        1065       63846

              total        used        free      shared  buff/cache   available
Mem:          48114        1065       39654        2409        7394       43351
Swap:         24191           0       24191
Total:        72306        1065       63846

              total        used        free      shared  buff/cache   available
Mem:          48114        1065       39654        2409        7394       43351
Swap:         24191           0       24191
Total:        72306        1065       63846

              total        used        free      shared  buff/cache   available
Mem:          48114        1065       39654        2409        7394       43351
Swap:         24191           0       24191
Total:        72306        1065       63846

              total        used        free      shared  buff/cache   available
Mem:          48114        1066       39653        2409        7394       43350
Swap:         24191           0       24191
Total:        72306        1066       63845

              total        used        free      shared  buff/cache   available
Mem:          48114        1066       39653        2409        7394       43350
Swap:         24191           0       24191
Total:        72306        1066       63845

              total        used        free      shared  buff/cache   available
Mem:          48114        1065       39653        2409        7394       43351
Swap:         24191           0       24191
Total:        72306        1065       63845

              total        used        free      shared  buff/cache   available
Mem:          48114        1065       39654        2409        7394       43351
Swap:         24191           0       24191
Total:        72306        1065       63846

              total        used        free      shared  buff/cache   available
Mem:          48114        1065       39654        2409        7394       43351
Swap:         24191           0       24191
Total:        72306        1065       63846

              total        used        free      shared  buff/cache   available
Mem:          48114        1065       39654        2409        7394       43351
Swap:         24191           0       24191
Total:        72306        1065       63846

              total        used        free      shared  buff/cache   available
Mem:          48114        1065       39653        2409        7394       43351
Swap:         24191           0       24191
Total:        72306        1065       63845

              total        used        free      shared  buff/cache   available
Mem:          48114        1065       39653        2409        7394       43351
Swap:         24191           0       24191
Total:        72306        1065       63845

              total        used        free      shared  buff/cache   available
Mem:          48114        1065       39653        2409        7395       43351
Swap:         24191           0       24191
Total:        72306        1065       63845

              total        used        free      shared  buff/cache   available
Mem:          48114        1065       39653        2409        7395       43351
Swap:         24191           0       24191
Total:        72306        1065       63845

              total        used        free      shared  buff/cache   available
Mem:          48114        1065       39653        2409        7395       43351
Swap:         24191           0       24191
Total:        72306        1065       63845

              total        used        free      shared  buff/cache   available
Mem:          48114        1065       39653        2409        7395       43351
Swap:         24191           0       24191
Total:        72306        1065       63845

              total        used        free      shared  buff/cache   available
Mem:          48114        1065       39653        2409        7395       43351
Swap:         24191           0       24191
Total:        72306        1065       63845

              total        used        free      shared  buff/cache   available
Mem:          48114        1064       39654        2409        7395       43352
Swap:         24191           0       24191
Total:        72306        1064       63846

              total        used        free      shared  buff/cache   available
Mem:          48114        1065       39653        2409        7395       43351
Swap:         24191           0       24191
Total:        72306        1065       63845

              total        used        free      shared  buff/cache   available
Mem:          48114        1065       39653        2409        7395       43351
Swap:         24191           0       24191
Total:        72306        1065       63845

              total        used        free      shared  buff/cache   available
Mem:          48114        1065       39653        2409        7395       43351
Swap:         24191           0       24191
Total:        72306        1065       63845

              total        used        free      shared  buff/cache   available
Mem:          48114        1065       39653        2409        7395       43351
Swap:         24191           0       24191
Total:        72306        1065       63845

              total        used        free      shared  buff/cache   available
Mem:          48114        1066       39652        2409        7395       43350
Swap:         24191           0       24191
Total:        72306        1066       63844

              total        used        free      shared  buff/cache   available
Mem:          48114        1066       39652        2409        7395       43350
Swap:         24191           0       24191
Total:        72306        1066       63844

              total        used        free      shared  buff/cache   available
Mem:          48114        1067       39650        2409        7395       43349
Swap:         24191           0       24191
Total:        72306        1067       63842

              total        used        free      shared  buff/cache   available
Mem:          48114        1067       39650        2409        7395       43349
Swap:         24191           0       24191
Total:        72306        1067       63842

              total        used        free      shared  buff/cache   available
Mem:          48114        1069       39648        2409        7396       43347
Swap:         24191           0       24191
Total:        72306        1069       63840

              total        used        free      shared  buff/cache   available
Mem:          48114        1068       39649        2409        7396       43347
Swap:         24191           0       24191
Total:        72306        1068       63841

              total        used        free      shared  buff/cache   available
Mem:          48114        1068       39650        2409        7396       43348
Swap:         24191           0       24191
Total:        72306        1068       63842

              total        used        free      shared  buff/cache   available
Mem:          48114        1068       39649        2409        7396       43348
Swap:         24191           0       24191
Total:        72306        1068       63841

              total        used        free      shared  buff/cache   available
Mem:          48114        1068       39649        2409        7396       43348
Swap:         24191           0       24191
Total:        72306        1068       63841

              total        used        free      shared  buff/cache   available
Mem:          48114        1068       39649        2409        7396       43348
Swap:         24191           0       24191
Total:        72306        1068       63841

              total        used        free      shared  buff/cache   available
Mem:          48114        1066       39651        2409        7396       43350
Swap:         24191           0       24191
Total:        72306        1066       63843

              total        used        free      shared  buff/cache   available
Mem:          48114        1066       39650        2409        7396       43349
Swap:         24191           0       24191
Total:        72306        1066       63842

              total        used        free      shared  buff/cache   available
Mem:          48114        1066       39651        2409        7396       43350
Swap:         24191           0       24191
Total:        72306        1066       63843

              total        used        free      shared  buff/cache   available
Mem:          48114        1065       39651        2409        7396       43351
Swap:         24191           0       24191
Total:        72306        1065       63843

              total        used        free      shared  buff/cache   available
Mem:          48114        1067       39649        2409        7396       43349
Swap:         24191           0       24191
Total:        72306        1067       63841

              total        used        free      shared  buff/cache   available
Mem:          48114        1067       39650        2409        7396       43349
Swap:         24191           0       24191
Total:        72306        1067       63842

              total        used        free      shared  buff/cache   available
Mem:          48114        1066       39650        2409        7396       43350
Swap:         24191           0       24191
Total:        72306        1066       63842

              total        used        free      shared  buff/cache   available
Mem:          48114        1065       39651        2409        7396       43351
Swap:         24191           0       24191
Total:        72306        1065       63843

              total        used        free      shared  buff/cache   available
Mem:          48114        1066       39651        2409        7396       43350
Swap:         24191           0       24191
Total:        72306        1066       63843

              total        used        free      shared  buff/cache   available
Mem:          48114        1066       39651        2409        7396       43350
Swap:         24191           0       24191
Total:        72306        1066       63843

              total        used        free      shared  buff/cache   available
Mem:          48114        1066       39651        2409        7396       43350
Swap:         24191           0       24191
Total:        72306        1066       63843

              total        used        free      shared  buff/cache   available
Mem:          48114        1066       39651        2409        7396       43350
Swap:         24191           0       24191
Total:        72306        1066       63843

              total        used        free      shared  buff/cache   available
Mem:          48114        1066       39651        2409        7396       43350
Swap:         24191           0       24191
Total:        72306        1066       63843

              total        used        free      shared  buff/cache   available
Mem:          48114        1066       39650        2409        7396       43350
Swap:         24191           0       24191
Total:        72306        1066       63842

              total        used        free      shared  buff/cache   available
Mem:          48114        1068       39648        2409        7396       43348
Swap:         24191           0       24191
Total:        72306        1068       63840

              total        used        free      shared  buff/cache   available
Mem:          48114        1068       39648        2409        7397       43348
Swap:         24191           0       24191
Total:        72306        1068       63840

              total        used        free      shared  buff/cache   available
Mem:          48114        1066       39650        2409        7397       43350
Swap:         24191           0       24191
Total:        72306        1066       63842

              total        used        free      shared  buff/cache   available
Mem:          48114        1066       39650        2409        7397       43350
Swap:         24191           0       24191
Total:        72306        1066       63842

              total        used        free      shared  buff/cache   available
Mem:          48114        1067       39649        2409        7397       43349
Swap:         24191           0       24191
Total:        72306        1067       63841

              total        used        free      shared  buff/cache   available
Mem:          48114        1067       39649        2409        7397       43350
Swap:         24191           0       24191
Total:        72306        1067       63841

              total        used        free      shared  buff/cache   available
Mem:          48114        1066       39650        2409        7397       43350
Swap:         24191           0       24191
Total:        72306        1066       63842

              total        used        free      shared  buff/cache   available
Mem:          48114        1066       39650        2409        7397       43350
Swap:         24191           0       24191
Total:        72306        1066       63842

              total        used        free      shared  buff/cache   available
Mem:          48114        1066       39649        2409        7397       43349
Swap:         24191           0       24191
Total:        72306        1066       63841

              total        used        free      shared  buff/cache   available
Mem:          48114        1067       39649        2409        7397       43350
Swap:         24191           0       24191
Total:        72306        1067       63841

              total        used        free      shared  buff/cache   available
Mem:          48114        1069       39647        2409        7397       43347
Swap:         24191           0       24191
Total:        72306        1069       63839

              total        used        free      shared  buff/cache   available
Mem:          48114        1068       39647        2409        7397       43348
Swap:         24191           0       24191
Total:        72306        1068       63839

              total        used        free      shared  buff/cache   available
Mem:          48114        1068       39648        2409        7397       43349
Swap:         24191           0       24191
Total:        72306        1068       63840

              total        used        free      shared  buff/cache   available
Mem:          48114        1067       39648        2409        7397       43349
Swap:         24191           0       24191
Total:        72306        1067       63840

              total        used        free      shared  buff/cache   available
Mem:          48114        1068       39648        2409        7397       43348
Swap:         24191           0       24191
Total:        72306        1068       63840

              total        used        free      shared  buff/cache   available
Mem:          48114        1067       39648        2409        7397       43349
Swap:         24191           0       24191
Total:        72306        1067       63840

              total        used        free      shared  buff/cache   available
Mem:          48114        1075       39640        2409        7398       43341
Swap:         24191           0       24191
Total:        72306        1075       63832
