04:04:44 PM      eth0      8.00      2.00      1.35      0.23      0.00      0.00      0.00
04:04:45 PM      eth0     11.00      4.00      4.00      0.46      0.00      0.00      0.00
04:04:46 PM      eth0     13.00      9.00      2.21      2.41      0.00      0.00      0.00
04:04:47 PM      eth0     14.00     11.00      2.48      2.90      0.00      0.00      0.00
04:04:48 PM      eth0     56.00     62.00     18.08     25.29      0.00      0.00      0.00
04:04:49 PM      eth0     15.00     10.00      2.43      2.67      0.00      0.00      1.00
04:04:50 PM      eth0      6.00      0.00      0.63      0.00      0.00      0.00      0.00
04:04:51 PM      eth0      6.00      0.00      0.41      0.00      0.00      0.00      0.00
04:04:52 PM      eth0      7.00      0.00      0.53      0.00      0.00      0.00      0.00
04:04:53 PM      eth0      6.00      0.00      0.38      0.00      0.00      0.00      0.00
04:04:54 PM      eth0      8.00      1.00      0.50      0.04      0.00      0.00      0.00
04:04:55 PM      eth0     16.00     10.00      2.32      2.67      0.00      0.00      0.00
04:04:56 PM      eth0      9.00      0.00      0.68      0.00      0.00      0.00      0.00
04:04:57 PM      eth0     22.77     20.79      5.20      5.50      0.00      0.00      0.00
04:04:58 PM      eth0      7.00      0.00      0.45      0.00      0.00      0.00      0.00
04:04:59 PM      eth0      4.00      0.00      0.23      0.00      0.00      0.00      0.00
04:05:00 PM      eth0      4.00      0.00      0.23      0.00      0.00      0.00      0.00
04:05:01 PM      eth0      5.00      0.00      0.57      0.00      0.00      0.00      0.00
04:05:02 PM      eth0      7.00      0.00      0.55      0.00      0.00      0.00      0.00
04:05:03 PM      eth0     10.00      0.00      1.84      0.00      0.00      0.00      0.00
04:05:04 PM      eth0      5.00      0.00      0.32      0.00      0.00      0.00      0.00
04:05:05 PM      eth0      3.00      0.00      0.18      0.00      0.00      0.00      0.00
04:05:06 PM      eth0      8.00      0.00      1.05      0.00      0.00      0.00      0.00
04:05:07 PM      eth0     14.00     11.00      2.32      2.90      0.00      0.00      0.00
04:05:08 PM      eth0      8.00      0.00      0.75      0.00      0.00      0.00      0.00
04:05:09 PM      eth0      7.00      0.00      1.01      0.00      0.00      0.00      0.00
04:05:10 PM      eth0      3.00      0.00      0.18      0.00      0.00      0.00      0.00
04:05:11 PM      eth0      6.00      1.00      0.41      0.04      0.00      0.00      0.00
04:05:12 PM      eth0      4.00      0.00      0.23      0.00      0.00      0.00      0.00
04:05:13 PM      eth0      5.00      0.00      0.29      0.00      0.00      0.00      0.00
04:05:14 PM      eth0      6.00      0.00      0.35      0.00      0.00      0.00      0.00
04:05:15 PM      eth0      5.00      0.00      0.29      0.00      0.00      0.00      0.00
04:05:16 PM      eth0     10.00      8.00      0.88      2.25      0.00      0.00      0.00
04:05:17 PM      eth0     13.00     11.00      2.21      2.90      0.00      0.00      0.00
04:05:18 PM      eth0      4.00      0.00      0.51      0.00      0.00      0.00      0.00
04:05:19 PM      eth0      4.00      0.00      0.23      0.00      0.00      0.00      0.00
04:05:20 PM      eth0      4.00      0.00      0.23      0.00      0.00      0.00      0.00
04:05:21 PM      eth0      5.00      0.00      0.29      0.00      0.00      0.00      0.00
04:05:22 PM      eth0      3.00      0.00      0.18      0.00      0.00      0.00      0.00
04:05:23 PM      eth0      4.00      0.00      0.23      0.00      0.00      0.00      0.00
04:05:24 PM      eth0      4.00      0.00      0.23      0.00      0.00      0.00      0.00
04:05:25 PM      eth0      5.00      0.00      0.29      0.00      0.00      0.00      0.00
04:05:26 PM      eth0      6.00      0.00      0.35      0.00      0.00      0.00      0.00
04:05:27 PM      eth0     12.00     11.00      2.15      2.90      0.00      0.00      0.00
04:05:28 PM      eth0      3.00      0.00      0.18      0.00      0.00      0.00      0.00
04:05:29 PM      eth0      3.00      0.00      0.18      0.00      0.00      0.00      0.00
04:05:30 PM      eth0      5.00      0.00      0.29      0.00      0.00      0.00      0.00
04:05:31 PM      eth0      5.00      0.00      0.29      0.00      0.00      0.00      0.00
04:05:32 PM      eth0      6.00      0.00      0.35      0.00      0.00      0.00      0.00
04:05:33 PM      eth0      5.00      0.00      0.57      0.00      0.00      0.00      0.00
04:05:34 PM      eth0      4.00      0.00      0.23      0.00      0.00      0.00      0.00
04:05:35 PM      eth0      4.00      0.00      0.23      0.00      0.00      0.00      0.00
04:05:36 PM      eth0      7.00      0.00      0.41      0.00      0.00      0.00      0.00
04:05:37 PM      eth0     14.00     11.00      2.27      2.90      0.00      0.00      0.00
04:05:38 PM      eth0      7.00      0.00      0.69      0.00      0.00      0.00      0.00
04:05:39 PM      eth0      5.00      0.00      0.29      0.00      0.00      0.00      0.00
04:05:40 PM      eth0      5.00      0.00      0.29      0.00      0.00      0.00      0.00
04:05:41 PM      eth0      4.00      0.00      0.23      0.00      0.00      0.00      0.00
04:05:42 PM      eth0      5.00      0.00      0.29      0.00      0.00      0.00      0.00
04:05:43 PM      eth0      6.00      0.00      0.63      0.00      0.00      0.00      0.00
04:05:44 PM      eth0      6.00      0.00      0.35      0.00      0.00      0.00      0.00
04:05:45 PM      eth0      5.00      0.00      0.29      0.00      0.00      0.00      0.00
04:05:46 PM      eth0     10.00      8.00      0.87      2.25      0.00      0.00      0.00
04:05:47 PM      eth0     12.00     11.00      2.14      2.90      0.00      0.00      0.00
04:05:48 PM      eth0      7.00      0.00      0.42      0.00      0.00      0.00      0.00
04:05:49 PM      eth0     64.00     69.00     19.93     27.76      0.00      0.00      0.00
04:05:50 PM      eth0      5.00      0.00      0.29      0.00      0.00      0.00      0.00
04:05:51 PM      eth0      3.00      0.00      0.18      0.00      0.00      0.00      0.00
04:05:52 PM      eth0      3.00      0.00      0.18      0.00      0.00      0.00      0.00
04:05:53 PM      eth0      5.00      0.00      0.29      0.00      0.00      0.00      0.00
04:05:54 PM      eth0      6.00      0.00      0.35      0.00      0.00      0.00      0.00
04:05:55 PM      eth0      5.00      0.00      0.29      0.00      0.00      0.00      0.00
04:05:56 PM      eth0      5.00      0.00      0.32      0.00      0.00      0.00      0.00
04:05:57 PM      eth0     32.00     35.00      6.53     10.12      0.00      0.00      0.00
04:05:58 PM      eth0      4.00      0.00      0.24      0.00      0.00      0.00      0.00
04:05:59 PM      eth0      5.00      0.00      0.29      0.00      0.00      0.00      0.00
04:06:00 PM      eth0      5.00      0.00      0.29      0.00      0.00      0.00      0.00
04:06:01 PM      eth0      8.00      1.00      1.26      0.04      0.00      0.00      0.00
04:06:02 PM      eth0      4.00      0.00      0.23      0.00      0.00      0.00      0.00
04:06:03 PM      eth0      4.00      0.00      0.23      0.00      0.00      0.00      0.00
04:06:04 PM      eth0      4.00      0.00      0.23      0.00      0.00      0.00      0.00
04:06:05 PM      eth0      4.00      0.00      0.23      0.00      0.00      0.00      0.00
04:06:06 PM      eth0      6.00      0.00      0.87      0.00      0.00      0.00      0.00
04:06:07 PM      eth0     13.00     11.00      2.21      2.90      0.00      0.00      0.00
04:06:08 PM      eth0      5.00      0.00      0.30      0.00      0.00      0.00      0.00
04:06:09 PM      eth0      4.00      0.00      0.23      0.00      0.00      0.00      0.00
04:06:10 PM      eth0      4.00      0.00      0.23      0.00      0.00      0.00      0.00
04:06:11 PM      eth0      6.00      0.00      0.87      0.00      0.00      0.00      0.00
04:06:12 PM      eth0      5.00      0.00      0.29      0.00      0.00      0.00      0.00
04:06:13 PM      eth0      5.00      0.00      0.81      0.00      0.00      0.00      0.00
04:06:14 PM      eth0      4.00      0.00      0.51      0.00      0.00      0.00      0.00
04:06:15 PM      eth0      3.00      0.00      0.18      0.00      0.00      0.00      0.00
04:06:16 PM      eth0     11.00      8.00      0.94      2.25      0.00      0.00      0.00
04:06:17 PM      eth0     14.00     11.00      2.27      2.90      0.00      0.00      0.00
04:06:18 PM      eth0      5.00      0.00      0.29      0.00      0.00      0.00      0.00
04:06:19 PM      eth0      3.00      0.00      0.18      0.00      0.00      0.00      0.00
04:06:20 PM      eth0      3.00      0.00      0.18      0.00      0.00      0.00      0.00
04:06:21 PM      eth0      3.00      0.00      0.18      0.00      0.00      0.00      0.00
04:06:22 PM      eth0      6.00      3.00      0.37      0.51      0.00      0.00      0.00
04:06:23 PM      eth0     12.00     10.00      4.74      0.94      0.00      0.00      0.00
04:06:24 PM      eth0      6.00      0.00      0.63      0.00      0.00      0.00      0.00
04:06:25 PM      eth0      4.00      0.00      0.23      0.00      0.00      0.00      0.00
04:06:26 PM      eth0      5.00      0.00      0.29      0.00      0.00      0.00      0.00
04:06:27 PM      eth0      7.00      9.00      0.70      2.58      0.00      0.00      0.00
04:06:28 PM      eth0      9.00      2.00      1.96      0.33      0.00      0.00      0.00
04:06:29 PM      eth0      4.00      0.00      0.23      0.00      0.00      0.00      0.00
04:06:30 PM      eth0      5.00      0.00      0.29      0.00      0.00      0.00      0.00
04:06:31 PM      eth0      6.00      0.00      0.90      0.00      0.00      0.00      0.00
04:06:32 PM      eth0      4.00      0.00      0.23      0.00      0.00      0.00      0.00
04:06:33 PM      eth0      4.00      0.00      0.23      0.00      0.00      0.00      0.00
04:06:34 PM      eth0      5.00      0.00      0.29      0.00      0.00      0.00      0.00
04:06:35 PM      eth0      5.00      0.00      0.29      0.00      0.00      0.00      0.00
04:06:36 PM      eth0      5.00      0.00      0.29      0.00      0.00      0.00      0.00
04:06:37 PM      eth0     10.00     11.00      2.03      2.90      0.00      0.00      0.00
04:06:38 PM      eth0      4.00      0.00      0.24      0.00      0.00      0.00      0.00
04:06:39 PM      eth0      7.00      0.00      0.96      0.00      0.00      0.00      0.00
04:06:40 PM      eth0      5.00      0.00      0.29      0.00      0.00      0.00      0.00
04:06:41 PM      eth0      6.00      0.00      0.35      0.00      0.00      0.00      0.00
04:06:42 PM      eth0      4.00      0.00      0.23      0.00      0.00      0.00      0.00
04:06:43 PM      eth0      4.00      0.00      0.23      0.00      0.00      0.00      0.00
04:06:44 PM      eth0      4.00      0.00      0.23      0.00      0.00      0.00      0.00
04:06:45 PM      eth0      5.00      0.00      0.29      0.00      0.00      0.00      0.00
04:06:46 PM      eth0     12.00      8.00      1.27      2.25      0.00      0.00      0.00
04:06:47 PM      eth0     12.00     11.00      2.14      2.90      0.00      0.00      0.00
04:06:48 PM      eth0      7.00      0.00      0.69      0.00      0.00      0.00      0.00
04:06:49 PM      eth0      5.00      0.00      0.29      0.00      0.00      0.00      0.00
04:06:50 PM      eth0     16.00     10.00      2.25      2.67      0.00      0.00      0.00
04:06:51 PM      eth0     30.00     30.00      5.10      9.70      0.00      0.00      0.00
04:06:52 PM      eth0     32.00     32.00     13.43     15.59      0.00      0.00      0.00
04:06:53 PM      eth0      6.00      0.00      0.35      0.00      0.00      0.00      0.00
04:06:54 PM      eth0      4.00      0.00      0.23      0.00      0.00      0.00      0.00
04:06:55 PM      eth0      5.00      0.00      0.29      0.00      0.00      0.00      0.00
04:06:56 PM      eth0      7.00      0.00      0.93      0.00      0.00      0.00      0.00
04:06:57 PM      eth0     22.00     21.00      4.64      5.56      0.00      0.00      0.00
04:06:58 PM      eth0      7.00      0.00      0.42      0.00      0.00      0.00      0.00
04:06:59 PM      eth0      5.00      0.00      0.29      0.00      0.00      0.00      0.00
04:07:00 PM      eth0      4.00      0.00      0.23      0.00      0.00      0.00      0.00
04:07:01 PM      eth0      4.00      0.00      0.75      0.00      0.00      0.00      0.00
04:07:02 PM      eth0      6.00      0.00      0.63      0.00      0.00      0.00      0.00
04:07:03 PM      eth0      5.00      0.00      0.29      0.00      0.00      0.00      0.00
04:07:04 PM      eth0      5.00      0.00      0.29      0.00      0.00      0.00      0.00
04:07:05 PM      eth0      5.00      0.00      0.81      0.00      0.00      0.00      0.00
04:07:06 PM      eth0      4.00      0.00      0.23      0.00      0.00      0.00      0.00
04:07:07 PM      eth0     10.00     11.00      2.03      2.90      0.00      0.00      0.00
04:07:08 PM      eth0      6.00      0.00      0.63      0.00      0.00      0.00      0.00
04:07:09 PM      eth0      6.00      0.00      0.87      0.00      0.00      0.00      0.00
04:07:10 PM      eth0      5.00      0.00      0.29      0.00      0.00      0.00      0.00
04:07:11 PM      eth0      5.00      0.00      0.81      0.00      0.00      0.00      0.00
04:07:12 PM      eth0      4.00      0.00      0.23      0.00      0.00      0.00      0.00
04:07:13 PM      eth0      3.00      0.00      0.18      0.00      0.00      0.00      0.00
04:07:14 PM      eth0      5.00      0.00      0.81      0.00      0.00      0.00      0.00
04:07:15 PM      eth0      4.00      0.00      0.23      0.00      0.00      0.00      0.00
04:07:16 PM      eth0     11.00      8.00      1.21      2.25      0.00      0.00      0.00
04:07:17 PM      eth0     14.00     11.00      3.06      2.90      0.00      0.00      0.00
04:07:18 PM      eth0      5.00      0.00      0.30      0.00      0.00      0.00      0.00
04:07:19 PM      eth0      5.00      0.00      0.57      0.00      0.00      0.00      0.00
04:07:20 PM      eth0      6.00      0.00      0.63      0.00      0.00      0.00      0.00
04:07:21 PM      eth0      5.00      0.00      0.29      0.00      0.00      0.00      0.00
04:07:22 PM      eth0      5.00      0.00      0.57      0.00      0.00      0.00      0.00
04:07:23 PM      eth0      3.00      0.00      0.18      0.00      0.00      0.00      0.00
04:07:24 PM      eth0      3.00      0.00      0.18      0.00      0.00      0.00      0.00
04:07:25 PM      eth0      6.00      0.00      0.87      0.00      0.00      0.00      0.00
04:07:26 PM      eth0      6.00      0.00      0.35      0.00      0.00      0.00      0.00
04:07:27 PM      eth0     13.00     11.00      2.21      2.90      0.00      0.00      0.00
04:07:28 PM      eth0      5.00      0.00      0.57      0.00      0.00      0.00      0.00
04:07:29 PM      eth0      4.00      0.00      0.43      0.00      0.00      0.00      0.00
04:07:30 PM      eth0      4.00      0.00      0.51      0.00      0.00      0.00      0.00
04:07:31 PM      eth0      4.00      0.00      0.23      0.00      0.00      0.00      0.00
04:07:32 PM      eth0      5.00      0.00      0.29      0.00      0.00      0.00      0.00
04:07:33 PM      eth0      5.00      0.00      0.29      0.00      0.00      0.00      0.00
04:07:34 PM      eth0      4.00      0.00      0.23      0.00      0.00      0.00      0.00
04:07:35 PM      eth0      4.95      0.00      0.56      0.00      0.00      0.00      0.00
04:07:36 PM      eth0      4.00      0.00      0.23      0.00      0.00      0.00      0.00
04:07:37 PM      eth0      8.00      9.00      0.76      2.58      0.00      0.00      0.00
04:07:38 PM      eth0      8.00      2.00      1.63      0.33      0.00      0.00      0.00
04:07:39 PM      eth0      5.00      0.00      0.29      0.00      0.00      0.00      0.00
04:07:40 PM      eth0      4.00      0.00      0.23      0.00      0.00      0.00      0.00
04:07:41 PM      eth0      4.00      0.00      0.23      0.00      0.00      0.00      0.00
04:07:42 PM      eth0      4.00      0.00      0.23      0.00      0.00      0.00      0.00
04:07:43 PM      eth0      6.00      0.00      0.35      0.00      0.00      0.00      0.00
04:07:44 PM      eth0      5.00      0.00      0.29      0.00      0.00      0.00      0.00
04:07:45 PM      eth0      4.00      0.00      0.23      0.00      0.00      0.00      0.00
04:07:46 PM      eth0      8.00      8.00      0.76      2.25      0.00      0.00      0.00
04:07:47 PM      eth0     10.00     11.00      2.03      2.90      0.00      0.00      0.00
04:07:48 PM      eth0      6.00      0.00      0.36      0.00      0.00      0.00      0.00
04:07:49 PM      eth0      6.00      0.00      0.63      0.00      0.00      0.00      0.00
04:07:50 PM      eth0     14.00     10.00      2.12      2.67      0.00      0.00      0.00
04:07:51 PM      eth0      5.00      0.00      0.57      0.00      0.00      0.00      0.00
04:07:52 PM      eth0      4.00      0.00      0.23      0.00      0.00      0.00      0.00
04:07:53 PM      eth0     58.00     61.00     18.04     25.22      0.00      0.00      0.00
04:07:54 PM      eth0      5.00      0.00      0.29      0.00      0.00      0.00      0.00
04:07:55 PM      eth0      6.00      0.00      0.35      0.00      0.00      0.00      0.00
04:07:56 PM      eth0      7.00      0.00      0.41      0.00      0.00      0.00      0.00
04:07:57 PM      eth0     24.00     22.00      6.13      5.72      0.00      0.00      0.00
04:07:58 PM      eth0      6.00      0.00      0.36      0.00      0.00      0.00      0.00
04:07:59 PM      eth0      8.00      2.00      2.75      0.33      0.00      0.00      0.00
04:08:00 PM      eth0     28.00     20.00      7.98      5.35      0.00      0.00      0.00
04:08:01 PM      eth0      8.00      1.00      1.87      0.16      0.00      0.00      0.00
