              total        used        free      shared  buff/cache   available
Mem:          48114        1127       39405        2337        7582       43335
Swap:         24191           0       24191
Total:        72306        1127       63597

              total        used        free      shared  buff/cache   available
Mem:          48114        1124       39407        2337        7582       43337
Swap:         24191           0       24191
Total:        72306        1124       63599

              total        used        free      shared  buff/cache   available
Mem:          48114        1125       39405        2337        7582       43336
Swap:         24191           0       24191
Total:        72306        1125       63597

              total        used        free      shared  buff/cache   available
Mem:          48114        1125       39406        2337        7582       43336
Swap:         24191           0       24191
Total:        72306        1125       63598

              total        used        free      shared  buff/cache   available
Mem:          48114        1125       39406        2337        7582       43336
Swap:         24191           0       24191
Total:        72306        1125       63598

              total        used        free      shared  buff/cache   available
Mem:          48114        1125       39406        2337        7582       43337
Swap:         24191           0       24191
Total:        72306        1125       63598

              total        used        free      shared  buff/cache   available
Mem:          48114        1125       39406        2337        7582       43337
Swap:         24191           0       24191
Total:        72306        1125       63598

              total        used        free      shared  buff/cache   available
Mem:          48114        1125       39406        2337        7582       43336
Swap:         24191           0       24191
Total:        72306        1125       63598

              total        used        free      shared  buff/cache   available
Mem:          48114        1124       39406        2337        7582       43337
Swap:         24191           0       24191
Total:        72306        1124       63598

              total        used        free      shared  buff/cache   available
Mem:          48114        1123       39407        2337        7582       43338
Swap:         24191           0       24191
Total:        72306        1123       63599

              total        used        free      shared  buff/cache   available
Mem:          48114        1124       39406        2337        7583       43337
Swap:         24191           0       24191
Total:        72306        1124       63598

              total        used        free      shared  buff/cache   available
Mem:          48114        1124       39406        2337        7583       43337
Swap:         24191           0       24191
Total:        72306        1124       63598

              total        used        free      shared  buff/cache   available
Mem:          48114        1124       39406        2337        7582       43337
Swap:         24191           0       24191
Total:        72306        1124       63598

              total        used        free      shared  buff/cache   available
Mem:          48114        1124       39406        2337        7583       43338
Swap:         24191           0       24191
Total:        72306        1124       63598

              total        used        free      shared  buff/cache   available
Mem:          48114        1123       39407        2337        7583       43339
Swap:         24191           0       24191
Total:        72306        1123       63599

              total        used        free      shared  buff/cache   available
Mem:          48114        1123       39407        2337        7583       43338
Swap:         24191           0       24191
Total:        72306        1123       63599

              total        used        free      shared  buff/cache   available
Mem:          48114        1124       39406        2337        7583       43337
Swap:         24191           0       24191
Total:        72306        1124       63598

              total        used        free      shared  buff/cache   available
Mem:          48114        1122       39407        2337        7583       43339
Swap:         24191           0       24191
Total:        72306        1122       63599

              total        used        free      shared  buff/cache   available
Mem:          48114        1123       39407        2337        7583       43338
Swap:         24191           0       24191
Total:        72306        1123       63599

              total        used        free      shared  buff/cache   available
Mem:          48114        1123       39407        2337        7583       43339
Swap:         24191           0       24191
Total:        72306        1123       63599

              total        used        free      shared  buff/cache   available
Mem:          48114        1124       39406        2337        7583       43338
Swap:         24191           0       24191
Total:        72306        1124       63598

              total        used        free      shared  buff/cache   available
Mem:          48114        1123       39406        2337        7583       43338
Swap:         24191           0       24191
Total:        72306        1123       63598

              total        used        free      shared  buff/cache   available
Mem:          48114        1125       39405        2337        7583       43337
Swap:         24191           0       24191
Total:        72306        1125       63597

              total        used        free      shared  buff/cache   available
Mem:          48114        1124       39405        2337        7583       43337
Swap:         24191           0       24191
Total:        72306        1124       63597

              total        used        free      shared  buff/cache   available
Mem:          48114        1125       39404        2337        7583       43336
Swap:         24191           0       24191
Total:        72306        1125       63596

              total        used        free      shared  buff/cache   available
Mem:          48114        1125       39404        2337        7584       43336
Swap:         24191           0       24191
Total:        72306        1125       63596

              total        used        free      shared  buff/cache   available
Mem:          48114        1125       39404        2337        7584       43337
Swap:         24191           0       24191
Total:        72306        1125       63596

              total        used        free      shared  buff/cache   available
Mem:          48114        1125       39404        2337        7584       43336
Swap:         24191           0       24191
Total:        72306        1125       63596

              total        used        free      shared  buff/cache   available
Mem:          48114        1126       39403        2337        7584       43336
Swap:         24191           0       24191
Total:        72306        1126       63595

              total        used        free      shared  buff/cache   available
Mem:          48114        1125       39404        2337        7584       43337
Swap:         24191           0       24191
Total:        72306        1125       63596

              total        used        free      shared  buff/cache   available
Mem:          48114        1125       39403        2337        7584       43336
Swap:         24191           0       24191
Total:        72306        1125       63595

              total        used        free      shared  buff/cache   available
Mem:          48114        1125       39404        2337        7584       43336
Swap:         24191           0       24191
Total:        72306        1125       63596

              total        used        free      shared  buff/cache   available
Mem:          48114        1125       39404        2337        7584       43336
Swap:         24191           0       24191
Total:        72306        1125       63596

              total        used        free      shared  buff/cache   available
Mem:          48114        1125       39404        2337        7584       43337
Swap:         24191           0       24191
Total:        72306        1125       63596

              total        used        free      shared  buff/cache   available
Mem:          48114        1126       39403        2337        7584       43336
Swap:         24191           0       24191
Total:        72306        1126       63595

              total        used        free      shared  buff/cache   available
Mem:          48114        1126       39403        2337        7584       43336
Swap:         24191           0       24191
Total:        72306        1126       63595

              total        used        free      shared  buff/cache   available
Mem:          48114        1127       39402        2337        7584       43335
Swap:         24191           0       24191
Total:        72306        1127       63594

              total        used        free      shared  buff/cache   available
Mem:          48114        1126       39403        2337        7585       43336
Swap:         24191           0       24191
Total:        72306        1126       63595

              total        used        free      shared  buff/cache   available
Mem:          48114        1126       39402        2337        7585       43336
Swap:         24191           0       24191
Total:        72306        1126       63594

              total        used        free      shared  buff/cache   available
Mem:          48114        1125       39403        2337        7585       43336
Swap:         24191           0       24191
Total:        72306        1125       63595

              total        used        free      shared  buff/cache   available
Mem:          48114        1126       39402        2337        7585       43336
Swap:         24191           0       24191
Total:        72306        1126       63594

              total        used        free      shared  buff/cache   available
Mem:          48114        1125       39403        2337        7585       43337
Swap:         24191           0       24191
Total:        72306        1125       63595

              total        used        free      shared  buff/cache   available
Mem:          48114        1126       39402        2337        7585       43336
Swap:         24191           0       24191
Total:        72306        1126       63594

              total        used        free      shared  buff/cache   available
Mem:          48114        1125       39403        2337        7585       43337
Swap:         24191           0       24191
Total:        72306        1125       63595

              total        used        free      shared  buff/cache   available
Mem:          48114        1125       39402        2337        7585       43336
Swap:         24191           0       24191
Total:        72306        1125       63594

              total        used        free      shared  buff/cache   available
Mem:          48114        1124       39403        2337        7585       43337
Swap:         24191           0       24191
Total:        72306        1124       63595

              total        used        free      shared  buff/cache   available
Mem:          48114        1127       39400        2337        7585       43334
Swap:         24191           0       24191
Total:        72306        1127       63592

              total        used        free      shared  buff/cache   available
Mem:          48114        1127       39401        2337        7585       43335
Swap:         24191           0       24191
Total:        72306        1127       63593

              total        used        free      shared  buff/cache   available
Mem:          48114        1128       39399        2337        7585       43333
Swap:         24191           0       24191
Total:        72306        1128       63591

              total        used        free      shared  buff/cache   available
Mem:          48114        1129       39399        2337        7585       43333
Swap:         24191           0       24191
Total:        72306        1129       63591

              total        used        free      shared  buff/cache   available
Mem:          48114        1129       39398        2337        7586       43333
Swap:         24191           0       24191
Total:        72306        1129       63590

              total        used        free      shared  buff/cache   available
Mem:          48114        1128       39399        2337        7586       43333
Swap:         24191           0       24191
Total:        72306        1128       63591

              total        used        free      shared  buff/cache   available
Mem:          48114        1128       39399        2337        7586       43333
Swap:         24191           0       24191
Total:        72306        1128       63591

              total        used        free      shared  buff/cache   available
Mem:          48114        1128       39398        2337        7586       43333
Swap:         24191           0       24191
Total:        72306        1128       63590

              total        used        free      shared  buff/cache   available
Mem:          48114        1128       39399        2337        7586       43334
Swap:         24191           0       24191
Total:        72306        1128       63591

              total        used        free      shared  buff/cache   available
Mem:          48114        1127       39400        2337        7586       43335
Swap:         24191           0       24191
Total:        72306        1127       63592

              total        used        free      shared  buff/cache   available
Mem:          48114        1127       39400        2337        7586       43335
Swap:         24191           0       24191
Total:        72306        1127       63592

              total        used        free      shared  buff/cache   available
Mem:          48114        1128       39398        2337        7586       43334
Swap:         24191           0       24191
Total:        72306        1128       63590

              total        used        free      shared  buff/cache   available
Mem:          48114        1127       39399        2337        7586       43334
Swap:         24191           0       24191
Total:        72306        1127       63591

              total        used        free      shared  buff/cache   available
Mem:          48114        1127       39400        2337        7586       43335
Swap:         24191           0       24191
Total:        72306        1127       63592

              total        used        free      shared  buff/cache   available
Mem:          48114        1127       39399        2337        7586       43334
Swap:         24191           0       24191
Total:        72306        1127       63591

              total        used        free      shared  buff/cache   available
Mem:          48114        1126       39401        2337        7587       43336
Swap:         24191           0       24191
Total:        72306        1126       63593

              total        used        free      shared  buff/cache   available
Mem:          48114        1126       39400        2337        7587       43336
Swap:         24191           0       24191
Total:        72306        1126       63592

              total        used        free      shared  buff/cache   available
Mem:          48114        1126       39400        2337        7587       43336
Swap:         24191           0       24191
Total:        72306        1126       63592

              total        used        free      shared  buff/cache   available
Mem:          48114        1125       39401        2337        7587       43337
Swap:         24191           0       24191
Total:        72306        1125       63593

              total        used        free      shared  buff/cache   available
Mem:          48114        1125       39401        2337        7587       43337
Swap:         24191           0       24191
Total:        72306        1125       63593

              total        used        free      shared  buff/cache   available
Mem:          48114        1125       39401        2337        7587       43337
Swap:         24191           0       24191
Total:        72306        1125       63593

              total        used        free      shared  buff/cache   available
Mem:          48114        1124       39401        2337        7587       43337
Swap:         24191           0       24191
Total:        72306        1124       63593

              total        used        free      shared  buff/cache   available
Mem:          48114        1126       39400        2337        7587       43336
Swap:         24191           0       24191
Total:        72306        1126       63592

              total        used        free      shared  buff/cache   available
Mem:          48114        1125       39401        2337        7587       43337
Swap:         24191           0       24191
Total:        72306        1125       63593

              total        used        free      shared  buff/cache   available
Mem:          48114        1125       39400        2337        7587       43336
Swap:         24191           0       24191
Total:        72306        1125       63592

              total        used        free      shared  buff/cache   available
Mem:          48114        1125       39400        2337        7588       43336
Swap:         24191           0       24191
Total:        72306        1125       63592

              total        used        free      shared  buff/cache   available
Mem:          48114        1125       39400        2337        7588       43337
Swap:         24191           0       24191
Total:        72306        1125       63592

              total        used        free      shared  buff/cache   available
Mem:          48114        1125       39400        2337        7588       43336
Swap:         24191           0       24191
Total:        72306        1125       63592

              total        used        free      shared  buff/cache   available
Mem:          48114        1126       39399        2337        7588       43336
Swap:         24191           0       24191
Total:        72306        1126       63591

              total        used        free      shared  buff/cache   available
Mem:          48114        1125       39400        2337        7588       43336
Swap:         24191           0       24191
Total:        72306        1125       63592

              total        used        free      shared  buff/cache   available
Mem:          48114        1125       39399        2337        7588       43336
Swap:         24191           0       24191
Total:        72306        1125       63591

              total        used        free      shared  buff/cache   available
Mem:          48114        1125       39399        2337        7588       43336
Swap:         24191           0       24191
Total:        72306        1125       63591

              total        used        free      shared  buff/cache   available
Mem:          48114        1125       39399        2337        7588       43336
Swap:         24191           0       24191
Total:        72306        1125       63591

              total        used        free      shared  buff/cache   available
Mem:          48114        1125       39399        2337        7588       43336
Swap:         24191           0       24191
Total:        72306        1125       63591

              total        used        free      shared  buff/cache   available
Mem:          48114        1127       39397        2337        7588       43334
Swap:         24191           0       24191
Total:        72306        1127       63589

              total        used        free      shared  buff/cache   available
Mem:          48114        1127       39397        2337        7588       43334
Swap:         24191           0       24191
Total:        72306        1127       63589

              total        used        free      shared  buff/cache   available
Mem:          48114        1125       39400        2337        7589       43337
Swap:         24191           0       24191
Total:        72306        1125       63592

              total        used        free      shared  buff/cache   available
Mem:          48114        1124       39400        2337        7589       43337
Swap:         24191           0       24191
Total:        72306        1124       63592

              total        used        free      shared  buff/cache   available
Mem:          48114        1125       39400        2337        7589       43337
Swap:         24191           0       24191
Total:        72306        1125       63592

              total        used        free      shared  buff/cache   available
Mem:          48114        1125       39399        2337        7589       43337
Swap:         24191           0       24191
Total:        72306        1125       63591

              total        used        free      shared  buff/cache   available
Mem:          48114        1125       39399        2337        7589       43337
Swap:         24191           0       24191
Total:        72306        1125       63591

              total        used        free      shared  buff/cache   available
Mem:          48114        1124       39399        2337        7589       43337
Swap:         24191           0       24191
Total:        72306        1124       63591

              total        used        free      shared  buff/cache   available
Mem:          48114        1125       39399        2337        7589       43337
Swap:         24191           0       24191
Total:        72306        1125       63591

              total        used        free      shared  buff/cache   available
Mem:          48114        1124       39400        2337        7589       43338
Swap:         24191           0       24191
Total:        72306        1124       63592

              total        used        free      shared  buff/cache   available
Mem:          48114        1124       39399        2337        7589       43337
Swap:         24191           0       24191
Total:        72306        1124       63591

              total        used        free      shared  buff/cache   available
Mem:          48114        1125       39399        2337        7589       43337
Swap:         24191           0       24191
Total:        72306        1125       63591

              total        used        free      shared  buff/cache   available
Mem:          48114        1125       39398        2337        7589       43337
Swap:         24191           0       24191
Total:        72306        1125       63590

              total        used        free      shared  buff/cache   available
Mem:          48114        1125       39399        2337        7590       43337
Swap:         24191           0       24191
Total:        72306        1125       63591

              total        used        free      shared  buff/cache   available
Mem:          48114        1124       39399        2337        7590       43337
Swap:         24191           0       24191
Total:        72306        1124       63591

              total        used        free      shared  buff/cache   available
Mem:          48114        1124       39399        2337        7590       43338
Swap:         24191           0       24191
Total:        72306        1124       63591

              total        used        free      shared  buff/cache   available
Mem:          48114        1124       39398        2337        7590       43337
Swap:         24191           0       24191
Total:        72306        1124       63590

              total        used        free      shared  buff/cache   available
Mem:          48114        1123       39399        2337        7590       43338
Swap:         24191           0       24191
Total:        72306        1123       63591

              total        used        free      shared  buff/cache   available
Mem:          48114        1124       39399        2337        7590       43338
Swap:         24191           0       24191
Total:        72306        1124       63591

              total        used        free      shared  buff/cache   available
Mem:          48114        1123       39399        2337        7590       43338
Swap:         24191           0       24191
Total:        72306        1123       63591

              total        used        free      shared  buff/cache   available
Mem:          48114        1124       39399        2337        7590       43338
Swap:         24191           0       24191
Total:        72306        1124       63591

              total        used        free      shared  buff/cache   available
Mem:          48114        1123       39399        2337        7590       43338
Swap:         24191           0       24191
Total:        72306        1123       63591

              total        used        free      shared  buff/cache   available
Mem:          48114        1125       39398        2337        7590       43337
Swap:         24191           0       24191
Total:        72306        1125       63590

              total        used        free      shared  buff/cache   available
Mem:          48114        1124       39399        2337        7590       43338
Swap:         24191           0       24191
Total:        72306        1124       63591

              total        used        free      shared  buff/cache   available
Mem:          48114        1123       39399        2337        7591       43338
Swap:         24191           0       24191
Total:        72306        1123       63591

              total        used        free      shared  buff/cache   available
Mem:          48114        1123       39399        2337        7591       43338
Swap:         24191           0       24191
Total:        72306        1123       63591

              total        used        free      shared  buff/cache   available
Mem:          48114        1123       39399        2337        7591       43338
Swap:         24191           0       24191
Total:        72306        1123       63591

              total        used        free      shared  buff/cache   available
Mem:          48114        1123       39398        2337        7591       43338
Swap:         24191           0       24191
Total:        72306        1123       63590

              total        used        free      shared  buff/cache   available
Mem:          48114        1124       39398        2337        7591       43338
Swap:         24191           0       24191
Total:        72306        1124       63590

              total        used        free      shared  buff/cache   available
Mem:          48114        1124       39398        2337        7591       43338
Swap:         24191           0       24191
Total:        72306        1124       63590

              total        used        free      shared  buff/cache   available
Mem:          48114        1125       39397        2337        7591       43336
Swap:         24191           0       24191
Total:        72306        1125       63589

              total        used        free      shared  buff/cache   available
Mem:          48114        1125       39397        2337        7591       43337
Swap:         24191           0       24191
Total:        72306        1125       63589

              total        used        free      shared  buff/cache   available
Mem:          48114        1125       39396        2337        7591       43336
Swap:         24191           0       24191
Total:        72306        1125       63588

              total        used        free      shared  buff/cache   available
Mem:          48114        1124       39397        2337        7591       43337
Swap:         24191           0       24191
Total:        72306        1124       63589

              total        used        free      shared  buff/cache   available
Mem:          48114        1125       39397        2337        7591       43337
Swap:         24191           0       24191
Total:        72306        1125       63589

              total        used        free      shared  buff/cache   available
Mem:          48114        1125       39397        2337        7591       43337
Swap:         24191           0       24191
Total:        72306        1125       63589

              total        used        free      shared  buff/cache   available
Mem:          48114        1125       39397        2337        7591       43337
Swap:         24191           0       24191
Total:        72306        1125       63589

              total        used        free      shared  buff/cache   available
Mem:          48114        1125       39396        2337        7592       43336
Swap:         24191           0       24191
Total:        72306        1125       63588

              total        used        free      shared  buff/cache   available
Mem:          48114        1126       39395        2337        7592       43335
Swap:         24191           0       24191
Total:        72306        1126       63587

              total        used        free      shared  buff/cache   available
Mem:          48114        1125       39396        2337        7592       43336
Swap:         24191           0       24191
Total:        72306        1125       63588

              total        used        free      shared  buff/cache   available
Mem:          48114        1127       39394        2337        7592       43335
Swap:         24191           0       24191
Total:        72306        1127       63586

              total        used        free      shared  buff/cache   available
Mem:          48114        1126       39395        2337        7592       43336
Swap:         24191           0       24191
Total:        72306        1126       63587

              total        used        free      shared  buff/cache   available
Mem:          48114        1128       39393        2337        7592       43333
Swap:         24191           0       24191
Total:        72306        1128       63585
