08:31:50 PM      eth0     16.00     11.00      2.91      2.90      0.00      0.00      0.00
08:31:51 PM      eth0     13.00     10.00      2.40      2.65      0.00      0.00      0.00
08:31:52 PM      eth0      6.00      1.00      0.87      0.04      0.00      0.00      0.00
08:31:53 PM      eth0      4.00      0.00      0.51      0.00      0.00      0.00      0.00
08:31:54 PM      eth0      5.00      0.00      0.29      0.00      0.00      0.00      0.00
08:31:55 PM      eth0      7.00      0.00      0.96      0.00      0.00      0.00      0.00
08:31:56 PM      eth0      5.00      0.00      0.29      0.00      0.00      0.00      0.00
08:31:57 PM      eth0      4.00      0.00      0.23      0.00      0.00      0.00      0.00
08:31:58 PM      eth0      4.00      0.00      0.23      0.00      0.00      0.00      0.00
08:31:59 PM      eth0      3.00      0.00      0.18      0.00      0.00      0.00      0.00
08:32:00 PM      eth0     12.00     11.00      2.42      2.90      0.00      0.00      0.00
08:32:01 PM      eth0      4.00      0.00      0.23      0.00      0.00      0.00      0.00
08:32:02 PM      eth0      6.00      0.00      0.63      0.00      0.00      0.00      0.00
08:32:03 PM      eth0      5.00      0.00      0.29      0.00      0.00      0.00      0.00
08:32:04 PM      eth0      4.00      0.00      0.23      0.00      0.00      0.00      0.00
08:32:05 PM      eth0      3.00      0.00      0.18      0.00      0.00      0.00      0.00
08:32:06 PM      eth0      4.00      0.00      0.23      0.00      0.00      0.00      0.00
08:32:07 PM      eth0      9.00      8.00      0.82      2.25      0.00      0.00      0.00
08:32:08 PM      eth0      5.00      0.00      0.29      0.00      0.00      0.00      0.00
08:32:09 PM      eth0      4.00      0.00      0.23      0.00      0.00      0.00      0.00
08:32:10 PM      eth0     13.00     11.00      2.21      2.90      0.00      0.00      0.00
08:32:11 PM      eth0      5.00      0.00      0.29      0.00      0.00      0.00      0.00
08:32:12 PM      eth0      4.00      0.00      0.23      0.00      0.00      0.00      0.00
08:32:13 PM      eth0      6.00      0.00      0.63      0.00      0.00      0.00      0.00
08:32:14 PM      eth0      4.00      0.00      0.23      0.00      0.00      0.00      0.00
08:32:15 PM      eth0      4.00      0.00      0.23      0.00      0.00      0.00      0.00
08:32:16 PM      eth0      4.00      0.00      0.75      0.00      0.00      0.00      0.00
08:32:17 PM      eth0      6.00      0.00      0.87      0.00      0.00      0.00      0.00
08:32:18 PM      eth0     57.00     62.00     17.97     25.29      0.00      0.00      0.00
08:32:19 PM      eth0      5.00      0.00      0.29      0.00      0.00      0.00      0.00
08:32:20 PM      eth0     11.00     11.00      2.08      2.90      0.00      0.00      0.00
08:32:21 PM      eth0      3.00      0.00      0.18      0.00      0.00      0.00      0.00
08:32:22 PM      eth0      4.00      0.00      0.51      0.00      0.00      0.00      0.00
08:32:23 PM      eth0      4.00      0.00      0.75      0.00      0.00      0.00      0.00
08:32:24 PM      eth0      4.00      0.00      0.23      0.00      0.00      0.00      0.00
08:32:25 PM      eth0      6.00      0.00      0.35      0.00      0.00      0.00      0.00
08:32:26 PM      eth0      6.00      0.00      0.35      0.00      0.00      0.00      0.00
08:32:27 PM      eth0      5.00      0.00      0.29      0.00      0.00      0.00      0.00
08:32:28 PM      eth0      6.00      0.00      0.63      0.00      0.00      0.00      0.00
08:32:29 PM      eth0     18.00     16.00      2.64      4.69      0.00      0.00      0.00
08:32:30 PM      eth0     14.00     11.00      2.54      2.90      0.00      0.00      0.00
08:32:31 PM      eth0      4.00      0.00      0.23      0.00      0.00      0.00      0.00
08:32:32 PM      eth0      5.00      0.00      0.29      0.00      0.00      0.00      0.00
08:32:33 PM      eth0      5.00      0.00      0.29      0.00      0.00      0.00      0.00
08:32:34 PM      eth0      7.00      0.00      0.41      0.00      0.00      0.00      0.00
08:32:35 PM      eth0      5.00      0.00      0.29      0.00      0.00      0.00      0.00
08:32:36 PM      eth0      7.00      0.00      0.69      0.00      0.00      0.00      0.00
08:32:37 PM      eth0     11.00      8.00      1.21      2.25      0.00      0.00      0.00
08:32:38 PM      eth0      6.00      0.00      0.35      0.00      0.00      0.00      0.00
08:32:39 PM      eth0      4.00      0.00      0.23      0.00      0.00      0.00      0.00
08:32:40 PM      eth0     16.00     11.00      2.67      2.90      0.00      0.00      0.00
08:32:41 PM      eth0      6.00      0.00      0.35      0.00      0.00      0.00      0.00
08:32:42 PM      eth0      7.00      0.00      0.69      0.00      0.00      0.00      0.00
08:32:43 PM      eth0      5.00      0.00      0.29      0.00      0.00      0.00      0.00
08:32:44 PM      eth0      4.00      0.00      0.51      0.00      0.00      0.00      0.00
08:32:45 PM      eth0      3.00      0.00      0.18      0.00      0.00      0.00      0.00
08:32:46 PM      eth0      4.00      0.00      0.51      0.00      0.00      0.00      0.00
08:32:47 PM      eth0      5.94      0.00      0.62      0.00      0.00      0.00      0.00
08:32:48 PM      eth0     14.00     10.00      2.11      2.67      0.00      0.00      0.00
08:32:49 PM      eth0      5.00      0.00      0.29      0.00      0.00      0.00      0.00
08:32:50 PM      eth0     13.00     11.00      2.21      2.90      0.00      0.00      0.00
08:32:51 PM      eth0     13.00     10.00      2.68      2.65      0.00      0.00      0.00
08:32:52 PM      eth0      4.00      0.00      0.23      0.00      0.00      0.00      0.00
08:32:53 PM      eth0      4.00      0.00      0.23      0.00      0.00      0.00      0.00
08:32:54 PM      eth0      5.00      0.00      0.57      0.00      0.00      0.00      0.00
08:32:55 PM      eth0      5.00      0.00      0.81      0.00      0.00      0.00      0.00
08:32:56 PM      eth0      4.00      0.00      0.23      0.00      0.00      0.00      0.00
08:32:57 PM      eth0      5.00      0.00      0.29      0.00      0.00      0.00      0.00
08:32:58 PM      eth0      6.00      0.00      0.63      0.00      0.00      0.00      0.00
08:32:59 PM      eth0      5.00      0.00      0.29      0.00      0.00      0.00      0.00
08:33:00 PM      eth0     12.00     11.00      2.15      2.90      0.00      0.00      0.00
08:33:01 PM      eth0      4.00      0.00      0.23      0.00      0.00      0.00      0.00
08:33:02 PM      eth0      3.00      0.00      0.18      0.00      0.00      0.00      0.00
08:33:03 PM      eth0      5.00      0.00      0.29      0.00      0.00      0.00      0.00
08:33:04 PM      eth0      5.00      0.00      0.29      0.00      0.00      0.00      0.00
08:33:05 PM      eth0      6.00      0.00      0.63      0.00      0.00      0.00      0.00
08:33:06 PM      eth0      5.00      0.00      0.57      0.00      0.00      0.00      0.00
08:33:07 PM      eth0      8.00      8.00      0.76      2.25      0.00      0.00      0.00
08:33:08 PM      eth0      4.00      0.00      0.23      0.00      0.00      0.00      0.00
08:33:09 PM      eth0      3.00      0.00      0.18      0.00      0.00      0.00      0.00
08:33:10 PM      eth0     13.00     11.00      2.21      2.90      0.00      0.00      0.00
08:33:11 PM      eth0      5.00      0.00      0.29      0.00      0.00      0.00      0.00
08:33:12 PM      eth0      5.00      0.00      0.29      0.00      0.00      0.00      0.00
08:33:13 PM      eth0      4.00      0.00      0.23      0.00      0.00      0.00      0.00
08:33:14 PM      eth0      3.00      0.00      0.18      0.00      0.00      0.00      0.00
08:33:15 PM      eth0      4.00      0.00      0.23      0.00      0.00      0.00      0.00
08:33:16 PM      eth0      4.00      0.00      0.23      0.00      0.00      0.00      0.00
08:33:17 PM      eth0      4.00      0.00      0.23      0.00      0.00      0.00      0.00
08:33:18 PM      eth0     56.00     64.00     17.91     25.42      0.00      0.00      0.00
08:33:19 PM      eth0      4.00      0.00      0.23      0.00      0.00      0.00      0.00
08:33:20 PM      eth0     14.00     11.00      2.54      2.90      0.00      0.00      0.00
08:33:21 PM      eth0      6.00      0.00      1.39      0.00      0.00      0.00      0.00
08:33:22 PM      eth0      5.00      0.00      0.29      0.00      0.00      0.00      0.00
08:33:23 PM      eth0      6.00      0.00      0.90      0.00      0.00      0.00      0.00
08:33:24 PM      eth0      4.00      0.00      0.23      0.00      0.00      0.00      0.00
08:33:25 PM      eth0      3.00      0.00      0.18      0.00      0.00      0.00      0.00
08:33:26 PM      eth0      5.00      0.00      0.29      0.00      0.00      0.00      0.00
08:33:27 PM      eth0      6.00      0.00      0.87      0.00      0.00      0.00      0.00
08:33:28 PM      eth0      6.00      0.00      0.35      0.00      0.00      0.00      0.00
08:33:29 PM      eth0      4.00      0.00      0.23      0.00      0.00      0.00      0.00
08:33:30 PM      eth0     12.00     11.00      2.42      2.90      0.00      0.00      0.00
08:33:31 PM      eth0      4.00      0.00      0.51      0.00      0.00      0.00      0.00
08:33:32 PM      eth0      4.00      0.00      0.23      0.00      0.00      0.00      0.00
08:33:33 PM      eth0     12.00     10.00      1.99      2.67      0.00      0.00      0.00
08:33:34 PM      eth0      6.00      0.00      0.35      0.00      0.00      0.00      0.00
08:33:35 PM      eth0      6.00      0.00      0.35      0.00      0.00      0.00      0.00
08:33:36 PM      eth0     13.00     11.00      2.05      2.86      0.00      0.00      0.00
08:33:37 PM      eth0     10.00      8.00      1.16      2.25      0.00      0.00      0.00
08:33:38 PM      eth0      6.00      0.00      0.35      0.00      0.00      0.00      0.00
08:33:39 PM      eth0      5.00      0.00      0.29      0.00      0.00      0.00      0.00
08:33:40 PM      eth0     12.00     11.00      2.15      2.90      0.00      0.00      0.00
08:33:41 PM      eth0      5.00      0.00      0.29      0.00      0.00      0.00      0.00
08:33:42 PM      eth0      5.00      0.00      0.29      0.00      0.00      0.00      0.00
08:33:43 PM      eth0      6.00      0.00      0.35      0.00      0.00      0.00      0.00
08:33:44 PM      eth0      5.00      0.00      0.29      0.00      0.00      0.00      0.00
08:33:45 PM      eth0      6.00      0.00      0.35      0.00      0.00      0.00      0.00
08:33:46 PM      eth0      5.00      0.00      0.29      0.00      0.00      0.00      0.00
08:33:47 PM      eth0      5.00      0.00      0.29      0.00      0.00      0.00      0.00
08:33:48 PM      eth0     13.00     10.00      2.05      2.67      0.00      0.00      0.00
08:33:49 PM      eth0      7.00      0.00      0.41      0.00      0.00      0.00      0.00
08:33:50 PM      eth0     15.00     11.00      2.33      2.90      0.00      0.00      0.00
08:33:51 PM      eth0     28.00     23.00      6.23      5.56      0.00      0.00      0.00
