              total        used        free      shared  buff/cache   available
Mem:          48114        3980       35831        2338        8302       40481
Swap:         24191           0       24191
Total:        72306        3980       60023

              total        used        free      shared  buff/cache   available
Mem:          48114        3983       35828        2338        8302       40477
Swap:         24191           0       24191
Total:        72306        3983       60020

              total        used        free      shared  buff/cache   available
Mem:          48114        3992       35820        2338        8301       40469
Swap:         24191           0       24191
Total:        72306        3992       60012

              total        used        free      shared  buff/cache   available
Mem:          48114        3986       35826        2338        8301       40475
Swap:         24191           0       24191
Total:        72306        3986       60018

              total        used        free      shared  buff/cache   available
Mem:          48114        3991       35820        2338        8302       40469
Swap:         24191           0       24191
Total:        72306        3991       60012

              total        used        free      shared  buff/cache   available
Mem:          48114        3985       35826        2338        8302       40475
Swap:         24191           0       24191
Total:        72306        3985       60018

              total        used        free      shared  buff/cache   available
Mem:          48114        3990       35821        2338        8302       40470
Swap:         24191           0       24191
Total:        72306        3990       60013

              total        used        free      shared  buff/cache   available
Mem:          48114        3983       35828        2338        8302       40477
Swap:         24191           0       24191
Total:        72306        3983       60020

              total        used        free      shared  buff/cache   available
Mem:          48114        3989       35822        2338        8302       40472
Swap:         24191           0       24191
Total:        72306        3989       60014

              total        used        free      shared  buff/cache   available
Mem:          48114        3983       35828        2338        8302       40477
Swap:         24191           0       24191
Total:        72306        3983       60020

              total        used        free      shared  buff/cache   available
Mem:          48114        3996       35814        2338        8302       40464
Swap:         24191           0       24191
Total:        72306        3996       60006

              total        used        free      shared  buff/cache   available
Mem:          48114        3985       35825        2338        8303       40475
Swap:         24191           0       24191
Total:        72306        3985       60017

              total        used        free      shared  buff/cache   available
Mem:          48114        3996       35814        2338        8302       40464
Swap:         24191           0       24191
Total:        72306        3996       60006

              total        used        free      shared  buff/cache   available
Mem:          48114        3991       35819        2338        8302       40469
Swap:         24191           0       24191
Total:        72306        3991       60011

              total        used        free      shared  buff/cache   available
Mem:          48114        3999       35811        2338        8303       40461
Swap:         24191           0       24191
Total:        72306        3999       60003

              total        used        free      shared  buff/cache   available
Mem:          48114        3991       35819        2338        8303       40469
Swap:         24191           0       24191
Total:        72306        3991       60011

              total        used        free      shared  buff/cache   available
Mem:          48114        3998       35812        2338        8303       40463
Swap:         24191           0       24191
Total:        72306        3998       60004

              total        used        free      shared  buff/cache   available
Mem:          48114        3992       35818        2338        8303       40468
Swap:         24191           0       24191
Total:        72306        3992       60010

              total        used        free      shared  buff/cache   available
Mem:          48114        3998       35812        2338        8303       40462
Swap:         24191           0       24191
Total:        72306        3998       60004

              total        used        free      shared  buff/cache   available
Mem:          48114        3997       35812        2338        8303       40463
Swap:         24191           0       24191
Total:        72306        3997       60004

              total        used        free      shared  buff/cache   available
Mem:          48114        4001       35809        2338        8303       40459
Swap:         24191           0       24191
Total:        72306        4001       60001

              total        used        free      shared  buff/cache   available
Mem:          48114        3999       35810        2338        8304       40461
Swap:         24191           0       24191
Total:        72306        3999       60002

              total        used        free      shared  buff/cache   available
Mem:          48114        4006       35803        2338        8304       40454
Swap:         24191           0       24191
Total:        72306        4006       59995

              total        used        free      shared  buff/cache   available
Mem:          48114        4001       35808        2338        8304       40459
Swap:         24191           0       24191
Total:        72306        4001       60000

              total        used        free      shared  buff/cache   available
Mem:          48114        4005       35804        2338        8304       40455
Swap:         24191           0       24191
Total:        72306        4005       59996

              total        used        free      shared  buff/cache   available
Mem:          48114        4001       35807        2338        8304       40459
Swap:         24191           0       24191
Total:        72306        4001       59999

              total        used        free      shared  buff/cache   available
Mem:          48114        4007       35802        2338        8304       40453
Swap:         24191           0       24191
Total:        72306        4007       59994

              total        used        free      shared  buff/cache   available
Mem:          48114        4003       35806        2338        8304       40457
Swap:         24191           0       24191
Total:        72306        4003       59998

              total        used        free      shared  buff/cache   available
Mem:          48114        4007       35802        2338        8304       40453
Swap:         24191           0       24191
Total:        72306        4007       59994

              total        used        free      shared  buff/cache   available
Mem:          48114        3998       35811        2338        8304       40462
Swap:         24191           0       24191
Total:        72306        3998       60003

              total        used        free      shared  buff/cache   available
Mem:          48114        4006       35802        2338        8304       40454
Swap:         24191           0       24191
Total:        72306        4006       59994

              total        used        free      shared  buff/cache   available
Mem:          48114        4000       35808        2338        8305       40460
Swap:         24191           0       24191
Total:        72306        4000       60000

              total        used        free      shared  buff/cache   available
Mem:          48114        4011       35797        2338        8305       40449
Swap:         24191           0       24191
Total:        72306        4011       59989

              total        used        free      shared  buff/cache   available
Mem:          48114        4010       35798        2338        8305       40450
Swap:         24191           0       24191
Total:        72306        4010       59990

              total        used        free      shared  buff/cache   available
Mem:          48114        4020       35788        2338        8305       40440
Swap:         24191           0       24191
Total:        72306        4020       59980

              total        used        free      shared  buff/cache   available
Mem:          48114        4012       35796        2338        8305       40448
Swap:         24191           0       24191
Total:        72306        4012       59988

              total        used        free      shared  buff/cache   available
Mem:          48114        4020       35787        2338        8305       40440
Swap:         24191           0       24191
Total:        72306        4020       59979

              total        used        free      shared  buff/cache   available
Mem:          48114        4010       35798        2338        8305       40450
Swap:         24191           0       24191
Total:        72306        4010       59990

              total        used        free      shared  buff/cache   available
Mem:          48114        4014       35794        2338        8305       40446
Swap:         24191           0       24191
Total:        72306        4014       59986

              total        used        free      shared  buff/cache   available
Mem:          48114        4011       35796        2338        8306       40449
Swap:         24191           0       24191
Total:        72306        4011       59988

              total        used        free      shared  buff/cache   available
Mem:          48114        4014       35793        2338        8306       40446
Swap:         24191           0       24191
Total:        72306        4014       59985

              total        used        free      shared  buff/cache   available
Mem:          48114        4008       35799        2338        8306       40452
Swap:         24191           0       24191
Total:        72306        4008       59991

              total        used        free      shared  buff/cache   available
Mem:          48114        4015       35792        2338        8306       40445
Swap:         24191           0       24191
Total:        72306        4015       59984

              total        used        free      shared  buff/cache   available
Mem:          48114        4007       35799        2338        8306       40453
Swap:         24191           0       24191
Total:        72306        4007       59991

              total        used        free      shared  buff/cache   available
Mem:          48114        4013       35794        2338        8306       40447
Swap:         24191           0       24191
Total:        72306        4013       59986

              total        used        free      shared  buff/cache   available
Mem:          48114        4008       35799        2338        8306       40452
Swap:         24191           0       24191
Total:        72306        4008       59991

              total        used        free      shared  buff/cache   available
Mem:          48114        4009       35797        2338        8306       40451
Swap:         24191           0       24191
Total:        72306        4009       59989

              total        used        free      shared  buff/cache   available
Mem:          48114        4003       35804        2338        8306       40457
Swap:         24191           0       24191
Total:        72306        4003       59996

              total        used        free      shared  buff/cache   available
Mem:          48114        4007       35800        2338        8306       40453
Swap:         24191           0       24191
Total:        72306        4007       59992

              total        used        free      shared  buff/cache   available
Mem:          48114        3999       35808        2338        8306       40462
Swap:         24191           0       24191
Total:        72306        3999       60000

              total        used        free      shared  buff/cache   available
Mem:          48114        4004       35803        2338        8306       40456
Swap:         24191           0       24191
Total:        72306        4004       59995

              total        used        free      shared  buff/cache   available
Mem:          48114        3998       35808        2338        8307       40462
Swap:         24191           0       24191
Total:        72306        3998       60000

              total        used        free      shared  buff/cache   available
Mem:          48114        4003       35803        2338        8307       40457
Swap:         24191           0       24191
Total:        72306        4003       59995

              total        used        free      shared  buff/cache   available
Mem:          48114        3997       35809        2338        8307       40463
Swap:         24191           0       24191
Total:        72306        3997       60001

              total        used        free      shared  buff/cache   available
Mem:          48114        4003       35803        2338        8307       40457
Swap:         24191           0       24191
Total:        72306        4003       59995

              total        used        free      shared  buff/cache   available
Mem:          48114        3996       35810        2338        8307       40464
Swap:         24191           0       24191
Total:        72306        3996       60002

              total        used        free      shared  buff/cache   available
Mem:          48114        4001       35804        2338        8307       40459
Swap:         24191           0       24191
Total:        72306        4001       59996

              total        used        free      shared  buff/cache   available
Mem:          48114        3996       35810        2338        8307       40464
Swap:         24191           0       24191
Total:        72306        3996       60002

              total        used        free      shared  buff/cache   available
Mem:          48114        4001       35804        2338        8307       40459
Swap:         24191           0       24191
Total:        72306        4001       59996

              total        used        free      shared  buff/cache   available
Mem:          48114        3994       35811        2338        8307       40466
Swap:         24191           0       24191
Total:        72306        3994       60003

              total        used        free      shared  buff/cache   available
Mem:          48114        4000       35805        2338        8308       40460
Swap:         24191           0       24191
Total:        72306        4000       59997

              total        used        free      shared  buff/cache   available
Mem:          48114        3995       35810        2338        8308       40465
Swap:         24191           0       24191
Total:        72306        3995       60002

              total        used        free      shared  buff/cache   available
Mem:          48114        4001       35804        2338        8308       40459
Swap:         24191           0       24191
Total:        72306        4001       59996

              total        used        free      shared  buff/cache   available
Mem:          48114        3996       35809        2338        8308       40464
Swap:         24191           0       24191
Total:        72306        3996       60001

              total        used        free      shared  buff/cache   available
Mem:          48114        4003       35802        2338        8308       40457
Swap:         24191           0       24191
Total:        72306        4003       59994

              total        used        free      shared  buff/cache   available
Mem:          48114        3994       35810        2338        8308       40465
Swap:         24191           0       24191
Total:        72306        3994       60002

              total        used        free      shared  buff/cache   available
Mem:          48114        4004       35801        2338        8308       40456
Swap:         24191           0       24191
Total:        72306        4004       59993

              total        used        free      shared  buff/cache   available
Mem:          48114        3995       35809        2338        8308       40465
Swap:         24191           0       24191
Total:        72306        3995       60001

              total        used        free      shared  buff/cache   available
Mem:          48114        4003       35801        2338        8308       40457
Swap:         24191           0       24191
Total:        72306        4003       59993

              total        used        free      shared  buff/cache   available
Mem:          48114        3995       35810        2338        8308       40465
Swap:         24191           0       24191
Total:        72306        3995       60002

              total        used        free      shared  buff/cache   available
Mem:          48114        3999       35805        2338        8309       40461
Swap:         24191           0       24191
Total:        72306        3999       59997

              total        used        free      shared  buff/cache   available
Mem:          48114        4013       35791        2338        8309       40447
Swap:         24191           0       24191
Total:        72306        4013       59983

              total        used        free      shared  buff/cache   available
Mem:          48114        4007       35797        2338        8309       40453
Swap:         24191           0       24191
Total:        72306        4007       59989

              total        used        free      shared  buff/cache   available
Mem:          48114        4005       35798        2338        8309       40455
Swap:         24191           0       24191
Total:        72306        4005       59990

              total        used        free      shared  buff/cache   available
Mem:          48114        4011       35792        2338        8309       40449
Swap:         24191           0       24191
Total:        72306        4011       59984

              total        used        free      shared  buff/cache   available
Mem:          48114        4008       35796        2338        8309       40452
Swap:         24191           0       24191
Total:        72306        4008       59988

              total        used        free      shared  buff/cache   available
Mem:          48114        4014       35790        2338        8309       40446
Swap:         24191           0       24191
Total:        72306        4014       59982

              total        used        free      shared  buff/cache   available
Mem:          48114        4010       35794        2338        8309       40450
Swap:         24191           0       24191
Total:        72306        4010       59986

              total        used        free      shared  buff/cache   available
Mem:          48114        4019       35784        2338        8309       40441
Swap:         24191           0       24191
Total:        72306        4019       59976

              total        used        free      shared  buff/cache   available
Mem:          48114        4016       35787        2338        8309       40444
Swap:         24191           0       24191
Total:        72306        4016       59979

              total        used        free      shared  buff/cache   available
Mem:          48114        4026       35778        2338        8309       40435
Swap:         24191           0       24191
Total:        72306        4026       59970

              total        used        free      shared  buff/cache   available
Mem:          48114        4022       35781        2338        8310       40438
Swap:         24191           0       24191
Total:        72306        4022       59973

              total        used        free      shared  buff/cache   available
Mem:          48114        4026       35777        2338        8310       40434
Swap:         24191           0       24191
Total:        72306        4026       59969

              total        used        free      shared  buff/cache   available
Mem:          48114        4020       35783        2338        8310       40440
Swap:         24191           0       24191
Total:        72306        4020       59975

              total        used        free      shared  buff/cache   available
Mem:          48114        4020       35783        2338        8310       40440
Swap:         24191           0       24191
Total:        72306        4020       59975

              total        used        free      shared  buff/cache   available
Mem:          48114        4009       35794        2338        8310       40452
Swap:         24191           0       24191
Total:        72306        4009       59986

              total        used        free      shared  buff/cache   available
Mem:          48114        4017       35786        2338        8310       40443
Swap:         24191           0       24191
Total:        72306        4017       59978

              total        used        free      shared  buff/cache   available
Mem:          48114        4007       35796        2338        8310       40453
Swap:         24191           0       24191
Total:        72306        4007       59988

              total        used        free      shared  buff/cache   available
Mem:          48114        4010       35792        2338        8310       40450
Swap:         24191           0       24191
Total:        72306        4010       59984

              total        used        free      shared  buff/cache   available
Mem:          48114        4000       35802        2338        8310       40460
Swap:         24191           0       24191
Total:        72306        4000       59994

              total        used        free      shared  buff/cache   available
Mem:          48114        4004       35798        2338        8311       40456
Swap:         24191           0       24191
Total:        72306        4004       59990

              total        used        free      shared  buff/cache   available
Mem:          48114        3996       35807        2338        8311       40465
Swap:         24191           0       24191
Total:        72306        3996       59999

              total        used        free      shared  buff/cache   available
Mem:          48114        4003       35799        2338        8311       40457
Swap:         24191           0       24191
Total:        72306        4003       59991

              total        used        free      shared  buff/cache   available
Mem:          48114        3995       35807        2338        8311       40465
Swap:         24191           0       24191
Total:        72306        3995       59999

              total        used        free      shared  buff/cache   available
Mem:          48114        4002       35800        2338        8311       40458
Swap:         24191           0       24191
Total:        72306        4002       59992

              total        used        free      shared  buff/cache   available
Mem:          48114        3995       35807        2338        8311       40465
Swap:         24191           0       24191
Total:        72306        3995       59999

              total        used        free      shared  buff/cache   available
Mem:          48114        4002       35800        2338        8311       40458
Swap:         24191           0       24191
Total:        72306        4002       59992

              total        used        free      shared  buff/cache   available
Mem:          48114        3995       35807        2338        8311       40466
Swap:         24191           0       24191
Total:        72306        3995       59999

              total        used        free      shared  buff/cache   available
Mem:          48114        4002       35799        2338        8311       40458
Swap:         24191           0       24191
Total:        72306        4002       59991

              total        used        free      shared  buff/cache   available
Mem:          48114        3995       35806        2338        8311       40465
Swap:         24191           0       24191
Total:        72306        3995       59998

              total        used        free      shared  buff/cache   available
Mem:          48114        4002       35799        2338        8311       40458
Swap:         24191           0       24191
Total:        72306        4002       59991

              total        used        free      shared  buff/cache   available
Mem:          48114        3994       35807        2338        8311       40466
Swap:         24191           0       24191
Total:        72306        3994       59999

              total        used        free      shared  buff/cache   available
Mem:          48114        4002       35799        2338        8312       40458
Swap:         24191           0       24191
Total:        72306        4002       59991

              total        used        free      shared  buff/cache   available
Mem:          48114        3994       35807        2338        8312       40466
Swap:         24191           0       24191
Total:        72306        3994       59999

              total        used        free      shared  buff/cache   available
Mem:          48114        4000       35801        2338        8312       40460
Swap:         24191           0       24191
Total:        72306        4000       59993

              total        used        free      shared  buff/cache   available
Mem:          48114        3994       35807        2338        8312       40466
Swap:         24191           0       24191
Total:        72306        3994       59999

              total        used        free      shared  buff/cache   available
Mem:          48114        3998       35803        2338        8312       40462
Swap:         24191           0       24191
Total:        72306        3998       59995

              total        used        free      shared  buff/cache   available
Mem:          48114        3994       35807        2338        8312       40466
Swap:         24191           0       24191
Total:        72306        3994       59999

              total        used        free      shared  buff/cache   available
Mem:          48114        4002       35799        2338        8312       40458
Swap:         24191           0       24191
Total:        72306        4002       59991

              total        used        free      shared  buff/cache   available
Mem:          48114        3993       35807        2338        8312       40467
Swap:         24191           0       24191
Total:        72306        3993       59999

              total        used        free      shared  buff/cache   available
Mem:          48114        3998       35803        2338        8312       40463
Swap:         24191           0       24191
Total:        72306        3998       59995

              total        used        free      shared  buff/cache   available
Mem:          48114        3993       35808        2338        8312       40468
Swap:         24191           0       24191
Total:        72306        3993       60000

              total        used        free      shared  buff/cache   available
Mem:          48114        4000       35800        2338        8312       40460
Swap:         24191           0       24191
Total:        72306        4000       59992

              total        used        free      shared  buff/cache   available
Mem:          48114        3992       35808        2338        8312       40468
Swap:         24191           0       24191
Total:        72306        3992       60000

              total        used        free      shared  buff/cache   available
Mem:          48114        4000       35800        2338        8313       40460
Swap:         24191           0       24191
Total:        72306        4000       59992

              total        used        free      shared  buff/cache   available
Mem:          48114        3994       35806        2338        8313       40467
Swap:         24191           0       24191
Total:        72306        3994       59998

              total        used        free      shared  buff/cache   available
Mem:          48114        4001       35799        2338        8313       40460
Swap:         24191           0       24191
Total:        72306        4001       59991

              total        used        free      shared  buff/cache   available
Mem:          48114        3994       35806        2338        8313       40466
Swap:         24191           0       24191
Total:        72306        3994       59998

              total        used        free      shared  buff/cache   available
Mem:          48114        4001       35799        2338        8313       40459
Swap:         24191           0       24191
Total:        72306        4001       59991

              total        used        free      shared  buff/cache   available
Mem:          48114        3993       35807        2338        8313       40468
Swap:         24191           0       24191
Total:        72306        3993       59999

              total        used        free      shared  buff/cache   available
Mem:          48114        3999       35801        2338        8313       40462
Swap:         24191           0       24191
Total:        72306        3999       59993

              total        used        free      shared  buff/cache   available
Mem:          48114        3992       35807        2338        8313       40468
Swap:         24191           0       24191
Total:        72306        3992       59999

              total        used        free      shared  buff/cache   available
Mem:          48114        4005       35795        2338        8313       40456
Swap:         24191           0       24191
Total:        72306        4005       59987

              total        used        free      shared  buff/cache   available
Mem:          48114        3995       35805        2338        8313       40466
Swap:         24191           0       24191
Total:        72306        3995       59997

              total        used        free      shared  buff/cache   available
Mem:          48114        4003       35796        2338        8313       40457
Swap:         24191           0       24191
Total:        72306        4003       59988

              total        used        free      shared  buff/cache   available
Mem:          48114        3995       35804        2338        8314       40465
Swap:         24191           0       24191
Total:        72306        3995       59996

              total        used        free      shared  buff/cache   available
Mem:          48114        4004       35795        2338        8314       40456
Swap:         24191           0       24191
Total:        72306        4004       59987

              total        used        free      shared  buff/cache   available
Mem:          48114        3996       35803        2338        8314       40465
Swap:         24191           0       24191
Total:        72306        3996       59995

              total        used        free      shared  buff/cache   available
Mem:          48114        4001       35797        2338        8314       40459
Swap:         24191           0       24191
Total:        72306        4001       59989

              total        used        free      shared  buff/cache   available
Mem:          48114        3996       35803        2338        8314       40465
Swap:         24191           0       24191
Total:        72306        3996       59995

              total        used        free      shared  buff/cache   available
Mem:          48114        4003       35796        2338        8314       40458
Swap:         24191           0       24191
Total:        72306        4003       59988

              total        used        free      shared  buff/cache   available
Mem:          48114        4033       35765        2338        8314       40427
Swap:         24191           0       24191
Total:        72306        4033       59957

              total        used        free      shared  buff/cache   available
Mem:          48114        4008       35791        2338        8315       40453
Swap:         24191           0       24191
Total:        72306        4008       59983

              total        used        free      shared  buff/cache   available
Mem:          48114        3999       35799        2338        8315       40461
Swap:         24191           0       24191
Total:        72306        3999       59991
