08:57:35 PM      eth0     36.00     34.00     10.57      8.86      0.00      0.00      0.00
08:57:36 PM      eth0     44.00     43.00     10.84     11.39      0.00      0.00      0.00
08:57:37 PM      eth0     16.00     13.00      2.61      1.93      0.00      0.00      0.00
08:57:38 PM      eth0     46.00     41.00     12.03      9.96      0.00      0.00      0.00
08:57:39 PM      eth0     60.00     60.00     16.89     15.99      0.00      0.00      0.00
08:57:40 PM      eth0     65.00     67.00     18.46     15.70      0.00      0.00      0.00
08:57:41 PM      eth0     10.00      7.00      1.46      1.11      0.00      0.00      0.00
08:57:42 PM      eth0     33.00     28.00      9.32      8.04      0.00      0.00      0.00
08:57:43 PM      eth0     30.00     30.00      7.85      6.33      0.00      0.00      0.00
08:57:44 PM      eth0     82.00     78.00     22.72     19.35      0.00      0.00      0.00
08:57:45 PM      eth0    187.00    224.00     81.34     69.66      0.00      0.00      0.00
08:57:46 PM      eth0 269464.00  26835.00 398320.85   3045.17      0.00      0.00      0.00
08:57:47 PM      eth0 408668.00  40362.00 604171.54   4572.26      0.00      0.00      0.00
08:57:48 PM      eth0 417259.00  40612.00 616848.32   4600.58      0.00      0.00      0.00
08:57:49 PM      eth0 420221.00  40354.00 621201.11   4573.01      0.00      0.00      0.00
08:57:50 PM      eth0 421231.00  40012.00 622693.84   4532.61      0.00      0.00      0.00
08:57:51 PM      eth0 419811.00  39470.00 620599.08   4471.21      0.00      0.00      0.00
08:57:52 PM      eth0 418240.00  39048.00 618272.73   4423.41      0.00      0.00      0.00
08:57:53 PM      eth0 421108.00  39106.00 622514.54   4429.98      0.00      0.00      0.00
08:57:54 PM      eth0 416402.00  38810.00 615556.37   4396.45      0.00      0.00      0.00
08:57:55 PM      eth0 416097.00  38590.00 615102.14   4371.52      0.00      0.00      0.00
08:57:56 PM      eth0 413944.00  40427.00 611837.48   4628.10      0.00      0.00      0.00
08:57:57 PM      eth0 450257.00  46815.00 665615.31   5303.26      0.00      0.00      0.00
08:57:58 PM      eth0 449034.00  46501.00 663792.69   5267.67      0.00      0.00      0.00
08:57:59 PM      eth0 448800.00  46347.00 663436.92   5251.90      0.00      0.00      0.00
08:58:00 PM      eth0 446195.00  46056.00 659593.73   5217.28      0.00      0.00      0.00
08:58:01 PM      eth0 446892.00  46094.00 660624.83   5221.59      0.00      0.00      0.00
08:58:02 PM      eth0 447363.00  45915.00 661323.57   5201.31      0.00      0.00      0.00
08:58:03 PM      eth0 450020.00  46304.00 665251.51   5245.38      0.00      0.00      0.00
08:58:04 PM      eth0 449237.00  46226.00 664095.60   5236.54      0.00      0.00      0.00
08:58:05 PM      eth0 451835.00  46578.00 667933.45   5276.41      0.00      0.00      0.00
08:58:06 PM      eth0 469035.00  48508.00 693328.05   5501.80      0.00      0.00      0.00
08:58:07 PM      eth0 502816.00  52195.00 743289.36   5912.69      0.00      0.00      0.00
08:58:08 PM      eth0 501113.00  51897.00 740761.35   5878.96      0.00      0.00      0.00
08:58:09 PM      eth0 505481.00  51967.00 747189.81   5888.54      0.00      0.00      0.00
08:58:10 PM      eth0 502147.00  51260.00 742269.25   5806.80      0.00      0.00      0.00
08:58:11 PM      eth0 505471.00  51923.00 747184.46   5881.88      0.00      0.00      0.00
08:58:12 PM      eth0 503445.00  51651.00 744206.79   5855.05      0.00      0.00      0.00
08:58:13 PM      eth0 504127.00  52165.00 745225.58   5909.27      0.00      0.00      0.00
08:58:14 PM      eth0 503714.00  51811.00 744615.18   5869.17      0.00      0.00      0.00
08:58:15 PM      eth0 503607.00  51571.00 744457.15   5842.03      0.00      0.00      0.00
08:58:16 PM      eth0 528500.00  62534.00 781251.81   7153.36      0.00      0.00      0.00
08:58:17 PM      eth0 565929.00  74736.00 836582.28   8466.14      0.00      0.00      0.00
08:58:18 PM      eth0 560310.00  71968.00 828270.34   8152.60      0.00      0.00      0.00
08:58:19 PM      eth0 550831.00  64680.00 814265.80   7332.69      0.00      0.00      0.00
08:58:20 PM      eth0 539662.00  64350.00 797769.48   7289.62      0.00      0.00      0.00
08:58:21 PM      eth0 537444.00  64362.00 794483.47   7290.98      0.00      0.00      0.00
08:58:22 PM      eth0 536000.00  61886.00 792347.78   7010.48      0.00      0.00      0.00
08:58:23 PM      eth0 539886.00  62970.00 798090.21   7133.27      0.00      0.00      0.00
08:58:24 PM      eth0 535876.00  61490.00 792163.69   6965.66      0.00      0.00      0.00
08:58:25 PM      eth0 538774.00  61506.00 796449.61   6967.45      0.00      0.00      0.00
08:58:26 PM      eth0 529702.00  59389.00 783040.93   6740.32      0.00      0.00      0.00
08:58:27 PM      eth0 519194.00  54059.00 767500.87   6123.87      0.00      0.00      0.00
08:58:28 PM      eth0 519963.00  53744.00 768637.31   6088.16      0.00      0.00      0.00
08:58:29 PM      eth0 519686.00  53783.00 768217.08   6094.19      0.00      0.00      0.00
08:58:30 PM      eth0 518993.00  53776.00 767202.27   6091.79      0.00      0.00      0.00
08:58:31 PM      eth0 520066.00  53833.00 768789.61   6098.27      0.00      0.00      0.00
08:58:32 PM      eth0 520702.00  53798.00 769731.67   6094.30      0.00      0.00      0.00
08:58:33 PM      eth0 519751.00  54151.00 768328.06   6134.29      0.00      0.00      0.00
08:58:34 PM      eth0 518805.00  53684.00 766926.77   6081.34      0.00      0.00      0.00
08:58:35 PM      eth0 521536.00  54040.00 770964.85   6121.72      0.00      0.00      0.00
08:58:36 PM      eth0 506778.00  52357.00 749136.80   5932.41      0.00      0.00      0.00
08:58:37 PM      eth0 488956.00  50573.00 722782.72   5728.97      0.00      0.00      0.00
08:58:38 PM      eth0 487513.00  50212.00 720642.29   5688.08      0.00      0.00      0.00
08:58:39 PM      eth0 489621.00  50335.00 723746.94   5703.67      0.00      0.00      0.00
08:58:40 PM      eth0 489180.00  50700.00 723103.31   5743.36      0.00      0.00      0.00
08:58:41 PM      eth0 489073.00  50031.00 722942.49   5667.57      0.00      0.00      0.00
08:58:42 PM      eth0 488008.00  50084.00 721366.14   5673.53      0.00      0.00      0.00
08:58:43 PM      eth0 489204.00  50324.00 723143.18   5700.77      0.00      0.00      0.00
08:58:44 PM      eth0 488125.00  49912.00 721544.22   5654.07      0.00      0.00      0.00
08:58:45 PM      eth0 489006.00  50326.00 722839.68   5700.97      0.00      0.00      0.00
08:58:46 PM      eth0 489718.00  50212.00 723764.38   5724.08      0.00      0.00      0.00
08:58:47 PM      eth0 489088.00  50073.00 722964.57   5672.31      0.00      0.00      0.00
08:58:48 PM      eth0 487497.00  50352.00 720613.27   5703.91      0.00      0.00      0.00
08:58:49 PM      eth0 489515.00  50165.00 723588.58   5684.39      0.00      0.00      0.00
08:58:50 PM      eth0 488475.00  49951.00 722059.79   5658.49      0.00      0.00      0.00
08:58:51 PM      eth0 489743.00  49977.00 723934.82   5661.43      0.00      0.00      0.00
08:58:52 PM      eth0 488367.00  49995.00 721899.52   5663.50      0.00      0.00      0.00
08:58:53 PM      eth0 489159.00  50103.00 723071.20   5675.71      0.00      0.00      0.00
08:58:54 PM      eth0 483301.00  49044.00 714410.40   5555.72      0.00      0.00      0.00
08:58:55 PM      eth0 489602.00  50247.00 723715.23   5693.63      0.00      0.00      0.00
08:58:56 PM      eth0 478139.00  47193.00 706783.39   5346.08      0.00      0.00      0.00
08:58:57 PM      eth0 466322.00  43258.00 689305.78   4900.30      0.00      0.00      0.00
08:58:58 PM      eth0 464399.00  42886.00 686464.37   4858.18      0.00      0.00      0.00
08:58:59 PM      eth0 465670.00  42821.00 688331.36   4852.45      0.00      0.00      0.00
08:59:00 PM      eth0 465582.00  43047.00 688211.23   4876.37      0.00      0.00      0.00
08:59:01 PM      eth0 466404.00  43070.00 689430.67   4879.02      0.00      0.00      0.00
08:59:02 PM      eth0 464360.00  43014.00 686403.25   4872.58      0.00      0.00      0.00
08:59:03 PM      eth0 466346.00  43061.00 689339.28   4878.00      0.00      0.00      0.00
08:59:04 PM      eth0 465756.00  42838.00 688473.52   4852.74      0.00      0.00      0.00
08:59:05 PM      eth0 466125.00  42946.00 689009.39   4867.99      0.00      0.00      0.00
08:59:06 PM      eth0 475489.00  47687.00 702867.28   5423.37      0.00      0.00      0.00
08:59:07 PM      eth0 490822.00  50532.00 725530.49   5729.74      0.00      0.00      0.00
08:59:08 PM      eth0 487664.00  49860.00 720887.40   5648.20      0.00      0.00      0.00
08:59:09 PM      eth0 490330.00  50267.00 724816.17   5695.97      0.00      0.00      0.00
08:59:10 PM      eth0 487124.00  49872.00 720084.83   5649.54      0.00      0.00      0.00
08:59:11 PM      eth0 489989.00  50204.00 724302.66   5687.17      0.00      0.00      0.00
08:59:12 PM      eth0 488099.00  49978.00 721505.61   5661.57      0.00      0.00      0.00
08:59:13 PM      eth0 489638.00  49892.00 723768.56   5653.32      0.00      0.00      0.00
08:59:14 PM      eth0 488209.00  49877.00 721666.61   5650.08      0.00      0.00      0.00
08:59:15 PM      eth0 488427.00  49987.00 721989.18   5662.59      0.00      0.00      0.00
08:59:16 PM      eth0 480047.00  48259.00 709600.70   5473.14      0.00      0.00      0.00
08:59:17 PM      eth0 421520.00  43287.00 623082.70   4903.56      0.00      0.00      0.00
08:59:18 PM      eth0 420332.00  42810.00 621327.28   4849.52      0.00      0.00      0.00
08:59:19 PM      eth0 421007.00  42845.00 622320.35   4855.17      0.00      0.00      0.00
08:59:20 PM      eth0 418246.00  42628.00 618252.38   4828.95      0.00      0.00      0.00
08:59:21 PM      eth0 420316.00  42736.00 621308.86   4841.19      0.00      0.00      0.00
08:59:22 PM      eth0 418910.00  42920.00 619229.32   4861.98      0.00      0.00      0.00
08:59:23 PM      eth0 421927.00  43156.00 623689.70   4888.74      0.00      0.00      0.00
08:59:24 PM      eth0 418893.00  42817.00 619204.83   4850.34      0.00      0.00      0.00
08:59:25 PM      eth0 420827.00  42698.00 622069.13   4836.88      0.00      0.00      0.00
08:59:26 PM      eth0 430315.00  46373.00 636087.32   5294.74      0.00      0.00      0.00
08:59:27 PM      eth0 445649.00  45813.00 658758.36   5189.75      0.00      0.00      0.00
08:59:28 PM      eth0 442349.00  45444.00 653881.56   5147.93      0.00      0.00      0.00
08:59:29 PM      eth0 447374.00  45945.00 661302.52   5206.37      0.00      0.00      0.00
08:59:30 PM      eth0 443112.00  45266.00 655008.40   5127.79      0.00      0.00      0.00
08:59:31 PM      eth0 446331.00  45440.00 659765.55   5147.48      0.00      0.00      0.00
08:59:32 PM      eth0 443852.00  45378.00 656102.16   5140.48      0.00      0.00      0.00
08:59:33 PM      eth0 445772.00  45833.00 658933.65   5191.97      0.00      0.00      0.00
08:59:34 PM      eth0 446199.00  45543.00 659568.69   5159.10      0.00      0.00      0.00
08:59:35 PM      eth0 443793.00  45370.00 656014.70   5139.55      0.00      0.00      0.00
08:59:36 PM      eth0 448746.00  54985.00 663355.28   6351.13      0.00      0.00      0.00
08:59:37 PM      eth0 447980.00  50602.00 662261.85   5732.19      0.00      0.00      0.00
08:59:38 PM      eth0 446854.00  50262.00 660593.02   5693.72      0.00      0.00      0.00
08:59:39 PM      eth0 447077.00  50495.00 660903.92   5721.79      0.00      0.00      0.00
08:59:40 PM      eth0 445604.00  50241.00 658739.81   5691.36      0.00      0.00      0.00
08:59:41 PM      eth0 448235.00  50443.00 662624.51   5714.22      0.00      0.00      0.00
08:59:42 PM      eth0 445880.00  50389.00 659139.99   5708.13      0.00      0.00      0.00
08:59:43 PM      eth0 448545.00  50548.00 663073.53   5726.09      0.00      0.00      0.00
08:59:44 PM      eth0 446591.00  50125.00 660186.11   5678.22      0.00      0.00      0.00
08:59:45 PM      eth0 446248.00  50384.00 659677.89   5707.54      0.00      0.00      0.00
08:59:46 PM      eth0 166781.00  18368.00 246400.89   2116.70      0.00      0.00      0.00
08:59:47 PM      eth0     18.00     14.00      4.04      3.00      0.00      0.00      0.00
