NIC statistics:
     rx_packets: 99274696872
     tx_packets: 71208499321
     rx_bytes: 130046237837123
     tx_bytes: 95475772225891
     rx_pkts_nic: 99410673900
     tx_pkts_nic: 71208267659
     rx_bytes_nic: 130452183938198
     tx_bytes_nic: 95781058134844
     lsc_int: 0
     tx_busy: 0
     non_eop_descs: 270827887
     rx_errors: 0
     tx_errors: 0
     rx_dropped: 19433790
     tx_dropped: 0
     multicast: 115396
     broadcast: 33832582
     rx_no_buffer_count: 0
     collisions: 0
     rx_over_errors: 0
     rx_crc_errors: 0
     rx_frame_errors: 0
     hw_rsc_aggregated: 160429377
     hw_rsc_flushed: 23989893
     fdir_match: 270329786
     fdir_miss: 98045105872
     fdir_overflow: 501
     rx_fifo_errors: 0
     rx_missed_errors: 0
     tx_aborted_errors: 0
     tx_carrier_errors: 0
     tx_fifo_errors: 0
     tx_heartbeat_errors: 0
     tx_timeout_count: 0
     tx_restart_queue: 55946566
     rx_long_length_errors: 37
     rx_short_length_errors: 0
     tx_flow_control_xon: 10087266
     rx_flow_control_xon: 220505473
     tx_flow_control_xoff: 10840893
     rx_flow_control_xoff: 236162421
     rx_csum_offload_errors: 0
     alloc_rx_page_failed: 0
     alloc_rx_buff_failed: 0
     rx_no_dma_resources: 0
     os2bmc_rx_by_bmc: 0
     os2bmc_tx_by_bmc: 0
     os2bmc_tx_by_host: 0
     os2bmc_rx_by_host: 0
     fcoe_bad_fccrc: 0
     rx_fcoe_dropped: 0
     rx_fcoe_packets: 0
     rx_fcoe_dwords: 0
     fcoe_noddp: 0
     fcoe_noddp_ext_buff: 0
     tx_fcoe_packets: 0
     tx_fcoe_dwords: 0
     tx_queue_0_packets: 5673625247
     tx_queue_0_bytes: 8127611033927
     tx_queue_0_ll_napi_yield: 0
     tx_queue_0_ll_misses: 0
     tx_queue_0_ll_cleaned: 0
     tx_queue_1_packets: 3968952397
     tx_queue_1_bytes: 5345367475948
     tx_queue_1_ll_napi_yield: 0
     tx_queue_1_ll_misses: 0
     tx_queue_1_ll_cleaned: 0
     tx_queue_2_packets: 3738130508
     tx_queue_2_bytes: 5008257332809
     tx_queue_2_ll_napi_yield: 0
     tx_queue_2_ll_misses: 0
     tx_queue_2_ll_cleaned: 0
     tx_queue_3_packets: 4033699075
     tx_queue_3_bytes: 5529855555753
     tx_queue_3_ll_napi_yield: 0
     tx_queue_3_ll_misses: 0
     tx_queue_3_ll_cleaned: 0
     tx_queue_4_packets: 3095894671
     tx_queue_4_bytes: 4095685092203
     tx_queue_4_ll_napi_yield: 0
     tx_queue_4_ll_misses: 0
     tx_queue_4_ll_cleaned: 0
     tx_queue_5_packets: 3610599175
     tx_queue_5_bytes: 4817430274762
     tx_queue_5_ll_napi_yield: 0
     tx_queue_5_ll_misses: 0
     tx_queue_5_ll_cleaned: 0
     tx_queue_6_packets: 2494592304
     tx_queue_6_bytes: 3229968969341
     tx_queue_6_ll_napi_yield: 0
     tx_queue_6_ll_misses: 0
     tx_queue_6_ll_cleaned: 0
     tx_queue_7_packets: 2709122719
     tx_queue_7_bytes: 3539679540569
     tx_queue_7_ll_napi_yield: 0
     tx_queue_7_ll_misses: 0
     tx_queue_7_ll_cleaned: 0
     tx_queue_8_packets: 2678910263
     tx_queue_8_bytes: 3508858656881
     tx_queue_8_ll_napi_yield: 0
     tx_queue_8_ll_misses: 0
     tx_queue_8_ll_cleaned: 0
     tx_queue_9_packets: 2888939866
     tx_queue_9_bytes: 3761884331484
     tx_queue_9_ll_napi_yield: 0
     tx_queue_9_ll_misses: 0
     tx_queue_9_ll_cleaned: 0
     tx_queue_10_packets: 2702827649
     tx_queue_10_bytes: 3467331558565
     tx_queue_10_ll_napi_yield: 0
     tx_queue_10_ll_misses: 0
     tx_queue_10_ll_cleaned: 0
     tx_queue_11_packets: 2633883455
     tx_queue_11_bytes: 3402104047363
     tx_queue_11_ll_napi_yield: 0
     tx_queue_11_ll_misses: 0
     tx_queue_11_ll_cleaned: 0
     tx_queue_12_packets: 2639103196
     tx_queue_12_bytes: 3494645481850
     tx_queue_12_ll_napi_yield: 0
     tx_queue_12_ll_misses: 0
     tx_queue_12_ll_cleaned: 0
     tx_queue_13_packets: 2251251626
     tx_queue_13_bytes: 2957197128769
     tx_queue_13_ll_napi_yield: 0
     tx_queue_13_ll_misses: 0
     tx_queue_13_ll_cleaned: 0
     tx_queue_14_packets: 2646201614
     tx_queue_14_bytes: 3527790102543
     tx_queue_14_ll_napi_yield: 0
     tx_queue_14_ll_misses: 0
     tx_queue_14_ll_cleaned: 0
     tx_queue_15_packets: 2353691121
     tx_queue_15_bytes: 3218866387340
     tx_queue_15_ll_napi_yield: 0
     tx_queue_15_ll_misses: 0
     tx_queue_15_ll_cleaned: 0
     tx_queue_16_packets: 3376279505
     tx_queue_16_bytes: 4670464088075
     tx_queue_16_ll_napi_yield: 0
     tx_queue_16_ll_misses: 0
     tx_queue_16_ll_cleaned: 0
     tx_queue_17_packets: 3896981192
     tx_queue_17_bytes: 5433220776200
     tx_queue_17_ll_napi_yield: 0
     tx_queue_17_ll_misses: 0
     tx_queue_17_ll_cleaned: 0
     tx_queue_18_packets: 2542137106
     tx_queue_18_bytes: 3389526609846
     tx_queue_18_ll_napi_yield: 0
     tx_queue_18_ll_misses: 0
     tx_queue_18_ll_cleaned: 0
     tx_queue_19_packets: 2078323567
     tx_queue_19_bytes: 2920498936738
     tx_queue_19_ll_napi_yield: 0
     tx_queue_19_ll_misses: 0
     tx_queue_19_ll_cleaned: 0
     tx_queue_20_packets: 1882143216
     tx_queue_20_bytes: 2397511351804
     tx_queue_20_ll_napi_yield: 0
     tx_queue_20_ll_misses: 0
     tx_queue_20_ll_cleaned: 0
     tx_queue_21_packets: 2311909148
     tx_queue_21_bytes: 3038475127166
     tx_queue_21_ll_napi_yield: 0
     tx_queue_21_ll_misses: 0
     tx_queue_21_ll_cleaned: 0
     tx_queue_22_packets: 2937624219
     tx_queue_22_bytes: 3929116778546
     tx_queue_22_ll_napi_yield: 0
     tx_queue_22_ll_misses: 0
     tx_queue_22_ll_cleaned: 0
     tx_queue_23_packets: 2063676482
     tx_queue_23_bytes: 2664425587409
     tx_queue_23_ll_napi_yield: 0
     tx_queue_23_ll_misses: 0
     tx_queue_23_ll_cleaned: 0
     tx_queue_24_packets: 0
     tx_queue_24_bytes: 0
     tx_queue_24_ll_napi_yield: 0
     tx_queue_24_ll_misses: 0
     tx_queue_24_ll_cleaned: 0
     tx_queue_25_packets: 0
     tx_queue_25_bytes: 0
     tx_queue_25_ll_napi_yield: 0
     tx_queue_25_ll_misses: 0
     tx_queue_25_ll_cleaned: 0
     tx_queue_26_packets: 0
     tx_queue_26_bytes: 0
     tx_queue_26_ll_napi_yield: 0
     tx_queue_26_ll_misses: 0
     tx_queue_26_ll_cleaned: 0
     tx_queue_27_packets: 0
     tx_queue_27_bytes: 0
     tx_queue_27_ll_napi_yield: 0
     tx_queue_27_ll_misses: 0
     tx_queue_27_ll_cleaned: 0
     tx_queue_28_packets: 0
     tx_queue_28_bytes: 0
     tx_queue_28_ll_napi_yield: 0
     tx_queue_28_ll_misses: 0
     tx_queue_28_ll_cleaned: 0
     tx_queue_29_packets: 0
     tx_queue_29_bytes: 0
     tx_queue_29_ll_napi_yield: 0
     tx_queue_29_ll_misses: 0
     tx_queue_29_ll_cleaned: 0
     tx_queue_30_packets: 0
     tx_queue_30_bytes: 0
     tx_queue_30_ll_napi_yield: 0
     tx_queue_30_ll_misses: 0
     tx_queue_30_ll_cleaned: 0
     tx_queue_31_packets: 0
     tx_queue_31_bytes: 0
     tx_queue_31_ll_napi_yield: 0
     tx_queue_31_ll_misses: 0
     tx_queue_31_ll_cleaned: 0
     tx_queue_32_packets: 0
     tx_queue_32_bytes: 0
     tx_queue_32_ll_napi_yield: 0
     tx_queue_32_ll_misses: 0
     tx_queue_32_ll_cleaned: 0
     tx_queue_33_packets: 0
     tx_queue_33_bytes: 0
     tx_queue_33_ll_napi_yield: 0
     tx_queue_33_ll_misses: 0
     tx_queue_33_ll_cleaned: 0
     tx_queue_34_packets: 0
     tx_queue_34_bytes: 0
     tx_queue_34_ll_napi_yield: 0
     tx_queue_34_ll_misses: 0
     tx_queue_34_ll_cleaned: 0
     tx_queue_35_packets: 0
     tx_queue_35_bytes: 0
     tx_queue_35_ll_napi_yield: 0
     tx_queue_35_ll_misses: 0
     tx_queue_35_ll_cleaned: 0
     tx_queue_36_packets: 0
     tx_queue_36_bytes: 0
     tx_queue_36_ll_napi_yield: 0
     tx_queue_36_ll_misses: 0
     tx_queue_36_ll_cleaned: 0
     tx_queue_37_packets: 0
     tx_queue_37_bytes: 0
     tx_queue_37_ll_napi_yield: 0
     tx_queue_37_ll_misses: 0
     tx_queue_37_ll_cleaned: 0
     tx_queue_38_packets: 0
     tx_queue_38_bytes: 0
     tx_queue_38_ll_napi_yield: 0
     tx_queue_38_ll_misses: 0
     tx_queue_38_ll_cleaned: 0
     tx_queue_39_packets: 0
     tx_queue_39_bytes: 0
     tx_queue_39_ll_napi_yield: 0
     tx_queue_39_ll_misses: 0
     tx_queue_39_ll_cleaned: 0
     tx_queue_40_packets: 0
     tx_queue_40_bytes: 0
     tx_queue_40_ll_napi_yield: 0
     tx_queue_40_ll_misses: 0
     tx_queue_40_ll_cleaned: 0
     tx_queue_41_packets: 0
     tx_queue_41_bytes: 0
     tx_queue_41_ll_napi_yield: 0
     tx_queue_41_ll_misses: 0
     tx_queue_41_ll_cleaned: 0
     tx_queue_42_packets: 0
     tx_queue_42_bytes: 0
     tx_queue_42_ll_napi_yield: 0
     tx_queue_42_ll_misses: 0
     tx_queue_42_ll_cleaned: 0
     tx_queue_43_packets: 0
     tx_queue_43_bytes: 0
     tx_queue_43_ll_napi_yield: 0
     tx_queue_43_ll_misses: 0
     tx_queue_43_ll_cleaned: 0
     tx_queue_44_packets: 0
     tx_queue_44_bytes: 0
     tx_queue_44_ll_napi_yield: 0
     tx_queue_44_ll_misses: 0
     tx_queue_44_ll_cleaned: 0
     tx_queue_45_packets: 0
     tx_queue_45_bytes: 0
     tx_queue_45_ll_napi_yield: 0
     tx_queue_45_ll_misses: 0
     tx_queue_45_ll_cleaned: 0
     tx_queue_46_packets: 0
     tx_queue_46_bytes: 0
     tx_queue_46_ll_napi_yield: 0
     tx_queue_46_ll_misses: 0
     tx_queue_46_ll_cleaned: 0
     tx_queue_47_packets: 0
     tx_queue_47_bytes: 0
     tx_queue_47_ll_napi_yield: 0
     tx_queue_47_ll_misses: 0
     tx_queue_47_ll_cleaned: 0
     tx_queue_48_packets: 0
     tx_queue_48_bytes: 0
     tx_queue_48_ll_napi_yield: 0
     tx_queue_48_ll_misses: 0
     tx_queue_48_ll_cleaned: 0
     tx_queue_49_packets: 0
     tx_queue_49_bytes: 0
     tx_queue_49_ll_napi_yield: 0
     tx_queue_49_ll_misses: 0
     tx_queue_49_ll_cleaned: 0
     tx_queue_50_packets: 0
     tx_queue_50_bytes: 0
     tx_queue_50_ll_napi_yield: 0
     tx_queue_50_ll_misses: 0
     tx_queue_50_ll_cleaned: 0
     tx_queue_51_packets: 0
     tx_queue_51_bytes: 0
     tx_queue_51_ll_napi_yield: 0
     tx_queue_51_ll_misses: 0
     tx_queue_51_ll_cleaned: 0
     tx_queue_52_packets: 0
     tx_queue_52_bytes: 0
     tx_queue_52_ll_napi_yield: 0
     tx_queue_52_ll_misses: 0
     tx_queue_52_ll_cleaned: 0
     tx_queue_53_packets: 0
     tx_queue_53_bytes: 0
     tx_queue_53_ll_napi_yield: 0
     tx_queue_53_ll_misses: 0
     tx_queue_53_ll_cleaned: 0
     tx_queue_54_packets: 0
     tx_queue_54_bytes: 0
     tx_queue_54_ll_napi_yield: 0
     tx_queue_54_ll_misses: 0
     tx_queue_54_ll_cleaned: 0
     tx_queue_55_packets: 0
     tx_queue_55_bytes: 0
     tx_queue_55_ll_napi_yield: 0
     tx_queue_55_ll_misses: 0
     tx_queue_55_ll_cleaned: 0
     tx_queue_56_packets: 0
     tx_queue_56_bytes: 0
     tx_queue_56_ll_napi_yield: 0
     tx_queue_56_ll_misses: 0
     tx_queue_56_ll_cleaned: 0
     tx_queue_57_packets: 0
     tx_queue_57_bytes: 0
     tx_queue_57_ll_napi_yield: 0
     tx_queue_57_ll_misses: 0
     tx_queue_57_ll_cleaned: 0
     tx_queue_58_packets: 0
     tx_queue_58_bytes: 0
     tx_queue_58_ll_napi_yield: 0
     tx_queue_58_ll_misses: 0
     tx_queue_58_ll_cleaned: 0
     tx_queue_59_packets: 0
     tx_queue_59_bytes: 0
     tx_queue_59_ll_napi_yield: 0
     tx_queue_59_ll_misses: 0
     tx_queue_59_ll_cleaned: 0
     tx_queue_60_packets: 0
     tx_queue_60_bytes: 0
     tx_queue_60_ll_napi_yield: 0
     tx_queue_60_ll_misses: 0
     tx_queue_60_ll_cleaned: 0
     tx_queue_61_packets: 0
     tx_queue_61_bytes: 0
     tx_queue_61_ll_napi_yield: 0
     tx_queue_61_ll_misses: 0
     tx_queue_61_ll_cleaned: 0
     tx_queue_62_packets: 0
     tx_queue_62_bytes: 0
     tx_queue_62_ll_napi_yield: 0
     tx_queue_62_ll_misses: 0
     tx_queue_62_ll_cleaned: 0
     tx_queue_63_packets: 0
     tx_queue_63_bytes: 0
     tx_queue_63_ll_napi_yield: 0
     tx_queue_63_ll_misses: 0
     tx_queue_63_ll_cleaned: 0
     rx_queue_0_packets: 40492957
     rx_queue_0_bytes: 11054950137
     rx_queue_0_ll_poll_yield: 0
     rx_queue_0_ll_misses: 0
     rx_queue_0_ll_cleaned: 0
     rx_queue_1_packets: 3121442
     rx_queue_1_bytes: 5856958178
     rx_queue_1_ll_poll_yield: 0
     rx_queue_1_ll_misses: 0
     rx_queue_1_ll_cleaned: 0
     rx_queue_2_packets: 3089739
     rx_queue_2_bytes: 18838093767
     rx_queue_2_ll_poll_yield: 0
     rx_queue_2_ll_misses: 0
     rx_queue_2_ll_cleaned: 0
     rx_queue_3_packets: 9395582
     rx_queue_3_bytes: 8960213825
     rx_queue_3_ll_poll_yield: 0
     rx_queue_3_ll_misses: 0
     rx_queue_3_ll_cleaned: 0
     rx_queue_4_packets: 7565075
     rx_queue_4_bytes: 12366322549
     rx_queue_4_ll_poll_yield: 0
     rx_queue_4_ll_misses: 0
     rx_queue_4_ll_cleaned: 0
     rx_queue_5_packets: 83600977583
     rx_queue_5_bytes: 106094928542980
     rx_queue_5_ll_poll_yield: 0
     rx_queue_5_ll_misses: 0
     rx_queue_5_ll_cleaned: 0
     rx_queue_6_packets: 4161352
     rx_queue_6_bytes: 32316979125
     rx_queue_6_ll_poll_yield: 0
     rx_queue_6_ll_misses: 0
     rx_queue_6_ll_cleaned: 0
     rx_queue_7_packets: 3464128
     rx_queue_7_bytes: 6980050536
     rx_queue_7_ll_poll_yield: 0
     rx_queue_7_ll_misses: 0
     rx_queue_7_ll_cleaned: 0
     rx_queue_8_packets: 15507271788
     rx_queue_8_bytes: 23362454533010
     rx_queue_8_ll_poll_yield: 0
     rx_queue_8_ll_misses: 0
     rx_queue_8_ll_cleaned: 0
     rx_queue_9_packets: 2984996
     rx_queue_9_bytes: 4403094846
     rx_queue_9_ll_poll_yield: 0
     rx_queue_9_ll_misses: 0
     rx_queue_9_ll_cleaned: 0
     rx_queue_10_packets: 9443309
     rx_queue_10_bytes: 155990808955
     rx_queue_10_ll_poll_yield: 0
     rx_queue_10_ll_misses: 0
     rx_queue_10_ll_cleaned: 0
     rx_queue_11_packets: 11237902
     rx_queue_11_bytes: 184923944955
     rx_queue_11_ll_poll_yield: 0
     rx_queue_11_ll_misses: 0
     rx_queue_11_ll_cleaned: 0
     rx_queue_12_packets: 3486970
     rx_queue_12_bytes: 15419350363
     rx_queue_12_ll_poll_yield: 0
     rx_queue_12_ll_misses: 0
     rx_queue_12_ll_cleaned: 0
     rx_queue_13_packets: 5643695
     rx_queue_13_bytes: 4938642930
     rx_queue_13_ll_poll_yield: 0
     rx_queue_13_ll_misses: 0
     rx_queue_13_ll_cleaned: 0
     rx_queue_14_packets: 3532173
     rx_queue_14_bytes: 5687838010
     rx_queue_14_ll_poll_yield: 0
     rx_queue_14_ll_misses: 0
     rx_queue_14_ll_cleaned: 0
     rx_queue_15_packets: 5610951
     rx_queue_15_bytes: 15660879682
     rx_queue_15_ll_poll_yield: 0
     rx_queue_15_ll_misses: 0
     rx_queue_15_ll_cleaned: 0
     rx_queue_16_packets: 2126125
     rx_queue_16_bytes: 4323973934
     rx_queue_16_ll_poll_yield: 0
     rx_queue_16_ll_misses: 0
     rx_queue_16_ll_cleaned: 0
     rx_queue_17_packets: 3326365
     rx_queue_17_bytes: 7494035834
     rx_queue_17_ll_poll_yield: 0
     rx_queue_17_ll_misses: 0
     rx_queue_17_ll_cleaned: 0
     rx_queue_18_packets: 3512072
     rx_queue_18_bytes: 29255312850
     rx_queue_18_ll_poll_yield: 0
     rx_queue_18_ll_misses: 0
     rx_queue_18_ll_cleaned: 0
     rx_queue_19_packets: 31035767
     rx_queue_19_bytes: 35689902321
     rx_queue_19_ll_poll_yield: 0
     rx_queue_19_ll_misses: 0
     rx_queue_19_ll_cleaned: 0
     rx_queue_20_packets: 2796787
     rx_queue_20_bytes: 4040399843
     rx_queue_20_ll_poll_yield: 0
     rx_queue_20_ll_misses: 0
     rx_queue_20_ll_cleaned: 0
     rx_queue_21_packets: 4067539
     rx_queue_21_bytes: 14624928285
     rx_queue_21_ll_poll_yield: 0
     rx_queue_21_ll_misses: 0
     rx_queue_21_ll_cleaned: 0
     rx_queue_22_packets: 3630896
     rx_queue_22_bytes: 2595893474
     rx_queue_22_ll_poll_yield: 0
     rx_queue_22_ll_misses: 0
     rx_queue_22_ll_cleaned: 0
     rx_queue_23_packets: 2721679
     rx_queue_23_bytes: 7432186734
     rx_queue_23_ll_poll_yield: 0
     rx_queue_23_ll_misses: 0
     rx_queue_23_ll_cleaned: 0
     rx_queue_24_packets: 0
     rx_queue_24_bytes: 0
     rx_queue_24_ll_poll_yield: 0
     rx_queue_24_ll_misses: 0
     rx_queue_24_ll_cleaned: 0
     rx_queue_25_packets: 0
     rx_queue_25_bytes: 0
     rx_queue_25_ll_poll_yield: 0
     rx_queue_25_ll_misses: 0
     rx_queue_25_ll_cleaned: 0
     rx_queue_26_packets: 0
     rx_queue_26_bytes: 0
     rx_queue_26_ll_poll_yield: 0
     rx_queue_26_ll_misses: 0
     rx_queue_26_ll_cleaned: 0
     rx_queue_27_packets: 0
     rx_queue_27_bytes: 0
     rx_queue_27_ll_poll_yield: 0
     rx_queue_27_ll_misses: 0
     rx_queue_27_ll_cleaned: 0
     rx_queue_28_packets: 0
     rx_queue_28_bytes: 0
     rx_queue_28_ll_poll_yield: 0
     rx_queue_28_ll_misses: 0
     rx_queue_28_ll_cleaned: 0
     rx_queue_29_packets: 0
     rx_queue_29_bytes: 0
     rx_queue_29_ll_poll_yield: 0
     rx_queue_29_ll_misses: 0
     rx_queue_29_ll_cleaned: 0
     rx_queue_30_packets: 0
     rx_queue_30_bytes: 0
     rx_queue_30_ll_poll_yield: 0
     rx_queue_30_ll_misses: 0
     rx_queue_30_ll_cleaned: 0
     rx_queue_31_packets: 0
     rx_queue_31_bytes: 0
     rx_queue_31_ll_poll_yield: 0
     rx_queue_31_ll_misses: 0
     rx_queue_31_ll_cleaned: 0
     rx_queue_32_packets: 0
     rx_queue_32_bytes: 0
     rx_queue_32_ll_poll_yield: 0
     rx_queue_32_ll_misses: 0
     rx_queue_32_ll_cleaned: 0
     rx_queue_33_packets: 0
     rx_queue_33_bytes: 0
     rx_queue_33_ll_poll_yield: 0
     rx_queue_33_ll_misses: 0
     rx_queue_33_ll_cleaned: 0
     rx_queue_34_packets: 0
     rx_queue_34_bytes: 0
     rx_queue_34_ll_poll_yield: 0
     rx_queue_34_ll_misses: 0
     rx_queue_34_ll_cleaned: 0
     rx_queue_35_packets: 0
     rx_queue_35_bytes: 0
     rx_queue_35_ll_poll_yield: 0
     rx_queue_35_ll_misses: 0
     rx_queue_35_ll_cleaned: 0
     rx_queue_36_packets: 0
     rx_queue_36_bytes: 0
     rx_queue_36_ll_poll_yield: 0
     rx_queue_36_ll_misses: 0
     rx_queue_36_ll_cleaned: 0
     rx_queue_37_packets: 0
     rx_queue_37_bytes: 0
     rx_queue_37_ll_poll_yield: 0
     rx_queue_37_ll_misses: 0
     rx_queue_37_ll_cleaned: 0
     rx_queue_38_packets: 0
     rx_queue_38_bytes: 0
     rx_queue_38_ll_poll_yield: 0
     rx_queue_38_ll_misses: 0
     rx_queue_38_ll_cleaned: 0
     rx_queue_39_packets: 0
     rx_queue_39_bytes: 0
     rx_queue_39_ll_poll_yield: 0
     rx_queue_39_ll_misses: 0
     rx_queue_39_ll_cleaned: 0
     rx_queue_40_packets: 0
     rx_queue_40_bytes: 0
     rx_queue_40_ll_poll_yield: 0
     rx_queue_40_ll_misses: 0
     rx_queue_40_ll_cleaned: 0
     rx_queue_41_packets: 0
     rx_queue_41_bytes: 0
     rx_queue_41_ll_poll_yield: 0
     rx_queue_41_ll_misses: 0
     rx_queue_41_ll_cleaned: 0
     rx_queue_42_packets: 0
     rx_queue_42_bytes: 0
     rx_queue_42_ll_poll_yield: 0
     rx_queue_42_ll_misses: 0
     rx_queue_42_ll_cleaned: 0
     rx_queue_43_packets: 0
     rx_queue_43_bytes: 0
     rx_queue_43_ll_poll_yield: 0
     rx_queue_43_ll_misses: 0
     rx_queue_43_ll_cleaned: 0
     rx_queue_44_packets: 0
     rx_queue_44_bytes: 0
     rx_queue_44_ll_poll_yield: 0
     rx_queue_44_ll_misses: 0
     rx_queue_44_ll_cleaned: 0
     rx_queue_45_packets: 0
     rx_queue_45_bytes: 0
     rx_queue_45_ll_poll_yield: 0
     rx_queue_45_ll_misses: 0
     rx_queue_45_ll_cleaned: 0
     rx_queue_46_packets: 0
     rx_queue_46_bytes: 0
     rx_queue_46_ll_poll_yield: 0
     rx_queue_46_ll_misses: 0
     rx_queue_46_ll_cleaned: 0
     rx_queue_47_packets: 0
     rx_queue_47_bytes: 0
     rx_queue_47_ll_poll_yield: 0
     rx_queue_47_ll_misses: 0
     rx_queue_47_ll_cleaned: 0
     rx_queue_48_packets: 0
     rx_queue_48_bytes: 0
     rx_queue_48_ll_poll_yield: 0
     rx_queue_48_ll_misses: 0
     rx_queue_48_ll_cleaned: 0
     rx_queue_49_packets: 0
     rx_queue_49_bytes: 0
     rx_queue_49_ll_poll_yield: 0
     rx_queue_49_ll_misses: 0
     rx_queue_49_ll_cleaned: 0
     rx_queue_50_packets: 0
     rx_queue_50_bytes: 0
     rx_queue_50_ll_poll_yield: 0
     rx_queue_50_ll_misses: 0
     rx_queue_50_ll_cleaned: 0
     rx_queue_51_packets: 0
     rx_queue_51_bytes: 0
     rx_queue_51_ll_poll_yield: 0
     rx_queue_51_ll_misses: 0
     rx_queue_51_ll_cleaned: 0
     rx_queue_52_packets: 0
     rx_queue_52_bytes: 0
     rx_queue_52_ll_poll_yield: 0
     rx_queue_52_ll_misses: 0
     rx_queue_52_ll_cleaned: 0
     rx_queue_53_packets: 0
     rx_queue_53_bytes: 0
     rx_queue_53_ll_poll_yield: 0
     rx_queue_53_ll_misses: 0
     rx_queue_53_ll_cleaned: 0
     rx_queue_54_packets: 0
     rx_queue_54_bytes: 0
     rx_queue_54_ll_poll_yield: 0
     rx_queue_54_ll_misses: 0
     rx_queue_54_ll_cleaned: 0
     rx_queue_55_packets: 0
     rx_queue_55_bytes: 0
     rx_queue_55_ll_poll_yield: 0
     rx_queue_55_ll_misses: 0
     rx_queue_55_ll_cleaned: 0
     rx_queue_56_packets: 0
     rx_queue_56_bytes: 0
     rx_queue_56_ll_poll_yield: 0
     rx_queue_56_ll_misses: 0
     rx_queue_56_ll_cleaned: 0
     rx_queue_57_packets: 0
     rx_queue_57_bytes: 0
     rx_queue_57_ll_poll_yield: 0
     rx_queue_57_ll_misses: 0
     rx_queue_57_ll_cleaned: 0
     rx_queue_58_packets: 0
     rx_queue_58_bytes: 0
     rx_queue_58_ll_poll_yield: 0
     rx_queue_58_ll_misses: 0
     rx_queue_58_ll_cleaned: 0
     rx_queue_59_packets: 0
     rx_queue_59_bytes: 0
     rx_queue_59_ll_poll_yield: 0
     rx_queue_59_ll_misses: 0
     rx_queue_59_ll_cleaned: 0
     rx_queue_60_packets: 0
     rx_queue_60_bytes: 0
     rx_queue_60_ll_poll_yield: 0
     rx_queue_60_ll_misses: 0
     rx_queue_60_ll_cleaned: 0
     rx_queue_61_packets: 0
     rx_queue_61_bytes: 0
     rx_queue_61_ll_poll_yield: 0
     rx_queue_61_ll_misses: 0
     rx_queue_61_ll_cleaned: 0
     rx_queue_62_packets: 0
     rx_queue_62_bytes: 0
     rx_queue_62_ll_poll_yield: 0
     rx_queue_62_ll_misses: 0
     rx_queue_62_ll_cleaned: 0
     rx_queue_63_packets: 0
     rx_queue_63_bytes: 0
     rx_queue_63_ll_poll_yield: 0
     rx_queue_63_ll_misses: 0
     rx_queue_63_ll_cleaned: 0
     tx_pb_0_pxon: 0
     tx_pb_0_pxoff: 0
     tx_pb_1_pxon: 0
     tx_pb_1_pxoff: 0
     tx_pb_2_pxon: 0
     tx_pb_2_pxoff: 0
     tx_pb_3_pxon: 0
     tx_pb_3_pxoff: 0
     tx_pb_4_pxon: 0
     tx_pb_4_pxoff: 0
     tx_pb_5_pxon: 0
     tx_pb_5_pxoff: 0
     tx_pb_6_pxon: 0
     tx_pb_6_pxoff: 0
     tx_pb_7_pxon: 0
     tx_pb_7_pxoff: 0
     rx_pb_0_pxon: 0
     rx_pb_0_pxoff: 0
     rx_pb_1_pxon: 0
     rx_pb_1_pxoff: 0
     rx_pb_2_pxon: 0
     rx_pb_2_pxoff: 0
     rx_pb_3_pxon: 0
     rx_pb_3_pxoff: 0
     rx_pb_4_pxon: 0
     rx_pb_4_pxoff: 0
     rx_pb_5_pxon: 0
     rx_pb_5_pxoff: 0
     rx_pb_6_pxon: 0
     rx_pb_6_pxoff: 0
     rx_pb_7_pxon: 0
     rx_pb_7_pxoff: 0
NIC statistics:
     rx_packets: 99290080188
     tx_packets: 71255107314
     rx_bytes: 130048057245427
     tx_bytes: 95511937682534
     rx_pkts_nic: 99426057730
     tx_pkts_nic: 71254875652
     rx_bytes_nic: 130454064915746
     tx_bytes_nic: 95817922654757
     lsc_int: 0
     tx_busy: 0
     non_eop_descs: 270828279
     rx_errors: 0
     tx_errors: 0
     rx_dropped: 19433790
     tx_dropped: 0
     multicast: 115398
     broadcast: 33834739
     rx_no_buffer_count: 0
     collisions: 0
     rx_over_errors: 0
     rx_crc_errors: 0
     rx_frame_errors: 0
     hw_rsc_aggregated: 160430018
     hw_rsc_flushed: 23990020
     fdir_match: 270333624
     fdir_miss: 98060483751
     fdir_overflow: 501
     rx_fifo_errors: 0
     rx_missed_errors: 0
     tx_aborted_errors: 0
     tx_carrier_errors: 0
     tx_fifo_errors: 0
     tx_heartbeat_errors: 0
     tx_timeout_count: 0
     tx_restart_queue: 55946566
     rx_long_length_errors: 37
     rx_short_length_errors: 0
     tx_flow_control_xon: 10087266
     rx_flow_control_xon: 220505473
     tx_flow_control_xoff: 10840893
     rx_flow_control_xoff: 236162421
     rx_csum_offload_errors: 0
     alloc_rx_page_failed: 0
     alloc_rx_buff_failed: 0
     rx_no_dma_resources: 0
     os2bmc_rx_by_bmc: 0
     os2bmc_tx_by_bmc: 0
     os2bmc_tx_by_host: 0
     os2bmc_rx_by_host: 0
     fcoe_bad_fccrc: 0
     rx_fcoe_dropped: 0
     rx_fcoe_packets: 0
     rx_fcoe_dwords: 0
     fcoe_noddp: 0
     fcoe_noddp_ext_buff: 0
     tx_fcoe_packets: 0
     tx_fcoe_dwords: 0
     tx_queue_0_packets: 5676123384
     tx_queue_0_bytes: 8129549544368
     tx_queue_0_ll_napi_yield: 0
     tx_queue_0_ll_misses: 0
     tx_queue_0_ll_cleaned: 0
     tx_queue_1_packets: 3970858015
     tx_queue_1_bytes: 5346846196927
     tx_queue_1_ll_napi_yield: 0
     tx_queue_1_ll_misses: 0
     tx_queue_1_ll_cleaned: 0
     tx_queue_2_packets: 3740393917
     tx_queue_2_bytes: 5010013687952
     tx_queue_2_ll_napi_yield: 0
     tx_queue_2_ll_misses: 0
     tx_queue_2_ll_cleaned: 0
     tx_queue_3_packets: 4036861120
     tx_queue_3_bytes: 5532309255586
     tx_queue_3_ll_napi_yield: 0
     tx_queue_3_ll_misses: 0
     tx_queue_3_ll_cleaned: 0
     tx_queue_4_packets: 3098560531
     tx_queue_4_bytes: 4097753745688
     tx_queue_4_ll_napi_yield: 0
     tx_queue_4_ll_misses: 0
     tx_queue_4_ll_cleaned: 0
     tx_queue_5_packets: 3613194228
     tx_queue_5_bytes: 4819443524450
     tx_queue_5_ll_napi_yield: 0
     tx_queue_5_ll_misses: 0
     tx_queue_5_ll_cleaned: 0
     tx_queue_6_packets: 2496338660
     tx_queue_6_bytes: 3231324090502
     tx_queue_6_ll_napi_yield: 0
     tx_queue_6_ll_misses: 0
     tx_queue_6_ll_cleaned: 0
     tx_queue_7_packets: 2710834125
     tx_queue_7_bytes: 3541007554744
     tx_queue_7_ll_napi_yield: 0
     tx_queue_7_ll_misses: 0
     tx_queue_7_ll_cleaned: 0
     tx_queue_8_packets: 2680576954
     tx_queue_8_bytes: 3510151979597
     tx_queue_8_ll_napi_yield: 0
     tx_queue_8_ll_misses: 0
     tx_queue_8_ll_cleaned: 0
     tx_queue_9_packets: 2890560357
     tx_queue_9_bytes: 3763141771851
     tx_queue_9_ll_napi_yield: 0
     tx_queue_9_ll_misses: 0
     tx_queue_9_ll_cleaned: 0
     tx_queue_10_packets: 2704781703
     tx_queue_10_bytes: 3468847845724
     tx_queue_10_ll_napi_yield: 0
     tx_queue_10_ll_misses: 0
     tx_queue_10_ll_cleaned: 0
     tx_queue_11_packets: 2635996427
     tx_queue_11_bytes: 3403743666765
     tx_queue_11_ll_napi_yield: 0
     tx_queue_11_ll_misses: 0
     tx_queue_11_ll_cleaned: 0
     tx_queue_12_packets: 2640920821
     tx_queue_12_bytes: 3496055945095
     tx_queue_12_ll_napi_yield: 0
     tx_queue_12_ll_misses: 0
     tx_queue_12_ll_cleaned: 0
     tx_queue_13_packets: 2252726835
     tx_queue_13_bytes: 2958341872189
     tx_queue_13_ll_napi_yield: 0
     tx_queue_13_ll_misses: 0
     tx_queue_13_ll_cleaned: 0
     tx_queue_14_packets: 2647939843
     tx_queue_14_bytes: 3529138960278
     tx_queue_14_ll_napi_yield: 0
     tx_queue_14_ll_misses: 0
     tx_queue_14_ll_cleaned: 0
     tx_queue_15_packets: 2356651059
     tx_queue_15_bytes: 3221163263204
     tx_queue_15_ll_napi_yield: 0
     tx_queue_15_ll_misses: 0
     tx_queue_15_ll_cleaned: 0
     tx_queue_16_packets: 3378131690
     tx_queue_16_bytes: 4671901353962
     tx_queue_16_ll_napi_yield: 0
     tx_queue_16_ll_misses: 0
     tx_queue_16_ll_cleaned: 0
     tx_queue_17_packets: 3899603929
     tx_queue_17_bytes: 5435256005161
     tx_queue_17_ll_napi_yield: 0
     tx_queue_17_ll_misses: 0
     tx_queue_17_ll_cleaned: 0
     tx_queue_18_packets: 2543882559
     tx_queue_18_bytes: 3390881075356
     tx_queue_18_ll_napi_yield: 0
     tx_queue_18_ll_misses: 0
     tx_queue_18_ll_cleaned: 0
     tx_queue_19_packets: 2079478726
     tx_queue_19_bytes: 2921395335622
     tx_queue_19_ll_napi_yield: 0
     tx_queue_19_ll_misses: 0
     tx_queue_19_ll_cleaned: 0
     tx_queue_20_packets: 1883942396
     tx_queue_20_bytes: 2398907462716
     tx_queue_20_ll_napi_yield: 0
     tx_queue_20_ll_misses: 0
     tx_queue_20_ll_cleaned: 0
     tx_queue_21_packets: 2313097046
     tx_queue_21_bytes: 3039396921792
     tx_queue_21_ll_napi_yield: 0
     tx_queue_21_ll_misses: 0
     tx_queue_21_ll_cleaned: 0
     tx_queue_22_packets: 2938761762
     tx_queue_22_bytes: 3929998428899
     tx_queue_22_ll_napi_yield: 0
     tx_queue_22_ll_misses: 0
     tx_queue_22_ll_cleaned: 0
     tx_queue_23_packets: 2064891227
     tx_queue_23_bytes: 2665368194106
     tx_queue_23_ll_napi_yield: 0
     tx_queue_23_ll_misses: 0
     tx_queue_23_ll_cleaned: 0
     tx_queue_24_packets: 0
     tx_queue_24_bytes: 0
     tx_queue_24_ll_napi_yield: 0
     tx_queue_24_ll_misses: 0
     tx_queue_24_ll_cleaned: 0
     tx_queue_25_packets: 0
     tx_queue_25_bytes: 0
     tx_queue_25_ll_napi_yield: 0
     tx_queue_25_ll_misses: 0
     tx_queue_25_ll_cleaned: 0
     tx_queue_26_packets: 0
     tx_queue_26_bytes: 0
     tx_queue_26_ll_napi_yield: 0
     tx_queue_26_ll_misses: 0
     tx_queue_26_ll_cleaned: 0
     tx_queue_27_packets: 0
     tx_queue_27_bytes: 0
     tx_queue_27_ll_napi_yield: 0
     tx_queue_27_ll_misses: 0
     tx_queue_27_ll_cleaned: 0
     tx_queue_28_packets: 0
     tx_queue_28_bytes: 0
     tx_queue_28_ll_napi_yield: 0
     tx_queue_28_ll_misses: 0
     tx_queue_28_ll_cleaned: 0
     tx_queue_29_packets: 0
     tx_queue_29_bytes: 0
     tx_queue_29_ll_napi_yield: 0
     tx_queue_29_ll_misses: 0
     tx_queue_29_ll_cleaned: 0
     tx_queue_30_packets: 0
     tx_queue_30_bytes: 0
     tx_queue_30_ll_napi_yield: 0
     tx_queue_30_ll_misses: 0
     tx_queue_30_ll_cleaned: 0
     tx_queue_31_packets: 0
     tx_queue_31_bytes: 0
     tx_queue_31_ll_napi_yield: 0
     tx_queue_31_ll_misses: 0
     tx_queue_31_ll_cleaned: 0
     tx_queue_32_packets: 0
     tx_queue_32_bytes: 0
     tx_queue_32_ll_napi_yield: 0
     tx_queue_32_ll_misses: 0
     tx_queue_32_ll_cleaned: 0
     tx_queue_33_packets: 0
     tx_queue_33_bytes: 0
     tx_queue_33_ll_napi_yield: 0
     tx_queue_33_ll_misses: 0
     tx_queue_33_ll_cleaned: 0
     tx_queue_34_packets: 0
     tx_queue_34_bytes: 0
     tx_queue_34_ll_napi_yield: 0
     tx_queue_34_ll_misses: 0
     tx_queue_34_ll_cleaned: 0
     tx_queue_35_packets: 0
     tx_queue_35_bytes: 0
     tx_queue_35_ll_napi_yield: 0
     tx_queue_35_ll_misses: 0
     tx_queue_35_ll_cleaned: 0
     tx_queue_36_packets: 0
     tx_queue_36_bytes: 0
     tx_queue_36_ll_napi_yield: 0
     tx_queue_36_ll_misses: 0
     tx_queue_36_ll_cleaned: 0
     tx_queue_37_packets: 0
     tx_queue_37_bytes: 0
     tx_queue_37_ll_napi_yield: 0
     tx_queue_37_ll_misses: 0
     tx_queue_37_ll_cleaned: 0
     tx_queue_38_packets: 0
     tx_queue_38_bytes: 0
     tx_queue_38_ll_napi_yield: 0
     tx_queue_38_ll_misses: 0
     tx_queue_38_ll_cleaned: 0
     tx_queue_39_packets: 0
     tx_queue_39_bytes: 0
     tx_queue_39_ll_napi_yield: 0
     tx_queue_39_ll_misses: 0
     tx_queue_39_ll_cleaned: 0
     tx_queue_40_packets: 0
     tx_queue_40_bytes: 0
     tx_queue_40_ll_napi_yield: 0
     tx_queue_40_ll_misses: 0
     tx_queue_40_ll_cleaned: 0
     tx_queue_41_packets: 0
     tx_queue_41_bytes: 0
     tx_queue_41_ll_napi_yield: 0
     tx_queue_41_ll_misses: 0
     tx_queue_41_ll_cleaned: 0
     tx_queue_42_packets: 0
     tx_queue_42_bytes: 0
     tx_queue_42_ll_napi_yield: 0
     tx_queue_42_ll_misses: 0
     tx_queue_42_ll_cleaned: 0
     tx_queue_43_packets: 0
     tx_queue_43_bytes: 0
     tx_queue_43_ll_napi_yield: 0
     tx_queue_43_ll_misses: 0
     tx_queue_43_ll_cleaned: 0
     tx_queue_44_packets: 0
     tx_queue_44_bytes: 0
     tx_queue_44_ll_napi_yield: 0
     tx_queue_44_ll_misses: 0
     tx_queue_44_ll_cleaned: 0
     tx_queue_45_packets: 0
     tx_queue_45_bytes: 0
     tx_queue_45_ll_napi_yield: 0
     tx_queue_45_ll_misses: 0
     tx_queue_45_ll_cleaned: 0
     tx_queue_46_packets: 0
     tx_queue_46_bytes: 0
     tx_queue_46_ll_napi_yield: 0
     tx_queue_46_ll_misses: 0
     tx_queue_46_ll_cleaned: 0
     tx_queue_47_packets: 0
     tx_queue_47_bytes: 0
     tx_queue_47_ll_napi_yield: 0
     tx_queue_47_ll_misses: 0
     tx_queue_47_ll_cleaned: 0
     tx_queue_48_packets: 0
     tx_queue_48_bytes: 0
     tx_queue_48_ll_napi_yield: 0
     tx_queue_48_ll_misses: 0
     tx_queue_48_ll_cleaned: 0
     tx_queue_49_packets: 0
     tx_queue_49_bytes: 0
     tx_queue_49_ll_napi_yield: 0
     tx_queue_49_ll_misses: 0
     tx_queue_49_ll_cleaned: 0
     tx_queue_50_packets: 0
     tx_queue_50_bytes: 0
     tx_queue_50_ll_napi_yield: 0
     tx_queue_50_ll_misses: 0
     tx_queue_50_ll_cleaned: 0
     tx_queue_51_packets: 0
     tx_queue_51_bytes: 0
     tx_queue_51_ll_napi_yield: 0
     tx_queue_51_ll_misses: 0
     tx_queue_51_ll_cleaned: 0
     tx_queue_52_packets: 0
     tx_queue_52_bytes: 0
     tx_queue_52_ll_napi_yield: 0
     tx_queue_52_ll_misses: 0
     tx_queue_52_ll_cleaned: 0
     tx_queue_53_packets: 0
     tx_queue_53_bytes: 0
     tx_queue_53_ll_napi_yield: 0
     tx_queue_53_ll_misses: 0
     tx_queue_53_ll_cleaned: 0
     tx_queue_54_packets: 0
     tx_queue_54_bytes: 0
     tx_queue_54_ll_napi_yield: 0
     tx_queue_54_ll_misses: 0
     tx_queue_54_ll_cleaned: 0
     tx_queue_55_packets: 0
     tx_queue_55_bytes: 0
     tx_queue_55_ll_napi_yield: 0
     tx_queue_55_ll_misses: 0
     tx_queue_55_ll_cleaned: 0
     tx_queue_56_packets: 0
     tx_queue_56_bytes: 0
     tx_queue_56_ll_napi_yield: 0
     tx_queue_56_ll_misses: 0
     tx_queue_56_ll_cleaned: 0
     tx_queue_57_packets: 0
     tx_queue_57_bytes: 0
     tx_queue_57_ll_napi_yield: 0
     tx_queue_57_ll_misses: 0
     tx_queue_57_ll_cleaned: 0
     tx_queue_58_packets: 0
     tx_queue_58_bytes: 0
     tx_queue_58_ll_napi_yield: 0
     tx_queue_58_ll_misses: 0
     tx_queue_58_ll_cleaned: 0
     tx_queue_59_packets: 0
     tx_queue_59_bytes: 0
     tx_queue_59_ll_napi_yield: 0
     tx_queue_59_ll_misses: 0
     tx_queue_59_ll_cleaned: 0
     tx_queue_60_packets: 0
     tx_queue_60_bytes: 0
     tx_queue_60_ll_napi_yield: 0
     tx_queue_60_ll_misses: 0
     tx_queue_60_ll_cleaned: 0
     tx_queue_61_packets: 0
     tx_queue_61_bytes: 0
     tx_queue_61_ll_napi_yield: 0
     tx_queue_61_ll_misses: 0
     tx_queue_61_ll_cleaned: 0
     tx_queue_62_packets: 0
     tx_queue_62_bytes: 0
     tx_queue_62_ll_napi_yield: 0
     tx_queue_62_ll_misses: 0
     tx_queue_62_ll_cleaned: 0
     tx_queue_63_packets: 0
     tx_queue_63_bytes: 0
     tx_queue_63_ll_napi_yield: 0
     tx_queue_63_ll_misses: 0
     tx_queue_63_ll_cleaned: 0
     rx_queue_0_packets: 40495050
     rx_queue_0_bytes: 11055080269
     rx_queue_0_ll_poll_yield: 0
     rx_queue_0_ll_misses: 0
     rx_queue_0_ll_cleaned: 0
     rx_queue_1_packets: 3121464
     rx_queue_1_bytes: 5856962054
     rx_queue_1_ll_poll_yield: 0
     rx_queue_1_ll_misses: 0
     rx_queue_1_ll_cleaned: 0
     rx_queue_2_packets: 3089817
     rx_queue_2_bytes: 18838103529
     rx_queue_2_ll_poll_yield: 0
     rx_queue_2_ll_misses: 0
     rx_queue_2_ll_cleaned: 0
     rx_queue_3_packets: 9395596
     rx_queue_3_bytes: 8960215732
     rx_queue_3_ll_poll_yield: 0
     rx_queue_3_ll_misses: 0
     rx_queue_3_ll_cleaned: 0
     rx_queue_4_packets: 7565105
     rx_queue_4_bytes: 12366326495
     rx_queue_4_ll_poll_yield: 0
     rx_queue_4_ll_misses: 0
     rx_queue_4_ll_cleaned: 0
     rx_queue_5_packets: 83616356214
     rx_queue_5_bytes: 106096747201387
     rx_queue_5_ll_poll_yield: 0
     rx_queue_5_ll_misses: 0
     rx_queue_5_ll_cleaned: 0
     rx_queue_6_packets: 4161385
     rx_queue_6_bytes: 32316985277
     rx_queue_6_ll_poll_yield: 0
     rx_queue_6_ll_misses: 0
     rx_queue_6_ll_cleaned: 0
     rx_queue_7_packets: 3464175
     rx_queue_7_bytes: 6980059098
     rx_queue_7_ll_poll_yield: 0
     rx_queue_7_ll_misses: 0
     rx_queue_7_ll_cleaned: 0
     rx_queue_8_packets: 15507271807
     rx_queue_8_bytes: 23362454539976
     rx_queue_8_ll_poll_yield: 0
     rx_queue_8_ll_misses: 0
     rx_queue_8_ll_cleaned: 0
     rx_queue_9_packets: 2985012
     rx_queue_9_bytes: 4403097887
     rx_queue_9_ll_poll_yield: 0
     rx_queue_9_ll_misses: 0
     rx_queue_9_ll_cleaned: 0
     rx_queue_10_packets: 9443337
     rx_queue_10_bytes: 155990815051
     rx_queue_10_ll_poll_yield: 0
     rx_queue_10_ll_misses: 0
     rx_queue_10_ll_cleaned: 0
     rx_queue_11_packets: 11237975
     rx_queue_11_bytes: 184924001994
     rx_queue_11_ll_poll_yield: 0
     rx_queue_11_ll_misses: 0
     rx_queue_11_ll_cleaned: 0
     rx_queue_12_packets: 3486975
     rx_queue_12_bytes: 15419350902
     rx_queue_12_ll_poll_yield: 0
     rx_queue_12_ll_misses: 0
     rx_queue_12_ll_cleaned: 0
     rx_queue_13_packets: 5643787
     rx_queue_13_bytes: 4938684958
     rx_queue_13_ll_poll_yield: 0
     rx_queue_13_ll_misses: 0
     rx_queue_13_ll_cleaned: 0
     rx_queue_14_packets: 3532177
     rx_queue_14_bytes: 5687838545
     rx_queue_14_ll_poll_yield: 0
     rx_queue_14_ll_misses: 0
     rx_queue_14_ll_cleaned: 0
     rx_queue_15_packets: 5610961
     rx_queue_15_bytes: 15660880969
     rx_queue_15_ll_poll_yield: 0
     rx_queue_15_ll_misses: 0
     rx_queue_15_ll_cleaned: 0
     rx_queue_16_packets: 2126136
     rx_queue_16_bytes: 4323975287
     rx_queue_16_ll_poll_yield: 0
     rx_queue_16_ll_misses: 0
     rx_queue_16_ll_cleaned: 0
     rx_queue_17_packets: 3326386
     rx_queue_17_bytes: 7494038474
     rx_queue_17_ll_poll_yield: 0
     rx_queue_17_ll_misses: 0
     rx_queue_17_ll_cleaned: 0
     rx_queue_18_packets: 3512083
     rx_queue_18_bytes: 29255314118
     rx_queue_18_ll_poll_yield: 0
     rx_queue_18_ll_misses: 0
     rx_queue_18_ll_cleaned: 0
     rx_queue_19_packets: 31035773
     rx_queue_19_bytes: 35689903545
     rx_queue_19_ll_poll_yield: 0
     rx_queue_19_ll_misses: 0
     rx_queue_19_ll_cleaned: 0
     rx_queue_20_packets: 2796797
     rx_queue_20_bytes: 4040401130
     rx_queue_20_ll_poll_yield: 0
     rx_queue_20_ll_misses: 0
     rx_queue_20_ll_cleaned: 0
     rx_queue_21_packets: 4067539
     rx_queue_21_bytes: 14624928285
     rx_queue_21_ll_poll_yield: 0
     rx_queue_21_ll_misses: 0
     rx_queue_21_ll_cleaned: 0
     rx_queue_22_packets: 3632913
     rx_queue_22_bytes: 2596327316
     rx_queue_22_ll_poll_yield: 0
     rx_queue_22_ll_misses: 0
     rx_queue_22_ll_cleaned: 0
     rx_queue_23_packets: 2721724
     rx_queue_23_bytes: 7432213149
     rx_queue_23_ll_poll_yield: 0
     rx_queue_23_ll_misses: 0
     rx_queue_23_ll_cleaned: 0
     rx_queue_24_packets: 0
     rx_queue_24_bytes: 0
     rx_queue_24_ll_poll_yield: 0
     rx_queue_24_ll_misses: 0
     rx_queue_24_ll_cleaned: 0
     rx_queue_25_packets: 0
     rx_queue_25_bytes: 0
     rx_queue_25_ll_poll_yield: 0
     rx_queue_25_ll_misses: 0
     rx_queue_25_ll_cleaned: 0
     rx_queue_26_packets: 0
     rx_queue_26_bytes: 0
     rx_queue_26_ll_poll_yield: 0
     rx_queue_26_ll_misses: 0
     rx_queue_26_ll_cleaned: 0
     rx_queue_27_packets: 0
     rx_queue_27_bytes: 0
     rx_queue_27_ll_poll_yield: 0
     rx_queue_27_ll_misses: 0
     rx_queue_27_ll_cleaned: 0
     rx_queue_28_packets: 0
     rx_queue_28_bytes: 0
     rx_queue_28_ll_poll_yield: 0
     rx_queue_28_ll_misses: 0
     rx_queue_28_ll_cleaned: 0
     rx_queue_29_packets: 0
     rx_queue_29_bytes: 0
     rx_queue_29_ll_poll_yield: 0
     rx_queue_29_ll_misses: 0
     rx_queue_29_ll_cleaned: 0
     rx_queue_30_packets: 0
     rx_queue_30_bytes: 0
     rx_queue_30_ll_poll_yield: 0
     rx_queue_30_ll_misses: 0
     rx_queue_30_ll_cleaned: 0
     rx_queue_31_packets: 0
     rx_queue_31_bytes: 0
     rx_queue_31_ll_poll_yield: 0
     rx_queue_31_ll_misses: 0
     rx_queue_31_ll_cleaned: 0
     rx_queue_32_packets: 0
     rx_queue_32_bytes: 0
     rx_queue_32_ll_poll_yield: 0
     rx_queue_32_ll_misses: 0
     rx_queue_32_ll_cleaned: 0
     rx_queue_33_packets: 0
     rx_queue_33_bytes: 0
     rx_queue_33_ll_poll_yield: 0
     rx_queue_33_ll_misses: 0
     rx_queue_33_ll_cleaned: 0
     rx_queue_34_packets: 0
     rx_queue_34_bytes: 0
     rx_queue_34_ll_poll_yield: 0
     rx_queue_34_ll_misses: 0
     rx_queue_34_ll_cleaned: 0
     rx_queue_35_packets: 0
     rx_queue_35_bytes: 0
     rx_queue_35_ll_poll_yield: 0
     rx_queue_35_ll_misses: 0
     rx_queue_35_ll_cleaned: 0
     rx_queue_36_packets: 0
     rx_queue_36_bytes: 0
     rx_queue_36_ll_poll_yield: 0
     rx_queue_36_ll_misses: 0
     rx_queue_36_ll_cleaned: 0
     rx_queue_37_packets: 0
     rx_queue_37_bytes: 0
     rx_queue_37_ll_poll_yield: 0
     rx_queue_37_ll_misses: 0
     rx_queue_37_ll_cleaned: 0
     rx_queue_38_packets: 0
     rx_queue_38_bytes: 0
     rx_queue_38_ll_poll_yield: 0
     rx_queue_38_ll_misses: 0
     rx_queue_38_ll_cleaned: 0
     rx_queue_39_packets: 0
     rx_queue_39_bytes: 0
     rx_queue_39_ll_poll_yield: 0
     rx_queue_39_ll_misses: 0
     rx_queue_39_ll_cleaned: 0
     rx_queue_40_packets: 0
     rx_queue_40_bytes: 0
     rx_queue_40_ll_poll_yield: 0
     rx_queue_40_ll_misses: 0
     rx_queue_40_ll_cleaned: 0
     rx_queue_41_packets: 0
     rx_queue_41_bytes: 0
     rx_queue_41_ll_poll_yield: 0
     rx_queue_41_ll_misses: 0
     rx_queue_41_ll_cleaned: 0
     rx_queue_42_packets: 0
     rx_queue_42_bytes: 0
     rx_queue_42_ll_poll_yield: 0
     rx_queue_42_ll_misses: 0
     rx_queue_42_ll_cleaned: 0
     rx_queue_43_packets: 0
     rx_queue_43_bytes: 0
     rx_queue_43_ll_poll_yield: 0
     rx_queue_43_ll_misses: 0
     rx_queue_43_ll_cleaned: 0
     rx_queue_44_packets: 0
     rx_queue_44_bytes: 0
     rx_queue_44_ll_poll_yield: 0
     rx_queue_44_ll_misses: 0
     rx_queue_44_ll_cleaned: 0
     rx_queue_45_packets: 0
     rx_queue_45_bytes: 0
     rx_queue_45_ll_poll_yield: 0
     rx_queue_45_ll_misses: 0
     rx_queue_45_ll_cleaned: 0
     rx_queue_46_packets: 0
     rx_queue_46_bytes: 0
     rx_queue_46_ll_poll_yield: 0
     rx_queue_46_ll_misses: 0
     rx_queue_46_ll_cleaned: 0
     rx_queue_47_packets: 0
     rx_queue_47_bytes: 0
     rx_queue_47_ll_poll_yield: 0
     rx_queue_47_ll_misses: 0
     rx_queue_47_ll_cleaned: 0
     rx_queue_48_packets: 0
     rx_queue_48_bytes: 0
     rx_queue_48_ll_poll_yield: 0
     rx_queue_48_ll_misses: 0
     rx_queue_48_ll_cleaned: 0
     rx_queue_49_packets: 0
     rx_queue_49_bytes: 0
     rx_queue_49_ll_poll_yield: 0
     rx_queue_49_ll_misses: 0
     rx_queue_49_ll_cleaned: 0
     rx_queue_50_packets: 0
     rx_queue_50_bytes: 0
     rx_queue_50_ll_poll_yield: 0
     rx_queue_50_ll_misses: 0
     rx_queue_50_ll_cleaned: 0
     rx_queue_51_packets: 0
     rx_queue_51_bytes: 0
     rx_queue_51_ll_poll_yield: 0
     rx_queue_51_ll_misses: 0
     rx_queue_51_ll_cleaned: 0
     rx_queue_52_packets: 0
     rx_queue_52_bytes: 0
     rx_queue_52_ll_poll_yield: 0
     rx_queue_52_ll_misses: 0
     rx_queue_52_ll_cleaned: 0
     rx_queue_53_packets: 0
     rx_queue_53_bytes: 0
     rx_queue_53_ll_poll_yield: 0
     rx_queue_53_ll_misses: 0
     rx_queue_53_ll_cleaned: 0
     rx_queue_54_packets: 0
     rx_queue_54_bytes: 0
     rx_queue_54_ll_poll_yield: 0
     rx_queue_54_ll_misses: 0
     rx_queue_54_ll_cleaned: 0
     rx_queue_55_packets: 0
     rx_queue_55_bytes: 0
     rx_queue_55_ll_poll_yield: 0
     rx_queue_55_ll_misses: 0
     rx_queue_55_ll_cleaned: 0
     rx_queue_56_packets: 0
     rx_queue_56_bytes: 0
     rx_queue_56_ll_poll_yield: 0
     rx_queue_56_ll_misses: 0
     rx_queue_56_ll_cleaned: 0
     rx_queue_57_packets: 0
     rx_queue_57_bytes: 0
     rx_queue_57_ll_poll_yield: 0
     rx_queue_57_ll_misses: 0
     rx_queue_57_ll_cleaned: 0
     rx_queue_58_packets: 0
     rx_queue_58_bytes: 0
     rx_queue_58_ll_poll_yield: 0
     rx_queue_58_ll_misses: 0
     rx_queue_58_ll_cleaned: 0
     rx_queue_59_packets: 0
     rx_queue_59_bytes: 0
     rx_queue_59_ll_poll_yield: 0
     rx_queue_59_ll_misses: 0
     rx_queue_59_ll_cleaned: 0
     rx_queue_60_packets: 0
     rx_queue_60_bytes: 0
     rx_queue_60_ll_poll_yield: 0
     rx_queue_60_ll_misses: 0
     rx_queue_60_ll_cleaned: 0
     rx_queue_61_packets: 0
     rx_queue_61_bytes: 0
     rx_queue_61_ll_poll_yield: 0
     rx_queue_61_ll_misses: 0
     rx_queue_61_ll_cleaned: 0
     rx_queue_62_packets: 0
     rx_queue_62_bytes: 0
     rx_queue_62_ll_poll_yield: 0
     rx_queue_62_ll_misses: 0
     rx_queue_62_ll_cleaned: 0
     rx_queue_63_packets: 0
     rx_queue_63_bytes: 0
     rx_queue_63_ll_poll_yield: 0
     rx_queue_63_ll_misses: 0
     rx_queue_63_ll_cleaned: 0
     tx_pb_0_pxon: 0
     tx_pb_0_pxoff: 0
     tx_pb_1_pxon: 0
     tx_pb_1_pxoff: 0
     tx_pb_2_pxon: 0
     tx_pb_2_pxoff: 0
     tx_pb_3_pxon: 0
     tx_pb_3_pxoff: 0
     tx_pb_4_pxon: 0
     tx_pb_4_pxoff: 0
     tx_pb_5_pxon: 0
     tx_pb_5_pxoff: 0
     tx_pb_6_pxon: 0
     tx_pb_6_pxoff: 0
     tx_pb_7_pxon: 0
     tx_pb_7_pxoff: 0
     rx_pb_0_pxon: 0
     rx_pb_0_pxoff: 0
     rx_pb_1_pxon: 0
     rx_pb_1_pxoff: 0
     rx_pb_2_pxon: 0
     rx_pb_2_pxoff: 0
     rx_pb_3_pxon: 0
     rx_pb_3_pxoff: 0
     rx_pb_4_pxon: 0
     rx_pb_4_pxoff: 0
     rx_pb_5_pxon: 0
     rx_pb_5_pxoff: 0
     rx_pb_6_pxon: 0
     rx_pb_6_pxoff: 0
     rx_pb_7_pxon: 0
     rx_pb_7_pxoff: 0
