09:52:28 PM      eth0      8.00      1.00      0.75      0.06      0.00      0.00      0.00
09:52:29 PM      eth0      6.00      0.00      0.35      0.00      0.00      0.00      0.00
09:52:30 PM      eth0      9.00      1.00      1.59      0.16      0.00      0.00      0.00
09:52:31 PM      eth0      3.00      0.00      0.18      0.00      0.00      0.00      0.00
09:52:32 PM      eth0     13.00     11.00      2.21      2.90      0.00      0.00      0.00
09:52:33 PM      eth0      7.00      1.00      1.29      0.16      0.00      0.00      0.00
09:52:34 PM      eth0      6.00      0.00      0.43      0.00      0.00      0.00      0.00
09:52:35 PM      eth0      5.00      0.00      0.29      0.00      0.00      0.00      0.00
09:52:36 PM      eth0     23.00     15.00      7.67      3.09      0.00      0.00      0.00
09:52:37 PM      eth0     19.00      8.00      7.96      0.91      0.00      0.00      0.00
09:52:38 PM      eth0     32.00     18.00     17.13      2.05      0.00      0.00      0.00
09:52:39 PM      eth0      7.00      1.00      1.36      0.16      0.00      0.00      0.00
09:52:40 PM      eth0     12.00      0.00      1.08      0.00      0.00      0.00      0.00
09:52:41 PM      eth0     29.00     11.00      5.05      2.82      0.00      0.00      1.00
09:52:42 PM      eth0     28.00     15.00      6.51      3.36      0.00      0.00      0.00
09:52:43 PM      eth0     24.00      8.00      8.70      0.91      0.00      0.00      0.00
09:52:44 PM      eth0     26.00     13.00     12.47      1.53      0.00      0.00      0.00
09:52:45 PM      eth0     17.00      8.00      7.77      0.91      0.00      0.00      1.00
09:52:46 PM      eth0     14.00      3.00      3.69      0.39      0.00      0.00      0.00
09:52:47 PM      eth0     20.00     12.00      4.21      2.90      0.00      0.00      1.00
09:52:48 PM      eth0     26.00      8.00      8.45      0.91      0.00      0.00      0.00
09:52:49 PM      eth0     26.00     17.00      4.05      4.86      0.00      0.00      0.00
09:52:50 PM      eth0     17.00      4.00      4.47      0.46      0.00      0.00      0.00
09:52:51 PM      eth0     11.00      2.00      1.52      0.20      0.00      0.00      1.00
09:52:52 PM      eth0     18.00     11.00      2.57      2.90      0.00      0.00      0.00
09:52:53 PM      eth0     11.00      1.00      1.58      0.16      0.00      0.00      0.00
09:52:54 PM      eth0      6.00      0.00      0.69      0.00      0.00      0.00      0.00
09:52:55 PM      eth0     58.00     62.00     18.09     25.29      0.00      0.00      1.00
09:52:56 PM      eth0      9.00      1.00      2.04      0.16      0.00      0.00      0.00
09:52:57 PM      eth0      4.00      0.00      0.23      0.00      0.00      0.00      1.00
09:52:58 PM      eth0      6.00      1.00      1.23      0.16      0.00      0.00      0.00
09:52:59 PM      eth0      6.00      0.00      0.47      0.00      0.00      0.00      0.00
09:53:00 PM      eth0      7.00      1.00      1.80      0.16      0.00      0.00      0.00
09:53:01 PM      eth0      4.00      0.00      0.23      0.00      0.00      0.00      0.00
09:53:02 PM      eth0     18.00     12.00      4.04      3.07      0.00      0.00      0.00
09:53:03 PM      eth0     15.00     11.00      2.31      2.86      0.00      0.00      0.00
09:53:04 PM      eth0      9.00      1.00      1.46      0.16      0.00      0.00      0.00
09:53:05 PM      eth0      5.00      0.00      0.29      0.00      0.00      0.00      0.00
09:53:06 PM      eth0     11.00      9.00      1.87      2.41      0.00      0.00      0.00
09:53:07 PM      eth0     13.00     10.00      2.12      2.67      0.00      0.00      0.00
09:53:08 PM      eth0      8.00      1.00      1.46      0.16      0.00      0.00      0.00
09:53:09 PM      eth0      7.00      0.00      0.62      0.00      0.00      0.00      0.00
09:53:10 PM      eth0      8.00      1.00      1.40      0.16      0.00      0.00      0.00
09:53:11 PM      eth0      5.00      0.00      0.35      0.00      0.00      0.00      0.00
09:53:12 PM      eth0     15.00     11.00      2.91      2.90      0.00      0.00      0.00
09:53:13 PM      eth0     10.00      1.00      1.74      0.16      0.00      0.00      0.00
09:53:14 PM      eth0      7.00      0.00      0.53      0.00      0.00      0.00      0.00
09:53:15 PM      eth0     11.00      2.00      1.87      0.20      0.00      0.00      0.00
09:53:16 PM      eth0      9.00      2.00     11.87      0.23      0.00      0.00      0.00
09:53:17 PM      eth0    112.00    142.00     28.42     70.07      0.00      0.00      0.00
09:53:18 PM      eth0 93316091444.00 68157814089.00 120128797173.66 90286084013.91      0.00      0.00  99999.00
09:53:19 PM      eth0 93316091485.00 68157814133.00 120128797184.17 90286084027.71      0.00      0.00  99999.00
09:53:20 PM      eth0      5.00      0.00      0.30      0.00      0.00      0.00      0.00
09:53:21 PM      eth0     16.00     11.00      4.29      2.34      0.00      0.00      0.00
09:53:22 PM      eth0     29.00     31.00      5.98      7.60      0.00      0.00      0.00
09:53:23 PM      eth0      5.00      0.00      0.35      0.00      0.00      0.00      0.00
09:53:24 PM      eth0     64.00     86.00     23.16     36.36      0.00      0.00      0.00
09:53:25 PM      eth0     24.00     21.00      3.05      8.56      0.00      0.00      0.00
09:53:26 PM      eth0      6.00      0.00      0.87      0.00      0.00      0.00      0.00
09:53:27 PM      eth0      9.00      1.00      1.68      0.16      0.00      0.00      0.00
09:53:28 PM      eth0      6.00      3.00      0.63      0.35      0.00      0.00      0.00
09:53:29 PM      eth0     16.00     16.00      4.19      2.78      0.00      0.00      0.00
09:53:30 PM      eth0      4.00      0.00      0.23      0.00      0.00      0.00      0.00
09:53:31 PM      eth0      6.00      0.00      0.43      0.00      0.00      0.00      0.00
09:53:32 PM      eth0     14.00     11.00      2.27      2.90      0.00      0.00      0.00
09:53:33 PM      eth0      6.00      0.00      0.35      0.00      0.00      0.00      0.00
09:53:34 PM      eth0     25.00     23.00     14.37     10.62      0.00      0.00      0.00
09:53:35 PM      eth0    182.00    239.00     60.97    113.56      0.00      0.00      0.00
09:53:36 PM      eth0 93316091914.00 68157814596.00 120128797309.03 90286084218.22      0.00      0.00  99999.00
09:53:37 PM      eth0     61.00     70.00     17.89     19.00      0.00      0.00      0.00
09:53:38 PM      eth0     28.00     33.00      4.66      6.26      0.00      0.00      0.00
09:53:39 PM      eth0      6.00      0.00      0.35      0.00      0.00      0.00      0.00
09:53:40 PM      eth0     83.00    101.00     25.86     44.23      0.00      0.00      0.00
09:53:41 PM      eth0      7.00      8.00      0.69      0.81      0.00      0.00      0.00
09:53:42 PM      eth0     23.00     24.00      4.44      5.91      0.00      0.00      0.00
09:53:43 PM      eth0      9.00      2.00      1.76      0.29      0.00      0.00      0.00
09:53:44 PM      eth0      9.00      0.00      1.14      0.00      0.00      0.00      0.00
09:53:45 PM      eth0     21.00     17.00      6.38      3.09      0.00      0.00      0.00
09:53:46 PM      eth0      5.00      3.00      0.32      0.35      0.00      0.00      0.00
09:53:47 PM      eth0      7.00      0.00      0.47      0.00      0.00      0.00      0.00
09:53:48 PM      eth0      5.00      0.00      0.29      0.00      0.00      0.00      0.00
09:53:49 PM      eth0      8.00      0.00      0.80      0.00      0.00      0.00      0.00
09:53:50 PM      eth0    126.00    168.00     45.08     82.58      0.00      0.00      0.00
09:53:51 PM      eth0 93316092398.00 68157815129.00 120128797455.30 90286084424.86      0.00      0.00  99999.00
09:53:52 PM      eth0     49.00     47.00     12.17     16.19      0.00      0.00      0.00
09:53:53 PM      eth0     22.00     27.00      6.32      5.48      0.00      0.00      0.00
09:53:54 PM      eth0     17.00     13.00      2.27      2.69      0.00      0.00      0.00
09:53:55 PM      eth0     81.00     99.00     31.57     36.13      0.00      0.00      0.00
09:53:56 PM      eth0     83.00    104.00     25.78     45.65      0.00      0.00      0.00
09:53:57 PM      eth0      4.00      6.00      0.23      0.70      0.00      0.00      0.00
09:53:58 PM      eth0    142.00    192.00     50.56     90.99      0.00      0.00      0.00
09:59:07 PM      eth0 93329813001.00 68195803861.00 120130450716.84 90342241438.27      0.00      0.00 100000.00
09:59:08 PM      eth0    253.00    364.00     68.12    176.74      0.00      0.00      0.00
09:59:09 PM      eth0    280.00    375.00     66.43    165.69      0.00      0.00      0.00
09:59:10 PM      eth0     85.00    105.00     23.37     50.58      0.00      0.00      0.00
09:59:11 PM      eth0     58.00     69.00     10.71     28.41      0.00      0.00      0.00
09:59:12 PM      eth0     50.00     48.00     11.64     13.21      0.00      0.00      0.00
09:59:13 PM      eth0    107.00    106.00     37.71     26.99      0.00      0.00      0.00
09:59:14 PM      eth0     21.00      6.00      7.99      0.98      0.00      0.00      0.00
09:59:15 PM      eth0     27.00      6.00      8.34      0.98      0.00      0.00      0.00
09:59:16 PM      eth0     29.00      4.00      6.20      0.65      0.00      0.00      0.00
09:59:17 PM      eth0     26.00      3.00      4.90      0.49      0.00      0.00      0.00
09:59:18 PM      eth0     75.00     67.00     19.77     22.75      0.00      0.00      0.00
09:59:19 PM      eth0     66.00     64.00     17.11     22.27      0.00      0.00      0.00
09:59:20 PM      eth0     43.00     39.00     14.78     12.18      0.00      0.00      0.00
09:59:21 PM      eth0     38.00     38.00     11.60     11.82      0.00      0.00      0.00
09:59:22 PM      eth0     69.00     75.00     19.69     25.37      0.00      0.00      0.00
09:59:23 PM      eth0     39.00     36.00     11.18     11.69      0.00      0.00      0.00
09:59:24 PM      eth0     47.00     36.00     14.55     11.98      0.00      0.00      0.00
09:59:25 PM      eth0     19.00      6.00      7.30      0.98      0.00      0.00      0.00
09:59:26 PM      eth0     31.00     14.00     14.76      2.28      0.00      0.00      0.00
09:59:27 PM      eth0     39.00     17.00     20.67      2.77      0.00      0.00      0.00
09:59:28 PM      eth0     37.00     15.00     18.90      2.45      0.00      0.00      0.00
