              total        used        free      shared  buff/cache   available
Mem:          48114        3112       40177        1378        4824       42994
Swap:         24191           0       24191
Total:        72306        3112       64369

              total        used        free      shared  buff/cache   available
Mem:          48114        3114       40175        1378        4824       42993
Swap:         24191           0       24191
Total:        72306        3114       64367

              total        used        free      shared  buff/cache   available
Mem:          48114        3114       40174        1378        4824       42992
Swap:         24191           0       24191
Total:        72306        3114       64366

              total        used        free      shared  buff/cache   available
Mem:          48114        3114       40174        1378        4824       42992
Swap:         24191           0       24191
Total:        72306        3114       64366

              total        used        free      shared  buff/cache   available
Mem:          48114        3116       40172        1378        4825       42990
Swap:         24191           0       24191
Total:        72306        3116       64364

              total        used        free      shared  buff/cache   available
Mem:          48114        3116       40172        1378        4825       42991
Swap:         24191           0       24191
Total:        72306        3116       64364

              total        used        free      shared  buff/cache   available
Mem:          48114        3116       40172        1378        4825       42990
Swap:         24191           0       24191
Total:        72306        3116       64364

              total        used        free      shared  buff/cache   available
Mem:          48114        3116       40172        1378        4825       42990
Swap:         24191           0       24191
Total:        72306        3116       64364

              total        used        free      shared  buff/cache   available
Mem:          48114        3115       40173        1378        4825       42992
Swap:         24191           0       24191
Total:        72306        3115       64365

              total        used        free      shared  buff/cache   available
Mem:          48114        3114       40174        1378        4825       42992
Swap:         24191           0       24191
Total:        72306        3114       64366

              total        used        free      shared  buff/cache   available
Mem:          48114        3114       40174        1378        4825       42993
Swap:         24191           0       24191
Total:        72306        3114       64366

              total        used        free      shared  buff/cache   available
Mem:          48114        3114       40174        1378        4825       42993
Swap:         24191           0       24191
Total:        72306        3114       64366

              total        used        free      shared  buff/cache   available
Mem:          48114        3114       40173        1378        4825       42992
Swap:         24191           0       24191
Total:        72306        3114       64365

              total        used        free      shared  buff/cache   available
Mem:          48114        3117       40171        1378        4825       42990
Swap:         24191           0       24191
Total:        72306        3117       64363

              total        used        free      shared  buff/cache   available
Mem:          48114        3117       40171        1378        4825       42990
Swap:         24191           0       24191
Total:        72306        3117       64363

              total        used        free      shared  buff/cache   available
Mem:          48114        3116       40172        1378        4825       42991
Swap:         24191           0       24191
Total:        72306        3116       64364

              total        used        free      shared  buff/cache   available
Mem:          48114        3116       40172        1378        4825       42991
Swap:         24191           0       24191
Total:        72306        3116       64364

              total        used        free      shared  buff/cache   available
Mem:          48114        3116       40171        1378        4825       42991
Swap:         24191           0       24191
Total:        72306        3116       64363

              total        used        free      shared  buff/cache   available
Mem:          48114        3117       40170        1378        4826       42990
Swap:         24191           0       24191
Total:        72306        3117       64362

              total        used        free      shared  buff/cache   available
Mem:          48114        3116       40172        1378        4825       42991
Swap:         24191           0       24191
Total:        72306        3116       64364

              total        used        free      shared  buff/cache   available
Mem:          48114        3116       40171        1378        4826       42991
Swap:         24191           0       24191
Total:        72306        3116       64363

              total        used        free      shared  buff/cache   available
Mem:          48114        3116       40171        1378        4826       42991
Swap:         24191           0       24191
Total:        72306        3116       64363

              total        used        free      shared  buff/cache   available
Mem:          48114        3116       40171        1378        4826       42991
Swap:         24191           0       24191
Total:        72306        3116       64363

              total        used        free      shared  buff/cache   available
Mem:          48114        3115       40172        1378        4826       42992
Swap:         24191           0       24191
Total:        72306        3115       64364

              total        used        free      shared  buff/cache   available
Mem:          48114        3116       40171        1378        4826       42991
Swap:         24191           0       24191
Total:        72306        3116       64363

              total        used        free      shared  buff/cache   available
Mem:          48114        3116       40170        1378        4826       42991
Swap:         24191           0       24191
Total:        72306        3116       64362

              total        used        free      shared  buff/cache   available
Mem:          48114        3116       40171        1378        4826       42991
Swap:         24191           0       24191
Total:        72306        3116       64363

              total        used        free      shared  buff/cache   available
Mem:          48114        3117       40170        1378        4826       42990
Swap:         24191           0       24191
Total:        72306        3117       64362

              total        used        free      shared  buff/cache   available
Mem:          48114        3116       40170        1378        4826       42991
Swap:         24191           0       24191
Total:        72306        3116       64362

              total        used        free      shared  buff/cache   available
Mem:          48114        3116       40170        1378        4826       42991
Swap:         24191           0       24191
Total:        72306        3116       64362

              total        used        free      shared  buff/cache   available
Mem:          48114        3115       40171        1378        4826       42992
Swap:         24191           0       24191
Total:        72306        3115       64363

              total        used        free      shared  buff/cache   available
Mem:          48114        3114       40172        1378        4827       42993
Swap:         24191           0       24191
Total:        72306        3114       64364

              total        used        free      shared  buff/cache   available
Mem:          48114        3115       40171        1378        4827       42992
Swap:         24191           0       24191
Total:        72306        3115       64363

              total        used        free      shared  buff/cache   available
Mem:          48114        3115       40171        1378        4827       42992
Swap:         24191           0       24191
Total:        72306        3115       64363

              total        used        free      shared  buff/cache   available
Mem:          48114        3115       40171        1378        4827       42992
Swap:         24191           0       24191
Total:        72306        3115       64363

              total        used        free      shared  buff/cache   available
Mem:          48114        3115       40171        1378        4827       42992
Swap:         24191           0       24191
Total:        72306        3115       64363

              total        used        free      shared  buff/cache   available
Mem:          48114        3115       40170        1378        4827       42991
Swap:         24191           0       24191
Total:        72306        3115       64362

              total        used        free      shared  buff/cache   available
Mem:          48114        3114       40171        1378        4827       42992
Swap:         24191           0       24191
Total:        72306        3114       64363

              total        used        free      shared  buff/cache   available
Mem:          48114        3116       40170        1378        4827       42991
Swap:         24191           0       24191
Total:        72306        3116       64362

              total        used        free      shared  buff/cache   available
Mem:          48114        3116       40169        1378        4827       42990
Swap:         24191           0       24191
Total:        72306        3116       64361

              total        used        free      shared  buff/cache   available
Mem:          48114        3115       40171        1378        4827       42992
Swap:         24191           0       24191
Total:        72306        3115       64363

              total        used        free      shared  buff/cache   available
Mem:          48114        3115       40170        1378        4828       42992
Swap:         24191           0       24191
Total:        72306        3115       64362

              total        used        free      shared  buff/cache   available
Mem:          48114        3114       40171        1378        4828       42992
Swap:         24191           0       24191
Total:        72306        3114       64363

              total        used        free      shared  buff/cache   available
Mem:          48114        3114       40171        1378        4828       42993
Swap:         24191           0       24191
Total:        72306        3114       64363

              total        used        free      shared  buff/cache   available
Mem:          48114        3114       40171        1378        4828       42992
Swap:         24191           0       24191
Total:        72306        3114       64363

              total        used        free      shared  buff/cache   available
Mem:          48114        3114       40171        1378        4828       42993
Swap:         24191           0       24191
Total:        72306        3114       64363

              total        used        free      shared  buff/cache   available
Mem:          48114        3115       40170        1378        4828       42992
Swap:         24191           0       24191
Total:        72306        3115       64362

              total        used        free      shared  buff/cache   available
Mem:          48114        3114       40170        1378        4828       42992
Swap:         24191           0       24191
Total:        72306        3114       64362

              total        used        free      shared  buff/cache   available
Mem:          48114        3113       40172        1378        4828       42994
Swap:         24191           0       24191
Total:        72306        3113       64364

              total        used        free      shared  buff/cache   available
Mem:          48114        3113       40171        1378        4828       42993
Swap:         24191           0       24191
Total:        72306        3113       64363

              total        used        free      shared  buff/cache   available
Mem:          48114        3114       40171        1378        4828       42993
Swap:         24191           0       24191
Total:        72306        3114       64363

              total        used        free      shared  buff/cache   available
Mem:          48114        3114       40171        1378        4828       42993
Swap:         24191           0       24191
Total:        72306        3114       64363

              total        used        free      shared  buff/cache   available
Mem:          48114        3114       40171        1378        4828       42993
Swap:         24191           0       24191
Total:        72306        3114       64363

              total        used        free      shared  buff/cache   available
Mem:          48114        3114       40170        1378        4828       42993
Swap:         24191           0       24191
Total:        72306        3114       64362

              total        used        free      shared  buff/cache   available
Mem:          48114        3114       40171        1378        4828       42993
Swap:         24191           0       24191
Total:        72306        3114       64363

              total        used        free      shared  buff/cache   available
Mem:          48114        3114       40170        1378        4829       42993
Swap:         24191           0       24191
Total:        72306        3114       64362

              total        used        free      shared  buff/cache   available
Mem:          48114        3114       40170        1378        4829       42993
Swap:         24191           0       24191
Total:        72306        3114       64362

              total        used        free      shared  buff/cache   available
Mem:          48114        3114       40170        1378        4829       42993
Swap:         24191           0       24191
Total:        72306        3114       64362

              total        used        free      shared  buff/cache   available
Mem:          48114        3113       40171        1378        4829       42994
Swap:         24191           0       24191
Total:        72306        3113       64363

              total        used        free      shared  buff/cache   available
Mem:          48114        3113       40171        1378        4829       42994
Swap:         24191           0       24191
Total:        72306        3113       64363

              total        used        free      shared  buff/cache   available
Mem:          48114        3114       40169        1378        4829       42992
Swap:         24191           0       24191
Total:        72306        3114       64361

              total        used        free      shared  buff/cache   available
Mem:          48114        3114       40169        1378        4829       42992
Swap:         24191           0       24191
Total:        72306        3114       64361

              total        used        free      shared  buff/cache   available
Mem:          48114        3113       40170        1378        4829       42993
Swap:         24191           0       24191
Total:        72306        3113       64362

              total        used        free      shared  buff/cache   available
Mem:          48114        3113       40170        1378        4829       42993
Swap:         24191           0       24191
Total:        72306        3113       64362

              total        used        free      shared  buff/cache   available
Mem:          48114        3114       40170        1378        4829       42993
Swap:         24191           0       24191
Total:        72306        3114       64362

              total        used        free      shared  buff/cache   available
Mem:          48114        3114       40169        1378        4829       42993
Swap:         24191           0       24191
Total:        72306        3114       64361

              total        used        free      shared  buff/cache   available
Mem:          48114        3114       40169        1378        4829       42993
Swap:         24191           0       24191
Total:        72306        3114       64361

              total        used        free      shared  buff/cache   available
Mem:          48114        3113       40170        1378        4830       42993
Swap:         24191           0       24191
Total:        72306        3113       64362

              total        used        free      shared  buff/cache   available
Mem:          48114        3116       40167        1378        4830       42991
Swap:         24191           0       24191
Total:        72306        3116       64359

              total        used        free      shared  buff/cache   available
Mem:          48114        3115       40168        1378        4830       42992
Swap:         24191           0       24191
Total:        72306        3115       64360

              total        used        free      shared  buff/cache   available
Mem:          48114        3114       40169        1378        4830       42992
Swap:         24191           0       24191
Total:        72306        3114       64361

              total        used        free      shared  buff/cache   available
Mem:          48114        3114       40169        1378        4830       42993
Swap:         24191           0       24191
Total:        72306        3114       64361

              total        used        free      shared  buff/cache   available
Mem:          48114        3116       40167        1378        4830       42991
Swap:         24191           0       24191
Total:        72306        3116       64359

              total        used        free      shared  buff/cache   available
Mem:          48114        3115       40167        1378        4830       42991
Swap:         24191           0       24191
Total:        72306        3115       64359

              total        used        free      shared  buff/cache   available
Mem:          48114        3117       40166        1378        4830       42990
Swap:         24191           0       24191
Total:        72306        3117       64358

              total        used        free      shared  buff/cache   available
Mem:          48114        3115       40168        1378        4830       42992
Swap:         24191           0       24191
Total:        72306        3115       64360

              total        used        free      shared  buff/cache   available
Mem:          48114        3117       40166        1378        4830       42990
Swap:         24191           0       24191
Total:        72306        3117       64358

              total        used        free      shared  buff/cache   available
Mem:          48114        3116       40167        1378        4830       42991
Swap:         24191           0       24191
Total:        72306        3116       64359

              total        used        free      shared  buff/cache   available
Mem:          48114        3117       40166        1378        4830       42990
Swap:         24191           0       24191
Total:        72306        3117       64358

              total        used        free      shared  buff/cache   available
Mem:          48114        3116       40167        1378        4830       42991
Swap:         24191           0       24191
Total:        72306        3116       64359

              total        used        free      shared  buff/cache   available
Mem:          48114        3115       40167        1378        4830       42992
Swap:         24191           0       24191
Total:        72306        3115       64359

              total        used        free      shared  buff/cache   available
Mem:          48114        3116       40166        1378        4831       42991
Swap:         24191           0       24191
Total:        72306        3116       64358

              total        used        free      shared  buff/cache   available
Mem:          48114        3116       40166        1378        4830       42991
Swap:         24191           0       24191
Total:        72306        3116       64358

              total        used        free      shared  buff/cache   available
Mem:          48114        3116       40166        1378        4830       42991
Swap:         24191           0       24191
Total:        72306        3116       64358

              total        used        free      shared  buff/cache   available
Mem:          48114        3117       40166        1378        4830       42990
Swap:         24191           0       24191
Total:        72306        3117       64358

              total        used        free      shared  buff/cache   available
Mem:          48114        3116       40166        1378        4831       42991
Swap:         24191           0       24191
Total:        72306        3116       64358

              total        used        free      shared  buff/cache   available
Mem:          48114        3118       40164        1378        4831       42989
Swap:         24191           0       24191
Total:        72306        3118       64356

              total        used        free      shared  buff/cache   available
Mem:          48114        3116       40166        1378        4831       42991
Swap:         24191           0       24191
Total:        72306        3116       64358

              total        used        free      shared  buff/cache   available
Mem:          48114        3118       40164        1378        4831       42989
Swap:         24191           0       24191
Total:        72306        3118       64356

              total        used        free      shared  buff/cache   available
Mem:          48114        3117       40164        1378        4831       42990
Swap:         24191           0       24191
Total:        72306        3117       64356

              total        used        free      shared  buff/cache   available
Mem:          48114        3118       40164        1378        4831       42989
Swap:         24191           0       24191
Total:        72306        3118       64356

              total        used        free      shared  buff/cache   available
Mem:          48114        3116       40165        1378        4831       42991
Swap:         24191           0       24191
Total:        72306        3116       64357

              total        used        free      shared  buff/cache   available
Mem:          48114        3116       40165        1378        4831       42991
Swap:         24191           0       24191
Total:        72306        3116       64357

              total        used        free      shared  buff/cache   available
Mem:          48114        3116       40165        1378        4831       42991
Swap:         24191           0       24191
Total:        72306        3116       64357

              total        used        free      shared  buff/cache   available
Mem:          48114        3115       40167        1378        4831       42992
Swap:         24191           0       24191
Total:        72306        3115       64359

              total        used        free      shared  buff/cache   available
Mem:          48114        3120       40161        1378        4831       42987
Swap:         24191           0       24191
Total:        72306        3120       64353

              total        used        free      shared  buff/cache   available
Mem:          48114        3120       40161        1378        4831       42987
Swap:         24191           0       24191
Total:        72306        3120       64353

              total        used        free      shared  buff/cache   available
Mem:          48114        3119       40162        1378        4832       42988
Swap:         24191           0       24191
Total:        72306        3119       64354

              total        used        free      shared  buff/cache   available
Mem:          48114        3119       40162        1378        4832       42988
Swap:         24191           0       24191
Total:        72306        3119       64354

              total        used        free      shared  buff/cache   available
Mem:          48114        3119       40162        1378        4832       42988
Swap:         24191           0       24191
Total:        72306        3119       64354

              total        used        free      shared  buff/cache   available
Mem:          48114        3120       40161        1378        4832       42987
Swap:         24191           0       24191
Total:        72306        3120       64353

              total        used        free      shared  buff/cache   available
Mem:          48114        3120       40161        1378        4832       42987
Swap:         24191           0       24191
Total:        72306        3120       64353

              total        used        free      shared  buff/cache   available
Mem:          48114        3119       40161        1378        4832       42988
Swap:         24191           0       24191
Total:        72306        3119       64353

              total        used        free      shared  buff/cache   available
Mem:          48114        3119       40162        1378        4832       42988
Swap:         24191           0       24191
Total:        72306        3119       64354

              total        used        free      shared  buff/cache   available
Mem:          48114        3119       40162        1378        4832       42988
Swap:         24191           0       24191
Total:        72306        3119       64354

              total        used        free      shared  buff/cache   available
Mem:          48114        3118       40163        1378        4832       42990
Swap:         24191           0       24191
Total:        72306        3118       64355

              total        used        free      shared  buff/cache   available
Mem:          48114        3118       40162        1378        4832       42989
Swap:         24191           0       24191
Total:        72306        3118       64354

              total        used        free      shared  buff/cache   available
Mem:          48114        3118       40163        1378        4832       42989
Swap:         24191           0       24191
Total:        72306        3118       64355

              total        used        free      shared  buff/cache   available
Mem:          48114        3119       40161        1378        4833       42988
Swap:         24191           0       24191
Total:        72306        3119       64353

              total        used        free      shared  buff/cache   available
Mem:          48114        3118       40162        1378        4833       42989
Swap:         24191           0       24191
Total:        72306        3118       64354

              total        used        free      shared  buff/cache   available
Mem:          48114        3118       40162        1378        4833       42989
Swap:         24191           0       24191
Total:        72306        3118       64354

              total        used        free      shared  buff/cache   available
Mem:          48114        3118       40161        1378        4833       42989
Swap:         24191           0       24191
Total:        72306        3118       64353

              total        used        free      shared  buff/cache   available
Mem:          48114        3120       40160        1378        4833       42987
Swap:         24191           0       24191
Total:        72306        3120       64352

              total        used        free      shared  buff/cache   available
Mem:          48114        3119       40161        1378        4833       42988
Swap:         24191           0       24191
Total:        72306        3119       64353

              total        used        free      shared  buff/cache   available
Mem:          48114        3120       40159        1378        4833       42987
Swap:         24191           0       24191
Total:        72306        3120       64351

              total        used        free      shared  buff/cache   available
Mem:          48114        3119       40160        1378        4833       42988
Swap:         24191           0       24191
Total:        72306        3119       64352

              total        used        free      shared  buff/cache   available
Mem:          48114        3121       40158        1378        4833       42986
Swap:         24191           0       24191
Total:        72306        3121       64350

              total        used        free      shared  buff/cache   available
Mem:          48114        3119       40160        1378        4834       42988
Swap:         24191           0       24191
Total:        72306        3119       64352

              total        used        free      shared  buff/cache   available
Mem:          48114        3119       40160        1378        4834       42988
Swap:         24191           0       24191
Total:        72306        3119       64352

              total        used        free      shared  buff/cache   available
Mem:          48114        3119       40160        1378        4834       42988
Swap:         24191           0       24191
Total:        72306        3119       64352

              total        used        free      shared  buff/cache   available
Mem:          48114        3118       40161        1378        4834       42989
Swap:         24191           0       24191
Total:        72306        3118       64353

              total        used        free      shared  buff/cache   available
Mem:          48114        3117       40162        1378        4834       42990
Swap:         24191           0       24191
Total:        72306        3117       64354

              total        used        free      shared  buff/cache   available
Mem:          48114        3118       40160        1378        4834       42988
Swap:         24191           0       24191
Total:        72306        3118       64352

              total        used        free      shared  buff/cache   available
Mem:          48114        3117       40161        1378        4834       42989
Swap:         24191           0       24191
Total:        72306        3117       64353

              total        used        free      shared  buff/cache   available
Mem:          48114        3118       40161        1378        4834       42989
Swap:         24191           0       24191
Total:        72306        3118       64353

              total        used        free      shared  buff/cache   available
Mem:          48114        3117       40161        1378        4834       42990
Swap:         24191           0       24191
Total:        72306        3117       64353

              total        used        free      shared  buff/cache   available
Mem:          48114        3118       40160        1378        4834       42989
Swap:         24191           0       24191
Total:        72306        3118       64352

              total        used        free      shared  buff/cache   available
Mem:          48114        3117       40161        1378        4834       42990
Swap:         24191           0       24191
Total:        72306        3117       64353

              total        used        free      shared  buff/cache   available
Mem:          48114        3119       40160        1378        4834       42988
Swap:         24191           0       24191
Total:        72306        3119       64352

              total        used        free      shared  buff/cache   available
Mem:          48114        3117       40161        1378        4834       42990
Swap:         24191           0       24191
Total:        72306        3117       64353

              total        used        free      shared  buff/cache   available
Mem:          48114        3118       40161        1378        4835       42989
Swap:         24191           0       24191
Total:        72306        3118       64353

              total        used        free      shared  buff/cache   available
Mem:          48114        3117       40161        1378        4835       42990
Swap:         24191           0       24191
Total:        72306        3117       64353

              total        used        free      shared  buff/cache   available
Mem:          48114        3119       40159        1378        4835       42988
Swap:         24191           0       24191
Total:        72306        3119       64351

              total        used        free      shared  buff/cache   available
Mem:          48114        3118       40160        1378        4835       42989
Swap:         24191           0       24191
Total:        72306        3118       64352

              total        used        free      shared  buff/cache   available
Mem:          48114        3118       40159        1378        4835       42988
Swap:         24191           0       24191
Total:        72306        3118       64351

              total        used        free      shared  buff/cache   available
Mem:          48114        3118       40160        1378        4835       42989
Swap:         24191           0       24191
Total:        72306        3118       64352

              total        used        free      shared  buff/cache   available
Mem:          48114        3117       40160        1378        4835       42989
Swap:         24191           0       24191
Total:        72306        3117       64352

              total        used        free      shared  buff/cache   available
Mem:          48114        3118       40159        1378        4835       42989
Swap:         24191           0       24191
Total:        72306        3118       64351

              total        used        free      shared  buff/cache   available
Mem:          48114        3119       40159        1378        4835       42988
Swap:         24191           0       24191
Total:        72306        3119       64351

              total        used        free      shared  buff/cache   available
Mem:          48114        3118       40159        1378        4836       42989
Swap:         24191           0       24191
Total:        72306        3118       64351

              total        used        free      shared  buff/cache   available
Mem:          48114        3119       40158        1378        4836       42988
Swap:         24191           0       24191
Total:        72306        3119       64350

              total        used        free      shared  buff/cache   available
Mem:          48114        3118       40159        1378        4836       42989
Swap:         24191           0       24191
Total:        72306        3118       64351

              total        used        free      shared  buff/cache   available
Mem:          48114        3118       40159        1378        4836       42989
Swap:         24191           0       24191
Total:        72306        3118       64351

              total        used        free      shared  buff/cache   available
Mem:          48114        3117       40159        1378        4836       42989
Swap:         24191           0       24191
Total:        72306        3117       64351

              total        used        free      shared  buff/cache   available
Mem:          48114        3118       40159        1378        4836       42988
Swap:         24191           0       24191
Total:        72306        3118       64351

              total        used        free      shared  buff/cache   available
Mem:          48114        3116       40160        1378        4836       42990
Swap:         24191           0       24191
Total:        72306        3116       64352

              total        used        free      shared  buff/cache   available
Mem:          48114        3117       40159        1378        4836       42989
Swap:         24191           0       24191
Total:        72306        3117       64351

              total        used        free      shared  buff/cache   available
Mem:          48114        3117       40160        1378        4836       42990
Swap:         24191           0       24191
Total:        72306        3117       64352

              total        used        free      shared  buff/cache   available
Mem:          48114        3117       40160        1378        4836       42990
Swap:         24191           0       24191
Total:        72306        3117       64352

              total        used        free      shared  buff/cache   available
Mem:          48114        3118       40159        1378        4836       42989
Swap:         24191           0       24191
Total:        72306        3118       64351

              total        used        free      shared  buff/cache   available
Mem:          48114        3117       40160        1378        4836       42990
Swap:         24191           0       24191
Total:        72306        3117       64352

              total        used        free      shared  buff/cache   available
Mem:          48114        3116       40160        1378        4837       42990
Swap:         24191           0       24191
Total:        72306        3116       64352

              total        used        free      shared  buff/cache   available
Mem:          48114        3117       40159        1378        4837       42990
Swap:         24191           0       24191
Total:        72306        3117       64351

              total        used        free      shared  buff/cache   available
Mem:          48114        3117       40159        1378        4837       42990
Swap:         24191           0       24191
Total:        72306        3117       64351

              total        used        free      shared  buff/cache   available
Mem:          48114        3117       40158        1378        4837       42989
Swap:         24191           0       24191
Total:        72306        3117       64350

              total        used        free      shared  buff/cache   available
Mem:          48114        3117       40159        1378        4837       42990
Swap:         24191           0       24191
Total:        72306        3117       64351

              total        used        free      shared  buff/cache   available
Mem:          48114        3117       40159        1378        4837       42989
Swap:         24191           0       24191
Total:        72306        3117       64351

              total        used        free      shared  buff/cache   available
Mem:          48114        3116       40160        1378        4837       42991
Swap:         24191           0       24191
Total:        72306        3116       64352

              total        used        free      shared  buff/cache   available
Mem:          48114        3116       40159        1378        4837       42990
Swap:         24191           0       24191
Total:        72306        3116       64351

              total        used        free      shared  buff/cache   available
Mem:          48114        3117       40159        1378        4837       42990
Swap:         24191           0       24191
Total:        72306        3117       64351

              total        used        free      shared  buff/cache   available
Mem:          48114        3116       40160        1378        4837       42991
Swap:         24191           0       24191
Total:        72306        3116       64352

              total        used        free      shared  buff/cache   available
Mem:          48114        3116       40160        1378        4837       42991
Swap:         24191           0       24191
Total:        72306        3116       64352

              total        used        free      shared  buff/cache   available
Mem:          48114        3115       40161        1378        4837       42992
Swap:         24191           0       24191
Total:        72306        3115       64353

              total        used        free      shared  buff/cache   available
Mem:          48114        3115       40161        1378        4837       42992
Swap:         24191           0       24191
Total:        72306        3115       64353

              total        used        free      shared  buff/cache   available
Mem:          48114        3117       40159        1378        4837       42990
Swap:         24191           0       24191
Total:        72306        3117       64351

              total        used        free      shared  buff/cache   available
Mem:          48114        3116       40159        1378        4837       42991
Swap:         24191           0       24191
Total:        72306        3116       64351

              total        used        free      shared  buff/cache   available
Mem:          48114        3116       40159        1378        4837       42991
Swap:         24191           0       24191
Total:        72306        3116       64351

              total        used        free      shared  buff/cache   available
Mem:          48114        3115       40160        1378        4837       42991
Swap:         24191           0       24191
Total:        72306        3115       64352

              total        used        free      shared  buff/cache   available
Mem:          48114        3117       40158        1378        4837       42990
Swap:         24191           0       24191
Total:        72306        3117       64350

              total        used        free      shared  buff/cache   available
Mem:          48114        3116       40159        1378        4838       42990
Swap:         24191           0       24191
Total:        72306        3116       64351

              total        used        free      shared  buff/cache   available
Mem:          48114        3117       40158        1378        4838       42989
Swap:         24191           0       24191
Total:        72306        3117       64350

              total        used        free      shared  buff/cache   available
Mem:          48114        3118       40157        1378        4838       42989
Swap:         24191           0       24191
Total:        72306        3118       64349

              total        used        free      shared  buff/cache   available
Mem:          48114        3117       40158        1378        4838       42990
Swap:         24191           0       24191
Total:        72306        3117       64350

              total        used        free      shared  buff/cache   available
Mem:          48114        3115       40160        1378        4838       42992
Swap:         24191           0       24191
Total:        72306        3115       64352

              total        used        free      shared  buff/cache   available
Mem:          48114        3116       40159        1378        4838       42991
Swap:         24191           0       24191
Total:        72306        3116       64351

              total        used        free      shared  buff/cache   available
Mem:          48114        3115       40160        1378        4838       42992
Swap:         24191           0       24191
Total:        72306        3115       64352

              total        used        free      shared  buff/cache   available
Mem:          48114        3115       40159        1378        4838       42992
Swap:         24191           0       24191
Total:        72306        3115       64351

              total        used        free      shared  buff/cache   available
Mem:          48114        3116       40158        1378        4838       42991
Swap:         24191           0       24191
Total:        72306        3116       64350

              total        used        free      shared  buff/cache   available
Mem:          48114        3117       40158        1378        4838       42990
Swap:         24191           0       24191
Total:        72306        3117       64350

              total        used        free      shared  buff/cache   available
Mem:          48114        3115       40160        1378        4838       42992
Swap:         24191           0       24191
Total:        72306        3115       64352

              total        used        free      shared  buff/cache   available
Mem:          48114        3115       40159        1378        4838       42992
Swap:         24191           0       24191
Total:        72306        3115       64351

              total        used        free      shared  buff/cache   available
Mem:          48114        3115       40159        1378        4839       42992
Swap:         24191           0       24191
Total:        72306        3115       64351

              total        used        free      shared  buff/cache   available
Mem:          48114        3115       40159        1378        4839       42992
Swap:         24191           0       24191
Total:        72306        3115       64351

              total        used        free      shared  buff/cache   available
Mem:          48114        3115       40159        1378        4839       42992
Swap:         24191           0       24191
Total:        72306        3115       64351

              total        used        free      shared  buff/cache   available
Mem:          48114        3116       40157        1378        4839       42990
Swap:         24191           0       24191
Total:        72306        3116       64349

              total        used        free      shared  buff/cache   available
Mem:          48114        3116       40157        1378        4839       42990
Swap:         24191           0       24191
Total:        72306        3116       64349

              total        used        free      shared  buff/cache   available
Mem:          48114        3117       40156        1378        4839       42989
Swap:         24191           0       24191
Total:        72306        3117       64348

              total        used        free      shared  buff/cache   available
Mem:          48114        3117       40157        1378        4839       42990
Swap:         24191           0       24191
Total:        72306        3117       64349

              total        used        free      shared  buff/cache   available
Mem:          48114        3118       40155        1378        4839       42988
Swap:         24191           0       24191
Total:        72306        3118       64347

              total        used        free      shared  buff/cache   available
Mem:          48114        3117       40157        1378        4839       42990
Swap:         24191           0       24191
Total:        72306        3117       64349

              total        used        free      shared  buff/cache   available
Mem:          48114        3117       40156        1378        4839       42990
Swap:         24191           0       24191
Total:        72306        3117       64348

              total        used        free      shared  buff/cache   available
Mem:          48114        3116       40157        1378        4839       42991
Swap:         24191           0       24191
Total:        72306        3116       64349

              total        used        free      shared  buff/cache   available
Mem:          48114        3116       40157        1378        4839       42991
Swap:         24191           0       24191
Total:        72306        3116       64349

              total        used        free      shared  buff/cache   available
Mem:          48114        3116       40157        1378        4840       42990
Swap:         24191           0       24191
Total:        72306        3116       64349

              total        used        free      shared  buff/cache   available
Mem:          48114        3116       40157        1378        4840       42991
Swap:         24191           0       24191
Total:        72306        3116       64349

              total        used        free      shared  buff/cache   available
Mem:          48114        3116       40157        1378        4840       42991
Swap:         24191           0       24191
Total:        72306        3116       64349

              total        used        free      shared  buff/cache   available
Mem:          48114        3116       40157        1378        4840       42991
Swap:         24191           0       24191
Total:        72306        3116       64349

              total        used        free      shared  buff/cache   available
Mem:          48114        3116       40157        1378        4840       42991
Swap:         24191           0       24191
Total:        72306        3116       64349

              total        used        free      shared  buff/cache   available
Mem:          48114        3117       40156        1378        4840       42990
Swap:         24191           0       24191
Total:        72306        3117       64348

              total        used        free      shared  buff/cache   available
Mem:          48114        3116       40156        1378        4840       42990
Swap:         24191           0       24191
Total:        72306        3116       64348

              total        used        free      shared  buff/cache   available
Mem:          48114        3117       40156        1378        4840       42990
Swap:         24191           0       24191
Total:        72306        3117       64348

              total        used        free      shared  buff/cache   available
Mem:          48114        3117       40156        1378        4840       42990
Swap:         24191           0       24191
Total:        72306        3117       64348

              total        used        free      shared  buff/cache   available
Mem:          48114        3117       40155        1378        4840       42989
Swap:         24191           0       24191
Total:        72306        3117       64347

              total        used        free      shared  buff/cache   available
Mem:          48114        3117       40155        1378        4841       42990
Swap:         24191           0       24191
Total:        72306        3117       64347

              total        used        free      shared  buff/cache   available
Mem:          48114        3117       40155        1378        4841       42990
Swap:         24191           0       24191
Total:        72306        3117       64347

              total        used        free      shared  buff/cache   available
Mem:          48114        3117       40155        1378        4841       42990
Swap:         24191           0       24191
Total:        72306        3117       64347

              total        used        free      shared  buff/cache   available
Mem:          48114        3116       40155        1378        4841       42990
Swap:         24191           0       24191
Total:        72306        3116       64347

              total        used        free      shared  buff/cache   available
Mem:          48114        3117       40155        1378        4841       42990
Swap:         24191           0       24191
Total:        72306        3117       64347

              total        used        free      shared  buff/cache   available
Mem:          48114        3116       40156        1378        4841       42991
Swap:         24191           0       24191
Total:        72306        3116       64348

              total        used        free      shared  buff/cache   available
Mem:          48114        3116       40156        1378        4841       42991
Swap:         24191           0       24191
Total:        72306        3116       64348

              total        used        free      shared  buff/cache   available
Mem:          48114        3116       40155        1378        4841       42990
Swap:         24191           0       24191
Total:        72306        3116       64347

              total        used        free      shared  buff/cache   available
Mem:          48114        3116       40156        1378        4841       42991
Swap:         24191           0       24191
Total:        72306        3116       64348

              total        used        free      shared  buff/cache   available
Mem:          48114        3117       40154        1378        4841       42990
Swap:         24191           0       24191
Total:        72306        3117       64346

              total        used        free      shared  buff/cache   available
Mem:          48114        3116       40155        1378        4841       42990
Swap:         24191           0       24191
Total:        72306        3116       64347

              total        used        free      shared  buff/cache   available
Mem:          48114        3116       40155        1378        4842       42990
Swap:         24191           0       24191
Total:        72306        3116       64347

              total        used        free      shared  buff/cache   available
Mem:          48114        3116       40155        1378        4842       42990
Swap:         24191           0       24191
Total:        72306        3116       64347

              total        used        free      shared  buff/cache   available
Mem:          48114        3116       40156        1378        4842       42991
Swap:         24191           0       24191
Total:        72306        3116       64347

              total        used        free      shared  buff/cache   available
Mem:          48114        3115       40156        1378        4842       42992
Swap:         24191           0       24191
Total:        72306        3115       64348

              total        used        free      shared  buff/cache   available
Mem:          48114        3116       40155        1378        4842       42990
Swap:         24191           0       24191
Total:        72306        3116       64347

              total        used        free      shared  buff/cache   available
Mem:          48114        3115       40155        1378        4842       42991
Swap:         24191           0       24191
Total:        72306        3115       64347

              total        used        free      shared  buff/cache   available
Mem:          48114        3117       40154        1378        4842       42989
Swap:         24191           0       24191
Total:        72306        3117       64346

              total        used        free      shared  buff/cache   available
Mem:          48114        3117       40154        1378        4842       42990
Swap:         24191           0       24191
Total:        72306        3117       64346

              total        used        free      shared  buff/cache   available
Mem:          48114        3115       40155        1378        4842       42991
Swap:         24191           0       24191
Total:        72306        3115       64347

              total        used        free      shared  buff/cache   available
Mem:          48114        3116       40155        1378        4842       42991
Swap:         24191           0       24191
Total:        72306        3116       64347

              total        used        free      shared  buff/cache   available
Mem:          48114        3118       40153        1378        4842       42989
Swap:         24191           0       24191
Total:        72306        3118       64345

              total        used        free      shared  buff/cache   available
Mem:          48114        3117       40154        1378        4842       42990
Swap:         24191           0       24191
Total:        72306        3117       64346

              total        used        free      shared  buff/cache   available
Mem:          48114        3117       40153        1378        4842       42990
Swap:         24191           0       24191
Total:        72306        3117       64345

              total        used        free      shared  buff/cache   available
Mem:          48114        3116       40154        1378        4843       42990
Swap:         24191           0       24191
Total:        72306        3116       64346

              total        used        free      shared  buff/cache   available
Mem:          48114        3119       40151        1378        4843       42988
Swap:         24191           0       24191
Total:        72306        3119       64343

              total        used        free      shared  buff/cache   available
Mem:          48114        3117       40153        1378        4843       42989
Swap:         24191           0       24191
Total:        72306        3117       64345

              total        used        free      shared  buff/cache   available
Mem:          48114        3119       40151        1378        4843       42988
Swap:         24191           0       24191
Total:        72306        3119       64343

              total        used        free      shared  buff/cache   available
Mem:          48114        3119       40151        1378        4843       42988
Swap:         24191           0       24191
Total:        72306        3119       64343

              total        used        free      shared  buff/cache   available
Mem:          48114        3118       40152        1378        4843       42989
Swap:         24191           0       24191
Total:        72306        3118       64344

              total        used        free      shared  buff/cache   available
Mem:          48114        3117       40153        1378        4843       42989
Swap:         24191           0       24191
Total:        72306        3117       64345

              total        used        free      shared  buff/cache   available
Mem:          48114        3118       40152        1378        4843       42989
Swap:         24191           0       24191
Total:        72306        3118       64344

              total        used        free      shared  buff/cache   available
Mem:          48114        3117       40153        1378        4843       42990
Swap:         24191           0       24191
Total:        72306        3117       64345

              total        used        free      shared  buff/cache   available
Mem:          48114        3117       40153        1378        4843       42990
Swap:         24191           0       24191
Total:        72306        3117       64345

              total        used        free      shared  buff/cache   available
Mem:          48114        3118       40152        1378        4843       42989
Swap:         24191           0       24191
Total:        72306        3118       64344

              total        used        free      shared  buff/cache   available
Mem:          48114        3118       40151        1378        4843       42989
Swap:         24191           0       24191
Total:        72306        3118       64343

              total        used        free      shared  buff/cache   available
Mem:          48114        3118       40152        1378        4843       42989
Swap:         24191           0       24191
Total:        72306        3118       64344

              total        used        free      shared  buff/cache   available
Mem:          48114        3117       40152        1378        4843       42989
Swap:         24191           0       24191
Total:        72306        3117       64344

              total        used        free      shared  buff/cache   available
Mem:          48114        3117       40152        1378        4844       42989
Swap:         24191           0       24191
Total:        72306        3117       64344

              total        used        free      shared  buff/cache   available
Mem:          48114        3117       40152        1378        4844       42989
Swap:         24191           0       24191
Total:        72306        3117       64344

              total        used        free      shared  buff/cache   available
Mem:          48114        3117       40152        1378        4844       42989
Swap:         24191           0       24191
Total:        72306        3117       64344

              total        used        free      shared  buff/cache   available
Mem:          48114        3117       40152        1378        4844       42989
Swap:         24191           0       24191
Total:        72306        3117       64344

              total        used        free      shared  buff/cache   available
Mem:          48114        3119       40150        1378        4844       42988
Swap:         24191           0       24191
Total:        72306        3119       64342

              total        used        free      shared  buff/cache   available
Mem:          48114        3119       40149        1378        4844       42987
Swap:         24191           0       24191
Total:        72306        3119       64341

              total        used        free      shared  buff/cache   available
Mem:          48114        3118       40150        1378        4844       42988
Swap:         24191           0       24191
Total:        72306        3118       64342

              total        used        free      shared  buff/cache   available
Mem:          48114        3118       40150        1378        4844       42988
Swap:         24191           0       24191
Total:        72306        3118       64342

              total        used        free      shared  buff/cache   available
Mem:          48114        3118       40150        1378        4845       42989
Swap:         24191           0       24191
Total:        72306        3118       64342

              total        used        free      shared  buff/cache   available
Mem:          48114        3117       40151        1378        4844       42989
Swap:         24191           0       24191
Total:        72306        3117       64343

              total        used        free      shared  buff/cache   available
Mem:          48114        3116       40152        1378        4845       42990
Swap:         24191           0       24191
Total:        72306        3116       64344

              total        used        free      shared  buff/cache   available
Mem:          48114        3117       40151        1378        4845       42989
Swap:         24191           0       24191
Total:        72306        3117       64343

              total        used        free      shared  buff/cache   available
Mem:          48114        3117       40151        1378        4845       42990
Swap:         24191           0       24191
Total:        72306        3117       64343

              total        used        free      shared  buff/cache   available
Mem:          48114        3117       40151        1378        4845       42990
Swap:         24191           0       24191
Total:        72306        3117       64343

              total        used        free      shared  buff/cache   available
Mem:          48114        3117       40151        1378        4845       42990
Swap:         24191           0       24191
Total:        72306        3117       64343

              total        used        free      shared  buff/cache   available
Mem:          48114        3117       40151        1378        4845       42989
Swap:         24191           0       24191
Total:        72306        3117       64343

              total        used        free      shared  buff/cache   available
Mem:          48114        3118       40150        1378        4845       42989
Swap:         24191           0       24191
Total:        72306        3118       64342

              total        used        free      shared  buff/cache   available
Mem:          48114        3118       40150        1378        4845       42989
Swap:         24191           0       24191
Total:        72306        3118       64342

              total        used        free      shared  buff/cache   available
Mem:          48114        3117       40150        1378        4845       42989
Swap:         24191           0       24191
Total:        72306        3117       64342

              total        used        free      shared  buff/cache   available
Mem:          48114        3118       40150        1378        4845       42989
Swap:         24191           0       24191
Total:        72306        3118       64342

              total        used        free      shared  buff/cache   available
Mem:          48114        3118       40150        1378        4845       42989
Swap:         24191           0       24191
Total:        72306        3118       64342

              total        used        free      shared  buff/cache   available
Mem:          48114        3119       40149        1378        4845       42988
Swap:         24191           0       24191
Total:        72306        3119       64341

              total        used        free      shared  buff/cache   available
Mem:          48114        3118       40149        1378        4845       42989
Swap:         24191           0       24191
Total:        72306        3118       64341

              total        used        free      shared  buff/cache   available
Mem:          48114        3119       40149        1378        4845       42988
Swap:         24191           0       24191
Total:        72306        3119       64341

              total        used        free      shared  buff/cache   available
Mem:          48114        3118       40149        1378        4846       42989
Swap:         24191           0       24191
Total:        72306        3118       64341

              total        used        free      shared  buff/cache   available
Mem:          48114        3119       40148        1378        4846       42987
Swap:         24191           0       24191
Total:        72306        3119       64340

              total        used        free      shared  buff/cache   available
Mem:          48114        3118       40149        1378        4846       42988
Swap:         24191           0       24191
Total:        72306        3118       64341

              total        used        free      shared  buff/cache   available
Mem:          48114        3118       40149        1378        4846       42989
Swap:         24191           0       24191
Total:        72306        3118       64341

              total        used        free      shared  buff/cache   available
Mem:          48114        3118       40149        1378        4846       42989
Swap:         24191           0       24191
Total:        72306        3118       64341

              total        used        free      shared  buff/cache   available
Mem:          48114        3119       40148        1378        4846       42988
Swap:         24191           0       24191
Total:        72306        3119       64340

              total        used        free      shared  buff/cache   available
Mem:          48114        3118       40148        1378        4846       42988
Swap:         24191           0       24191
Total:        72306        3118       64340

              total        used        free      shared  buff/cache   available
Mem:          48114        3117       40150        1378        4846       42990
Swap:         24191           0       24191
Total:        72306        3117       64342

              total        used        free      shared  buff/cache   available
Mem:          48114        3118       40149        1378        4846       42989
Swap:         24191           0       24191
Total:        72306        3118       64341

              total        used        free      shared  buff/cache   available
Mem:          48114        3118       40149        1378        4846       42989
Swap:         24191           0       24191
Total:        72306        3118       64341

              total        used        free      shared  buff/cache   available
Mem:          48114        3118       40149        1378        4846       42989
Swap:         24191           0       24191
Total:        72306        3118       64341

              total        used        free      shared  buff/cache   available
Mem:          48114        3118       40148        1378        4846       42989
Swap:         24191           0       24191
Total:        72306        3118       64340

              total        used        free      shared  buff/cache   available
Mem:          48114        3117       40149        1378        4846       42989
Swap:         24191           0       24191
Total:        72306        3117       64341

              total        used        free      shared  buff/cache   available
Mem:          48114        3117       40149        1378        4846       42990
Swap:         24191           0       24191
Total:        72306        3117       64341

              total        used        free      shared  buff/cache   available
Mem:          48114        3117       40150        1378        4846       42990
Swap:         24191           0       24191
Total:        72306        3117       64342

              total        used        free      shared  buff/cache   available
Mem:          48114        3116       40150        1378        4846       42991
Swap:         24191           0       24191
Total:        72306        3116       64342

              total        used        free      shared  buff/cache   available
Mem:          48114        3116       40150        1378        4847       42991
Swap:         24191           0       24191
Total:        72306        3116       64342

              total        used        free      shared  buff/cache   available
Mem:          48114        3117       40149        1378        4847       42990
Swap:         24191           0       24191
Total:        72306        3117       64341

              total        used        free      shared  buff/cache   available
Mem:          48114        3117       40150        1378        4847       42990
Swap:         24191           0       24191
Total:        72306        3117       64342

              total        used        free      shared  buff/cache   available
Mem:          48114        3119       40147        1378        4847       42988
Swap:         24191           0       24191
Total:        72306        3119       64339

              total        used        free      shared  buff/cache   available
Mem:          48114        3118       40148        1378        4847       42989
Swap:         24191           0       24191
Total:        72306        3118       64340

              total        used        free      shared  buff/cache   available
Mem:          48114        3118       40147        1378        4847       42989
Swap:         24191           0       24191
Total:        72306        3118       64339

              total        used        free      shared  buff/cache   available
Mem:          48114        3119       40147        1378        4847       42988
Swap:         24191           0       24191
Total:        72306        3119       64339

              total        used        free      shared  buff/cache   available
Mem:          48114        3119       40147        1378        4847       42988
Swap:         24191           0       24191
Total:        72306        3119       64339

              total        used        free      shared  buff/cache   available
Mem:          48114        3119       40147        1378        4847       42988
Swap:         24191           0       24191
Total:        72306        3119       64339

              total        used        free      shared  buff/cache   available
Mem:          48114        3118       40147        1378        4847       42989
Swap:         24191           0       24191
Total:        72306        3118       64339

              total        used        free      shared  buff/cache   available
Mem:          48114        3118       40147        1378        4847       42989
Swap:         24191           0       24191
Total:        72306        3118       64339

              total        used        free      shared  buff/cache   available
Mem:          48114        3119       40146        1378        4847       42988
Swap:         24191           0       24191
Total:        72306        3119       64338

              total        used        free      shared  buff/cache   available
Mem:          48114        3117       40148        1378        4848       42990
Swap:         24191           0       24191
Total:        72306        3117       64340

              total        used        free      shared  buff/cache   available
Mem:          48114        3119       40146        1378        4847       42988
Swap:         24191           0       24191
Total:        72306        3119       64338

              total        used        free      shared  buff/cache   available
Mem:          48114        3118       40147        1378        4848       42989
Swap:         24191           0       24191
Total:        72306        3118       64339

              total        used        free      shared  buff/cache   available
Mem:          48114        3118       40147        1378        4848       42989
Swap:         24191           0       24191
Total:        72306        3118       64339

              total        used        free      shared  buff/cache   available
Mem:          48114        3117       40147        1378        4848       42989
Swap:         24191           0       24191
Total:        72306        3117       64339

              total        used        free      shared  buff/cache   available
Mem:          48114        3119       40146        1378        4848       42988
Swap:         24191           0       24191
Total:        72306        3119       64338

              total        used        free      shared  buff/cache   available
Mem:          48114        3119       40146        1378        4848       42988
Swap:         24191           0       24191
Total:        72306        3119       64338

              total        used        free      shared  buff/cache   available
Mem:          48114        3119       40145        1378        4848       42988
Swap:         24191           0       24191
Total:        72306        3119       64337

              total        used        free      shared  buff/cache   available
Mem:          48114        3119       40146        1378        4848       42988
Swap:         24191           0       24191
Total:        72306        3119       64338

              total        used        free      shared  buff/cache   available
Mem:          48114        3119       40145        1378        4848       42988
Swap:         24191           0       24191
Total:        72306        3119       64337

              total        used        free      shared  buff/cache   available
Mem:          48114        3118       40147        1378        4849       42989
Swap:         24191           0       24191
Total:        72306        3118       64339

              total        used        free      shared  buff/cache   available
Mem:          48114        3119       40145        1378        4849       42987
Swap:         24191           0       24191
Total:        72306        3119       64337

              total        used        free      shared  buff/cache   available
Mem:          48114        3118       40146        1378        4849       42989
Swap:         24191           0       24191
Total:        72306        3118       64338

              total        used        free      shared  buff/cache   available
Mem:          48114        3118       40146        1378        4849       42989
Swap:         24191           0       24191
Total:        72306        3118       64338

              total        used        free      shared  buff/cache   available
Mem:          48114        3117       40146        1378        4849       42989
Swap:         24191           0       24191
Total:        72306        3117       64338

              total        used        free      shared  buff/cache   available
Mem:          48114        3117       40147        1378        4849       42990
Swap:         24191           0       24191
Total:        72306        3117       64339

              total        used        free      shared  buff/cache   available
Mem:          48114        3116       40147        1378        4849       42990
Swap:         24191           0       24191
Total:        72306        3116       64339

              total        used        free      shared  buff/cache   available
Mem:          48114        3117       40147        1378        4849       42990
Swap:         24191           0       24191
Total:        72306        3117       64339

              total        used        free      shared  buff/cache   available
Mem:          48114        3116       40148        1378        4849       42991
Swap:         24191           0       24191
Total:        72306        3116       64340

              total        used        free      shared  buff/cache   available
Mem:          48114        3118       40146        1378        4849       42989
Swap:         24191           0       24191
Total:        72306        3118       64338

              total        used        free      shared  buff/cache   available
Mem:          48114        3117       40147        1378        4849       42990
Swap:         24191           0       24191
Total:        72306        3117       64339

              total        used        free      shared  buff/cache   available
Mem:          48114        3116       40147        1378        4850       42991
Swap:         24191           0       24191
Total:        72306        3116       64339

              total        used        free      shared  buff/cache   available
Mem:          48114        3115       40148        1378        4850       42991
Swap:         24191           0       24191
Total:        72306        3115       64340

              total        used        free      shared  buff/cache   available
Mem:          48114        3116       40147        1378        4850       42991
Swap:         24191           0       24191
Total:        72306        3116       64339

              total        used        free      shared  buff/cache   available
Mem:          48114        3115       40148        1378        4850       42991
Swap:         24191           0       24191
Total:        72306        3115       64340

              total        used        free      shared  buff/cache   available
Mem:          48114        3115       40148        1378        4850       42992
Swap:         24191           0       24191
Total:        72306        3115       64340

              total        used        free      shared  buff/cache   available
Mem:          48114        3115       40148        1378        4850       42992
Swap:         24191           0       24191
Total:        72306        3115       64340

              total        used        free      shared  buff/cache   available
Mem:          48114        3115       40148        1378        4850       42992
Swap:         24191           0       24191
Total:        72306        3115       64340

              total        used        free      shared  buff/cache   available
Mem:          48114        3115       40148        1378        4850       42992
Swap:         24191           0       24191
Total:        72306        3115       64340

              total        used        free      shared  buff/cache   available
Mem:          48114        3115       40147        1378        4850       42992
Swap:         24191           0       24191
Total:        72306        3115       64339
