04:29:59 PM      eth0     32.00     29.00      6.48      7.88      0.00      0.00      0.00
04:30:00 PM      eth0     16.00     14.00      1.57      3.01      0.00      0.00      0.00
04:30:01 PM      eth0      4.00      0.00      0.23      0.00      0.00      0.00      0.00
04:30:02 PM      eth0      5.00      0.00      0.81      0.00      0.00      0.00      0.00
04:30:03 PM      eth0      5.00      0.00      0.29      0.00      0.00      0.00      0.00
04:30:04 PM      eth0      5.00      0.00      0.29      0.00      0.00      0.00      0.00
04:30:05 PM      eth0      5.00      0.00      0.29      0.00      0.00      0.00      0.00
04:30:06 PM      eth0      5.00      0.00      0.29      0.00      0.00      0.00      0.00
04:30:07 PM      eth0      4.00      0.00      0.23      0.00      0.00      0.00      0.00
04:30:08 PM      eth0      8.00      0.00      0.47      0.00      0.00      0.00      0.00
04:30:09 PM      eth0      6.00      0.00      0.35      0.00      0.00      0.00      0.00
04:30:10 PM      eth0      7.00      0.00      0.69      0.00      0.00      0.00      0.00
04:30:11 PM      eth0  81365.00 265250.00   9402.79 200913.04      0.00      0.00      0.00
04:30:12 PM      eth0 103715.00 352331.00  11930.39 267003.54      0.00      0.00      0.00
04:30:13 PM      eth0 102420.00 351358.00  11774.58 266261.37      0.00      0.00      1.00
04:30:14 PM      eth0 103279.00 354377.00  11871.23 268552.04      0.00      0.00      0.00
04:30:15 PM      eth0 105349.00 361146.00  12109.09 273681.93      0.00      0.00      0.00
04:30:16 PM      eth0 104140.00 358964.00  11965.36 271992.57      0.00      0.00      0.00
04:30:17 PM      eth0 104945.00 357422.00  12068.38 270858.52      0.00      0.00      0.00
04:30:18 PM      eth0 105994.00 360793.00  12197.16 273414.60      0.00      0.00      0.00
04:30:19 PM      eth0 106848.00 361962.00  12292.98 274293.99      0.00      0.00      0.00
04:30:20 PM      eth0 107442.00 361887.00  12364.51 274237.93      0.00      0.00      0.00
04:30:21 PM      eth0 107139.00 361904.00  12323.14 274256.38      0.00      0.00      0.00
04:30:22 PM      eth0 106093.00 360706.00  12203.90 273347.92      0.00      0.00      0.00
04:30:23 PM      eth0 107770.00 361788.00  12403.89 274166.65      0.00      0.00      0.00
04:30:24 PM      eth0 106565.00 361944.00  12255.87 274286.31      0.00      0.00      0.00
04:30:25 PM      eth0 107436.00 361637.00  12365.42 274055.49      0.00      0.00      0.00
04:30:26 PM      eth0 105314.00 360097.00  12112.80 272883.91      0.00      0.00      0.00
04:30:27 PM      eth0 106566.00 362043.00  12258.97 274362.70      0.00      0.00      0.00
04:30:28 PM      eth0 106152.00 362806.00  12210.18 274938.31      0.00      0.00      0.00
04:30:29 PM      eth0 106871.00 361972.00  12299.38 274306.43      0.00      0.00      0.00
04:30:30 PM      eth0 107123.00 361979.00  12323.81 274308.24      0.00      0.00      0.00
04:30:31 PM      eth0 106724.00 361655.00  12283.24 274066.95      0.00      0.00      0.00
04:30:32 PM      eth0 105994.00 359443.00  12200.37 272388.18      0.00      0.00      0.00
04:30:33 PM      eth0 105346.00 356872.00  12131.51 270442.06      0.00      0.00      0.00
04:30:34 PM      eth0 105675.00 358669.00  12172.86 271803.24      0.00      0.00      0.00
04:30:35 PM      eth0 105939.00 359667.00  12200.12 272558.53      0.00      0.00      0.00
04:30:36 PM      eth0 105503.00 358392.00  12146.12 271593.48      0.00      0.00      0.00
04:30:37 PM      eth0 104817.00 357786.00  12058.51 271131.48      0.00      0.00      0.00
04:30:38 PM      eth0 105681.00 358896.00  12161.56 271975.06      0.00      0.00      0.00
04:30:39 PM      eth0 105219.00 358373.00  12113.59 271576.25      0.00      0.00      0.00
04:30:40 PM      eth0 105265.00 358146.00  12107.52 271406.20      0.00      0.00      0.00
04:30:41 PM      eth0 106130.00 357351.00  12229.00 270799.81      0.00      0.00      0.00
04:30:42 PM      eth0 104962.00 358119.00  12078.93 271383.69      0.00      0.00      0.00
04:30:43 PM      eth0 105186.00 357748.00  12110.99 271104.55      0.00      0.00      0.00
04:30:44 PM      eth0 104756.00 358382.00  12056.18 271585.02      0.00      0.00      0.00
04:30:45 PM      eth0 105554.00 357800.00  12157.20 271141.25      0.00      0.00      0.00
04:30:46 PM      eth0 103603.00 357961.00  11911.53 271265.21      0.00      0.00      0.00
04:30:47 PM      eth0 105572.00 358351.00  12159.39 271562.33      0.00      0.00      0.00
04:30:48 PM      eth0 104957.00 357341.00  12076.07 270795.47      0.00      0.00      0.00
04:30:49 PM      eth0 105264.00 359084.00  12113.87 272110.78      0.00      0.00      0.00
04:30:50 PM      eth0 105482.00 358412.00  12141.08 271603.05      0.00      0.00      0.00
04:30:51 PM      eth0 105992.00 358391.00  12205.35 271591.18      0.00      0.00      0.00
04:30:52 PM      eth0 103953.00 357261.00  11949.23 270734.85      0.00      0.00      0.00
04:30:53 PM      eth0 105787.00 358845.00  12181.61 271935.60      0.00      0.00      0.00
04:30:54 PM      eth0 105394.00 358537.00  12128.89 271699.68      0.00      0.00      0.00
04:30:55 PM      eth0 104730.00 357988.00  12049.75 271283.83      0.00      0.00      0.00
04:30:56 PM      eth0 104691.00 358169.00  12047.47 271420.99      0.00      0.00      0.00
04:30:57 PM      eth0 104676.00 358064.00  12044.45 271341.37      0.00      0.00      0.00
04:30:58 PM      eth0 104620.00 358486.00  12037.92 271664.23      0.00      0.00      0.00
04:30:59 PM      eth0 105304.00 358633.00  12132.62 271772.69      0.00      0.00      0.00
04:31:00 PM      eth0 105967.00 358612.00  12202.27 271754.62      0.00      0.00      0.00
04:31:01 PM      eth0 105362.00 358607.00  12127.08 271752.09      0.00      0.00      0.00
04:31:02 PM      eth0 105227.00 358200.00  12111.59 271445.82      0.00      0.00      0.00
04:31:03 PM      eth0 104985.00 358146.00  12080.71 271405.51      0.00      0.00      0.00
04:31:04 PM      eth0 106261.00 358594.00  12240.57 271748.39      0.00      0.00      0.00
04:31:05 PM      eth0 104916.00 358105.00  12076.38 271374.49      0.00      0.00      0.00
04:31:06 PM      eth0 105540.00 357883.00  12150.04 271204.75      0.00      0.00      0.00
04:31:07 PM      eth0 104884.00 358040.00  12063.50 271325.80      0.00      0.00      0.00
04:31:08 PM      eth0 105784.00 359360.00  12185.38 272324.83      0.00      0.00      0.00
04:31:09 PM      eth0 106006.00 358263.00  12210.93 271496.09      0.00      0.00      0.00
04:31:10 PM      eth0 106457.00 358221.00  12268.82 271461.60      0.00      0.00      0.00
04:31:11 PM      eth0 105154.00 358670.00  12109.69 271799.46      0.00      0.00      0.00
04:31:12 PM      eth0 106146.00 358410.00  12232.95 271607.45      0.00      0.00      0.00
04:31:13 PM      eth0 105661.00 358418.00  12170.62 271612.88      0.00      0.00      0.00
04:31:14 PM      eth0 105885.00 357854.00  12199.51 271184.33      0.00      0.00      0.00
04:31:15 PM      eth0 105490.00 357898.00  12151.65 271218.96      0.00      0.00      0.00
04:31:16 PM      eth0 104921.00 358021.00  12078.87 271312.71      0.00      0.00      0.00
04:31:17 PM      eth0 106011.00 360992.00  12216.39 273563.15      0.00      0.00      0.00
04:31:18 PM      eth0 105429.00 360866.00  12146.48 273467.43      0.00      0.00      0.00
04:31:19 PM      eth0 105262.00 360042.00  12125.29 272839.09      0.00      0.00      0.00
04:31:20 PM      eth0 105773.00 358788.00  12199.93 271884.05      0.00      0.00      0.00
04:31:21 PM      eth0 105580.00 357934.00  12173.63 271244.19      0.00      0.00      0.00
04:31:22 PM      eth0 106337.00 358440.00  12266.80 271630.37      0.00      0.00      0.00
04:31:23 PM      eth0 105269.00 357856.00  12130.03 271186.36      0.00      0.00      0.00
04:31:24 PM      eth0 105435.00 359267.00  12139.85 272257.60      0.00      0.00      0.00
04:31:25 PM      eth0 105662.00 361043.00  12174.16 273601.28      0.00      0.00      0.00
04:31:26 PM      eth0 102748.00 354856.00  11819.97 268911.32      0.00      0.00      0.00
04:31:27 PM      eth0 105581.00 357715.00  12183.35 271077.51      0.00      0.00      0.00
04:31:28 PM      eth0 104142.00 351727.00  12008.68 266540.24      0.00      0.00      0.00
04:31:29 PM      eth0 106173.00 358221.00  12241.84 271460.82      0.00      0.00      0.00
04:31:30 PM      eth0 105654.00 357343.00  12173.88 270795.56      0.00      0.00      0.00
04:31:31 PM      eth0 105983.00 357883.00  12233.23 271206.15      0.00      0.00      0.00
04:31:32 PM      eth0 106050.00 358326.00  12226.68 271543.92      0.00      0.00      0.00
04:31:33 PM      eth0 106108.00 359791.00  12228.79 272653.12      0.00      0.00      0.00
04:31:34 PM      eth0 106308.00 358824.00  12262.69 271918.64      0.00      0.00      0.00
04:31:35 PM      eth0 105524.00 358353.00  12163.63 271560.30      0.00      0.00      0.00
04:31:36 PM      eth0 105514.00 358178.00  12159.34 271429.15      0.00      0.00      0.00
04:31:37 PM      eth0 104274.00 357915.00  12015.85 271227.73      0.00      0.00      0.00
04:31:38 PM      eth0 106134.00 358016.00  12232.59 271307.02      0.00      0.00      0.00
04:31:39 PM      eth0 106299.00 357376.00  12267.05 270821.33      0.00      0.00      0.00
04:31:40 PM      eth0 105858.00 356690.00  12208.85 270302.80      0.00      0.00      0.00
04:31:41 PM      eth0 106828.00 357053.00  12323.68 270574.40      0.00      0.00      0.00
04:31:42 PM      eth0 106318.00 356982.00  12263.88 270522.70      0.00      0.00      0.00
04:31:43 PM      eth0 106479.00 357517.00  12286.90 270928.90      0.00      0.00      0.00
04:31:44 PM      eth0 106323.00 358177.00  12262.91 271427.67      0.00      0.00      0.00
04:31:45 PM      eth0 106512.00 357439.00  12289.01 270870.12      0.00      0.00      0.00
04:31:46 PM      eth0 105877.00 358625.00  12203.80 271768.75      0.00      0.00      0.00
04:31:47 PM      eth0 106103.00 358187.00  12234.75 271436.56      0.00      0.00      0.00
04:31:48 PM      eth0 105436.00 358172.00  12146.27 271423.93      0.00      0.00      0.00
04:31:49 PM      eth0 105476.00 358288.00  12160.11 271507.62      0.00      0.00      0.00
04:31:50 PM      eth0 107025.00 359243.00  12351.12 272233.79      0.00      0.00      0.00
04:31:51 PM      eth0 106203.00 358752.00  12236.08 271864.69      0.00      0.00      0.00
04:31:52 PM      eth0 105898.00 358220.00  12214.69 271460.25      0.00      0.00      0.00
04:31:53 PM      eth0 106018.00 358012.00  12219.80 271304.15      0.00      0.00      0.00
04:31:54 PM      eth0 105970.00 358614.00  12214.10 271759.29      0.00      0.00      0.00
04:31:55 PM      eth0 106622.00 358952.00  12297.50 272017.40      0.00      0.00      0.00
04:31:56 PM      eth0 106353.00 358093.00  12262.82 271365.29      0.00      0.00      0.00
04:31:57 PM      eth0 106477.00 358050.00  12279.83 271333.91      0.00      0.00      0.00
04:31:58 PM      eth0 105452.00 358266.00  12154.08 271496.25      0.00      0.00      0.00
04:31:59 PM      eth0 106620.00 357840.00  12290.31 271174.05      0.00      0.00      0.00
04:32:00 PM      eth0 106224.00 357617.00  12259.47 271002.38      0.00      0.00      0.00
04:32:01 PM      eth0 107669.00 359284.00  12429.20 272268.52      0.00      0.00      0.00
04:32:02 PM      eth0 107000.00 357684.00  12358.54 271056.12      0.00      0.00      0.00
04:32:03 PM      eth0 107100.00 357842.00  12365.30 271173.54      0.00      0.00      0.00
04:32:04 PM      eth0 106902.00 358037.00  12337.48 271324.25      0.00      0.00      0.00
04:32:05 PM      eth0 105935.00 357362.00  12219.57 270812.16      0.00      0.00      0.00
04:32:06 PM      eth0 106061.00 358346.00  12232.57 271556.71      0.00      0.00      0.00
04:32:07 PM      eth0 106004.00 357941.00  12235.37 271249.40      0.00      0.00      0.00
04:32:08 PM      eth0 105695.00 358541.00  12184.42 271706.06      0.00      0.00      0.00
04:32:09 PM      eth0 106586.00 358500.00  12290.99 271672.70      0.00      0.00      0.00
04:32:10 PM      eth0 105737.00 358208.00  12191.53 271455.35      0.00      0.00      0.00
04:32:11 PM      eth0 106570.00 359786.00  12302.66 272645.12      0.00      0.00      0.00
04:32:12 PM      eth0 107538.00 359157.00  12420.54 272172.86      0.00      0.00      0.00
04:32:13 PM      eth0 104997.00 357647.00  12096.84 271027.41      0.00      0.00      0.00
04:32:14 PM      eth0 106277.00 357930.00  12266.62 271241.10      0.00      0.00      0.00
04:32:15 PM      eth0 105238.00 358091.00  12123.92 271365.07      0.00      0.00      0.00
04:32:16 PM      eth0 105138.00 358019.00  12110.95 271310.08      0.00      0.00      0.00
04:32:17 PM      eth0 106119.00 356348.00  12241.18 270042.98      0.00      0.00      0.00
04:32:18 PM      eth0 105164.00 358237.00  12119.58 271473.14      0.00      0.00      0.00
04:32:19 PM      eth0 106556.00 357896.00  12300.24 271212.89      0.00      0.00      0.00
04:32:20 PM      eth0 105747.00 357262.00  12201.81 270731.85      0.00      0.00      0.00
04:32:21 PM      eth0 106553.00 357935.00  12300.15 271247.74      0.00      0.00      0.00
04:32:22 PM      eth0 106263.00 358859.00  12257.86 271948.26      0.00      0.00      0.00
04:32:23 PM      eth0 106753.00 358247.00  12319.25 271482.39      0.00      0.00      0.00
04:32:24 PM      eth0 106921.00 357391.00  12347.06 270832.37      0.00      0.00      0.00
04:32:25 PM      eth0 105351.00 357599.00  12134.43 270990.99      0.00      0.00      0.00
04:32:26 PM      eth0 107258.00 358596.00  12388.39 271748.09      0.00      0.00      0.00
04:32:27 PM      eth0 106332.00 357666.00  12260.12 271039.82      0.00      0.00      0.00
04:32:28 PM      eth0 105979.00 357112.00  12224.72 270624.09      0.00      0.00      0.00
04:32:29 PM      eth0 104416.00 354692.00  12041.33 268786.91      0.00      0.00      0.00
04:32:30 PM      eth0 107002.00 359345.00  12368.81 272309.12      0.00      0.00      0.00
04:32:31 PM      eth0 106096.00 358770.00  12238.74 271877.58      0.00      0.00      0.00
04:32:32 PM      eth0 106077.00 357519.00  12246.91 270930.96      0.00      0.00      0.00
04:32:33 PM      eth0 106152.00 360298.00  12235.45 273037.88      0.00      0.00      0.00
04:32:34 PM      eth0 105633.00 358450.00  12183.91 271636.55      0.00      0.00      0.00
04:32:35 PM      eth0 104162.00 359484.00  12009.41 272416.47      0.00      0.00      0.00
04:32:36 PM      eth0 107115.00 358277.00  12383.98 271507.39      0.00      0.00      0.00
04:32:37 PM      eth0 107295.00 358464.00  12403.84 271646.15      0.00      0.00      0.00
04:32:38 PM      eth0 105901.00 358041.00  12212.97 271323.74      0.00      0.00      0.00
04:32:39 PM      eth0 106406.00 357223.00  12293.84 270704.10      0.00      0.00      0.00
04:32:40 PM      eth0 106578.00 358724.00  12321.66 271842.76      0.00      0.00      0.00
04:32:41 PM      eth0 107189.00 357139.00  12386.00 270641.30      0.00      0.00      0.00
04:32:42 PM      eth0 107549.00 359470.00  12444.50 272408.12      0.00      0.00      0.00
04:32:43 PM      eth0 106140.00 358826.00  12253.95 271920.47      0.00      0.00      0.00
04:32:44 PM      eth0 107003.00 357309.00  12367.15 270771.05      0.00      0.00      0.00
04:32:45 PM      eth0 105830.00 358666.00  12214.05 271801.68      0.00      0.00      0.00
04:32:46 PM      eth0 106433.00 358465.00  12278.25 271645.87      0.00      0.00      0.00
04:32:47 PM      eth0 107609.00 358143.00  12436.76 271403.24      0.00      0.00      0.00
04:32:48 PM      eth0 107407.00 358057.00  12417.45 271336.68      0.00      0.00      0.00
04:32:49 PM      eth0 105939.00 357762.00  12219.86 271110.85      0.00      0.00      0.00
04:32:50 PM      eth0 108255.00 358536.00  12541.65 271697.99      0.00      0.00      0.00
04:32:51 PM      eth0 107586.00 359532.00  12432.13 272458.86      0.00      0.00      0.00
04:32:52 PM      eth0 107883.17 358182.18  12475.45 271434.93      0.00      0.00      0.00
04:32:53 PM      eth0 106803.00 358689.00  12320.88 271814.28      0.00      0.00      0.00
04:32:54 PM      eth0 106651.00 358694.00  12314.86 271822.91      0.00      0.00      0.00
04:32:55 PM      eth0 105903.00 354621.00  12243.63 268734.01      0.00      0.00      0.00
04:32:56 PM      eth0 106264.00 352656.00  12294.94 267245.22      0.00      0.00      0.00
04:32:57 PM      eth0 107477.00 359083.00  12432.45 272116.79      0.00      0.00      0.00
04:32:58 PM      eth0 106443.00 359037.00  12289.76 272081.00      0.00      0.00      0.00
04:32:59 PM      eth0 106559.00 358636.00  12301.31 271778.80      0.00      0.00      0.00
04:33:00 PM      eth0 105760.00 357403.00  12200.50 270837.99      0.00      0.00      0.00
04:33:01 PM      eth0 107595.00 358331.00  12453.31 271545.37      0.00      0.00      0.00
04:33:02 PM      eth0 108119.00 357853.00  12506.81 271183.14      0.00      0.00      0.00
04:33:03 PM      eth0 105797.00 358032.00  12208.50 271319.53      0.00      0.00      0.00
04:33:04 PM      eth0 106112.00 358800.00  12246.50 271900.45      0.00      0.00      0.00
04:33:05 PM      eth0 107921.00 358056.00  12501.92 271338.96      0.00      0.00      0.00
04:33:06 PM      eth0 105022.00 358356.00  12114.06 271563.93      0.00      0.00      0.00
04:33:07 PM      eth0 107642.00 358635.00  12454.37 271775.24      0.00      0.00      0.00
04:33:08 PM      eth0 107430.00 357563.00  12421.21 270964.11      0.00      0.00      0.00
04:33:09 PM      eth0 107510.00 357479.00  12440.74 270899.80      0.00      0.00      0.00
04:33:10 PM      eth0 106182.00 357932.00  12253.51 271246.22      0.00      0.00      0.00
04:33:11 PM      eth0 107734.00 358326.00  12456.44 271537.23      0.00      0.00      0.00
04:33:12 PM      eth0 107691.00 357651.00  12457.65 271030.39      0.00      0.00      0.00
04:33:13 PM      eth0 108216.00 357860.00  12535.04 271189.35      0.00      0.00      0.00
04:33:14 PM      eth0 108054.00 357690.00  12493.61 271059.49      0.00      0.00      0.00
04:33:15 PM      eth0 107705.00 358248.00  12459.05 271484.77      0.00      0.00      0.00
04:33:16 PM      eth0 107605.00 358101.00  12458.11 271369.79      0.00      0.00      0.00
04:33:17 PM      eth0 107151.00 357824.00  12379.92 271163.09      0.00      0.00      0.00
04:33:18 PM      eth0 105463.00 355692.00  12181.87 269546.46      0.00      0.00      0.00
04:33:19 PM      eth0 108232.00 358279.00  12524.23 271504.49      0.00      0.00      0.00
04:33:20 PM      eth0 106452.00 358246.00  12298.06 271478.37      0.00      0.00      0.00
04:33:21 PM      eth0 107145.00 357840.00  12392.07 271174.80      0.00      0.00      0.00
04:33:22 PM      eth0 106010.00 358213.00  12251.38 271455.23      0.00      0.00      0.00
04:33:23 PM      eth0 103915.00 350904.00  11998.15 265918.51      0.00      0.00      0.00
04:33:24 PM      eth0 105662.00 352062.00  12216.63 266796.27      0.00      0.00      0.00
04:33:25 PM      eth0 104274.00 347590.00  12067.22 263407.25      0.00      0.00      0.00
04:33:26 PM      eth0 100148.00 338868.00  11568.69 256798.45      0.00      0.00      0.00
04:33:27 PM      eth0 104661.00 347522.00  12105.46 263353.60      0.00      0.00      0.00
04:33:28 PM      eth0 101304.00 338065.00  11732.42 256187.88      0.00      0.00      0.00
04:33:29 PM      eth0 101598.00 342321.00  11748.86 259410.15      0.00      0.00      0.00
04:33:30 PM      eth0 102148.00 338972.00  11821.87 256871.27      0.00      0.00      0.00
04:33:31 PM      eth0 103079.00 338113.00  11939.18 256222.00      0.00      0.00      0.00
04:33:32 PM      eth0 103344.00 341088.00  11973.46 258475.51      0.00      0.00      0.00
04:33:33 PM      eth0 103410.00 347390.00  11940.70 263254.46      0.00      0.00      0.00
04:33:34 PM      eth0 105798.00 348875.00  12254.48 264381.51      0.00      0.00      1.00
04:33:35 PM      eth0 105960.00 348196.00  12263.21 263865.65      0.00      0.00      0.00
04:33:36 PM      eth0 105795.00 348875.00  12258.48 264378.42      0.00      0.00      0.00
04:33:37 PM      eth0 105090.00 348266.00  12174.35 263916.32      0.00      0.00      0.00
04:33:38 PM      eth0 104663.00 349682.00  12121.47 264990.79      0.00      0.00      0.00
04:33:39 PM      eth0 102286.00 340068.00  11833.83 257707.78      0.00      0.00      0.00
04:33:40 PM      eth0 101971.00 339880.00  11811.12 257562.03      0.00      0.00      0.00
04:33:41 PM      eth0 101363.00 339847.00  11715.36 257536.72      0.00      0.00      0.00
04:33:42 PM      eth0 102369.00 344003.00  11835.75 260687.72      0.00      0.00      0.00
04:33:43 PM      eth0 101338.00 340152.00  11725.55 257768.49      0.00      0.00      0.00
04:33:44 PM      eth0 101251.00 338535.00  11697.17 256545.76      0.00      0.00      0.00
04:33:45 PM      eth0 102770.00 342151.00  11883.84 259284.25      0.00      0.00      0.00
04:33:46 PM      eth0 102548.00 341945.00  11864.87 259130.27      0.00      0.00      0.00
04:33:47 PM      eth0 102533.00 343939.00  11860.58 260639.96      0.00      0.00      0.00
04:33:48 PM      eth0 101626.00 338871.00  11749.29 256798.43      0.00      0.00      0.00
04:33:49 PM      eth0 103072.00 342169.00  11945.84 259294.70      0.00      0.00      0.00
04:33:50 PM      eth0 106044.00 352280.00  12269.47 266955.59      0.00      0.00      0.00
04:33:51 PM      eth0 105516.00 350529.00  12199.13 265635.25      0.00      0.00      0.00
04:33:52 PM      eth0 105664.00 350706.00  12241.31 265767.19      0.00      0.00      0.00
04:33:53 PM      eth0 105486.00 351738.00  12198.21 266550.36      0.00      0.00      0.00
04:33:54 PM      eth0 105321.00 350448.00  12185.75 265571.35      0.00      0.00      0.00
04:33:55 PM      eth0 104547.00 344745.00  12110.85 261247.44      0.00      0.00      0.00
04:33:56 PM      eth0 105449.00 348490.00  12214.72 264088.69      0.00      0.00      0.00
04:33:57 PM      eth0 105285.00 350832.00  12179.00 265864.01      0.00      0.00      0.00
04:33:58 PM      eth0 106235.00 349931.00  12299.31 265182.31      0.00      0.00      0.00
04:33:59 PM      eth0 107923.00 358097.00  12482.21 271370.85      0.00      0.00      0.00
04:34:00 PM      eth0 108540.00 358582.00  12576.51 271727.96      0.00      0.00      0.00
04:34:01 PM      eth0 105933.00 357977.00  12246.75 271278.91      0.00      0.00      0.00
04:34:02 PM      eth0 109126.00 358130.00  12655.94 271393.53      0.00      0.00      0.00
04:34:03 PM      eth0 107688.00 359773.00  12450.18 272641.30      0.00      0.00      0.00
04:34:04 PM      eth0 107929.00 357279.00  12485.50 270746.88      0.00      0.00      0.00
04:34:05 PM      eth0 108985.00 357873.00  12638.44 271198.33      0.00      0.00      0.00
04:34:06 PM      eth0 108360.00 358078.00  12554.64 271351.98      0.00      0.00      0.00
04:34:07 PM      eth0 109299.00 358030.00  12697.61 271317.66      0.00      0.00      0.00
04:34:08 PM      eth0 107905.00 358707.00  12483.44 271832.03      0.00      0.00      0.00
04:34:09 PM      eth0 107313.00 357389.00  12414.25 270831.63      0.00      0.00      0.00
04:34:10 PM      eth0 107867.00 358676.00  12487.37 271808.37      0.00      0.00      0.00
04:34:11 PM      eth0 107449.00 358239.00  12434.69 271471.03      0.00      0.00      0.00
04:34:12 PM      eth0 108205.00 357742.00  12534.70 271098.80      0.00      0.00      0.00
04:34:13 PM      eth0 107133.00 358493.00  12397.92 271665.64      0.00      0.00      0.00
04:34:14 PM      eth0 105921.00 358634.00  12227.12 271777.01      0.00      0.00      0.00
04:34:15 PM      eth0 108072.00 358587.00  12512.90 271741.97      0.00      0.00      0.00
04:34:16 PM      eth0 107829.00 359618.00  12479.51 272520.34      0.00      0.00      0.00
04:34:17 PM      eth0 106660.00 358400.00  12337.00 271597.00      0.00      0.00      0.00
04:34:18 PM      eth0 108914.00 358235.00  12636.64 271472.48      0.00      0.00      0.00
04:34:19 PM      eth0 107033.00 358463.00  12379.62 271643.13      0.00      0.00      0.00
04:34:20 PM      eth0 106961.00 357356.00  12376.61 270802.83      0.00      0.00      0.00
04:34:21 PM      eth0 106269.00 357986.00  12277.34 271283.15      0.00      0.00      0.00
04:34:22 PM      eth0 107925.00 358683.00  12518.84 271813.00      0.00      0.00      0.00
04:34:23 PM      eth0 106606.00 359633.00  12311.28 272533.53      0.00      0.00      0.00
04:34:24 PM      eth0 106617.00 357844.00  12329.43 271174.60      0.00      0.00      0.00
04:34:25 PM      eth0 108234.00 357409.00  12531.88 270847.03      0.00      0.00      0.00
04:34:26 PM      eth0 107432.00 358480.00  12426.23 271658.87      0.00      0.00      0.00
04:34:27 PM      eth0 106725.00 358343.00  12332.61 271552.84      0.00      0.00      0.00
04:34:28 PM      eth0 107676.00 358596.00  12465.87 271748.41      0.00      0.00      0.00
04:34:29 PM      eth0 108186.00 357495.00  12531.22 270913.56      0.00      0.00      0.00
04:34:30 PM      eth0 107988.00 356963.00  12530.97 270505.12      0.00      0.00      0.00
04:34:31 PM      eth0 109189.00 357186.00  12652.80 270675.00      0.00      0.00      0.00
04:34:32 PM      eth0 109346.00 358091.00  12696.62 271364.23      0.00      0.00      0.00
04:34:33 PM      eth0 108170.00 357745.00  12540.92 271102.39      0.00      0.00      0.00
04:34:34 PM      eth0 108610.00 357443.00  12588.59 270874.64      0.00      0.00      0.00
04:34:35 PM      eth0 107528.00 357318.00  12434.38 270780.81      0.00      0.00      0.00
04:34:36 PM      eth0 106974.00 351459.00  12393.07 266340.08      0.00      0.00      0.00
04:34:37 PM      eth0 104786.00 349124.00  12139.11 264565.88      0.00      0.00      0.00
04:34:38 PM      eth0 106562.00 356125.00  12331.54 269874.10      0.00      0.00      0.00
04:34:39 PM      eth0 107537.00 357683.00  12454.54 271053.59      0.00      0.00      0.00
04:34:40 PM      eth0 107476.00 357050.00  12461.34 270576.05      0.00      0.00      0.00
04:34:41 PM      eth0 103531.00 349714.00  11955.68 265010.68      0.00      0.00      0.00
04:34:42 PM      eth0 104527.00 348595.00  12106.89 264167.54      0.00      0.00      0.00
04:34:43 PM      eth0 105030.00 351014.00  12153.63 266001.65      0.00      0.00      0.00
04:34:44 PM      eth0 105221.00 350196.00  12174.93 265381.28      0.00      0.00      0.00
04:34:45 PM      eth0 107498.00 356528.00  12453.34 270178.85      0.00      0.00      0.00
04:34:46 PM      eth0 107072.00 352124.00  12457.30 266840.96      0.00      0.00      0.00
04:34:47 PM      eth0 104249.00 348700.00  12055.16 264249.43      0.00      0.00      0.00
04:34:48 PM      eth0 105348.00 349486.00  12210.36 264844.47      0.00      0.00      0.00
04:34:49 PM      eth0 105927.00 347168.00  12288.64 263081.70      0.00      0.00      0.00
04:34:50 PM      eth0 104334.00 347341.00  12086.98 263211.77      0.00      0.00      0.00
04:34:51 PM      eth0 105232.00 348904.00  12186.93 264400.61      0.00      0.00      0.00
04:34:52 PM      eth0 107558.00 348156.00  12487.16 263834.27      0.00      0.00      0.00
04:34:53 PM      eth0 105017.00 347643.00  12163.62 263447.46      0.00      0.00      0.00
04:34:54 PM      eth0 104594.00 349012.00  12105.96 264483.99      0.00      0.00      0.00
04:34:55 PM      eth0 104155.00 349021.00  12050.51 264489.08      0.00      0.00      0.00
04:34:56 PM      eth0 105177.00 346703.00  12212.12 262734.69      0.00      0.00      0.00
04:34:57 PM      eth0 104985.00 347538.00  12157.00 263365.31      0.00      0.00      0.00
04:34:58 PM      eth0 102590.00 338814.00  11899.39 256757.44      0.00      0.00      0.00
04:34:59 PM      eth0 104485.00 346062.00  12110.41 262248.33      0.00      0.00      0.00
04:35:00 PM      eth0 108071.00 356816.00  12536.14 270391.23      0.00      0.00      0.00
04:35:01 PM      eth0 106720.00 357941.00  12334.96 271250.79      0.00      0.00      0.00
04:35:02 PM      eth0 108250.00 357170.00  12555.52 270664.41      0.00      0.00      0.00
04:35:03 PM      eth0 107940.00 357042.00  12501.77 270568.88      0.00      0.00      0.00
04:35:04 PM      eth0 108629.00 357598.00  12576.53 270990.16      0.00      0.00      0.00
04:35:05 PM      eth0 107262.00 357418.00  12422.47 270853.62      0.00      0.00      0.00
04:35:06 PM      eth0 109323.00 357556.00  12700.64 270957.65      0.00      0.00      0.00
04:35:07 PM      eth0 107644.00 357017.00  12457.83 270553.28      0.00      0.00      0.00
04:35:08 PM      eth0 110247.00 358867.00  12810.61 271951.79      0.00      0.00      0.00
04:35:09 PM      eth0 108963.00 357244.00  12642.31 270721.30      0.00      0.00      0.00
04:35:10 PM      eth0 109044.00 357029.00  12666.29 270557.88      0.00      0.00      0.00
04:35:11 PM      eth0  34572.00 112895.00   4020.31  85547.12      0.00      0.00      0.00
04:35:12 PM      eth0      8.00      3.00      0.56      0.27      0.00      0.00      0.00
04:35:13 PM      eth0      9.00      2.00      1.38      0.18      0.00      0.00      0.00
04:35:14 PM      eth0      5.00      1.00      0.32      0.09      0.00      0.00      0.00
04:35:15 PM      eth0      5.00      2.00      0.36      0.18      0.00      0.00      0.00
04:35:16 PM      eth0      6.00      2.00      0.41      0.18      0.00      0.00      0.00
04:35:17 PM      eth0      5.00      0.00      0.57      0.00      0.00      0.00      0.00
04:35:18 PM      eth0      7.00      0.00      0.69      0.00      0.00      0.00      0.00
04:35:19 PM      eth0      9.00      8.00      0.82      2.17      0.00      0.00      0.00
04:35:20 PM      eth0      8.00      8.00      0.76      2.14      0.00      0.00      0.00
