              total        used        free      shared  buff/cache   available
Mem:          48114        1126       39405        2337        7582       43336
Swap:         24191           0       24191
Total:        72306        1126       63597

              total        used        free      shared  buff/cache   available
Mem:          48114        1125       39406        2337        7582       43337
Swap:         24191           0       24191
Total:        72306        1125       63598

              total        used        free      shared  buff/cache   available
Mem:          48114        1127       39404        2337        7582       43335
Swap:         24191           0       24191
Total:        72306        1127       63596

              total        used        free      shared  buff/cache   available
Mem:          48114        1126       39405        2337        7582       43336
Swap:         24191           0       24191
Total:        72306        1126       63597

              total        used        free      shared  buff/cache   available
Mem:          48114        1126       39405        2337        7582       43336
Swap:         24191           0       24191
Total:        72306        1126       63597

              total        used        free      shared  buff/cache   available
Mem:          48114        1125       39405        2337        7582       43337
Swap:         24191           0       24191
Total:        72306        1125       63597

              total        used        free      shared  buff/cache   available
Mem:          48114        1125       39405        2337        7582       43337
Swap:         24191           0       24191
Total:        72306        1125       63597

              total        used        free      shared  buff/cache   available
Mem:          48114        1124       39407        2337        7582       43338
Swap:         24191           0       24191
Total:        72306        1124       63599

              total        used        free      shared  buff/cache   available
Mem:          48114        1125       39405        2337        7582       43337
Swap:         24191           0       24191
Total:        72306        1125       63597

              total        used        free      shared  buff/cache   available
Mem:          48114        1124       39406        2337        7582       43338
Swap:         24191           0       24191
Total:        72306        1124       63598

              total        used        free      shared  buff/cache   available
Mem:          48114        1125       39406        2337        7583       43337
Swap:         24191           0       24191
Total:        72306        1125       63598

              total        used        free      shared  buff/cache   available
Mem:          48114        1124       39406        2337        7583       43338
Swap:         24191           0       24191
Total:        72306        1124       63598

              total        used        free      shared  buff/cache   available
Mem:          48114        1123       39406        2337        7583       43338
Swap:         24191           0       24191
Total:        72306        1123       63598

              total        used        free      shared  buff/cache   available
Mem:          48114        1123       39407        2337        7583       43339
Swap:         24191           0       24191
Total:        72306        1123       63599

              total        used        free      shared  buff/cache   available
Mem:          48114        1124       39406        2337        7583       43338
Swap:         24191           0       24191
Total:        72306        1124       63598

              total        used        free      shared  buff/cache   available
Mem:          48114        1123       39406        2337        7583       43338
Swap:         24191           0       24191
Total:        72306        1123       63598

              total        used        free      shared  buff/cache   available
Mem:          48114        1123       39406        2337        7583       43339
Swap:         24191           0       24191
Total:        72306        1123       63598

              total        used        free      shared  buff/cache   available
Mem:          48114        1123       39407        2337        7583       43339
Swap:         24191           0       24191
Total:        72306        1123       63599

              total        used        free      shared  buff/cache   available
Mem:          48114        1124       39405        2337        7583       43338
Swap:         24191           0       24191
Total:        72306        1124       63597

              total        used        free      shared  buff/cache   available
Mem:          48114        1125       39404        2337        7583       43337
Swap:         24191           0       24191
Total:        72306        1125       63596

              total        used        free      shared  buff/cache   available
Mem:          48114        1126       39403        2337        7584       43336
Swap:         24191           0       24191
Total:        72306        1126       63595

              total        used        free      shared  buff/cache   available
Mem:          48114        1125       39404        2337        7584       43336
Swap:         24191           0       24191
Total:        72306        1125       63596

              total        used        free      shared  buff/cache   available
Mem:          48114        1126       39403        2337        7584       43336
Swap:         24191           0       24191
Total:        72306        1126       63595

              total        used        free      shared  buff/cache   available
Mem:          48114        1126       39403        2337        7584       43336
Swap:         24191           0       24191
Total:        72306        1126       63595

              total        used        free      shared  buff/cache   available
Mem:          48114        1125       39403        2337        7584       43336
Swap:         24191           0       24191
Total:        72306        1125       63595

              total        used        free      shared  buff/cache   available
Mem:          48114        1125       39404        2337        7584       43337
Swap:         24191           0       24191
Total:        72306        1125       63596

              total        used        free      shared  buff/cache   available
Mem:          48114        1125       39404        2337        7584       43337
Swap:         24191           0       24191
Total:        72306        1125       63596

              total        used        free      shared  buff/cache   available
Mem:          48114        1124       39404        2337        7584       43338
Swap:         24191           0       24191
Total:        72306        1124       63596

              total        used        free      shared  buff/cache   available
Mem:          48114        1124       39404        2337        7585       43337
Swap:         24191           0       24191
Total:        72306        1124       63596

              total        used        free      shared  buff/cache   available
Mem:          48114        1123       39406        2337        7585       43339
Swap:         24191           0       24191
Total:        72306        1123       63598

              total        used        free      shared  buff/cache   available
Mem:          48114        1123       39405        2337        7585       43339
Swap:         24191           0       24191
Total:        72306        1123       63597

              total        used        free      shared  buff/cache   available
Mem:          48114        1122       39406        2337        7585       43340
Swap:         24191           0       24191
Total:        72306        1122       63598

              total        used        free      shared  buff/cache   available
Mem:          48114        1123       39405        2337        7585       43339
Swap:         24191           0       24191
Total:        72306        1123       63597

              total        used        free      shared  buff/cache   available
Mem:          48114        1121       39406        2337        7585       43340
Swap:         24191           0       24191
Total:        72306        1121       63598

              total        used        free      shared  buff/cache   available
Mem:          48114        1123       39405        2337        7585       43339
Swap:         24191           0       24191
Total:        72306        1123       63597

              total        used        free      shared  buff/cache   available
Mem:          48114        1123       39404        2337        7585       43338
Swap:         24191           0       24191
Total:        72306        1123       63596

              total        used        free      shared  buff/cache   available
Mem:          48114        1123       39405        2337        7585       43339
Swap:         24191           0       24191
Total:        72306        1123       63597

              total        used        free      shared  buff/cache   available
Mem:          48114        1122       39405        2337        7585       43339
Swap:         24191           0       24191
Total:        72306        1122       63597

              total        used        free      shared  buff/cache   available
Mem:          48114        1123       39405        2337        7585       43339
Swap:         24191           0       24191
Total:        72306        1123       63597

              total        used        free      shared  buff/cache   available
Mem:          48114        1122       39405        2337        7585       43340
Swap:         24191           0       24191
Total:        72306        1122       63597

              total        used        free      shared  buff/cache   available
Mem:          48114        1122       39405        2337        7585       43339
Swap:         24191           0       24191
Total:        72306        1122       63597

              total        used        free      shared  buff/cache   available
Mem:          48114        1123       39405        2337        7586       43339
Swap:         24191           0       24191
Total:        72306        1123       63597

              total        used        free      shared  buff/cache   available
Mem:          48114        1123       39404        2337        7586       43338
Swap:         24191           0       24191
Total:        72306        1123       63596

              total        used        free      shared  buff/cache   available
Mem:          48114        1124       39403        2337        7586       43338
Swap:         24191           0       24191
Total:        72306        1124       63595

              total        used        free      shared  buff/cache   available
Mem:          48114        1123       39404        2337        7586       43338
Swap:         24191           0       24191
Total:        72306        1123       63596

              total        used        free      shared  buff/cache   available
Mem:          48114        1123       39404        2337        7586       43338
Swap:         24191           0       24191
Total:        72306        1123       63596

              total        used        free      shared  buff/cache   available
Mem:          48114        1124       39403        2337        7586       43338
Swap:         24191           0       24191
Total:        72306        1124       63595

              total        used        free      shared  buff/cache   available
Mem:          48114        1123       39404        2337        7586       43339
Swap:         24191           0       24191
Total:        72306        1123       63596

              total        used        free      shared  buff/cache   available
Mem:          48114        1124       39403        2337        7586       43338
Swap:         24191           0       24191
Total:        72306        1124       63595

              total        used        free      shared  buff/cache   available
Mem:          48114        1123       39403        2337        7586       43338
Swap:         24191           0       24191
Total:        72306        1123       63595

              total        used        free      shared  buff/cache   available
Mem:          48114        1123       39403        2337        7586       43339
Swap:         24191           0       24191
Total:        72306        1123       63595

              total        used        free      shared  buff/cache   available
Mem:          48114        1124       39402        2337        7587       43338
Swap:         24191           0       24191
Total:        72306        1124       63594

              total        used        free      shared  buff/cache   available
Mem:          48114        1123       39403        2337        7587       43338
Swap:         24191           0       24191
Total:        72306        1123       63595

              total        used        free      shared  buff/cache   available
Mem:          48114        1123       39403        2337        7587       43338
Swap:         24191           0       24191
Total:        72306        1123       63595

              total        used        free      shared  buff/cache   available
Mem:          48114        1122       39403        2337        7587       43339
Swap:         24191           0       24191
Total:        72306        1122       63595

              total        used        free      shared  buff/cache   available
Mem:          48114        1122       39404        2337        7587       43340
Swap:         24191           0       24191
Total:        72306        1122       63596

              total        used        free      shared  buff/cache   available
Mem:          48114        1122       39403        2337        7587       43339
Swap:         24191           0       24191
Total:        72306        1122       63595

              total        used        free      shared  buff/cache   available
Mem:          48114        1122       39404        2337        7587       43340
Swap:         24191           0       24191
Total:        72306        1122       63596

              total        used        free      shared  buff/cache   available
Mem:          48114        1122       39404        2337        7587       43340
Swap:         24191           0       24191
Total:        72306        1122       63596

              total        used        free      shared  buff/cache   available
Mem:          48114        1121       39404        2337        7587       43340
Swap:         24191           0       24191
Total:        72306        1121       63596

              total        used        free      shared  buff/cache   available
Mem:          48114        1122       39403        2337        7587       43340
Swap:         24191           0       24191
Total:        72306        1122       63595

              total        used        free      shared  buff/cache   available
Mem:          48114        1121       39404        2337        7587       43340
Swap:         24191           0       24191
Total:        72306        1121       63596

              total        used        free      shared  buff/cache   available
Mem:          48114        1121       39404        2337        7587       43341
Swap:         24191           0       24191
Total:        72306        1121       63596

              total        used        free      shared  buff/cache   available
Mem:          48114        1121       39404        2337        7588       43341
Swap:         24191           0       24191
Total:        72306        1121       63596

              total        used        free      shared  buff/cache   available
Mem:          48114        1122       39403        2337        7588       43340
Swap:         24191           0       24191
Total:        72306        1122       63595

              total        used        free      shared  buff/cache   available
Mem:          48114        1121       39404        2337        7588       43341
Swap:         24191           0       24191
Total:        72306        1121       63596

              total        used        free      shared  buff/cache   available
Mem:          48114        1122       39403        2337        7588       43340
Swap:         24191           0       24191
Total:        72306        1122       63595

              total        used        free      shared  buff/cache   available
Mem:          48114        1121       39404        2337        7588       43341
Swap:         24191           0       24191
Total:        72306        1121       63596

              total        used        free      shared  buff/cache   available
Mem:          48114        1120       39404        2337        7588       43341
Swap:         24191           0       24191
Total:        72306        1120       63596

              total        used        free      shared  buff/cache   available
Mem:          48114        1121       39404        2337        7588       43341
Swap:         24191           0       24191
Total:        72306        1121       63596

              total        used        free      shared  buff/cache   available
Mem:          48114        1122       39403        2337        7588       43340
Swap:         24191           0       24191
Total:        72306        1122       63595

              total        used        free      shared  buff/cache   available
Mem:          48114        1122       39402        2337        7588       43339
Swap:         24191           0       24191
Total:        72306        1122       63594

              total        used        free      shared  buff/cache   available
Mem:          48114        1122       39402        2337        7588       43339
Swap:         24191           0       24191
Total:        72306        1122       63594

              total        used        free      shared  buff/cache   available
Mem:          48114        1122       39402        2337        7589       43339
Swap:         24191           0       24191
Total:        72306        1122       63594

              total        used        free      shared  buff/cache   available
Mem:          48114        1122       39402        2337        7589       43340
Swap:         24191           0       24191
Total:        72306        1122       63594

              total        used        free      shared  buff/cache   available
Mem:          48114        1122       39403        2337        7589       43340
Swap:         24191           0       24191
Total:        72306        1122       63595

              total        used        free      shared  buff/cache   available
Mem:          48114        1122       39402        2337        7589       43340
Swap:         24191           0       24191
Total:        72306        1122       63594

              total        used        free      shared  buff/cache   available
Mem:          48114        1121       39403        2337        7589       43341
Swap:         24191           0       24191
Total:        72306        1121       63595

              total        used        free      shared  buff/cache   available
Mem:          48114        1121       39402        2337        7589       43340
Swap:         24191           0       24191
Total:        72306        1121       63594

              total        used        free      shared  buff/cache   available
Mem:          48114        1121       39402        2337        7589       43340
Swap:         24191           0       24191
Total:        72306        1121       63594

              total        used        free      shared  buff/cache   available
Mem:          48114        1122       39402        2337        7589       43340
Swap:         24191           0       24191
Total:        72306        1122       63594

              total        used        free      shared  buff/cache   available
Mem:          48114        1122       39401        2337        7589       43339
Swap:         24191           0       24191
Total:        72306        1122       63593

              total        used        free      shared  buff/cache   available
Mem:          48114        1122       39401        2337        7589       43339
Swap:         24191           0       24191
Total:        72306        1122       63593

              total        used        free      shared  buff/cache   available
Mem:          48114        1122       39402        2337        7589       43340
Swap:         24191           0       24191
Total:        72306        1122       63594

              total        used        free      shared  buff/cache   available
Mem:          48114        1122       39401        2337        7590       43340
Swap:         24191           0       24191
Total:        72306        1122       63593

              total        used        free      shared  buff/cache   available
Mem:          48114        1120       39403        2337        7590       43341
Swap:         24191           0       24191
Total:        72306        1120       63595

              total        used        free      shared  buff/cache   available
Mem:          48114        1121       39402        2337        7590       43341
Swap:         24191           0       24191
Total:        72306        1121       63594

              total        used        free      shared  buff/cache   available
Mem:          48114        1121       39402        2337        7590       43340
Swap:         24191           0       24191
Total:        72306        1121       63594

              total        used        free      shared  buff/cache   available
Mem:          48114        1122       39401        2337        7590       43340
Swap:         24191           0       24191
Total:        72306        1122       63593

              total        used        free      shared  buff/cache   available
Mem:          48114        1121       39402        2337        7590       43341
Swap:         24191           0       24191
Total:        72306        1121       63594

              total        used        free      shared  buff/cache   available
Mem:          48114        1122       39401        2337        7590       43340
Swap:         24191           0       24191
Total:        72306        1122       63593

              total        used        free      shared  buff/cache   available
Mem:          48114        1122       39401        2337        7590       43340
Swap:         24191           0       24191
Total:        72306        1122       63593

              total        used        free      shared  buff/cache   available
Mem:          48114        1122       39400        2337        7590       43339
Swap:         24191           0       24191
Total:        72306        1122       63592

              total        used        free      shared  buff/cache   available
Mem:          48114        1122       39400        2337        7590       43340
Swap:         24191           0       24191
Total:        72306        1122       63592

              total        used        free      shared  buff/cache   available
Mem:          48114        1122       39400        2337        7590       43339
Swap:         24191           0       24191
Total:        72306        1122       63592

              total        used        free      shared  buff/cache   available
Mem:          48114        1123       39399        2337        7591       43339
Swap:         24191           0       24191
Total:        72306        1123       63591

              total        used        free      shared  buff/cache   available
Mem:          48114        1122       39400        2337        7591       43339
Swap:         24191           0       24191
Total:        72306        1122       63592

              total        used        free      shared  buff/cache   available
Mem:          48114        1123       39399        2337        7591       43339
Swap:         24191           0       24191
Total:        72306        1123       63591

              total        used        free      shared  buff/cache   available
Mem:          48114        1123       39399        2337        7591       43339
Swap:         24191           0       24191
Total:        72306        1123       63591

              total        used        free      shared  buff/cache   available
Mem:          48114        1123       39399        2337        7591       43339
Swap:         24191           0       24191
Total:        72306        1123       63591

              total        used        free      shared  buff/cache   available
Mem:          48114        1123       39398        2337        7591       43338
Swap:         24191           0       24191
Total:        72306        1123       63590

              total        used        free      shared  buff/cache   available
Mem:          48114        1122       39399        2337        7591       43339
Swap:         24191           0       24191
Total:        72306        1122       63591

              total        used        free      shared  buff/cache   available
Mem:          48114        1124       39398        2337        7591       43338
Swap:         24191           0       24191
Total:        72306        1124       63590

              total        used        free      shared  buff/cache   available
Mem:          48114        1123       39399        2337        7591       43339
Swap:         24191           0       24191
Total:        72306        1123       63591

              total        used        free      shared  buff/cache   available
Mem:          48114        1124       39398        2337        7591       43338
Swap:         24191           0       24191
Total:        72306        1124       63590

              total        used        free      shared  buff/cache   available
Mem:          48114        1123       39399        2337        7591       43339
Swap:         24191           0       24191
Total:        72306        1123       63591

              total        used        free      shared  buff/cache   available
Mem:          48114        1125       39396        2337        7592       43337
Swap:         24191           0       24191
Total:        72306        1125       63588

              total        used        free      shared  buff/cache   available
Mem:          48114        1124       39397        2337        7592       43337
Swap:         24191           0       24191
Total:        72306        1124       63589

              total        used        free      shared  buff/cache   available
Mem:          48114        1124       39397        2337        7592       43337
Swap:         24191           0       24191
Total:        72306        1124       63589

              total        used        free      shared  buff/cache   available
Mem:          48114        1123       39397        2337        7592       43338
Swap:         24191           0       24191
Total:        72306        1123       63589

              total        used        free      shared  buff/cache   available
Mem:          48114        1123       39397        2337        7592       43338
Swap:         24191           0       24191
Total:        72306        1123       63589

              total        used        free      shared  buff/cache   available
Mem:          48114        1122       39398        2337        7592       43339
Swap:         24191           0       24191
Total:        72306        1122       63590

              total        used        free      shared  buff/cache   available
Mem:          48114        1123       39398        2337        7592       43338
Swap:         24191           0       24191
Total:        72306        1123       63590

              total        used        free      shared  buff/cache   available
Mem:          48114        1122       39398        2337        7592       43339
Swap:         24191           0       24191
Total:        72306        1122       63590

              total        used        free      shared  buff/cache   available
Mem:          48114        1123       39397        2337        7592       43338
Swap:         24191           0       24191
Total:        72306        1123       63589

              total        used        free      shared  buff/cache   available
Mem:          48114        1124       39397        2337        7592       43338
Swap:         24191           0       24191
Total:        72306        1124       63589

              total        used        free      shared  buff/cache   available
Mem:          48114        1123       39397        2337        7593       43338
Swap:         24191           0       24191
Total:        72306        1123       63589

              total        used        free      shared  buff/cache   available
Mem:          48114        1124       39396        2337        7593       43338
Swap:         24191           0       24191
Total:        72306        1124       63588

              total        used        free      shared  buff/cache   available
Mem:          48114        1125       39395        2337        7593       43336
Swap:         24191           0       24191
Total:        72306        1125       63587

              total        used        free      shared  buff/cache   available
Mem:          48114        1124       39396        2337        7593       43337
Swap:         24191           0       24191
Total:        72306        1124       63588

              total        used        free      shared  buff/cache   available
Mem:          48114        1125       39395        2337        7593       43336
Swap:         24191           0       24191
Total:        72306        1125       63587

              total        used        free      shared  buff/cache   available
Mem:          48114        1126       39394        2337        7593       43336
Swap:         24191           0       24191
Total:        72306        1126       63586

              total        used        free      shared  buff/cache   available
Mem:          48114        1127       39392        2337        7593       43334
Swap:         24191           0       24191
Total:        72306        1127       63584
