08:46:05 PM      eth0      6.00      0.00      0.35      0.00      0.00      0.00      0.00
08:46:06 PM      eth0     11.00      8.00      0.94      2.25      0.00      0.00      0.00
08:46:07 PM      eth0      7.00      0.00      1.45      0.00      0.00      0.00      0.00
08:46:08 PM      eth0      5.00      1.00      0.29      0.04      0.00      0.00      0.00
08:46:09 PM      eth0     12.00     11.00      2.16      2.90      0.00      0.00      0.00
08:46:10 PM      eth0      3.00      0.00      0.18      0.00      0.00      0.00      0.00
08:46:11 PM      eth0      4.00      0.00      0.23      0.00      0.00      0.00      0.00
08:46:12 PM      eth0      4.00      0.00      0.23      0.00      0.00      0.00      0.00
08:46:13 PM      eth0      5.00      0.00      0.29      0.00      0.00      0.00      0.00
08:46:14 PM      eth0      5.00      0.00      0.29      0.00      0.00      0.00      0.00
08:46:15 PM      eth0      6.00      0.00      0.87      0.00      0.00      0.00      0.00
08:46:16 PM      eth0      4.00      0.00      0.23      0.00      0.00      0.00      0.00
08:46:17 PM      eth0      5.00      0.00      0.29      0.00      0.00      0.00      0.00
08:46:18 PM      eth0      6.00      0.00      0.35      0.00      0.00      0.00      0.00
08:46:19 PM      eth0     16.00     11.00      2.39      2.90      0.00      0.00      0.00
08:46:20 PM      eth0      4.00      0.00      0.23      0.00      0.00      0.00      0.00
08:46:21 PM      eth0      5.00      0.00      0.29      0.00      0.00      0.00      0.00
08:46:22 PM      eth0      5.00      0.00      0.29      0.00      0.00      0.00      0.00
08:46:23 PM      eth0     24.00     26.00      9.60      2.93      0.00      0.00      0.00
08:46:24 PM      eth0      5.00      0.00      0.29      0.00      0.00      0.00      0.00
08:46:25 PM      eth0      5.00      0.00      0.29      0.00      0.00      0.00      0.00
08:46:26 PM      eth0      5.00      0.00      0.29      0.00      0.00      0.00      0.00
08:46:27 PM      eth0      4.00      0.00      0.23      0.00      0.00      0.00      0.00
08:46:28 PM      eth0      7.00      0.00      0.69      0.00      0.00      0.00      0.00
08:46:29 PM      eth0     16.00     11.00      2.39      2.90      0.00      0.00      0.00
08:46:30 PM      eth0      6.00      0.00      0.35      0.00      0.00      0.00      0.00
08:46:31 PM      eth0      5.00      0.00      0.29      0.00      0.00      0.00      0.00
08:46:32 PM      eth0     30.00     30.00      5.11      9.70      0.00      0.00      0.00
08:46:33 PM      eth0     28.00     31.00     12.92     15.53      0.00      0.00      0.00
08:46:34 PM      eth0      3.00      0.00      0.18      0.00      0.00      0.00      0.00
08:46:35 PM      eth0      5.00      0.00      0.57      0.00      0.00      0.00      0.00
08:46:36 PM      eth0      9.00      8.00      0.82      2.25      0.00      0.00      0.00
08:46:37 PM      eth0      5.00      0.00      0.29      0.00      0.00      0.00      0.00
08:46:38 PM      eth0      5.00      0.00      0.29      0.00      0.00      0.00      0.00
08:46:39 PM      eth0     11.00     11.00      2.36      2.90      0.00      0.00      0.00
08:46:40 PM      eth0      4.00      0.00      0.23      0.00      0.00      0.00      0.00
08:46:41 PM      eth0      4.00      0.00      0.23      0.00      0.00      0.00      0.00
08:46:42 PM      eth0      4.00      0.00      0.23      0.00      0.00      0.00      0.00
08:46:43 PM      eth0      4.00      0.00      0.23      0.00      0.00      0.00      0.00
08:46:44 PM      eth0      4.00      0.00      0.23      0.00      0.00      0.00      0.00
08:46:45 PM      eth0     19.00     16.00      2.70      4.69      0.00      0.00      0.00
08:46:46 PM      eth0      4.00      0.00      0.23      0.00      0.00      0.00      0.00
08:46:47 PM      eth0      5.00      0.00      0.29      0.00      0.00      0.00      0.00
08:46:48 PM      eth0      5.00      0.00      0.29      0.00      0.00      0.00      0.00
08:46:49 PM      eth0     14.00     11.00      2.55      2.90      0.00      0.00      0.00
08:46:50 PM      eth0      4.00      0.00      0.75      0.00      0.00      0.00      0.00
08:46:51 PM      eth0      4.00      0.00      0.23      0.00      0.00      0.00      0.00
08:46:52 PM      eth0     15.00     10.00      2.17      2.67      0.00      0.00      0.00
08:46:53 PM      eth0      5.00      0.00      0.29      0.00      0.00      0.00      0.00
08:46:54 PM      eth0      4.00      0.00      0.23      0.00      0.00      0.00      0.00
08:46:55 PM      eth0      4.00      0.00      0.51      0.00      0.00      0.00      0.00
08:46:56 PM      eth0      3.00      0.00      0.18      0.00      0.00      0.00      0.00
08:46:57 PM      eth0      3.00      0.00      0.18      0.00      0.00      0.00      0.00
08:46:58 PM      eth0      5.00      0.00      0.29      0.00      0.00      0.00      0.00
08:46:59 PM      eth0     14.00     11.00      2.27      2.90      0.00      0.00      0.00
08:47:00 PM      eth0      6.00      0.00      0.63      0.00      0.00      0.00      0.00
08:47:01 PM      eth0      4.00      0.00      0.23      0.00      0.00      0.00      0.00
08:47:02 PM      eth0      3.00      0.00      0.18      0.00      0.00      0.00      0.00
08:47:03 PM      eth0     13.00     10.00      2.40      2.65      0.00      0.00      0.00
08:47:04 PM      eth0      4.00      0.00      0.23      0.00      0.00      0.00      0.00
08:47:05 PM      eth0      4.00      0.00      0.23      0.00      0.00      0.00      0.00
08:47:06 PM      eth0      9.00      8.00      0.82      2.25      0.00      0.00      0.00
08:47:07 PM      eth0      4.00      0.00      0.23      0.00      0.00      0.00      0.00
08:47:08 PM      eth0      7.00      0.00      0.69      0.00      0.00      0.00      0.00
08:47:09 PM      eth0     13.00     11.00      2.21      2.90      0.00      0.00      0.00
08:47:10 PM      eth0      6.00      0.00      0.87      0.00      0.00      0.00      0.00
08:47:11 PM      eth0      4.00      0.00      0.23      0.00      0.00      0.00      0.00
08:47:12 PM      eth0      5.00      0.00      0.81      0.00      0.00      0.00      0.00
08:47:13 PM      eth0      3.00      0.00      0.18      0.00      0.00      0.00      0.00
08:47:14 PM      eth0      4.00      0.00      0.23      0.00      0.00      0.00      0.00
08:47:15 PM      eth0      7.00      0.00      0.69      0.00      0.00      0.00      0.00
08:47:16 PM      eth0      5.00      0.00      0.29      0.00      0.00      0.00      0.00
08:47:17 PM      eth0      4.00      0.00      0.23      0.00      0.00      0.00      0.00
08:47:18 PM      eth0      5.00      0.00      0.81      0.00      0.00      0.00      0.00
08:47:19 PM      eth0     11.00     11.00      2.09      2.90      0.00      0.00      0.00
08:47:20 PM      eth0      3.00      0.00      0.18      0.00      0.00      0.00      0.00
08:47:21 PM      eth0      4.00      0.00      0.23      0.00      0.00      0.00      0.00
08:47:22 PM      eth0      5.00      0.00      0.29      0.00      0.00      0.00      0.00
08:47:23 PM      eth0      6.00      0.00      0.35      0.00      0.00      0.00      0.00
08:47:24 PM      eth0      5.00      0.00      0.29      0.00      0.00      0.00      0.00
08:47:25 PM      eth0      5.00      0.00      0.57      0.00      0.00      0.00      0.00
08:47:26 PM      eth0      5.00      0.00      0.29      0.00      0.00      0.00      0.00
08:47:27 PM      eth0      5.00      0.00      0.29      0.00      0.00      0.00      0.00
08:47:28 PM      eth0      6.00      0.00      0.35      0.00      0.00      0.00      0.00
08:47:29 PM      eth0     13.00     11.00      2.21      2.90      0.00      0.00      0.00
08:47:30 PM      eth0      5.00      0.00      0.29      0.00      0.00      0.00      0.00
08:47:31 PM      eth0      7.00      0.00      0.69      0.00      0.00      0.00      0.00
08:47:32 PM      eth0      5.00      0.00      0.29      0.00      0.00      0.00      0.00
08:47:33 PM      eth0      6.00      0.00      0.35      0.00      0.00      0.00      0.00
08:47:34 PM      eth0     30.00     30.00      5.10      9.70      0.00      0.00      0.00
08:47:35 PM      eth0     31.00     32.00     13.10     15.59      0.00      0.00      0.00
08:47:36 PM      eth0      9.00      8.00      0.82      2.25      0.00      0.00      0.00
08:47:37 PM      eth0      5.00      0.00      0.29      0.00      0.00      0.00      0.00
08:47:38 PM      eth0      8.00      0.00      0.47      0.00      0.00      0.00      0.00
08:47:39 PM      eth0     14.00     11.00      2.27      2.90      0.00      0.00      0.00
08:47:40 PM      eth0      5.00      0.00      0.29      0.00      0.00      0.00      0.00
08:47:41 PM      eth0      4.00      0.00      0.23      0.00      0.00      0.00      0.00
08:47:42 PM      eth0      2.97      0.00      0.17      0.00      0.00      0.00      0.00
08:47:43 PM      eth0      3.00      0.00      0.18      0.00      0.00      0.00      0.00
08:47:44 PM      eth0      4.00      0.00      0.23      0.00      0.00      0.00      0.00
08:47:45 PM      eth0      5.00      0.00      0.29      0.00      0.00      0.00      0.00
08:47:46 PM      eth0      6.00      0.00      0.63      0.00      0.00      0.00      0.00
08:47:47 PM      eth0      4.00      0.00      0.23      0.00      0.00      0.00      0.00
08:47:48 PM      eth0      4.00      0.00      0.23      0.00      0.00      0.00      0.00
08:47:49 PM      eth0     12.00     11.00      2.15      2.90      0.00      0.00      0.00
08:47:50 PM      eth0      5.00      0.00      0.57      0.00      0.00      0.00      0.00
08:47:51 PM      eth0      4.00      0.00      0.23      0.00      0.00      0.00      0.00
08:47:52 PM      eth0     13.00     10.00      2.06      2.67      0.00      0.00      0.00
08:47:53 PM      eth0      4.00      0.00      0.23      0.00      0.00      0.00      0.00
08:47:54 PM      eth0      6.00      0.00      0.87      0.00      0.00      0.00      0.00
08:47:55 PM      eth0      4.00      0.00      0.23      0.00      0.00      0.00      0.00
08:47:56 PM      eth0      5.00      0.00      0.29      0.00      0.00      0.00      0.00
08:47:57 PM      eth0      4.00      0.00      0.23      0.00      0.00      0.00      0.00
08:47:58 PM      eth0      6.00      0.00      0.63      0.00      0.00      0.00      0.00
08:47:59 PM      eth0     11.00     11.00      2.09      2.90      0.00      0.00      0.00
08:48:00 PM      eth0      4.00      0.00      0.23      0.00      0.00      0.00      0.00
08:48:01 PM      eth0      6.00      0.00      0.35      0.00      0.00      0.00      0.00
08:48:02 PM      eth0      5.00      0.00      0.29      0.00      0.00      0.00      0.00
08:48:03 PM      eth0     13.00     10.00      2.40      2.65      0.00      0.00      0.00
08:48:04 PM      eth0      3.00      0.00      0.18      0.00      0.00      0.00      0.00
08:48:05 PM      eth0      3.00      0.00      0.18      0.00      0.00      0.00      0.00
08:48:06 PM      eth0     21.00     21.00      4.48      5.16      0.00      0.00      0.00
