              total        used        free      shared  buff/cache   available
Mem:          48114        7702       32115        2371        8296       36721
Swap:         24191           0       24191
Total:        72306        7702       56307

              total        used        free      shared  buff/cache   available
Mem:          48114        7704       32112        2371        8297       36719
Swap:         24191           0       24191
Total:        72306        7704       56304

              total        used        free      shared  buff/cache   available
Mem:          48114        7700       32116        2371        8297       36723
Swap:         24191           0       24191
Total:        72306        7700       56308

              total        used        free      shared  buff/cache   available
Mem:          48114        7693       32123        2371        8297       36730
Swap:         24191           0       24191
Total:        72306        7693       56315

              total        used        free      shared  buff/cache   available
Mem:          48114        7692       32124        2371        8297       36731
Swap:         24191           0       24191
Total:        72306        7692       56316

              total        used        free      shared  buff/cache   available
Mem:          48114        7691       32125        2371        8297       36732
Swap:         24191           0       24191
Total:        72306        7691       56317

              total        used        free      shared  buff/cache   available
Mem:          48114        7689       32127        2371        8297       36734
Swap:         24191           0       24191
Total:        72306        7689       56319

              total        used        free      shared  buff/cache   available
Mem:          48114        7687       32128        2371        8297       36736
Swap:         24191           0       24191
Total:        72306        7687       56320

              total        used        free      shared  buff/cache   available
Mem:          48114        7685       32131        2371        8297       36739
Swap:         24191           0       24191
Total:        72306        7685       56323

              total        used        free      shared  buff/cache   available
Mem:          48114        7683       32132        2371        8297       36740
Swap:         24191           0       24191
Total:        72306        7683       56324

              total        used        free      shared  buff/cache   available
Mem:          48114        7683       32132        2371        8297       36740
Swap:         24191           0       24191
Total:        72306        7683       56324

              total        used        free      shared  buff/cache   available
Mem:          48114        7699       32117        2371        8297       36724
Swap:         24191           0       24191
Total:        72306        7699       56309

              total        used        free      shared  buff/cache   available
Mem:          48114        7709       32106        2371        8297       36714
Swap:         24191           0       24191
Total:        72306        7709       56298

              total        used        free      shared  buff/cache   available
Mem:          48114        7711       32105        2371        8298       36713
Swap:         24191           0       24191
Total:        72306        7711       56297

              total        used        free      shared  buff/cache   available
Mem:          48114        7711       32104        2371        8298       36712
Swap:         24191           0       24191
Total:        72306        7711       56296

              total        used        free      shared  buff/cache   available
Mem:          48114        7709       32106        2371        8298       36714
Swap:         24191           0       24191
Total:        72306        7709       56298

              total        used        free      shared  buff/cache   available
Mem:          48114        7705       32110        2371        8298       36718
Swap:         24191           0       24191
Total:        72306        7705       56301

              total        used        free      shared  buff/cache   available
Mem:          48114        7707       32108        2371        8298       36716
Swap:         24191           0       24191
Total:        72306        7707       56300

              total        used        free      shared  buff/cache   available
Mem:          48114        7707       32107        2371        8298       36716
Swap:         24191           0       24191
Total:        72306        7707       56299

              total        used        free      shared  buff/cache   available
Mem:          48114        7711       32104        2371        8298       36712
Swap:         24191           0       24191
Total:        72306        7711       56296

              total        used        free      shared  buff/cache   available
Mem:          48114        7710       32105        2371        8298       36713
Swap:         24191           0       24191
Total:        72306        7710       56297

              total        used        free      shared  buff/cache   available
Mem:          48114        7709       32105        2371        8298       36713
Swap:         24191           0       24191
Total:        72306        7709       56297

              total        used        free      shared  buff/cache   available
Mem:          48114        7707       32107        2371        8299       36716
Swap:         24191           0       24191
Total:        72306        7707       56299

              total        used        free      shared  buff/cache   available
Mem:          48114        7708       32106        2371        8299       36714
Swap:         24191           0       24191
Total:        72306        7708       56298

              total        used        free      shared  buff/cache   available
Mem:          48114        7707       32107        2371        8299       36716
Swap:         24191           0       24191
Total:        72306        7707       56299

              total        used        free      shared  buff/cache   available
Mem:          48114        7707       32107        2371        8299       36716
Swap:         24191           0       24191
Total:        72306        7707       56299

              total        used        free      shared  buff/cache   available
Mem:          48114        7713       32101        2371        8299       36710
Swap:         24191           0       24191
Total:        72306        7713       56293

              total        used        free      shared  buff/cache   available
Mem:          48114        7712       32102        2371        8299       36711
Swap:         24191           0       24191
Total:        72306        7712       56294

              total        used        free      shared  buff/cache   available
Mem:          48114        7712       32102        2371        8299       36711
Swap:         24191           0       24191
Total:        72306        7712       56294

              total        used        free      shared  buff/cache   available
Mem:          48114        7712       32102        2371        8299       36711
Swap:         24191           0       24191
Total:        72306        7712       56294

              total        used        free      shared  buff/cache   available
Mem:          48114        7715       32098        2371        8299       36708
Swap:         24191           0       24191
Total:        72306        7715       56290

              total        used        free      shared  buff/cache   available
Mem:          48114        7715       32099        2371        8299       36708
Swap:         24191           0       24191
Total:        72306        7715       56291

              total        used        free      shared  buff/cache   available
Mem:          48114        7715       32099        2371        8299       36708
Swap:         24191           0       24191
Total:        72306        7715       56291

              total        used        free      shared  buff/cache   available
Mem:          48114        7717       32096        2371        8299       36706
Swap:         24191           0       24191
Total:        72306        7717       56288

              total        used        free      shared  buff/cache   available
Mem:          48114        7716       32097        2371        8299       36707
Swap:         24191           0       24191
Total:        72306        7716       56289

              total        used        free      shared  buff/cache   available
Mem:          48114        7713       32100        2371        8300       36710
Swap:         24191           0       24191
Total:        72306        7713       56292

              total        used        free      shared  buff/cache   available
Mem:          48114        7713       32100        2371        8300       36710
Swap:         24191           0       24191
Total:        72306        7713       56292

              total        used        free      shared  buff/cache   available
Mem:          48114        7718       32095        2371        8300       36705
Swap:         24191           0       24191
Total:        72306        7718       56287

              total        used        free      shared  buff/cache   available
Mem:          48114        7717       32096        2371        8300       36706
Swap:         24191           0       24191
Total:        72306        7717       56288

              total        used        free      shared  buff/cache   available
Mem:          48114        7718       32095        2371        8300       36705
Swap:         24191           0       24191
Total:        72306        7718       56287

              total        used        free      shared  buff/cache   available
Mem:          48114        7717       32096        2371        8300       36706
Swap:         24191           0       24191
Total:        72306        7717       56288

              total        used        free      shared  buff/cache   available
Mem:          48114        7722       32090        2371        8300       36701
Swap:         24191           0       24191
Total:        72306        7722       56282

              total        used        free      shared  buff/cache   available
Mem:          48114        7722       32091        2371        8300       36701
Swap:         24191           0       24191
Total:        72306        7722       56283

              total        used        free      shared  buff/cache   available
Mem:          48114        7719       32093        2371        8300       36704
Swap:         24191           0       24191
Total:        72306        7719       56285

              total        used        free      shared  buff/cache   available
Mem:          48114        7721       32091        2371        8300       36702
Swap:         24191           0       24191
Total:        72306        7721       56283

              total        used        free      shared  buff/cache   available
Mem:          48114        7722       32090        2371        8301       36701
Swap:         24191           0       24191
Total:        72306        7722       56282

              total        used        free      shared  buff/cache   available
Mem:          48114        7720       32092        2371        8301       36703
Swap:         24191           0       24191
Total:        72306        7720       56284

              total        used        free      shared  buff/cache   available
Mem:          48114        7716       32096        2371        8301       36707
Swap:         24191           0       24191
Total:        72306        7716       56288

              total        used        free      shared  buff/cache   available
Mem:          48114        7718       32094        2371        8301       36705
Swap:         24191           0       24191
Total:        72306        7718       56286

              total        used        free      shared  buff/cache   available
Mem:          48114        7715       32097        2371        8301       36708
Swap:         24191           0       24191
Total:        72306        7715       56289

              total        used        free      shared  buff/cache   available
Mem:          48114        7715       32097        2371        8301       36708
Swap:         24191           0       24191
Total:        72306        7715       56289

              total        used        free      shared  buff/cache   available
Mem:          48114        7713       32099        2371        8301       36710
Swap:         24191           0       24191
Total:        72306        7713       56291

              total        used        free      shared  buff/cache   available
Mem:          48114        7711       32101        2371        8301       36712
Swap:         24191           0       24191
Total:        72306        7711       56293

              total        used        free      shared  buff/cache   available
Mem:          48114        7714       32098        2371        8301       36709
Swap:         24191           0       24191
Total:        72306        7714       56290

              total        used        free      shared  buff/cache   available
Mem:          48114        7714       32097        2371        8301       36709
Swap:         24191           0       24191
Total:        72306        7714       56289

              total        used        free      shared  buff/cache   available
Mem:          48114        7713       32099        2371        8301       36710
Swap:         24191           0       24191
Total:        72306        7713       56291

              total        used        free      shared  buff/cache   available
Mem:          48114        7711       32101        2371        8301       36712
Swap:         24191           0       24191
Total:        72306        7711       56293

              total        used        free      shared  buff/cache   available
Mem:          48114        7711       32100        2371        8302       36712
Swap:         24191           0       24191
Total:        72306        7711       56292

              total        used        free      shared  buff/cache   available
Mem:          48114        7715       32096        2371        8302       36708
Swap:         24191           0       24191
Total:        72306        7715       56288

              total        used        free      shared  buff/cache   available
Mem:          48114        7717       32094        2371        8302       36706
Swap:         24191           0       24191
Total:        72306        7717       56286

              total        used        free      shared  buff/cache   available
Mem:          48114        7721       32090        2371        8302       36702
Swap:         24191           0       24191
Total:        72306        7721       56282

              total        used        free      shared  buff/cache   available
Mem:          48114        7723       32088        2371        8302       36700
Swap:         24191           0       24191
Total:        72306        7723       56280

              total        used        free      shared  buff/cache   available
Mem:          48114        7727       32084        2371        8302       36696
Swap:         24191           0       24191
Total:        72306        7727       56276

              total        used        free      shared  buff/cache   available
Mem:          48114        7726       32084        2371        8302       36697
Swap:         24191           0       24191
Total:        72306        7726       56276

              total        used        free      shared  buff/cache   available
Mem:          48114        7726       32085        2371        8302       36697
Swap:         24191           0       24191
Total:        72306        7726       56277

              total        used        free      shared  buff/cache   available
Mem:          48114        7729       32082        2371        8302       36694
Swap:         24191           0       24191
Total:        72306        7729       56274

              total        used        free      shared  buff/cache   available
Mem:          48114        7728       32082        2371        8302       36695
Swap:         24191           0       24191
Total:        72306        7728       56274

              total        used        free      shared  buff/cache   available
Mem:          48114        7726       32084        2371        8302       36697
Swap:         24191           0       24191
Total:        72306        7726       56276

              total        used        free      shared  buff/cache   available
Mem:          48114        7727       32083        2371        8303       36696
Swap:         24191           0       24191
Total:        72306        7727       56275

              total        used        free      shared  buff/cache   available
Mem:          48114        7726       32084        2371        8303       36697
Swap:         24191           0       24191
Total:        72306        7726       56276

              total        used        free      shared  buff/cache   available
Mem:          48114        7722       32088        2371        8303       36701
Swap:         24191           0       24191
Total:        72306        7722       56280

              total        used        free      shared  buff/cache   available
Mem:          48114        7718       32092        2371        8303       36706
Swap:         24191           0       24191
Total:        72306        7718       56284

              total        used        free      shared  buff/cache   available
Mem:          48114        7716       32094        2371        8303       36707
Swap:         24191           0       24191
Total:        72306        7716       56286

              total        used        free      shared  buff/cache   available
Mem:          48114        7712       32098        2371        8303       36712
Swap:         24191           0       24191
Total:        72306        7712       56290

              total        used        free      shared  buff/cache   available
Mem:          48114        7714       32095        2371        8303       36709
Swap:         24191           0       24191
Total:        72306        7714       56287

              total        used        free      shared  buff/cache   available
Mem:          48114        7710       32099        2371        8303       36713
Swap:         24191           0       24191
Total:        72306        7710       56291

              total        used        free      shared  buff/cache   available
Mem:          48114        7712       32097        2371        8303       36711
Swap:         24191           0       24191
Total:        72306        7712       56289

              total        used        free      shared  buff/cache   available
Mem:          48114        7711       32099        2371        8303       36713
Swap:         24191           0       24191
Total:        72306        7711       56291

              total        used        free      shared  buff/cache   available
Mem:          48114        7709       32101        2371        8303       36714
Swap:         24191           0       24191
Total:        72306        7709       56293

              total        used        free      shared  buff/cache   available
Mem:          48114        7710       32099        2371        8304       36713
Swap:         24191           0       24191
Total:        72306        7710       56291

              total        used        free      shared  buff/cache   available
Mem:          48114        7709       32100        2371        8304       36714
Swap:         24191           0       24191
Total:        72306        7709       56292

              total        used        free      shared  buff/cache   available
Mem:          48114        7710       32099        2371        8304       36713
Swap:         24191           0       24191
Total:        72306        7710       56291

              total        used        free      shared  buff/cache   available
Mem:          48114        7710       32098        2371        8304       36713
Swap:         24191           0       24191
Total:        72306        7710       56290

              total        used        free      shared  buff/cache   available
Mem:          48114        7712       32097        2371        8304       36711
Swap:         24191           0       24191
Total:        72306        7712       56289

              total        used        free      shared  buff/cache   available
Mem:          48114        7714       32095        2371        8304       36710
Swap:         24191           0       24191
Total:        72306        7714       56287

              total        used        free      shared  buff/cache   available
Mem:          48114        7710       32098        2371        8304       36713
Swap:         24191           0       24191
Total:        72306        7710       56290

              total        used        free      shared  buff/cache   available
Mem:          48114        7737       32072        2371        8304       36686
Swap:         24191           0       24191
Total:        72306        7737       56264

              total        used        free      shared  buff/cache   available
Mem:          48114        7714       32094        2371        8304       36709
Swap:         24191           0       24191
Total:        72306        7714       56286

              total        used        free      shared  buff/cache   available
Mem:          48114        7712       32096        2371        8304       36711
Swap:         24191           0       24191
Total:        72306        7712       56288

              total        used        free      shared  buff/cache   available
Mem:          48114        7712       32096        2371        8304       36711
Swap:         24191           0       24191
Total:        72306        7712       56288

              total        used        free      shared  buff/cache   available
Mem:          48114        7714       32095        2371        8305       36709
Swap:         24191           0       24191
Total:        72306        7714       56287

              total        used        free      shared  buff/cache   available
Mem:          48114        7712       32096        2371        8305       36711
Swap:         24191           0       24191
Total:        72306        7712       56288

              total        used        free      shared  buff/cache   available
Mem:          48114        7713       32095        2371        8305       36710
Swap:         24191           0       24191
Total:        72306        7713       56287

              total        used        free      shared  buff/cache   available
Mem:          48114        7712       32096        2371        8305       36711
Swap:         24191           0       24191
Total:        72306        7712       56288

              total        used        free      shared  buff/cache   available
Mem:          48114        7712       32096        2371        8305       36711
Swap:         24191           0       24191
Total:        72306        7712       56288

              total        used        free      shared  buff/cache   available
Mem:          48114        7710       32098        2371        8305       36713
Swap:         24191           0       24191
Total:        72306        7710       56290

              total        used        free      shared  buff/cache   available
Mem:          48114        7710       32097        2371        8305       36713
Swap:         24191           0       24191
Total:        72306        7710       56289

              total        used        free      shared  buff/cache   available
Mem:          48114        7709       32099        2371        8305       36715
Swap:         24191           0       24191
Total:        72306        7709       56291

              total        used        free      shared  buff/cache   available
Mem:          48114        7709       32099        2371        8305       36714
Swap:         24191           0       24191
Total:        72306        7709       56291

              total        used        free      shared  buff/cache   available
Mem:          48114        7710       32097        2371        8305       36713
Swap:         24191           0       24191
Total:        72306        7710       56289

              total        used        free      shared  buff/cache   available
Mem:          48114        7711       32096        2371        8305       36712
Swap:         24191           0       24191
Total:        72306        7711       56288

              total        used        free      shared  buff/cache   available
Mem:          48114        7713       32095        2371        8305       36711
Swap:         24191           0       24191
Total:        72306        7713       56287

              total        used        free      shared  buff/cache   available
Mem:          48114        7712       32095        2371        8306       36711
Swap:         24191           0       24191
Total:        72306        7712       56287

              total        used        free      shared  buff/cache   available
Mem:          48114        7711       32096        2371        8306       36712
Swap:         24191           0       24191
Total:        72306        7711       56288

              total        used        free      shared  buff/cache   available
Mem:          48114        7712       32095        2371        8306       36711
Swap:         24191           0       24191
Total:        72306        7712       56287

              total        used        free      shared  buff/cache   available
Mem:          48114        7712       32095        2371        8306       36711
Swap:         24191           0       24191
Total:        72306        7712       56287

              total        used        free      shared  buff/cache   available
Mem:          48114        7711       32096        2371        8306       36712
Swap:         24191           0       24191
Total:        72306        7711       56288

              total        used        free      shared  buff/cache   available
Mem:          48114        7711       32096        2371        8306       36713
Swap:         24191           0       24191
Total:        72306        7711       56288

              total        used        free      shared  buff/cache   available
Mem:          48114        7710       32097        2371        8306       36713
Swap:         24191           0       24191
Total:        72306        7710       56289

              total        used        free      shared  buff/cache   available
Mem:          48114        7710       32097        2371        8306       36713
Swap:         24191           0       24191
Total:        72306        7710       56288

              total        used        free      shared  buff/cache   available
Mem:          48114        7708       32098        2371        8306       36715
Swap:         24191           0       24191
Total:        72306        7708       56290

              total        used        free      shared  buff/cache   available
Mem:          48114        7712       32094        2371        8306       36711
Swap:         24191           0       24191
Total:        72306        7712       56286

              total        used        free      shared  buff/cache   available
Mem:          48114        7712       32095        2371        8306       36711
Swap:         24191           0       24191
Total:        72306        7712       56287

              total        used        free      shared  buff/cache   available
Mem:          48114        7711       32096        2371        8306       36712
Swap:         24191           0       24191
Total:        72306        7711       56288

              total        used        free      shared  buff/cache   available
Mem:          48114        7712       32094        2371        8307       36711
Swap:         24191           0       24191
Total:        72306        7712       56286

              total        used        free      shared  buff/cache   available
Mem:          48114        7711       32095        2371        8307       36712
Swap:         24191           0       24191
Total:        72306        7711       56287

              total        used        free      shared  buff/cache   available
Mem:          48114        7710       32096        2371        8307       36713
Swap:         24191           0       24191
Total:        72306        7710       56288

              total        used        free      shared  buff/cache   available
Mem:          48114        7712       32094        2371        8307       36711
Swap:         24191           0       24191
Total:        72306        7712       56286

              total        used        free      shared  buff/cache   available
Mem:          48114        7709       32096        2371        8307       36714
Swap:         24191           0       24191
Total:        72306        7709       56288

              total        used        free      shared  buff/cache   available
Mem:          48114        7712       32093        2371        8307       36711
Swap:         24191           0       24191
Total:        72306        7712       56285

              total        used        free      shared  buff/cache   available
Mem:          48114        7709       32096        2371        8307       36714
Swap:         24191           0       24191
Total:        72306        7709       56288

              total        used        free      shared  buff/cache   available
Mem:          48114        7711       32094        2371        8307       36712
Swap:         24191           0       24191
Total:        72306        7711       56286

              total        used        free      shared  buff/cache   available
Mem:          48114        7713       32092        2371        8307       36710
Swap:         24191           0       24191
Total:        72306        7713       56284

              total        used        free      shared  buff/cache   available
Mem:          48114        7712       32093        2371        8307       36711
Swap:         24191           0       24191
Total:        72306        7712       56285

              total        used        free      shared  buff/cache   available
Mem:          48114        7712       32093        2371        8307       36711
Swap:         24191           0       24191
Total:        72306        7712       56285

              total        used        free      shared  buff/cache   available
Mem:          48114        7710       32095        2371        8307       36713
Swap:         24191           0       24191
Total:        72306        7710       56287

              total        used        free      shared  buff/cache   available
Mem:          48114        7710       32095        2371        8308       36713
Swap:         24191           0       24191
Total:        72306        7710       56287

              total        used        free      shared  buff/cache   available
Mem:          48114        7709       32096        2371        8308       36714
Swap:         24191           0       24191
Total:        72306        7709       56288

              total        used        free      shared  buff/cache   available
Mem:          48114        7708       32097        2371        8308       36715
Swap:         24191           0       24191
Total:        72306        7708       56289

              total        used        free      shared  buff/cache   available
Mem:          48114        7712       32093        2371        8308       36711
Swap:         24191           0       24191
Total:        72306        7712       56285

              total        used        free      shared  buff/cache   available
Mem:          48114        7710       32095        2371        8308       36713
Swap:         24191           0       24191
Total:        72306        7710       56287

              total        used        free      shared  buff/cache   available
Mem:          48114        7708       32096        2371        8308       36715
Swap:         24191           0       24191
Total:        72306        7708       56288

              total        used        free      shared  buff/cache   available
Mem:          48114        7710       32094        2371        8308       36713
Swap:         24191           0       24191
Total:        72306        7710       56286

              total        used        free      shared  buff/cache   available
Mem:          48114        7709       32095        2371        8308       36714
Swap:         24191           0       24191
Total:        72306        7709       56287

              total        used        free      shared  buff/cache   available
Mem:          48114        7711       32094        2371        8308       36712
Swap:         24191           0       24191
Total:        72306        7711       56286

              total        used        free      shared  buff/cache   available
Mem:          48114        7710       32095        2371        8308       36714
Swap:         24191           0       24191
Total:        72306        7710       56287

              total        used        free      shared  buff/cache   available
Mem:          48114        7710       32094        2371        8308       36713
Swap:         24191           0       24191
Total:        72306        7710       56286

              total        used        free      shared  buff/cache   available
Mem:          48114        7711       32093        2371        8309       36712
Swap:         24191           0       24191
Total:        72306        7711       56285

              total        used        free      shared  buff/cache   available
Mem:          48114        7711       32093        2371        8309       36712
Swap:         24191           0       24191
Total:        72306        7711       56285

              total        used        free      shared  buff/cache   available
Mem:          48114        7712       32092        2371        8309       36711
Swap:         24191           0       24191
Total:        72306        7712       56284

              total        used        free      shared  buff/cache   available
Mem:          48114        7714       32090        2371        8309       36709
Swap:         24191           0       24191
Total:        72306        7714       56282

              total        used        free      shared  buff/cache   available
Mem:          48114        7716       32088        2371        8309       36707
Swap:         24191           0       24191
Total:        72306        7716       56280

              total        used        free      shared  buff/cache   available
Mem:          48114        7715       32089        2371        8309       36708
Swap:         24191           0       24191
Total:        72306        7715       56281

              total        used        free      shared  buff/cache   available
Mem:          48114        7714       32090        2371        8309       36709
Swap:         24191           0       24191
Total:        72306        7714       56282

              total        used        free      shared  buff/cache   available
Mem:          48114        7714       32089        2371        8309       36709
Swap:         24191           0       24191
Total:        72306        7714       56281

              total        used        free      shared  buff/cache   available
Mem:          48114        7715       32089        2371        8309       36709
Swap:         24191           0       24191
Total:        72306        7715       56281

              total        used        free      shared  buff/cache   available
Mem:          48114        7713       32091        2371        8309       36710
Swap:         24191           0       24191
Total:        72306        7713       56283

              total        used        free      shared  buff/cache   available
Mem:          48114        7712       32092        2371        8309       36711
Swap:         24191           0       24191
Total:        72306        7712       56284

              total        used        free      shared  buff/cache   available
Mem:          48114        7753       32050        2371        8310       36670
Swap:         24191           0       24191
Total:        72306        7753       56242

              total        used        free      shared  buff/cache   available
Mem:          48114        7726       32077        2371        8310       36697
Swap:         24191           0       24191
Total:        72306        7726       56269

              total        used        free      shared  buff/cache   available
Mem:          48114        7721       32082        2371        8310       36702
Swap:         24191           0       24191
Total:        72306        7721       56274

              total        used        free      shared  buff/cache   available
Mem:          48114        7722       32081        2371        8310       36701
Swap:         24191           0       24191
Total:        72306        7722       56273

              total        used        free      shared  buff/cache   available
Mem:          48114        7712       32091        2371        8310       36711
Swap:         24191           0       24191
Total:        72306        7712       56283

              total        used        free      shared  buff/cache   available
Mem:          48114        7714       32089        2371        8310       36710
Swap:         24191           0       24191
Total:        72306        7714       56281

              total        used        free      shared  buff/cache   available
Mem:          48114        7715       32087        2371        8310       36708
Swap:         24191           0       24191
Total:        72306        7715       56279

              total        used        free      shared  buff/cache   available
Mem:          48114        7715       32087        2371        8310       36708
Swap:         24191           0       24191
Total:        72306        7715       56279

              total        used        free      shared  buff/cache   available
Mem:          48114        7714       32089        2371        8310       36709
Swap:         24191           0       24191
Total:        72306        7714       56281

              total        used        free      shared  buff/cache   available
Mem:          48114        7714       32088        2371        8310       36709
Swap:         24191           0       24191
Total:        72306        7714       56280

              total        used        free      shared  buff/cache   available
Mem:          48114        7713       32089        2371        8311       36710
Swap:         24191           0       24191
Total:        72306        7713       56281

              total        used        free      shared  buff/cache   available
Mem:          48114        7714       32088        2371        8311       36709
Swap:         24191           0       24191
Total:        72306        7714       56280

              total        used        free      shared  buff/cache   available
Mem:          48114        7713       32089        2371        8311       36710
Swap:         24191           0       24191
Total:        72306        7713       56281

              total        used        free      shared  buff/cache   available
Mem:          48114        7715       32087        2371        8311       36708
Swap:         24191           0       24191
Total:        72306        7715       56279

              total        used        free      shared  buff/cache   available
Mem:          48114        7713       32089        2371        8311       36710
Swap:         24191           0       24191
Total:        72306        7713       56281

              total        used        free      shared  buff/cache   available
Mem:          48114        7712       32090        2371        8311       36711
Swap:         24191           0       24191
Total:        72306        7712       56282

              total        used        free      shared  buff/cache   available
Mem:          48114        7711       32091        2371        8311       36712
Swap:         24191           0       24191
Total:        72306        7711       56283

              total        used        free      shared  buff/cache   available
Mem:          48114        7712       32090        2371        8311       36711
Swap:         24191           0       24191
Total:        72306        7712       56282

              total        used        free      shared  buff/cache   available
Mem:          48114        7714       32088        2371        8311       36709
Swap:         24191           0       24191
Total:        72306        7714       56280

              total        used        free      shared  buff/cache   available
Mem:          48114        7713       32088        2371        8312       36710
Swap:         24191           0       24191
Total:        72306        7713       56280

              total        used        free      shared  buff/cache   available
Mem:          48114        7714       32087        2371        8312       36709
Swap:         24191           0       24191
Total:        72306        7714       56279

              total        used        free      shared  buff/cache   available
Mem:          48114        7712       32089        2371        8312       36711
Swap:         24191           0       24191
Total:        72306        7712       56281

              total        used        free      shared  buff/cache   available
Mem:          48114        7711       32090        2371        8312       36712
Swap:         24191           0       24191
Total:        72306        7711       56282

              total        used        free      shared  buff/cache   available
Mem:          48114        7715       32086        2371        8312       36708
Swap:         24191           0       24191
Total:        72306        7715       56278

              total        used        free      shared  buff/cache   available
Mem:          48114        7716       32085        2371        8312       36707
Swap:         24191           0       24191
Total:        72306        7716       56277

              total        used        free      shared  buff/cache   available
Mem:          48114        7713       32088        2371        8312       36710
Swap:         24191           0       24191
Total:        72306        7713       56280

              total        used        free      shared  buff/cache   available
Mem:          48114        7713       32088        2371        8312       36710
Swap:         24191           0       24191
Total:        72306        7713       56280

              total        used        free      shared  buff/cache   available
Mem:          48114        7714       32087        2371        8312       36709
Swap:         24191           0       24191
Total:        72306        7714       56279

              total        used        free      shared  buff/cache   available
Mem:          48114        7713       32088        2371        8312       36710
Swap:         24191           0       24191
Total:        72306        7713       56280

              total        used        free      shared  buff/cache   available
Mem:          48114        7711       32089        2371        8312       36711
Swap:         24191           0       24191
Total:        72306        7711       56281

              total        used        free      shared  buff/cache   available
Mem:          48114        7712       32088        2371        8313       36710
Swap:         24191           0       24191
Total:        72306        7712       56280

              total        used        free      shared  buff/cache   available
Mem:          48114        7713       32088        2371        8313       36710
Swap:         24191           0       24191
Total:        72306        7713       56280

              total        used        free      shared  buff/cache   available
Mem:          48114        7711       32089        2371        8313       36712
Swap:         24191           0       24191
Total:        72306        7711       56281

              total        used        free      shared  buff/cache   available
Mem:          48114        7709       32091        2371        8313       36714
Swap:         24191           0       24191
Total:        72306        7709       56283

              total        used        free      shared  buff/cache   available
Mem:          48114        7711       32089        2371        8313       36712
Swap:         24191           0       24191
Total:        72306        7711       56281

              total        used        free      shared  buff/cache   available
Mem:          48114        7710       32089        2371        8313       36713
Swap:         24191           0       24191
Total:        72306        7710       56281

              total        used        free      shared  buff/cache   available
Mem:          48114        7709       32090        2371        8313       36714
Swap:         24191           0       24191
Total:        72306        7709       56282

              total        used        free      shared  buff/cache   available
Mem:          48114        7710       32090        2371        8313       36713
Swap:         24191           0       24191
Total:        72306        7710       56282

              total        used        free      shared  buff/cache   available
Mem:          48114        7710       32090        2371        8313       36713
Swap:         24191           0       24191
Total:        72306        7710       56282

              total        used        free      shared  buff/cache   available
Mem:          48114        7710       32089        2371        8313       36713
Swap:         24191           0       24191
Total:        72306        7710       56281

              total        used        free      shared  buff/cache   available
Mem:          48114        7713       32087        2371        8313       36710
Swap:         24191           0       24191
Total:        72306        7713       56279

              total        used        free      shared  buff/cache   available
Mem:          48114        7713       32087        2371        8313       36710
Swap:         24191           0       24191
Total:        72306        7713       56279

              total        used        free      shared  buff/cache   available
Mem:          48114        7712       32087        2371        8314       36711
Swap:         24191           0       24191
Total:        72306        7712       56279

              total        used        free      shared  buff/cache   available
Mem:          48114        7714       32085        2371        8314       36709
Swap:         24191           0       24191
Total:        72306        7714       56277

              total        used        free      shared  buff/cache   available
Mem:          48114        7711       32088        2371        8314       36711
Swap:         24191           0       24191
Total:        72306        7711       56280

              total        used        free      shared  buff/cache   available
Mem:          48114        7712       32087        2371        8314       36711
Swap:         24191           0       24191
Total:        72306        7712       56279

              total        used        free      shared  buff/cache   available
Mem:          48114        7715       32084        2371        8314       36708
Swap:         24191           0       24191
Total:        72306        7715       56276

              total        used        free      shared  buff/cache   available
Mem:          48114        7714       32085        2371        8314       36709
Swap:         24191           0       24191
Total:        72306        7714       56277

              total        used        free      shared  buff/cache   available
Mem:          48114        7712       32087        2371        8314       36711
Swap:         24191           0       24191
Total:        72306        7712       56278

              total        used        free      shared  buff/cache   available
Mem:          48114        7713       32085        2371        8314       36710
Swap:         24191           0       24191
Total:        72306        7713       56277

              total        used        free      shared  buff/cache   available
Mem:          48114        7711       32087        2371        8314       36712
Swap:         24191           0       24191
Total:        72306        7711       56279

              total        used        free      shared  buff/cache   available
Mem:          48114        7714       32085        2371        8314       36709
Swap:         24191           0       24191
Total:        72306        7714       56277

              total        used        free      shared  buff/cache   available
Mem:          48114        7712       32087        2371        8314       36711
Swap:         24191           0       24191
Total:        72306        7712       56279

              total        used        free      shared  buff/cache   available
Mem:          48114        7712       32087        2371        8314       36711
Swap:         24191           0       24191
Total:        72306        7712       56279

              total        used        free      shared  buff/cache   available
Mem:          48114        7712       32086        2371        8315       36711
Swap:         24191           0       24191
Total:        72306        7712       56278

              total        used        free      shared  buff/cache   available
Mem:          48114        7713       32085        2371        8315       36710
Swap:         24191           0       24191
Total:        72306        7713       56277

              total        used        free      shared  buff/cache   available
Mem:          48114        7714       32084        2371        8315       36709
Swap:         24191           0       24191
Total:        72306        7714       56276

              total        used        free      shared  buff/cache   available
Mem:          48114        7713       32085        2371        8315       36710
Swap:         24191           0       24191
Total:        72306        7713       56277

              total        used        free      shared  buff/cache   available
Mem:          48114        7710       32088        2371        8315       36713
Swap:         24191           0       24191
Total:        72306        7710       56280

              total        used        free      shared  buff/cache   available
Mem:          48114        7712       32086        2371        8315       36711
Swap:         24191           0       24191
Total:        72306        7712       56278

              total        used        free      shared  buff/cache   available
Mem:          48114        7732       32065        2371        8316       36690
Swap:         24191           0       24191
Total:        72306        7732       56257

              total        used        free      shared  buff/cache   available
Mem:          48114        7718       32079        2371        8315       36705
Swap:         24191           0       24191
Total:        72306        7718       56271

              total        used        free      shared  buff/cache   available
Mem:          48114        7717       32081        2371        8316       36706
Swap:         24191           0       24191
Total:        72306        7717       56273

              total        used        free      shared  buff/cache   available
Mem:          48114        7715       32082        2371        8316       36708
Swap:         24191           0       24191
Total:        72306        7715       56274

              total        used        free      shared  buff/cache   available
Mem:          48114        7716       32081        2371        8316       36706
Swap:         24191           0       24191
Total:        72306        7716       56273

              total        used        free      shared  buff/cache   available
Mem:          48114        7717       32080        2371        8316       36706
Swap:         24191           0       24191
Total:        72306        7717       56272

              total        used        free      shared  buff/cache   available
Mem:          48114        7715       32082        2371        8316       36708
Swap:         24191           0       24191
Total:        72306        7715       56274

              total        used        free      shared  buff/cache   available
Mem:          48114        7717       32080        2371        8316       36706
Swap:         24191           0       24191
Total:        72306        7717       56272

              total        used        free      shared  buff/cache   available
Mem:          48114        7717       32080        2371        8316       36706
Swap:         24191           0       24191
Total:        72306        7717       56272

              total        used        free      shared  buff/cache   available
Mem:          48114        7716       32081        2371        8316       36706
Swap:         24191           0       24191
Total:        72306        7716       56272

              total        used        free      shared  buff/cache   available
Mem:          48114        7716       32081        2371        8316       36707
Swap:         24191           0       24191
Total:        72306        7716       56273

              total        used        free      shared  buff/cache   available
Mem:          48114        7715       32082        2371        8316       36708
Swap:         24191           0       24191
Total:        72306        7715       56274

              total        used        free      shared  buff/cache   available
Mem:          48114        7711       32086        2371        8316       36712
Swap:         24191           0       24191
Total:        72306        7711       56278

              total        used        free      shared  buff/cache   available
Mem:          48114        7712       32084        2371        8316       36710
Swap:         24191           0       24191
Total:        72306        7712       56276

              total        used        free      shared  buff/cache   available
Mem:          48114        7712       32084        2371        8316       36711
Swap:         24191           0       24191
Total:        72306        7712       56276

              total        used        free      shared  buff/cache   available
Mem:          48114        7711       32085        2371        8317       36712
Swap:         24191           0       24191
Total:        72306        7711       56277

              total        used        free      shared  buff/cache   available
Mem:          48114        7710       32086        2371        8317       36712
Swap:         24191           0       24191
Total:        72306        7710       56278

              total        used        free      shared  buff/cache   available
Mem:          48114        7712       32084        2371        8317       36711
Swap:         24191           0       24191
Total:        72306        7712       56276

              total        used        free      shared  buff/cache   available
Mem:          48114        7710       32086        2371        8317       36713
Swap:         24191           0       24191
Total:        72306        7710       56278

              total        used        free      shared  buff/cache   available
Mem:          48114        7713       32083        2371        8317       36710
Swap:         24191           0       24191
Total:        72306        7713       56275

              total        used        free      shared  buff/cache   available
Mem:          48114        7712       32084        2371        8317       36711
Swap:         24191           0       24191
Total:        72306        7712       56276

              total        used        free      shared  buff/cache   available
Mem:          48114        7713       32083        2371        8317       36710
Swap:         24191           0       24191
Total:        72306        7713       56275

              total        used        free      shared  buff/cache   available
Mem:          48114        7711       32085        2371        8317       36712
Swap:         24191           0       24191
Total:        72306        7711       56277

              total        used        free      shared  buff/cache   available
Mem:          48114        7714       32082        2371        8317       36709
Swap:         24191           0       24191
Total:        72306        7714       56274

              total        used        free      shared  buff/cache   available
Mem:          48114        7712       32083        2371        8317       36711
Swap:         24191           0       24191
Total:        72306        7712       56275

              total        used        free      shared  buff/cache   available
Mem:          48114        7714       32081        2371        8317       36709
Swap:         24191           0       24191
Total:        72306        7714       56273

              total        used        free      shared  buff/cache   available
Mem:          48114        7713       32083        2371        8318       36710
Swap:         24191           0       24191
Total:        72306        7713       56275

              total        used        free      shared  buff/cache   available
Mem:          48114        7715       32081        2371        8318       36708
Swap:         24191           0       24191
Total:        72306        7715       56273

              total        used        free      shared  buff/cache   available
Mem:          48114        7713       32082        2371        8318       36709
Swap:         24191           0       24191
Total:        72306        7713       56274

              total        used        free      shared  buff/cache   available
Mem:          48114        7712       32083        2371        8318       36711
Swap:         24191           0       24191
Total:        72306        7712       56275

              total        used        free      shared  buff/cache   available
Mem:          48114        7710       32085        2371        8318       36713
Swap:         24191           0       24191
Total:        72306        7710       56277

              total        used        free      shared  buff/cache   available
Mem:          48114        7712       32083        2371        8318       36711
Swap:         24191           0       24191
Total:        72306        7712       56275

              total        used        free      shared  buff/cache   available
Mem:          48114        7713       32082        2371        8318       36710
Swap:         24191           0       24191
Total:        72306        7713       56274

              total        used        free      shared  buff/cache   available
Mem:          48114        7712       32082        2371        8318       36710
Swap:         24191           0       24191
Total:        72306        7712       56274

              total        used        free      shared  buff/cache   available
Mem:          48114        7714       32081        2371        8318       36709
Swap:         24191           0       24191
Total:        72306        7714       56273

              total        used        free      shared  buff/cache   available
Mem:          48114        7717       32078        2371        8318       36706
Swap:         24191           0       24191
Total:        72306        7717       56270

              total        used        free      shared  buff/cache   available
Mem:          48114        7714       32081        2371        8318       36709
Swap:         24191           0       24191
Total:        72306        7714       56273

              total        used        free      shared  buff/cache   available
Mem:          48114        7713       32081        2371        8319       36710
Swap:         24191           0       24191
Total:        72306        7713       56273

              total        used        free      shared  buff/cache   available
Mem:          48114        7715       32079        2371        8319       36708
Swap:         24191           0       24191
Total:        72306        7715       56271

              total        used        free      shared  buff/cache   available
Mem:          48114        7713       32081        2371        8319       36709
Swap:         24191           0       24191
Total:        72306        7713       56273

              total        used        free      shared  buff/cache   available
Mem:          48114        7711       32083        2371        8319       36712
Swap:         24191           0       24191
Total:        72306        7711       56275

              total        used        free      shared  buff/cache   available
Mem:          48114        7712       32082        2371        8319       36711
Swap:         24191           0       24191
Total:        72306        7712       56274

              total        used        free      shared  buff/cache   available
Mem:          48114        7712       32082        2371        8319       36711
Swap:         24191           0       24191
Total:        72306        7712       56274

              total        used        free      shared  buff/cache   available
Mem:          48114        7713       32081        2371        8319       36710
Swap:         24191           0       24191
Total:        72306        7713       56273

              total        used        free      shared  buff/cache   available
Mem:          48114        7713       32081        2371        8319       36710
Swap:         24191           0       24191
Total:        72306        7713       56273

              total        used        free      shared  buff/cache   available
Mem:          48114        7713       32080        2371        8319       36709
Swap:         24191           0       24191
Total:        72306        7713       56272

              total        used        free      shared  buff/cache   available
Mem:          48114        7712       32081        2371        8319       36710
Swap:         24191           0       24191
Total:        72306        7712       56273

              total        used        free      shared  buff/cache   available
Mem:          48114        7711       32082        2371        8319       36712
Swap:         24191           0       24191
Total:        72306        7711       56274

              total        used        free      shared  buff/cache   available
Mem:          48114        7713       32080        2371        8320       36710
Swap:         24191           0       24191
Total:        72306        7713       56272

              total        used        free      shared  buff/cache   available
Mem:          48114        7712       32081        2371        8320       36710
Swap:         24191           0       24191
Total:        72306        7712       56273

              total        used        free      shared  buff/cache   available
Mem:          48114        7713       32080        2371        8320       36709
Swap:         24191           0       24191
Total:        72306        7713       56272

              total        used        free      shared  buff/cache   available
Mem:          48114        7711       32082        2371        8320       36712
Swap:         24191           0       24191
Total:        72306        7711       56274

              total        used        free      shared  buff/cache   available
Mem:          48114        7713       32080        2371        8320       36710
Swap:         24191           0       24191
Total:        72306        7713       56272

              total        used        free      shared  buff/cache   available
Mem:          48114        7714       32079        2371        8320       36709
Swap:         24191           0       24191
Total:        72306        7714       56271

              total        used        free      shared  buff/cache   available
Mem:          48114        7713       32080        2371        8320       36710
Swap:         24191           0       24191
Total:        72306        7713       56272

              total        used        free      shared  buff/cache   available
Mem:          48114        7715       32077        2371        8320       36707
Swap:         24191           0       24191
Total:        72306        7715       56269

              total        used        free      shared  buff/cache   available
Mem:          48114        7714       32079        2371        8320       36709
Swap:         24191           0       24191
Total:        72306        7714       56271

              total        used        free      shared  buff/cache   available
Mem:          48114        7713       32080        2371        8320       36710
Swap:         24191           0       24191
Total:        72306        7713       56272

              total        used        free      shared  buff/cache   available
Mem:          48114        7715       32078        2371        8320       36708
Swap:         24191           0       24191
Total:        72306        7715       56270

              total        used        free      shared  buff/cache   available
Mem:          48114        7713       32079        2371        8320       36709
Swap:         24191           0       24191
Total:        72306        7713       56271

              total        used        free      shared  buff/cache   available
Mem:          48114        7712       32080        2371        8321       36711
Swap:         24191           0       24191
Total:        72306        7712       56272

              total        used        free      shared  buff/cache   available
Mem:          48114        7716       32076        2371        8321       36707
Swap:         24191           0       24191
Total:        72306        7716       56268

              total        used        free      shared  buff/cache   available
Mem:          48114        7757       32035        2371        8321       36665
Swap:         24191           0       24191
Total:        72306        7757       56227

              total        used        free      shared  buff/cache   available
Mem:          48114        7720       32071        2371        8321       36702
Swap:         24191           0       24191
Total:        72306        7720       56263

              total        used        free      shared  buff/cache   available
Mem:          48114        7718       32074        2371        8321       36705
Swap:         24191           0       24191
Total:        72306        7718       56266

              total        used        free      shared  buff/cache   available
Mem:          48114        7717       32075        2371        8321       36706
Swap:         24191           0       24191
Total:        72306        7717       56267

              total        used        free      shared  buff/cache   available
Mem:          48114        7717       32074        2371        8321       36705
Swap:         24191           0       24191
Total:        72306        7717       56266

              total        used        free      shared  buff/cache   available
Mem:          48114        7714       32078        2371        8321       36709
Swap:         24191           0       24191
Total:        72306        7714       56270

              total        used        free      shared  buff/cache   available
Mem:          48114        7714       32077        2371        8321       36708
Swap:         24191           0       24191
Total:        72306        7714       56269

              total        used        free      shared  buff/cache   available
Mem:          48114        7709       32082        2371        8321       36714
Swap:         24191           0       24191
Total:        72306        7709       56274

              total        used        free      shared  buff/cache   available
Mem:          48114        7712       32080        2371        8321       36711
Swap:         24191           0       24191
Total:        72306        7712       56272

              total        used        free      shared  buff/cache   available
Mem:          48114        7713       32078        2371        8322       36710
Swap:         24191           0       24191
Total:        72306        7713       56270

              total        used        free      shared  buff/cache   available
Mem:          48114        7711       32080        2371        8322       36711
Swap:         24191           0       24191
Total:        72306        7711       56272

              total        used        free      shared  buff/cache   available
Mem:          48114        7709       32082        2371        8322       36714
Swap:         24191           0       24191
Total:        72306        7709       56274

              total        used        free      shared  buff/cache   available
Mem:          48114        7711       32080        2371        8322       36712
Swap:         24191           0       24191
Total:        72306        7711       56272

              total        used        free      shared  buff/cache   available
Mem:          48114        7711       32080        2371        8322       36712
Swap:         24191           0       24191
Total:        72306        7711       56272

              total        used        free      shared  buff/cache   available
Mem:          48114        7710       32080        2371        8322       36712
Swap:         24191           0       24191
Total:        72306        7710       56272

              total        used        free      shared  buff/cache   available
Mem:          48114        7710       32081        2371        8322       36713
Swap:         24191           0       24191
Total:        72306        7710       56273

              total        used        free      shared  buff/cache   available
Mem:          48114        7712       32078        2371        8322       36710
Swap:         24191           0       24191
Total:        72306        7712       56270

              total        used        free      shared  buff/cache   available
Mem:          48114        7713       32077        2371        8322       36710
Swap:         24191           0       24191
Total:        72306        7713       56269

              total        used        free      shared  buff/cache   available
Mem:          48114        7710       32080        2371        8322       36712
Swap:         24191           0       24191
Total:        72306        7710       56272

              total        used        free      shared  buff/cache   available
Mem:          48114        7712       32078        2371        8322       36711
Swap:         24191           0       24191
Total:        72306        7712       56270

              total        used        free      shared  buff/cache   available
Mem:          48114        7712       32078        2371        8323       36710
Swap:         24191           0       24191
Total:        72306        7712       56270

              total        used        free      shared  buff/cache   available
Mem:          48114        7714       32076        2371        8323       36709
Swap:         24191           0       24191
Total:        72306        7714       56268

              total        used        free      shared  buff/cache   available
Mem:          48114        7716       32074        2371        8323       36707
Swap:         24191           0       24191
Total:        72306        7716       56266

              total        used        free      shared  buff/cache   available
Mem:          48114        7713       32077        2371        8323       36710
Swap:         24191           0       24191
Total:        72306        7713       56269

              total        used        free      shared  buff/cache   available
Mem:          48114        7711       32078        2371        8323       36711
Swap:         24191           0       24191
Total:        72306        7711       56270

              total        used        free      shared  buff/cache   available
Mem:          48114        7713       32077        2371        8323       36710
Swap:         24191           0       24191
Total:        72306        7713       56269

              total        used        free      shared  buff/cache   available
Mem:          48114        7712       32078        2371        8323       36711
Swap:         24191           0       24191
Total:        72306        7712       56270

              total        used        free      shared  buff/cache   available
Mem:          48114        7713       32077        2371        8323       36710
Swap:         24191           0       24191
Total:        72306        7713       56269

              total        used        free      shared  buff/cache   available
Mem:          48114        7715       32074        2371        8323       36707
Swap:         24191           0       24191
Total:        72306        7715       56266

              total        used        free      shared  buff/cache   available
Mem:          48114        7715       32074        2371        8323       36708
Swap:         24191           0       24191
Total:        72306        7715       56266

              total        used        free      shared  buff/cache   available
Mem:          48114        7713       32076        2371        8324       36709
Swap:         24191           0       24191
Total:        72306        7713       56268

              total        used        free      shared  buff/cache   available
Mem:          48114        7715       32074        2371        8324       36708
Swap:         24191           0       24191
Total:        72306        7715       56266

              total        used        free      shared  buff/cache   available
Mem:          48114        7716       32073        2371        8324       36706
Swap:         24191           0       24191
Total:        72306        7716       56265

              total        used        free      shared  buff/cache   available
Mem:          48114        7714       32075        2371        8324       36708
Swap:         24191           0       24191
Total:        72306        7714       56267

              total        used        free      shared  buff/cache   available
Mem:          48114        7715       32074        2371        8324       36707
Swap:         24191           0       24191
Total:        72306        7715       56266

              total        used        free      shared  buff/cache   available
Mem:          48114        7715       32074        2371        8324       36708
Swap:         24191           0       24191
Total:        72306        7715       56266

              total        used        free      shared  buff/cache   available
Mem:          48114        7717       32072        2371        8324       36705
Swap:         24191           0       24191
Total:        72306        7717       56264

              total        used        free      shared  buff/cache   available
Mem:          48114        7715       32073        2371        8324       36707
Swap:         24191           0       24191
Total:        72306        7715       56265

              total        used        free      shared  buff/cache   available
Mem:          48114        7717       32071        2371        8324       36705
Swap:         24191           0       24191
Total:        72306        7717       56263

              total        used        free      shared  buff/cache   available
Mem:          48114        7716       32072        2371        8324       36706
Swap:         24191           0       24191
Total:        72306        7716       56264

              total        used        free      shared  buff/cache   available
Mem:          48114        7717       32071        2371        8325       36705
Swap:         24191           0       24191
Total:        72306        7717       56263

              total        used        free      shared  buff/cache   available
Mem:          48114        7716       32072        2371        8325       36707
Swap:         24191           0       24191
Total:        72306        7716       56264

              total        used        free      shared  buff/cache   available
Mem:          48114        7710       32078        2371        8325       36712
Swap:         24191           0       24191
Total:        72306        7710       56270

              total        used        free      shared  buff/cache   available
Mem:          48114        7710       32077        2371        8325       36712
Swap:         24191           0       24191
Total:        72306        7710       56269

              total        used        free      shared  buff/cache   available
Mem:          48114        7709       32078        2371        8325       36713
Swap:         24191           0       24191
Total:        72306        7709       56270

              total        used        free      shared  buff/cache   available
Mem:          48114        7708       32080        2371        8325       36714
Swap:         24191           0       24191
Total:        72306        7708       56272

              total        used        free      shared  buff/cache   available
Mem:          48114        7707       32080        2371        8325       36715
Swap:         24191           0       24191
Total:        72306        7707       56272

              total        used        free      shared  buff/cache   available
Mem:          48114        7707       32081        2371        8325       36716
Swap:         24191           0       24191
Total:        72306        7707       56273

              total        used        free      shared  buff/cache   available
Mem:          48114        7705       32082        2371        8325       36717
Swap:         24191           0       24191
Total:        72306        7705       56274

              total        used        free      shared  buff/cache   available
Mem:          48114        7706       32081        2371        8325       36716
Swap:         24191           0       24191
Total:        72306        7706       56273

              total        used        free      shared  buff/cache   available
Mem:          48114        7705       32083        2371        8325       36718
Swap:         24191           0       24191
Total:        72306        7705       56275

              total        used        free      shared  buff/cache   available
Mem:          48114        7704       32083        2371        8326       36718
Swap:         24191           0       24191
Total:        72306        7704       56275

              total        used        free      shared  buff/cache   available
Mem:          48114        7705       32082        2371        8325       36717
Swap:         24191           0       24191
Total:        72306        7705       56274
