04:30:41 PM      eth0      4.00      0.00      0.23      0.00      0.00      0.00      0.00
04:30:42 PM      eth0      5.00      0.00      0.81      0.00      0.00      0.00      0.00
04:30:43 PM      eth0     29.00     31.00     43.17      8.42      0.00      0.00      0.00
04:30:44 PM      eth0      5.00      0.00      0.29      0.00      0.00      0.00      0.00
04:30:45 PM      eth0      5.00      0.00      0.29      0.00      0.00      0.00      0.00
04:30:46 PM      eth0      5.00      0.00      0.29      0.00      0.00      0.00      0.00
04:30:47 PM      eth0      4.00      0.00      0.23      0.00      0.00      0.00      0.00
04:30:48 PM      eth0     16.00     11.00      2.39      2.90      0.00      0.00      0.00
04:30:49 PM      eth0      6.00      0.00      0.35      0.00      0.00      0.00      0.00
04:30:50 PM      eth0      6.00      0.00      0.35      0.00      0.00      0.00      0.00
04:30:51 PM      eth0  64914.00  20734.00  49800.69   2406.34      0.00      0.00      0.00
04:30:52 PM      eth0 177404.00  53348.00 136341.60   6145.60      0.00      0.00      0.00
04:30:53 PM      eth0 170510.00  51225.00 131042.77   5898.85      0.00      0.00      1.00
04:30:54 PM      eth0 169608.00  50384.00 130348.76   5794.93      0.00      0.00      0.00
04:30:55 PM      eth0 179334.00  53214.00 137824.68   6122.20      0.00      0.00      0.00
04:30:56 PM      eth0 179048.00  52787.00 137587.66   6069.37      0.00      0.00      0.00
04:30:57 PM      eth0 177483.00  52205.00 136401.94   6003.84      0.00      0.00      0.00
04:30:58 PM      eth0 177794.00  52781.00 136635.89   6078.67      0.00      0.00      0.00
04:30:59 PM      eth0 179279.00  54051.00 137780.75   6233.02      0.00      0.00      0.00
04:31:00 PM      eth0 179723.00  53316.00 138122.02   6133.55      0.00      0.00      0.00
04:31:01 PM      eth0 179673.00  53278.00 138084.57   6128.12      0.00      0.00      0.00
04:31:02 PM      eth0 178951.00  52644.00 137530.68   6060.38      0.00      0.00      0.00
04:31:03 PM      eth0 178517.00  52994.00 137196.51   6101.19      0.00      0.00      0.00
04:31:04 PM      eth0 179595.00  53320.00 138025.06   6135.10      0.00      0.00      0.00
04:31:05 PM      eth0 179848.00  52604.00 138221.08   6047.73      0.00      0.00      0.00
04:31:06 PM      eth0 178214.00  51969.00 136964.55   5978.99      0.00      0.00      0.00
04:31:07 PM      eth0 179461.00  52596.00 137935.30   6070.89      0.00      0.00      0.00
04:31:08 PM      eth0 179965.00  53349.00 138245.65   6179.17      0.00      0.00      0.00
04:31:09 PM      eth0 179656.00  52926.00 138072.15   6093.61      0.00      0.00      0.00
04:31:10 PM      eth0 179542.00  53362.00 137985.46   6140.50      0.00      0.00      0.00
04:31:11 PM      eth0 180138.00  53542.00 138441.64   6166.70      0.00      0.00      0.00
04:31:12 PM      eth0 177908.00  53282.00 136728.27   6138.86      0.00      0.00      0.00
04:31:13 PM      eth0 176765.00  53417.00 135843.42   6164.82      0.00      0.00      0.00
04:31:14 PM      eth0 177225.00  52967.00 136203.62   6114.38      0.00      0.00      0.00
04:31:15 PM      eth0 177713.00  52096.00 136577.70   5995.76      0.00      0.00      0.00
04:31:16 PM      eth0 177651.00  52575.00 136530.96   6061.10      0.00      0.00      0.00
04:31:17 PM      eth0 177718.00  52592.00 136581.77   6053.90      0.00      0.00      0.00
04:31:18 PM      eth0 178011.00  52456.00 136803.44   6040.76      0.00      0.00      0.00
04:31:19 PM      eth0 177858.00  52712.00 136688.60   6077.21      0.00      0.00      0.00
04:31:20 PM      eth0 178073.00  51881.00 136855.32   5966.74      0.00      0.00      0.00
04:31:21 PM      eth0 177507.00  52906.00 136419.40   6099.46      0.00      0.00      0.00
04:31:22 PM      eth0 177698.00  52432.00 136566.30   6041.13      0.00      0.00      0.00
04:31:23 PM      eth0 177885.00  52374.00 136709.72   6042.57      0.00      0.00      0.00
04:31:24 PM      eth0 177515.00  52640.00 136426.47   6064.14      0.00      0.00      0.00
04:31:25 PM      eth0 177593.00  52612.00 136486.45   6063.35      0.00      0.00      0.00
04:31:26 PM      eth0 177814.00  51979.00 136656.11   5982.14      0.00      0.00      0.00
04:31:27 PM      eth0 177616.00  51896.00 136503.49   5973.68      0.00      0.00      0.00
04:31:28 PM      eth0 177947.00  52450.00 136754.28   6038.66      0.00      0.00      0.00
04:31:29 PM      eth0 177511.00  51654.00 136422.04   5942.88      0.00      0.00      0.00
04:31:30 PM      eth0 178431.00  52479.00 137129.49   6043.00      0.00      0.00      0.00
04:31:31 PM      eth0 177912.00  52960.00 136730.90   6105.32      0.00      0.00      0.00
04:31:32 PM      eth0 177403.00  52632.00 136340.39   6057.85      0.00      0.00      0.00
04:31:33 PM      eth0 177978.00  52279.00 136782.09   6014.96      0.00      0.00      0.00
04:31:34 PM      eth0 177842.00  52731.00 136676.23   6076.41      0.00      0.00      0.00
04:31:35 PM      eth0 178026.00  52986.00 136817.13   6106.47      0.00      0.00      0.00
04:31:36 PM      eth0 177678.00  52120.00 136542.07   6003.96      0.00      0.00      0.00
04:31:37 PM      eth0 177548.00  52068.00 136451.15   5995.39      0.00      0.00      0.00
04:31:38 PM      eth0 177488.00  52350.00 136400.68   6030.06      0.00      0.00      0.00
04:31:39 PM      eth0 178061.00  52122.00 136845.50   6002.40      0.00      0.00      0.00
04:31:40 PM      eth0 177994.00  53063.00 136792.54   6116.70      0.00      0.00      0.00
04:31:41 PM      eth0 177952.00  52492.00 136760.56   6043.66      0.00      0.00      0.00
04:31:42 PM      eth0 177851.00  51363.00 136684.70   5907.77      0.00      0.00      0.00
04:31:43 PM      eth0 177493.00  52990.00 136404.74   6108.21      0.00      0.00      0.00
04:31:44 PM      eth0 177879.00  52300.00 136707.74   6025.69      0.00      0.00      0.00
04:31:45 PM      eth0 178085.00  53052.00 136864.54   6112.25      0.00      0.00      0.00
04:31:46 PM      eth0 177471.00  52506.00 136391.90   6047.07      0.00      0.00      0.00
04:31:47 PM      eth0 177986.00  51519.00 136788.09   5924.29      0.00      0.00      0.00
04:31:48 PM      eth0 178550.00  52764.00 137216.98   6085.26      0.00      0.00      0.00
04:31:49 PM      eth0 177513.00  52792.00 136423.54   6086.16      0.00      0.00      0.00
04:31:50 PM      eth0 177456.00  52555.00 136380.44   6062.90      0.00      0.00      0.00
04:31:51 PM      eth0 177385.00  52825.00 136327.24   6097.45      0.00      0.00      0.00
04:31:52 PM      eth0 177680.00  52931.00 136553.99   6105.74      0.00      0.00      0.00
04:31:53 PM      eth0 178169.00  52057.00 136928.26   5994.24      0.00      0.00      0.00
04:31:54 PM      eth0 177114.00  53399.00 136117.57   6163.08      0.00      0.00      0.00
04:31:55 PM      eth0 177149.00  51694.00 136145.14   5951.77      0.00      0.00      0.00
04:31:56 PM      eth0 178170.00  52723.00 136929.75   6072.32      0.00      0.00      0.00
04:31:57 PM      eth0 179444.00  53133.00 137908.27   6125.52      0.00      0.00      0.00
04:31:58 PM      eth0 178934.00  52778.00 137510.69   6089.71      0.00      0.00      0.00
04:31:59 PM      eth0 177657.00  52415.00 136534.02   6042.81      0.00      0.00      0.00
04:32:00 PM      eth0 178037.00  52474.00 136824.91   6050.15      0.00      0.00      0.00
04:32:01 PM      eth0 177747.00  51656.00 136602.70   5953.65      0.00      0.00      0.00
04:32:02 PM      eth0 177620.00  52820.00 136505.10   6091.98      0.00      0.00      0.00
04:32:03 PM      eth0 177551.00  52137.00 136453.20   6009.25      0.00      0.00      0.00
04:32:04 PM      eth0 178155.00  52389.00 136918.31   6030.73      0.00      0.00      0.00
04:32:05 PM      eth0 179684.00  52235.00 138094.14   6012.20      0.00      0.00      0.00
04:32:06 PM      eth0 175714.00  51159.00 135039.89   5893.32      0.00      0.00      0.00
04:32:07 PM      eth0 176755.00  51398.00 135833.29   5943.18      0.00      0.00      0.00
04:32:08 PM      eth0 171466.00  50792.00 131727.91   5895.05      0.00      0.00      0.00
04:32:09 PM      eth0 177611.00  53070.00 136498.83   6125.60      0.00      0.00      0.00
04:32:10 PM      eth0 177225.00  53371.00 136201.98   6163.13      0.00      0.00      0.00
04:32:11 PM      eth0 177440.00  52438.00 136368.12   6046.11      0.00      0.00      0.00
04:32:12 PM      eth0 177611.00  52506.00 136500.73   6053.19      0.00      0.00      0.00
04:32:13 PM      eth0 179092.00  53587.00 137627.75   6187.29      0.00      0.00      0.00
04:32:14 PM      eth0 179887.00  52765.00 138249.48   6084.52      0.00      0.00      0.00
04:32:15 PM      eth0 177615.00  52998.00 136501.58   6123.68      0.00      0.00      0.00
04:32:16 PM      eth0 177956.00  52100.00 136763.67   5999.01      0.00      0.00      0.00
04:32:17 PM      eth0 177209.00  51738.00 136190.36   5961.98      0.00      0.00      0.00
04:32:18 PM      eth0 177191.00  51802.00 136171.86   5969.38      0.00      0.00      0.00
04:32:19 PM      eth0 177367.00  53135.00 136311.82   6140.61      0.00      0.00      0.00
04:32:20 PM      eth0 176777.00  52893.00 135857.88   6103.98      0.00      0.00      0.00
04:32:21 PM      eth0 176653.00  52495.00 135763.94   6054.52      0.00      0.00      0.00
04:32:22 PM      eth0 177333.00  53694.00 136285.20   6204.58      0.00      0.00      0.00
04:32:23 PM      eth0 177533.00  53249.00 136440.30   6145.27      0.00      0.00      0.00
04:32:24 PM      eth0 177471.00  53064.00 136391.29   6122.01      0.00      0.00      0.00
04:32:25 PM      eth0 177841.00  53169.00 136677.02   6141.85      0.00      0.00      0.00
04:32:26 PM      eth0 177914.00  52613.00 136732.41   6067.38      0.00      0.00      0.00
04:32:27 PM      eth0 177819.00  52707.00 136660.11   6077.32      0.00      0.00      0.00
04:32:28 PM      eth0 177502.00  53012.00 136412.13   6119.50      0.00      0.00      0.00
04:32:29 PM      eth0 177776.00  52590.00 136624.04   6062.10      0.00      0.00      0.00
04:32:30 PM      eth0 178357.00  52515.00 137073.59   6057.71      0.00      0.00      0.00
04:32:31 PM      eth0 178538.00  53518.00 137213.39   6178.88      0.00      0.00      0.00
04:32:32 PM      eth0 177784.00  52234.00 136632.53   6014.06      0.00      0.00      0.00
04:32:33 PM      eth0 177312.00  52432.00 136268.58   6042.20      0.00      0.00      0.00
04:32:34 PM      eth0 177884.00  52972.00 136709.03   6106.09      0.00      0.00      0.00
04:32:35 PM      eth0 178562.00  52307.00 137230.80   6020.44      0.00      0.00      0.00
04:32:36 PM      eth0 177910.00  53008.00 136730.00   6121.40      0.00      0.00      0.00
04:32:37 PM      eth0 177826.00  52918.00 136664.96   6106.47      0.00      0.00      0.00
04:32:38 PM      eth0 177543.00  52536.00 136438.10   6064.86      0.00      0.00      0.00
04:32:39 PM      eth0 177372.00  53466.00 136318.04   6168.23      0.00      0.00      0.00
04:32:40 PM      eth0 177639.00  52350.00 136522.04   6031.12      0.00      0.00      0.00
04:32:41 PM      eth0 176723.00  53976.00 135817.64   6243.01      0.00      0.00      0.00
04:32:42 PM      eth0 177032.00  53105.00 136054.58   6127.22      0.00      0.00      0.00
04:32:43 PM      eth0 177332.00  53263.00 136281.94   6154.42      0.00      0.00      0.00
04:32:44 PM      eth0 177557.00  53514.00 136486.78   6189.29      0.00      0.00      0.00
04:32:45 PM      eth0 177446.00  52331.00 136372.73   6032.80      0.00      0.00      0.00
04:32:46 PM      eth0 177795.00  53001.00 136641.66   6124.17      0.00      0.00      0.00
04:32:47 PM      eth0 177165.00  52309.00 136157.79   6031.54      0.00      0.00      0.00
04:32:48 PM      eth0 177970.00  52868.00 136771.27   6104.87      0.00      0.00      0.00
04:32:49 PM      eth0 178237.00  53239.00 136977.56   6144.10      0.00      0.00      0.00
04:32:50 PM      eth0 177989.00  52621.00 136791.74   6070.13      0.00      0.00      0.00
04:32:51 PM      eth0 178480.00  52990.00 137168.17   6121.97      0.00      0.00      0.00
04:32:52 PM      eth0 179745.00  53856.00 138140.34   6226.09      0.00      0.00      0.00
04:32:53 PM      eth0 177163.00  52902.00 136156.24   6106.04      0.00      0.00      0.00
04:32:54 PM      eth0 177958.00  52630.00 136765.91   6066.17      0.00      0.00      0.00
04:32:55 PM      eth0 177255.00  53075.00 136226.64   6133.32      0.00      0.00      0.00
04:32:56 PM      eth0 177362.00  52269.00 136309.56   6019.50      0.00      0.00      0.00
04:32:57 PM      eth0 177333.00  52736.00 136285.91   6078.24      0.00      0.00      0.00
04:32:58 PM      eth0 177771.00  52496.00 136616.21   6059.52      0.00      0.00      0.00
04:32:59 PM      eth0 177785.00  52602.00 136631.23   6068.69      0.00      0.00      0.00
04:33:00 PM      eth0 177147.00  53569.00 136144.46   6190.52      0.00      0.00      0.00
04:33:01 PM      eth0 177631.00  53140.00 136516.55   6140.28      0.00      0.00      0.00
04:33:02 PM      eth0 177443.00  53110.00 136373.54   6131.98      0.00      0.00      0.00
04:33:03 PM      eth0 177916.00  53000.00 136733.68   6122.43      0.00      0.00      0.00
04:33:04 PM      eth0 177120.00  53157.00 136123.25   6142.79      0.00      0.00      0.00
04:33:05 PM      eth0 177235.00  52588.00 136208.53   6062.38      0.00      0.00      0.00
04:33:06 PM      eth0 178112.00  53475.00 136884.48   6181.11      0.00      0.00      0.00
04:33:07 PM      eth0 177240.00  52512.00 136212.56   6061.07      0.00      0.00      0.00
04:33:08 PM      eth0 176654.00  52163.00 135757.63   6014.00      0.00      0.00      0.00
04:33:09 PM      eth0 173621.00  50908.00 133418.90   5899.40      0.00      0.00      0.00
04:33:10 PM      eth0 178180.00  52090.00 136891.80   6029.33      0.00      0.00      0.00
04:33:11 PM      eth0 178440.00  52884.00 137135.26   6104.93      0.00      0.00      0.00
04:33:12 PM      eth0 177572.00  51525.00 136469.53   5939.96      0.00      0.00      0.00
04:33:13 PM      eth0 178810.00  53298.00 137418.46   6160.44      0.00      0.00      0.00
04:33:14 PM      eth0 178325.00  52994.00 137047.61   6115.31      0.00      0.00      0.00
04:33:15 PM      eth0 177839.00  52290.00 136670.56   6036.87      0.00      0.00      0.00
04:33:16 PM      eth0 178109.00  51944.00 136881.60   5993.86      0.00      0.00      0.00
04:33:17 PM      eth0 178690.00  54027.00 137327.52   6255.47      0.00      0.00      0.00
04:33:18 PM      eth0 177263.00  52572.00 136227.14   6071.75      0.00      0.00      0.00
04:33:19 PM      eth0 177839.00  52425.00 136673.31   6041.56      0.00      0.00      0.00
04:33:20 PM      eth0 177804.00  53228.00 136646.91   6156.02      0.00      0.00      0.00
04:33:21 PM      eth0 178166.00  53767.00 136926.09   6226.01      0.00      0.00      0.00
04:33:22 PM      eth0 177648.00  52688.00 136529.39   6090.72      0.00      0.00      0.00
04:33:23 PM      eth0 178234.00  53528.00 136977.60   6184.68      0.00      0.00      0.00
04:33:24 PM      eth0 178048.00  52337.00 136836.06   6038.26      0.00      0.00      0.00
04:33:25 PM      eth0 177542.00  52928.00 136447.93   6117.29      0.00      0.00      0.00
04:33:26 PM      eth0 177999.00  52461.00 136798.45   6050.76      0.00      0.00      0.00
04:33:27 PM      eth0 177391.00  53208.00 136331.17   6144.75      0.00      0.00      0.00
04:33:28 PM      eth0 178239.00  53108.00 136977.55   6141.10      0.00      0.00      0.00
04:33:29 PM      eth0 177627.00  52809.00 136510.91   6098.79      0.00      0.00      0.00
04:33:30 PM      eth0 178302.00  53360.00 137030.61   6175.90      0.00      0.00      0.00
04:33:31 PM      eth0 178428.00  53949.00 137127.95   6241.16      0.00      0.00      0.00
04:33:32 PM      eth0 179772.00  54482.00 138161.77   6313.36      0.00      0.00      0.00
04:33:33 PM      eth0 179833.00  52854.00 138207.98   6098.34      0.00      0.00      0.00
04:33:34 PM      eth0 177902.00  52876.00 136723.22   6098.84      0.00      0.00      0.00
04:33:35 PM      eth0 178325.00  53323.00 137046.32   6163.52      0.00      0.00      0.00
04:33:36 PM      eth0 168202.00  50577.00 129267.76   5851.08      0.00      0.00      0.00
04:33:37 PM      eth0 178194.00  53143.00 136946.77   6142.20      0.00      0.00      0.00
04:33:38 PM      eth0 177865.00  53828.00 136689.97   6242.49      0.00      0.00      0.00
04:33:39 PM      eth0 178447.00  52734.00 137141.34   6086.65      0.00      0.00      0.00
04:33:40 PM      eth0 177990.00  52394.00 136780.95   6047.40      0.00      0.00      0.00
04:33:41 PM      eth0 178014.00  53072.00 136808.43   6137.12      0.00      0.00      0.00
04:33:42 PM      eth0 177594.00  53198.00 136486.20   6153.37      0.00      0.00      0.00
04:33:43 PM      eth0 177326.00  53863.00 136278.45   6243.96      0.00      0.00      0.00
04:33:44 PM      eth0 178322.00  53258.00 137041.31   6154.23      0.00      0.00      0.00
04:33:45 PM      eth0 177791.00  53143.00 136638.00   6146.36      0.00      0.00      0.00
04:33:46 PM      eth0 177785.00  52312.00 136632.86   6042.14      0.00      0.00      0.00
04:33:47 PM      eth0 177811.00  52128.00 136653.57   6018.32      0.00      0.00      0.00
04:33:48 PM      eth0 177700.00  53321.00 136565.13   6173.84      0.00      0.00      0.00
04:33:49 PM      eth0 177248.00  53644.00 136219.68   6204.28      0.00      0.00      0.00
04:33:50 PM      eth0 177413.00  53800.00 136347.46   6222.20      0.00      0.00      0.00
04:33:51 PM      eth0 177744.00  53446.00 136601.56   6176.82      0.00      0.00      0.00
04:33:52 PM      eth0 177304.00  53039.00 136263.59   6130.14      0.00      0.00      0.00
04:33:53 PM      eth0 178158.00  52318.00 136919.94   6043.29      0.00      0.00      0.00
04:33:54 PM      eth0 177149.00  53998.00 136144.05   6255.09      0.00      0.00      0.00
04:33:55 PM      eth0 177200.00  53417.00 136184.52   6173.71      0.00      0.00      0.00
04:33:56 PM      eth0 178192.00  53547.00 136945.86   6197.63      0.00      0.00      0.00
04:33:57 PM      eth0 177635.00  53200.00 136518.70   6150.60      0.00      0.00      0.00
04:33:58 PM      eth0 177913.00  52478.00 136726.95   6055.37      0.00      0.00      0.00
04:33:59 PM      eth0 178005.00  53765.00 136803.03   6231.04      0.00      0.00      0.00
04:34:00 PM      eth0 178359.00  53305.00 137075.03   6163.71      0.00      0.00      0.00
04:34:01 PM      eth0 177254.00  53248.00 136226.09   6153.02      0.00      0.00      0.00
04:34:02 PM      eth0 177385.00  53164.00 136325.51   6154.87      0.00      0.00      0.00
04:34:03 PM      eth0 178043.00  53266.00 136832.26   6168.32      0.00      0.00      0.00
04:34:04 PM      eth0 177557.00  53169.00 136459.80   6145.62      0.00      0.00      0.00
04:34:05 PM      eth0 177915.00  52700.00 136733.02   6087.17      0.00      0.00      0.00
04:34:06 PM      eth0 170116.00  51021.00 130741.04   5906.93      0.00      0.00      0.00
04:34:07 PM      eth0 172361.00  52212.00 132465.34   6044.15      0.00      0.00      0.00
04:34:08 PM      eth0 172422.00  51735.00 132508.45   5989.10      0.00      0.00      0.00
04:34:09 PM      eth0 166569.00  49460.00 127990.38   5747.33      0.00      0.00      0.00
04:34:10 PM      eth0 169470.00  50639.00 130213.05   5882.34      0.00      0.00      0.00
04:34:11 PM      eth0 165849.00  50575.00 127461.58   5864.00      0.00      0.00      0.00
04:34:12 PM      eth0 168462.00  51527.00 129465.90   5974.04      0.00      0.00      0.00
04:34:13 PM      eth0 174014.00  52907.00 133726.18   6122.83      0.00      0.00      1.00
04:34:14 PM      eth0 177275.00  52807.00 136239.79   6105.16      0.00      0.00      0.00
04:34:15 PM      eth0 177347.00  54333.00 136297.23   6299.09      0.00      0.00      0.00
04:34:16 PM      eth0 177233.00  54149.00 136206.62   6274.88      0.00      0.00      0.00
04:34:17 PM      eth0 177234.00  53158.00 136201.68   6153.30      0.00      0.00      0.00
04:34:18 PM      eth0 177377.00  52860.00 136315.03   6118.21      0.00      0.00      0.00
04:34:19 PM      eth0 171824.00  52232.00 132051.88   6056.31      0.00      0.00      0.00
04:34:20 PM      eth0 166983.00  49195.00 128330.41   5683.37      0.00      0.00      0.00
04:34:21 PM      eth0 169527.00  51513.00 130285.27   5978.90      0.00      0.00      0.00
04:34:22 PM      eth0 168763.00  50186.00 129700.04   5799.04      0.00      0.00      0.00
04:34:23 PM      eth0 168757.00  49385.00 129694.08   5696.95      0.00      0.00      0.00
04:34:24 PM      eth0 169527.00  50471.00 130287.50   5833.39      0.00      0.00      0.00
04:34:25 PM      eth0 168155.00  50968.00 129231.41   5903.38      0.00      0.00      0.00
04:34:26 PM      eth0 169877.00  50747.00 130555.84   5865.93      0.00      0.00      0.00
04:34:27 PM      eth0 170239.00  49866.00 130832.88   5746.95      0.00      0.00      0.00
04:34:28 PM      eth0 168195.00  50379.00 129257.92   5828.01      0.00      0.00      0.00
04:34:29 PM      eth0 167967.00  50872.00 129086.94   5899.96      0.00      0.00      0.00
04:34:30 PM      eth0 177731.00  53412.00 136590.38   6182.08      0.00      0.00      0.00
04:34:31 PM      eth0 177765.00  54108.00 136619.76   6264.66      0.00      0.00      0.00
04:34:32 PM      eth0 179254.00  54426.00 137763.66   6303.49      0.00      0.00      0.00
04:34:33 PM      eth0 180366.00  54557.00 138618.52   6327.43      0.00      0.00      0.00
04:34:34 PM      eth0 179136.00  54980.00 137673.00   6377.25      0.00      0.00      0.00
04:34:35 PM      eth0 177617.00  53772.00 136502.82   6224.44      0.00      0.00      0.00
04:34:36 PM      eth0 177801.00  54461.00 136645.16   6313.82      0.00      0.00      0.00
04:34:37 PM      eth0 177695.00  53873.00 136563.66   6231.16      0.00      0.00      0.00
04:34:38 PM      eth0 177252.00  53742.00 136219.87   6232.36      0.00      0.00      0.00
04:34:39 PM      eth0 179144.00  54571.00 137677.30   6311.94      0.00      0.00      0.00
04:34:40 PM      eth0 178158.00  53698.00 136918.58   6221.10      0.00      0.00      0.00
04:34:41 PM      eth0 177102.00  53122.00 136100.78   6158.34      0.00      0.00      0.00
04:34:42 PM      eth0 176992.00  53195.00 136024.76   6153.15      0.00      0.00      0.00
04:34:43 PM      eth0 178424.00  54458.00 137124.07   6310.40      0.00      0.00      0.00
04:34:44 PM      eth0 178084.00  52247.00 136860.81   6029.72      0.00      0.00      0.00
04:34:45 PM      eth0 177005.00  53559.00 136063.70   6205.96      0.00      0.00      0.00
04:34:46 PM      eth0 177200.00  54210.00 136183.69   6281.14      0.00      0.00      0.00
04:34:47 PM      eth0 178306.00  54013.00 137033.08   6273.55      0.00      0.00      0.00
04:34:48 PM      eth0 178044.00  53052.00 136828.61   6141.40      0.00      0.00      0.00
04:34:49 PM      eth0 177864.00  53816.00 136693.98   6231.77      0.00      0.00      0.00
04:34:50 PM      eth0 178012.00  53641.00 136808.16   6209.73      0.00      0.00      0.00
04:34:51 PM      eth0 178101.00  53448.00 136876.05   6189.66      0.00      0.00      0.00
04:34:52 PM      eth0 178088.00  52888.00 136866.17   6110.50      0.00      0.00      0.00
04:34:53 PM      eth0 177685.00  52514.00 136555.98   6067.75      0.00      0.00      0.00
04:34:54 PM      eth0 178066.00  52648.00 136850.65   6075.45      0.00      0.00      0.00
04:34:55 PM      eth0 177784.00  52776.00 136633.58   6105.74      0.00      0.00      0.00
04:34:56 PM      eth0 178783.00  53232.00 137402.11   6151.05      0.00      0.00      0.00
04:34:57 PM      eth0 178032.00  53154.00 136823.54   6148.88      0.00      0.00      0.00
04:34:58 PM      eth0 178043.00  53762.00 136826.72   6234.52      0.00      0.00      0.00
04:34:59 PM      eth0 178007.00  53062.00 136804.76   6135.23      0.00      0.00      0.00
04:35:00 PM      eth0 177705.00  53814.00 136572.49   6234.96      0.00      0.00      0.00
04:35:01 PM      eth0 178021.00  53357.00 136814.00   6161.28      0.00      0.00      0.00
04:35:02 PM      eth0 178325.00  53884.00 137046.93   6242.05      0.00      0.00      0.00
04:35:03 PM      eth0 178175.00  53504.00 136932.12   6186.78      0.00      0.00      0.00
04:35:04 PM      eth0 177355.00  53502.00 136303.50   6199.13      0.00      0.00      0.00
04:35:05 PM      eth0 177151.00  53175.00 136146.74   6150.64      0.00      0.00      0.00
04:35:06 PM      eth0 177842.00  53789.00 136675.72   6224.90      0.00      0.00      0.00
04:35:07 PM      eth0 177834.00  52641.00 136668.82   6078.05      0.00      0.00      0.00
04:35:08 PM      eth0 178178.00  53607.00 136931.45   6203.79      0.00      0.00      0.00
04:35:09 PM      eth0 178216.00  53282.00 136964.51   6170.27      0.00      0.00      0.00
04:35:10 PM      eth0 176643.00  53144.00 135756.54   6151.06      0.00      0.00      0.00
04:35:11 PM      eth0 176948.00  54228.00 135992.63   6301.65      0.00      0.00      0.00
04:35:12 PM      eth0 177892.00  53702.00 136649.14   6256.78      0.00      0.00      0.00
04:35:13 PM      eth0 177514.00  53890.00 136423.63   6254.08      0.00      0.00      0.00
04:35:14 PM      eth0 177744.00  53263.00 136601.79   6158.72      0.00      0.00      0.00
04:35:15 PM      eth0 177541.00  53635.00 136447.52   6209.24      0.00      0.00      0.00
04:35:16 PM      eth0 174924.00  53403.00 134436.55   6191.29      0.00      0.00      0.00
04:35:17 PM      eth0 167410.00  49703.00 128658.81   5752.37      0.00      0.00      0.00
04:35:18 PM      eth0 173439.00  52848.00 133284.54   6135.08      0.00      0.00      0.00
04:35:19 PM      eth0 177577.00  53113.00 136474.12   6143.27      0.00      0.00      0.00
04:35:20 PM      eth0 177723.00  53320.00 136587.19   6175.29      0.00      0.00      0.00
04:35:21 PM      eth0 172902.00  50931.00 132879.92   5881.87      0.00      0.00      0.00
04:35:22 PM      eth0 168814.00  50236.00 129738.35   5807.67      0.00      0.00      0.00
04:35:23 PM      eth0 169698.00  50936.00 130418.33   5900.77      0.00      0.00      0.00
04:35:24 PM      eth0 172242.00  51112.00 132372.08   5905.05      0.00      0.00      0.00
04:35:25 PM      eth0 172553.00  51515.00 132610.23   5956.62      0.00      0.00      0.00
04:35:26 PM      eth0 175402.00  53394.00 134799.77   6200.34      0.00      0.00      0.00
04:35:27 PM      eth0 168818.00  50669.00 129743.87   5859.76      0.00      0.00      0.00
04:35:28 PM      eth0 168966.00  50195.00 129849.74   5808.81      0.00      0.00      0.00
04:35:29 PM      eth0 168693.00  50741.00 129644.67   5880.26      0.00      0.00      0.00
04:35:30 PM      eth0 165634.00  49397.00 127292.18   5714.74      0.00      0.00      0.00
04:35:31 PM      eth0 168920.00  50958.00 129816.99   5901.29      0.00      0.00      0.00
04:35:32 PM      eth0 167987.00  50932.00 129102.29   5891.66      0.00      0.00      0.00
04:35:33 PM      eth0 168510.00  51060.00 129504.91   5905.08      0.00      0.00      0.00
04:35:34 PM      eth0 168688.00  50015.00 129641.72   5773.68      0.00      0.00      0.00
04:35:35 PM      eth0 168886.00  50374.00 129791.85   5834.47      0.00      0.00      0.00
04:35:36 PM      eth0 167969.00  50201.00 129088.46   5810.08      0.00      0.00      0.00
04:35:37 PM      eth0 166711.00  49829.00 128121.61   5757.48      0.00      0.00      0.00
04:35:38 PM      eth0 164853.00  49846.00 126689.41   5776.21      0.00      0.00      0.00
04:35:39 PM      eth0 161867.00  48451.00 124398.95   5613.13      0.00      0.00      0.00
04:35:40 PM      eth0 172122.00  51946.00 132279.31   6030.83      0.00      0.00      0.00
04:35:41 PM      eth0 177932.00  53256.00 136746.28   6161.90      0.00      0.00      0.00
04:35:42 PM      eth0 177257.00  53178.00 136221.07   6160.21      0.00      0.00      0.00
04:35:43 PM      eth0 177595.00  52660.00 136485.41   6092.74      0.00      0.00      0.00
04:35:44 PM      eth0 177044.00  54402.00 136064.59   6310.07      0.00      0.00      0.00
04:35:45 PM      eth0 177506.00  53345.00 136419.12   6174.47      0.00      0.00      0.00
04:35:46 PM      eth0 177845.00  53168.00 136680.09   6139.05      0.00      0.00      0.00
04:35:47 PM      eth0 176896.00  53724.00 135951.41   6227.09      0.00      0.00      0.00
04:35:48 PM      eth0 178676.00  55501.00 137312.80   6459.67      0.00      0.00      0.00
04:35:49 PM      eth0 177349.00  53210.00 136296.11   6162.54      0.00      0.00      0.00
04:35:50 PM      eth0 177108.00  53737.00 136112.99   6224.47      0.00      0.00      0.00
04:35:51 PM      eth0 123054.00  37643.00  94568.78   4379.91      0.00      0.00      0.00
04:35:52 PM      eth0    157.00     42.00    117.29      4.78      0.00      0.00      0.00
04:35:53 PM      eth0     11.00      4.00      1.56      0.36      0.00      0.00      0.00
04:35:54 PM      eth0      3.96      0.00      0.23      0.00      0.00      0.00      0.00
04:35:55 PM      eth0      6.00      2.00      0.41      0.18      0.00      0.00      0.00
04:35:56 PM      eth0      5.00      1.00      0.32      0.09      0.00      0.00      0.00
04:35:57 PM      eth0      5.00      0.00      0.57      0.00      0.00      0.00      0.00
04:35:58 PM      eth0     14.00     11.00      2.55      2.90      0.00      0.00      0.00
04:35:59 PM      eth0      5.00      0.00      0.29      0.00      0.00      0.00      0.00
04:36:00 PM      eth0      4.00      0.00      0.23      0.00      0.00      0.00      0.00
04:36:01 PM      eth0      4.00      0.00      0.23      0.00      0.00      0.00      0.00
04:36:02 PM      eth0      4.00      0.00      0.23      0.00      0.00      0.00      0.00
