vhost-3269 1.9
vhost-3269 1.9
vhost-3269 2.0
vhost-3269 3.8
vhost-3269 3.8
vhost-3269 3.8
vhost-3269 3.8
vhost-3269 3.8
vhost-3269 3.8
vhost-3269 3.8
vhost-3269 3.8
vhost-3269 5.7
vhost-3269 5.8
vhost-3269 5.8
vhost-3269 5.8
vhost-3269 5.8
vhost-3269 5.8
vhost-3269 5.8
vhost-3269 5.8
vhost-3269 5.8
vhost-3269 5.8
vhost-3269 5.8
vhost-3269 5.8
vhost-3269 7.7
vhost-3269 7.7
vhost-3269 7.7
vhost-3269 7.7
vhost-3269 7.7
vhost-3269 7.7
vhost-3269 7.7
vhost-3269 7.7
vhost-3269 7.8
vhost-3269 7.8
vhost-3269 9.6
