vhost-8756 1.9
vhost-8756 1.9
vhost-8756 1.9
vhost-8756 2.0
vhost-8756 3.8
vhost-8756 3.8
vhost-8756 3.8
vhost-8756 3.8
vhost-8756 3.8
vhost-8756 3.9
vhost-8756 3.9
vhost-8756 3.9
vhost-8756 5.7
vhost-8756 5.7
vhost-8756 5.7
vhost-8756 5.8
vhost-8756 5.8
vhost-8756 5.8
vhost-8756 5.8
vhost-8756 5.8
vhost-8756 5.8
vhost-8756 5.8
vhost-8756 5.8
vhost-8756 5.8
vhost-8756 5.8
vhost-8756 5.8
vhost-8756 5.8
vhost-8756 5.8
vhost-8756 5.8
vhost-8756 5.8
vhost-8756 5.9
vhost-8756 7.5
vhost-8756 7.7
vhost-8756 7.7
vhost-8756 7.7
vhost-8756 7.7
vhost-8756 7.7
vhost-8756 7.7
vhost-8756 7.7
vhost-8756 7.8
vhost-8756 7.8
vhost-8756 7.8
vhost-8756 9.6
