vhost-9766 1.9
vhost-9766 1.9
vhost-9766 3.8
vhost-9766 3.8
vhost-9766 3.8
vhost-9766 3.8
vhost-9766 3.8
vhost-9766 3.9
vhost-9766 3.9
vhost-9766 5.7
vhost-9766 5.7
vhost-9766 5.8
vhost-9766 5.8
vhost-9766 5.8
vhost-9766 5.8
vhost-9766 5.8
vhost-9766 5.8
vhost-9766 5.8
vhost-9766 5.8
vhost-9766 5.8
vhost-9766 5.8
vhost-9766 5.8
vhost-9766 5.8
vhost-9766 5.8
vhost-9766 5.8
vhost-9766 5.9
vhost-9766 5.9
vhost-9766 5.9
vhost-9766 5.9
vhost-9766 5.9
vhost-9766 7.5
vhost-9766 7.7
vhost-9766 7.7
vhost-9766 7.7
vhost-9766 7.7
vhost-9766 7.7
vhost-9766 7.7
vhost-9766 7.7
vhost-9766 7.8
