vhost-5680 1.9
vhost-5680 3.8
vhost-5680 3.8
vhost-5680 3.8
vhost-5680 3.8
vhost-5680 3.8
vhost-5680 3.9
vhost-5680 3.9
vhost-5680 5.8
vhost-5680 5.8
vhost-5680 5.8
vhost-5680 5.8
vhost-5680 5.8
vhost-5680 5.8
vhost-5680 5.8
vhost-5680 5.8
vhost-5680 5.8
vhost-5680 5.8
vhost-5680 5.8
vhost-5680 5.8
vhost-5680 5.8
vhost-5680 5.8
vhost-5680 5.8
vhost-5680 5.9
vhost-5680 5.9
vhost-5680 5.9
vhost-5680 5.9
vhost-5680 7.7
vhost-5680 7.7
vhost-5680 7.7
vhost-5680 7.7
vhost-5680 7.7
vhost-5680 7.7
vhost-5680 7.7
vhost-5680 7.8
