vhost-17916 0.0
vhost-17916 11.3
vhost-17916 11.3
vhost-17916 11.3
vhost-17916 11.3
vhost-17916 11.3
vhost-17916 11.5
vhost-17916 11.5
vhost-17916 11.5
vhost-17916 13.2
vhost-17916 1.9
vhost-17916 1.9
vhost-17916 3.8
vhost-17916 3.8
vhost-17916 3.8
vhost-17916 3.8
vhost-17916 3.8
vhost-17916 3.8
vhost-17916 3.8
vhost-17916 5.7
vhost-17916 5.7
vhost-17916 5.7
vhost-17916 5.7
vhost-17916 5.8
vhost-17916 5.8
vhost-17916 5.8
vhost-17916 7.5
vhost-17916 7.5
vhost-17916 7.5
vhost-17916 7.5
vhost-17916 7.5
vhost-17916 7.5
vhost-17916 7.5
vhost-17916 7.5
vhost-17916 7.5
vhost-17916 7.5
vhost-17916 7.5
vhost-17916 7.7
vhost-17916 9.4
vhost-17916 9.4
vhost-17916 9.4
vhost-17916 9.4
vhost-17916 9.4
vhost-17916 9.4
vhost-17916 9.4
vhost-17916 9.4
vhost-17916 9.6
