vhost-23186 11.3
vhost-23186 11.3
vhost-23186 11.3
vhost-23186 11.3
vhost-23186 11.3
vhost-23186 11.3
vhost-23186 11.3
vhost-23186 11.5
vhost-23186 13.2
vhost-23186 15.4
vhost-23186 1.9
vhost-23186 3.8
vhost-23186 3.8
vhost-23186 3.8
vhost-23186 3.8
vhost-23186 3.8
vhost-23186 3.8
vhost-23186 3.8
vhost-23186 5.7
vhost-23186 5.7
vhost-23186 5.7
vhost-23186 5.7
vhost-23186 5.7
vhost-23186 5.8
vhost-23186 5.8
vhost-23186 5.8
vhost-23186 5.8
vhost-23186 7.5
vhost-23186 7.5
vhost-23186 7.5
vhost-23186 7.5
vhost-23186 7.5
vhost-23186 7.5
vhost-23186 7.5
vhost-23186 7.5
vhost-23186 7.5
vhost-23186 7.5
vhost-23186 7.5
vhost-23186 7.5
vhost-23186 7.7
vhost-23186 7.7
vhost-23186 7.7
vhost-23186 7.7
vhost-23186 7.7
vhost-23186 7.7
vhost-23186 9.4
vhost-23186 9.4
vhost-23186 9.4
vhost-23186 9.4
vhost-23186 9.6
vhost-23186 9.6
vhost-23186 9.6
vhost-23186 9.6
