vhost-24171 11.3
vhost-24171 11.3
vhost-24171 11.3
vhost-24171 11.3
vhost-24171 11.3
vhost-24171 11.3
vhost-24171 11.3
vhost-24171 11.3
vhost-24171 11.3
vhost-24171 11.3
vhost-24171 11.3
vhost-24171 11.3
vhost-24171 11.5
vhost-24171 11.5
vhost-24171 11.5
vhost-24171 11.5
vhost-24171 13.5
vhost-24171 13.5
vhost-24171 13.5
vhost-24171 15.4
vhost-24171 1.9
vhost-24171 1.9
vhost-24171 1.9
vhost-24171 3.8
vhost-24171 3.8
vhost-24171 3.8
vhost-24171 3.8
vhost-24171 3.8
vhost-24171 3.8
vhost-24171 3.8
vhost-24171 3.8
vhost-24171 5.7
vhost-24171 5.7
vhost-24171 5.7
vhost-24171 5.7
vhost-24171 5.7
vhost-24171 5.7
vhost-24171 5.7
vhost-24171 5.8
vhost-24171 7.5
vhost-24171 7.5
vhost-24171 7.5
vhost-24171 7.5
vhost-24171 7.5
vhost-24171 7.5
vhost-24171 7.5
vhost-24171 7.5
vhost-24171 7.5
vhost-24171 7.5
vhost-24171 7.5
vhost-24171 7.5
vhost-24171 7.5
vhost-24171 7.5
vhost-24171 7.5
vhost-24171 7.7
vhost-24171 7.7
vhost-24171 7.7
vhost-24171 7.7
vhost-24171 7.7
vhost-24171 9.4
vhost-24171 9.4
vhost-24171 9.4
vhost-24171 9.6
vhost-24171 9.6
vhost-24171 9.6
vhost-24171 9.6
vhost-24171 9.6
