ksoftirqd/1 0.0
ksoftirqd/1 0.0
ksoftirqd/1 0.0
ksoftirqd/1 0.0
ksoftirqd/1 1.9
ksoftirqd/12 0.0
ksoftirqd/13 0.0
ksoftirqd/13 0.0
ksoftirqd/13 1.9
ksoftirqd/14 0.0
ksoftirqd/14 0.0
ksoftirqd/15 0.0
ksoftirqd/17 0.0
ksoftirqd/17 0.0
ksoftirqd/17 1.9
ksoftirqd/2 0.0
ksoftirqd/2 0.0
ksoftirqd/2 0.0
ksoftirqd/2 0.0
ksoftirqd/2 0.0
ksoftirqd/2 0.0
ksoftirqd/22 1.9
ksoftirqd/22 1.9
ksoftirqd/3 0.0
ksoftirqd/3 0.0
ksoftirqd/3 0.0
ksoftirqd/4 0.0
ksoftirqd/4 0.0
ksoftirqd/4 0.0
ksoftirqd/4 0.0
ksoftirqd/4 0.0
ksoftirqd/4 0.0
ksoftirqd/4 0.0
ksoftirqd/4 0.0
ksoftirqd/4 0.0
ksoftirqd/4 0.0
ksoftirqd/4 0.0
ksoftirqd/4 0.0
ksoftirqd/4 0.0
ksoftirqd/4 1.9
ksoftirqd/4 1.9
ksoftirqd/4 1.9
ksoftirqd/4 1.9
ksoftirqd/8 0.0
ksoftirqd/8 1.9
ksoftirqd/9 0.0
