vhost-24890 11.3
vhost-24890 11.3
vhost-24890 11.3
vhost-24890 11.3
vhost-24890 11.3
vhost-24890 11.3
vhost-24890 11.3
vhost-24890 11.3
vhost-24890 11.3
vhost-24890 11.3
vhost-24890 11.3
vhost-24890 11.5
vhost-24890 11.5
vhost-24890 11.5
vhost-24890 11.5
vhost-24890 11.5
vhost-24890 11.5
vhost-24890 11.5
vhost-24890 11.5
vhost-24890 11.5
vhost-24890 11.5
vhost-24890 11.5
vhost-24890 11.5
vhost-24890 11.5
vhost-24890 11.5
vhost-24890 11.5
vhost-24890 13.2
vhost-24890 15.1
vhost-24890 1.9
vhost-24890 5.7
vhost-24890 5.7
vhost-24890 5.7
vhost-24890 5.7
vhost-24890 5.7
vhost-24890 5.8
vhost-24890 5.8
vhost-24890 7.5
vhost-24890 7.5
vhost-24890 7.5
vhost-24890 7.5
vhost-24890 7.5
vhost-24890 7.5
vhost-24890 7.5
vhost-24890 7.5
vhost-24890 7.5
vhost-24890 7.5
vhost-24890 7.5
vhost-24890 7.5
vhost-24890 7.5
vhost-24890 7.5
vhost-24890 7.5
vhost-24890 7.5
vhost-24890 7.7
vhost-24890 7.7
vhost-24890 7.7
vhost-24890 7.7
vhost-24890 7.7
vhost-24890 7.7
vhost-24890 7.7
vhost-24890 9.4
vhost-24890 9.4
vhost-24890 9.4
vhost-24890 9.4
vhost-24890 9.6
vhost-24890 9.6
vhost-24890 9.6
vhost-24890 9.6
