vhost-21541 11.3
vhost-21541 11.3
vhost-21541 11.3
vhost-21541 11.3
vhost-21541 11.3
vhost-21541 11.3
vhost-21541 11.3
vhost-21541 11.5
vhost-21541 11.5
vhost-21541 13.2
vhost-21541 3.8
vhost-21541 5.7
vhost-21541 5.7
vhost-21541 5.7
vhost-21541 5.7
vhost-21541 5.8
vhost-21541 5.8
vhost-21541 5.8
vhost-21541 5.8
vhost-21541 5.8
vhost-21541 7.5
vhost-21541 7.5
vhost-21541 7.5
vhost-21541 7.5
vhost-21541 7.5
vhost-21541 7.5
vhost-21541 7.5
vhost-21541 7.7
vhost-21541 7.7
vhost-21541 7.7
vhost-21541 7.7
vhost-21541 7.7
vhost-21541 9.4
vhost-21541 9.4
vhost-21541 9.4
vhost-21541 9.4
vhost-21541 9.4
vhost-21541 9.4
vhost-21541 9.4
vhost-21541 9.4
