vhost-22207 11.3
vhost-22207 11.3
vhost-22207 11.3
vhost-22207 11.3
vhost-22207 11.3
vhost-22207 11.3
vhost-22207 11.3
vhost-22207 11.3
vhost-22207 11.3
vhost-22207 11.5
vhost-22207 11.5
vhost-22207 11.5
vhost-22207 11.5
vhost-22207 13.2
vhost-22207 3.7
vhost-22207 3.8
vhost-22207 5.7
vhost-22207 5.7
vhost-22207 5.8
vhost-22207 5.8
vhost-22207 5.8
vhost-22207 5.8
vhost-22207 5.8
vhost-22207 7.5
vhost-22207 7.5
vhost-22207 7.5
vhost-22207 7.5
vhost-22207 7.5
vhost-22207 7.5
vhost-22207 7.5
vhost-22207 7.5
vhost-22207 7.5
vhost-22207 7.7
vhost-22207 7.7
vhost-22207 7.7
vhost-22207 9.4
vhost-22207 9.4
vhost-22207 9.4
vhost-22207 9.6
vhost-22207 9.6
vhost-22207 9.6
