vhost-22609 11.3
vhost-22609 11.3
vhost-22609 11.3
vhost-22609 11.3
vhost-22609 11.3
vhost-22609 11.3
vhost-22609 11.5
vhost-22609 11.5
vhost-22609 11.5
vhost-22609 11.5
vhost-22609 11.5
vhost-22609 11.5
vhost-22609 11.5
vhost-22609 11.5
vhost-22609 13.5
vhost-22609 1.9
vhost-22609 1.9
vhost-22609 1.9
vhost-22609 3.8
vhost-22609 3.8
vhost-22609 3.8
vhost-22609 3.8
vhost-22609 5.7
vhost-22609 5.7
vhost-22609 5.7
vhost-22609 7.5
vhost-22609 7.5
vhost-22609 7.5
vhost-22609 7.5
vhost-22609 7.5
vhost-22609 7.5
vhost-22609 7.5
vhost-22609 7.5
vhost-22609 7.5
vhost-22609 7.5
vhost-22609 7.5
vhost-22609 7.5
vhost-22609 7.5
vhost-22609 7.5
vhost-22609 7.7
vhost-22609 7.7
vhost-22609 7.7
vhost-22609 7.7
vhost-22609 7.7
vhost-22609 7.7
vhost-22609 9.4
vhost-22609 9.4
vhost-22609 9.6
vhost-22609 9.6
vhost-22609 9.6
vhost-22609 9.6
vhost-22609 9.6
vhost-22609 9.6
