vhost-20580 11.3
vhost-20580 11.3
vhost-20580 11.3
vhost-20580 11.3
vhost-20580 11.3
vhost-20580 11.5
vhost-20580 11.5
vhost-20580 11.5
vhost-20580 13.5
vhost-20580 1.9
vhost-20580 3.8
vhost-20580 3.8
vhost-20580 3.8
vhost-20580 3.8
vhost-20580 3.8
vhost-20580 3.8
vhost-20580 5.7
vhost-20580 5.7
vhost-20580 5.7
vhost-20580 5.7
vhost-20580 5.8
vhost-20580 5.8
vhost-20580 7.5
vhost-20580 7.5
vhost-20580 7.5
vhost-20580 7.5
vhost-20580 7.5
vhost-20580 7.5
vhost-20580 7.5
vhost-20580 7.5
vhost-20580 7.5
vhost-20580 7.5
vhost-20580 7.7
vhost-20580 7.7
vhost-20580 7.7
vhost-20580 7.7
vhost-20580 7.7
vhost-20580 9.4
vhost-20580 9.4
vhost-20580 9.4
vhost-20580 9.4
vhost-20580 9.4
vhost-20580 9.4
vhost-20580 9.6
vhost-20580 9.6
vhost-20580 9.6
vhost-20580 9.6
vhost-20580 9.6
vhost-20580 9.6
