vhost-18950 11.3
vhost-18950 11.3
vhost-18950 11.3
vhost-18950 11.3
vhost-18950 11.5
vhost-18950 11.5
vhost-18950 11.5
vhost-18950 13.2
vhost-18950 1.9
vhost-18950 1.9
vhost-18950 3.8
vhost-18950 3.8
vhost-18950 5.7
vhost-18950 5.7
vhost-18950 5.8
vhost-18950 5.8
vhost-18950 5.8
vhost-18950 5.8
vhost-18950 7.5
vhost-18950 7.5
vhost-18950 7.5
vhost-18950 7.5
vhost-18950 7.5
vhost-18950 7.5
vhost-18950 7.5
vhost-18950 7.5
vhost-18950 7.5
vhost-18950 7.7
vhost-18950 7.7
vhost-18950 7.7
vhost-18950 7.7
vhost-18950 7.7
vhost-18950 7.7
vhost-18950 7.7
vhost-18950 7.7
vhost-18950 7.7
vhost-18950 7.7
vhost-18950 9.4
vhost-18950 9.6
vhost-18950 9.6
vhost-18950 9.6
