vhost-18416 11.3
vhost-18416 11.5
vhost-18416 11.5
vhost-18416 13.5
vhost-18416 13.5
vhost-18416 15.1
vhost-18416 1.9
vhost-18416 3.8
vhost-18416 3.8
vhost-18416 3.8
vhost-18416 3.8
vhost-18416 3.8
vhost-18416 3.8
vhost-18416 3.8
vhost-18416 3.8
vhost-18416 5.7
vhost-18416 5.7
vhost-18416 5.7
vhost-18416 5.7
vhost-18416 5.8
vhost-18416 5.8
vhost-18416 5.8
vhost-18416 5.8
vhost-18416 5.8
vhost-18416 5.8
vhost-18416 7.5
vhost-18416 7.5
vhost-18416 7.5
vhost-18416 7.5
vhost-18416 7.7
vhost-18416 7.7
vhost-18416 7.7
vhost-18416 7.7
vhost-18416 7.7
vhost-18416 7.7
vhost-18416 7.7
vhost-18416 7.7
vhost-18416 9.4
vhost-18416 9.4
vhost-18416 9.4
vhost-18416 9.4
vhost-18416 9.4
vhost-18416 9.4
vhost-18416 9.6
vhost-18416 9.6
