vhost-24558 11.3
vhost-24558 11.3
vhost-24558 11.3
vhost-24558 11.3
vhost-24558 11.3
vhost-24558 11.3
vhost-24558 11.3
vhost-24558 11.3
vhost-24558 11.5
vhost-24558 11.5
vhost-24558 13.2
vhost-24558 13.5
vhost-24558 1.9
vhost-24558 3.8
vhost-24558 3.8
vhost-24558 5.7
vhost-24558 5.8
vhost-24558 5.8
vhost-24558 7.5
vhost-24558 7.5
vhost-24558 7.5
vhost-24558 7.5
vhost-24558 7.5
vhost-24558 7.5
vhost-24558 7.5
vhost-24558 7.7
vhost-24558 7.7
vhost-24558 7.7
vhost-24558 7.7
vhost-24558 9.4
vhost-24558 9.6
vhost-24558 9.6
