vhost-25351 0.0
vhost-25351 11.1
vhost-25351 11.3
vhost-25351 11.3
vhost-25351 11.3
vhost-25351 11.3
vhost-25351 11.3
vhost-25351 11.3
vhost-25351 11.3
vhost-25351 11.3
vhost-25351 11.5
vhost-25351 11.5
vhost-25351 11.5
vhost-25351 11.5
vhost-25351 11.5
vhost-25351 11.5
vhost-25351 15.4
vhost-25351 1.9
vhost-25351 1.9
vhost-25351 3.8
vhost-25351 5.7
vhost-25351 5.8
vhost-25351 5.8
vhost-25351 7.5
vhost-25351 7.5
vhost-25351 7.5
vhost-25351 7.5
vhost-25351 7.5
vhost-25351 7.5
vhost-25351 7.5
vhost-25351 7.5
vhost-25351 7.5
vhost-25351 7.5
vhost-25351 7.5
vhost-25351 7.5
vhost-25351 7.7
vhost-25351 7.7
vhost-25351 7.7
vhost-25351 7.7
vhost-25351 7.7
vhost-25351 9.4
vhost-25351 9.4
vhost-25351 9.4
vhost-25351 9.4
vhost-25351 9.4
vhost-25351 9.4
vhost-25351 9.6
vhost-25351 9.6
vhost-25351 9.6
vhost-25351 9.6
vhost-25351 9.6
