vhost-20050 11.1
vhost-20050 11.3
vhost-20050 11.3
vhost-20050 11.3
vhost-20050 11.3
vhost-20050 11.3
vhost-20050 11.3
vhost-20050 11.3
vhost-20050 11.3
vhost-20050 11.3
vhost-20050 11.3
vhost-20050 11.3
vhost-20050 11.3
vhost-20050 11.3
vhost-20050 11.3
vhost-20050 11.3
vhost-20050 11.3
vhost-20050 11.3
vhost-20050 11.3
vhost-20050 11.3
vhost-20050 11.3
vhost-20050 11.3
vhost-20050 11.3
vhost-20050 11.5
vhost-20050 11.5
vhost-20050 11.5
vhost-20050 11.5
vhost-20050 11.5
vhost-20050 11.5
vhost-20050 11.5
vhost-20050 11.5
vhost-20050 11.5
vhost-20050 11.5
vhost-20050 11.5
vhost-20050 11.5
vhost-20050 11.5
vhost-20050 11.5
vhost-20050 13.2
vhost-20050 13.2
vhost-20050 13.2
vhost-20050 13.2
vhost-20050 13.2
vhost-20050 13.2
vhost-20050 13.2
vhost-20050 3.8
vhost-20050 5.7
vhost-20050 5.7
vhost-20050 5.7
vhost-20050 5.7
vhost-20050 5.8
vhost-20050 5.8
vhost-20050 7.5
vhost-20050 7.5
vhost-20050 7.5
vhost-20050 7.5
vhost-20050 7.5
vhost-20050 7.5
vhost-20050 7.5
vhost-20050 7.5
vhost-20050 7.5
vhost-20050 7.5
vhost-20050 7.5
vhost-20050 7.5
vhost-20050 7.5
vhost-20050 7.7
vhost-20050 7.7
vhost-20050 7.7
vhost-20050 7.7
vhost-20050 9.4
vhost-20050 9.6
vhost-20050 9.6
vhost-20050 9.6
vhost-20050 9.6
