vhost-21938 11.3
vhost-21938 11.3
vhost-21938 11.3
vhost-21938 11.3
vhost-21938 11.3
vhost-21938 11.3
vhost-21938 11.3
vhost-21938 11.3
vhost-21938 11.5
vhost-21938 11.5
vhost-21938 11.5
vhost-21938 3.8
vhost-21938 3.8
vhost-21938 3.8
vhost-21938 3.8
vhost-21938 3.8
vhost-21938 3.8
vhost-21938 5.7
vhost-21938 5.7
vhost-21938 5.7
vhost-21938 5.7
vhost-21938 5.8
vhost-21938 5.8
vhost-21938 5.8
vhost-21938 7.5
vhost-21938 7.5
vhost-21938 7.5
vhost-21938 7.5
vhost-21938 7.5
vhost-21938 7.5
vhost-21938 7.5
vhost-21938 7.7
vhost-21938 7.7
vhost-21938 7.7
vhost-21938 7.7
vhost-21938 7.7
vhost-21938 7.7
vhost-21938 9.4
vhost-21938 9.4
vhost-21938 9.4
vhost-21938 9.6
