vhost-20255 11.3
vhost-20255 11.3
vhost-20255 11.3
vhost-20255 11.3
vhost-20255 11.3
vhost-20255 11.3
vhost-20255 11.3
vhost-20255 11.3
vhost-20255 11.3
vhost-20255 11.5
vhost-20255 11.5
vhost-20255 13.2
vhost-20255 15.1
vhost-20255 3.8
vhost-20255 3.8
vhost-20255 3.8
vhost-20255 3.8
vhost-20255 3.8
vhost-20255 3.8
vhost-20255 3.8
vhost-20255 3.8
vhost-20255 5.7
vhost-20255 5.7
vhost-20255 5.7
vhost-20255 5.7
vhost-20255 5.7
vhost-20255 5.8
vhost-20255 5.8
vhost-20255 5.8
vhost-20255 7.5
vhost-20255 7.5
vhost-20255 7.5
vhost-20255 7.5
vhost-20255 7.5
vhost-20255 7.5
vhost-20255 7.5
vhost-20255 7.5
vhost-20255 7.5
vhost-20255 7.7
vhost-20255 7.7
vhost-20255 7.7
vhost-20255 7.7
vhost-20255 9.3
vhost-20255 9.4
vhost-20255 9.4
vhost-20255 9.4
vhost-20255 9.6
