vhost-19205 0.0
vhost-19205 11.3
vhost-19205 11.3
vhost-19205 11.3
vhost-19205 11.3
vhost-19205 11.3
vhost-19205 11.3
vhost-19205 11.5
vhost-19205 11.5
vhost-19205 11.5
vhost-19205 11.5
vhost-19205 13.2
vhost-19205 13.5
vhost-19205 15.4
vhost-19205 1.9
vhost-19205 1.9
vhost-19205 1.9
vhost-19205 1.9
vhost-19205 3.8
vhost-19205 3.8
vhost-19205 3.8
vhost-19205 3.8
vhost-19205 3.8
vhost-19205 5.7
vhost-19205 5.7
vhost-19205 5.7
vhost-19205 5.7
vhost-19205 5.7
vhost-19205 5.8
vhost-19205 5.8
vhost-19205 5.8
vhost-19205 5.8
vhost-19205 5.8
vhost-19205 7.5
vhost-19205 7.5
vhost-19205 7.5
vhost-19205 7.5
vhost-19205 7.5
vhost-19205 7.5
vhost-19205 7.5
vhost-19205 7.5
vhost-19205 7.7
vhost-19205 7.7
vhost-19205 7.7
vhost-19205 9.4
vhost-19205 9.4
vhost-19205 9.4
vhost-19205 9.4
vhost-19205 9.6
vhost-19205 9.6
vhost-19205 9.6
vhost-19205 9.6
vhost-19205 9.6
