vhost-18701 11.3
vhost-18701 11.3
vhost-18701 11.3
vhost-18701 11.3
vhost-18701 11.3
vhost-18701 11.3
vhost-18701 11.5
vhost-18701 11.5
vhost-18701 11.5
vhost-18701 11.5
vhost-18701 11.5
vhost-18701 13.2
vhost-18701 1.9
vhost-18701 1.9
vhost-18701 1.9
vhost-18701 3.8
vhost-18701 3.8
vhost-18701 3.8
vhost-18701 3.8
vhost-18701 3.8
vhost-18701 5.7
vhost-18701 5.7
vhost-18701 5.7
vhost-18701 5.7
vhost-18701 5.8
vhost-18701 7.5
vhost-18701 7.5
vhost-18701 7.5
vhost-18701 7.5
vhost-18701 7.5
vhost-18701 7.5
vhost-18701 7.7
vhost-18701 7.7
vhost-18701 7.7
vhost-18701 7.7
vhost-18701 7.7
vhost-18701 7.7
vhost-18701 7.7
vhost-18701 7.7
vhost-18701 7.7
vhost-18701 7.7
vhost-18701 7.7
vhost-18701 7.7
vhost-18701 9.4
vhost-18701 9.4
vhost-18701 9.4
vhost-18701 9.6
vhost-18701 9.6
vhost-18701 9.6
