vhost-18182 11.3
vhost-18182 11.3
vhost-18182 11.3
vhost-18182 11.3
vhost-18182 11.3
vhost-18182 11.3
vhost-18182 11.3
vhost-18182 11.3
vhost-18182 11.3
vhost-18182 11.3
vhost-18182 11.3
vhost-18182 11.3
vhost-18182 11.3
vhost-18182 11.5
vhost-18182 11.5
vhost-18182 11.5
vhost-18182 11.5
vhost-18182 11.5
vhost-18182 11.5
vhost-18182 11.5
vhost-18182 11.5
vhost-18182 11.5
vhost-18182 13.2
vhost-18182 13.2
vhost-18182 13.2
vhost-18182 13.2
vhost-18182 13.2
vhost-18182 13.2
vhost-18182 13.2
vhost-18182 13.5
vhost-18182 13.5
vhost-18182 13.5
vhost-18182 15.4
vhost-18182 17.3
vhost-18182 19.2
vhost-18182 3.8
vhost-18182 3.8
vhost-18182 5.8
vhost-18182 5.8
vhost-18182 7.5
vhost-18182 7.5
vhost-18182 7.5
vhost-18182 7.5
vhost-18182 7.5
vhost-18182 7.5
vhost-18182 7.7
vhost-18182 7.7
vhost-18182 7.7
vhost-18182 7.7
vhost-18182 7.7
vhost-18182 9.4
vhost-18182 9.4
vhost-18182 9.4
vhost-18182 9.4
vhost-18182 9.6
vhost-18182 9.6
vhost-18182 9.6
vhost-18182 9.6
