vhost-22848 1.9
vhost-22848 3.8
vhost-22848 3.8
vhost-22848 3.8
vhost-22848 3.8
vhost-22848 3.8
vhost-22848 3.8
vhost-22848 3.8
vhost-22848 5.7
vhost-22848 5.7
vhost-22848 5.7
vhost-22848 5.7
vhost-22848 5.7
vhost-22848 5.7
vhost-22848 5.8
vhost-22848 5.8
vhost-22848 5.8
vhost-22848 5.8
vhost-22848 7.5
vhost-22848 7.5
vhost-22848 7.5
vhost-22848 7.5
vhost-22848 7.5
vhost-22848 7.7
vhost-22848 7.7
vhost-22848 7.7
vhost-22848 7.7
vhost-22848 9.4
vhost-22848 9.4
vhost-22848 9.4
vhost-22848 9.4
vhost-22848 9.4
