vhost-25727 11.3
vhost-25727 11.3
vhost-25727 11.3
vhost-25727 11.5
vhost-25727 11.5
vhost-25727 13.2
vhost-25727 13.2
vhost-25727 13.2
vhost-25727 13.2
vhost-25727 17.3
vhost-25727 1.9
vhost-25727 32.7
vhost-25727 3.8
vhost-25727 3.8
vhost-25727 3.8
vhost-25727 3.8
vhost-25727 3.8
vhost-25727 48.1
vhost-25727 5.7
vhost-25727 5.7
vhost-25727 5.7
vhost-25727 5.7
vhost-25727 5.7
vhost-25727 5.7
vhost-25727 5.8
vhost-25727 5.8
vhost-25727 5.8
vhost-25727 5.8
vhost-25727 7.5
vhost-25727 7.5
vhost-25727 7.5
vhost-25727 7.5
vhost-25727 7.5
vhost-25727 7.5
vhost-25727 7.5
vhost-25727 7.5
vhost-25727 7.7
vhost-25727 7.7
vhost-25727 7.7
vhost-25727 7.7
vhost-25727 7.7
vhost-25727 9.4
vhost-25727 9.4
vhost-25727 9.4
vhost-25727 9.4
vhost-25727 9.4
vhost-25727 9.4
vhost-25727 9.4
vhost-25727 9.4
vhost-25727 9.4
vhost-25727 9.4
vhost-25727 9.6
vhost-25727 9.6
