vhost-23927 11.3
vhost-23927 11.3
vhost-23927 11.3
vhost-23927 11.3
vhost-23927 11.3
vhost-23927 11.3
vhost-23927 11.3
vhost-23927 11.5
vhost-23927 11.5
vhost-23927 11.5
vhost-23927 11.5
vhost-23927 11.5
vhost-23927 11.5
vhost-23927 11.5
vhost-23927 11.5
vhost-23927 11.5
vhost-23927 13.0
vhost-23927 13.2
vhost-23927 13.2
vhost-23927 13.5
vhost-23927 13.5
vhost-23927 13.5
vhost-23927 3.8
vhost-23927 3.8
vhost-23927 3.8
vhost-23927 5.7
vhost-23927 5.7
vhost-23927 5.7
vhost-23927 5.7
vhost-23927 5.7
vhost-23927 5.7
vhost-23927 5.7
vhost-23927 5.8
vhost-23927 7.5
vhost-23927 7.5
vhost-23927 7.5
vhost-23927 7.5
vhost-23927 7.5
vhost-23927 7.5
vhost-23927 7.5
vhost-23927 7.5
vhost-23927 7.7
vhost-23927 7.7
vhost-23927 7.7
vhost-23927 7.7
vhost-23927 7.7
vhost-23927 9.4
vhost-23927 9.4
vhost-23927 9.4
vhost-23927 9.4
vhost-23927 9.4
vhost-23927 9.4
vhost-23927 9.6
vhost-23927 9.6
vhost-23927 9.6
vhost-23927 9.6
