vhost-21308 11.3
vhost-21308 11.3
vhost-21308 11.3
vhost-21308 11.3
vhost-21308 11.3
vhost-21308 11.3
vhost-21308 11.3
vhost-21308 11.3
vhost-21308 11.3
vhost-21308 11.3
vhost-21308 11.3
vhost-21308 11.3
vhost-21308 11.5
vhost-21308 11.5
vhost-21308 11.5
vhost-21308 11.5
vhost-21308 11.5
vhost-21308 13.2
vhost-21308 13.5
vhost-21308 13.5
vhost-21308 1.9
vhost-21308 3.8
vhost-21308 3.8
vhost-21308 3.8
vhost-21308 3.8
vhost-21308 3.8
vhost-21308 3.8
vhost-21308 3.8
vhost-21308 5.7
vhost-21308 5.8
vhost-21308 5.8
vhost-21308 5.8
vhost-21308 7.5
vhost-21308 7.5
vhost-21308 7.5
vhost-21308 7.5
vhost-21308 7.5
vhost-21308 7.5
vhost-21308 7.5
vhost-21308 7.5
vhost-21308 7.5
vhost-21308 7.7
vhost-21308 7.7
vhost-21308 7.7
vhost-21308 7.7
vhost-21308 7.7
vhost-21308 7.7
vhost-21308 7.7
vhost-21308 9.4
vhost-21308 9.4
vhost-21308 9.4
vhost-21308 9.6
vhost-21308 9.6
