vhost-23484 0.0
vhost-23484 11.3
vhost-23484 11.3
vhost-23484 11.3
vhost-23484 11.3
vhost-23484 11.3
vhost-23484 11.5
vhost-23484 11.5
vhost-23484 11.5
vhost-23484 11.5
vhost-23484 13.2
vhost-23484 13.5
vhost-23484 13.5
vhost-23484 1.9
vhost-23484 3.8
vhost-23484 3.8
vhost-23484 3.8
vhost-23484 3.8
vhost-23484 3.8
vhost-23484 5.7
vhost-23484 5.7
vhost-23484 5.7
vhost-23484 5.7
vhost-23484 5.7
vhost-23484 5.8
vhost-23484 5.8
vhost-23484 5.8
vhost-23484 5.8
vhost-23484 7.4
vhost-23484 7.5
vhost-23484 7.5
vhost-23484 7.5
vhost-23484 7.5
vhost-23484 7.5
vhost-23484 7.5
vhost-23484 7.5
vhost-23484 7.5
vhost-23484 7.5
vhost-23484 7.7
vhost-23484 7.7
vhost-23484 7.7
vhost-23484 7.7
vhost-23484 7.7
vhost-23484 7.7
vhost-23484 9.4
vhost-23484 9.4
vhost-23484 9.4
vhost-23484 9.4
vhost-23484 9.4
vhost-23484 9.4
vhost-23484 9.4
vhost-23484 9.4
vhost-23484 9.4
vhost-23484 9.4
vhost-23484 9.4
vhost-23484 9.6
