vhost-19634 11.3
vhost-19634 11.3
vhost-19634 11.3
vhost-19634 11.3
vhost-19634 11.3
vhost-19634 11.3
vhost-19634 11.3
vhost-19634 11.3
vhost-19634 11.3
vhost-19634 11.3
vhost-19634 11.3
vhost-19634 11.3
vhost-19634 11.5
vhost-19634 11.5
vhost-19634 11.5
vhost-19634 11.5
vhost-19634 11.5
vhost-19634 11.5
vhost-19634 11.5
vhost-19634 11.5
vhost-19634 11.5
vhost-19634 13.2
vhost-19634 13.2
vhost-19634 13.5
vhost-19634 13.5
vhost-19634 13.5
vhost-19634 3.8
vhost-19634 3.8
vhost-19634 5.7
vhost-19634 5.7
vhost-19634 5.8
vhost-19634 5.8
vhost-19634 7.4
vhost-19634 7.5
vhost-19634 7.5
vhost-19634 7.5
vhost-19634 7.5
vhost-19634 7.5
vhost-19634 7.5
vhost-19634 7.7
vhost-19634 7.7
vhost-19634 7.7
vhost-19634 9.4
vhost-19634 9.4
vhost-19634 9.4
vhost-19634 9.4
vhost-19634 9.4
vhost-19634 9.4
vhost-19634 9.4
vhost-19634 9.4
vhost-19634 9.6
vhost-19634 9.6
vhost-19634 9.6
vhost-19634 9.6
vhost-19634 9.6
vhost-19634 9.6
