vhost-20992 11.3
vhost-20992 11.3
vhost-20992 11.3
vhost-20992 11.3
vhost-20992 11.3
vhost-20992 11.3
vhost-20992 11.3
vhost-20992 11.3
vhost-20992 11.3
vhost-20992 11.5
vhost-20992 1.9
vhost-20992 1.9
vhost-20992 3.8
vhost-20992 3.8
vhost-20992 5.7
vhost-20992 5.7
vhost-20992 5.7
vhost-20992 5.7
vhost-20992 5.7
vhost-20992 5.7
vhost-20992 5.8
vhost-20992 5.8
vhost-20992 5.8
vhost-20992 7.5
vhost-20992 7.5
vhost-20992 7.5
vhost-20992 7.5
vhost-20992 7.5
vhost-20992 7.5
vhost-20992 7.5
vhost-20992 7.5
vhost-20992 7.5
vhost-20992 7.5
vhost-20992 7.5
vhost-20992 7.7
vhost-20992 7.7
vhost-20992 7.7
vhost-20992 7.7
vhost-20992 7.7
vhost-20992 9.3
vhost-20992 9.4
vhost-20992 9.4
vhost-20992 9.4
vhost-20992 9.4
vhost-20992 9.4
vhost-20992 9.4
vhost-20992 9.6
vhost-20992 9.6
