05:40:41 PM      eth0      8.00      3.00      0.59      0.26      0.00      0.00      0.00
05:40:42 PM      eth0      5.00      0.00      0.57      0.00      0.00      0.00      0.00
05:40:43 PM      eth0      3.00      0.00      0.18      0.00      0.00      0.00      0.00
05:40:44 PM      eth0     13.00     11.00      2.21      2.90      0.00      0.00      0.00
05:40:45 PM      eth0      6.00      0.00      0.35      0.00      0.00      0.00      0.00
05:40:46 PM      eth0      8.00      1.00      1.34      0.16      0.00      0.00      0.00
05:40:47 PM      eth0      3.00      0.00      0.18      0.00      0.00      0.00      0.00
05:40:48 PM      eth0      6.00      1.00      1.75      0.16      0.00      0.00      0.00
05:40:49 PM      eth0      5.00      0.00      0.37      0.00      0.00      0.00      0.00
05:40:50 PM      eth0      3.00      0.00      0.18      0.00      0.00      0.00      0.00
05:40:51 PM      eth0      7.00      1.00      1.36      0.16      0.00      0.00      0.00
05:40:52 PM      eth0      5.00      0.00      0.35      0.00      0.00      0.00      0.00
05:40:53 PM      eth0      4.00      0.00      0.23      0.00      0.00      0.00      0.00
05:40:54 PM      eth0     16.00     12.00      3.32      3.07      0.00      0.00      0.00
05:40:55 PM      eth0      4.00      0.00      0.23      0.00      0.00      0.00      0.00
05:40:56 PM      eth0     10.00      1.00      1.80      0.16      0.00      0.00      0.00
05:40:57 PM      eth0      5.00      0.00      0.29      0.00      0.00      0.00      0.00
05:40:58 PM      eth0      9.00      0.00      1.06      0.00      0.00      0.00      0.00
05:40:59 PM      eth0      9.00      3.00      3.14      0.39      0.00      0.00      0.00
05:41:00 PM      eth0     14.00      6.00      5.90      0.68      0.00      0.00      0.00
05:41:01 PM      eth0     23.00     12.00     12.26      1.37      0.00      0.00      0.00
05:41:02 PM      eth0     24.00     13.00     11.66      1.53      0.00      0.00      0.00
05:41:03 PM      eth0      7.00      0.00      0.69      0.00      0.00      0.00      0.00
05:41:04 PM      eth0     19.00     12.00      3.56      3.07      0.00      0.00      0.00
05:41:05 PM      eth0     18.00      4.00      4.47      0.46      0.00      0.00      0.00
05:41:06 PM      eth0     17.00      2.00      2.83      0.23      0.00      0.00      1.00
05:41:07 PM      eth0     24.00      8.00      7.39      0.89      0.00      0.00      0.00
05:41:08 PM      eth0     11.00      2.00      2.31      0.23      0.00      0.00      1.00
05:41:09 PM      eth0     36.00     19.00     18.67      2.21      0.00      0.00      0.00
05:41:10 PM      eth0     19.00     12.00      4.82      2.70      0.00      0.00      0.00
05:41:11 PM      eth0      8.00      0.00      1.26      0.00      0.00      0.00      0.00
05:41:12 PM      eth0     36.00     19.00     11.05      3.74      0.00      0.00      1.00
05:41:13 PM      eth0     10.89      0.00      0.70      0.00      0.00      0.00      0.00
05:41:14 PM      eth0     34.00     24.00      7.73      5.95      0.00      0.00      0.00
05:41:15 PM      eth0     34.00     18.00     17.11      2.05      0.00      0.00      0.00
05:41:16 PM      eth0     67.00     68.00     22.78     25.97      0.00      0.00      1.00
05:41:17 PM      eth0     22.00      9.00      8.39      0.97      0.00      0.00      0.00
05:41:18 PM      eth0      7.00      0.00      0.47      0.00      0.00      0.00      1.00
05:41:19 PM      eth0     15.00      1.00      1.81      0.16      0.00      0.00      0.00
05:41:20 PM      eth0     20.00      4.00      4.59      0.46      0.00      0.00      0.00
05:41:21 PM      eth0     15.00      2.00      2.54      0.23      0.00      0.00      0.00
05:41:22 PM      eth0     33.00     17.00     16.30      1.98      0.00      0.00      1.00
05:41:23 PM      eth0     22.00     10.00      9.75      1.14      0.00      0.00      0.00
05:41:24 PM      eth0     15.00     12.00      3.20      3.07      0.00      0.00      1.00
05:41:25 PM      eth0     11.00      2.00      2.37      0.23      0.00      0.00      0.00
05:41:26 PM      eth0     19.00      2.00      3.08      0.23      0.00      0.00      0.00
05:41:27 PM      eth0     15.00      1.00      1.87      0.16      0.00      0.00      0.00
05:41:28 PM      eth0     22.00      8.00      8.00      0.91      0.00      0.00      1.00
05:41:29 PM      eth0     25.00     13.00     12.41      1.53      0.00      0.00      0.00
05:41:30 PM      eth0     16.00      8.00      7.81      0.91      0.00      0.00      0.00
05:41:31 PM      eth0     12.00      4.00      4.06      0.46      0.00      0.00      0.00
05:41:32 PM      eth0     12.00      2.00      1.64      0.20      0.00      0.00      1.00
05:41:33 PM      eth0     12.00      0.00      0.82      0.00      0.00      0.00      0.00
05:41:34 PM      eth0     35.00     20.00     11.15      3.98      0.00      0.00      1.00
05:41:35 PM      eth0     13.00      2.00      2.42      0.23      0.00      0.00      0.00
05:41:36 PM      eth0     41.00     30.00     16.32      6.29      0.00      0.00      0.00
05:41:37 PM      eth0     10.00      1.00      1.52      0.16      0.00      0.00      0.00
05:41:38 PM      eth0      6.00      0.00      0.35      0.00      0.00      0.00      1.00
05:41:39 PM      eth0     13.00      1.00      1.69      0.16      0.00      0.00      0.00
05:41:40 PM      eth0     13.00      8.00      1.06      2.25      0.00      0.00      1.00
05:41:41 PM      eth0      9.00      0.00      0.59      0.00      0.00      0.00      0.00
05:41:42 PM      eth0      8.00      1.00      1.40      0.16      0.00      0.00      0.00
05:41:43 PM      eth0      6.00      0.00      0.41      0.00      0.00      0.00      0.00
05:41:44 PM      eth0     15.00     12.00      3.48      3.07      0.00      0.00      1.00
05:41:45 PM      eth0      4.00      0.00      0.29      0.00      0.00      0.00      0.00
05:41:46 PM      eth0      7.00      1.00      1.29      0.16      0.00      0.00      0.00
05:41:47 PM      eth0      4.00      0.00      0.23      0.00      0.00      0.00      0.00
05:41:48 PM      eth0      8.00      1.00      1.46      0.16      0.00      0.00      0.00
05:41:49 PM      eth0      5.00      0.00      0.29      0.00      0.00      0.00      0.00
05:41:50 PM      eth0      8.00      1.00      1.46      0.16      0.00      0.00      0.00
05:41:51 PM      eth0      4.00      0.00      0.23      0.00      0.00      0.00      0.00
05:41:52 PM      eth0      7.00      1.00      1.86      0.16      0.00      0.00      0.00
05:41:53 PM      eth0      7.00      0.00      0.74      0.00      0.00      0.00      0.00
05:41:54 PM      eth0     17.00     11.00      2.64      2.90      0.00      0.00      0.00
05:41:55 PM      eth0      7.00      1.00      1.29      0.16      0.00      0.00      0.00
05:41:56 PM      eth0      5.00      0.00      0.81      0.00      0.00      0.00      0.00
05:41:57 PM      eth0     10.00      2.00      1.72      0.20      0.00      0.00      0.00
05:41:58 PM      eth0      7.00      0.00      0.61      0.00      0.00      0.00      0.00
05:41:59 PM      eth0      6.00      1.00      1.23      0.16      0.00      0.00      0.00
05:42:00 PM      eth0      6.00      0.00      0.87      0.00      0.00      0.00      0.00
05:42:01 PM      eth0      8.00      1.00      1.46      0.16      0.00      0.00      0.00
05:42:02 PM      eth0      5.00      0.00      0.35      0.00      0.00      0.00      0.00
05:42:03 PM      eth0      7.00      1.00      1.34      0.16      0.00      0.00      0.00
05:42:04 PM      eth0     14.00     11.00      2.35      2.90      0.00      0.00      0.00
05:42:05 PM      eth0      9.00      1.00      1.52      0.16      0.00      0.00      0.00
05:42:06 PM      eth0      6.00      0.00      0.35      0.00      0.00      0.00      0.00
05:42:07 PM      eth0      9.00      1.00      1.60      0.16      0.00      0.00      0.00
05:42:08 PM      eth0      4.00      0.00      0.75      0.00      0.00      0.00      0.00
05:42:09 PM      eth0      8.00      1.00      1.46      0.16      0.00      0.00      0.00
05:42:10 PM      eth0     10.00      8.00      1.01      2.25      0.00      0.00      0.00
05:42:11 PM      eth0      7.00      0.00      0.61      0.00      0.00      0.00      0.00
05:42:12 PM      eth0      9.00      1.00      1.54      0.16      0.00      0.00      0.00
05:42:13 PM      eth0     16.00     10.00      2.89      2.67      0.00      0.00      0.00
05:42:14 PM      eth0     27.00     22.00      5.82      5.72      0.00      0.00      0.00
05:42:15 PM      eth0      5.00      0.00      0.87      0.00      0.00      0.00      0.00
05:42:16 PM      eth0      9.00      1.00      1.46      0.16      0.00      0.00      0.00
05:42:17 PM      eth0     54.00     62.00     17.78     25.29      0.00      0.00      0.00
05:42:18 PM      eth0     10.00      1.00      1.58      0.16      0.00      0.00      0.00
05:42:19 PM      eth0      4.00      0.00      0.23      0.00      0.00      0.00      0.00
05:42:20 PM      eth0      8.00      1.00      1.46      0.16      0.00      0.00      0.00
05:42:21 PM      eth0      6.00      0.00      0.43      0.00      0.00      0.00      0.00
05:42:22 PM      eth0      9.00      1.00      1.52      0.16      0.00      0.00      0.00
05:42:23 PM      eth0      6.00      1.00      0.35      0.04      0.00      0.00      0.00
05:42:24 PM      eth0     15.00     12.00      3.31      3.07      0.00      0.00      0.00
05:42:25 PM      eth0      6.00      0.00      0.87      0.00      0.00      0.00      0.00
05:42:26 PM      eth0     10.00      1.00      1.58      0.16      0.00      0.00      0.00
05:42:27 PM      eth0      6.00      0.00      0.43      0.00      0.00      0.00      0.00
05:42:28 PM      eth0      7.00      0.00      0.47      0.00      0.00      0.00      0.00
05:42:29 PM      eth0      9.00      1.00      1.46      0.16      0.00      0.00      0.00
05:42:30 PM      eth0      6.00      0.00      0.41      0.00      0.00      0.00      0.00
05:42:31 PM      eth0      8.00      1.00      1.48      0.16      0.00      0.00      0.00
05:42:32 PM      eth0      6.00      0.00      0.41      0.00      0.00      0.00      0.00
05:42:33 PM      eth0      8.00      1.00      1.40      0.16      0.00      0.00      0.00
05:42:34 PM      eth0     15.00     11.00      2.61      2.90      0.00      0.00      0.00
05:42:35 PM      eth0     11.00      1.00      1.72      0.16      0.00      0.00      0.00
05:42:36 PM      eth0      7.00      0.00      0.47      0.00      0.00      0.00      0.00
05:42:37 PM      eth0      8.00      1.00      1.48      0.16      0.00      0.00      0.00
05:42:38 PM      eth0      4.00      0.00      0.51      0.00      0.00      0.00      0.00
05:42:39 PM      eth0     11.00      1.00      1.77      0.16      0.00      0.00      0.00
05:42:40 PM      eth0     12.00      8.00      1.59      2.25      0.00      0.00      0.00
05:42:41 PM      eth0      9.00      1.00      1.80      0.16      0.00      0.00      0.00
05:42:42 PM      eth0      4.00      0.00      0.31      0.00      0.00      0.00      0.00
05:42:43 PM      eth0      5.00      0.00      0.41      0.00      0.00      0.00      0.00
05:42:44 PM      eth0     14.00     11.00      2.35      2.90      0.00      0.00      0.00
05:42:45 PM      eth0      6.00      0.00      0.47      0.00      0.00      0.00      0.00
05:42:46 PM      eth0      5.00      0.00      0.29      0.00      0.00      0.00      0.00
05:42:47 PM      eth0      8.00      2.00     11.89      0.13      0.00      0.00      0.00
05:42:48 PM      eth0    154.00    205.00     50.61     96.94      0.00      0.00      0.00
05:42:49 PM      eth0     52.00     63.00     18.88     27.79      0.00      0.00      0.00
05:42:50 PM      eth0     22.00     20.00      4.32      6.59      0.00      0.00      0.00
05:42:51 PM      eth0     37.00     33.00     10.22      9.46      0.00      0.00      0.00
05:42:52 PM      eth0     24.00     20.00      4.36      4.70      0.00      0.00      0.00
05:42:53 PM      eth0      4.00      0.00      0.23      0.00      0.00      0.00      0.00
05:42:54 PM      eth0     71.00     89.00     24.22     38.48      0.00      0.00      0.00
05:42:55 PM      eth0     24.00     27.00      4.55      9.41      0.00      0.00      0.00
05:42:56 PM      eth0      7.00      1.00      1.57      0.16      0.00      0.00      0.00
05:42:57 PM      eth0     15.00     11.00      4.67      2.34      0.00      0.00      0.00
05:42:58 PM      eth0      7.00      0.00      0.55      0.00      0.00      0.00      0.00
05:42:59 PM      eth0     11.00      6.00      1.13      0.70      0.00      0.00      0.00
05:43:00 PM      eth0      6.00      2.00      0.35      0.08      0.00      0.00      0.00
05:43:01 PM      eth0      6.00      0.00      1.03      0.00      0.00      0.00      0.00
05:43:02 PM      eth0      5.94      0.00      0.38      0.00      0.00      0.00      0.00
05:43:03 PM      eth0    140.00    182.00     50.58     90.16      0.00      0.00      0.00
05:43:04 PM      eth0 48600110949.00 69085603465.00 51250567216.94 97902521993.10      0.00      0.00 105129.00
05:43:05 PM      eth0 48600110999.00 69085603523.00 51250567230.97 97902522009.69      0.00      0.00 105129.00
05:43:06 PM      eth0      7.00      3.00      0.49      0.38      0.00      0.00      0.00
05:43:07 PM      eth0     25.00     24.00      6.61      5.05      0.00      0.00      0.00
05:43:08 PM      eth0     12.00     13.00      1.85      2.75      0.00      0.00      0.00
05:43:09 PM      eth0      7.00      9.00      1.14      2.57      0.00      0.00      0.00
05:43:10 PM      eth0     82.00    114.00     25.05     48.10      0.00      0.00      0.00
05:43:11 PM      eth0     12.00     13.00      1.63      1.49      0.00      0.00      0.00
05:43:12 PM      eth0      7.00      0.00      0.55      0.00      0.00      0.00      0.00
05:43:13 PM      eth0     11.00      1.00      2.54      0.16      0.00      0.00      0.00
05:43:14 PM      eth0     50.00     56.00     17.57     14.65      0.00      0.00      0.00
05:43:15 PM      eth0     26.00     27.00      7.60      5.74      0.00      0.00      0.00
05:43:16 PM      eth0     10.00      1.00      1.17      0.13      0.00      0.00      0.00
05:43:17 PM      eth0     10.00      7.00      0.93      2.32      0.00      0.00      0.00
05:43:18 PM      eth0     67.00     73.00     25.93     28.31      0.00      0.00      0.00
05:43:19 PM      eth0      5.00      0.00      0.81      0.00      0.00      0.00      0.00
05:43:20 PM      eth0     83.00    113.00     31.95     53.99      0.00      0.00      0.00
05:43:21 PM      eth0    129.00    162.00     48.32     72.76      0.00      0.00      0.00
05:43:22 PM      eth0     10.00     13.00      0.88      3.05      0.00      0.00      0.00
05:43:23 PM      eth0     56.00     59.00     15.81     16.49      0.00      0.00      0.00
05:43:24 PM      eth0     25.00     30.00      4.92      7.81      0.00      0.00      0.00
05:43:25 PM      eth0      5.00      3.00      0.29      0.27      0.00      0.00      0.00
05:43:26 PM      eth0     81.00    100.00     25.96     44.25      0.00      0.00      0.00
05:43:27 PM      eth0     11.00     15.00      0.71      1.59      0.00      0.00      0.00
05:43:28 PM      eth0    125.00    171.00     45.22     83.04      0.00      0.00      0.00
05:43:29 PM      eth0     90.00    106.00     36.41     44.15      0.00      0.00      0.00
05:43:30 PM      eth0     40.00     42.00     10.15     13.71      0.00      0.00      0.00
05:43:31 PM      eth0     24.00     27.00      6.94      5.40      0.00      0.00      0.00
05:43:32 PM      eth0     15.00     14.00      2.11      2.82      0.00      0.00      0.00
05:43:33 PM      eth0      6.00      0.00      0.42      0.00      0.00      0.00      0.00
05:43:34 PM      eth0     87.00    114.00     27.80     47.51      0.00      0.00      0.00
05:43:35 PM      eth0      9.00      3.00      1.72      0.35      0.00      0.00      0.00
05:43:36 PM      eth0    150.00    199.00     56.20     96.50      0.00      0.00      0.00
05:43:37 PM      eth0 48600112346.00 69085605111.00 51250567667.32 97902522645.44      0.00      0.00 105129.00
05:43:38 PM      eth0 48600112387.00 69085605167.00 51250567677.58 97902522660.82      0.00      0.00 105129.00
05:43:39 PM      eth0     27.00     36.00      7.66      7.97      0.00      0.00      0.00
05:43:40 PM      eth0     32.00     38.00     12.77      9.82      0.00      0.00      0.00
05:43:41 PM      eth0      5.00      0.00      0.29      0.00      0.00      0.00      0.00
05:43:42 PM      eth0     82.00    105.00     25.96     44.72      0.00      0.00      0.00
05:43:43 PM      eth0      8.00      9.00      0.99      1.05      0.00      0.00      0.00
05:43:44 PM      eth0     20.00     12.00      4.30      3.07      0.00      0.00      0.00
05:43:45 PM      eth0     16.00     11.00      8.82      2.51      0.00      0.00      0.00
05:43:46 PM      eth0      5.00      6.00      0.29      0.79      0.00      0.00      0.00
05:43:47 PM      eth0      4.00     13.00      0.23      1.53      0.00      0.00      0.00
05:43:48 PM      eth0      8.00      9.00      1.17      2.57      0.00      0.00      0.00
05:43:49 PM      eth0      6.00      3.00      0.35      0.27      0.00      0.00      0.00
05:43:50 PM      eth0      5.00      3.00      0.29      0.41      0.00      0.00      0.00
05:43:51 PM      eth0     10.00      9.00      0.77      0.83      0.00      0.00      0.00
05:43:52 PM      eth0      6.00      1.00      1.51      0.16      0.00      0.00      0.00
05:43:53 PM      eth0     16.00     12.00      8.84      2.58      0.00      0.00      0.00
05:43:54 PM      eth0     13.00     11.00      2.21      2.90      0.00      0.00      0.00
05:43:55 PM      eth0     10.00     18.00      1.56      3.70      0.00      0.00      0.00
05:43:56 PM      eth0      6.00      7.00      0.35      0.75      0.00      0.00      0.00
05:43:57 PM      eth0      8.00      4.00      0.53      0.40      0.00      0.00      0.00
05:43:58 PM      eth0      8.00      0.00      0.59      0.00      0.00      0.00      0.00
05:43:59 PM      eth0      9.00      1.00      2.72      0.16      0.00      0.00      0.00
05:44:00 PM      eth0      6.00      4.00      0.35      0.39      0.00      0.00      0.00
05:44:01 PM      eth0     17.00     12.00      8.99      2.58      0.00      0.00      0.00
05:44:02 PM      eth0      8.00      4.00      0.65      0.54      0.00      0.00      0.00
05:44:03 PM      eth0      8.00      0.00      0.74      0.00      0.00      0.00      0.00
05:44:04 PM      eth0     17.00     14.00      3.13      3.26      0.00      0.00      0.00
05:44:05 PM      eth0      5.00      0.00      0.32      0.00      0.00      0.00      0.00
05:44:06 PM      eth0     47.00     49.00     19.17     20.49      0.00      0.00      0.00
05:44:07 PM      eth0    163.00    213.00     56.67    103.85      0.00      0.00      0.00
05:44:08 PM      eth0     10.00      7.00      0.88      2.26      0.00      0.00      0.00
05:44:09 PM      eth0     56.00     58.00     22.27     16.37      0.00      0.00      0.00
05:44:10 PM      eth0     26.00     28.00      4.76      6.94      0.00      0.00      0.00
05:44:11 PM      eth0      8.00      0.00      0.59      0.00      0.00      0.00      0.00
05:44:12 PM      eth0     32.00     30.00     11.76     14.21      0.00      0.00      0.00
05:44:13 PM      eth0     58.00     72.00     15.29     30.35      0.00      0.00      0.00
05:44:14 PM      eth0     14.00     14.00      2.41      3.26      0.00      0.00      0.00
05:44:15 PM      eth0     43.00     42.00     22.27     11.36      0.00      0.00      0.00
05:44:16 PM      eth0      6.00      0.00      0.35      0.00      0.00      0.00      0.00
05:44:17 PM      eth0     15.00     13.00      2.66      3.00      0.00      0.00      0.00
05:44:18 PM      eth0    102.00    118.00     43.54     41.25      0.00      0.00      0.00
05:44:19 PM      eth0      6.00      0.00      0.95      0.00      0.00      0.00      0.00
05:44:20 PM      eth0      8.00      0.00      1.15      0.00      0.00      0.00      0.00
05:44:21 PM      eth0      7.00      0.00      0.50      0.00      0.00      0.00      0.00
05:44:22 PM      eth0    130.00    168.00     45.46     82.59      0.00      0.00      0.00
05:44:23 PM      eth0 48600113576.00 69085606428.00 51250568065.30 97902523133.99      0.00      0.00 105129.00
05:44:24 PM      eth0     46.00     53.00     11.06     16.63      0.00      0.00      0.00
05:44:25 PM      eth0     26.00     27.00      7.59      5.46      0.00      0.00      0.00
05:44:26 PM      eth0     14.00     16.00      2.09      3.10      0.00      0.00      0.00
05:44:27 PM      eth0      8.00     10.00      1.17      2.61      0.00      0.00      0.00
05:44:28 PM      eth0     70.00     88.00     23.62     36.49      0.00      0.00      0.00
05:44:29 PM      eth0     21.00     27.00      2.80      9.34      0.00      0.00      0.00
05:44:30 PM      eth0    147.00    197.00     54.88     92.42      0.00      0.00      0.00
05:55:58 PM      eth0 48729618002.00 69099321916.00 51441996147.18 97904085748.92      0.00      0.00 105133.00
05:55:59 PM      eth0    290.00    392.00     70.56    179.38      0.00      0.00      0.00
05:56:00 PM      eth0    283.00    366.00     80.01    156.94      0.00      0.00      0.00
05:56:01 PM      eth0    212.00    283.00     52.35    132.64      0.00      0.00      0.00
05:56:02 PM      eth0    407.00    562.00    103.40    245.70      0.00      0.00      0.00
05:56:03 PM      eth0    103.00    131.00     32.12     48.95      0.00      0.00      0.00
05:56:04 PM      eth0    118.00    153.00     27.43     65.16      0.00      0.00      0.00
05:56:05 PM      eth0     97.00    112.00     30.98     35.12      0.00      0.00      0.00
05:56:06 PM      eth0     18.00      6.00      7.81      0.98      0.00      0.00      0.00
05:56:07 PM      eth0     45.00     40.00     15.08     12.17      0.00      0.00      0.00
05:56:08 PM      eth0     98.00    112.00     31.66     35.21      0.00      0.00      0.00
05:56:09 PM      eth0     20.00     13.00      8.22      3.24      0.00      0.00      0.00
05:56:10 PM      eth0     72.00     80.00     23.01     23.87      0.00      0.00      0.00
05:56:11 PM      eth0     71.00     76.00     21.76     23.59      0.00      0.00      0.00
05:56:12 PM      eth0     42.00     41.00     13.74     12.14      0.00      0.00      0.00
05:56:13 PM      eth0     73.00     78.00     22.55     23.82      0.00      0.00      0.00
05:56:14 PM      eth0     43.00     47.00     11.59     14.42      0.00      0.00      0.00
05:56:15 PM      eth0     56.00     61.00     17.50     18.88      0.00      0.00      0.00
05:56:16 PM      eth0     52.00     53.00     15.36     16.57      0.00      0.00      0.00
05:56:17 PM      eth0     40.00     36.00     11.74     11.72      0.00      0.00      0.00
05:56:18 PM      eth0     12.00      3.00      4.08      0.49      0.00      0.00      0.00
05:56:19 PM      eth0     11.00      3.00      4.02      0.49      0.00      0.00      0.00
05:56:20 PM      eth0     10.00      3.00      3.96      0.49      0.00      0.00      0.00
05:56:21 PM      eth0     12.00      3.00      4.36      0.49      0.00      0.00      0.00
05:56:22 PM      eth0      8.00      2.00      2.72      0.33      0.00      0.00      0.00
05:56:23 PM      eth0     22.00     17.00      9.85      2.11      0.00      0.00      0.00
05:56:24 PM      eth0     68.00     68.00     23.46     19.10      0.00      0.00      0.00
05:56:25 PM      eth0    154.00    173.00     66.58     48.91      0.00      0.00      0.00
05:56:26 PM      eth0     13.00      3.00      4.42      0.49      0.00      0.00      0.00
05:56:27 PM      eth0     43.00     42.00      9.76     12.67      0.00      0.00      0.00
05:56:28 PM      eth0     38.00     35.00     16.89     16.07      0.00      0.00      0.00
05:56:29 PM      eth0     11.00      3.00      4.02      0.49      0.00      0.00      0.00
05:56:30 PM      eth0     10.00      2.00      3.11      0.33      0.00      0.00      0.00
05:56:31 PM      eth0     12.00      4.00      4.76      0.65      0.00      0.00      0.00
05:56:32 PM      eth0     15.00      6.00      6.18      0.98      0.00      0.00      0.00
05:56:33 PM      eth0     13.00      4.00      5.18      0.65      0.00      0.00      0.00
05:56:34 PM      eth0     23.00     17.00      7.21      3.88      0.00      0.00      0.00
05:56:35 PM      eth0     20.00      8.00      8.24      1.30      0.00      0.00      0.00
05:56:36 PM      eth0     14.00      4.00      5.52      0.65      0.00      0.00      0.00
05:56:37 PM      eth0     19.00      8.00      7.30      1.30      0.00      0.00      0.00
05:56:38 PM      eth0     20.00      8.00      8.24      1.30      0.00      0.00      0.00
05:56:39 PM      eth0     41.00     18.00     20.73      2.94      0.00      0.00      0.00
05:56:40 PM      eth0     34.00     20.00     14.83      4.21      0.00      0.00      0.00
05:56:41 PM      eth0     43.00     19.00     21.98      3.10      0.00      0.00      0.00
05:56:42 PM      eth0     36.00     16.00     18.64      2.61      0.00      0.00      0.00
05:56:43 PM      eth0     39.00     18.00     22.37      2.94      0.00      0.00      0.00
05:56:44 PM      eth0     38.00     23.00     17.61      4.86      0.00      0.00      0.00
05:56:45 PM      eth0     19.00      7.00      8.93      1.14      0.00      0.00      0.00
05:56:46 PM      eth0     18.00     13.00      4.01      2.91      0.00      0.00      0.00
