              total        used        free      shared  buff/cache   available
Mem:          48114        3181       38770        2385        6162       41888
Swap:         24191           0       24191
Total:        72306        3181       62962

              total        used        free      shared  buff/cache   available
Mem:          48114        3182       38769        2385        6162       41887
Swap:         24191           0       24191
Total:        72306        3182       62961

              total        used        free      shared  buff/cache   available
Mem:          48114        3186       38765        2385        6162       41883
Swap:         24191           0       24191
Total:        72306        3186       62957

              total        used        free      shared  buff/cache   available
Mem:          48114        3186       38765        2385        6162       41883
Swap:         24191           0       24191
Total:        72306        3186       62957

              total        used        free      shared  buff/cache   available
Mem:          48114        3194       38757        2385        6162       41875
Swap:         24191           0       24191
Total:        72306        3194       62949

              total        used        free      shared  buff/cache   available
Mem:          48114        3209       38741        2385        6162       41860
Swap:         24191           0       24191
Total:        72306        3209       62933

              total        used        free      shared  buff/cache   available
Mem:          48114        3223       38728        2385        6162       41846
Swap:         24191           0       24191
Total:        72306        3223       62920

              total        used        free      shared  buff/cache   available
Mem:          48114        3231       38720        2385        6162       41838
Swap:         24191           0       24191
Total:        72306        3231       62912

              total        used        free      shared  buff/cache   available
Mem:          48114        3234       38717        2385        6162       41835
Swap:         24191           0       24191
Total:        72306        3234       62909

              total        used        free      shared  buff/cache   available
Mem:          48114        3242       38708        2385        6162       41827
Swap:         24191           0       24191
Total:        72306        3242       62900

              total        used        free      shared  buff/cache   available
Mem:          48114        3244       38706        2385        6162       41824
Swap:         24191           0       24191
Total:        72306        3244       62898

              total        used        free      shared  buff/cache   available
Mem:          48114        3251       38699        2385        6162       41818
Swap:         24191           0       24191
Total:        72306        3251       62891

              total        used        free      shared  buff/cache   available
Mem:          48114        3252       38699        2385        6163       41817
Swap:         24191           0       24191
Total:        72306        3252       62891

              total        used        free      shared  buff/cache   available
Mem:          48114        3253       38697        2385        6163       41816
Swap:         24191           0       24191
Total:        72306        3253       62889

              total        used        free      shared  buff/cache   available
Mem:          48114        3255       38695        2385        6163       41814
Swap:         24191           0       24191
Total:        72306        3255       62887

              total        used        free      shared  buff/cache   available
Mem:          48114        3256       38694        2385        6163       41813
Swap:         24191           0       24191
Total:        72306        3256       62886

              total        used        free      shared  buff/cache   available
Mem:          48114        3261       38689        2385        6163       41808
Swap:         24191           0       24191
Total:        72306        3261       62881

              total        used        free      shared  buff/cache   available
Mem:          48114        3254       38696        2385        6163       41815
Swap:         24191           0       24191
Total:        72306        3254       62887

              total        used        free      shared  buff/cache   available
Mem:          48114        3261       38688        2385        6163       41807
Swap:         24191           0       24191
Total:        72306        3261       62880

              total        used        free      shared  buff/cache   available
Mem:          48114        3262       38688        2385        6163       41807
Swap:         24191           0       24191
Total:        72306        3262       62880

              total        used        free      shared  buff/cache   available
Mem:          48114        3258       38691        2385        6163       41810
Swap:         24191           0       24191
Total:        72306        3258       62883

              total        used        free      shared  buff/cache   available
Mem:          48114        3262       38688        2385        6163       41807
Swap:         24191           0       24191
Total:        72306        3262       62880

              total        used        free      shared  buff/cache   available
Mem:          48114        3261       38689        2385        6163       41808
Swap:         24191           0       24191
Total:        72306        3261       62881

              total        used        free      shared  buff/cache   available
Mem:          48114        3257       38692        2385        6164       41812
Swap:         24191           0       24191
Total:        72306        3257       62884

              total        used        free      shared  buff/cache   available
Mem:          48114        3259       38690        2385        6164       41810
Swap:         24191           0       24191
Total:        72306        3259       62882

              total        used        free      shared  buff/cache   available
Mem:          48114        3257       38692        2385        6164       41812
Swap:         24191           0       24191
Total:        72306        3257       62884

              total        used        free      shared  buff/cache   available
Mem:          48114        3258       38691        2385        6164       41811
Swap:         24191           0       24191
Total:        72306        3258       62883

              total        used        free      shared  buff/cache   available
Mem:          48114        3255       38694        2385        6164       41814
Swap:         24191           0       24191
Total:        72306        3255       62886

              total        used        free      shared  buff/cache   available
Mem:          48114        3256       38693        2385        6164       41813
Swap:         24191           0       24191
Total:        72306        3256       62885

              total        used        free      shared  buff/cache   available
Mem:          48114        3256       38693        2385        6164       41813
Swap:         24191           0       24191
Total:        72306        3256       62885

              total        used        free      shared  buff/cache   available
Mem:          48114        3256       38693        2385        6164       41813
Swap:         24191           0       24191
Total:        72306        3256       62885

              total        used        free      shared  buff/cache   available
Mem:          48114        3250       38698        2385        6164       41818
Swap:         24191           0       24191
Total:        72306        3250       62890

              total        used        free      shared  buff/cache   available
Mem:          48114        3252       38697        2385        6164       41817
Swap:         24191           0       24191
Total:        72306        3252       62889

              total        used        free      shared  buff/cache   available
Mem:          48114        3253       38695        2385        6164       41816
Swap:         24191           0       24191
Total:        72306        3253       62887

              total        used        free      shared  buff/cache   available
Mem:          48114        3253       38696        2385        6164       41816
Swap:         24191           0       24191
Total:        72306        3253       62888

              total        used        free      shared  buff/cache   available
Mem:          48114        3250       38698        2385        6164       41819
Swap:         24191           0       24191
Total:        72306        3250       62890

              total        used        free      shared  buff/cache   available
Mem:          48114        3249       38699        2385        6164       41820
Swap:         24191           0       24191
Total:        72306        3249       62891

              total        used        free      shared  buff/cache   available
Mem:          48114        3252       38696        2385        6165       41817
Swap:         24191           0       24191
Total:        72306        3252       62888

              total        used        free      shared  buff/cache   available
Mem:          48114        3249       38699        2385        6165       41820
Swap:         24191           0       24191
Total:        72306        3249       62891

              total        used        free      shared  buff/cache   available
Mem:          48114        3249       38699        2385        6165       41820
Swap:         24191           0       24191
Total:        72306        3249       62891

              total        used        free      shared  buff/cache   available
Mem:          48114        3250       38698        2385        6165       41819
Swap:         24191           0       24191
Total:        72306        3250       62890

              total        used        free      shared  buff/cache   available
Mem:          48114        3247       38701        2385        6165       41822
Swap:         24191           0       24191
Total:        72306        3247       62893

              total        used        free      shared  buff/cache   available
Mem:          48114        3251       38697        2385        6165       41818
Swap:         24191           0       24191
Total:        72306        3251       62889

              total        used        free      shared  buff/cache   available
Mem:          48114        3251       38697        2385        6165       41818
Swap:         24191           0       24191
Total:        72306        3251       62889

              total        used        free      shared  buff/cache   available
Mem:          48114        3255       38692        2385        6165       41814
Swap:         24191           0       24191
Total:        72306        3255       62884

              total        used        free      shared  buff/cache   available
Mem:          48114        3250       38698        2385        6165       41819
Swap:         24191           0       24191
Total:        72306        3250       62890

              total        used        free      shared  buff/cache   available
Mem:          48114        3252       38695        2385        6165       41816
Swap:         24191           0       24191
Total:        72306        3252       62887

              total        used        free      shared  buff/cache   available
Mem:          48114        3248       38699        2385        6165       41821
Swap:         24191           0       24191
Total:        72306        3248       62891

              total        used        free      shared  buff/cache   available
Mem:          48114        3250       38697        2385        6166       41819
Swap:         24191           0       24191
Total:        72306        3250       62889

              total        used        free      shared  buff/cache   available
Mem:          48114        3250       38697        2385        6166       41819
Swap:         24191           0       24191
Total:        72306        3250       62889

              total        used        free      shared  buff/cache   available
Mem:          48114        3250       38697        2385        6166       41819
Swap:         24191           0       24191
Total:        72306        3250       62889

              total        used        free      shared  buff/cache   available
Mem:          48114        3252       38695        2385        6166       41817
Swap:         24191           0       24191
Total:        72306        3252       62887

              total        used        free      shared  buff/cache   available
Mem:          48114        3250       38697        2385        6166       41818
Swap:         24191           0       24191
Total:        72306        3250       62889

              total        used        free      shared  buff/cache   available
Mem:          48114        3249       38698        2385        6166       41820
Swap:         24191           0       24191
Total:        72306        3249       62890

              total        used        free      shared  buff/cache   available
Mem:          48114        3250       38697        2385        6166       41819
Swap:         24191           0       24191
Total:        72306        3250       62889

              total        used        free      shared  buff/cache   available
Mem:          48114        3252       38694        2385        6166       41816
Swap:         24191           0       24191
Total:        72306        3252       62886

              total        used        free      shared  buff/cache   available
Mem:          48114        3246       38700        2385        6166       41822
Swap:         24191           0       24191
Total:        72306        3246       62892

              total        used        free      shared  buff/cache   available
Mem:          48114        3251       38696        2385        6166       41818
Swap:         24191           0       24191
Total:        72306        3251       62888

              total        used        free      shared  buff/cache   available
Mem:          48114        3252       38695        2385        6166       41817
Swap:         24191           0       24191
Total:        72306        3252       62887

              total        used        free      shared  buff/cache   available
Mem:          48114        3249       38697        2385        6166       41820
Swap:         24191           0       24191
Total:        72306        3249       62889

              total        used        free      shared  buff/cache   available
Mem:          48114        3249       38698        2385        6166       41820
Swap:         24191           0       24191
Total:        72306        3249       62890

              total        used        free      shared  buff/cache   available
Mem:          48114        3250       38696        2385        6167       41819
Swap:         24191           0       24191
Total:        72306        3250       62888

              total        used        free      shared  buff/cache   available
Mem:          48114        3249       38697        2385        6167       41820
Swap:         24191           0       24191
Total:        72306        3249       62889

              total        used        free      shared  buff/cache   available
Mem:          48114        3249       38697        2385        6167       41820
Swap:         24191           0       24191
Total:        72306        3249       62889

              total        used        free      shared  buff/cache   available
Mem:          48114        3249       38697        2385        6167       41820
Swap:         24191           0       24191
Total:        72306        3249       62889

              total        used        free      shared  buff/cache   available
Mem:          48114        3252       38694        2385        6167       41817
Swap:         24191           0       24191
Total:        72306        3252       62886

              total        used        free      shared  buff/cache   available
Mem:          48114        3249       38697        2385        6167       41820
Swap:         24191           0       24191
Total:        72306        3249       62889

              total        used        free      shared  buff/cache   available
Mem:          48114        3250       38696        2385        6167       41819
Swap:         24191           0       24191
Total:        72306        3250       62888

              total        used        free      shared  buff/cache   available
Mem:          48114        3250       38695        2385        6167       41819
Swap:         24191           0       24191
Total:        72306        3250       62887

              total        used        free      shared  buff/cache   available
Mem:          48114        3249       38697        2385        6167       41820
Swap:         24191           0       24191
Total:        72306        3249       62889

              total        used        free      shared  buff/cache   available
Mem:          48114        3249       38696        2385        6167       41820
Swap:         24191           0       24191
Total:        72306        3249       62888

              total        used        free      shared  buff/cache   available
Mem:          48114        3247       38698        2385        6167       41822
Swap:         24191           0       24191
Total:        72306        3247       62890

              total        used        free      shared  buff/cache   available
Mem:          48114        3250       38695        2385        6167       41819
Swap:         24191           0       24191
Total:        72306        3250       62887

              total        used        free      shared  buff/cache   available
Mem:          48114        3250       38695        2385        6167       41819
Swap:         24191           0       24191
Total:        72306        3250       62887

              total        used        free      shared  buff/cache   available
Mem:          48114        3248       38697        2385        6168       41821
Swap:         24191           0       24191
Total:        72306        3248       62889

              total        used        free      shared  buff/cache   available
Mem:          48114        3248       38697        2385        6168       41821
Swap:         24191           0       24191
Total:        72306        3248       62889

              total        used        free      shared  buff/cache   available
Mem:          48114        3249       38696        2385        6168       41820
Swap:         24191           0       24191
Total:        72306        3249       62888

              total        used        free      shared  buff/cache   available
Mem:          48114        3247       38698        2385        6168       41822
Swap:         24191           0       24191
Total:        72306        3247       62890

              total        used        free      shared  buff/cache   available
Mem:          48114        3249       38696        2385        6168       41820
Swap:         24191           0       24191
Total:        72306        3249       62888

              total        used        free      shared  buff/cache   available
Mem:          48114        3249       38695        2385        6168       41819
Swap:         24191           0       24191
Total:        72306        3249       62887

              total        used        free      shared  buff/cache   available
Mem:          48114        3249       38696        2385        6168       41820
Swap:         24191           0       24191
Total:        72306        3249       62888

              total        used        free      shared  buff/cache   available
Mem:          48114        3252       38693        2385        6168       41817
Swap:         24191           0       24191
Total:        72306        3252       62885

              total        used        free      shared  buff/cache   available
Mem:          48114        3252       38693        2385        6168       41817
Swap:         24191           0       24191
Total:        72306        3252       62885

              total        used        free      shared  buff/cache   available
Mem:          48114        3248       38696        2385        6168       41821
Swap:         24191           0       24191
Total:        72306        3248       62888

              total        used        free      shared  buff/cache   available
Mem:          48114        3250       38694        2385        6168       41819
Swap:         24191           0       24191
Total:        72306        3250       62886

              total        used        free      shared  buff/cache   available
Mem:          48114        3246       38699        2385        6168       41823
Swap:         24191           0       24191
Total:        72306        3246       62891

              total        used        free      shared  buff/cache   available
Mem:          48114        3248       38696        2385        6168       41821
Swap:         24191           0       24191
Total:        72306        3248       62888

              total        used        free      shared  buff/cache   available
Mem:          48114        3251       38694        2385        6168       41818
Swap:         24191           0       24191
Total:        72306        3251       62886

              total        used        free      shared  buff/cache   available
Mem:          48114        3248       38696        2385        6169       41821
Swap:         24191           0       24191
Total:        72306        3248       62888

              total        used        free      shared  buff/cache   available
Mem:          48114        3250       38694        2385        6169       41819
Swap:         24191           0       24191
Total:        72306        3250       62886

              total        used        free      shared  buff/cache   available
Mem:          48114        3256       38688        2385        6169       41813
Swap:         24191           0       24191
Total:        72306        3256       62880

              total        used        free      shared  buff/cache   available
Mem:          48114        3257       38687        2385        6169       41812
Swap:         24191           0       24191
Total:        72306        3257       62879

              total        used        free      shared  buff/cache   available
Mem:          48114        3258       38686        2385        6169       41811
Swap:         24191           0       24191
Total:        72306        3258       62878

              total        used        free      shared  buff/cache   available
Mem:          48114        3257       38687        2385        6169       41812
Swap:         24191           0       24191
Total:        72306        3257       62879

              total        used        free      shared  buff/cache   available
Mem:          48114        3254       38690        2385        6169       41815
Swap:         24191           0       24191
Total:        72306        3254       62882

              total        used        free      shared  buff/cache   available
Mem:          48114        3255       38689        2385        6169       41814
Swap:         24191           0       24191
Total:        72306        3255       62881

              total        used        free      shared  buff/cache   available
Mem:          48114        3257       38687        2385        6169       41812
Swap:         24191           0       24191
Total:        72306        3257       62879

              total        used        free      shared  buff/cache   available
Mem:          48114        3253       38690        2385        6169       41816
Swap:         24191           0       24191
Total:        72306        3253       62882

              total        used        free      shared  buff/cache   available
Mem:          48114        3255       38688        2385        6169       41814
Swap:         24191           0       24191
Total:        72306        3255       62880

              total        used        free      shared  buff/cache   available
Mem:          48114        3255       38688        2385        6170       41814
Swap:         24191           0       24191
Total:        72306        3255       62880

              total        used        free      shared  buff/cache   available
Mem:          48114        3253       38690        2385        6170       41815
Swap:         24191           0       24191
Total:        72306        3253       62882

              total        used        free      shared  buff/cache   available
Mem:          48114        3253       38690        2385        6170       41816
Swap:         24191           0       24191
Total:        72306        3253       62882

              total        used        free      shared  buff/cache   available
Mem:          48114        3252       38691        2385        6170       41816
Swap:         24191           0       24191
Total:        72306        3252       62883

              total        used        free      shared  buff/cache   available
Mem:          48114        3252       38691        2385        6170       41817
Swap:         24191           0       24191
Total:        72306        3252       62883

              total        used        free      shared  buff/cache   available
Mem:          48114        3252       38690        2385        6170       41816
Swap:         24191           0       24191
Total:        72306        3252       62882

              total        used        free      shared  buff/cache   available
Mem:          48114        3252       38691        2385        6170       41817
Swap:         24191           0       24191
Total:        72306        3252       62883

              total        used        free      shared  buff/cache   available
Mem:          48114        3249       38693        2385        6170       41819
Swap:         24191           0       24191
Total:        72306        3249       62885

              total        used        free      shared  buff/cache   available
Mem:          48114        3250       38692        2385        6170       41818
Swap:         24191           0       24191
Total:        72306        3250       62884

              total        used        free      shared  buff/cache   available
Mem:          48114        3251       38692        2385        6170       41818
Swap:         24191           0       24191
Total:        72306        3251       62884

              total        used        free      shared  buff/cache   available
Mem:          48114        3248       38694        2385        6170       41821
Swap:         24191           0       24191
Total:        72306        3248       62886

              total        used        free      shared  buff/cache   available
Mem:          48114        3253       38689        2385        6170       41816
Swap:         24191           0       24191
Total:        72306        3253       62881

              total        used        free      shared  buff/cache   available
Mem:          48114        3254       38689        2385        6170       41815
Swap:         24191           0       24191
Total:        72306        3254       62881

              total        used        free      shared  buff/cache   available
Mem:          48114        3254       38688        2385        6170       41815
Swap:         24191           0       24191
Total:        72306        3254       62880

              total        used        free      shared  buff/cache   available
Mem:          48114        3253       38689        2385        6171       41816
Swap:         24191           0       24191
Total:        72306        3253       62881

              total        used        free      shared  buff/cache   available
Mem:          48114        3249       38693        2385        6171       41820
Swap:         24191           0       24191
Total:        72306        3249       62885

              total        used        free      shared  buff/cache   available
Mem:          48114        3250       38692        2385        6171       41819
Swap:         24191           0       24191
Total:        72306        3250       62884

              total        used        free      shared  buff/cache   available
Mem:          48114        3251       38691        2385        6171       41818
Swap:         24191           0       24191
Total:        72306        3251       62883

              total        used        free      shared  buff/cache   available
Mem:          48114        3247       38694        2385        6171       41822
Swap:         24191           0       24191
Total:        72306        3247       62886

              total        used        free      shared  buff/cache   available
Mem:          48114        3249       38693        2385        6171       41820
Swap:         24191           0       24191
Total:        72306        3249       62885

              total        used        free      shared  buff/cache   available
Mem:          48114        3247       38695        2385        6171       41822
Swap:         24191           0       24191
Total:        72306        3247       62887

              total        used        free      shared  buff/cache   available
Mem:          48114        3250       38691        2385        6171       41819
Swap:         24191           0       24191
Total:        72306        3250       62883

              total        used        free      shared  buff/cache   available
Mem:          48114        3253       38688        2385        6171       41816
Swap:         24191           0       24191
Total:        72306        3253       62880

              total        used        free      shared  buff/cache   available
Mem:          48114        3251       38691        2385        6171       41818
Swap:         24191           0       24191
Total:        72306        3251       62883

              total        used        free      shared  buff/cache   available
Mem:          48114        3249       38692        2385        6172       41820
Swap:         24191           0       24191
Total:        72306        3249       62884

              total        used        free      shared  buff/cache   available
Mem:          48114        3252       38689        2385        6172       41817
Swap:         24191           0       24191
Total:        72306        3252       62881

              total        used        free      shared  buff/cache   available
Mem:          48114        3251       38690        2385        6172       41818
Swap:         24191           0       24191
Total:        72306        3251       62882

              total        used        free      shared  buff/cache   available
Mem:          48114        3250       38691        2385        6172       41819
Swap:         24191           0       24191
Total:        72306        3250       62883

              total        used        free      shared  buff/cache   available
Mem:          48114        3250       38691        2385        6172       41818
Swap:         24191           0       24191
Total:        72306        3250       62883

              total        used        free      shared  buff/cache   available
Mem:          48114        3249       38692        2385        6172       41820
Swap:         24191           0       24191
Total:        72306        3249       62884

              total        used        free      shared  buff/cache   available
Mem:          48114        3246       38695        2385        6172       41823
Swap:         24191           0       24191
Total:        72306        3246       62887

              total        used        free      shared  buff/cache   available
Mem:          48114        3251       38690        2385        6172       41818
Swap:         24191           0       24191
Total:        72306        3251       62882

              total        used        free      shared  buff/cache   available
Mem:          48114        3250       38691        2385        6172       41819
Swap:         24191           0       24191
Total:        72306        3250       62883

              total        used        free      shared  buff/cache   available
Mem:          48114        3248       38692        2385        6172       41821
Swap:         24191           0       24191
Total:        72306        3248       62884

              total        used        free      shared  buff/cache   available
Mem:          48114        3251       38690        2385        6172       41818
Swap:         24191           0       24191
Total:        72306        3251       62882

              total        used        free      shared  buff/cache   available
Mem:          48114        3252       38689        2385        6172       41817
Swap:         24191           0       24191
Total:        72306        3252       62881

              total        used        free      shared  buff/cache   available
Mem:          48114        3251       38689        2385        6172       41817
Swap:         24191           0       24191
Total:        72306        3251       62881

              total        used        free      shared  buff/cache   available
Mem:          48114        3249       38691        2385        6172       41820
Swap:         24191           0       24191
Total:        72306        3249       62883

              total        used        free      shared  buff/cache   available
Mem:          48114        3248       38692        2385        6172       41821
Swap:         24191           0       24191
Total:        72306        3248       62884

              total        used        free      shared  buff/cache   available
Mem:          48114        3249       38692        2385        6173       41820
Swap:         24191           0       24191
Total:        72306        3249       62884

              total        used        free      shared  buff/cache   available
Mem:          48114        3251       38689        2385        6173       41818
Swap:         24191           0       24191
Total:        72306        3251       62881

              total        used        free      shared  buff/cache   available
Mem:          48114        3250       38690        2385        6173       41819
Swap:         24191           0       24191
Total:        72306        3250       62882

              total        used        free      shared  buff/cache   available
Mem:          48114        3253       38687        2385        6173       41816
Swap:         24191           0       24191
Total:        72306        3253       62879

              total        used        free      shared  buff/cache   available
Mem:          48114        3251       38689        2385        6173       41819
Swap:         24191           0       24191
Total:        72306        3251       62881

              total        used        free      shared  buff/cache   available
Mem:          48114        3249       38691        2385        6173       41820
Swap:         24191           0       24191
Total:        72306        3249       62883

              total        used        free      shared  buff/cache   available
Mem:          48114        3250       38690        2385        6173       41819
Swap:         24191           0       24191
Total:        72306        3250       62882

              total        used        free      shared  buff/cache   available
Mem:          48114        3251       38689        2385        6173       41818
Swap:         24191           0       24191
Total:        72306        3251       62881

              total        used        free      shared  buff/cache   available
Mem:          48114        3249       38691        2385        6173       41820
Swap:         24191           0       24191
Total:        72306        3249       62883

              total        used        free      shared  buff/cache   available
Mem:          48114        3250       38690        2385        6173       41819
Swap:         24191           0       24191
Total:        72306        3250       62882

              total        used        free      shared  buff/cache   available
Mem:          48114        3250       38689        2385        6173       41819
Swap:         24191           0       24191
Total:        72306        3250       62881

              total        used        free      shared  buff/cache   available
Mem:          48114        3252       38687        2385        6173       41817
Swap:         24191           0       24191
Total:        72306        3252       62879

              total        used        free      shared  buff/cache   available
Mem:          48114        3251       38688        2385        6173       41818
Swap:         24191           0       24191
Total:        72306        3251       62880

              total        used        free      shared  buff/cache   available
Mem:          48114        3250       38690        2385        6173       41819
Swap:         24191           0       24191
Total:        72306        3250       62882

              total        used        free      shared  buff/cache   available
Mem:          48114        3248       38691        2385        6174       41821
Swap:         24191           0       24191
Total:        72306        3248       62883

              total        used        free      shared  buff/cache   available
Mem:          48114        3247       38692        2385        6174       41821
Swap:         24191           0       24191
Total:        72306        3247       62884

              total        used        free      shared  buff/cache   available
Mem:          48114        3248       38690        2385        6174       41820
Swap:         24191           0       24191
Total:        72306        3248       62882

              total        used        free      shared  buff/cache   available
Mem:          48114        3250       38689        2385        6174       41819
Swap:         24191           0       24191
Total:        72306        3250       62881

              total        used        free      shared  buff/cache   available
Mem:          48114        3250       38688        2385        6174       41819
Swap:         24191           0       24191
Total:        72306        3250       62880

              total        used        free      shared  buff/cache   available
Mem:          48114        3251       38688        2385        6174       41818
Swap:         24191           0       24191
Total:        72306        3251       62880

              total        used        free      shared  buff/cache   available
Mem:          48114        3250       38689        2385        6174       41819
Swap:         24191           0       24191
Total:        72306        3250       62881

              total        used        free      shared  buff/cache   available
Mem:          48114        3250       38689        2385        6174       41819
Swap:         24191           0       24191
Total:        72306        3250       62881

              total        used        free      shared  buff/cache   available
Mem:          48114        3250       38688        2385        6174       41819
Swap:         24191           0       24191
Total:        72306        3250       62880

              total        used        free      shared  buff/cache   available
Mem:          48114        3252       38687        2385        6174       41817
Swap:         24191           0       24191
Total:        72306        3252       62879

              total        used        free      shared  buff/cache   available
Mem:          48114        3252       38686        2385        6174       41817
Swap:         24191           0       24191
Total:        72306        3252       62878

              total        used        free      shared  buff/cache   available
Mem:          48114        3248       38690        2385        6175       41821
Swap:         24191           0       24191
Total:        72306        3248       62882

              total        used        free      shared  buff/cache   available
Mem:          48114        3248       38690        2385        6175       41820
Swap:         24191           0       24191
Total:        72306        3248       62882

              total        used        free      shared  buff/cache   available
Mem:          48114        3249       38689        2385        6175       41820
Swap:         24191           0       24191
Total:        72306        3249       62881

              total        used        free      shared  buff/cache   available
Mem:          48114        3249       38689        2385        6175       41819
Swap:         24191           0       24191
Total:        72306        3249       62880

              total        used        free      shared  buff/cache   available
Mem:          48114        3246       38692        2385        6175       41823
Swap:         24191           0       24191
Total:        72306        3246       62884

              total        used        free      shared  buff/cache   available
Mem:          48114        3248       38689        2385        6175       41820
Swap:         24191           0       24191
Total:        72306        3248       62881

              total        used        free      shared  buff/cache   available
Mem:          48114        3249       38689        2385        6175       41820
Swap:         24191           0       24191
Total:        72306        3249       62881

              total        used        free      shared  buff/cache   available
Mem:          48114        3249       38688        2385        6175       41820
Swap:         24191           0       24191
Total:        72306        3249       62880

              total        used        free      shared  buff/cache   available
Mem:          48114        3249       38688        2385        6175       41820
Swap:         24191           0       24191
Total:        72306        3249       62880

              total        used        free      shared  buff/cache   available
Mem:          48114        3251       38686        2385        6175       41818
Swap:         24191           0       24191
Total:        72306        3251       62878

              total        used        free      shared  buff/cache   available
Mem:          48114        3252       38686        2385        6175       41817
Swap:         24191           0       24191
Total:        72306        3252       62878

              total        used        free      shared  buff/cache   available
Mem:          48114        3249       38688        2385        6175       41820
Swap:         24191           0       24191
Total:        72306        3249       62880

              total        used        free      shared  buff/cache   available
Mem:          48114        3248       38689        2385        6176       41820
Swap:         24191           0       24191
Total:        72306        3248       62881

              total        used        free      shared  buff/cache   available
Mem:          48114        3253       38684        2385        6176       41816
Swap:         24191           0       24191
Total:        72306        3253       62876

              total        used        free      shared  buff/cache   available
Mem:          48114        3253       38684        2385        6176       41816
Swap:         24191           0       24191
Total:        72306        3253       62876

              total        used        free      shared  buff/cache   available
Mem:          48114        3252       38685        2385        6176       41817
Swap:         24191           0       24191
Total:        72306        3252       62877

              total        used        free      shared  buff/cache   available
Mem:          48114        3251       38686        2385        6176       41818
Swap:         24191           0       24191
Total:        72306        3251       62878

              total        used        free      shared  buff/cache   available
Mem:          48114        3250       38687        2385        6176       41819
Swap:         24191           0       24191
Total:        72306        3250       62879

              total        used        free      shared  buff/cache   available
Mem:          48114        3252       38685        2385        6176       41817
Swap:         24191           0       24191
Total:        72306        3252       62877

              total        used        free      shared  buff/cache   available
Mem:          48114        3252       38684        2385        6176       41817
Swap:         24191           0       24191
Total:        72306        3252       62876

              total        used        free      shared  buff/cache   available
Mem:          48114        3251       38686        2385        6176       41818
Swap:         24191           0       24191
Total:        72306        3251       62878

              total        used        free      shared  buff/cache   available
Mem:          48114        3250       38687        2385        6176       41819
Swap:         24191           0       24191
Total:        72306        3250       62879

              total        used        free      shared  buff/cache   available
Mem:          48114        3251       38685        2385        6176       41818
Swap:         24191           0       24191
Total:        72306        3251       62877

              total        used        free      shared  buff/cache   available
Mem:          48114        3253       38684        2385        6177       41816
Swap:         24191           0       24191
Total:        72306        3253       62876

              total        used        free      shared  buff/cache   available
Mem:          48114        3251       38685        2385        6177       41818
Swap:         24191           0       24191
Total:        72306        3251       62877

              total        used        free      shared  buff/cache   available
Mem:          48114        3249       38687        2385        6177       41819
Swap:         24191           0       24191
Total:        72306        3249       62879

              total        used        free      shared  buff/cache   available
Mem:          48114        3247       38689        2385        6177       41822
Swap:         24191           0       24191
Total:        72306        3247       62881

              total        used        free      shared  buff/cache   available
Mem:          48114        3253       38683        2385        6177       41816
Swap:         24191           0       24191
Total:        72306        3253       62875

              total        used        free      shared  buff/cache   available
Mem:          48114        3250       38685        2385        6177       41818
Swap:         24191           0       24191
Total:        72306        3250       62877

              total        used        free      shared  buff/cache   available
Mem:          48114        3254       38682        2385        6177       41815
Swap:         24191           0       24191
Total:        72306        3254       62874

              total        used        free      shared  buff/cache   available
Mem:          48114        3252       38683        2385        6177       41816
Swap:         24191           0       24191
Total:        72306        3252       62875

              total        used        free      shared  buff/cache   available
Mem:          48114        3253       38683        2385        6177       41816
Swap:         24191           0       24191
Total:        72306        3253       62875

              total        used        free      shared  buff/cache   available
Mem:          48114        3249       38686        2385        6177       41820
Swap:         24191           0       24191
Total:        72306        3249       62878

              total        used        free      shared  buff/cache   available
Mem:          48114        3254       38682        2385        6177       41815
Swap:         24191           0       24191
Total:        72306        3254       62874

              total        used        free      shared  buff/cache   available
Mem:          48114        3252       38683        2385        6177       41817
Swap:         24191           0       24191
Total:        72306        3252       62875

              total        used        free      shared  buff/cache   available
Mem:          48114        3251       38684        2385        6177       41818
Swap:         24191           0       24191
Total:        72306        3251       62876

              total        used        free      shared  buff/cache   available
Mem:          48114        3252       38684        2385        6178       41817
Swap:         24191           0       24191
Total:        72306        3252       62876

              total        used        free      shared  buff/cache   available
Mem:          48114        3249       38686        2385        6178       41820
Swap:         24191           0       24191
Total:        72306        3249       62878

              total        used        free      shared  buff/cache   available
Mem:          48114        3252       38683        2385        6178       41816
Swap:         24191           0       24191
Total:        72306        3252       62875

              total        used        free      shared  buff/cache   available
Mem:          48114        3251       38684        2385        6178       41817
Swap:         24191           0       24191
Total:        72306        3251       62876

              total        used        free      shared  buff/cache   available
Mem:          48114        3254       38681        2385        6178       41815
Swap:         24191           0       24191
Total:        72306        3254       62873

              total        used        free      shared  buff/cache   available
Mem:          48114        3249       38685        2385        6178       41819
Swap:         24191           0       24191
Total:        72306        3249       62877

              total        used        free      shared  buff/cache   available
Mem:          48114        3252       38683        2385        6178       41817
Swap:         24191           0       24191
Total:        72306        3252       62875

              total        used        free      shared  buff/cache   available
Mem:          48114        3250       38685        2385        6178       41819
Swap:         24191           0       24191
Total:        72306        3250       62877

              total        used        free      shared  buff/cache   available
Mem:          48114        3253       38682        2385        6178       41816
Swap:         24191           0       24191
Total:        72306        3253       62874

              total        used        free      shared  buff/cache   available
Mem:          48114        3251       38683        2385        6178       41818
Swap:         24191           0       24191
Total:        72306        3251       62875

              total        used        free      shared  buff/cache   available
Mem:          48114        3249       38685        2385        6178       41820
Swap:         24191           0       24191
Total:        72306        3249       62877

              total        used        free      shared  buff/cache   available
Mem:          48114        3251       38683        2385        6178       41818
Swap:         24191           0       24191
Total:        72306        3251       62875

              total        used        free      shared  buff/cache   available
Mem:          48114        3253       38682        2385        6178       41816
Swap:         24191           0       24191
Total:        72306        3253       62874

              total        used        free      shared  buff/cache   available
Mem:          48114        3253       38681        2385        6179       41816
Swap:         24191           0       24191
Total:        72306        3253       62873

              total        used        free      shared  buff/cache   available
Mem:          48114        3252       38682        2385        6179       41817
Swap:         24191           0       24191
Total:        72306        3252       62874

              total        used        free      shared  buff/cache   available
Mem:          48114        3251       38683        2385        6179       41818
Swap:         24191           0       24191
Total:        72306        3251       62875

              total        used        free      shared  buff/cache   available
Mem:          48114        3255       38679        2385        6179       41814
Swap:         24191           0       24191
Total:        72306        3255       62871

              total        used        free      shared  buff/cache   available
Mem:          48114        3250       38684        2385        6179       41819
Swap:         24191           0       24191
Total:        72306        3250       62876

              total        used        free      shared  buff/cache   available
Mem:          48114        3252       38682        2385        6179       41817
Swap:         24191           0       24191
Total:        72306        3252       62874

              total        used        free      shared  buff/cache   available
Mem:          48114        3253       38681        2385        6179       41816
Swap:         24191           0       24191
Total:        72306        3253       62873

              total        used        free      shared  buff/cache   available
Mem:          48114        3252       38682        2385        6179       41817
Swap:         24191           0       24191
Total:        72306        3252       62874

              total        used        free      shared  buff/cache   available
Mem:          48114        3254       38679        2385        6179       41815
Swap:         24191           0       24191
Total:        72306        3254       62871

              total        used        free      shared  buff/cache   available
Mem:          48114        3253       38681        2385        6179       41816
Swap:         24191           0       24191
Total:        72306        3253       62873

              total        used        free      shared  buff/cache   available
Mem:          48114        3255       38679        2385        6179       41814
Swap:         24191           0       24191
Total:        72306        3255       62871

              total        used        free      shared  buff/cache   available
Mem:          48114        3252       38681        2385        6179       41817
Swap:         24191           0       24191
Total:        72306        3252       62873

              total        used        free      shared  buff/cache   available
Mem:          48114        3251       38682        2385        6179       41818
Swap:         24191           0       24191
Total:        72306        3251       62874

              total        used        free      shared  buff/cache   available
Mem:          48114        3250       38683        2385        6180       41819
Swap:         24191           0       24191
Total:        72306        3250       62875

              total        used        free      shared  buff/cache   available
Mem:          48114        3251       38683        2385        6180       41818
Swap:         24191           0       24191
Total:        72306        3251       62875

              total        used        free      shared  buff/cache   available
Mem:          48114        3249       38684        2385        6180       41819
Swap:         24191           0       24191
Total:        72306        3249       62876

              total        used        free      shared  buff/cache   available
Mem:          48114        3250       38683        2385        6180       41819
Swap:         24191           0       24191
Total:        72306        3250       62875

              total        used        free      shared  buff/cache   available
Mem:          48114        3249       38684        2385        6180       41820
Swap:         24191           0       24191
Total:        72306        3249       62876

              total        used        free      shared  buff/cache   available
Mem:          48114        3255       38678        2385        6180       41814
Swap:         24191           0       24191
Total:        72306        3255       62870

              total        used        free      shared  buff/cache   available
Mem:          48114        3250       38683        2385        6180       41820
Swap:         24191           0       24191
Total:        72306        3250       62875

              total        used        free      shared  buff/cache   available
Mem:          48114        3251       38682        2385        6180       41818
Swap:         24191           0       24191
Total:        72306        3251       62874

              total        used        free      shared  buff/cache   available
Mem:          48114        3251       38682        2385        6180       41819
Swap:         24191           0       24191
Total:        72306        3251       62874

              total        used        free      shared  buff/cache   available
Mem:          48114        3253       38679        2385        6180       41816
Swap:         24191           0       24191
Total:        72306        3253       62871

              total        used        free      shared  buff/cache   available
Mem:          48114        3250       38683        2385        6180       41819
Swap:         24191           0       24191
Total:        72306        3250       62875

              total        used        free      shared  buff/cache   available
Mem:          48114        3245       38687        2385        6180       41824
Swap:         24191           0       24191
Total:        72306        3245       62879

              total        used        free      shared  buff/cache   available
Mem:          48114        3249       38684        2385        6180       41820
Swap:         24191           0       24191
Total:        72306        3249       62876

              total        used        free      shared  buff/cache   available
Mem:          48114        3247       38686        2385        6181       41822
Swap:         24191           0       24191
Total:        72306        3247       62878

              total        used        free      shared  buff/cache   available
Mem:          48114        3248       38684        2385        6181       41821
Swap:         24191           0       24191
Total:        72306        3248       62876

              total        used        free      shared  buff/cache   available
Mem:          48114        3247       38685        2385        6181       41822
Swap:         24191           0       24191
Total:        72306        3247       62877

              total        used        free      shared  buff/cache   available
Mem:          48114        3247       38685        2385        6181       41822
Swap:         24191           0       24191
Total:        72306        3247       62877

              total        used        free      shared  buff/cache   available
Mem:          48114        3246       38686        2385        6181       41823
Swap:         24191           0       24191
Total:        72306        3246       62878

              total        used        free      shared  buff/cache   available
Mem:          48114        3245       38686        2385        6181       41823
Swap:         24191           0       24191
Total:        72306        3245       62878

              total        used        free      shared  buff/cache   available
Mem:          48114        3245       38687        2385        6181       41824
Swap:         24191           0       24191
Total:        72306        3245       62879

              total        used        free      shared  buff/cache   available
Mem:          48114        3245       38687        2385        6181       41824
Swap:         24191           0       24191
Total:        72306        3245       62879

              total        used        free      shared  buff/cache   available
Mem:          48114        3246       38686        2385        6181       41823
Swap:         24191           0       24191
Total:        72306        3246       62878

              total        used        free      shared  buff/cache   available
Mem:          48114        3249       38683        2385        6181       41820
Swap:         24191           0       24191
Total:        72306        3249       62875

              total        used        free      shared  buff/cache   available
Mem:          48114        3250       38682        2385        6181       41820
Swap:         24191           0       24191
Total:        72306        3250       62874

              total        used        free      shared  buff/cache   available
Mem:          48114        3248       38684        2385        6181       41822
Swap:         24191           0       24191
Total:        72306        3248       62876

              total        used        free      shared  buff/cache   available
Mem:          48114        3247       38684        2385        6181       41822
Swap:         24191           0       24191
Total:        72306        3247       62876

              total        used        free      shared  buff/cache   available
Mem:          48114        3247       38685        2385        6181       41822
Swap:         24191           0       24191
Total:        72306        3247       62877

              total        used        free      shared  buff/cache   available
Mem:          48114        3250       38681        2385        6181       41819
Swap:         24191           0       24191
Total:        72306        3250       62873

              total        used        free      shared  buff/cache   available
Mem:          48114        3249       38682        2385        6182       41820
Swap:         24191           0       24191
Total:        72306        3249       62874

              total        used        free      shared  buff/cache   available
Mem:          48114        3247       38684        2385        6181       41822
Swap:         24191           0       24191
Total:        72306        3247       62876

              total        used        free      shared  buff/cache   available
Mem:          48114        3246       38685        2385        6182       41823
Swap:         24191           0       24191
Total:        72306        3246       62877

              total        used        free      shared  buff/cache   available
Mem:          48114        3245       38686        2385        6182       41824
Swap:         24191           0       24191
Total:        72306        3245       62878

              total        used        free      shared  buff/cache   available
Mem:          48114        3246       38685        2385        6182       41823
Swap:         24191           0       24191
Total:        72306        3246       62877

              total        used        free      shared  buff/cache   available
Mem:          48114        3247       38684        2385        6182       41822
Swap:         24191           0       24191
Total:        72306        3247       62876

              total        used        free      shared  buff/cache   available
Mem:          48114        3247       38683        2385        6182       41822
Swap:         24191           0       24191
Total:        72306        3247       62875

              total        used        free      shared  buff/cache   available
Mem:          48114        3248       38683        2385        6182       41821
Swap:         24191           0       24191
Total:        72306        3248       62875

              total        used        free      shared  buff/cache   available
Mem:          48114        3250       38681        2385        6182       41819
Swap:         24191           0       24191
Total:        72306        3250       62873

              total        used        free      shared  buff/cache   available
Mem:          48114        3249       38682        2385        6182       41821
Swap:         24191           0       24191
Total:        72306        3249       62874

              total        used        free      shared  buff/cache   available
Mem:          48114        3247       38683        2385        6182       41822
Swap:         24191           0       24191
Total:        72306        3247       62875

              total        used        free      shared  buff/cache   available
Mem:          48114        3248       38682        2385        6182       41821
Swap:         24191           0       24191
Total:        72306        3248       62874

              total        used        free      shared  buff/cache   available
Mem:          48114        3248       38682        2385        6183       41821
Swap:         24191           0       24191
Total:        72306        3248       62874

              total        used        free      shared  buff/cache   available
Mem:          48114        3247       38683        2385        6183       41822
Swap:         24191           0       24191
Total:        72306        3247       62875

              total        used        free      shared  buff/cache   available
Mem:          48114        3246       38684        2385        6183       41823
Swap:         24191           0       24191
Total:        72306        3246       62876

              total        used        free      shared  buff/cache   available
Mem:          48114        3249       38681        2385        6183       41820
Swap:         24191           0       24191
Total:        72306        3249       62873

              total        used        free      shared  buff/cache   available
Mem:          48114        3248       38682        2385        6183       41821
Swap:         24191           0       24191
Total:        72306        3248       62874

              total        used        free      shared  buff/cache   available
Mem:          48114        3248       38681        2385        6183       41821
Swap:         24191           0       24191
Total:        72306        3248       62873

              total        used        free      shared  buff/cache   available
Mem:          48114        3246       38683        2385        6183       41823
Swap:         24191           0       24191
Total:        72306        3246       62875

              total        used        free      shared  buff/cache   available
Mem:          48114        3247       38682        2385        6183       41822
Swap:         24191           0       24191
Total:        72306        3247       62874

              total        used        free      shared  buff/cache   available
Mem:          48114        3247       38683        2385        6183       41823
Swap:         24191           0       24191
Total:        72306        3247       62875

              total        used        free      shared  buff/cache   available
Mem:          48114        3248       38681        2385        6183       41821
Swap:         24191           0       24191
Total:        72306        3248       62873

              total        used        free      shared  buff/cache   available
Mem:          48114        3247       38682        2385        6183       41822
Swap:         24191           0       24191
Total:        72306        3247       62874

              total        used        free      shared  buff/cache   available
Mem:          48114        3248       38682        2385        6183       41821
Swap:         24191           0       24191
Total:        72306        3248       62874

              total        used        free      shared  buff/cache   available
Mem:          48114        3249       38680        2385        6183       41820
Swap:         24191           0       24191
Total:        72306        3249       62872

              total        used        free      shared  buff/cache   available
Mem:          48114        3246       38683        2385        6184       41823
Swap:         24191           0       24191
Total:        72306        3246       62875

              total        used        free      shared  buff/cache   available
Mem:          48114        3247       38682        2385        6184       41822
Swap:         24191           0       24191
Total:        72306        3247       62874

              total        used        free      shared  buff/cache   available
Mem:          48114        3247       38682        2385        6184       41822
Swap:         24191           0       24191
Total:        72306        3247       62874

              total        used        free      shared  buff/cache   available
Mem:          48114        3250       38679        2385        6184       41819
Swap:         24191           0       24191
Total:        72306        3250       62871

              total        used        free      shared  buff/cache   available
Mem:          48114        3252       38677        2385        6184       41817
Swap:         24191           0       24191
Total:        72306        3252       62869

              total        used        free      shared  buff/cache   available
Mem:          48114        3246       38683        2385        6184       41823
Swap:         24191           0       24191
Total:        72306        3246       62875

              total        used        free      shared  buff/cache   available
Mem:          48114        3247       38682        2385        6184       41822
Swap:         24191           0       24191
Total:        72306        3247       62874

              total        used        free      shared  buff/cache   available
Mem:          48114        3248       38680        2385        6184       41821
Swap:         24191           0       24191
Total:        72306        3248       62872

              total        used        free      shared  buff/cache   available
Mem:          48114        3249       38679        2385        6184       41820
Swap:         24191           0       24191
Total:        72306        3249       62871

              total        used        free      shared  buff/cache   available
Mem:          48114        3249       38679        2385        6184       41820
Swap:         24191           0       24191
Total:        72306        3249       62871

              total        used        free      shared  buff/cache   available
Mem:          48114        3251       38678        2385        6184       41819
Swap:         24191           0       24191
Total:        72306        3251       62870

              total        used        free      shared  buff/cache   available
Mem:          48114        3249       38679        2385        6184       41820
Swap:         24191           0       24191
Total:        72306        3249       62871

              total        used        free      shared  buff/cache   available
Mem:          48114        3247       38681        2385        6184       41822
Swap:         24191           0       24191
Total:        72306        3247       62873

              total        used        free      shared  buff/cache   available
Mem:          48114        3246       38682        2385        6185       41823
Swap:         24191           0       24191
Total:        72306        3246       62874

              total        used        free      shared  buff/cache   available
Mem:          48114        3246       38683        2385        6185       41824
Swap:         24191           0       24191
Total:        72306        3246       62875

              total        used        free      shared  buff/cache   available
Mem:          48114        3250       38678        2385        6185       41820
Swap:         24191           0       24191
Total:        72306        3250       62870

              total        used        free      shared  buff/cache   available
Mem:          48114        3248       38680        2385        6185       41822
Swap:         24191           0       24191
Total:        72306        3248       62872

              total        used        free      shared  buff/cache   available
Mem:          48114        3245       38683        2385        6185       41824
Swap:         24191           0       24191
Total:        72306        3245       62875

              total        used        free      shared  buff/cache   available
Mem:          48114        3247       38681        2385        6185       41822
Swap:         24191           0       24191
Total:        72306        3247       62873

              total        used        free      shared  buff/cache   available
Mem:          48114        3248       38679        2385        6185       41821
Swap:         24191           0       24191
Total:        72306        3248       62871

              total        used        free      shared  buff/cache   available
Mem:          48114        3246       38681        2385        6185       41823
Swap:         24191           0       24191
Total:        72306        3246       62873

              total        used        free      shared  buff/cache   available
Mem:          48114        3246       38682        2385        6185       41824
Swap:         24191           0       24191
Total:        72306        3246       62874

              total        used        free      shared  buff/cache   available
Mem:          48114        3246       38681        2385        6185       41823
Swap:         24191           0       24191
Total:        72306        3246       62873

              total        used        free      shared  buff/cache   available
Mem:          48114        3247       38681        2385        6185       41822
Swap:         24191           0       24191
Total:        72306        3247       62873

              total        used        free      shared  buff/cache   available
Mem:          48114        3250       38677        2385        6185       41819
Swap:         24191           0       24191
Total:        72306        3250       62869

              total        used        free      shared  buff/cache   available
Mem:          48114        3248       38679        2385        6185       41821
Swap:         24191           0       24191
Total:        72306        3248       62871

              total        used        free      shared  buff/cache   available
Mem:          48114        3248       38680        2385        6185       41822
Swap:         24191           0       24191
Total:        72306        3248       62872

              total        used        free      shared  buff/cache   available
Mem:          48114        3248       38679        2385        6186       41821
Swap:         24191           0       24191
Total:        72306        3248       62871

              total        used        free      shared  buff/cache   available
Mem:          48114        3243       38684        2385        6186       41826
Swap:         24191           0       24191
Total:        72306        3243       62876

              total        used        free      shared  buff/cache   available
Mem:          48114        3244       38683        2385        6186       41825
Swap:         24191           0       24191
Total:        72306        3244       62875

              total        used        free      shared  buff/cache   available
Mem:          48114        3245       38682        2385        6186       41824
Swap:         24191           0       24191
Total:        72306        3245       62874

              total        used        free      shared  buff/cache   available
Mem:          48114        3245       38682        2385        6186       41824
Swap:         24191           0       24191
Total:        72306        3245       62874

              total        used        free      shared  buff/cache   available
Mem:          48114        3241       38685        2385        6186       41828
Swap:         24191           0       24191
Total:        72306        3241       62877

              total        used        free      shared  buff/cache   available
Mem:          48114        3234       38692        2385        6186       41835
Swap:         24191           0       24191
Total:        72306        3234       62884

              total        used        free      shared  buff/cache   available
Mem:          48114        3234       38693        2385        6186       41835
Swap:         24191           0       24191
Total:        72306        3234       62885

              total        used        free      shared  buff/cache   available
Mem:          48114        3232       38695        2385        6186       41838
Swap:         24191           0       24191
Total:        72306        3232       62887

              total        used        free      shared  buff/cache   available
Mem:          48114        3227       38700        2385        6186       41843
Swap:         24191           0       24191
Total:        72306        3227       62892

              total        used        free      shared  buff/cache   available
Mem:          48114        3224       38702        2385        6186       41845
Swap:         24191           0       24191
Total:        72306        3224       62894

              total        used        free      shared  buff/cache   available
Mem:          48114        3212       38715        2385        6186       41858
Swap:         24191           0       24191
Total:        72306        3212       62907

              total        used        free      shared  buff/cache   available
Mem:          48114        3198       38728        2385        6186       41871
Swap:         24191           0       24191
Total:        72306        3198       62920
