12:30:59 PM      eth0     31.00     25.00      6.50      6.75      0.00      0.00      0.00
12:31:00 PM      eth0     33.00     24.00      5.59      6.54      0.00      0.00      0.00
12:31:01 PM      eth0 303798.00  65171.00 233435.44   7427.80      0.00      0.00      0.00
12:31:02 PM      eth0 224091.00  47228.00 172172.91   5400.83      0.00      0.00      0.00
12:31:03 PM      eth0 144615.00  39126.00 111093.47   4505.18      0.00      0.00      0.00
12:31:04 PM      eth0 151937.00  42897.00 116724.99   4935.44      0.00      0.00      0.00
12:31:05 PM      eth0 161340.00  47519.00 123948.80   5468.88      0.00      0.00      0.00
12:31:06 PM      eth0 203020.00  58148.00 155981.71   6719.00      0.00      0.00      0.00
12:31:07 PM      eth0 199365.00  62776.00 153173.18   7251.41      0.00      0.00      0.00
12:31:08 PM      eth0 215947.00  66981.00 165917.94   7737.52      0.00      0.00      0.00
12:31:09 PM      eth0 227568.00  73156.00 174851.35   8430.19      0.00      0.00      0.00
12:31:10 PM      eth0 261313.00  84523.00 200785.66   9738.68      0.00      0.00      0.00
12:31:11 PM      eth0 255260.00  83695.00 196133.65   9646.05      0.00      0.00      0.00
12:31:12 PM      eth0 270748.00  88252.00 208036.03  10177.24      0.00      0.00      0.00
12:31:13 PM      eth0 291958.00  94804.00 224339.40  10933.99      0.00      0.00      0.00
12:31:14 PM      eth0 288229.00  95802.00 221469.17  11056.02      0.00      0.00      0.00
12:31:15 PM      eth0 316299.00 101626.00 243049.83  11743.88      0.00      0.00      0.00
12:31:16 PM      eth0 305486.00 101834.00 234743.62  11748.61      0.00      0.00      0.00
12:31:17 PM      eth0 311866.00 104545.00 239677.28  12060.73      0.00      0.00      0.00
12:31:18 PM      eth0 326663.00 108532.00 251051.99  12502.82      0.00      0.00      0.00
12:31:19 PM      eth0 316619.00 104469.00 243333.18  12041.02      0.00      0.00      0.00
12:31:20 PM      eth0 323135.00 107552.00 248341.10  12403.39      0.00      0.00      0.00
12:31:21 PM      eth0 324940.00 108063.00 249728.48  12456.29      0.00      0.00      0.00
12:31:22 PM      eth0 320410.00 107131.00 246241.56  12353.46      0.00      0.00      0.00
12:31:23 PM      eth0 319706.00 106028.00 245706.87  12219.92      0.00      0.00      0.00
12:31:24 PM      eth0 305004.00 101853.00 234407.12  11740.37      0.00      0.00      0.00
12:31:25 PM      eth0 319025.00 106136.00 245180.66  12235.49      0.00      0.00      0.00
12:31:26 PM      eth0 317321.00 105529.00 243872.99  12164.74      0.00      0.00      0.00
12:31:27 PM      eth0 313169.00 104441.00 240680.44  12038.16      0.00      0.00      0.00
12:31:28 PM      eth0 313851.00 105206.00 241206.73  12134.64      0.00      0.00      0.00
12:31:29 PM      eth0 325425.00 108259.00 250099.44  12477.59      0.00      0.00      0.00
12:31:30 PM      eth0 312289.00 104282.00 240004.82  12028.50      0.00      0.00      0.00
12:31:31 PM      eth0 317394.00 105987.00 243926.42  12225.87      0.00      0.00      0.00
12:31:32 PM      eth0 311093.00 103059.00 239089.90  11880.21      0.00      0.00      0.00
12:31:33 PM      eth0 317961.00 105993.00 244362.70  12228.98      0.00      0.00      0.00
12:31:34 PM      eth0 317638.00 106290.00 244116.00  12257.52      0.00      0.00      0.00
12:31:35 PM      eth0 317379.00 106876.00 243914.22  12328.22      0.00      0.00      0.00
12:31:36 PM      eth0 336222.00 111787.00 258397.91  12889.65      0.00      0.00      0.00
12:31:37 PM      eth0 313454.00 104432.00 240900.89  12041.71      0.00      0.00      0.00
12:31:38 PM      eth0 329691.00 110520.00 253378.55  12744.48      0.00      0.00      0.00
12:31:39 PM      eth0 312128.00 103823.00 239882.88  11973.25      0.00      0.00      0.00
12:31:40 PM      eth0 304605.00 101126.00 234099.73  11659.09      0.00      0.00      0.00
12:31:41 PM      eth0 304991.00 101945.00 234393.89  11757.03      0.00      0.00      0.00
12:31:42 PM      eth0 296257.00  99259.00 227683.38  11451.68      0.00      0.00      0.00
12:31:43 PM      eth0 317499.00 106407.00 244010.49  12271.62      0.00      0.00      0.00
12:31:44 PM      eth0 283056.00  94234.00 217535.35  10875.09      0.00      0.00      0.00
12:31:45 PM      eth0 317700.00 105193.00 244162.78  12126.14      0.00      0.00      0.00
12:31:46 PM      eth0 314982.00 105492.00 242073.86  12172.80      0.00      0.00      0.00
12:31:47 PM      eth0 323075.00 106932.00 248292.48  12333.30      0.00      0.00      0.00
12:31:48 PM      eth0 319900.00 107208.00 245849.96  12360.63      0.00      0.00      0.00
12:31:49 PM      eth0 313800.00 104921.00 241165.64  12105.20      0.00      0.00      0.00
12:31:50 PM      eth0 312205.00 104361.00 239939.93  12036.58      0.00      0.00      0.00
12:31:51 PM      eth0 309459.00 103754.00 237831.23  11966.56      0.00      0.00      0.00
12:31:52 PM      eth0 312321.00 104960.00 240026.35  12112.70      0.00      0.00      0.00
12:31:53 PM      eth0 306133.00 102959.00 235272.21  11871.80      0.00      0.00      0.00
12:31:54 PM      eth0 314011.00 104090.00 241326.88  11994.14      0.00      0.00      0.00
12:31:55 PM      eth0 332747.00 110800.00 255730.25  12772.12      0.00      0.00      0.00
12:31:56 PM      eth0 318424.00 106111.00 244721.53  12232.23      0.00      0.00      0.00
12:31:57 PM      eth0 306801.00 102339.00 235786.24  11799.93      0.00      0.00      0.00
12:31:58 PM      eth0 310181.00 103091.00 238382.59  11891.43      0.00      0.00      0.00
12:31:59 PM      eth0 322981.00 108208.00 248221.63  12481.85      0.00      0.00      0.00
12:32:00 PM      eth0 316808.00 104844.00 243477.95  12093.63      0.00      0.00      0.00
12:32:01 PM      eth0 311871.00 103721.00 239678.55  11959.94      0.00      0.00      0.00
12:32:02 PM      eth0 328500.00 109387.00 252464.54  12606.09      0.00      0.00      0.00
12:32:03 PM      eth0 316239.00 106384.00 243040.57  12268.49      0.00      0.00      0.00
12:32:04 PM      eth0 312098.00 104934.00 239857.88  12101.44      0.00      0.00      1.00
12:32:05 PM      eth0 310052.00 103068.00 238284.85  11887.06      0.00      0.00      0.00
12:32:06 PM      eth0 312722.00 104160.00 240339.70  12007.80      0.00      0.00      0.00
12:32:07 PM      eth0 317229.00 106196.00 243803.06  12245.82      0.00      0.00      0.00
12:32:08 PM      eth0 329513.00 110179.00 253241.11  12706.96      0.00      0.00      0.00
12:32:09 PM      eth0 320778.00 106764.00 246529.59  12314.41      0.00      0.00      0.00
12:32:10 PM      eth0 323752.00 108342.00 248813.74  12496.20      0.00      0.00      0.00
12:32:11 PM      eth0 302251.00 100843.00 232290.10  11628.94      0.00      0.00      0.00
12:32:12 PM      eth0 319817.00 106439.00 245791.71  12273.44      0.00      0.00      0.00
12:32:13 PM      eth0 304304.00 101683.00 233867.20  11727.43      0.00      0.00      0.00
12:32:14 PM      eth0 317797.00 105630.00 244236.69  12183.16      0.00      0.00      0.00
12:32:15 PM      eth0 319311.00 106424.00 245401.58  12274.10      0.00      0.00      0.00
12:32:16 PM      eth0 296668.00  98594.00 227999.93  11369.61      0.00      0.00      0.00
12:32:17 PM      eth0 334233.00 110942.00 256863.17  12793.19      0.00      0.00      0.00
12:32:18 PM      eth0 325119.00 107535.00 249864.60  12393.02      0.00      0.00      0.00
12:32:19 PM      eth0 310911.00 104534.00 238945.87  12062.92      0.00      0.00      0.00
12:32:20 PM      eth0 299965.00 100059.00 230532.23  11543.91      0.00      0.00      0.00
12:32:21 PM      eth0 311032.00 104087.00 239037.96  12008.48      0.00      0.00      0.00
12:32:22 PM      eth0 315101.00 105428.00 242161.31  12166.11      0.00      0.00      0.00
12:32:23 PM      eth0 316028.00 104644.00 242878.43  12063.22      0.00      0.00      0.00
12:32:24 PM      eth0 312323.00 103665.00 240029.59  11947.75      0.00      0.00      0.00
12:32:25 PM      eth0 306162.00 102385.00 235294.19  11810.99      0.00      0.00      0.00
12:32:26 PM      eth0 314429.00 104715.00 241649.49  12073.21      0.00      0.00      0.00
12:32:27 PM      eth0 310145.00 103293.00 238357.04  11909.71      0.00      0.00      0.00
12:32:28 PM      eth0 315583.00 105394.00 242536.92  12157.70      0.00      0.00      0.00
12:32:29 PM      eth0 300557.00 101174.00 230988.40  11686.68      0.00      0.00      0.00
12:32:30 PM      eth0 304323.00 102502.00 233882.51  11823.52      0.00      0.00      0.00
12:32:31 PM      eth0 307602.00 102338.00 236398.02  11801.63      0.00      0.00      0.00
12:32:32 PM      eth0 325745.00 108085.00 250346.73  12460.41      0.00      0.00      0.00
12:32:33 PM      eth0 314694.00 105732.00 241851.57  12193.99      0.00      0.00      0.00
12:32:34 PM      eth0 312400.00 105232.00 240090.20  12144.91      0.00      0.00      0.00
12:32:35 PM      eth0 310419.00 103564.00 238566.63  11942.89      0.00      0.00      0.00
12:32:36 PM      eth0 309487.00 103510.00 237852.75  11943.83      0.00      0.00      0.00
12:32:37 PM      eth0 312523.00 104723.00 240183.67  12089.53      0.00      0.00      0.00
12:32:38 PM      eth0 297498.00  99921.00 228636.57  11527.72      0.00      0.00      0.00
12:32:39 PM      eth0 308404.00 102865.00 237019.69  11858.91      0.00      0.00      0.00
12:32:40 PM      eth0 302628.00 101187.00 232579.10  11668.59      0.00      0.00      0.00
12:32:41 PM      eth0 305282.00 101818.00 234619.39  11743.87      0.00      0.00      0.00
12:32:42 PM      eth0 311191.00 103572.00 239160.94  11943.52      0.00      0.00      0.00
12:32:43 PM      eth0 308484.00 102529.00 237081.18  11826.73      0.00      0.00      0.00
12:32:44 PM      eth0 308463.00 102813.00 237060.70  11860.27      0.00      0.00      0.00
12:32:45 PM      eth0 311094.00 103838.00 239085.41  11988.46      0.00      0.00      0.00
12:32:46 PM      eth0 311218.00 104118.00 239182.49  12006.88      0.00      0.00      0.00
12:32:47 PM      eth0 323584.00 107798.00 248684.17  12438.94      0.00      0.00      0.00
12:32:48 PM      eth0 308505.00 103229.00 237095.06  11912.88      0.00      0.00      0.00
12:32:49 PM      eth0 296787.00  99710.00 228090.65  11512.84      0.00      0.00      0.00
12:32:50 PM      eth0 315996.00 106046.00 242853.17  12233.73      0.00      0.00      0.00
12:32:51 PM      eth0 302872.00 101356.00 232767.80  11694.90      0.00      0.00      0.00
12:32:52 PM      eth0 320337.00 107099.00 246188.17  12354.34      0.00      0.00      0.00
12:32:53 PM      eth0 316645.00 104807.00 243353.03  12080.67      0.00      0.00      0.00
12:32:54 PM      eth0 311489.00 104766.00 239390.98  12099.40      0.00      0.00      0.00
12:32:55 PM      eth0 318892.00 106566.00 245080.59  12290.46      0.00      0.00      0.00
12:32:56 PM      eth0 309692.00 103225.00 238010.06  11914.11      0.00      0.00      0.00
12:32:57 PM      eth0 313464.00 104204.00 240906.90  12014.57      0.00      0.00      0.00
12:32:58 PM      eth0 306048.00 102586.00 235207.56  11836.33      0.00      0.00      0.00
12:32:59 PM      eth0 299321.00  99827.00 230036.81  11524.28      0.00      0.00      0.00
12:33:00 PM      eth0 281865.00  93719.00 216624.77  10818.47      0.00      0.00      0.00
12:33:01 PM      eth0 318102.00 105516.00 244470.34  12168.59      0.00      0.00      0.00
12:33:02 PM      eth0 312521.00 105109.00 240180.62  12135.63      0.00      0.00      0.00
12:33:03 PM      eth0 312170.00 104322.00 239913.99  12043.72      0.00      0.00      0.00
12:33:04 PM      eth0 311195.00 102996.00 239164.62  11872.41      0.00      0.00      0.00
12:33:05 PM      eth0 307535.00 102973.00 236351.11  11879.23      0.00      0.00      0.00
12:33:06 PM      eth0 294032.00  98489.00 225972.60  11359.95      0.00      0.00      0.00
12:33:07 PM      eth0 308802.00 102582.00 237324.19  11824.83      0.00      0.00      0.00
12:33:08 PM      eth0 297187.00  99310.00 228399.52  11464.43      0.00      0.00      0.00
12:33:09 PM      eth0 301933.00 100637.00 232046.34  11614.68      0.00      0.00      0.00
12:33:10 PM      eth0 310477.00 102795.00 238611.44  11856.06      0.00      0.00      0.00
12:33:11 PM      eth0 298902.00 100212.00 229718.09  11565.98      0.00      0.00      0.00
12:33:12 PM      eth0 297841.00  99831.00 228899.33  11528.75      0.00      0.00      0.00
12:33:13 PM      eth0 289282.00  97086.00 222323.36  11206.76      0.00      0.00      0.00
12:33:14 PM      eth0 310257.00 102880.00 238439.21  11871.31      0.00      0.00      0.00
12:33:15 PM      eth0 307418.00 102923.00 236263.02  11873.48      0.00      0.00      0.00
12:33:16 PM      eth0 289457.00  96943.00 222456.05  11188.45      0.00      0.00      0.00
12:33:17 PM      eth0 308242.00 103055.00 236892.23  11900.13      0.00      0.00      0.00
12:33:18 PM      eth0 293256.00  97945.00 225377.01  11302.94      0.00      0.00      0.00
12:33:19 PM      eth0 299507.00 100521.00 230181.71  11598.11      0.00      0.00      0.00
12:33:20 PM      eth0 296064.00  99258.00 227535.70  11457.07      0.00      0.00      0.00
12:33:21 PM      eth0 309428.00 102601.00 237807.49  11835.39      0.00      0.00      0.00
12:33:22 PM      eth0 305720.00 101757.00 234951.76  11736.94      0.00      0.00      0.00
12:33:23 PM      eth0 287696.00  96443.00 221104.60  11124.84      0.00      0.00      0.00
12:33:24 PM      eth0 297688.00  98982.00 228782.47  11419.13      0.00      0.00      0.00
12:33:25 PM      eth0 292596.00  97693.00 224869.44  11285.12      0.00      0.00      0.00
12:33:26 PM      eth0 311158.00 104281.00 239133.48  12028.69      0.00      0.00      0.00
12:33:27 PM      eth0 297981.00  99467.00 229009.58  11488.67      0.00      0.00      0.00
12:33:28 PM      eth0 304066.00 101763.00 233682.89  11752.78      0.00      0.00      0.00
12:33:29 PM      eth0 304307.00 101654.00 233867.44  11733.37      0.00      0.00      0.00
12:33:30 PM      eth0 293588.00  98149.00 225631.33  11327.65      0.00      0.00      0.00
12:33:31 PM      eth0 304812.00 102179.00 234253.13  11806.96      0.00      0.00      0.00
12:33:32 PM      eth0 301959.00 101370.00 232065.71  11702.02      0.00      0.00      0.00
12:33:33 PM      eth0 308255.00 103292.00 236904.55  11924.57      0.00      0.00      0.00
12:33:34 PM      eth0 282277.00  95397.00 216937.72  11016.14      0.00      0.00      0.00
12:33:35 PM      eth0 291713.00  98141.00 224188.60  11329.09      0.00      0.00      0.00
12:33:36 PM      eth0 288588.00  96146.00 221789.39  11096.21      0.00      0.00      0.00
12:33:37 PM      eth0 294361.00  99063.00 226224.78  11440.21      0.00      0.00      0.00
12:33:38 PM      eth0 308725.00 103274.00 237263.17  11919.63      0.00      0.00      0.00
12:33:39 PM      eth0 298086.00 100161.00 229087.72  11561.42      0.00      0.00      0.00
12:33:40 PM      eth0 289650.00  96752.00 222605.58  11167.30      0.00      0.00      0.00
12:33:41 PM      eth0 293126.00  97803.00 225276.50  11293.71      0.00      0.00      0.00
12:33:42 PM      eth0 297510.00  98949.00 228645.70  11419.19      0.00      0.00      0.00
12:33:43 PM      eth0 299137.00 100006.00 229895.03  11535.80      0.00      0.00      0.00
12:33:44 PM      eth0 301292.00 100899.00 231551.39  11650.75      0.00      0.00      0.00
12:33:45 PM      eth0 275169.00  91188.00 211476.07  10528.19      0.00      0.00      0.00
12:33:46 PM      eth0 293029.00  97464.00 225202.20  11251.59      0.00      0.00      0.00
12:33:47 PM      eth0 295711.00  98440.00 227261.20  11363.62      0.00      0.00      0.00
12:33:48 PM      eth0 303731.00 101716.00 233430.10  11732.24      0.00      0.00      0.00
12:33:49 PM      eth0 276752.00  92787.00 212693.71  10724.28      0.00      0.00      0.00
12:33:50 PM      eth0 294236.00  99175.00 226131.05  11451.74      0.00      0.00      0.00
12:33:51 PM      eth0 275910.00  92374.00 212045.69  10662.53      0.00      0.00      0.00
12:33:52 PM      eth0 288458.00  96491.00 221686.13  11133.79      0.00      0.00      0.00
12:33:53 PM      eth0 302200.00 100699.00 232248.81  11623.72      0.00      0.00      0.00
12:33:54 PM      eth0 302505.00 101807.00 232483.70  11751.78      0.00      0.00      0.00
12:33:55 PM      eth0 292838.00  97458.00 225057.79  11248.04      0.00      0.00      0.00
12:33:56 PM      eth0 300166.00 100703.00 230688.21  11623.26      0.00      0.00      0.00
12:33:57 PM      eth0 290025.00  96972.00 222893.18  11189.47      0.00      0.00      0.00
12:33:58 PM      eth0 306041.00 102099.00 235202.54  11782.62      0.00      0.00      0.00
12:33:59 PM      eth0 286690.00  95982.00 220329.77  11085.30      0.00      0.00      0.00
12:34:00 PM      eth0 282182.00  94619.00 216865.26  10918.50      0.00      0.00      0.00
12:34:01 PM      eth0 302543.00 101299.00 232513.08  11702.24      0.00      0.00      0.00
12:34:02 PM      eth0 303661.00 101219.00 233371.66  11676.36      0.00      0.00      0.00
12:34:03 PM      eth0 293886.00  98525.00 225863.20  11378.39      0.00      0.00      0.00
12:34:04 PM      eth0 275606.00  91849.00 211812.73  10603.71      0.00      0.00      0.00
12:34:05 PM      eth0 279743.00  93730.00 214994.24  10823.86      0.00      0.00      0.00
12:34:06 PM      eth0 289008.00  96495.00 222111.68  11135.00      0.00      0.00      0.00
12:34:07 PM      eth0 298747.00  99226.00 229597.00  11442.84      0.00      0.00      0.00
12:34:08 PM      eth0 284503.00  95953.00 218650.57  11082.50      0.00      0.00      0.00
12:34:09 PM      eth0 286506.00  96156.00 220187.13  11110.42      0.00      0.00      0.00
12:34:10 PM      eth0 263377.00  88595.00 202413.24  10237.45      0.00      0.00      0.00
12:34:11 PM      eth0 279834.00  94324.00 215060.73  10892.50      0.00      0.00      0.00
12:34:12 PM      eth0 284297.00  95862.00 218492.88  11077.29      0.00      0.00      0.00
12:34:13 PM      eth0 287096.00  95819.00 220644.16  11054.01      0.00      0.00      0.00
12:34:14 PM      eth0 291943.00  98479.00 224363.84  11372.92      0.00      0.00      0.00
12:34:15 PM      eth0 281698.00  94153.00 216493.22  10873.75      0.00      0.00      0.00
12:34:16 PM      eth0 284375.00  95034.00 218551.35  10966.88      0.00      0.00      0.00
12:34:17 PM      eth0 258762.00  86298.00 198861.99   9976.85      0.00      0.00      0.00
12:34:18 PM      eth0 276784.00  92423.00 212716.49  10670.09      0.00      0.00      0.00
12:34:19 PM      eth0 271073.00  91361.00 208328.27  10554.06      0.00      0.00      0.00
12:34:20 PM      eth0 295784.00  99721.00 227320.88  11517.58      0.00      0.00      0.00
12:34:21 PM      eth0 295206.00  99578.00 226875.43  11493.82      0.00      0.00      0.00
12:34:22 PM      eth0 283037.00  94573.00 217520.12  10927.38      0.00      0.00      0.00
12:34:23 PM      eth0 284957.00  95552.00 218998.44  11031.28      0.00      0.00      0.00
12:34:24 PM      eth0 284501.00  95327.00 218649.80  11002.69      0.00      0.00      0.00
12:34:25 PM      eth0 288904.00  96677.00 222030.10  11165.38      0.00      0.00      0.00
12:34:26 PM      eth0 270339.00  90575.00 207761.59  10456.89      0.00      0.00      0.00
12:34:27 PM      eth0 289033.00  96805.00 222131.96  11189.82      0.00      0.00      0.00
12:34:28 PM      eth0 269905.00  90508.00 207433.23  10460.24      0.00      0.00      0.00
12:34:29 PM      eth0 295330.00  99137.00 226971.61  11445.82      0.00      0.00      0.00
12:34:30 PM      eth0 278183.00  92958.00 213792.49  10741.62      0.00      0.00      0.00
12:34:31 PM      eth0 285952.00  96600.00 219760.10  11167.51      0.00      0.00      0.00
12:34:32 PM      eth0 283037.00  94552.00 217523.59  10913.72      0.00      0.00      0.00
12:34:33 PM      eth0 270057.00  90880.00 207543.79  10490.15      0.00      0.00      0.00
12:34:34 PM      eth0 303445.00 100910.00 233207.00  11647.75      0.00      0.00      0.00
12:34:35 PM      eth0 288684.00  95764.00 221864.34  11053.11      0.00      0.00      0.00
12:34:36 PM      eth0 292459.00  97414.00 224768.03  11246.91      0.00      0.00      0.00
12:34:37 PM      eth0 291630.00  97489.00 224127.96  11249.57      0.00      0.00      0.00
12:34:38 PM      eth0 288487.00  96764.00 221707.93  11176.97      0.00      0.00      0.00
12:34:39 PM      eth0 279163.00  93225.00 214545.27  10771.87      0.00      0.00      0.00
12:34:40 PM      eth0 254904.00  85790.00 195897.85   9918.39      0.00      0.00      0.00
12:34:41 PM      eth0 288245.00  97320.00 221527.37  11246.84      0.00      0.00      0.00
12:34:42 PM      eth0 285855.00  96187.00 219687.42  11111.27      0.00      0.00      0.00
12:34:43 PM      eth0 287475.00  95993.00 220933.93  11085.52      0.00      0.00      0.00
12:34:44 PM      eth0 292944.00  98174.00 225136.60  11329.44      0.00      0.00      0.00
12:34:45 PM      eth0 279169.00  93519.00 214552.94  10801.84      0.00      0.00      0.00
12:34:46 PM      eth0 276385.00  92466.00 212408.13  10688.99      0.00      0.00      0.00
12:34:47 PM      eth0 286227.00  95703.00 219969.45  11047.14      0.00      0.00      0.00
12:34:48 PM      eth0 262981.00  88862.00 202107.50  10266.77      0.00      0.00      0.00
12:34:49 PM      eth0 288695.00  97284.00 221869.43  11234.33      0.00      0.00      0.00
12:34:50 PM      eth0 295614.00  98860.00 227187.67  11409.61      0.00      0.00      0.00
12:34:51 PM      eth0 266001.00  89251.00 204431.31  10310.64      0.00      0.00      0.00
12:34:52 PM      eth0 284184.00  95836.00 218400.60  11074.99      0.00      0.00      0.00
12:34:53 PM      eth0 277796.00  93620.00 213495.61  10817.94      0.00      0.00      0.00
12:34:54 PM      eth0 300782.00 100337.00 231160.38  11576.98      0.00      0.00      0.00
12:34:55 PM      eth0 266845.00  89972.00 205078.78  10404.61      0.00      0.00      0.00
12:34:56 PM      eth0 274540.00  91487.00 210991.94  10570.09      0.00      0.00      0.00
12:34:57 PM      eth0 267881.00  89354.00 205875.04  10323.54      0.00      0.00      0.00
12:34:58 PM      eth0 275795.00  91641.00 211955.11  10590.57      0.00      0.00      0.00
12:34:59 PM      eth0 284822.00  95330.00 218897.47  11011.71      0.00      0.00      0.00
12:35:00 PM      eth0 303510.00 100725.00 233259.80  11620.50      0.00      0.00      0.00
12:35:01 PM      eth0 279896.00  92958.00 215105.16  10744.58      0.00      0.00      0.00
12:35:02 PM      eth0 297382.00  99667.00 228546.75  11518.94      0.00      0.00      0.00
12:35:03 PM      eth0 290519.00  96191.00 223272.84  11101.58      0.00      0.00      0.00
12:35:04 PM      eth0 302112.00 100335.00 232184.19  11575.91      0.00      0.00      0.00
12:35:05 PM      eth0 266352.00  89193.00 204699.04  10310.78      0.00      0.00      0.00
12:35:06 PM      eth0 252350.00  85238.00 193937.77   9851.80      0.00      0.00      0.00
12:35:07 PM      eth0 284645.00  95362.00 218757.59  11011.09      0.00      0.00      0.00
12:35:08 PM      eth0 293082.00  97841.00 225245.46  11306.68      0.00      0.00      0.00
12:35:09 PM      eth0 273524.00  91228.00 210212.50  10527.21      0.00      0.00      0.00
12:35:10 PM      eth0 265003.00  88968.00 203663.98  10272.34      0.00      0.00      0.00
12:35:11 PM      eth0 269749.00  90581.00 207310.70  10470.10      0.00      0.00      0.00
12:35:12 PM      eth0 270998.00  90814.00 208267.70  10486.02      0.00      0.00      0.00
12:35:13 PM      eth0 295324.00  98520.00 226966.49  11371.71      0.00      0.00      0.00
12:35:14 PM      eth0 280878.00  93940.00 215859.48  10857.77      0.00      0.00      0.00
12:35:15 PM      eth0 292423.00  97625.00 224737.07  11270.73      0.00      0.00      0.00
12:35:16 PM      eth0 273511.00  91362.00 210203.15  10549.22      0.00      0.00      0.00
12:35:17 PM      eth0 289871.00  96400.00 222774.19  11143.48      0.00      0.00      0.00
12:35:18 PM      eth0 275468.00  92398.00 211706.22  10673.08      0.00      0.00      0.00
12:35:19 PM      eth0 286969.00  96040.00 220543.62  11092.52      0.00      0.00      0.00
12:35:20 PM      eth0 286385.00  95553.00 220096.20  11029.46      0.00      0.00      0.00
12:35:21 PM      eth0 301410.00 100336.00 231643.03  11584.81      0.00      0.00      0.00
12:35:22 PM      eth0 265270.00  88045.00 203866.55  10176.57      0.00      0.00      0.00
12:35:23 PM      eth0 275696.00  92282.00 211880.48  10660.90      0.00      0.00      0.00
12:35:24 PM      eth0 270370.00  90044.00 207787.18  10406.84      0.00      0.00      0.00
12:35:25 PM      eth0 284242.00  95181.00 218449.49  11000.59      0.00      0.00      1.00
12:35:26 PM      eth0 288216.00  96859.00 221500.42  11195.66      0.00      0.00      0.00
12:35:27 PM      eth0 265945.00  89419.00 204387.73  10336.90      0.00      0.00      0.00
12:35:28 PM      eth0 284181.00  95655.00 218402.70  11047.43      0.00      0.00      0.00
12:35:29 PM      eth0 293919.00  98460.00 225885.05  11376.81      0.00      0.00      0.00
12:35:30 PM      eth0 283017.00  94218.00 217507.89  10876.18      0.00      0.00      0.00
12:35:31 PM      eth0 291653.00  98266.00 224143.73  11354.26      0.00      0.00      0.00
12:35:32 PM      eth0 277283.00  92144.00 213102.18  10639.80      0.00      0.00      0.00
12:35:33 PM      eth0 265549.00  89279.00 204083.99  10313.95      0.00      0.00      0.00
12:35:34 PM      eth0 274857.00  91488.00 211236.05  10566.64      0.00      0.00      0.00
12:35:35 PM      eth0 277571.00  93012.00 213322.13  10743.64      0.00      0.00      0.00
12:35:36 PM      eth0 287566.00  95614.00 221002.66  11033.35      0.00      0.00      0.00
12:35:37 PM      eth0 289616.00  96391.00 222581.47  11130.92      0.00      0.00      0.00
12:35:38 PM      eth0 286501.00  95603.00 220184.87  11048.66      0.00      0.00      0.00
12:35:39 PM      eth0 276970.00  92414.00 212860.24  10671.87      0.00      0.00      0.00
12:35:40 PM      eth0 273131.00  91699.00 209912.39  10596.88      0.00      0.00      0.00
12:35:41 PM      eth0 277688.00  92441.00 213414.11  10686.02      0.00      0.00      0.00
12:35:42 PM      eth0 297972.00  99608.00 228995.60  11494.12      0.00      0.00      0.00
12:35:43 PM      eth0 283028.00  93999.00 217515.40  10855.92      0.00      0.00      0.00
12:35:44 PM      eth0 281449.00  94797.00 216297.15  10953.01      0.00      0.00      0.00
12:35:45 PM      eth0 285148.00  94987.00 219143.85  10970.33      0.00      0.00      0.00
12:35:46 PM      eth0 286267.00  96037.00 220005.49  11080.19      0.00      0.00      0.00
12:35:47 PM      eth0 269981.00  90847.00 207484.65  10503.97      0.00      0.00      0.00
12:35:48 PM      eth0 279807.00  93125.00 215042.40  10757.19      0.00      0.00      0.00
12:35:49 PM      eth0 292189.00  98312.00 224554.67  11362.47      0.00      0.00      0.00
12:35:50 PM      eth0 297584.00  98682.00 228704.00  11401.25      0.00      0.00      0.00
12:35:51 PM      eth0 268502.00  89642.00 206352.60  10359.03      0.00      0.00      0.00
12:35:52 PM      eth0 280167.00  94043.00 215313.36  10861.66      0.00      0.00      0.00
12:35:53 PM      eth0 259736.00  86643.00 199613.46  10014.34      0.00      0.00      0.00
12:35:54 PM      eth0 277610.00  92801.00 213349.27  10724.85      0.00      0.00      0.00
12:35:55 PM      eth0 283858.00  95233.00 218152.76  10996.87      0.00      0.00      0.00
12:35:56 PM      eth0 272372.00  90928.00 209325.74  10509.14      0.00      0.00      0.00
12:35:57 PM      eth0 273456.00  90466.00 210160.21  10443.46      0.00      0.00      0.00
12:35:58 PM      eth0 266513.00  89217.00 204820.84  10316.78      0.00      0.00      0.00
12:35:59 PM      eth0 276051.00  92722.00 212152.54  10726.50      0.00      0.00      0.00
12:36:00 PM      eth0 277841.00  93582.00 213528.53  10805.51      0.00      0.00      0.00
12:36:01 PM      eth0 277631.00  93356.00 213362.39  10789.19      0.00      0.00      0.00
12:36:02 PM      eth0 263469.00  88266.00 202483.04  10189.80      0.00      0.00      0.00
12:36:03 PM      eth0 254276.00  84772.00 195418.40   9791.84      0.00      0.00      0.00
12:36:04 PM      eth0 243859.00  80639.00 187409.73   9303.10      0.00      0.00      0.00
12:36:05 PM      eth0 223284.00  73660.00 171597.12   8503.23      0.00      0.00      0.00
12:36:06 PM      eth0 213003.00  70034.00 163695.54   8085.44      0.00      0.00      0.00
12:36:07 PM      eth0 206293.00  67952.00 158538.28   7833.87      0.00      0.00      0.00
12:36:08 PM      eth0 190805.00  61636.00 146634.69   7099.72      0.00      0.00      0.00
12:36:09 PM      eth0 180709.00  56632.00 138876.16   6534.54      0.00      0.00      0.00
12:36:10 PM      eth0 170247.00  53499.00 130836.14   6155.01      0.00      0.00      0.00
12:36:11 PM      eth0 152531.00  46734.00 117218.42   5385.33      0.00      0.00      0.00
12:36:12 PM      eth0 139114.00  41999.00 106908.65   4836.39      0.00      0.00      0.00
12:36:13 PM      eth0 121820.00  35100.00  93618.94   4027.44      0.00      0.00      0.00
12:36:14 PM      eth0 142577.00  35108.00 109565.50   4025.60      0.00      0.00      0.00
12:36:15 PM      eth0 135604.00  29414.00 104210.99   3357.02      0.00      0.00      0.00
