              total        used        free      shared  buff/cache   available
Mem:          48114        1926       42843         937        3343       44659
Swap:         24191           0       24191
Total:        72306        1926       67035

              total        used        free      shared  buff/cache   available
Mem:          48114        1928       42841         937        3344       44657
Swap:         24191           0       24191
Total:        72306        1928       67033

              total        used        free      shared  buff/cache   available
Mem:          48114        1931       42838         937        3344       44654
Swap:         24191           0       24191
Total:        72306        1931       67030

              total        used        free      shared  buff/cache   available
Mem:          48114        1932       42837         937        3344       44653
Swap:         24191           0       24191
Total:        72306        1932       67029

              total        used        free      shared  buff/cache   available
Mem:          48114        1932       42837         937        3344       44653
Swap:         24191           0       24191
Total:        72306        1932       67029

              total        used        free      shared  buff/cache   available
Mem:          48114        1933       42835         937        3344       44651
Swap:         24191           0       24191
Total:        72306        1933       67027

              total        used        free      shared  buff/cache   available
Mem:          48114        1936       42832         937        3344       44649
Swap:         24191           0       24191
Total:        72306        1936       67024

              total        used        free      shared  buff/cache   available
Mem:          48114        1936       42833         937        3344       44649
Swap:         24191           0       24191
Total:        72306        1936       67025

              total        used        free      shared  buff/cache   available
Mem:          48114        1938       42830         937        3344       44647
Swap:         24191           0       24191
Total:        72306        1938       67022

              total        used        free      shared  buff/cache   available
Mem:          48114        1943       42825         937        3344       44642
Swap:         24191           0       24191
Total:        72306        1943       67017

              total        used        free      shared  buff/cache   available
Mem:          48114        1941       42827         937        3344       44644
Swap:         24191           0       24191
Total:        72306        1941       67019

              total        used        free      shared  buff/cache   available
Mem:          48114        1942       42826         937        3344       44643
Swap:         24191           0       24191
Total:        72306        1942       67018

              total        used        free      shared  buff/cache   available
Mem:          48114        1942       42826         937        3345       44643
Swap:         24191           0       24191
Total:        72306        1942       67018

              total        used        free      shared  buff/cache   available
Mem:          48114        1943       42825         937        3345       44642
Swap:         24191           0       24191
Total:        72306        1943       67017

              total        used        free      shared  buff/cache   available
Mem:          48114        1943       42825         937        3345       44642
Swap:         24191           0       24191
Total:        72306        1943       67017

              total        used        free      shared  buff/cache   available
Mem:          48114        1942       42826         937        3345       44643
Swap:         24191           0       24191
Total:        72306        1942       67018

              total        used        free      shared  buff/cache   available
Mem:          48114        1940       42828         937        3345       44645
Swap:         24191           0       24191
Total:        72306        1940       67020

              total        used        free      shared  buff/cache   available
Mem:          48114        1939       42829         937        3345       44646
Swap:         24191           0       24191
Total:        72306        1939       67021

              total        used        free      shared  buff/cache   available
Mem:          48114        1938       42830         937        3345       44647
Swap:         24191           0       24191
Total:        72306        1938       67022

              total        used        free      shared  buff/cache   available
Mem:          48114        1938       42830         937        3345       44647
Swap:         24191           0       24191
Total:        72306        1938       67022

              total        used        free      shared  buff/cache   available
Mem:          48114        1937       42830         937        3345       44648
Swap:         24191           0       24191
Total:        72306        1937       67022

              total        used        free      shared  buff/cache   available
Mem:          48114        1936       42831         937        3345       44649
Swap:         24191           0       24191
Total:        72306        1936       67023

              total        used        free      shared  buff/cache   available
Mem:          48114        1936       42832         937        3345       44650
Swap:         24191           0       24191
Total:        72306        1936       67024

              total        used        free      shared  buff/cache   available
Mem:          48114        1935       42832         937        3345       44650
Swap:         24191           0       24191
Total:        72306        1935       67024

              total        used        free      shared  buff/cache   available
Mem:          48114        1934       42833         937        3346       44651
Swap:         24191           0       24191
Total:        72306        1934       67025

              total        used        free      shared  buff/cache   available
Mem:          48114        1936       42832         937        3346       44650
Swap:         24191           0       24191
Total:        72306        1936       67024

              total        used        free      shared  buff/cache   available
Mem:          48114        1937       42830         937        3346       44648
Swap:         24191           0       24191
Total:        72306        1937       67022

              total        used        free      shared  buff/cache   available
Mem:          48114        1937       42829         937        3346       44648
Swap:         24191           0       24191
Total:        72306        1937       67021

              total        used        free      shared  buff/cache   available
Mem:          48114        1938       42829         937        3346       44647
Swap:         24191           0       24191
Total:        72306        1938       67021

              total        used        free      shared  buff/cache   available
Mem:          48114        1941       42826         937        3346       44644
Swap:         24191           0       24191
Total:        72306        1941       67018

              total        used        free      shared  buff/cache   available
Mem:          48114        1940       42827         937        3346       44645
Swap:         24191           0       24191
Total:        72306        1940       67019

              total        used        free      shared  buff/cache   available
Mem:          48114        1942       42824         937        3346       44643
Swap:         24191           0       24191
Total:        72306        1942       67016

              total        used        free      shared  buff/cache   available
Mem:          48114        1938       42829         937        3346       44647
Swap:         24191           0       24191
Total:        72306        1938       67021

              total        used        free      shared  buff/cache   available
Mem:          48114        1939       42827         937        3346       44646
Swap:         24191           0       24191
Total:        72306        1939       67019

              total        used        free      shared  buff/cache   available
Mem:          48114        1939       42827         937        3346       44646
Swap:         24191           0       24191
Total:        72306        1939       67019

              total        used        free      shared  buff/cache   available
Mem:          48114        1941       42825         937        3347       44644
Swap:         24191           0       24191
Total:        72306        1941       67017

              total        used        free      shared  buff/cache   available
Mem:          48114        1938       42828         937        3347       44647
Swap:         24191           0       24191
Total:        72306        1938       67020

              total        used        free      shared  buff/cache   available
Mem:          48114        1937       42829         937        3347       44648
Swap:         24191           0       24191
Total:        72306        1937       67021

              total        used        free      shared  buff/cache   available
Mem:          48114        1940       42825         937        3347       44645
Swap:         24191           0       24191
Total:        72306        1940       67017

              total        used        free      shared  buff/cache   available
Mem:          48114        1934       42832         937        3347       44651
Swap:         24191           0       24191
Total:        72306        1934       67024

              total        used        free      shared  buff/cache   available
Mem:          48114        1938       42827         937        3347       44647
Swap:         24191           0       24191
Total:        72306        1938       67019

              total        used        free      shared  buff/cache   available
Mem:          48114        1938       42827         937        3347       44646
Swap:         24191           0       24191
Total:        72306        1938       67019

              total        used        free      shared  buff/cache   available
Mem:          48114        1937       42828         937        3347       44648
Swap:         24191           0       24191
Total:        72306        1937       67020

              total        used        free      shared  buff/cache   available
Mem:          48114        1935       42830         937        3348       44650
Swap:         24191           0       24191
Total:        72306        1935       67022

              total        used        free      shared  buff/cache   available
Mem:          48114        1938       42827         937        3348       44647
Swap:         24191           0       24191
Total:        72306        1938       67019

              total        used        free      shared  buff/cache   available
Mem:          48114        1933       42832         937        3348       44652
Swap:         24191           0       24191
Total:        72306        1933       67024

              total        used        free      shared  buff/cache   available
Mem:          48114        1936       42829         937        3348       44648
Swap:         24191           0       24191
Total:        72306        1936       67021

              total        used        free      shared  buff/cache   available
Mem:          48114        1936       42829         937        3348       44649
Swap:         24191           0       24191
Total:        72306        1936       67021

              total        used        free      shared  buff/cache   available
Mem:          48114        1935       42830         937        3348       44650
Swap:         24191           0       24191
Total:        72306        1935       67022

              total        used        free      shared  buff/cache   available
Mem:          48114        1934       42830         937        3348       44651
Swap:         24191           0       24191
Total:        72306        1934       67022

              total        used        free      shared  buff/cache   available
Mem:          48114        1935       42830         937        3348       44650
Swap:         24191           0       24191
Total:        72306        1935       67022

              total        used        free      shared  buff/cache   available
Mem:          48114        1934       42831         937        3348       44651
Swap:         24191           0       24191
Total:        72306        1934       67023

              total        used        free      shared  buff/cache   available
Mem:          48114        1933       42831         937        3348       44652
Swap:         24191           0       24191
Total:        72306        1933       67023

              total        used        free      shared  buff/cache   available
Mem:          48114        1935       42829         937        3349       44649
Swap:         24191           0       24191
Total:        72306        1935       67021

              total        used        free      shared  buff/cache   available
Mem:          48114        1936       42828         937        3349       44649
Swap:         24191           0       24191
Total:        72306        1936       67020

              total        used        free      shared  buff/cache   available
Mem:          48114        1935       42829         937        3349       44650
Swap:         24191           0       24191
Total:        72306        1935       67021

              total        used        free      shared  buff/cache   available
Mem:          48114        1937       42827         937        3349       44648
Swap:         24191           0       24191
Total:        72306        1937       67019

              total        used        free      shared  buff/cache   available
Mem:          48114        1931       42833         937        3349       44654
Swap:         24191           0       24191
Total:        72306        1931       67025

              total        used        free      shared  buff/cache   available
Mem:          48114        1933       42830         937        3349       44652
Swap:         24191           0       24191
Total:        72306        1933       67022

              total        used        free      shared  buff/cache   available
Mem:          48114        1929       42835         937        3349       44656
Swap:         24191           0       24191
Total:        72306        1929       67027

              total        used        free      shared  buff/cache   available
Mem:          48114        1931       42832         937        3349       44654
Swap:         24191           0       24191
Total:        72306        1931       67024

              total        used        free      shared  buff/cache   available
Mem:          48114        1930       42833         937        3349       44655
Swap:         24191           0       24191
Total:        72306        1930       67025

              total        used        free      shared  buff/cache   available
Mem:          48114        1935       42829         937        3349       44650
Swap:         24191           0       24191
Total:        72306        1935       67021

              total        used        free      shared  buff/cache   available
Mem:          48114        1931       42832         937        3349       44654
Swap:         24191           0       24191
Total:        72306        1931       67024

              total        used        free      shared  buff/cache   available
Mem:          48114        1935       42828         937        3349       44650
Swap:         24191           0       24191
Total:        72306        1935       67020

              total        used        free      shared  buff/cache   available
Mem:          48114        1932       42831         937        3349       44653
Swap:         24191           0       24191
Total:        72306        1932       67023

              total        used        free      shared  buff/cache   available
Mem:          48114        1937       42826         937        3349       44648
Swap:         24191           0       24191
Total:        72306        1937       67018

              total        used        free      shared  buff/cache   available
Mem:          48114        1934       42829         937        3349       44651
Swap:         24191           0       24191
Total:        72306        1934       67021

              total        used        free      shared  buff/cache   available
Mem:          48114        1938       42825         937        3349       44647
Swap:         24191           0       24191
Total:        72306        1938       67017

              total        used        free      shared  buff/cache   available
Mem:          48114        1936       42827         937        3350       44649
Swap:         24191           0       24191
Total:        72306        1936       67019

              total        used        free      shared  buff/cache   available
Mem:          48114        1933       42830         937        3350       44652
Swap:         24191           0       24191
Total:        72306        1933       67022

              total        used        free      shared  buff/cache   available
Mem:          48114        1935       42828         937        3350       44650
Swap:         24191           0       24191
Total:        72306        1935       67020

              total        used        free      shared  buff/cache   available
Mem:          48114        1937       42825         937        3350       44648
Swap:         24191           0       24191
Total:        72306        1937       67017

              total        used        free      shared  buff/cache   available
Mem:          48114        1935       42828         937        3350       44651
Swap:         24191           0       24191
Total:        72306        1935       67020

              total        used        free      shared  buff/cache   available
Mem:          48114        1936       42827         937        3350       44649
Swap:         24191           0       24191
Total:        72306        1936       67019

              total        used        free      shared  buff/cache   available
Mem:          48114        1937       42825         937        3350       44648
Swap:         24191           0       24191
Total:        72306        1937       67017

              total        used        free      shared  buff/cache   available
Mem:          48114        1933       42829         937        3350       44652
Swap:         24191           0       24191
Total:        72306        1933       67021

              total        used        free      shared  buff/cache   available
Mem:          48114        1933       42829         937        3351       44652
Swap:         24191           0       24191
Total:        72306        1933       67021

              total        used        free      shared  buff/cache   available
Mem:          48114        1932       42831         937        3351       44654
Swap:         24191           0       24191
Total:        72306        1932       67023

              total        used        free      shared  buff/cache   available
Mem:          48114        1931       42831         937        3351       44654
Swap:         24191           0       24191
Total:        72306        1931       67023

              total        used        free      shared  buff/cache   available
Mem:          48114        1930       42832         937        3351       44655
Swap:         24191           0       24191
Total:        72306        1930       67024

              total        used        free      shared  buff/cache   available
Mem:          48114        1931       42831         937        3351       44654
Swap:         24191           0       24191
Total:        72306        1931       67023

              total        used        free      shared  buff/cache   available
Mem:          48114        1930       42832         937        3351       44655
Swap:         24191           0       24191
Total:        72306        1930       67024

              total        used        free      shared  buff/cache   available
Mem:          48114        1931       42830         937        3351       44654
Swap:         24191           0       24191
Total:        72306        1931       67022

              total        used        free      shared  buff/cache   available
Mem:          48114        1931       42830         937        3351       44654
Swap:         24191           0       24191
Total:        72306        1931       67022

              total        used        free      shared  buff/cache   available
Mem:          48114        1930       42831         937        3351       44655
Swap:         24191           0       24191
Total:        72306        1930       67023

              total        used        free      shared  buff/cache   available
Mem:          48114        1931       42831         937        3351       44655
Swap:         24191           0       24191
Total:        72306        1931       67023

              total        used        free      shared  buff/cache   available
Mem:          48114        1930       42832         937        3351       44656
Swap:         24191           0       24191
Total:        72306        1930       67024

              total        used        free      shared  buff/cache   available
Mem:          48114        1936       42825         937        3351       44649
Swap:         24191           0       24191
Total:        72306        1936       67017

              total        used        free      shared  buff/cache   available
Mem:          48114        1934       42827         937        3352       44651
Swap:         24191           0       24191
Total:        72306        1934       67019

              total        used        free      shared  buff/cache   available
Mem:          48114        1932       42829         937        3352       44653
Swap:         24191           0       24191
Total:        72306        1932       67021

              total        used        free      shared  buff/cache   available
Mem:          48114        1930       42831         937        3352       44655
Swap:         24191           0       24191
Total:        72306        1930       67023

              total        used        free      shared  buff/cache   available
Mem:          48114        1933       42828         937        3352       44653
Swap:         24191           0       24191
Total:        72306        1933       67020

              total        used        free      shared  buff/cache   available
Mem:          48114        1932       42829         937        3352       44653
Swap:         24191           0       24191
Total:        72306        1932       67021

              total        used        free      shared  buff/cache   available
Mem:          48114        1933       42828         937        3352       44652
Swap:         24191           0       24191
Total:        72306        1933       67020

              total        used        free      shared  buff/cache   available
Mem:          48114        1935       42825         937        3352       44650
Swap:         24191           0       24191
Total:        72306        1935       67017

              total        used        free      shared  buff/cache   available
Mem:          48114        1936       42825         937        3352       44650
Swap:         24191           0       24191
Total:        72306        1936       67017

              total        used        free      shared  buff/cache   available
Mem:          48114        1936       42824         937        3352       44649
Swap:         24191           0       24191
Total:        72306        1936       67016

              total        used        free      shared  buff/cache   available
Mem:          48114        1935       42825         937        3352       44650
Swap:         24191           0       24191
Total:        72306        1935       67017

              total        used        free      shared  buff/cache   available
Mem:          48114        1932       42828         937        3352       44653
Swap:         24191           0       24191
Total:        72306        1932       67020

              total        used        free      shared  buff/cache   available
Mem:          48114        1933       42827         937        3352       44652
Swap:         24191           0       24191
Total:        72306        1933       67019

              total        used        free      shared  buff/cache   available
Mem:          48114        1936       42824         937        3352       44649
Swap:         24191           0       24191
Total:        72306        1936       67016

              total        used        free      shared  buff/cache   available
Mem:          48114        1934       42826         937        3353       44651
Swap:         24191           0       24191
Total:        72306        1934       67018

              total        used        free      shared  buff/cache   available
Mem:          48114        1933       42827         937        3353       44652
Swap:         24191           0       24191
Total:        72306        1933       67019

              total        used        free      shared  buff/cache   available
Mem:          48114        1935       42825         937        3353       44651
Swap:         24191           0       24191
Total:        72306        1935       67017

              total        used        free      shared  buff/cache   available
Mem:          48114        1937       42823         937        3353       44648
Swap:         24191           0       24191
Total:        72306        1937       67015

              total        used        free      shared  buff/cache   available
Mem:          48114        1933       42827         937        3353       44653
Swap:         24191           0       24191
Total:        72306        1933       67019

              total        used        free      shared  buff/cache   available
Mem:          48114        1935       42825         937        3353       44650
Swap:         24191           0       24191
Total:        72306        1935       67017

              total        used        free      shared  buff/cache   available
Mem:          48114        1936       42824         937        3353       44649
Swap:         24191           0       24191
Total:        72306        1936       67016

              total        used        free      shared  buff/cache   available
Mem:          48114        1933       42827         937        3353       44652
Swap:         24191           0       24191
Total:        72306        1933       67019

              total        used        free      shared  buff/cache   available
Mem:          48114        1937       42822         937        3353       44648
Swap:         24191           0       24191
Total:        72306        1937       67014

              total        used        free      shared  buff/cache   available
Mem:          48114        1933       42827         937        3353       44653
Swap:         24191           0       24191
Total:        72306        1933       67019

              total        used        free      shared  buff/cache   available
Mem:          48114        1934       42825         937        3353       44652
Swap:         24191           0       24191
Total:        72306        1934       67017

              total        used        free      shared  buff/cache   available
Mem:          48114        1933       42826         937        3354       44652
Swap:         24191           0       24191
Total:        72306        1933       67018

              total        used        free      shared  buff/cache   available
Mem:          48114        1936       42823         937        3354       44650
Swap:         24191           0       24191
Total:        72306        1936       67015

              total        used        free      shared  buff/cache   available
Mem:          48114        1934       42825         937        3354       44651
Swap:         24191           0       24191
Total:        72306        1934       67017

              total        used        free      shared  buff/cache   available
Mem:          48114        1933       42826         937        3354       44653
Swap:         24191           0       24191
Total:        72306        1933       67018

              total        used        free      shared  buff/cache   available
Mem:          48114        1932       42827         937        3354       44653
Swap:         24191           0       24191
Total:        72306        1932       67019

              total        used        free      shared  buff/cache   available
Mem:          48114        1935       42823         937        3354       44650
Swap:         24191           0       24191
Total:        72306        1935       67015

              total        used        free      shared  buff/cache   available
Mem:          48114        1932       42826         937        3354       44653
Swap:         24191           0       24191
Total:        72306        1932       67018

              total        used        free      shared  buff/cache   available
Mem:          48114        1938       42821         937        3354       44648
Swap:         24191           0       24191
Total:        72306        1938       67013

              total        used        free      shared  buff/cache   available
Mem:          48114        1935       42823         937        3354       44650
Swap:         24191           0       24191
Total:        72306        1935       67015

              total        used        free      shared  buff/cache   available
Mem:          48114        1935       42823         937        3355       44650
Swap:         24191           0       24191
Total:        72306        1935       67015

              total        used        free      shared  buff/cache   available
Mem:          48114        1933       42825         937        3355       44653
Swap:         24191           0       24191
Total:        72306        1933       67017

              total        used        free      shared  buff/cache   available
Mem:          48114        1933       42825         937        3355       44652
Swap:         24191           0       24191
Total:        72306        1933       67017

              total        used        free      shared  buff/cache   available
Mem:          48114        1933       42825         937        3355       44652
Swap:         24191           0       24191
Total:        72306        1933       67017

              total        used        free      shared  buff/cache   available
Mem:          48114        1934       42824         937        3355       44652
Swap:         24191           0       24191
Total:        72306        1934       67016

              total        used        free      shared  buff/cache   available
Mem:          48114        1932       42826         937        3355       44653
Swap:         24191           0       24191
Total:        72306        1932       67018

              total        used        free      shared  buff/cache   available
Mem:          48114        1934       42824         937        3355       44651
Swap:         24191           0       24191
Total:        72306        1934       67016

              total        used        free      shared  buff/cache   available
Mem:          48114        1933       42824         937        3355       44652
Swap:         24191           0       24191
Total:        72306        1933       67016

              total        used        free      shared  buff/cache   available
Mem:          48114        1934       42823         937        3355       44651
Swap:         24191           0       24191
Total:        72306        1934       67015

              total        used        free      shared  buff/cache   available
Mem:          48114        1933       42824         937        3355       44652
Swap:         24191           0       24191
Total:        72306        1933       67016

              total        used        free      shared  buff/cache   available
Mem:          48114        1934       42823         937        3356       44652
Swap:         24191           0       24191
Total:        72306        1934       67015

              total        used        free      shared  buff/cache   available
Mem:          48114        1932       42825         937        3356       44653
Swap:         24191           0       24191
Total:        72306        1932       67017
