09:24:01 PM      eth0     34.00     29.00      6.87      7.88      0.00      0.00      0.00
09:24:02 PM      eth0     51.00     48.00     11.01     13.32      0.00      0.00      0.00
09:24:03 PM      eth0     74.00     66.00     16.46     17.90      0.00      0.00      0.00
09:24:04 PM      eth0     80.00     74.00     19.19     21.73      0.00      0.00      0.00
09:24:05 PM      eth0     77.00     66.00     17.22     17.90      0.00      0.00      0.00
09:24:06 PM      eth0     80.00     74.00     19.19     21.73      0.00      0.00      0.00
09:24:07 PM      eth0     77.00     69.00     16.75     18.27      0.00      0.00      0.00
09:24:08 PM      eth0 299973.00  31101.00 443344.76   3536.83      0.00      0.00      0.00
09:24:09 PM      eth0 803383.00 172951.00 1187553.76  19776.20      0.00      0.00      0.00
09:24:10 PM      eth0 810124.00 172335.00 1197505.51  20192.42      0.00      0.00      0.00
09:24:11 PM      eth0 805909.00 228729.00 1191367.23  27481.23      0.00      0.00      0.00
09:24:12 PM      eth0 799209.00 264841.00 1181501.51  31824.43      0.00      0.00      0.00
09:24:13 PM      eth0 793809.00 315108.00 1173529.48  38782.71      0.00      0.00      0.00
09:24:14 PM      eth0 758576.00 296191.00 1121462.63  36221.38      0.00      0.00      0.00
09:24:15 PM      eth0 747469.00 248834.00 1105118.44  29898.75      0.00      0.00      0.00
09:24:16 PM      eth0 707695.00 246181.00 1046328.28  29345.97      0.00      0.00      0.00
09:24:17 PM      eth0 775134.00 253701.00 1146027.02  29986.70      0.00      0.00      0.00
09:24:18 PM      eth0 562445.00 211961.00 831569.28  25253.84      0.00      0.00      0.00
09:24:19 PM      eth0 471676.00 192628.00 697367.16  23069.86      0.00      0.00      0.00
09:24:20 PM      eth0 465842.00 192964.00 688743.27  22814.11      0.00      0.00      0.00
09:24:21 PM      eth0 452427.00 187590.00 668911.34  22189.84      0.00      0.00      0.00
09:24:22 PM      eth0 439057.00 195184.00 649140.13  23213.27      0.00      0.00      0.00
09:24:23 PM      eth0 444725.00 208055.00 657520.91  24964.24      0.00      0.00      0.00
09:24:24 PM      eth0 433533.00 199402.00 640973.23  23690.84      0.00      0.00      0.00
09:24:25 PM      eth0 441415.00 207845.00 652628.04  24835.81      0.00      0.00      0.00
09:24:26 PM      eth0 468651.00 210118.00 692886.32  25074.71      0.00      0.00      0.00
09:24:27 PM      eth0 461939.00 209492.00 682974.42  24849.12      0.00      0.00      0.00
09:24:28 PM      eth0 692744.00 270561.00 1024214.66  31645.83      0.00      0.00      0.00
09:24:29 PM      eth0 686882.00 276944.00 1015550.86  32770.22      0.00      0.00      0.00
09:24:30 PM      eth0 724697.00 274437.00 1071462.23  32427.56      0.00      0.00      0.00
09:24:31 PM      eth0 711718.00 276120.00 1052272.86  32790.40      0.00      0.00      0.00
09:24:32 PM      eth0 697001.00 276485.00 1030506.67  32833.51      0.00      0.00      0.00
09:24:33 PM      eth0 723473.27 270111.88 1069657.91  31971.21      0.00      0.00      0.00
09:24:34 PM      eth0 705548.00 265060.00 1043153.13  31229.71      0.00      0.00      0.00
09:24:35 PM      eth0 745301.00 270507.00 1101925.03  31845.66      0.00      0.00      0.00
09:24:36 PM      eth0 728872.00 272784.00 1077635.35  32259.13      0.00      0.00      0.00
09:24:37 PM      eth0 710267.00 270327.00 1050125.96  32057.25      0.00      0.00      0.00
09:24:38 PM      eth0 684004.00 279313.00 1010997.66  33351.65      0.00      0.00      0.00
09:24:39 PM      eth0 684409.00 286664.00 1011897.44  34281.89      0.00      0.00      0.00
09:24:40 PM      eth0 689236.00 279401.00 1019033.84  33269.70      0.00      0.00      0.00
09:24:41 PM      eth0 666190.00 272954.00 984964.62  32461.81      0.00      0.00      0.00
09:24:42 PM      eth0 652639.00 257784.00 964926.71  30375.96      0.00      0.00      0.00
09:24:43 PM      eth0 648821.00 272206.00 959274.37  32292.98      0.00      0.00      0.00
09:24:44 PM      eth0 654883.00 275459.00 968241.45  32686.65      0.00      0.00      0.00
09:24:45 PM      eth0 662953.00 276246.00 980176.14  32778.32      0.00      0.00      0.00
09:24:46 PM      eth0 650792.00 261981.00 962188.18  30976.74      0.00      0.00      0.00
09:24:47 PM      eth0 653801.00 271206.00 966630.09  32075.86      0.00      0.00      0.00
09:24:48 PM      eth0 676989.00 283857.00 1000925.93  33758.31      0.00      0.00      0.00
09:24:49 PM      eth0 665181.00 273739.00 983467.93  32540.90      0.00      0.00      0.00
09:24:50 PM      eth0 665179.00 259209.00 983462.59  30611.45      0.00      0.00      0.00
09:24:51 PM      eth0 660238.00 263283.00 976160.41  31076.33      0.00      0.00      0.00
09:24:52 PM      eth0 619714.00 257413.00 916242.75  30503.15      0.00      0.00      0.00
09:24:53 PM      eth0 663695.00 270354.00 981271.38  31957.88      0.00      0.00      0.00
09:24:54 PM      eth0 628366.00 268460.00 929031.75  31975.31      0.00      0.00      0.00
09:24:55 PM      eth0 695262.00 279443.00 1027940.52  33118.98      0.00      0.00      0.00
09:24:56 PM      eth0 688732.00 265537.00 1018287.94  31305.13      0.00      0.00      0.00
09:24:57 PM      eth0 676858.00 254131.00 1000730.54  29957.64      0.00      0.00      0.00
09:24:58 PM      eth0 656945.00 271670.00 971134.79  32478.48      0.00      0.00      0.00
09:24:59 PM      eth0 682694.00 284908.00 1009354.07  34079.26      0.00      0.00      0.00
09:25:00 PM      eth0 675377.00 271397.00 998535.36  32278.39      0.00      0.00      0.00
09:25:01 PM      eth0 700401.00 282564.00 1035540.14  33713.95      0.00      0.00      0.00
09:25:02 PM      eth0 708364.00 265570.00 1047309.92  31334.54      0.00      0.00      0.00
09:25:03 PM      eth0 711441.00 276968.00 1051860.08  32688.28      0.00      0.00      0.00
09:25:04 PM      eth0 678442.00 266794.00 1003073.44  31440.03      0.00      0.00      0.00
09:25:05 PM      eth0 682166.00 280950.00 1008576.65  33524.72      0.00      0.00      0.00
09:25:06 PM      eth0 699961.00 265344.00 1034890.96  31437.46      0.00      0.00      0.00
09:25:07 PM      eth0 689939.00 276197.00 1020074.40  32941.43      0.00      0.00      0.00
09:25:08 PM      eth0 745573.00 278339.00 1102334.02  32805.04      0.00      0.00      0.00
09:25:09 PM      eth0 715397.00 269276.00 1057715.71  31793.48      0.00      0.00      0.00
09:25:10 PM      eth0 722324.00 265573.00 1067949.95  31231.63      0.00      0.00      0.00
09:25:11 PM      eth0 728515.00 282552.00 1077108.57  33503.11      0.00      0.00      0.00
09:25:12 PM      eth0 734496.00 271437.00 1085953.04  32020.09      0.00      0.00      0.00
09:25:13 PM      eth0 727688.00 264764.00 1075885.46  31411.95      0.00      0.00      0.00
09:25:14 PM      eth0 719272.00 252128.00 1063442.26  29628.95      0.00      0.00      0.00
09:25:15 PM      eth0 719130.00 263382.00 1063227.05  31001.43      0.00      0.00      0.00
09:25:16 PM      eth0 695749.00 269427.00 1028661.86  31920.33      0.00      0.00      0.00
09:25:17 PM      eth0 686716.00 266037.00 1015294.13  31596.61      0.00      0.00      0.00
09:25:18 PM      eth0 660282.00 273636.00 976227.40  32588.68      0.00      0.00      0.00
09:25:19 PM      eth0 662844.00 270416.00 980010.26  32232.68      0.00      0.00      0.00
09:25:20 PM      eth0 640173.00 266540.00 946493.13  31766.83      0.00      0.00      0.00
09:25:21 PM      eth0 686899.00 276254.00 1015576.51  32753.87      0.00      0.00      0.00
09:25:22 PM      eth0 675557.00 260909.00 998806.41  30860.82      0.00      0.00      0.00
09:25:23 PM      eth0 733909.00 275319.00 1085082.84  32622.55      0.00      0.00      0.00
09:25:24 PM      eth0 751028.00 266323.00 1110397.06  31494.00      0.00      0.00      0.00
09:25:25 PM      eth0 688596.00 271675.00 1018085.71  32321.96      0.00      0.00      0.00
09:25:26 PM      eth0 706441.00 275531.00 1044471.19  32677.58      0.00      0.00      0.00
09:25:27 PM      eth0 697993.00 265202.00 1031981.94  31521.55      0.00      0.00      0.00
09:25:28 PM      eth0 704461.00 278809.00 1041533.28  33023.72      0.00      0.00      0.00
09:25:29 PM      eth0 700874.00 274723.00 1036243.14  32550.14      0.00      0.00      0.00
09:25:30 PM      eth0 679970.00 271474.00 1005331.54  32144.88      0.00      0.00      0.00
09:25:31 PM      eth0 708077.00 272320.00 1046894.37  32126.46      0.00      0.00      0.00
09:25:32 PM      eth0 664541.00 271635.00 982520.23  32249.85      0.00      0.00      0.00
09:25:33 PM      eth0 690704.00 272308.00 1021204.98  32278.25      0.00      0.00      0.00
09:25:34 PM      eth0 710093.00 290318.00 1049873.15  34542.07      0.00      0.00      0.00
09:25:35 PM      eth0 677998.00 271548.00 1002416.69  32334.89      0.00      0.00      0.00
09:25:36 PM      eth0 710365.00 264271.00 1050274.70  31156.56      0.00      0.00      0.00
09:25:37 PM      eth0 694863.00 275307.00 1027350.94  32670.81      0.00      0.00      0.00
09:25:38 PM      eth0 706129.00 285297.00 1044007.77  33880.11      0.00      0.00      0.00
09:25:39 PM      eth0 697536.00 282704.00 1031301.47  33678.31      0.00      0.00      0.00
09:25:40 PM      eth0 654560.00 253164.00 967766.49  30089.51      0.00      0.00      0.00
09:25:41 PM      eth0 665002.00 267621.00 983197.62  31886.85      0.00      0.00      0.00
09:25:42 PM      eth0 674508.00 281991.00 997258.82  33624.27      0.00      0.00      0.00
09:25:43 PM      eth0 676382.00 272878.00 1000027.04  32499.00      0.00      0.00      0.00
09:25:44 PM      eth0 647931.00 263398.00 957959.65  31439.40      0.00      0.00      0.00
09:25:45 PM      eth0 657130.00 275838.00 971562.27  32859.10      0.00      0.00      0.00
09:25:46 PM      eth0 687566.00 284218.00 1016563.17  33802.53      0.00      0.00      0.00
09:25:47 PM      eth0 643415.00 272378.00 951274.52  32557.12      0.00      0.00      0.00
09:25:48 PM      eth0 678897.00 277564.00 1003752.32  32949.93      0.00      0.00      0.00
09:25:49 PM      eth0 649477.00 269148.00 960249.82  32015.84      0.00      0.00      0.00
09:25:50 PM      eth0 666112.00 278997.00 984839.22  33274.76      0.00      0.00      0.00
09:25:51 PM      eth0 660771.00 280594.00 976945.96  33606.57      0.00      0.00      0.00
09:25:52 PM      eth0 661760.00 277667.00 978409.41  33206.62      0.00      0.00      0.00
09:25:53 PM      eth0 703032.00 278359.00 1039430.67  33058.43      0.00      0.00      0.00
09:25:54 PM      eth0 700561.00 280723.00 1035779.49  33434.70      0.00      0.00      0.00
09:25:55 PM      eth0 716367.00 294529.00 1059147.77  35307.33      0.00      0.00      0.00
09:25:56 PM      eth0 689924.00 290204.00 1020046.52  34711.40      0.00      0.00      0.00
09:25:57 PM      eth0 694788.00 285104.00 1027240.12  34019.44      0.00      0.00      0.00
09:25:58 PM      eth0 713637.00 286640.00 1055097.15  34190.91      0.00      0.00      0.00
09:25:59 PM      eth0 685633.00 284804.00 1013702.35  34027.69      0.00      0.00      0.00
09:26:00 PM      eth0 691779.00 294784.00 1022785.01  35235.77      0.00      0.00      0.00
09:26:01 PM      eth0 693706.00 295905.00 1025635.91  35534.52      0.00      0.00      0.00
09:26:02 PM      eth0 712422.00 294739.00 1053294.92  35413.19      0.00      0.00      0.00
09:26:03 PM      eth0 700984.00 288277.00 1036400.82  34480.01      0.00      0.00      0.00
09:26:04 PM      eth0 688934.00 280881.00 1018577.38  33453.38      0.00      0.00      0.00
09:26:05 PM      eth0 676938.00 280868.00 1000854.21  33550.18      0.00      0.00      0.00
09:26:06 PM      eth0 713341.00 285977.00 1054673.72  33957.27      0.00      0.00      0.00
09:26:07 PM      eth0 706695.00 291260.00 1044847.73  34786.68      0.00      0.00      0.00
09:26:08 PM      eth0 733604.00 289007.00 1084626.09  34364.10      0.00      0.00      0.00
09:26:09 PM      eth0 812383.00 252496.00 1201097.25  29747.67      0.00      0.00      0.00
09:26:10 PM      eth0 812937.00 212073.00 1201923.66  24842.67      0.00      0.00      0.00
09:26:11 PM      eth0 812881.00 183778.00 1201842.74  21357.62      0.00      0.00      0.00
09:26:12 PM      eth0 812741.00 144918.00 1201637.16  16736.47      0.00      0.00      0.00
09:26:13 PM      eth0 811996.00  85347.00 1200537.60   9728.68      0.00      0.00      0.00
09:26:14 PM      eth0 701896.00  38153.00 1037752.69   4334.29      0.00      0.00      0.00
