              total        used        free      shared  buff/cache   available
Mem:          48114        7363       24091        2491       16659       37390
Swap:         24191           0       24191
Total:        72306        7363       48283

              total        used        free      shared  buff/cache   available
Mem:          48114        7369       24084        2491       16660       37384
Swap:         24191           0       24191
Total:        72306        7369       48276

              total        used        free      shared  buff/cache   available
Mem:          48114        7371       24082        2491       16660       37381
Swap:         24191           0       24191
Total:        72306        7371       48274

              total        used        free      shared  buff/cache   available
Mem:          48114        7374       24079        2491       16660       37379
Swap:         24191           0       24191
Total:        72306        7374       48271

              total        used        free      shared  buff/cache   available
Mem:          48114        7373       24080        2491       16660       37379
Swap:         24191           0       24191
Total:        72306        7373       48272

              total        used        free      shared  buff/cache   available
Mem:          48114        7371       24081        2491       16660       37381
Swap:         24191           0       24191
Total:        72306        7372       48273

              total        used        free      shared  buff/cache   available
Mem:          48114        7380       24073        2491       16660       37372
Swap:         24191           0       24191
Total:        72306        7380       48265

              total        used        free      shared  buff/cache   available
Mem:          48114        7381       24071        2491       16660       37371
Swap:         24191           0       24191
Total:        72306        7381       48263

              total        used        free      shared  buff/cache   available
Mem:          48114        7377       24075        2491       16661       37375
Swap:         24191           0       24191
Total:        72306        7377       48267

              total        used        free      shared  buff/cache   available
Mem:          48114        7376       24076        2491       16661       37376
Swap:         24191           0       24191
Total:        72306        7376       48268

              total        used        free      shared  buff/cache   available
Mem:          48114        7382       24070        2491       16661       37370
Swap:         24191           0       24191
Total:        72306        7382       48262

              total        used        free      shared  buff/cache   available
Mem:          48114        7383       24069        2491       16661       37369
Swap:         24191           0       24191
Total:        72306        7383       48261

              total        used        free      shared  buff/cache   available
Mem:          48114        7377       24075        2491       16661       37375
Swap:         24191           0       24191
Total:        72306        7377       48267

              total        used        free      shared  buff/cache   available
Mem:          48114        7371       24081        2491       16661       37382
Swap:         24191           0       24191
Total:        72306        7371       48273

              total        used        free      shared  buff/cache   available
Mem:          48114        7384       24067        2491       16662       37368
Swap:         24191           0       24191
Total:        72306        7384       48259

              total        used        free      shared  buff/cache   available
Mem:          48114        7391       24060        2491       16662       37361
Swap:         24191           0       24191
Total:        72306        7391       48252

              total        used        free      shared  buff/cache   available
Mem:          48114        7389       24063        2491       16662       37364
Swap:         24191           0       24191
Total:        72306        7389       48254

              total        used        free      shared  buff/cache   available
Mem:          48114        7386       24065        2491       16662       37366
Swap:         24191           0       24191
Total:        72306        7386       48257

              total        used        free      shared  buff/cache   available
Mem:          48114        7383       24068        2491       16662       37369
Swap:         24191           0       24191
Total:        72306        7383       48259

              total        used        free      shared  buff/cache   available
Mem:          48114        7383       24068        2491       16662       37369
Swap:         24191           0       24191
Total:        72306        7383       48260

              total        used        free      shared  buff/cache   available
Mem:          48114        7395       24056        2491       16662       37357
Swap:         24191           0       24191
Total:        72306        7395       48247

              total        used        free      shared  buff/cache   available
Mem:          48114        7392       24058        2491       16663       37360
Swap:         24191           0       24191
Total:        72306        7392       48250

              total        used        free      shared  buff/cache   available
Mem:          48114        7391       24059        2491       16663       37361
Swap:         24191           0       24191
Total:        72306        7391       48251

              total        used        free      shared  buff/cache   available
Mem:          48114        7390       24060        2491       16663       37362
Swap:         24191           0       24191
Total:        72306        7390       48252

              total        used        free      shared  buff/cache   available
Mem:          48114        7398       24052        2491       16663       37354
Swap:         24191           0       24191
Total:        72306        7398       48244

              total        used        free      shared  buff/cache   available
Mem:          48114        7392       24058        2491       16663       37360
Swap:         24191           0       24191
Total:        72306        7392       48250

              total        used        free      shared  buff/cache   available
Mem:          48114        7384       24066        2491       16663       37368
Swap:         24191           0       24191
Total:        72306        7384       48258

              total        used        free      shared  buff/cache   available
Mem:          48114        7388       24062        2491       16663       37364
Swap:         24191           0       24191
Total:        72306        7388       48254

              total        used        free      shared  buff/cache   available
Mem:          48114        7387       24063        2491       16663       37365
Swap:         24191           0       24191
Total:        72306        7387       48255

              total        used        free      shared  buff/cache   available
Mem:          48114        7419       24029        2491       16664       37332
Swap:         24191           0       24191
Total:        72306        7419       48221

              total        used        free      shared  buff/cache   available
Mem:          48114        7413       24036        2491       16664       37339
Swap:         24191           0       24191
Total:        72306        7413       48228

              total        used        free      shared  buff/cache   available
Mem:          48114        7396       24052        2491       16664       37355
Swap:         24191           0       24191
Total:        72306        7397       48244

              total        used        free      shared  buff/cache   available
Mem:          48114        7400       24048        2491       16664       37351
Swap:         24191           0       24191
Total:        72306        7401       48240

              total        used        free      shared  buff/cache   available
Mem:          48114        7397       24051        2491       16664       37354
Swap:         24191           0       24191
Total:        72306        7398       48243

              total        used        free      shared  buff/cache   available
Mem:          48114        7390       24058        2491       16664       37361
Swap:         24191           0       24191
Total:        72306        7391       48250

              total        used        free      shared  buff/cache   available
Mem:          48114        7388       24060        2491       16664       37363
Swap:         24191           0       24191
Total:        72306        7388       48252

              total        used        free      shared  buff/cache   available
Mem:          48114        7392       24056        2491       16665       37360
Swap:         24191           0       24191
Total:        72306        7392       48248

              total        used        free      shared  buff/cache   available
Mem:          48114        7388       24060        2491       16665       37363
Swap:         24191           0       24191
Total:        72306        7389       48252

              total        used        free      shared  buff/cache   available
Mem:          48114        7375       24073        2491       16665       37377
Swap:         24191           0       24191
Total:        72306        7375       48265

              total        used        free      shared  buff/cache   available
Mem:          48114        7376       24072        2491       16665       37376
Swap:         24191           0       24191
Total:        72306        7376       48264

              total        used        free      shared  buff/cache   available
Mem:          48114        7377       24071        2491       16665       37375
Swap:         24191           0       24191
Total:        72306        7377       48263

              total        used        free      shared  buff/cache   available
Mem:          48114        7378       24070        2491       16665       37374
Swap:         24191           0       24191
Total:        72306        7378       48262

              total        used        free      shared  buff/cache   available
Mem:          48114        7372       24075        2491       16665       37380
Swap:         24191           0       24191
Total:        72306        7372       48267

              total        used        free      shared  buff/cache   available
Mem:          48114        7368       24079        2491       16665       37383
Swap:         24191           0       24191
Total:        72306        7369       48271

              total        used        free      shared  buff/cache   available
Mem:          48114        7367       24081        2491       16665       37385
Swap:         24191           0       24191
Total:        72306        7367       48273

              total        used        free      shared  buff/cache   available
Mem:          48114        7366       24081        2491       16666       37386
Swap:         24191           0       24191
Total:        72306        7366       48273

              total        used        free      shared  buff/cache   available
Mem:          48114        7368       24079        2491       16666       37384
Swap:         24191           0       24191
Total:        72306        7368       48271

              total        used        free      shared  buff/cache   available
Mem:          48114        7367       24080        2491       16666       37385
Swap:         24191           0       24191
Total:        72306        7367       48272

              total        used        free      shared  buff/cache   available
Mem:          48114        7374       24073        2491       16666       37378
Swap:         24191           0       24191
Total:        72306        7374       48265

              total        used        free      shared  buff/cache   available
Mem:          48114        7376       24071        2491       16666       37376
Swap:         24191           0       24191
Total:        72306        7376       48263

              total        used        free      shared  buff/cache   available
Mem:          48114        7381       24066        2491       16666       37371
Swap:         24191           0       24191
Total:        72306        7381       48258

              total        used        free      shared  buff/cache   available
Mem:          48114        7385       24062        2491       16666       37367
Swap:         24191           0       24191
Total:        72306        7385       48253

              total        used        free      shared  buff/cache   available
Mem:          48114        7387       24059        2491       16666       37365
Swap:         24191           0       24191
Total:        72306        7387       48251

              total        used        free      shared  buff/cache   available
Mem:          48114        7387       24060        2491       16667       37365
Swap:         24191           0       24191
Total:        72306        7387       48251

              total        used        free      shared  buff/cache   available
Mem:          48114        7387       24059        2491       16667       37365
Swap:         24191           0       24191
Total:        72306        7387       48251

              total        used        free      shared  buff/cache   available
Mem:          48114        7389       24057        2491       16667       37363
Swap:         24191           0       24191
Total:        72306        7389       48249

              total        used        free      shared  buff/cache   available
Mem:          48114        7393       24053        2491       16667       37359
Swap:         24191           0       24191
Total:        72306        7393       48245

              total        used        free      shared  buff/cache   available
Mem:          48114        7393       24053        2491       16667       37359
Swap:         24191           0       24191
Total:        72306        7393       48245

              total        used        free      shared  buff/cache   available
Mem:          48114        7392       24054        2491       16667       37360
Swap:         24191           0       24191
Total:        72306        7392       48246

              total        used        free      shared  buff/cache   available
Mem:          48114        7390       24055        2491       16667       37362
Swap:         24191           0       24191
Total:        72306        7390       48247

              total        used        free      shared  buff/cache   available
Mem:          48114        7390       24056        2491       16667       37362
Swap:         24191           0       24191
Total:        72306        7390       48247

              total        used        free      shared  buff/cache   available
Mem:          48114        7382       24064        2491       16668       37370
Swap:         24191           0       24191
Total:        72306        7382       48256

              total        used        free      shared  buff/cache   available
Mem:          48114        7377       24069        2491       16668       37375
Swap:         24191           0       24191
Total:        72306        7377       48260

              total        used        free      shared  buff/cache   available
Mem:          48114        7377       24068        2491       16668       37375
Swap:         24191           0       24191
Total:        72306        7377       48260

              total        used        free      shared  buff/cache   available
Mem:          48114        7369       24076        2491       16668       37383
Swap:         24191           0       24191
Total:        72306        7369       48268

              total        used        free      shared  buff/cache   available
Mem:          48114        7369       24076        2491       16668       37383
Swap:         24191           0       24191
Total:        72306        7369       48268

              total        used        free      shared  buff/cache   available
Mem:          48114        7364       24081        2491       16668       37388
Swap:         24191           0       24191
Total:        72306        7364       48273

              total        used        free      shared  buff/cache   available
Mem:          48114        7364       24080        2491       16668       37388
Swap:         24191           0       24191
Total:        72306        7364       48272

              total        used        free      shared  buff/cache   available
Mem:          48114        7362       24082        2491       16668       37390
Swap:         24191           0       24191
Total:        72306        7362       48274

              total        used        free      shared  buff/cache   available
Mem:          48114        7361       24083        2491       16669       37391
Swap:         24191           0       24191
Total:        72306        7361       48275

              total        used        free      shared  buff/cache   available
Mem:          48114        7360       24084        2491       16669       37392
Swap:         24191           0       24191
Total:        72306        7360       48276

              total        used        free      shared  buff/cache   available
Mem:          48114        7359       24085        2491       16669       37393
Swap:         24191           0       24191
Total:        72306        7359       48277

              total        used        free      shared  buff/cache   available
Mem:          48114        7358       24085        2491       16669       37393
Swap:         24191           0       24191
Total:        72306        7359       48277

              total        used        free      shared  buff/cache   available
Mem:          48114        7358       24086        2491       16669       37394
Swap:         24191           0       24191
Total:        72306        7358       48277

              total        used        free      shared  buff/cache   available
Mem:          48114        7359       24084        2491       16669       37392
Swap:         24191           0       24191
Total:        72306        7360       48276

              total        used        free      shared  buff/cache   available
Mem:          48114        7360       24083        2491       16669       37392
Swap:         24191           0       24191
Total:        72306        7360       48275

              total        used        free      shared  buff/cache   available
Mem:          48114        7358       24086        2491       16669       37394
Swap:         24191           0       24191
Total:        72306        7358       48278

              total        used        free      shared  buff/cache   available
Mem:          48114        7359       24085        2491       16669       37393
Swap:         24191           0       24191
Total:        72306        7359       48276

              total        used        free      shared  buff/cache   available
Mem:          48114        7358       24085        2491       16670       37393
Swap:         24191           0       24191
Total:        72306        7359       48277

              total        used        free      shared  buff/cache   available
Mem:          48114        7358       24085        2491       16670       37393
Swap:         24191           0       24191
Total:        72306        7358       48277

              total        used        free      shared  buff/cache   available
Mem:          48114        7358       24085        2491       16670       37393
Swap:         24191           0       24191
Total:        72306        7358       48277

              total        used        free      shared  buff/cache   available
Mem:          48114        7360       24082        2491       16670       37391
Swap:         24191           0       24191
Total:        72306        7361       48274

              total        used        free      shared  buff/cache   available
Mem:          48114        7360       24082        2491       16670       37392
Swap:         24191           0       24191
Total:        72306        7360       48274

              total        used        free      shared  buff/cache   available
Mem:          48114        7359       24084        2491       16670       37393
Swap:         24191           0       24191
Total:        72306        7359       48276

              total        used        free      shared  buff/cache   available
Mem:          48114        7360       24082        2491       16670       37392
Swap:         24191           0       24191
Total:        72306        7361       48274

              total        used        free      shared  buff/cache   available
Mem:          48114        7360       24083        2491       16670       37392
Swap:         24191           0       24191
Total:        72306        7360       48275

              total        used        free      shared  buff/cache   available
Mem:          48114        7360       24082        2491       16670       37392
Swap:         24191           0       24191
Total:        72306        7360       48274

              total        used        free      shared  buff/cache   available
Mem:          48114        7360       24083        2491       16670       37393
Swap:         24191           0       24191
Total:        72306        7360       48275

              total        used        free      shared  buff/cache   available
Mem:          48114        7360       24082        2491       16671       37392
Swap:         24191           0       24191
Total:        72306        7360       48274

              total        used        free      shared  buff/cache   available
Mem:          48114        7360       24082        2491       16671       37392
Swap:         24191           0       24191
Total:        72306        7360       48274

              total        used        free      shared  buff/cache   available
Mem:          48114        7375       24067        2491       16671       37377
Swap:         24191           0       24191
Total:        72306        7375       48258

              total        used        free      shared  buff/cache   available
Mem:          48114        7367       24075        2491       16671       37385
Swap:         24191           0       24191
Total:        72306        7367       48267

              total        used        free      shared  buff/cache   available
Mem:          48114        7364       24077        2491       16672       37387
Swap:         24191           0       24191
Total:        72306        7365       48269

              total        used        free      shared  buff/cache   available
Mem:          48114        7362       24079        2491       16672       37389
Swap:         24191           0       24191
Total:        72306        7362       48271

              total        used        free      shared  buff/cache   available
Mem:          48114        7363       24078        2491       16672       37388
Swap:         24191           0       24191
Total:        72306        7363       48270

              total        used        free      shared  buff/cache   available
Mem:          48114        7363       24078        2491       16672       37388
Swap:         24191           0       24191
Total:        72306        7363       48270

              total        used        free      shared  buff/cache   available
Mem:          48114        7362       24079        2491       16672       37389
Swap:         24191           0       24191
Total:        72306        7362       48271

              total        used        free      shared  buff/cache   available
Mem:          48114        7363       24078        2491       16672       37389
Swap:         24191           0       24191
Total:        72306        7363       48270

              total        used        free      shared  buff/cache   available
Mem:          48114        7361       24080        2491       16672       37391
Swap:         24191           0       24191
Total:        72306        7361       48272

              total        used        free      shared  buff/cache   available
Mem:          48114        7361       24080        2491       16672       37391
Swap:         24191           0       24191
Total:        72306        7361       48272

              total        used        free      shared  buff/cache   available
Mem:          48114        7362       24079        2491       16672       37390
Swap:         24191           0       24191
Total:        72306        7362       48271

              total        used        free      shared  buff/cache   available
Mem:          48114        7362       24079        2491       16672       37390
Swap:         24191           0       24191
Total:        72306        7362       48271

              total        used        free      shared  buff/cache   available
Mem:          48114        7361       24079        2491       16672       37390
Swap:         24191           0       24191
Total:        72306        7362       48271

              total        used        free      shared  buff/cache   available
Mem:          48114        7363       24078        2491       16672       37389
Swap:         24191           0       24191
Total:        72306        7363       48269

              total        used        free      shared  buff/cache   available
Mem:          48114        7362       24078        2491       16673       37390
Swap:         24191           0       24191
Total:        72306        7362       48270

              total        used        free      shared  buff/cache   available
Mem:          48114        7363       24077        2491       16673       37389
Swap:         24191           0       24191
Total:        72306        7363       48269

              total        used        free      shared  buff/cache   available
Mem:          48114        7360       24080        2491       16673       37392
Swap:         24191           0       24191
Total:        72306        7360       48272

              total        used        free      shared  buff/cache   available
Mem:          48114        7360       24080        2491       16673       37392
Swap:         24191           0       24191
Total:        72306        7360       48272

              total        used        free      shared  buff/cache   available
Mem:          48114        7361       24078        2491       16673       37390
Swap:         24191           0       24191
Total:        72306        7362       48270

              total        used        free      shared  buff/cache   available
Mem:          48114        7360       24080        2491       16673       37392
Swap:         24191           0       24191
Total:        72306        7360       48272

              total        used        free      shared  buff/cache   available
Mem:          48114        7360       24080        2491       16673       37392
Swap:         24191           0       24191
Total:        72306        7360       48272

              total        used        free      shared  buff/cache   available
Mem:          48114        7360       24080        2491       16673       37392
Swap:         24191           0       24191
Total:        72306        7360       48272

              total        used        free      shared  buff/cache   available
Mem:          48114        7361       24079        2491       16673       37391
Swap:         24191           0       24191
Total:        72306        7361       48271

              total        used        free      shared  buff/cache   available
Mem:          48114        7360       24079        2491       16673       37392
Swap:         24191           0       24191
Total:        72306        7360       48271

              total        used        free      shared  buff/cache   available
Mem:          48114        7359       24081        2491       16674       37393
Swap:         24191           0       24191
Total:        72306        7359       48273

              total        used        free      shared  buff/cache   available
Mem:          48114        7358       24081        2491       16674       37394
Swap:         24191           0       24191
Total:        72306        7358       48273

              total        used        free      shared  buff/cache   available
Mem:          48114        7358       24081        2491       16674       37394
Swap:         24191           0       24191
Total:        72306        7358       48273

              total        used        free      shared  buff/cache   available
Mem:          48114        7359       24080        2491       16674       37393
Swap:         24191           0       24191
Total:        72306        7359       48272

              total        used        free      shared  buff/cache   available
Mem:          48114        7359       24080        2491       16674       37393
Swap:         24191           0       24191
Total:        72306        7359       48272

              total        used        free      shared  buff/cache   available
Mem:          48114        7358       24081        2491       16674       37394
Swap:         24191           0       24191
Total:        72306        7358       48273

              total        used        free      shared  buff/cache   available
Mem:          48114        7359       24079        2491       16674       37393
Swap:         24191           0       24191
Total:        72306        7359       48271

              total        used        free      shared  buff/cache   available
Mem:          48114        7359       24079        2491       16674       37393
Swap:         24191           0       24191
Total:        72306        7359       48271

              total        used        free      shared  buff/cache   available
Mem:          48114        7359       24080        2491       16675       37393
Swap:         24191           0       24191
Total:        72306        7359       48272

              total        used        free      shared  buff/cache   available
Mem:          48114        7361       24077        2491       16675       37391
Swap:         24191           0       24191
Total:        72306        7361       48269

              total        used        free      shared  buff/cache   available
Mem:          48114        7360       24078        2491       16675       37392
Swap:         24191           0       24191
Total:        72306        7360       48270

              total        used        free      shared  buff/cache   available
Mem:          48114        7360       24078        2491       16675       37392
Swap:         24191           0       24191
Total:        72306        7360       48270

              total        used        free      shared  buff/cache   available
Mem:          48114        7359       24079        2491       16675       37393
Swap:         24191           0       24191
Total:        72306        7359       48271

              total        used        free      shared  buff/cache   available
Mem:          48114        7358       24079        2491       16675       37393
Swap:         24191           0       24191
Total:        72306        7358       48271

              total        used        free      shared  buff/cache   available
Mem:          48114        7360       24078        2491       16675       37392
Swap:         24191           0       24191
Total:        72306        7360       48270

              total        used        free      shared  buff/cache   available
Mem:          48114        7359       24079        2491       16675       37393
Swap:         24191           0       24191
Total:        72306        7359       48271

              total        used        free      shared  buff/cache   available
Mem:          48114        7359       24078        2491       16675       37392
Swap:         24191           0       24191
Total:        72306        7359       48270

              total        used        free      shared  buff/cache   available
Mem:          48114        7359       24079        2491       16676       37393
Swap:         24191           0       24191
Total:        72306        7359       48271

              total        used        free      shared  buff/cache   available
Mem:          48114        7360       24077        2491       16676       37391
Swap:         24191           0       24191
Total:        72306        7360       48269

              total        used        free      shared  buff/cache   available
Mem:          48114        7359       24078        2491       16676       37393
Swap:         24191           0       24191
Total:        72306        7359       48270

              total        used        free      shared  buff/cache   available
Mem:          48114        7359       24078        2491       16676       37393
Swap:         24191           0       24191
Total:        72306        7359       48270

              total        used        free      shared  buff/cache   available
Mem:          48114        7359       24078        2491       16676       37393
Swap:         24191           0       24191
Total:        72306        7359       48270

              total        used        free      shared  buff/cache   available
Mem:          48114        7360       24077        2491       16676       37392
Swap:         24191           0       24191
Total:        72306        7360       48269

              total        used        free      shared  buff/cache   available
Mem:          48114        7359       24078        2491       16676       37393
Swap:         24191           0       24191
Total:        72306        7359       48270

              total        used        free      shared  buff/cache   available
Mem:          48114        7357       24080        2491       16676       37395
Swap:         24191           0       24191
Total:        72306        7357       48271

              total        used        free      shared  buff/cache   available
Mem:          48114        7358       24079        2491       16676       37394
Swap:         24191           0       24191
Total:        72306        7358       48271

              total        used        free      shared  buff/cache   available
Mem:          48114        7357       24079        2491       16677       37395
Swap:         24191           0       24191
Total:        72306        7357       48271

              total        used        free      shared  buff/cache   available
Mem:          48114        7359       24077        2491       16677       37393
Swap:         24191           0       24191
Total:        72306        7359       48269

              total        used        free      shared  buff/cache   available
Mem:          48114        7356       24080        2491       16677       37396
Swap:         24191           0       24191
Total:        72306        7356       48272

              total        used        free      shared  buff/cache   available
Mem:          48114        7359       24077        2491       16677       37393
Swap:         24191           0       24191
Total:        72306        7359       48269

              total        used        free      shared  buff/cache   available
Mem:          48114        7357       24079        2491       16677       37395
Swap:         24191           0       24191
Total:        72306        7357       48271

              total        used        free      shared  buff/cache   available
Mem:          48114        7357       24078        2491       16677       37394
Swap:         24191           0       24191
Total:        72306        7357       48270

              total        used        free      shared  buff/cache   available
Mem:          48114        7356       24079        2491       16677       37396
Swap:         24191           0       24191
Total:        72306        7356       48271

              total        used        free      shared  buff/cache   available
Mem:          48114        7355       24080        2491       16677       37397
Swap:         24191           0       24191
Total:        72306        7355       48272

              total        used        free      shared  buff/cache   available
Mem:          48114        7357       24079        2491       16677       37395
Swap:         24191           0       24191
Total:        72306        7357       48271

              total        used        free      shared  buff/cache   available
Mem:          48114        7357       24079        2491       16677       37395
Swap:         24191           0       24191
Total:        72306        7357       48270

              total        used        free      shared  buff/cache   available
Mem:          48114        7355       24080        2491       16678       37396
Swap:         24191           0       24191
Total:        72306        7356       48272

              total        used        free      shared  buff/cache   available
Mem:          48114        7358       24077        2491       16678       37393
Swap:         24191           0       24191
Total:        72306        7358       48269

              total        used        free      shared  buff/cache   available
Mem:          48114        7378       24057        2491       16678       37373
Swap:         24191           0       24191
Total:        72306        7378       48249

              total        used        free      shared  buff/cache   available
Mem:          48114        7367       24068        2491       16678       37385
Swap:         24191           0       24191
Total:        72306        7367       48260

              total        used        free      shared  buff/cache   available
Mem:          48114        7364       24071        2491       16678       37388
Swap:         24191           0       24191
Total:        72306        7364       48263

              total        used        free      shared  buff/cache   available
Mem:          48114        7364       24071        2491       16678       37388
Swap:         24191           0       24191
Total:        72306        7364       48262

              total        used        free      shared  buff/cache   available
Mem:          48114        7365       24069        2491       16678       37387
Swap:         24191           0       24191
Total:        72306        7365       48261

              total        used        free      shared  buff/cache   available
Mem:          48114        7358       24076        2491       16678       37393
Swap:         24191           0       24191
Total:        72306        7359       48268

              total        used        free      shared  buff/cache   available
Mem:          48114        7358       24076        2491       16678       37394
Swap:         24191           0       24191
Total:        72306        7358       48268

              total        used        free      shared  buff/cache   available
Mem:          48114        7357       24077        2491       16678       37395
Swap:         24191           0       24191
Total:        72306        7357       48269

              total        used        free      shared  buff/cache   available
Mem:          48114        7357       24077        2491       16679       37395
Swap:         24191           0       24191
Total:        72306        7357       48269

              total        used        free      shared  buff/cache   available
Mem:          48114        7357       24077        2491       16679       37395
Swap:         24191           0       24191
Total:        72306        7357       48269

              total        used        free      shared  buff/cache   available
Mem:          48114        7355       24079        2491       16679       37396
Swap:         24191           0       24191
Total:        72306        7355       48271

              total        used        free      shared  buff/cache   available
Mem:          48114        7355       24079        2491       16679       37397
Swap:         24191           0       24191
Total:        72306        7355       48271

              total        used        free      shared  buff/cache   available
Mem:          48114        7355       24078        2491       16679       37396
Swap:         24191           0       24191
Total:        72306        7355       48270

              total        used        free      shared  buff/cache   available
Mem:          48114        7357       24077        2491       16679       37395
Swap:         24191           0       24191
Total:        72306        7357       48269

              total        used        free      shared  buff/cache   available
Mem:          48114        7356       24078        2491       16679       37396
Swap:         24191           0       24191
Total:        72306        7356       48270

              total        used        free      shared  buff/cache   available
Mem:          48114        7353       24080        2491       16679       37399
Swap:         24191           0       24191
Total:        72306        7353       48272

              total        used        free      shared  buff/cache   available
Mem:          48114        7355       24078        2491       16679       37397
Swap:         24191           0       24191
Total:        72306        7355       48270

              total        used        free      shared  buff/cache   available
Mem:          48114        7355       24078        2491       16680       37396
Swap:         24191           0       24191
Total:        72306        7355       48270

              total        used        free      shared  buff/cache   available
Mem:          48114        7354       24080        2491       16680       37398
Swap:         24191           0       24191
Total:        72306        7354       48272

              total        used        free      shared  buff/cache   available
Mem:          48114        7356       24077        2491       16680       37395
Swap:         24191           0       24191
Total:        72306        7356       48269

              total        used        free      shared  buff/cache   available
Mem:          48114        7355       24078        2491       16680       37397
Swap:         24191           0       24191
Total:        72306        7355       48270

              total        used        free      shared  buff/cache   available
Mem:          48114        7355       24078        2491       16680       37397
Swap:         24191           0       24191
Total:        72306        7355       48270

              total        used        free      shared  buff/cache   available
Mem:          48114        7355       24078        2491       16680       37397
Swap:         24191           0       24191
Total:        72306        7355       48270

              total        used        free      shared  buff/cache   available
Mem:          48114        7355       24078        2491       16680       37397
Swap:         24191           0       24191
Total:        72306        7355       48270

              total        used        free      shared  buff/cache   available
Mem:          48114        7355       24077        2491       16680       37396
Swap:         24191           0       24191
Total:        72306        7355       48269

              total        used        free      shared  buff/cache   available
Mem:          48114        7355       24077        2491       16680       37397
Swap:         24191           0       24191
Total:        72306        7355       48269

              total        used        free      shared  buff/cache   available
Mem:          48114        7357       24075        2491       16680       37395
Swap:         24191           0       24191
Total:        72306        7357       48267

              total        used        free      shared  buff/cache   available
Mem:          48114        7356       24076        2491       16681       37396
Swap:         24191           0       24191
Total:        72306        7356       48268

              total        used        free      shared  buff/cache   available
Mem:          48114        7355       24077        2491       16681       37397
Swap:         24191           0       24191
Total:        72306        7355       48269

              total        used        free      shared  buff/cache   available
Mem:          48114        7356       24076        2491       16681       37396
Swap:         24191           0       24191
Total:        72306        7356       48268

              total        used        free      shared  buff/cache   available
Mem:          48114        7356       24076        2491       16681       37396
Swap:         24191           0       24191
Total:        72306        7356       48268

              total        used        free      shared  buff/cache   available
Mem:          48114        7357       24074        2491       16681       37394
Swap:         24191           0       24191
Total:        72306        7357       48266

              total        used        free      shared  buff/cache   available
Mem:          48114        7357       24074        2491       16681       37394
Swap:         24191           0       24191
Total:        72306        7358       48266

              total        used        free      shared  buff/cache   available
Mem:          48114        7359       24072        2491       16681       37392
Swap:         24191           0       24191
Total:        72306        7359       48264

              total        used        free      shared  buff/cache   available
Mem:          48114        7359       24072        2491       16681       37393
Swap:         24191           0       24191
Total:        72306        7359       48264

              total        used        free      shared  buff/cache   available
Mem:          48114        7358       24073        2491       16682       37393
Swap:         24191           0       24191
Total:        72306        7359       48265

              total        used        free      shared  buff/cache   available
Mem:          48114        7358       24073        2491       16682       37393
Swap:         24191           0       24191
Total:        72306        7358       48265

              total        used        free      shared  buff/cache   available
Mem:          48114        7357       24074        2491       16682       37394
Swap:         24191           0       24191
Total:        72306        7357       48265

              total        used        free      shared  buff/cache   available
Mem:          48114        7357       24074        2491       16682       37395
Swap:         24191           0       24191
Total:        72306        7357       48266

              total        used        free      shared  buff/cache   available
Mem:          48114        7358       24073        2491       16682       37394
Swap:         24191           0       24191
Total:        72306        7358       48265

              total        used        free      shared  buff/cache   available
Mem:          48114        7356       24074        2491       16682       37395
Swap:         24191           0       24191
Total:        72306        7356       48266

              total        used        free      shared  buff/cache   available
Mem:          48114        7357       24073        2491       16682       37394
Swap:         24191           0       24191
Total:        72306        7357       48265

              total        used        free      shared  buff/cache   available
Mem:          48114        7355       24075        2491       16683       37396
Swap:         24191           0       24191
Total:        72306        7356       48267

              total        used        free      shared  buff/cache   available
Mem:          48114        7358       24072        2491       16683       37393
Swap:         24191           0       24191
Total:        72306        7358       48264

              total        used        free      shared  buff/cache   available
Mem:          48114        7358       24072        2491       16683       37394
Swap:         24191           0       24191
Total:        72306        7358       48264

              total        used        free      shared  buff/cache   available
Mem:          48114        7357       24073        2491       16683       37395
Swap:         24191           0       24191
Total:        72306        7357       48265

              total        used        free      shared  buff/cache   available
Mem:          48114        7356       24074        2491       16683       37395
Swap:         24191           0       24191
Total:        72306        7356       48266

              total        used        free      shared  buff/cache   available
Mem:          48114        7357       24073        2491       16683       37394
Swap:         24191           0       24191
Total:        72306        7357       48265

              total        used        free      shared  buff/cache   available
Mem:          48114        7358       24072        2491       16683       37394
Swap:         24191           0       24191
Total:        72306        7358       48264

              total        used        free      shared  buff/cache   available
Mem:          48114        7360       24070        2491       16683       37392
Swap:         24191           0       24191
Total:        72306        7360       48262

              total        used        free      shared  buff/cache   available
Mem:          48114        7359       24071        2491       16683       37393
Swap:         24191           0       24191
Total:        72306        7359       48263

              total        used        free      shared  buff/cache   available
Mem:          48114        7362       24068        2491       16683       37390
Swap:         24191           0       24191
Total:        72306        7362       48260

              total        used        free      shared  buff/cache   available
Mem:          48114        7363       24066        2491       16684       37389
Swap:         24191           0       24191
Total:        72306        7363       48258

              total        used        free      shared  buff/cache   available
Mem:          48114        7362       24067        2491       16684       37389
Swap:         24191           0       24191
Total:        72306        7362       48259

              total        used        free      shared  buff/cache   available
Mem:          48114        7361       24068        2491       16684       37390
Swap:         24191           0       24191
Total:        72306        7361       48260

              total        used        free      shared  buff/cache   available
Mem:          48114        7361       24068        2491       16684       37391
Swap:         24191           0       24191
Total:        72306        7361       48260

              total        used        free      shared  buff/cache   available
Mem:          48114        7362       24067        2491       16684       37390
Swap:         24191           0       24191
Total:        72306        7362       48259

              total        used        free      shared  buff/cache   available
Mem:          48114        7360       24068        2491       16684       37391
Swap:         24191           0       24191
Total:        72306        7360       48260

              total        used        free      shared  buff/cache   available
Mem:          48114        7362       24067        2491       16684       37390
Swap:         24191           0       24191
Total:        72306        7362       48259

              total        used        free      shared  buff/cache   available
Mem:          48114        7360       24069        2491       16684       37392
Swap:         24191           0       24191
Total:        72306        7360       48261

              total        used        free      shared  buff/cache   available
Mem:          48114        7360       24069        2491       16684       37392
Swap:         24191           0       24191
Total:        72306        7360       48261

              total        used        free      shared  buff/cache   available
Mem:          48114        7377       24051        2491       16685       37374
Swap:         24191           0       24191
Total:        72306        7377       48243

              total        used        free      shared  buff/cache   available
Mem:          48114        7373       24055        2491       16685       37379
Swap:         24191           0       24191
Total:        72306        7373       48247

              total        used        free      shared  buff/cache   available
Mem:          48114        7373       24055        2491       16685       37378
Swap:         24191           0       24191
Total:        72306        7373       48247

              total        used        free      shared  buff/cache   available
Mem:          48114        7367       24060        2491       16685       37384
Swap:         24191           0       24191
Total:        72306        7368       48252

              total        used        free      shared  buff/cache   available
Mem:          48114        7362       24066        2491       16685       37390
Swap:         24191           0       24191
Total:        72306        7362       48258

              total        used        free      shared  buff/cache   available
Mem:          48114        7362       24066        2491       16685       37390
Swap:         24191           0       24191
Total:        72306        7362       48258

              total        used        free      shared  buff/cache   available
Mem:          48114        7363       24065        2491       16685       37389
Swap:         24191           0       24191
Total:        72306        7363       48257

              total        used        free      shared  buff/cache   available
Mem:          48114        7361       24066        2491       16685       37390
Swap:         24191           0       24191
Total:        72306        7361       48258

              total        used        free      shared  buff/cache   available
Mem:          48114        7361       24066        2491       16685       37390
Swap:         24191           0       24191
Total:        72306        7361       48258

              total        used        free      shared  buff/cache   available
Mem:          48114        7361       24067        2491       16685       37391
Swap:         24191           0       24191
Total:        72306        7361       48259

              total        used        free      shared  buff/cache   available
Mem:          48114        7362       24065        2491       16685       37390
Swap:         24191           0       24191
Total:        72306        7362       48257

              total        used        free      shared  buff/cache   available
Mem:          48114        7361       24067        2491       16686       37391
Swap:         24191           0       24191
Total:        72306        7361       48258

              total        used        free      shared  buff/cache   available
Mem:          48114        7361       24066        2491       16686       37390
Swap:         24191           0       24191
Total:        72306        7361       48258

              total        used        free      shared  buff/cache   available
Mem:          48114        7360       24067        2491       16686       37392
Swap:         24191           0       24191
Total:        72306        7360       48259

              total        used        free      shared  buff/cache   available
Mem:          48114        7363       24064        2491       16686       37389
Swap:         24191           0       24191
Total:        72306        7363       48256

              total        used        free      shared  buff/cache   available
Mem:          48114        7363       24064        2491       16686       37389
Swap:         24191           0       24191
Total:        72306        7363       48256

              total        used        free      shared  buff/cache   available
Mem:          48114        7362       24064        2491       16686       37389
Swap:         24191           0       24191
Total:        72306        7363       48256

              total        used        free      shared  buff/cache   available
Mem:          48114        7363       24063        2491       16686       37388
Swap:         24191           0       24191
Total:        72306        7363       48255

              total        used        free      shared  buff/cache   available
Mem:          48114        7362       24065        2491       16686       37390
Swap:         24191           0       24191
Total:        72306        7362       48256

              total        used        free      shared  buff/cache   available
Mem:          48114        7362       24065        2491       16686       37390
Swap:         24191           0       24191
Total:        72306        7362       48256

              total        used        free      shared  buff/cache   available
Mem:          48114        7362       24065        2491       16687       37390
Swap:         24191           0       24191
Total:        72306        7362       48257

              total        used        free      shared  buff/cache   available
Mem:          48114        7362       24064        2491       16687       37389
Swap:         24191           0       24191
Total:        72306        7362       48256

              total        used        free      shared  buff/cache   available
Mem:          48114        7364       24063        2491       16687       37388
Swap:         24191           0       24191
Total:        72306        7364       48254

              total        used        free      shared  buff/cache   available
Mem:          48114        7364       24062        2491       16687       37387
Swap:         24191           0       24191
Total:        72306        7364       48253

              total        used        free      shared  buff/cache   available
Mem:          48114        7364       24061        2491       16687       37387
Swap:         24191           0       24191
Total:        72306        7365       48253

              total        used        free      shared  buff/cache   available
Mem:          48114        7364       24062        2491       16687       37388
Swap:         24191           0       24191
Total:        72306        7364       48254

              total        used        free      shared  buff/cache   available
Mem:          48114        7364       24061        2491       16687       37387
Swap:         24191           0       24191
Total:        72306        7364       48253

              total        used        free      shared  buff/cache   available
Mem:          48114        7364       24062        2491       16687       37388
Swap:         24191           0       24191
Total:        72306        7364       48254

              total        used        free      shared  buff/cache   available
Mem:          48114        7363       24062        2491       16687       37388
Swap:         24191           0       24191
Total:        72306        7364       48254

              total        used        free      shared  buff/cache   available
Mem:          48114        7364       24062        2491       16687       37388
Swap:         24191           0       24191
Total:        72306        7364       48253

              total        used        free      shared  buff/cache   available
Mem:          48114        7365       24060        2491       16688       37386
Swap:         24191           0       24191
Total:        72306        7365       48252

              total        used        free      shared  buff/cache   available
Mem:          48114        7364       24061        2491       16688       37388
Swap:         24191           0       24191
Total:        72306        7364       48253

              total        used        free      shared  buff/cache   available
Mem:          48114        7364       24061        2491       16688       37388
Swap:         24191           0       24191
Total:        72306        7364       48253

              total        used        free      shared  buff/cache   available
Mem:          48114        7364       24061        2491       16688       37388
Swap:         24191           0       24191
Total:        72306        7364       48253

              total        used        free      shared  buff/cache   available
Mem:          48114        7363       24062        2491       16688       37389
Swap:         24191           0       24191
Total:        72306        7363       48254

              total        used        free      shared  buff/cache   available
Mem:          48114        7363       24062        2491       16688       37389
Swap:         24191           0       24191
Total:        72306        7363       48254

              total        used        free      shared  buff/cache   available
Mem:          48114        7364       24061        2491       16688       37388
Swap:         24191           0       24191
Total:        72306        7364       48253

              total        used        free      shared  buff/cache   available
Mem:          48114        7364       24060        2491       16688       37388
Swap:         24191           0       24191
Total:        72306        7364       48252

              total        used        free      shared  buff/cache   available
Mem:          48114        7363       24061        2491       16688       37389
Swap:         24191           0       24191
Total:        72306        7363       48253

              total        used        free      shared  buff/cache   available
Mem:          48114        7363       24061        2491       16689       37388
Swap:         24191           0       24191
Total:        72306        7363       48253

              total        used        free      shared  buff/cache   available
Mem:          48114        7364       24060        2491       16689       37388
Swap:         24191           0       24191
Total:        72306        7364       48252

              total        used        free      shared  buff/cache   available
Mem:          48114        7364       24060        2491       16689       37388
Swap:         24191           0       24191
Total:        72306        7364       48252

              total        used        free      shared  buff/cache   available
Mem:          48114        7363       24061        2491       16689       37388
Swap:         24191           0       24191
Total:        72306        7363       48253

              total        used        free      shared  buff/cache   available
Mem:          48114        7363       24061        2491       16689       37389
Swap:         24191           0       24191
Total:        72306        7363       48253

              total        used        free      shared  buff/cache   available
Mem:          48114        7363       24061        2491       16689       37389
Swap:         24191           0       24191
Total:        72306        7363       48253

              total        used        free      shared  buff/cache   available
Mem:          48114        7361       24062        2491       16689       37391
Swap:         24191           0       24191
Total:        72306        7361       48254

              total        used        free      shared  buff/cache   available
Mem:          48114        7361       24062        2491       16689       37390
Swap:         24191           0       24191
Total:        72306        7361       48254

              total        used        free      shared  buff/cache   available
Mem:          48114        7362       24062        2491       16690       37390
Swap:         24191           0       24191
Total:        72306        7362       48254

              total        used        free      shared  buff/cache   available
Mem:          48114        7361       24062        2491       16690       37391
Swap:         24191           0       24191
Total:        72306        7361       48254

              total        used        free      shared  buff/cache   available
Mem:          48114        7361       24062        2491       16690       37391
Swap:         24191           0       24191
Total:        72306        7361       48254

              total        used        free      shared  buff/cache   available
Mem:          48114        7361       24062        2491       16690       37391
Swap:         24191           0       24191
Total:        72306        7361       48254

              total        used        free      shared  buff/cache   available
Mem:          48114        7361       24062        2491       16690       37390
Swap:         24191           0       24191
Total:        72306        7361       48254

              total        used        free      shared  buff/cache   available
Mem:          48114        7360       24062        2491       16690       37391
Swap:         24191           0       24191
Total:        72306        7360       48254

              total        used        free      shared  buff/cache   available
Mem:          48114        7360       24062        2491       16691       37391
Swap:         24191           0       24191
Total:        72306        7360       48254

              total        used        free      shared  buff/cache   available
Mem:          48114        7361       24061        2491       16691       37391
Swap:         24191           0       24191
Total:        72306        7361       48253

              total        used        free      shared  buff/cache   available
Mem:          48114        7359       24063        2491       16691       37392
Swap:         24191           0       24191
Total:        72306        7360       48255

              total        used        free      shared  buff/cache   available
Mem:          48114        7361       24061        2491       16691       37390
Swap:         24191           0       24191
Total:        72306        7361       48253

              total        used        free      shared  buff/cache   available
Mem:          48114        7360       24062        2491       16691       37391
Swap:         24191           0       24191
Total:        72306        7360       48254

              total        used        free      shared  buff/cache   available
Mem:          48114        7361       24061        2491       16691       37391
Swap:         24191           0       24191
Total:        72306        7361       48253

              total        used        free      shared  buff/cache   available
Mem:          48114        7358       24064        2491       16691       37393
Swap:         24191           0       24191
Total:        72306        7358       48256

              total        used        free      shared  buff/cache   available
Mem:          48114        7367       24055        2491       16691       37384
Swap:         24191           0       24191
Total:        72306        7367       48247

              total        used        free      shared  buff/cache   available
Mem:          48114        7372       24049        2491       16692       37379
Swap:         24191           0       24191
Total:        72306        7372       48241

              total        used        free      shared  buff/cache   available
Mem:          48114        7364       24057        2491       16692       37387
Swap:         24191           0       24191
Total:        72306        7364       48249

              total        used        free      shared  buff/cache   available
Mem:          48114        7364       24057        2491       16692       37387
Swap:         24191           0       24191
Total:        72306        7364       48249

              total        used        free      shared  buff/cache   available
Mem:          48114        7365       24056        2491       16692       37386
Swap:         24191           0       24191
Total:        72306        7365       48248

              total        used        free      shared  buff/cache   available
Mem:          48114        7364       24057        2491       16692       37387
Swap:         24191           0       24191
Total:        72306        7364       48249

              total        used        free      shared  buff/cache   available
Mem:          48114        7363       24058        2491       16692       37388
Swap:         24191           0       24191
Total:        72306        7363       48250

              total        used        free      shared  buff/cache   available
Mem:          48114        7364       24057        2491       16692       37388
Swap:         24191           0       24191
Total:        72306        7364       48249

              total        used        free      shared  buff/cache   available
Mem:          48114        7363       24057        2491       16692       37388
Swap:         24191           0       24191
Total:        72306        7363       48249

              total        used        free      shared  buff/cache   available
Mem:          48114        7363       24058        2491       16692       37389
Swap:         24191           0       24191
Total:        72306        7363       48250

              total        used        free      shared  buff/cache   available
Mem:          48114        7362       24058        2491       16692       37389
Swap:         24191           0       24191
Total:        72306        7362       48250

              total        used        free      shared  buff/cache   available
Mem:          48114        7362       24058        2491       16692       37389
Swap:         24191           0       24191
Total:        72306        7362       48250

              total        used        free      shared  buff/cache   available
Mem:          48114        7362       24058        2491       16693       37390
Swap:         24191           0       24191
Total:        72306        7362       48250

              total        used        free      shared  buff/cache   available
Mem:          48114        7361       24059        2491       16693       37391
Swap:         24191           0       24191
Total:        72306        7361       48251

              total        used        free      shared  buff/cache   available
Mem:          48114        7364       24057        2491       16693       37388
Swap:         24191           0       24191
Total:        72306        7364       48248

              total        used        free      shared  buff/cache   available
Mem:          48114        7361       24059        2491       16693       37390
Swap:         24191           0       24191
Total:        72306        7361       48251

              total        used        free      shared  buff/cache   available
Mem:          48114        7361       24059        2491       16693       37391
Swap:         24191           0       24191
Total:        72306        7361       48251

              total        used        free      shared  buff/cache   available
Mem:          48114        7359       24061        2491       16693       37393
Swap:         24191           0       24191
Total:        72306        7359       48253

              total        used        free      shared  buff/cache   available
Mem:          48114        7361       24059        2491       16693       37391
Swap:         24191           0       24191
Total:        72306        7361       48251

              total        used        free      shared  buff/cache   available
Mem:          48114        7360       24060        2491       16693       37391
Swap:         24191           0       24191
Total:        72306        7360       48252

              total        used        free      shared  buff/cache   available
Mem:          48114        7360       24059        2491       16693       37391
Swap:         24191           0       24191
Total:        72306        7360       48251

              total        used        free      shared  buff/cache   available
Mem:          48114        7361       24059        2491       16693       37391
Swap:         24191           0       24191
Total:        72306        7361       48251

              total        used        free      shared  buff/cache   available
Mem:          48114        7362       24057        2491       16694       37389
Swap:         24191           0       24191
Total:        72306        7362       48249

              total        used        free      shared  buff/cache   available
Mem:          48114        7359       24060        2491       16694       37392
Swap:         24191           0       24191
Total:        72306        7359       48252

              total        used        free      shared  buff/cache   available
Mem:          48114        7364       24055        2491       16694       37388
Swap:         24191           0       24191
Total:        72306        7364       48247

              total        used        free      shared  buff/cache   available
Mem:          48114        7361       24058        2491       16694       37391
Swap:         24191           0       24191
Total:        72306        7361       48250

              total        used        free      shared  buff/cache   available
Mem:          48114        7363       24055        2491       16694       37388
Swap:         24191           0       24191
Total:        72306        7363       48247

              total        used        free      shared  buff/cache   available
Mem:          48114        7361       24058        2491       16694       37390
Swap:         24191           0       24191
Total:        72306        7361       48250

              total        used        free      shared  buff/cache   available
Mem:          48114        7362       24056        2491       16694       37389
Swap:         24191           0       24191
Total:        72306        7362       48248

              total        used        free      shared  buff/cache   available
Mem:          48114        7363       24055        2491       16694       37388
Swap:         24191           0       24191
Total:        72306        7363       48247

              total        used        free      shared  buff/cache   available
Mem:          48114        7363       24055        2491       16694       37388
Swap:         24191           0       24191
Total:        72306        7363       48247

              total        used        free      shared  buff/cache   available
Mem:          48114        7363       24055        2491       16695       37388
Swap:         24191           0       24191
Total:        72306        7363       48247

              total        used        free      shared  buff/cache   available
Mem:          48114        7363       24055        2491       16695       37389
Swap:         24191           0       24191
Total:        72306        7363       48247

              total        used        free      shared  buff/cache   available
Mem:          48114        7362       24056        2491       16695       37390
Swap:         24191           0       24191
Total:        72306        7362       48248

              total        used        free      shared  buff/cache   available
Mem:          48114        7362       24056        2491       16695       37389
Swap:         24191           0       24191
Total:        72306        7362       48248

              total        used        free      shared  buff/cache   available
Mem:          48114        7362       24056        2491       16695       37389
Swap:         24191           0       24191
Total:        72306        7362       48248

              total        used        free      shared  buff/cache   available
Mem:          48114        7363       24055        2491       16695       37389
Swap:         24191           0       24191
Total:        72306        7363       48247

              total        used        free      shared  buff/cache   available
Mem:          48114        7363       24055        2491       16695       37388
Swap:         24191           0       24191
Total:        72306        7363       48246

              total        used        free      shared  buff/cache   available
Mem:          48114        7363       24055        2491       16695       37389
Swap:         24191           0       24191
Total:        72306        7363       48247

              total        used        free      shared  buff/cache   available
Mem:          48114        7362       24055        2491       16695       37389
Swap:         24191           0       24191
Total:        72306        7362       48247

              total        used        free      shared  buff/cache   available
Mem:          48114        7362       24056        2491       16695       37390
Swap:         24191           0       24191
Total:        72306        7362       48248

              total        used        free      shared  buff/cache   available
Mem:          48114        7361       24056        2491       16696       37390
Swap:         24191           0       24191
Total:        72306        7361       48248

              total        used        free      shared  buff/cache   available
Mem:          48114        7361       24056        2491       16696       37390
Swap:         24191           0       24191
Total:        72306        7361       48248

              total        used        free      shared  buff/cache   available
Mem:          48114        7361       24056        2491       16696       37390
Swap:         24191           0       24191
Total:        72306        7361       48248

              total        used        free      shared  buff/cache   available
Mem:          48114        7361       24056        2491       16696       37391
Swap:         24191           0       24191
Total:        72306        7361       48248

              total        used        free      shared  buff/cache   available
Mem:          48114        7360       24057        2491       16696       37392
Swap:         24191           0       24191
Total:        72306        7360       48249

              total        used        free      shared  buff/cache   available
Mem:          48114        7361       24056        2491       16696       37391
Swap:         24191           0       24191
Total:        72306        7361       48248

              total        used        free      shared  buff/cache   available
Mem:          48114        7362       24055        2491       16696       37390
Swap:         24191           0       24191
Total:        72306        7362       48247

              total        used        free      shared  buff/cache   available
Mem:          48114        7361       24055        2491       16696       37390
Swap:         24191           0       24191
Total:        72306        7361       48247

              total        used        free      shared  buff/cache   available
Mem:          48114        7362       24055        2491       16696       37390
Swap:         24191           0       24191
Total:        72306        7362       48247

              total        used        free      shared  buff/cache   available
Mem:          48114        7361       24055        2491       16697       37390
Swap:         24191           0       24191
Total:        72306        7362       48247

              total        used        free      shared  buff/cache   available
Mem:          48114        7362       24054        2491       16697       37390
Swap:         24191           0       24191
Total:        72306        7362       48246

              total        used        free      shared  buff/cache   available
Mem:          48114        7362       24054        2491       16697       37390
Swap:         24191           0       24191
Total:        72306        7362       48246

              total        used        free      shared  buff/cache   available
Mem:          48114        7362       24054        2491       16697       37390
Swap:         24191           0       24191
Total:        72306        7362       48246

              total        used        free      shared  buff/cache   available
Mem:          48114        7361       24054        2491       16697       37390
Swap:         24191           0       24191
Total:        72306        7361       48246

              total        used        free      shared  buff/cache   available
Mem:          48114        7362       24053        2491       16697       37389
Swap:         24191           0       24191
Total:        72306        7362       48245

              total        used        free      shared  buff/cache   available
Mem:          48114        7361       24054        2491       16697       37390
Swap:         24191           0       24191
Total:        72306        7361       48246

              total        used        free      shared  buff/cache   available
Mem:          48114        7362       24054        2491       16697       37390
Swap:         24191           0       24191
Total:        72306        7362       48246
