09:11:58 PM      eth0     20.00     16.00      5.32      4.28      0.00      0.00      0.00
09:11:59 PM      eth0     48.00     45.00     11.97     11.68      0.00      0.00      0.00
09:12:00 PM      eth0     29.00     28.00      6.81      6.09      0.00      0.00      0.00
09:12:01 PM      eth0     44.00     41.00     11.63      9.96      0.00      0.00      0.00
09:12:02 PM      eth0     73.00     69.00     20.99     18.00      0.00      0.00      0.00
09:12:03 PM      eth0     28.00     27.00      7.26      5.86      0.00      0.00      0.00
09:12:04 PM      eth0     37.00     38.00      8.72      8.93      0.00      0.00      0.00
09:12:05 PM      eth0      4.00      0.00      0.23      0.00      0.00      0.00      0.00
09:12:06 PM      eth0     77.00     75.00     22.03     18.82      0.00      0.00      0.00
09:12:07 PM      eth0     51.00     48.00     12.64     11.06      0.00      0.00      0.00
09:12:08 PM      eth0      4.00      0.00      0.23      0.00      0.00      0.00      0.00
09:12:09 PM      eth0     14.00      8.00      3.69      3.12      0.00      0.00      0.00
09:12:10 PM      eth0     32.00     33.00      8.06      6.84      0.00      0.00      0.00
09:12:11 PM      eth0     74.00     73.00     21.68     18.56      0.00      0.00      0.00
09:12:12 PM      eth0     51.00     50.00     13.09     11.33      0.00      0.00      0.00
09:12:13 PM      eth0      5.00      0.00      0.29      0.00      0.00      0.00      0.00
09:12:14 PM      eth0     73.00     75.00     54.38     19.00      0.00      0.00      0.00
09:12:15 PM      eth0     37.00     34.00     10.63      8.86      0.00      0.00      0.00
09:12:16 PM      eth0     80.00     80.00     22.62     19.67      0.00      0.00      0.00
09:12:17 PM      eth0     11.00      9.00      1.42      1.36      0.00      0.00      0.00
09:12:18 PM      eth0     18.00     13.00      5.00      3.83      0.00      0.00      0.00
09:12:19 PM      eth0     71.00     71.00     18.52     16.33      0.00      0.00      0.00
09:12:20 PM      eth0     41.00     40.00     11.26      9.77      0.00      0.00      0.00
09:12:21 PM      eth0     44.00     41.00     11.91      9.96      0.00      0.00      0.00
09:12:22 PM      eth0      5.00      0.00      0.29      0.00      0.00      0.00      0.00
09:12:23 PM      eth0     58.00     54.00     16.92     13.79      0.00      0.00      0.00
09:12:24 PM      eth0     74.00     76.00     19.59     18.36      0.00      0.00      0.00
09:12:25 PM      eth0     10.00      4.00      1.23      0.64      0.00      0.00      0.00
09:12:26 PM      eth0      5.00      0.00      0.29      0.00      0.00      0.00      0.00
09:12:27 PM      eth0 332533.00  44765.00 491415.12   5093.44      0.00      0.00      0.00
09:12:28 PM      eth0 338171.00  46218.00 499839.32   5270.34      0.00      0.00      0.00
09:12:29 PM      eth0 336669.00  46260.00 497722.69   5288.44      0.00      0.00      0.00
09:12:30 PM      eth0 328253.00  42115.00 485266.07   4816.17      0.00      0.00      0.00
09:12:31 PM      eth0 325646.00  46069.00 481380.93   5306.02      0.00      0.00      0.00
09:12:32 PM      eth0 317664.00  45232.00 469626.02   5196.64      0.00      0.00      0.00
09:12:33 PM      eth0 317266.00  45193.00 469024.19   5154.84      0.00      0.00      0.00
09:12:34 PM      eth0 317644.00  45301.00 469580.05   5133.93      0.00      0.00      0.00
09:12:35 PM      eth0 320881.00  45590.00 474377.67   5164.49      0.00      0.00      0.00
09:12:36 PM      eth0 319350.00  45906.00 472102.25   5200.24      0.00      0.00      0.00
09:12:37 PM      eth0 319101.00  45602.00 471730.58   5165.76      0.00      0.00      0.00
09:12:38 PM      eth0 321311.00  46126.00 475004.89   5225.21      0.00      0.00      0.00
09:12:39 PM      eth0 322905.00  46192.00 477364.25   5232.69      0.00      0.00      0.00
09:12:40 PM      eth0 322152.00  46231.00 476248.29   5237.11      0.00      0.00      0.00
09:12:41 PM      eth0 326284.00  46601.00 482353.74   5287.36      0.00      0.00      0.00
09:12:42 PM      eth0 330314.00  44347.00 488317.97   5023.68      0.00      0.00      0.00
09:12:43 PM      eth0 334270.00  44461.00 494166.04   5036.57      0.00      0.00      0.00
09:12:44 PM      eth0 336522.00  44343.00 497488.41   5024.89      0.00      0.00      0.00
09:12:45 PM      eth0 341798.00  45339.00 505298.14   5151.44      0.00      0.00      0.00
09:12:46 PM      eth0 342672.00  45306.00 506592.86   5132.32      0.00      0.00      0.00
09:12:47 PM      eth0 345215.00  45559.00 510326.42   5166.35      0.00      0.00      0.00
09:12:48 PM      eth0 349930.00  46055.00 517317.34   5234.50      0.00      0.00      0.00
09:12:49 PM      eth0 352657.00  46446.00 521356.73   5286.00      0.00      0.00      0.00
09:12:50 PM      eth0 356194.00  47225.00 526576.06   5380.88      0.00      0.00      0.00
09:12:51 PM      eth0 359599.00  46740.00 531601.62   5308.71      0.00      0.00      0.00
09:12:52 PM      eth0 382697.00  45723.00 565740.58   5237.21      0.00      0.00      0.00
09:12:53 PM      eth0 382664.00  45100.00 565691.05   5108.94      0.00      0.00      0.00
09:12:54 PM      eth0 382044.00  45268.00 564769.88   5129.65      0.00      0.00      0.00
09:12:55 PM      eth0 381438.00  45617.00 563884.79   5167.50      0.00      0.00      0.00
09:12:56 PM      eth0 381908.00  45459.00 564575.62   5149.58      0.00      0.00      0.00
09:12:57 PM      eth0 381362.00  45340.00 563767.92   5138.45      0.00      0.00      0.00
09:12:58 PM      eth0 382718.00  45541.00 565771.48   5179.05      0.00      0.00      0.00
09:12:59 PM      eth0 385053.00  45247.00 569213.34   5127.00      0.00      0.00      0.00
09:13:00 PM      eth0 388235.00  45821.00 573927.92   5190.61      0.00      0.00      0.00
09:13:01 PM      eth0 380272.00  44857.00 562162.95   5115.66      0.00      0.00      0.00
09:13:02 PM      eth0 378998.00  44086.00 560300.86   5042.85      0.00      0.00      0.00
09:13:03 PM      eth0 378236.00  43714.00 559174.02   4951.95      0.00      0.00      0.00
09:13:04 PM      eth0 378060.00  43668.00 558895.94   4976.36      0.00      0.00      0.00
09:13:05 PM      eth0 375660.00  42754.00 555361.50   4843.18      0.00      0.00      0.00
09:13:06 PM      eth0 376549.00  43311.00 556674.28   4920.29      0.00      0.00      0.00
09:13:07 PM      eth0 379660.00  43338.00 561270.52   4909.29      0.00      0.00      0.00
09:13:08 PM      eth0 381276.00  42967.00 563650.31   4867.33      0.00      0.00      0.00
09:13:09 PM      eth0 375576.00  42123.00 555222.94   4771.72      0.00      0.00      0.00
09:13:10 PM      eth0 377961.00  42592.00 558747.98   4835.51      0.00      0.00      0.00
09:13:11 PM      eth0 377173.00  43229.00 557585.99   4897.01      0.00      0.00      0.00
09:13:12 PM      eth0 379538.00  43253.00 561066.03   4918.54      0.00      0.00      0.00
09:13:13 PM      eth0 380870.00  43570.00 563032.65   4943.98      0.00      0.00      0.00
09:13:14 PM      eth0 379241.00  42760.00 560609.87   4845.47      0.00      0.00      0.00
09:13:15 PM      eth0 380604.00  42839.00 562640.87   4852.83      0.00      0.00      0.00
09:13:16 PM      eth0 378170.00  42681.00 559038.64   4848.43      0.00      0.00      0.00
09:13:17 PM      eth0 375174.00  43079.00 554620.89   4880.00      0.00      0.00      0.00
09:13:18 PM      eth0 380361.00  43902.00 562288.31   4973.23      0.00      0.00      0.00
09:13:19 PM      eth0 375841.00  43274.00 555608.71   4911.47      0.00      0.00      0.00
09:13:20 PM      eth0 375168.00  42585.00 554604.82   4823.99      0.00      0.00      0.00
09:13:21 PM      eth0 372053.00  42916.00 550000.51   4931.33      0.00      0.00      0.00
09:13:22 PM      eth0 341618.00  39856.00 505014.06   4552.31      0.00      0.00      0.00
09:13:23 PM      eth0 343128.00  39573.00 507239.37   4482.86      0.00      0.00      0.00
09:13:24 PM      eth0 347385.00  39505.00 513518.08   4485.07      0.00      0.00      0.00
09:13:25 PM      eth0 350282.00  39866.00 517819.73   4541.46      0.00      0.00      0.00
09:13:26 PM      eth0 353455.00  39032.00 522502.05   4421.59      0.00      0.00      0.00
09:13:27 PM      eth0 351917.00  38636.00 520220.22   4376.73      0.00      0.00      0.00
09:13:28 PM      eth0 353563.00  38423.00 522545.55   4381.29      0.00      0.00      0.00
09:13:29 PM      eth0 353346.00  38952.00 522220.86   4441.94      0.00      0.00      0.00
09:13:30 PM      eth0 355775.00  39003.00 525926.36   4418.19      0.00      0.00      0.00
09:13:31 PM      eth0 366372.00  43508.00 541592.82   4970.42      0.00      0.00      0.00
09:13:32 PM      eth0 409701.00  49896.00 605681.81   5656.09      0.00      0.00      0.00
09:13:33 PM      eth0 409085.00  49114.00 604761.71   5565.21      0.00      0.00      0.00
09:13:34 PM      eth0 413162.00  49034.00 610787.52   5556.29      0.00      0.00      0.00
09:13:35 PM      eth0 407959.00  48091.00 603100.91   5447.71      0.00      0.00      0.00
09:13:36 PM      eth0 411404.00  48210.00 608197.34   5461.24      0.00      0.00      1.00
09:13:37 PM      eth0 405386.00  47349.00 599299.67   5363.71      0.00      0.00      0.00
09:13:38 PM      eth0 415567.00  48929.00 614349.51   5552.52      0.00      0.00      0.00
09:13:39 PM      eth0 418347.00  49227.00 618459.50   5576.47      0.00      0.00      0.00
09:13:40 PM      eth0 424246.00  49661.00 627182.21   5637.76      0.00      0.00      0.00
09:13:41 PM      eth0 427003.00  52088.00 631262.22   5931.84      0.00      0.00      0.00
09:13:42 PM      eth0 404903.00  51930.00 598604.06   5978.16      0.00      0.00      0.00
09:13:43 PM      eth0 396817.00  50634.00 586659.16   5736.27      0.00      0.00      0.00
09:13:44 PM      eth0 396430.00  50436.00 586071.18   5715.09      0.00      0.00      0.00
09:13:45 PM      eth0 395407.00  50603.00 584568.12   5732.30      0.00      0.00      0.00
09:13:46 PM      eth0 398380.00  50696.00 588962.37   5742.84      0.00      0.00      0.00
09:13:47 PM      eth0 400763.00  50583.00 592463.95   5735.45      0.00      0.00      0.00
09:13:48 PM      eth0 400579.00  50302.00 592207.29   5698.23      0.00      0.00      0.00
09:13:49 PM      eth0 398521.00  49904.00 589163.52   5653.14      0.00      0.00      0.00
09:13:50 PM      eth0 396032.00  48809.00 585481.88   5529.12      0.00      0.00      0.00
09:13:51 PM      eth0 385628.00  48028.00 570099.95   5440.62      0.00      0.00      0.00
09:13:52 PM      eth0 353475.00  45088.00 522555.46   5107.60      0.00      0.00      0.00
09:13:53 PM      eth0 347048.00  44160.00 513052.41   5002.50      0.00      0.00      0.00
09:13:54 PM      eth0 349568.00  45217.00 516755.64   5156.83      0.00      0.00      0.00
09:13:55 PM      eth0 346336.00  44652.00 511998.14   5058.19      0.00      0.00      0.00
09:13:56 PM      eth0 345041.00  44618.00 510083.82   5054.36      0.00      0.00      0.00
09:13:57 PM      eth0 340989.00  43850.00 504098.69   4967.38      0.00      0.00      0.00
09:13:58 PM      eth0 345375.00  44407.00 510585.47   5030.41      0.00      0.00      0.00
09:13:59 PM      eth0 344482.00  44397.00 509263.18   5029.37      0.00      0.00      0.00
09:14:00 PM      eth0 347513.00  44716.00 513734.65   5076.80      0.00      0.00      0.00
09:14:01 PM      eth0 345576.00  44883.00 510875.96   5135.12      0.00      0.00      0.00
09:14:02 PM      eth0 342613.00  46870.00 506493.03   5341.39      0.00      0.00      0.00
09:14:03 PM      eth0 345933.00  46747.00 511409.24   5296.65      0.00      0.00      0.00
09:14:04 PM      eth0 348752.00  47083.00 515560.54   5335.26      0.00      0.00      0.00
09:14:05 PM      eth0 346429.00  46538.00 512139.75   5271.86      0.00      0.00      0.00
09:14:06 PM      eth0 348282.00  47903.00 514875.11   5494.22      0.00      0.00      0.00
09:14:07 PM      eth0 346812.00  47287.00 512696.08   5356.64      0.00      0.00      0.00
09:14:08 PM      eth0 345520.00  46917.00 510794.64   5320.31      0.00      0.00      0.00
09:14:09 PM      eth0 336254.00  46174.00 497094.92   5241.02      0.00      0.00      0.00
09:14:10 PM      eth0 334832.00  45947.00 494991.99   5204.91      0.00      0.00      0.00
09:14:11 PM      eth0 328563.00  45648.00 485733.32   5171.06      0.00      0.00      0.00
09:14:12 PM      eth0 333489.00  46456.00 493013.39   5262.57      0.00      0.00      0.00
09:14:13 PM      eth0 334279.00  46082.00 494176.57   5224.97      0.00      0.00      0.00
09:14:14 PM      eth0 332329.00  45852.00 491287.70   5195.83      0.00      0.00      0.00
09:14:15 PM      eth0 335575.00  45996.00 496107.48   5243.33      0.00      0.00      0.00
09:14:16 PM      eth0 328094.00  44863.00 485038.43   5102.14      0.00      0.00      0.00
09:14:17 PM      eth0 328455.00  45007.00 485567.69   5098.40      0.00      0.00      0.00
09:14:18 PM      eth0 330007.00  45229.00 487865.75   5123.57      0.00      0.00      0.00
09:14:19 PM      eth0 329561.00  45454.00 487205.14   5171.57      0.00      0.00      0.00
09:14:20 PM      eth0 320402.00  44080.00 473665.39   5026.13      0.00      0.00      0.00
09:14:21 PM      eth0 320181.00  43069.00 473333.54   4892.82      0.00      0.00      0.00
09:14:22 PM      eth0 342067.00  43989.00 505687.84   5004.12      0.00      0.00      0.00
09:14:23 PM      eth0 338600.00  42893.00 500561.70   4858.97      0.00      0.00      0.00
09:14:24 PM      eth0 341237.00  42879.00 504443.07   4859.00      0.00      0.00      0.00
09:14:25 PM      eth0 338035.00  42311.00 499718.13   4792.95      0.00      0.00      0.00
09:14:26 PM      eth0 339585.00  42255.00 502016.17   4786.68      0.00      0.00      0.00
09:14:27 PM      eth0 343790.00  43264.00 508226.16   4924.89      0.00      0.00      0.00
09:14:28 PM      eth0 336582.00  41631.00 497564.78   4715.94      0.00      0.00      0.00
09:14:29 PM      eth0 337941.00  42049.00 499569.70   4787.92      0.00      0.00      0.00
09:14:30 PM      eth0 335762.00  41059.00 496300.33   4670.15      0.00      0.00      0.00
09:14:31 PM      eth0 334893.00  41465.00 494907.21   4754.79      0.00      0.00      0.00
09:14:32 PM      eth0 335645.00  41871.00 496189.05   4776.85      0.00      0.00      0.00
09:14:33 PM      eth0 335188.00  41499.00 495504.69   4702.53      0.00      0.00      0.00
09:14:34 PM      eth0 332914.00  41383.00 492143.33   4689.55      0.00      0.00      0.00
09:14:35 PM      eth0 329300.00  41349.00 486808.50   4717.84      0.00      0.00      0.00
09:14:36 PM      eth0 325146.00  40792.00 480664.62   4621.03      0.00      0.00      0.00
09:14:37 PM      eth0 326164.00  41226.00 482172.65   4670.11      0.00      0.00      0.00
09:14:38 PM      eth0 326983.00  41335.00 483385.31   4682.48      0.00      0.00      0.00
09:14:39 PM      eth0 328882.00  41406.00 486194.26   4690.52      0.00      0.00      0.00
09:14:40 PM      eth0 331648.00  41812.00 490277.54   4736.52      0.00      0.00      0.00
09:14:41 PM      eth0 329518.00  41124.00 487122.83   4673.27      0.00      0.00      0.00
09:14:42 PM      eth0 300580.00  39461.00 444357.66   4531.20      0.00      0.00      0.00
09:14:43 PM      eth0 308827.00  39903.00 456546.74   4526.11      0.00      0.00      0.00
09:14:44 PM      eth0 319583.00  41119.00 472440.81   4659.67      0.00      0.00      0.00
09:14:45 PM      eth0 328577.00  42667.00 485749.17   4901.76      0.00      0.00      0.00
09:14:46 PM      eth0 319266.00  40317.00 471980.68   4567.09      0.00      0.00      0.00
09:14:47 PM      eth0 321549.00  40913.00 475336.50   4672.14      0.00      0.00      0.00
09:14:48 PM      eth0 321400.00  40503.00 475130.07   4602.69      0.00      0.00      0.00
09:14:49 PM      eth0 318856.00  40402.00 471378.97   4576.90      0.00      0.00      0.00
09:14:50 PM      eth0 319665.00  40692.00 472567.47   4609.59      0.00      0.00      0.00
09:14:51 PM      eth0 325953.00  41366.00 481858.81   4685.99      0.00      0.00      0.00
09:14:52 PM      eth0 339366.00  43105.00 501680.56   4906.91      0.00      0.00      0.00
09:14:53 PM      eth0 346429.00  43669.00 512124.15   4946.83      0.00      0.00      0.00
09:14:54 PM      eth0 348004.00  43789.00 514431.78   4962.06      0.00      0.00      0.00
09:14:55 PM      eth0 348613.00  43759.00 515346.86   4957.05      0.00      0.00      0.00
09:14:56 PM      eth0 349149.00  43815.00 516140.49   4963.42      0.00      0.00      0.00
09:14:57 PM      eth0 350001.00  44281.00 517402.74   5016.18      0.00      0.00      0.00
09:14:58 PM      eth0 351813.00  44397.00 520074.88   5029.21      0.00      0.00      0.00
09:14:59 PM      eth0 352484.00  44457.00 521062.28   5037.51      0.00      0.00      0.00
09:15:00 PM      eth0 354676.00  44979.00 524311.20   5102.52      0.00      0.00      0.00
09:15:01 PM      eth0 354940.00  44796.00 524700.09   5075.72      0.00      0.00      0.00
09:15:02 PM      eth0 360788.00  48183.00 533357.74   5574.14      0.00      0.00      0.00
09:15:03 PM      eth0 348563.00  45250.00 515278.31   5125.93      0.00      0.00      0.00
09:15:04 PM      eth0 346969.00  45023.00 512918.40   5101.90      0.00      0.00      0.00
09:15:05 PM      eth0 342372.00  45331.00 506124.69   5176.12      0.00      0.00      0.00
09:15:06 PM      eth0 337543.00  44683.00 498992.07   5064.74      0.00      0.00      0.00
09:15:07 PM      eth0 331236.63  43663.37 489523.87   5017.60      0.00      0.00      0.00
09:15:08 PM      eth0 330172.00  43283.00 488030.75   4905.28      0.00      0.00      0.00
09:15:09 PM      eth0 326959.00  42605.00 483345.28   4826.30      0.00      0.00      0.00
09:15:10 PM      eth0 325457.00  42893.00 481124.93   4858.95      0.00      0.00      0.00
09:15:11 PM      eth0 322508.00  42875.00 476763.98   4856.91      0.00      0.00      0.00
09:15:12 PM      eth0 319096.00  42231.00 471716.04   4783.89      0.00      0.00      0.00
09:15:13 PM      eth0 315640.00  41759.00 466617.20   4730.49      0.00      0.00      0.00
09:15:14 PM      eth0 321159.00  42284.00 474761.63   4791.62      0.00      0.00      0.00
09:15:15 PM      eth0 317802.00  42039.00 469812.98   4767.68      0.00      0.00      0.00
09:15:16 PM      eth0 324192.00  42706.00 479256.84   4837.77      0.00      0.00      0.00
09:15:17 PM      eth0 324129.00  43342.00 479161.70   4954.51      0.00      0.00      0.00
09:15:18 PM      eth0 323803.00  43321.00 478679.21   4942.74      0.00      0.00      0.00
09:15:19 PM      eth0 325134.00  42900.00 480652.61   4859.69      0.00      0.00      0.00
09:15:20 PM      eth0 332575.00  44161.00 491653.04   5045.21      0.00      0.00      0.00
09:15:21 PM      eth0 337110.00  43574.00 498358.68   4936.09      0.00      0.00      0.00
09:15:22 PM      eth0 365561.00  46500.00 540418.43   5274.51      0.00      0.00      0.00
09:15:23 PM      eth0 362268.00  45842.00 535545.54   5192.99      0.00      0.00      0.00
09:15:24 PM      eth0 365639.00  46658.00 540519.71   5287.11      0.00      0.00      0.00
09:15:25 PM      eth0 361170.00  45935.00 533924.95   5212.06      0.00      0.00      0.00
09:15:26 PM      eth0 362363.00  45840.00 535686.82   5192.79      0.00      0.00      0.00
09:15:27 PM      eth0 362819.00  45813.00 536361.31   5189.73      0.00      0.00      0.00
09:15:28 PM      eth0 362116.00  45934.00 535321.86   5203.41      0.00      0.00      0.00
09:15:29 PM      eth0 361701.00  45776.00 534707.73   5186.95      0.00      0.00      0.00
09:15:30 PM      eth0 362471.00  45528.00 535852.12   5157.40      0.00      0.00      0.00
09:15:31 PM      eth0 358987.00  45220.00 530595.70   5170.87      0.00      0.00      0.00
09:15:32 PM      eth0 349469.00  44183.00 516526.50   5075.52      0.00      0.00      0.00
09:15:33 PM      eth0 349505.00  44586.00 516685.34   5102.07      0.00      0.00      0.00
09:15:34 PM      eth0 354617.00  44347.00 524220.38   5026.86      0.00      0.00      0.00
09:15:35 PM      eth0 356687.00  44640.00 527304.73   5070.86      0.00      0.00      0.00
09:15:36 PM      eth0 362103.00  45308.00 535310.71   5132.41      0.00      0.00      0.00
09:15:37 PM      eth0 365713.00  45589.00 540653.87   5164.36      0.00      0.00      0.00
09:15:38 PM      eth0 368626.00  45320.00 544955.57   5133.88      0.00      0.00      0.00
09:15:39 PM      eth0 369472.00  45288.00 546199.77   5136.34      0.00      0.00      0.00
09:15:40 PM      eth0 369746.00  46580.00 546607.07   5342.81      0.00      0.00      0.00
09:15:41 PM      eth0 370097.00  45830.00 547122.07   5211.90      0.00      0.00      0.00
09:15:42 PM      eth0 359921.00  45197.00 532075.56   5171.97      0.00      0.00      0.00
09:15:43 PM      eth0 364361.00  44511.00 538631.66   5080.56      0.00      0.00      0.00
09:15:44 PM      eth0 368167.00  45370.00 543973.39   5934.75      0.00      0.00      0.00
09:15:45 PM      eth0 366039.00  44285.00 541121.12   5051.64      0.00      0.00      0.00
09:15:46 PM      eth0 366464.00  43894.00 541752.65   4972.37      0.00      0.00      0.00
09:15:47 PM      eth0 366028.00  43884.00 541102.73   4971.12      0.00      0.00      0.00
09:15:48 PM      eth0 366990.00  43989.00 542504.90   4988.52      0.00      0.00      0.00
09:15:49 PM      eth0 362765.00  44669.00 536281.86   5114.70      0.00      0.00      0.00
09:15:50 PM      eth0 381824.00  45978.00 564458.89   5217.79      0.00      0.00      0.00
09:15:51 PM      eth0 377462.00  46817.00 558006.88   5312.64      0.00      0.00      0.00
09:15:52 PM      eth0 356115.00  47582.00 526464.81   5426.23      0.00      0.00      0.00
09:15:53 PM      eth0 353711.00  47489.00 522914.96   5379.59      0.00      0.00      0.00
09:15:54 PM      eth0 351250.00  47921.00 519267.83   5445.48      0.00      0.00      0.00
09:15:55 PM      eth0 344868.00  46618.00 509843.03   5280.95      0.00      0.00      0.00
09:15:56 PM      eth0 340977.00  46581.00 504086.26   5304.00      0.00      0.00      0.00
09:15:57 PM      eth0 332490.00  45467.00 491538.08   5150.57      0.00      0.00      0.00
09:15:58 PM      eth0 336023.00  45738.00 496758.95   5181.14      0.00      0.00      0.00
09:15:59 PM      eth0 339503.00  45792.00 501891.49   5197.92      0.00      0.00      0.00
09:16:00 PM      eth0 343439.00  46139.00 507732.01   5226.63      0.00      0.00      0.00
09:16:01 PM      eth0 350474.00  46628.00 518124.50   5284.38      0.00      0.00      0.00
09:16:02 PM      eth0 357183.00  45300.00 528026.10   5131.62      0.00      0.00      0.00
09:16:03 PM      eth0 357126.00  45721.00 527940.27   5233.29      0.00      0.00      0.00
09:16:04 PM      eth0 356872.00  45307.00 527546.29   5134.02      0.00      0.00      0.00
09:16:05 PM      eth0 355633.00  45138.00 525732.55   5113.29      0.00      0.00      0.00
09:16:06 PM      eth0 355164.00  44867.00 525039.12   5082.57      0.00      0.00      0.00
09:16:07 PM      eth0 357271.00  45036.00 528152.37   5101.71      0.00      0.00      0.00
09:16:08 PM      eth0 357468.00  45123.00 528444.78   5111.57      0.00      0.00      0.00
09:16:09 PM      eth0 355300.00  45115.00 525239.83   5110.66      0.00      0.00      0.00
09:16:10 PM      eth0 355721.00  46088.00 525863.39   5270.68      0.00      0.00      0.00
09:16:11 PM      eth0 363697.00  45718.00 537655.26   5184.41      0.00      0.00      0.00
09:16:12 PM      eth0 346431.00  42959.00 512128.59   4884.23      0.00      0.00      0.00
09:16:13 PM      eth0 337279.00  40840.00 498593.99   4635.52      0.00      0.00      0.00
09:16:14 PM      eth0 338071.00  40504.00 499751.81   4589.98      0.00      0.00      0.00
09:16:15 PM      eth0 336307.00  42026.00 497162.40   4819.00      0.00      0.00      0.00
09:16:16 PM      eth0 309312.00  38303.00 457251.55   4339.70      0.00      0.00      0.00
09:16:17 PM      eth0 312237.00  39260.00 461573.33   4476.02      0.00      0.00      0.00
09:16:18 PM      eth0 319639.00  39730.00 472513.21   4500.62      0.00      0.00      0.00
09:16:19 PM      eth0 320732.00  39637.00 474128.62   4490.03      0.00      0.00      0.00
09:16:20 PM      eth0 328016.00  40201.00 484910.77   4557.54      0.00      0.00      0.00
09:16:21 PM      eth0 334402.00  40641.00 494339.26   4611.78      0.00      0.00      0.00
09:16:22 PM      eth0 363159.00  44609.00 536852.37   5073.42      0.00      0.00      0.00
09:16:23 PM      eth0 359856.00  42532.00 531963.83   4817.98      0.00      0.00      0.00
09:16:24 PM      eth0 357561.00  41753.00 528556.82   4731.47      0.00      0.00      0.00
09:16:25 PM      eth0 344841.00  40614.00 509764.67   4605.64      0.00      0.00      0.00
09:16:26 PM      eth0 342137.00  40563.00 505769.30   4598.72      0.00      0.00      0.00
09:16:27 PM      eth0 342843.00  40754.00 506811.36   4616.64      0.00      0.00      0.00
09:16:28 PM      eth0 342789.00  40462.00 506723.48   4595.12      0.00      0.00      0.00
09:16:29 PM      eth0 343981.00  40879.00 508492.13   4632.17      0.00      0.00      0.00
09:16:30 PM      eth0 344682.00  41036.00 509531.82   4672.74      0.00      0.00      0.00
09:16:31 PM      eth0 345012.00  42179.00 509956.36   4819.18      0.00      0.00      0.00
09:16:32 PM      eth0 373476.00  47497.00 551948.26   5431.14      0.00      0.00      0.00
09:16:33 PM      eth0 372375.00  47421.00 550478.74   5371.89      0.00      0.00      0.00
09:16:34 PM      eth0 371272.00  47756.00 548831.07   5413.13      0.00      0.00      0.00
09:16:35 PM      eth0 369949.00  47678.00 546890.85   5401.00      0.00      0.00      0.00
09:16:36 PM      eth0 365950.00  46971.00 540970.54   5322.43      0.00      0.00      0.00
09:16:37 PM      eth0 366851.00  47402.00 542307.84   5384.23      0.00      0.00      0.00
09:16:38 PM      eth0 364685.00  47624.00 539105.32   5394.86      0.00      0.00      0.00
09:16:39 PM      eth0 368876.00  47380.00 545300.55   5367.22      0.00      0.00      0.00
09:16:40 PM      eth0 371635.00  47366.00 549383.97   5365.61      0.00      0.00      0.00
09:16:41 PM      eth0 362207.00  47053.00 535431.26   5353.23      0.00      0.00      0.00
09:16:42 PM      eth0 295707.00  40271.00 437149.88   4651.13      0.00      0.00      0.00
09:16:43 PM      eth0 294882.00  39484.00 435926.98   4472.75      0.00      0.00      0.00
09:16:44 PM      eth0 295415.00  39400.00 436703.77   4464.94      0.00      0.00      0.00
09:16:45 PM      eth0 297458.00  39872.00 439738.23   4520.36      0.00      0.00      0.00
09:16:46 PM      eth0 297654.00  40667.00 440025.25   4680.98      0.00      0.00      0.00
09:16:47 PM      eth0 299179.00  39967.00 442279.01   4527.44      0.00      0.00      0.00
09:16:48 PM      eth0 299621.00  40963.00 442934.29   4683.70      0.00      0.00      0.00
09:16:49 PM      eth0 293512.00  39507.00 433877.71   4481.25      0.00      0.00      0.00
09:16:50 PM      eth0 298282.00  39779.00 440958.90   4506.21      0.00      0.00      0.00
09:16:51 PM      eth0 306969.00  41838.00 453800.60   4753.25      0.00      0.00      0.00
09:16:52 PM      eth0 348102.00  47293.00 514615.61   5396.38      0.00      0.00      0.00
09:16:53 PM      eth0 353028.00  48246.00 521901.78   5465.32      0.00      0.00      0.00
09:16:54 PM      eth0 353537.00  47919.00 522629.75   5439.12      0.00      0.00      0.00
09:16:55 PM      eth0 352271.00  47769.00 520782.19   5430.22      0.00      0.00      0.00
09:16:56 PM      eth0 353760.00  47180.00 522979.47   5344.59      0.00      0.00      0.00
09:16:57 PM      eth0 352602.00  47082.00 521268.08   5333.51      0.00      0.00      1.00
09:16:58 PM      eth0 353483.00  47252.00 522568.20   5352.69      0.00      0.00      0.00
09:16:59 PM      eth0 351659.00  46923.00 519869.51   5316.86      0.00      0.00      0.00
09:17:00 PM      eth0 352246.00  46832.00 520741.50   5305.12      0.00      0.00      0.00
09:17:01 PM      eth0 351235.00  48072.00 519249.39   5464.30      0.00      0.00      0.00
09:17:02 PM      eth0 342023.00  49247.00 505639.11   5631.05      0.00      0.00      0.00
09:17:03 PM      eth0 341850.00  49236.00 505382.47   5577.49      0.00      0.00      0.00
09:17:04 PM      eth0 340595.00  49017.00 503518.19   5583.33      0.00      0.00      0.00
09:17:05 PM      eth0 343770.00  49694.00 508219.17   5646.51      0.00      0.00      0.00
09:17:06 PM      eth0 353206.00  51771.00 522166.30   5890.32      0.00      0.00      0.00
09:17:07 PM      eth0 350613.00  50958.00 518325.79   5806.30      0.00      0.00      0.00
09:17:08 PM      eth0 344179.00  49991.00 508829.31   5663.02      0.00      0.00      0.00
09:17:09 PM      eth0 339136.00  48880.00 501373.30   5537.16      0.00      0.00      0.00
09:17:10 PM      eth0 338230.00  49077.00 500029.12   5559.41      0.00      0.00      0.00
09:17:11 PM      eth0 341660.00  49093.00 505100.78   5611.20      0.00      0.00      0.00
09:17:12 PM      eth0 348212.00  43959.00 514773.74   5025.57      0.00      0.00      0.00
09:17:13 PM      eth0 342492.00  42544.00 506317.47   4819.34      0.00      0.00      0.00
09:17:14 PM      eth0 335296.00  41921.00 495651.62   4775.83      0.00      0.00      0.00
09:17:15 PM      eth0 329566.00  40664.00 487196.90   4607.43      0.00      0.00      0.00
09:17:16 PM      eth0 320675.00  39033.00 474045.00   4421.66      0.00      0.00      0.00
09:17:17 PM      eth0 312669.00  37918.00 462204.75   4295.35      0.00      0.00      0.00
09:17:18 PM      eth0 309428.00  37575.00 457409.85   4256.45      0.00      0.00      0.00
09:17:19 PM      eth0 307852.00  37576.00 455087.40   4256.66      0.00      0.00      0.00
09:17:20 PM      eth0 302392.00  37006.00 447015.80   4191.99      0.00      0.00      0.00
09:17:21 PM      eth0 292704.00  38009.00 432679.36   4329.65      0.00      0.00      0.00
09:17:22 PM      eth0 260277.00  36729.00 384778.86   4160.68      0.00      0.00      0.00
09:17:23 PM      eth0 256212.00  35949.00 378771.17   4072.35      0.00      0.00      0.00
09:17:24 PM      eth0 260860.00  36680.00 385626.46   4156.79      0.00      0.00      0.00
09:17:25 PM      eth0 256652.00  36114.00 379418.23   4091.02      0.00      0.00      0.00
09:17:26 PM      eth0 261393.00  36523.00 386422.76   4137.35      0.00      0.00      0.00
09:17:27 PM      eth0  68308.00   7577.00 100939.01    875.51      0.00      0.00      0.00
