09:18:07 PM      eth0      5.00      1.00      0.57      0.06      0.00      0.00      0.00
09:18:08 PM      eth0      7.00      0.00      0.93      0.00      0.00      0.00      0.00
09:18:09 PM      eth0      7.00      1.00      1.29      0.16      0.00      0.00      0.00
09:18:10 PM      eth0      5.00      0.00      0.29      0.00      0.00      0.00      0.00
09:18:11 PM      eth0     11.00     10.00      2.09      2.84      0.00      0.00      0.00
09:18:12 PM      eth0     16.00     12.00      3.46      2.88      0.00      0.00      0.00
09:18:13 PM      eth0      4.00      0.00      0.23      0.00      0.00      0.00      0.00
09:18:14 PM      eth0      5.00      0.00      0.29      0.00      0.00      0.00      0.00
09:18:15 PM      eth0     22.00     11.00     11.06      1.30      0.00      0.00      0.00
09:18:16 PM      eth0     17.00      8.00      7.77      0.91      0.00      0.00      0.00
09:18:17 PM      eth0     25.00     14.00     13.23      1.59      0.00      0.00      0.00
09:18:18 PM      eth0     36.00     31.00      6.48      9.86      0.00      0.00      0.00
09:18:19 PM      eth0     39.00     33.00     14.05     15.66      0.00      0.00      0.00
09:18:20 PM      eth0     22.00      5.00      5.64      0.62      0.00      0.00      1.00
09:18:21 PM      eth0     30.00     16.00      8.83      3.42      0.00      0.00      0.00
09:18:22 PM      eth0     20.00      7.00      5.80      0.85      0.00      0.00      0.00
09:18:23 PM      eth0     32.00     17.00     16.18      1.98      0.00      0.00      0.00
09:18:24 PM      eth0     14.00     10.00      2.11      2.67      0.00      0.00      1.00
09:18:25 PM      eth0     19.00      5.00      5.52      0.62      0.00      0.00      0.00
09:18:26 PM      eth0     13.00      4.00      4.12      0.46      0.00      0.00      1.00
09:18:27 PM      eth0     27.00      8.00      8.80      0.91      0.00      0.00      0.00
09:18:28 PM      eth0     10.00      1.00      1.46      0.16      0.00      0.00      0.00
09:18:29 PM      eth0     13.00      0.00      0.94      0.00      0.00      0.00      0.00
09:18:30 PM      eth0      9.00      1.00      1.40      0.16      0.00      0.00      1.00
09:18:31 PM      eth0     15.00      8.00      1.23      2.51      0.00      0.00      0.00
09:18:32 PM      eth0     15.00      5.00      2.97      0.59      0.00      0.00      0.00
09:18:33 PM      eth0      6.00      0.00      0.41      0.00      0.00      0.00      0.00
09:18:34 PM      eth0      6.00      1.00      1.23      0.16      0.00      0.00      1.00
09:18:35 PM      eth0      8.00      8.00      0.76      2.25      0.00      0.00      0.00
09:18:36 PM      eth0     10.00      1.00      1.91      0.16      0.00      0.00      1.00
09:18:37 PM      eth0      4.00      0.00      0.23      0.00      0.00      0.00      0.00
09:18:38 PM      eth0      5.00      0.00      0.35      0.00      0.00      0.00      0.00
09:18:39 PM      eth0      7.00      1.00      1.34      0.16      0.00      0.00      0.00
09:18:40 PM      eth0      8.00      0.00      1.38      0.00      0.00      0.00      0.00
09:18:41 PM      eth0     11.00      9.00      1.81      2.68      0.00      0.00      0.00
09:18:42 PM      eth0      9.00      3.00      1.74      0.39      0.00      0.00      0.00
09:18:43 PM      eth0     10.00      1.00      2.07      0.16      0.00      0.00      0.00
09:18:44 PM      eth0      8.00      0.00      0.59      0.00      0.00      0.00      0.00
09:18:45 PM      eth0      6.00      1.00      1.23      0.16      0.00      0.00      0.00
09:18:46 PM      eth0      4.00      0.00      0.29      0.00      0.00      0.00      0.00
09:18:47 PM      eth0      6.00      1.00      1.29      0.16      0.00      0.00      0.00
09:18:48 PM      eth0      8.00      0.00      0.74      0.00      0.00      0.00      0.00
09:18:49 PM      eth0      8.00      1.00      1.68      0.16      0.00      0.00      0.00
09:18:50 PM      eth0      7.00      0.00      1.01      0.00      0.00      0.00      0.00
09:18:51 PM      eth0     16.00      9.00      3.10      2.68      0.00      0.00      0.00
09:18:52 PM      eth0     11.00      3.00      1.94      0.39      0.00      0.00      0.00
09:18:53 PM      eth0      8.00      1.00      1.46      0.16      0.00      0.00      0.00
09:18:54 PM      eth0    101.00    115.00     34.73     54.20      0.00      0.00      0.00
09:18:55 PM      eth0 92354448180.20 67479519636.63 118883673024.25 89391734779.23      0.00      0.00  98993.07
09:18:56 PM      eth0     22.00     19.00      4.44      6.53      0.00      0.00      0.00
09:18:57 PM      eth0     29.00     23.00      6.62      7.18      0.00      0.00      0.00
09:18:58 PM      eth0     14.00     12.00      4.06      2.38      0.00      0.00      0.00
09:18:59 PM      eth0     24.00     20.00      4.31      4.70      0.00      0.00      0.00
09:19:00 PM      eth0      6.00      0.00      0.41      0.00      0.00      0.00      0.00
09:19:01 PM      eth0     76.00     96.00     25.46     39.28      0.00      0.00      0.00
09:19:02 PM      eth0     21.00     22.00      3.08      8.64      0.00      0.00      0.00
09:19:03 PM      eth0      6.00      0.00      0.41      0.00      0.00      0.00      0.00
09:19:04 PM      eth0     10.00      1.00      2.54      0.16      0.00      0.00      0.00
09:19:05 PM      eth0     10.00     11.00      0.88      2.60      0.00      0.00      0.00
09:19:06 PM      eth0     18.00     16.00      4.31      2.78      0.00      0.00      0.00
09:19:07 PM      eth0      9.00      0.00      0.74      0.00      0.00      0.00      0.00
09:19:08 PM      eth0      6.00      0.00      0.43      0.00      0.00      0.00      0.00
09:19:09 PM      eth0      4.00      0.00      0.23      0.00      0.00      0.00      0.00
09:19:10 PM      eth0      4.00      0.00      0.23      0.00      0.00      0.00      0.00
09:19:11 PM      eth0     30.00     30.00     15.70     13.18      0.00      0.00      0.00
09:19:12 PM      eth0    177.00    243.00     60.67    112.35      0.00      0.00      0.00
09:19:13 PM      eth0 93277993155.00 68154315362.00 120072509896.70 90285652336.61      0.00      0.00  99983.00
09:19:14 PM      eth0     55.00     64.00     15.10     18.53      0.00      0.00      0.00
09:19:15 PM      eth0     19.00     22.00      3.78      3.90      0.00      0.00      0.00
09:19:16 PM      eth0      7.00      7.00      0.75      0.81      0.00      0.00      0.00
09:19:17 PM      eth0     80.00    101.00     25.73     44.32      0.00      0.00      0.00
09:19:18 PM      eth0      7.00      0.00      0.93      0.00      0.00      0.00      0.00
09:19:19 PM      eth0     58.00     75.00     15.52     28.58      0.00      0.00      0.00
09:19:20 PM      eth0     31.00     26.00     18.21      5.66      0.00      0.00      0.00
09:19:21 PM      eth0     15.00      9.00      2.47      2.64      0.00      0.00      0.00
09:19:22 PM      eth0      9.00      3.00      1.77      0.39      0.00      0.00      0.00
09:19:23 PM      eth0      9.00      9.00      0.67      1.05      0.00      0.00      0.00
09:19:24 PM      eth0      7.00      0.00      0.69      0.00      0.00      0.00      0.00
09:19:25 PM      eth0      5.00      0.00      0.29      0.00      0.00      0.00      0.00
09:19:26 PM      eth0     40.00     41.00     16.18     11.36      0.00      0.00      0.00
09:19:27 PM      eth0     23.00     26.00     14.25     10.91      0.00      0.00      0.00
09:19:28 PM      eth0    192.00    256.00     66.03    116.57      0.00      0.00      0.00
09:19:29 PM      eth0      8.00      3.00      1.02      0.38      0.00      0.00      0.00
09:19:30 PM      eth0     57.00     65.00     15.20     20.40      0.00      0.00      0.00
09:19:31 PM      eth0     24.00     24.00      4.66      5.51      0.00      0.00      0.00
09:19:32 PM      eth0      7.00      9.00      1.84      1.07      0.00      0.00      0.00
09:19:33 PM      eth0     82.00    102.00     26.10     44.51      0.00      0.00      0.00
09:19:34 PM      eth0      6.00      6.00      0.35      0.70      0.00      0.00      0.00
09:19:35 PM      eth0    155.00    204.00     55.58     94.45      0.00      0.00      0.00
09:19:36 PM      eth0 93277994123.00 68154316501.00 120072510210.88 90285652783.91      0.00      0.00  99983.00
09:19:37 PM      eth0 93277994163.00 68154316541.00 120072510221.10 90285652797.49      0.00      0.00  99983.00
09:19:38 PM      eth0     15.00     18.00      4.26      3.17      0.00      0.00      0.00
09:19:39 PM      eth0     26.00     26.00      5.10      5.46      0.00      0.00      0.00
09:19:40 PM      eth0      9.00      0.00      0.83      0.00      0.00      0.00      0.00
09:19:41 PM      eth0     92.00    116.00     28.07     47.64      0.00      0.00      0.00
09:19:42 PM      eth0     10.00      4.00      1.17      0.42      0.00      0.00      0.00
09:19:43 PM      eth0      7.00      1.00      1.63      0.16      0.00      0.00      0.00
09:19:44 PM      eth0     16.00     12.00      7.67      2.53      0.00      0.00      0.00
09:19:45 PM      eth0      5.00      6.00      0.37      0.76      0.00      0.00      0.00
09:19:46 PM      eth0      4.00      6.00      0.23      0.73      0.00      0.00      0.00
09:19:47 PM      eth0     10.00     12.00      1.70      2.92      0.00      0.00      0.00
09:19:48 PM      eth0      5.00      3.00      0.29      0.27      0.00      0.00      0.00
09:19:49 PM      eth0      6.00      0.00      0.63      0.00      0.00      0.00      0.00
09:19:50 PM      eth0     10.00      5.00      0.77      0.44      0.00      0.00      0.00
09:19:51 PM      eth0     14.00     13.00      3.42      3.19      0.00      0.00      0.00
09:19:52 PM      eth0     17.00     17.00      7.74      3.17      0.00      0.00      0.00
09:19:53 PM      eth0      7.00     15.00      1.11      3.35      0.00      0.00      0.00
09:19:54 PM      eth0      8.00      6.00      1.10      0.62      0.00      0.00      0.00
09:19:55 PM      eth0      8.00      9.00      0.53      0.92      0.00      0.00      0.00
09:19:56 PM      eth0      6.00      0.00      0.87      0.00      0.00      0.00      0.00
09:19:57 PM      eth0      6.00      0.00      0.35      0.00      0.00      0.00      0.00
09:19:58 PM      eth0    139.00    193.00     54.04     88.49      0.00      0.00      0.00
09:19:59 PM      eth0 93277994662.00 68154317098.00 120072510373.17 90285653003.41      0.00      0.00  99983.00
09:20:00 PM      eth0 93277994715.00 68154317154.00 120072510387.46 90285653019.72      0.00      0.00  99983.00
09:20:01 PM      eth0     36.00     37.00     11.26      9.35      0.00      0.00      0.00
09:20:02 PM      eth0     19.00     12.00      3.99      1.54      0.00      0.00      0.00
09:20:03 PM      eth0      8.00      0.00      0.78      0.00      0.00      0.00      0.00
09:20:04 PM      eth0     86.00    102.00     25.91     44.37      0.00      0.00      0.00
09:20:05 PM      eth0     12.00     14.00      1.00      2.95      0.00      0.00      0.00
09:20:06 PM      eth0      9.00      1.00      1.82      0.16      0.00      0.00      0.00
09:20:07 PM      eth0      3.00      0.00      0.18      0.00      0.00      0.00      0.00
09:20:08 PM      eth0     17.00     12.00      9.42      2.58      0.00      0.00      0.00
09:20:09 PM      eth0      9.00      6.00      0.95      0.70      0.00      0.00      0.00
09:20:10 PM      eth0     12.00      0.00      1.58      0.00      0.00      0.00      0.00
09:20:11 PM      eth0     11.00      8.00      0.96      2.51      0.00      0.00      0.00
09:20:12 PM      eth0      9.00      3.00      1.69      0.39      0.00      0.00      0.00
09:20:13 PM      eth0     28.00     23.00     14.66     10.63      0.00      0.00      0.00
09:20:14 PM      eth0    193.00    241.00     68.57    112.56      0.00      0.00      0.00
09:20:15 PM      eth0 93277995193.00 68154317640.00 120072510535.31 90285653214.69      0.00      0.00  99983.00
09:20:16 PM      eth0     54.00     65.00     15.07     18.97      0.00      0.00      0.00
09:20:17 PM      eth0     25.00     32.00      4.42      6.14      0.00      0.00      0.00
09:20:18 PM      eth0      6.00      6.00      0.41      0.82      0.00      0.00      0.00
09:20:19 PM      eth0     85.00    107.00     26.27     44.84      0.00      0.00      0.00
09:20:20 PM      eth0     97.00    119.00     43.00     41.31      0.00      0.00      0.00
09:20:21 PM      eth0     83.00    115.00     31.71     50.21      0.00      0.00      0.00
09:20:22 PM      eth0    124.00    168.00     53.23     76.67      0.00      0.00      0.00
09:24:40 PM      eth0 93316074561.00 68157781752.00 120128794510.49 90286047469.78      0.00      0.00  99984.00
09:24:41 PM      eth0    341.00    478.00     83.62    218.40      0.00      0.00      0.00
09:24:42 PM      eth0    401.00    565.00    102.69    255.73      0.00      0.00      0.00
09:24:43 PM      eth0    194.00    250.00     51.06    111.63      0.00      0.00      0.00
09:24:44 PM      eth0    251.00    340.00     57.41    156.70      0.00      0.00      0.00
09:24:45 PM      eth0      5.00      1.00      0.29      0.06      0.00      0.00      0.00
09:24:46 PM      eth0     14.00      4.00      5.50      0.65      0.00      0.00      0.00
09:24:47 PM      eth0     11.00      3.00      4.02      0.49      0.00      0.00      0.00
09:24:48 PM      eth0     15.00      5.00      6.51      0.82      0.00      0.00      0.00
09:24:49 PM      eth0     19.00      7.00      9.00      1.14      0.00      0.00      0.00
09:24:50 PM      eth0     11.00      3.00      4.02      0.49      0.00      0.00      0.00
09:24:51 PM      eth0     16.00     11.00      4.61      3.00      0.00      0.00      0.00
09:24:52 PM      eth0     44.00     41.00     13.13     12.24      0.00      0.00      0.00
09:24:53 PM      eth0     37.00     38.00     10.44     11.85      0.00      0.00      0.00
09:24:54 PM      eth0     70.00     76.00     19.77     25.11      0.00      0.00      0.00
09:24:55 PM      eth0     84.00    100.00     24.26     32.04      0.00      0.00      0.00
09:24:56 PM      eth0     64.00     69.00     19.78     23.04      0.00      0.00      0.00
09:24:57 PM      eth0     10.00      2.00      2.84      0.33      0.00      0.00      0.00
09:24:58 PM      eth0     65.00     71.00     19.36     23.17      0.00      0.00      0.00
09:24:59 PM      eth0     20.00      8.00      8.24      1.30      0.00      0.00      0.00
09:25:00 PM      eth0     28.00     12.00     13.21      1.96      0.00      0.00      0.00
09:25:01 PM      eth0     47.00     28.00     22.98      5.78      0.00      0.00      0.00
09:25:02 PM      eth0     43.00     19.00     22.61      3.00      0.00      0.00      0.00
