              total        used        free      shared  buff/cache   available
Mem:          48114        1112       31292        2368       15710       43790
Swap:         24191           0       24191
Total:        72306        1112       55483

              total        used        free      shared  buff/cache   available
Mem:          48114        1113       31356        2368       15644       43789
Swap:         24191           0       24191
Total:        72306        1113       55548

              total        used        free      shared  buff/cache   available
Mem:          48114        1113       31357        2369       15644       43790
Swap:         24191           0       24191
Total:        72306        1113       55549

              total        used        free      shared  buff/cache   available
Mem:          48114        1112       31357        2369       15644       43789
Swap:         24191           0       24191
Total:        72306        1112       55549

              total        used        free      shared  buff/cache   available
Mem:          48114        1112       31357        2369       15644       43789
Swap:         24191           0       24191
Total:        72306        1112       55549

              total        used        free      shared  buff/cache   available
Mem:          48114        1112       31357        2369       15644       43790
Swap:         24191           0       24191
Total:        72306        1112       55549

              total        used        free      shared  buff/cache   available
Mem:          48114        1112       31357        2369       15644       43790
Swap:         24191           0       24191
Total:        72306        1112       55549

              total        used        free      shared  buff/cache   available
Mem:          48114        1115       31354        2369       15644       43786
Swap:         24191           0       24191
Total:        72306        1115       55546

              total        used        free      shared  buff/cache   available
Mem:          48114        1115       31354        2369       15644       43786
Swap:         24191           0       24191
Total:        72306        1115       55546

              total        used        free      shared  buff/cache   available
Mem:          48114        1114       31355        2369       15644       43787
Swap:         24191           0       24191
Total:        72306        1114       55547

              total        used        free      shared  buff/cache   available
Mem:          48114        1113       31355        2369       15644       43788
Swap:         24191           0       24191
Total:        72306        1113       55547

              total        used        free      shared  buff/cache   available
Mem:          48114        1118       31356        2369       15638       43783
Swap:         24191           0       24191
Total:        72306        1118       55548

              total        used        free      shared  buff/cache   available
Mem:          48114        1118       31357        2369       15638       43783
Swap:         24191           0       24191
Total:        72306        1118       55548

              total        used        free      shared  buff/cache   available
Mem:          48114        1119       31356        2369       15638       43783
Swap:         24191           0       24191
Total:        72306        1119       55548

              total        used        free      shared  buff/cache   available
Mem:          48114        1118       31356        2369       15638       43783
Swap:         24191           0       24191
Total:        72306        1118       55548

              total        used        free      shared  buff/cache   available
Mem:          48114        1117       31357        2369       15638       43784
Swap:         24191           0       24191
Total:        72306        1117       55549

              total        used        free      shared  buff/cache   available
Mem:          48114        1117       31357        2369       15638       43784
Swap:         24191           0       24191
Total:        72306        1117       55549

              total        used        free      shared  buff/cache   available
Mem:          48114        1115       31359        2369       15638       43786
Swap:         24191           0       24191
Total:        72306        1115       55551

              total        used        free      shared  buff/cache   available
Mem:          48114        1115       31359        2369       15639       43786
Swap:         24191           0       24191
Total:        72306        1116       55551

              total        used        free      shared  buff/cache   available
Mem:          48114        1116       31358        2369       15639       43785
Swap:         24191           0       24191
Total:        72306        1116       55550

              total        used        free      shared  buff/cache   available
Mem:          48114        1116       31359        2369       15639       43786
Swap:         24191           0       24191
Total:        72306        1116       55550

              total        used        free      shared  buff/cache   available
Mem:          48114        1115       31359        2369       15639       43786
Swap:         24191           0       24191
Total:        72306        1115       55551

              total        used        free      shared  buff/cache   available
Mem:          48114        1115       31359        2369       15639       43787
Swap:         24191           0       24191
Total:        72306        1115       55551

              total        used        free      shared  buff/cache   available
Mem:          48114        1115       31360        2369       15639       43787
Swap:         24191           0       24191
Total:        72306        1115       55551

              total        used        free      shared  buff/cache   available
Mem:          48114        1114       31360        2369       15639       43787
Swap:         24191           0       24191
Total:        72306        1114       55552

              total        used        free      shared  buff/cache   available
Mem:          48114        1114       31355        2369       15644       43788
Swap:         24191           0       24191
Total:        72306        1114       55547

              total        used        free      shared  buff/cache   available
Mem:          48114        1115       31066        2369       15932       43786
Swap:         24191           0       24191
Total:        72306        1116       55258

              total        used        free      shared  buff/cache   available
Mem:          48114        1116       30776        2369       16220       43786
Swap:         24191           0       24191
Total:        72306        1116       54968

              total        used        free      shared  buff/cache   available
Mem:          48114        1116       30590        2369       16407       43785
Swap:         24191           0       24191
Total:        72306        1116       54781

              total        used        free      shared  buff/cache   available
Mem:          48114        1127       30578        2369       16408       43774
Swap:         24191           0       24191
Total:        72306        1127       54770

              total        used        free      shared  buff/cache   available
Mem:          48114        1126       30578        2369       16408       43774
Swap:         24191           0       24191
Total:        72306        1126       54770

              total        used        free      shared  buff/cache   available
Mem:          48114        1136       30569        2369       16408       43765
Swap:         24191           0       24191
Total:        72306        1136       54761

              total        used        free      shared  buff/cache   available
Mem:          48114        1129       30576        2369       16408       43772
Swap:         24191           0       24191
Total:        72306        1129       54767

              total        used        free      shared  buff/cache   available
Mem:          48114        1128       30577        2369       16408       43773
Swap:         24191           0       24191
Total:        72306        1128       54769

              total        used        free      shared  buff/cache   available
Mem:          48114        1127       30578        2369       16408       43774
Swap:         24191           0       24191
Total:        72306        1127       54770

              total        used        free      shared  buff/cache   available
Mem:          48114        1141       30564        2369       16408       43760
Swap:         24191           0       24191
Total:        72306        1141       54756

              total        used        free      shared  buff/cache   available
Mem:          48114        1141       30564        2369       16408       43760
Swap:         24191           0       24191
Total:        72306        1141       54756

              total        used        free      shared  buff/cache   available
Mem:          48114        1141       30564        2369       16408       43760
Swap:         24191           0       24191
Total:        72306        1141       54756

              total        used        free      shared  buff/cache   available
Mem:          48114        1141       30564        2369       16408       43760
Swap:         24191           0       24191
Total:        72306        1141       54756

              total        used        free      shared  buff/cache   available
Mem:          48114        1143       30562        2369       16408       43758
Swap:         24191           0       24191
Total:        72306        1143       54754

              total        used        free      shared  buff/cache   available
Mem:          48114        1267       30457        2369       16389       43633
Swap:         24191           0       24191
Total:        72306        1267       54648

              total        used        free      shared  buff/cache   available
Mem:          48114        1286       30438        2369       16389       43615
Swap:         24191           0       24191
Total:        72306        1286       54629

              total        used        free      shared  buff/cache   available
Mem:          48114        1327       30409        2369       16377       43575
Swap:         24191           0       24191
Total:        72306        1327       54601

              total        used        free      shared  buff/cache   available
Mem:          48114        1337       30405        2369       16371       43564
Swap:         24191           0       24191
Total:        72306        1337       54597

              total        used        free      shared  buff/cache   available
Mem:          48114        1369       30379        2369       16365       43532
Swap:         24191           0       24191
Total:        72306        1369       54571

              total        used        free      shared  buff/cache   available
Mem:          48114        1370       30380        2369       16363       43532
Swap:         24191           0       24191
Total:        72306        1370       54572

              total        used        free      shared  buff/cache   available
Mem:          48114        1370       30383        2369       16359       43531
Swap:         24191           0       24191
Total:        72306        1371       54575

              total        used        free      shared  buff/cache   available
Mem:          48114        1370       30383        2369       16360       43531
Swap:         24191           0       24191
Total:        72306        1370       54575

              total        used        free      shared  buff/cache   available
Mem:          48114        1370       30383        2369       16360       43531
Swap:         24191           0       24191
Total:        72306        1370       54575

              total        used        free      shared  buff/cache   available
Mem:          48114        1369       30384        2369       16360       43532
Swap:         24191           0       24191
Total:        72306        1369       54576

              total        used        free      shared  buff/cache   available
Mem:          48114        1380       30372        2369       16360       43521
Swap:         24191           0       24191
Total:        72306        1380       54564

              total        used        free      shared  buff/cache   available
Mem:          48114        1392       30360        2369       16361       43508
Swap:         24191           0       24191
Total:        72306        1392       54551

              total        used        free      shared  buff/cache   available
Mem:          48114        1391       30363        2369       16359       43510
Swap:         24191           0       24191
Total:        72306        1391       54555

              total        used        free      shared  buff/cache   available
Mem:          48114        1391       30363        2369       16359       43510
Swap:         24191           0       24191
Total:        72306        1391       54555

              total        used        free      shared  buff/cache   available
Mem:          48114        1390       30363        2369       16359       43510
Swap:         24191           0       24191
Total:        72306        1390       54555

              total        used        free      shared  buff/cache   available
Mem:          48114        1394       30359        2369       16359       43506
Swap:         24191           0       24191
Total:        72306        1394       54551

              total        used        free      shared  buff/cache   available
Mem:          48114        1394       30359        2369       16359       43506
Swap:         24191           0       24191
Total:        72306        1394       54551

              total        used        free      shared  buff/cache   available
Mem:          48114        1395       30358        2369       16359       43505
Swap:         24191           0       24191
Total:        72306        1395       54550

              total        used        free      shared  buff/cache   available
Mem:          48114        1394       30359        2369       16359       43506
Swap:         24191           0       24191
Total:        72306        1394       54551

              total        used        free      shared  buff/cache   available
Mem:          48114        1514       30238        2369       16360       43385
Swap:         24191           0       24191
Total:        72306        1515       54430

              total        used        free      shared  buff/cache   available
Mem:          48114        1540       30212        2369       16360       43359
Swap:         24191           0       24191
Total:        72306        1541       54404

              total        used        free      shared  buff/cache   available
Mem:          48114        1571       30182        2369       16360       43328
Swap:         24191           0       24191
Total:        72306        1571       54373

              total        used        free      shared  buff/cache   available
Mem:          48114        1587       30166        2369       16360       43313
Swap:         24191           0       24191
Total:        72306        1587       54358

              total        used        free      shared  buff/cache   available
Mem:          48114        1625       30136        2369       16351       43275
Swap:         24191           0       24191
Total:        72306        1625       54328

              total        used        free      shared  buff/cache   available
Mem:          48114        1635       30130        2369       16348       43265
Swap:         24191           0       24191
Total:        72306        1635       54322

              total        used        free      shared  buff/cache   available
Mem:          48114        1638       30128        2369       16347       43262
Swap:         24191           0       24191
Total:        72306        1638       54320

              total        used        free      shared  buff/cache   available
Mem:          48114        1635       30130        2369       16348       43265
Swap:         24191           0       24191
Total:        72306        1635       54322

              total        used        free      shared  buff/cache   available
Mem:          48114        1635       30130        2369       16348       43265
Swap:         24191           0       24191
Total:        72306        1635       54322

              total        used        free      shared  buff/cache   available
Mem:          48114        1634       30131        2369       16348       43266
Swap:         24191           0       24191
Total:        72306        1634       54323

              total        used        free      shared  buff/cache   available
Mem:          48114        1634       30131        2369       16348       43266
Swap:         24191           0       24191
Total:        72306        1634       54323

              total        used        free      shared  buff/cache   available
Mem:          48114        1633       30132        2369       16348       43267
Swap:         24191           0       24191
Total:        72306        1633       54324

              total        used        free      shared  buff/cache   available
Mem:          48114        1631       30134        2369       16348       43268
Swap:         24191           0       24191
Total:        72306        1632       54326

              total        used        free      shared  buff/cache   available
Mem:          48114        1631       30134        2369       16348       43269
Swap:         24191           0       24191
Total:        72306        1631       54326

              total        used        free      shared  buff/cache   available
Mem:          48114        1645       30119        2369       16348       43255
Swap:         24191           0       24191
Total:        72306        1646       54311

              total        used        free      shared  buff/cache   available
Mem:          48114        1655       30110        2369       16348       43245
Swap:         24191           0       24191
Total:        72306        1655       54302

              total        used        free      shared  buff/cache   available
Mem:          48114        1671       30094        2369       16348       43229
Swap:         24191           0       24191
Total:        72306        1671       54286

              total        used        free      shared  buff/cache   available
Mem:          48114        1672       30092        2369       16348       43228
Swap:         24191           0       24191
Total:        72306        1672       54284

              total        used        free      shared  buff/cache   available
Mem:          48114        1671       30094        2369       16348       43230
Swap:         24191           0       24191
Total:        72306        1671       54286

              total        used        free      shared  buff/cache   available
Mem:          48114        1672       30093        2369       16348       43228
Swap:         24191           0       24191
Total:        72306        1672       54285

              total        used        free      shared  buff/cache   available
Mem:          48114        1678       30087        2369       16348       43223
Swap:         24191           0       24191
Total:        72306        1678       54279

              total        used        free      shared  buff/cache   available
Mem:          48114        1687       30078        2369       16348       43213
Swap:         24191           0       24191
Total:        72306        1687       54270

              total        used        free      shared  buff/cache   available
Mem:          48114        1692       30073        2369       16348       43208
Swap:         24191           0       24191
Total:        72306        1692       54265

              total        used        free      shared  buff/cache   available
Mem:          48114        1690       30075        2369       16348       43210
Swap:         24191           0       24191
Total:        72306        1690       54266

              total        used        free      shared  buff/cache   available
Mem:          48114        1769       29996        2369       16349       43131
Swap:         24191           0       24191
Total:        72306        1769       54187

              total        used        free      shared  buff/cache   available
Mem:          48114        1833       29932        2369       16348       43067
Swap:         24191           0       24191
Total:        72306        1833       54124

              total        used        free      shared  buff/cache   available
Mem:          48114        1842       29922        2369       16349       43058
Swap:         24191           0       24191
Total:        72306        1842       54114

              total        used        free      shared  buff/cache   available
Mem:          48114        1872       29892        2369       16349       43028
Swap:         24191           0       24191
Total:        72306        1872       54084

              total        used        free      shared  buff/cache   available
Mem:          48114        1910       29855        2369       16349       42990
Swap:         24191           0       24191
Total:        72306        1910       54047

              total        used        free      shared  buff/cache   available
Mem:          48114        1914       29850        2369       16349       42986
Swap:         24191           0       24191
Total:        72306        1914       54042

              total        used        free      shared  buff/cache   available
Mem:          48114        1929       29834        2369       16349       42970
Swap:         24191           0       24191
Total:        72306        1929       54026

              total        used        free      shared  buff/cache   available
Mem:          48114        1933       29830        2369       16350       42966
Swap:         24191           0       24191
Total:        72306        1933       54022

              total        used        free      shared  buff/cache   available
Mem:          48114        1932       29831        2369       16350       42968
Swap:         24191           0       24191
Total:        72306        1932       54023

              total        used        free      shared  buff/cache   available
Mem:          48114        1932       29829        2369       16352       42967
Swap:         24191           0       24191
Total:        72306        1932       54021

              total        used        free      shared  buff/cache   available
Mem:          48114        1931       29830        2369       16352       42968
Swap:         24191           0       24191
Total:        72306        1931       54021

              total        used        free      shared  buff/cache   available
Mem:          48114        1945       29816        2369       16352       42954
Swap:         24191           0       24191
Total:        72306        1945       54008

              total        used        free      shared  buff/cache   available
Mem:          48114        1944       29818        2369       16352       42957
Swap:         24191           0       24191
Total:        72306        1944       54010

              total        used        free      shared  buff/cache   available
Mem:          48114        1952       29808        2369       16352       42948
Swap:         24191           0       24191
Total:        72306        1952       54000

              total        used        free      shared  buff/cache   available
Mem:          48114        1963       29798        2369       16352       42937
Swap:         24191           0       24191
Total:        72306        1963       53990

              total        used        free      shared  buff/cache   available
Mem:          48114        1963       29798        2369       16352       42937
Swap:         24191           0       24191
Total:        72306        1963       53990

              total        used        free      shared  buff/cache   available
Mem:          48114        2101       29660        2369       16352       42799
Swap:         24191           0       24191
Total:        72306        2101       53852

              total        used        free      shared  buff/cache   available
Mem:          48114        2106       29654        2369       16353       42793
Swap:         24191           0       24191
Total:        72306        2107       53845

              total        used        free      shared  buff/cache   available
Mem:          48114        2143       29618        2369       16352       42757
Swap:         24191           0       24191
Total:        72306        2143       53809

              total        used        free      shared  buff/cache   available
Mem:          48114        2160       29600        2369       16353       42740
Swap:         24191           0       24191
Total:        72306        2160       53792

              total        used        free      shared  buff/cache   available
Mem:          48114        2190       29570        2369       16352       42710
Swap:         24191           0       24191
Total:        72306        2190       53762

              total        used        free      shared  buff/cache   available
Mem:          48114        2200       29560        2369       16353       42700
Swap:         24191           0       24191
Total:        72306        2200       53752

              total        used        free      shared  buff/cache   available
Mem:          48114        2210       29550        2369       16353       42690
Swap:         24191           0       24191
Total:        72306        2210       53742

              total        used        free      shared  buff/cache   available
Mem:          48114        2219       29541        2369       16353       42681
Swap:         24191           0       24191
Total:        72306        2219       53733

              total        used        free      shared  buff/cache   available
Mem:          48114        2349       29411        2369       16353       42551
Swap:         24191           0       24191
Total:        72306        2349       53603

              total        used        free      shared  buff/cache   available
Mem:          48114        2353       29407        2369       16353       42546
Swap:         24191           0       24191
Total:        72306        2353       53598

              total        used        free      shared  buff/cache   available
Mem:          48114        2399       29361        2369       16353       42501
Swap:         24191           0       24191
Total:        72306        2399       53553

              total        used        free      shared  buff/cache   available
Mem:          48114        2404       29356        2369       16353       42496
Swap:         24191           0       24191
Total:        72306        2404       53548

              total        used        free      shared  buff/cache   available
Mem:          48114        2435       29325        2369       16353       42465
Swap:         24191           0       24191
Total:        72306        2435       53517

              total        used        free      shared  buff/cache   available
Mem:          48114        2435       29325        2369       16353       42465
Swap:         24191           0       24191
Total:        72306        2435       53517

              total        used        free      shared  buff/cache   available
Mem:          48114        2482       29278        2369       16353       42417
Swap:         24191           0       24191
Total:        72306        2482       53470

              total        used        free      shared  buff/cache   available
Mem:          48114        2579       29182        2369       16353       42321
Swap:         24191           0       24191
Total:        72306        2579       53373

              total        used        free      shared  buff/cache   available
Mem:          48114        2582       29178        2369       16353       42317
Swap:         24191           0       24191
Total:        72306        2582       53370

              total        used        free      shared  buff/cache   available
Mem:          48114        2623       29137        2369       16353       42277
Swap:         24191           0       24191
Total:        72306        2623       53329

              total        used        free      shared  buff/cache   available
Mem:          48114        2643       29117        2369       16353       42257
Swap:         24191           0       24191
Total:        72306        2643       53309

              total        used        free      shared  buff/cache   available
Mem:          48114        2661       29099        2369       16353       42239
Swap:         24191           0       24191
Total:        72306        2661       53291

              total        used        free      shared  buff/cache   available
Mem:          48114        2671       29089        2369       16353       42229
Swap:         24191           0       24191
Total:        72306        2671       53281

              total        used        free      shared  buff/cache   available
Mem:          48114        2685       29075        2369       16353       42215
Swap:         24191           0       24191
Total:        72306        2685       53267

              total        used        free      shared  buff/cache   available
Mem:          48114        2685       29074        2369       16353       42214
Swap:         24191           0       24191
Total:        72306        2686       53266

              total        used        free      shared  buff/cache   available
Mem:          48114        2685       29075        2369       16353       42215
Swap:         24191           0       24191
Total:        72306        2685       53267

              total        used        free      shared  buff/cache   available
Mem:          48114        2686       29074        2369       16353       42214
Swap:         24191           0       24191
Total:        72306        2686       53266

              total        used        free      shared  buff/cache   available
Mem:          48114        2685       29075        2369       16353       42215
Swap:         24191           0       24191
Total:        72306        2685       53267

              total        used        free      shared  buff/cache   available
Mem:          48114        2685       29074        2369       16353       42215
Swap:         24191           0       24191
Total:        72306        2685       53266

              total        used        free      shared  buff/cache   available
Mem:          48114        2684       29075        2369       16353       42215
Swap:         24191           0       24191
Total:        72306        2685       53267

              total        used        free      shared  buff/cache   available
Mem:          48114        2685       29074        2369       16354       42215
Swap:         24191           0       24191
Total:        72306        2685       53266

              total        used        free      shared  buff/cache   available
Mem:          48114        2684       29075        2369       16354       42215
Swap:         24191           0       24191
Total:        72306        2684       53267

              total        used        free      shared  buff/cache   available
Mem:          48114        2682       29077        2369       16354       42217
Swap:         24191           0       24191
Total:        72306        2682       53269

              total        used        free      shared  buff/cache   available
Mem:          48114        2672       29087        2369       16354       42228
Swap:         24191           0       24191
Total:        72306        2672       53279

              total        used        free      shared  buff/cache   available
Mem:          48114        2672       29087        2369       16354       42228
Swap:         24191           0       24191
Total:        72306        2672       53279

              total        used        free      shared  buff/cache   available
Mem:          48114        2671       29087        2369       16354       42228
Swap:         24191           0       24191
Total:        72306        2672       53279

              total        used        free      shared  buff/cache   available
Mem:          48114        2671       29088        2369       16354       42229
Swap:         24191           0       24191
Total:        72306        2671       53280

              total        used        free      shared  buff/cache   available
Mem:          48114        2680       29079        2369       16354       42220
Swap:         24191           0       24191
Total:        72306        2680       53271

              total        used        free      shared  buff/cache   available
Mem:          48114        2680       29078        2369       16354       42219
Swap:         24191           0       24191
Total:        72306        2681       53270

              total        used        free      shared  buff/cache   available
Mem:          48114        2682       29076        2369       16354       42217
Swap:         24191           0       24191
Total:        72306        2682       53268

              total        used        free      shared  buff/cache   available
Mem:          48114        2682       29076        2369       16354       42217
Swap:         24191           0       24191
Total:        72306        2682       53268

              total        used        free      shared  buff/cache   available
Mem:          48114        2683       29076        2369       16354       42217
Swap:         24191           0       24191
Total:        72306        2683       53268

              total        used        free      shared  buff/cache   available
Mem:          48114        2688       29071        2369       16354       42212
Swap:         24191           0       24191
Total:        72306        2688       53263

              total        used        free      shared  buff/cache   available
Mem:          48114        2687       29071        2369       16355       42212
Swap:         24191           0       24191
Total:        72306        2688       53263

              total        used        free      shared  buff/cache   available
Mem:          48114        2688       29070        2369       16355       42211
Swap:         24191           0       24191
Total:        72306        2688       53262

              total        used        free      shared  buff/cache   available
Mem:          48114        2688       29070        2369       16355       42211
Swap:         24191           0       24191
Total:        72306        2688       53262

              total        used        free      shared  buff/cache   available
Mem:          48114        2684       29074        2369       16355       42215
Swap:         24191           0       24191
Total:        72306        2684       53265

              total        used        free      shared  buff/cache   available
Mem:          48114        2684       29073        2369       16355       42215
Swap:         24191           0       24191
Total:        72306        2684       53265

              total        used        free      shared  buff/cache   available
Mem:          48114        2678       29080        2369       16355       42221
Swap:         24191           0       24191
Total:        72306        2678       53272

              total        used        free      shared  buff/cache   available
Mem:          48114        2677       29080        2369       16355       42222
Swap:         24191           0       24191
Total:        72306        2677       53272

              total        used        free      shared  buff/cache   available
Mem:          48114        2693       29065        2369       16355       42207
Swap:         24191           0       24191
Total:        72306        2693       53257

              total        used        free      shared  buff/cache   available
Mem:          48114        2693       29065        2369       16355       42207
Swap:         24191           0       24191
Total:        72306        2693       53257

              total        used        free      shared  buff/cache   available
Mem:          48114        2690       29067        2369       16356       42209
Swap:         24191           0       24191
Total:        72306        2691       53259

              total        used        free      shared  buff/cache   available
Mem:          48114        2687       29071        2369       16356       42213
Swap:         24191           0       24191
Total:        72306        2687       53263

              total        used        free      shared  buff/cache   available
Mem:          48114        2686       29071        2369       16356       42213
Swap:         24191           0       24191
Total:        72306        2686       53263

              total        used        free      shared  buff/cache   available
Mem:          48114        2686       29071        2369       16356       42213
Swap:         24191           0       24191
Total:        72306        2686       53263

              total        used        free      shared  buff/cache   available
Mem:          48114        2687       29070        2369       16356       42213
Swap:         24191           0       24191
Total:        72306        2687       53262

              total        used        free      shared  buff/cache   available
Mem:          48114        2701       29054        2369       16357       42198
Swap:         24191           0       24191
Total:        72306        2701       53246

              total        used        free      shared  buff/cache   available
Mem:          48114        2698       29056        2369       16359       42202
Swap:         24191           0       24191
Total:        72306        2698       53248

              total        used        free      shared  buff/cache   available
Mem:          48114        2698       29056        2369       16359       42202
Swap:         24191           0       24191
Total:        72306        2698       53248

              total        used        free      shared  buff/cache   available
Mem:          48114        2698       29057        2369       16359       42202
Swap:         24191           0       24191
Total:        72306        2698       53248

              total        used        free      shared  buff/cache   available
Mem:          48114        2690       29064        2369       16359       42210
Swap:         24191           0       24191
Total:        72306        2690       53256

              total        used        free      shared  buff/cache   available
Mem:          48114        2689       29065        2369       16359       42211
Swap:         24191           0       24191
Total:        72306        2689       53257

              total        used        free      shared  buff/cache   available
Mem:          48114        2689       29065        2369       16359       42211
Swap:         24191           0       24191
Total:        72306        2689       53257

              total        used        free      shared  buff/cache   available
Mem:          48114        2689       29065        2369       16359       42211
Swap:         24191           0       24191
Total:        72306        2689       53257

              total        used        free      shared  buff/cache   available
Mem:          48114        2688       29066        2369       16359       42212
Swap:         24191           0       24191
Total:        72306        2688       53258

              total        used        free      shared  buff/cache   available
Mem:          48114        2685       29069        2369       16359       42215
Swap:         24191           0       24191
Total:        72306        2685       53261

              total        used        free      shared  buff/cache   available
Mem:          48114        2677       29077        2369       16359       42223
Swap:         24191           0       24191
Total:        72306        2677       53269

              total        used        free      shared  buff/cache   available
Mem:          48114        2667       29087        2369       16359       42232
Swap:         24191           0       24191
Total:        72306        2667       53278

              total        used        free      shared  buff/cache   available
Mem:          48114        2667       29087        2369       16359       42233
Swap:         24191           0       24191
Total:        72306        2667       53279

              total        used        free      shared  buff/cache   available
Mem:          48114        2667       29087        2369       16359       42233
Swap:         24191           0       24191
Total:        72306        2667       53279

              total        used        free      shared  buff/cache   available
Mem:          48114        2666       29088        2369       16359       42234
Swap:         24191           0       24191
Total:        72306        2666       53280

              total        used        free      shared  buff/cache   available
Mem:          48114        2663       29091        2369       16359       42237
Swap:         24191           0       24191
Total:        72306        2663       53282

              total        used        free      shared  buff/cache   available
Mem:          48114        2662       29091        2369       16359       42237
Swap:         24191           0       24191
Total:        72306        2662       53283

              total        used        free      shared  buff/cache   available
Mem:          48114        2663       29090        2369       16360       42236
Swap:         24191           0       24191
Total:        72306        2663       53282

              total        used        free      shared  buff/cache   available
Mem:          48114        2663       29090        2369       16360       42237
Swap:         24191           0       24191
Total:        72306        2663       53282

              total        used        free      shared  buff/cache   available
Mem:          48114        2664       29089        2369       16360       42236
Swap:         24191           0       24191
Total:        72306        2664       53281

              total        used        free      shared  buff/cache   available
Mem:          48114        2664       29089        2369       16360       42235
Swap:         24191           0       24191
Total:        72306        2664       53281

              total        used        free      shared  buff/cache   available
Mem:          48114        2665       29088        2369       16360       42234
Swap:         24191           0       24191
Total:        72306        2665       53280

              total        used        free      shared  buff/cache   available
Mem:          48114        2665       29088        2369       16360       42235
Swap:         24191           0       24191
Total:        72306        2665       53280

              total        used        free      shared  buff/cache   available
Mem:          48114        2667       29086        2369       16360       42233
Swap:         24191           0       24191
Total:        72306        2667       53278

              total        used        free      shared  buff/cache   available
Mem:          48114        2667       29086        2369       16360       42233
Swap:         24191           0       24191
Total:        72306        2667       53278

              total        used        free      shared  buff/cache   available
Mem:          48114        2674       29079        2369       16359       42225
Swap:         24191           0       24191
Total:        72306        2674       53271

              total        used        free      shared  buff/cache   available
Mem:          48114        2679       29075        2369       16359       42221
Swap:         24191           0       24191
Total:        72306        2679       53267

              total        used        free      shared  buff/cache   available
Mem:          48114        2685       29069        2369       16359       42215
Swap:         24191           0       24191
Total:        72306        2685       53261

              total        used        free      shared  buff/cache   available
Mem:          48114        2688       29065        2369       16360       42211
Swap:         24191           0       24191
Total:        72306        2688       53257

              total        used        free      shared  buff/cache   available
Mem:          48114        2697       29057        2369       16359       42203
Swap:         24191           0       24191
Total:        72306        2697       53248

              total        used        free      shared  buff/cache   available
Mem:          48114        2695       29059        2369       16359       42205
Swap:         24191           0       24191
Total:        72306        2695       53251

              total        used        free      shared  buff/cache   available
Mem:          48114        2694       29060        2369       16359       42206
Swap:         24191           0       24191
Total:        72306        2694       53252

              total        used        free      shared  buff/cache   available
Mem:          48114        2695       29058        2369       16360       42205
Swap:         24191           0       24191
Total:        72306        2695       53250

              total        used        free      shared  buff/cache   available
Mem:          48114        2693       29060        2369       16360       42207
Swap:         24191           0       24191
Total:        72306        2693       53252

              total        used        free      shared  buff/cache   available
Mem:          48114        2695       29058        2369       16359       42204
Swap:         24191           0       24191
Total:        72306        2695       53250

              total        used        free      shared  buff/cache   available
Mem:          48114        2695       29058        2369       16359       42205
Swap:         24191           0       24191
Total:        72306        2695       53250

              total        used        free      shared  buff/cache   available
Mem:          48114        2700       29053        2369       16359       42200
Swap:         24191           0       24191
Total:        72306        2700       53245

              total        used        free      shared  buff/cache   available
Mem:          48114        2701       29052        2369       16360       42199
Swap:         24191           0       24191
Total:        72306        2701       53244

              total        used        free      shared  buff/cache   available
Mem:          48114        2699       29054        2369       16360       42201
Swap:         24191           0       24191
Total:        72306        2699       53246

              total        used        free      shared  buff/cache   available
Mem:          48114        2697       29056        2369       16360       42203
Swap:         24191           0       24191
Total:        72306        2697       53248

              total        used        free      shared  buff/cache   available
Mem:          48114        2698       29055        2369       16360       42202
Swap:         24191           0       24191
Total:        72306        2698       53247

              total        used        free      shared  buff/cache   available
Mem:          48114        2696       29057        2369       16360       42204
Swap:         24191           0       24191
Total:        72306        2696       53249

              total        used        free      shared  buff/cache   available
Mem:          48114        2697       29056        2369       16360       42203
Swap:         24191           0       24191
Total:        72306        2697       53248

              total        used        free      shared  buff/cache   available
Mem:          48114        2696       29057        2369       16360       42204
Swap:         24191           0       24191
Total:        72306        2696       53249

              total        used        free      shared  buff/cache   available
Mem:          48114        2698       29054        2369       16360       42202
Swap:         24191           0       24191
Total:        72306        2698       53246

              total        used        free      shared  buff/cache   available
Mem:          48114        2698       29054        2369       16360       42202
Swap:         24191           0       24191
Total:        72306        2698       53246

              total        used        free      shared  buff/cache   available
Mem:          48114        2696       29057        2369       16360       42204
Swap:         24191           0       24191
Total:        72306        2696       53249

              total        used        free      shared  buff/cache   available
Mem:          48114        2692       29061        2369       16360       42209
Swap:         24191           0       24191
Total:        72306        2692       53253

              total        used        free      shared  buff/cache   available
Mem:          48114        2692       29061        2369       16360       42208
Swap:         24191           0       24191
Total:        72306        2692       53253

              total        used        free      shared  buff/cache   available
Mem:          48114        2689       29064        2369       16360       42211
Swap:         24191           0       24191
Total:        72306        2689       53256

              total        used        free      shared  buff/cache   available
Mem:          48114        2693       29060        2369       16360       42207
Swap:         24191           0       24191
Total:        72306        2693       53252

              total        used        free      shared  buff/cache   available
Mem:          48114        2691       29061        2369       16360       42209
Swap:         24191           0       24191
Total:        72306        2691       53253

              total        used        free      shared  buff/cache   available
Mem:          48114        2692       29060        2369       16360       42208
Swap:         24191           0       24191
Total:        72306        2692       53252

              total        used        free      shared  buff/cache   available
Mem:          48114        2691       29061        2369       16361       42209
Swap:         24191           0       24191
Total:        72306        2691       53253

              total        used        free      shared  buff/cache   available
Mem:          48114        2692       29060        2369       16361       42208
Swap:         24191           0       24191
Total:        72306        2692       53252

              total        used        free      shared  buff/cache   available
Mem:          48114        2691       29061        2369       16361       42209
Swap:         24191           0       24191
Total:        72306        2691       53253

              total        used        free      shared  buff/cache   available
Mem:          48114        2694       29058        2369       16361       42206
Swap:         24191           0       24191
Total:        72306        2694       53250

              total        used        free      shared  buff/cache   available
Mem:          48114        2695       29057        2369       16361       42205
Swap:         24191           0       24191
Total:        72306        2695       53249

              total        used        free      shared  buff/cache   available
Mem:          48114        2693       29059        2369       16361       42207
Swap:         24191           0       24191
Total:        72306        2693       53251

              total        used        free      shared  buff/cache   available
Mem:          48114        2694       29058        2369       16361       42207
Swap:         24191           0       24191
Total:        72306        2694       53250

              total        used        free      shared  buff/cache   available
Mem:          48114        2698       29054        2369       16361       42203
Swap:         24191           0       24191
Total:        72306        2698       53246

              total        used        free      shared  buff/cache   available
Mem:          48114        2698       29054        2369       16361       42203
Swap:         24191           0       24191
Total:        72306        2698       53246

              total        used        free      shared  buff/cache   available
Mem:          48114        2697       29055        2369       16361       42203
Swap:         24191           0       24191
Total:        72306        2697       53247

              total        used        free      shared  buff/cache   available
Mem:          48114        2701       29051        2369       16361       42200
Swap:         24191           0       24191
Total:        72306        2701       53243

              total        used        free      shared  buff/cache   available
Mem:          48114        2700       29052        2369       16361       42200
Swap:         24191           0       24191
Total:        72306        2700       53244

              total        used        free      shared  buff/cache   available
Mem:          48114        2699       29052        2369       16361       42201
Swap:         24191           0       24191
Total:        72306        2699       53244

              total        used        free      shared  buff/cache   available
Mem:          48114        2698       29054        2369       16361       42203
Swap:         24191           0       24191
Total:        72306        2698       53246

              total        used        free      shared  buff/cache   available
Mem:          48114        2699       29053        2369       16361       42202
Swap:         24191           0       24191
Total:        72306        2699       53245

              total        used        free      shared  buff/cache   available
Mem:          48114        2698       29054        2369       16361       42203
Swap:         24191           0       24191
Total:        72306        2698       53246

              total        used        free      shared  buff/cache   available
Mem:          48114        2699       29053        2369       16361       42202
Swap:         24191           0       24191
Total:        72306        2699       53244

              total        used        free      shared  buff/cache   available
Mem:          48114        2696       29055        2369       16361       42204
Swap:         24191           0       24191
Total:        72306        2697       53247

              total        used        free      shared  buff/cache   available
Mem:          48114        2699       29053        2369       16361       42202
Swap:         24191           0       24191
Total:        72306        2699       53245

              total        used        free      shared  buff/cache   available
Mem:          48114        2697       29054        2369       16361       42204
Swap:         24191           0       24191
Total:        72306        2697       53246

              total        used        free      shared  buff/cache   available
Mem:          48114        2697       29055        2369       16361       42204
Swap:         24191           0       24191
Total:        72306        2697       53247

              total        used        free      shared  buff/cache   available
Mem:          48114        2694       29057        2369       16361       42207
Swap:         24191           0       24191
Total:        72306        2694       53249

              total        used        free      shared  buff/cache   available
Mem:          48114        2695       29056        2369       16362       42206
Swap:         24191           0       24191
Total:        72306        2695       53248

              total        used        free      shared  buff/cache   available
Mem:          48114        2694       29057        2369       16362       42206
Swap:         24191           0       24191
Total:        72306        2694       53249

              total        used        free      shared  buff/cache   available
Mem:          48114        2695       29056        2369       16362       42206
Swap:         24191           0       24191
Total:        72306        2695       53248

              total        used        free      shared  buff/cache   available
Mem:          48114        2696       29055        2369       16362       42204
Swap:         24191           0       24191
Total:        72306        2696       53247

              total        used        free      shared  buff/cache   available
Mem:          48114        2696       29055        2369       16362       42204
Swap:         24191           0       24191
Total:        72306        2696       53247

              total        used        free      shared  buff/cache   available
Mem:          48114        2697       29054        2369       16362       42204
Swap:         24191           0       24191
Total:        72306        2697       53246

              total        used        free      shared  buff/cache   available
Mem:          48114        2693       29058        2369       16362       42208
Swap:         24191           0       24191
Total:        72306        2693       53250

              total        used        free      shared  buff/cache   available
Mem:          48114        2694       29056        2369       16362       42206
Swap:         24191           0       24191
Total:        72306        2694       53248

              total        used        free      shared  buff/cache   available
Mem:          48114        2696       29055        2369       16362       42205
Swap:         24191           0       24191
Total:        72306        2696       53247

              total        used        free      shared  buff/cache   available
Mem:          48114        2695       29055        2369       16362       42206
Swap:         24191           0       24191
Total:        72306        2695       53247

              total        used        free      shared  buff/cache   available
Mem:          48114        2694       29056        2369       16362       42206
Swap:         24191           0       24191
Total:        72306        2694       53248

              total        used        free      shared  buff/cache   available
Mem:          48114        2693       29058        2369       16362       42208
Swap:         24191           0       24191
Total:        72306        2693       53250

              total        used        free      shared  buff/cache   available
Mem:          48114        2693       29057        2369       16362       42208
Swap:         24191           0       24191
Total:        72306        2693       53249

              total        used        free      shared  buff/cache   available
Mem:          48114        2694       29057        2369       16363       42207
Swap:         24191           0       24191
Total:        72306        2694       53249

              total        used        free      shared  buff/cache   available
Mem:          48114        2692       29058        2369       16363       42209
Swap:         24191           0       24191
Total:        72306        2692       53250

              total        used        free      shared  buff/cache   available
Mem:          48114        2692       29058        2369       16363       42208
Swap:         24191           0       24191
Total:        72306        2692       53250

              total        used        free      shared  buff/cache   available
Mem:          48114        2694       29056        2369       16363       42207
Swap:         24191           0       24191
Total:        72306        2694       53248

              total        used        free      shared  buff/cache   available
Mem:          48114        2695       29055        2369       16363       42206
Swap:         24191           0       24191
Total:        72306        2695       53247

              total        used        free      shared  buff/cache   available
Mem:          48114        2697       29053        2369       16363       42204
Swap:         24191           0       24191
Total:        72306        2697       53245

              total        used        free      shared  buff/cache   available
Mem:          48114        2695       29055        2369       16363       42205
Swap:         24191           0       24191
Total:        72306        2695       53246

              total        used        free      shared  buff/cache   available
Mem:          48114        2695       29055        2369       16363       42206
Swap:         24191           0       24191
Total:        72306        2695       53247

              total        used        free      shared  buff/cache   available
Mem:          48114        2691       29059        2369       16363       42210
Swap:         24191           0       24191
Total:        72306        2691       53251

              total        used        free      shared  buff/cache   available
Mem:          48114        2694       29055        2369       16363       42206
Swap:         24191           0       24191
Total:        72306        2694       53247

              total        used        free      shared  buff/cache   available
Mem:          48114        2694       29056        2369       16363       42207
Swap:         24191           0       24191
Total:        72306        2694       53248

              total        used        free      shared  buff/cache   available
Mem:          48114        2694       29055        2369       16363       42207
Swap:         24191           0       24191
Total:        72306        2694       53247

              total        used        free      shared  buff/cache   available
Mem:          48114        2694       29056        2369       16363       42207
Swap:         24191           0       24191
Total:        72306        2694       53248

              total        used        free      shared  buff/cache   available
Mem:          48114        2694       29055        2369       16363       42207
Swap:         24191           0       24191
Total:        72306        2694       53247

              total        used        free      shared  buff/cache   available
Mem:          48114        2694       29055        2369       16363       42206
Swap:         24191           0       24191
Total:        72306        2694       53247

              total        used        free      shared  buff/cache   available
Mem:          48114        2695       29054        2369       16364       42206
Swap:         24191           0       24191
Total:        72306        2695       53246

              total        used        free      shared  buff/cache   available
Mem:          48114        2695       29054        2369       16364       42205
Swap:         24191           0       24191
Total:        72306        2695       53246

              total        used        free      shared  buff/cache   available
Mem:          48114        2696       29053        2369       16364       42205
Swap:         24191           0       24191
Total:        72306        2696       53245

              total        used        free      shared  buff/cache   available
Mem:          48114        2694       29055        2369       16364       42206
Swap:         24191           0       24191
Total:        72306        2694       53247

              total        used        free      shared  buff/cache   available
Mem:          48114        2695       29054        2369       16364       42206
Swap:         24191           0       24191
Total:        72306        2695       53246

              total        used        free      shared  buff/cache   available
Mem:          48114        2695       29054        2369       16364       42206
Swap:         24191           0       24191
Total:        72306        2695       53246

              total        used        free      shared  buff/cache   available
Mem:          48114        2695       29053        2369       16364       42205
Swap:         24191           0       24191
Total:        72306        2695       53245

              total        used        free      shared  buff/cache   available
Mem:          48114        2695       29054        2369       16364       42206
Swap:         24191           0       24191
Total:        72306        2695       53246

              total        used        free      shared  buff/cache   available
Mem:          48114        2697       29052        2369       16364       42204
Swap:         24191           0       24191
Total:        72306        2697       53244

              total        used        free      shared  buff/cache   available
Mem:          48114        2696       29053        2369       16364       42205
Swap:         24191           0       24191
Total:        72306        2696       53245

              total        used        free      shared  buff/cache   available
Mem:          48114        2695       29054        2369       16364       42206
Swap:         24191           0       24191
Total:        72306        2695       53246

              total        used        free      shared  buff/cache   available
Mem:          48114        2694       29054        2369       16364       42206
Swap:         24191           0       24191
Total:        72306        2695       53246

              total        used        free      shared  buff/cache   available
Mem:          48114        2698       29051        2369       16364       42203
Swap:         24191           0       24191
Total:        72306        2698       53243

              total        used        free      shared  buff/cache   available
Mem:          48114        2695       29054        2369       16365       42206
Swap:         24191           0       24191
Total:        72306        2695       53245

              total        used        free      shared  buff/cache   available
Mem:          48114        2692       29056        2369       16365       42209
Swap:         24191           0       24191
Total:        72306        2692       53248

              total        used        free      shared  buff/cache   available
Mem:          48114        2690       29058        2369       16365       42210
Swap:         24191           0       24191
Total:        72306        2690       53250

              total        used        free      shared  buff/cache   available
Mem:          48114        2690       29058        2369       16365       42210
Swap:         24191           0       24191
Total:        72306        2690       53250

              total        used        free      shared  buff/cache   available
Mem:          48114        2690       29058        2369       16365       42210
Swap:         24191           0       24191
Total:        72306        2690       53249

              total        used        free      shared  buff/cache   available
Mem:          48114        2690       29058        2369       16365       42211
Swap:         24191           0       24191
Total:        72306        2690       53250

              total        used        free      shared  buff/cache   available
Mem:          48114        2691       29057        2369       16365       42209
Swap:         24191           0       24191
Total:        72306        2691       53249

              total        used        free      shared  buff/cache   available
Mem:          48114        2691       29057        2369       16365       42209
Swap:         24191           0       24191
Total:        72306        2691       53248

              total        used        free      shared  buff/cache   available
Mem:          48114        2690       29057        2369       16365       42210
Swap:         24191           0       24191
Total:        72306        2691       53249

              total        used        free      shared  buff/cache   available
Mem:          48114        2169       29577        2369       16366       42730
Swap:         24191           0       24191
Total:        72306        2170       53769

              total        used        free      shared  buff/cache   available
Mem:          48114        1919       29830        2369       16364       42982
Swap:         24191           0       24191
Total:        72306        1920       54022

              total        used        free      shared  buff/cache   available
Mem:          48114        1134       30617        2369       16362       43767
Swap:         24191           0       24191
Total:        72306        1134       54809

              total        used        free      shared  buff/cache   available
Mem:          48114        1130       30623        2369       16360       43772
Swap:         24191           0       24191
Total:        72306        1130       54815

              total        used        free      shared  buff/cache   available
Mem:          48114        1133       30620        2369       16359       43769
Swap:         24191           0       24191
Total:        72306        1133       54812

              total        used        free      shared  buff/cache   available
Mem:          48114        1135       30619        2369       16359       43768
Swap:         24191           0       24191
Total:        72306        1135       54811

              total        used        free      shared  buff/cache   available
Mem:          48114        1134       30619        2369       16359       43768
Swap:         24191           0       24191
Total:        72306        1134       54811

              total        used        free      shared  buff/cache   available
Mem:          48114        1126       30627        2369       16360       43776
Swap:         24191           0       24191
Total:        72306        1126       54819

              total        used        free      shared  buff/cache   available
Mem:          48114        1125       30628        2369       16359       43777
Swap:         24191           0       24191
Total:        72306        1125       54820

              total        used        free      shared  buff/cache   available
Mem:          48114        1125       30628        2369       16360       43777
Swap:         24191           0       24191
Total:        72306        1125       54820

              total        used        free      shared  buff/cache   available
Mem:          48114        1127       30627        2369       16360       43776
Swap:         24191           0       24191
Total:        72306        1127       54819

              total        used        free      shared  buff/cache   available
Mem:          48114        1127       30626        2369       16360       43775
Swap:         24191           0       24191
Total:        72306        1128       54818

              total        used        free      shared  buff/cache   available
Mem:          48114        1130       30622        2369       16360       43772
Swap:         24191           0       24191
Total:        72306        1130       54814

              total        used        free      shared  buff/cache   available
Mem:          48114        1132       30620        2369       16360       43770
Swap:         24191           0       24191
Total:        72306        1132       54812
