08:37:12 PM      eth0     18.00     14.00      2.91      3.17      0.00      0.00      0.00
08:37:13 PM      eth0      5.00      0.00      0.81      0.00      0.00      0.00      0.00
08:37:14 PM      eth0      7.00      1.00      1.29      0.16      0.00      0.00      0.00
08:37:15 PM      eth0      5.00      0.00      0.57      0.00      0.00      0.00      0.00
08:37:16 PM      eth0      9.00      1.00      1.62      0.16      0.00      0.00      0.00
08:37:17 PM      eth0     19.00     10.00      9.49      1.14      0.00      0.00      0.00
08:37:18 PM      eth0     17.00      8.00      7.71      0.91      0.00      0.00      0.00
08:37:19 PM      eth0     29.00     15.00     14.62      1.76      0.00      0.00      0.00
08:37:20 PM      eth0      8.00      0.00      0.83      0.00      0.00      0.00      0.00
08:37:21 PM      eth0      8.00      0.00      0.53      0.00      0.00      0.00      0.00
08:37:22 PM      eth0     29.00     16.00      7.44      3.52      0.00      0.00      1.00
08:37:23 PM      eth0     19.00      4.00      5.02      0.46      0.00      0.00      0.00
08:37:24 PM      eth0     15.00      1.00      2.15      0.16      0.00      0.00      0.00
08:37:25 PM      eth0      7.00      0.00      0.47      0.00      0.00      0.00      0.00
08:37:26 PM      eth0     10.00      1.00      1.52      0.16      0.00      0.00      1.00
08:37:27 PM      eth0      7.00      0.00      0.41      0.00      0.00      0.00      0.00
08:37:28 PM      eth0      9.00      1.00      1.46      0.16      0.00      0.00      1.00
08:37:29 PM      eth0      8.00      0.00      0.72      0.00      0.00      0.00      0.00
08:37:30 PM      eth0      9.00      1.00      1.46      0.16      0.00      0.00      0.00
08:37:31 PM      eth0      7.00      0.00      0.49      0.00      0.00      0.00      0.00
08:37:32 PM      eth0     18.00     12.00      3.56      3.07      0.00      0.00      1.00
08:37:33 PM      eth0     15.00     10.00      2.87      2.65      0.00      0.00      0.00
08:37:34 PM      eth0      9.00      1.00      1.46      0.16      0.00      0.00      0.00
08:37:35 PM      eth0      7.00      0.00      0.55      0.00      0.00      0.00      0.00
08:37:36 PM      eth0    473.00    350.00   6219.16    109.39      0.00      0.00      0.00
08:37:37 PM      eth0  14088.00   4594.00 295223.09    296.11      0.00      0.00      0.00
08:37:38 PM      eth0  14073.00   4616.00 296371.14    297.52      0.00      0.00      0.00
08:37:39 PM      eth0 93228620077.00 68113541748.00 120012220472.80 90229213526.70      0.00      0.00  99962.00
08:37:40 PM      eth0 93228620083.00 68113541748.00 120012220473.21 90229213526.70      0.00      0.00  99962.00
08:37:41 PM      eth0      7.00      0.00      0.47      0.00      0.00      0.00      0.00
08:37:42 PM      eth0     25.00     22.00      6.16      5.25      0.00      0.00      0.00
08:37:43 PM      eth0     24.00     20.00      4.31      4.70      0.00      0.00      0.00
08:37:44 PM      eth0      7.00      0.00      1.33      0.00      0.00      0.00      0.00
08:37:45 PM      eth0     41.00     47.00      9.57     13.12      0.00      0.00      0.00
08:37:46 PM      eth0    157.00    197.00     56.69     84.14      0.00      0.00      0.00
08:37:47 PM      eth0      4.00      0.00      0.23      0.00      0.00      0.00      0.00
08:37:48 PM      eth0      7.00      1.00      1.57      0.16      0.00      0.00      0.00
08:37:49 PM      eth0      4.00      6.00      0.23      0.70      0.00      0.00      0.00
08:37:50 PM      eth0     15.00     12.00      4.13      2.38      0.00      0.00      0.00
08:37:51 PM      eth0      5.00      0.00      0.29      0.00      0.00      0.00      0.00
08:37:52 PM      eth0     14.00     11.00      2.27      2.90      0.00      0.00      0.00
08:37:53 PM      eth0      5.00      0.00      0.29      0.00      0.00      0.00      0.00
08:37:54 PM      eth0     10.00      1.00      1.00      0.04      0.00      0.00      0.00
08:37:55 PM      eth0      4.00      0.00      0.31      0.00      0.00      0.00      0.00
08:37:56 PM      eth0      3.00      0.00      0.18      0.00      0.00      0.00      0.00
08:37:57 PM      eth0      5.00      3.00      0.35      0.41      0.00      0.00      0.00
08:37:58 PM      eth0      5.00      3.00      0.35      0.38      0.00      0.00      0.00
08:37:59 PM      eth0      5.00      4.00      0.29      0.39      0.00      0.00      0.00
08:38:00 PM      eth0    153.00    207.00     56.09     99.91      0.00      0.00      0.00
08:38:01 PM      eth0 93228620634.00 68113542346.00 120012220640.17 90229213768.00      0.00      0.00  99962.00
08:38:02 PM      eth0 93228620694.00 68113542415.00 120012220656.24 90229213787.33      0.00      0.00  99962.00
08:38:03 PM      eth0     32.00     41.00      8.03      8.20      0.00      0.00      0.00
08:38:04 PM      eth0      7.00      3.00      0.41      0.41      0.00      0.00      0.00
08:38:05 PM      eth0      6.00      0.00      0.35      0.00      0.00      0.00      0.00
08:38:06 PM      eth0     86.00    109.00     26.08     46.43      0.00      0.00      0.00
08:38:07 PM      eth0      4.00      9.00      0.51      1.05      0.00      0.00      0.00
08:38:08 PM      eth0      6.00      2.00      1.51      0.29      0.00      0.00      0.00
08:38:09 PM      eth0      5.00      0.00      0.29      0.00      0.00      0.00      0.00
08:38:10 PM      eth0     16.00     11.00      5.49      2.39      0.00      0.00      0.00
08:38:11 PM      eth0      7.00      6.00      0.74      0.70      0.00      0.00      0.00
08:38:12 PM      eth0     12.00     11.00      2.15      2.90      0.00      0.00      0.00
08:38:13 PM      eth0      7.00      0.00      1.09      0.00      0.00      0.00      0.00
08:38:14 PM      eth0      7.00      0.00      0.50      0.00      0.00      0.00      0.00
08:38:15 PM      eth0     10.00      0.00      1.22      0.00      0.00      0.00      0.00
08:38:16 PM      eth0     18.00     12.00      6.69      2.55      0.00      0.00      0.00
08:38:17 PM      eth0      9.00     15.00      1.31      3.35      0.00      0.00      0.00
08:38:18 PM      eth0      8.00      6.00      1.72      0.62      0.00      0.00      0.00
08:38:19 PM      eth0      7.00      4.00      0.53      0.40      0.00      0.00      0.00
08:38:20 PM      eth0      7.00      0.00      0.47      0.00      0.00      0.00      0.00
08:38:21 PM      eth0      6.00      0.00      0.35      0.00      0.00      0.00      0.00
08:38:22 PM      eth0     16.00     15.00      2.45      3.30      0.00      0.00      0.00
08:38:23 PM      eth0    113.00    152.00     39.80     74.62      0.00      0.00      0.00
08:38:24 PM      eth0 93228621188.00 68113542933.00 120012220798.52 90229213986.71      0.00      0.00  99962.00
08:38:25 PM      eth0 93228621230.00 68113542978.00 120012220809.16 90229214000.79      0.00      0.00  99962.00
08:38:26 PM      eth0     20.00     14.00      5.56      2.69      0.00      0.00      0.00
08:38:27 PM      eth0     28.00     20.00      5.10      4.70      0.00      0.00      0.00
08:38:28 PM      eth0      8.00      0.00      0.53      0.00      0.00      0.00      0.00
08:38:29 PM      eth0      5.00      0.00      0.29      0.00      0.00      0.00      0.00
08:38:30 PM      eth0     81.00    105.00     25.94     44.80      0.00      0.00      0.00
08:38:31 PM      eth0      5.00      1.00      1.45      0.16      0.00      0.00      0.00
08:38:32 PM      eth0     23.00     23.00      8.38      5.40      0.00      0.00      0.00
08:38:33 PM      eth0      6.00      0.00      0.43      0.00      0.00      0.00      0.00
08:38:34 PM      eth0     19.00      6.00      2.56      0.70      0.00      0.00      0.00
08:38:35 PM      eth0     18.00     11.00      2.78      2.69      0.00      0.00      0.00
08:38:36 PM      eth0     13.00      8.00      1.12      2.25      0.00      0.00      0.00
08:38:37 PM      eth0      7.00      0.00      0.49      0.00      0.00      0.00      0.00
08:38:38 PM      eth0      9.00      0.00      0.64      0.00      0.00      0.00      0.00
08:38:39 PM      eth0    205.00    266.00     75.18    124.50      0.00      0.00      0.00
08:41:51 PM      eth0 93237909255.00 68151470720.00 120013293321.25 90285286096.38      0.00      0.00  99963.00
08:41:52 PM      eth0    308.00    409.00     85.15    185.16      0.00      0.00      0.00
08:41:53 PM      eth0    298.00    397.00     73.57    178.44      0.00      0.00      0.00
08:41:54 PM      eth0    260.00    381.00     57.47    179.23      0.00      0.00      0.00
08:41:55 PM      eth0     15.00      5.00      6.51      0.82      0.00      0.00      0.00
08:41:56 PM      eth0     21.00      6.00      8.26      0.98      0.00      0.00      0.00
08:41:57 PM      eth0     15.00      2.00      3.13      0.33      0.00      0.00      0.00
08:41:58 PM      eth0     17.00      3.00      4.37      0.49      0.00      0.00      0.00
08:41:59 PM      eth0     14.00      2.00      3.59      0.33      0.00      0.00      0.00
08:42:00 PM      eth0     10.00      2.00      2.84      0.33      0.00      0.00      0.00
08:42:01 PM      eth0     17.00      6.00      6.30      0.98      0.00      0.00      0.00
08:42:02 PM      eth0     44.00     26.00     19.89      5.35      0.00      0.00      0.00
08:42:03 PM      eth0     36.00     22.00     15.10      4.38      0.00      0.00      0.00
