vhost-21186 13.5
vhost-21186 13.5
vhost-21186 13.7
vhost-21186 13.7
vhost-21186 15.4
vhost-21186 15.4
vhost-21186 15.4
vhost-21186 15.4
vhost-21186 15.4
vhost-21186 15.4
vhost-21186 15.4
vhost-21186 15.4
vhost-21186 15.4
vhost-21186 15.4
vhost-21186 15.4
vhost-21186 15.7
vhost-21186 16.7
vhost-21186 17.0
vhost-21186 17.0
vhost-21186 17.3
vhost-21186 17.3
vhost-21186 17.3
vhost-21186 17.3
vhost-21186 17.3
vhost-21186 17.3
vhost-21186 17.3
vhost-21186 17.3
vhost-21186 17.3
vhost-21186 17.3
vhost-21186 17.3
vhost-21186 17.3
vhost-21186 9.8
