vhost-19936 11.5
vhost-19936 11.5
vhost-19936 13.5
vhost-19936 23.1
vhost-19936 24.5
vhost-19936 24.5
vhost-19936 25.0
vhost-19936 25.0
vhost-19936 25.0
vhost-19936 25.5
vhost-19936 26.4
vhost-19936 26.4
vhost-19936 26.4
vhost-19936 26.9
vhost-19936 26.9
vhost-19936 26.9
vhost-19936 26.9
vhost-19936 26.9
vhost-19936 26.9
vhost-19936 26.9
vhost-19936 26.9
vhost-19936 26.9
vhost-19936 26.9
vhost-19936 27.3
vhost-19936 27.5
vhost-19936 27.5
vhost-19936 28.3
vhost-19936 28.8
vhost-19936 28.8
vhost-19936 28.8
vhost-19936 28.8
vhost-19936 28.8
vhost-19936 28.8
vhost-19936 28.8
vhost-19936 28.8
vhost-19936 28.8
vhost-19936 28.8
vhost-19936 28.8
vhost-19936 29.4
vhost-19936 29.4
vhost-19936 29.4
vhost-19936 29.4
vhost-19936 29.6
vhost-19936 30.8
vhost-19936 30.8
vhost-19936 30.8
vhost-19936 31.4
vhost-19936 31.4
vhost-19936 31.4
vhost-19936 33.3
