ksoftirqd/0 0.0
ksoftirqd/0 0.0
ksoftirqd/0 0.0
ksoftirqd/0 0.0
ksoftirqd/0 0.0
ksoftirqd/0 0.0
ksoftirqd/0 11.5
ksoftirqd/0 13.2
ksoftirqd/0 1.8
ksoftirqd/0 1.9
ksoftirqd/0 1.9
ksoftirqd/0 1.9
ksoftirqd/0 1.9
ksoftirqd/0 1.9
ksoftirqd/0 1.9
ksoftirqd/0 24.1
ksoftirqd/0 32.7
ksoftirqd/0 32.7
ksoftirqd/0 3.4
ksoftirqd/0 3.6
ksoftirqd/0 36.5
ksoftirqd/0 3.7
ksoftirqd/0 3.7
ksoftirqd/0 3.7
ksoftirqd/0 3.8
ksoftirqd/0 3.8
ksoftirqd/0 40.4
ksoftirqd/0 47.2
ksoftirqd/0 5.1
ksoftirqd/0 5.6
ksoftirqd/0 5.6
ksoftirqd/0 5.6
ksoftirqd/0 5.7
ksoftirqd/0 5.7
ksoftirqd/0 5.7
ksoftirqd/0 5.7
ksoftirqd/0 67.3
ksoftirqd/0 6.9
ksoftirqd/0 7.0
ksoftirqd/0 7.4
ksoftirqd/0 90.4
ksoftirqd/0 92.3
ksoftirqd/0 9.3
ksoftirqd/0 98.1
ksoftirqd/0 99.9
ksoftirqd/1 0.0
ksoftirqd/1 11.1
ksoftirqd/1 11.1
ksoftirqd/1 13.0
ksoftirqd/1 13.2
ksoftirqd/1 13.5
ksoftirqd/1 14.8
ksoftirqd/1 18.5
ksoftirqd/1 18.9
ksoftirqd/1 1.9
ksoftirqd/1 1.9
ksoftirqd/1 1.9
ksoftirqd/1 1.9
ksoftirqd/12 0.0
ksoftirqd/12 0.0
ksoftirqd/12 0.0
ksoftirqd/12 1.9
ksoftirqd/12 20.8
ksoftirqd/12 32.1
ksoftirqd/12 35.8
ksoftirqd/12 35.8
ksoftirqd/12 39.6
ksoftirqd/12 39.6
ksoftirqd/12 40.7
ksoftirqd/12 40.7
ksoftirqd/1 24.1
ksoftirqd/12 41.5
ksoftirqd/12 44.2
ksoftirqd/12 45.3
ksoftirqd/12 48.1
ksoftirqd/12 54.7
ksoftirqd/12 5.6
ksoftirqd/12 56.6
ksoftirqd/12 57.4
ksoftirqd/1 25.9
ksoftirqd/1 26.4
ksoftirqd/1 26.4
ksoftirqd/12 64.2
ksoftirqd/12 65.4
ksoftirqd/12 69.8
ksoftirqd/12 73.1
ksoftirqd/12 7.5
ksoftirqd/12 81.1
ksoftirqd/12 88.5
ksoftirqd/12 92.6
ksoftirqd/12 9.4
ksoftirqd/12 94.3
ksoftirqd/1 29.6
ksoftirqd/12 96.2
ksoftirqd/12 98.1
ksoftirqd/12 98.1
ksoftirqd/12 98.1
ksoftirqd/12 99.9
ksoftirqd/12 99.9
ksoftirqd/12 99.9
ksoftirqd/12 99.9
ksoftirqd/12 99.9
ksoftirqd/12 99.9
ksoftirqd/12 99.9
ksoftirqd/12 99.9
ksoftirqd/13 11.5
ksoftirqd/13 11.5
ksoftirqd/13 14.3
ksoftirqd/13 14.8
ksoftirqd/1 31.5
ksoftirqd/13 15.1
ksoftirqd/13 16.7
ksoftirqd/13 17.0
ksoftirqd/13 17.0
ksoftirqd/13 18.5
ksoftirqd/13 18.5
ksoftirqd/13 20.4
ksoftirqd/13 20.4
ksoftirqd/13 20.8
ksoftirqd/13 22.2
ksoftirqd/13 23.6
ksoftirqd/13 25.9
ksoftirqd/13 26.3
ksoftirqd/13 26.8
ksoftirqd/13 29.8
ksoftirqd/13 30.9
ksoftirqd/13 32.1
ksoftirqd/13 32.7
ksoftirqd/13 33.3
ksoftirqd/13 34.0
ksoftirqd/13 35.1
ksoftirqd/13 35.1
ksoftirqd/13 35.2
ksoftirqd/13 38.2
ksoftirqd/13 38.9
ksoftirqd/13 39.3
ksoftirqd/13 39.6
ksoftirqd/13 40.0
ksoftirqd/13 40.7
ksoftirqd/13 41.1
ksoftirqd/13 41.5
ksoftirqd/13 41.5
ksoftirqd/13 41.8
ksoftirqd/13 44.2
ksoftirqd/13 44.4
ksoftirqd/13 44.4
ksoftirqd/13 44.6
ksoftirqd/13 45.3
ksoftirqd/13 45.6
ksoftirqd/13 46.3
ksoftirqd/13 48.3
ksoftirqd/13 49.1
ksoftirqd/13 49.2
ksoftirqd/13 50.0
ksoftirqd/13 50.0
ksoftirqd/13 50.0
ksoftirqd/13 50.9
ksoftirqd/13 50.9
ksoftirqd/13 51.0
ksoftirqd/13 51.9
ksoftirqd/1 35.2
ksoftirqd/13 52.8
ksoftirqd/13 52.8
ksoftirqd/13 54.9
ksoftirqd/13 55.6
ksoftirqd/13 55.6
ksoftirqd/13 55.8
ksoftirqd/13 56.4
ksoftirqd/13 56.6
ksoftirqd/13 5.7
ksoftirqd/13 57.6
ksoftirqd/13 57.9
ksoftirqd/13 60.3
ksoftirqd/13 60.7
ksoftirqd/13 61.1
ksoftirqd/13 61.1
ksoftirqd/13 63.0
ksoftirqd/13 64.2
ksoftirqd/13 64.9
ksoftirqd/13 66.7
ksoftirqd/13 69.8
ksoftirqd/13 69.8
ksoftirqd/13 71.7
ksoftirqd/13 72.2
ksoftirqd/13 72.2
ksoftirqd/13 72.2
ksoftirqd/13 74.1
ksoftirqd/13 7.5
ksoftirqd/13 7.5
ksoftirqd/13 75.0
ksoftirqd/1 37.7
ksoftirqd/13 7.7
ksoftirqd/13 77.4
ksoftirqd/13 77.4
ksoftirqd/13 77.8
ksoftirqd/13 79.2
ksoftirqd/13 79.6
ksoftirqd/13 79.6
ksoftirqd/13 81.5
ksoftirqd/13 81.5
ksoftirqd/13 83.0
ksoftirqd/13 83.3
ksoftirqd/13 86.8
ksoftirqd/13 87.0
ksoftirqd/13 87.0
ksoftirqd/13 89.7
ksoftirqd/13 9.1
ksoftirqd/13 9.4
ksoftirqd/13 94.3
ksoftirqd/13 96.2
ksoftirqd/13 96.2
ksoftirqd/13 96.2
ksoftirqd/13 96.3
ksoftirqd/13 98.1
ksoftirqd/13 98.1
ksoftirqd/13 98.1
ksoftirqd/13 98.1
ksoftirqd/13 98.1
ksoftirqd/13 98.1
ksoftirqd/13 98.1
ksoftirqd/13 98.1
ksoftirqd/13 98.1
ksoftirqd/13 98.1
ksoftirqd/13 98.1
ksoftirqd/13 98.1
ksoftirqd/13 98.1
ksoftirqd/13 98.1
ksoftirqd/13 98.1
ksoftirqd/13 98.1
ksoftirqd/13 98.1
ksoftirqd/13 98.1
ksoftirqd/13 98.1
ksoftirqd/13 98.1
ksoftirqd/13 98.1
ksoftirqd/13 98.1
ksoftirqd/13 98.1
ksoftirqd/13 98.1
ksoftirqd/13 98.1
ksoftirqd/13 98.1
ksoftirqd/13 98.1
ksoftirqd/13 98.1
ksoftirqd/13 98.1
ksoftirqd/13 98.1
ksoftirqd/13 98.1
ksoftirqd/13 98.1
ksoftirqd/13 98.1
ksoftirqd/13 98.1
ksoftirqd/13 98.1
ksoftirqd/13 98.1
ksoftirqd/13 98.1
ksoftirqd/13 98.1
ksoftirqd/13 98.1
ksoftirqd/13 98.1
ksoftirqd/13 98.1
ksoftirqd/13 98.2
ksoftirqd/13 98.2
ksoftirqd/13 99.9
ksoftirqd/13 99.9
ksoftirqd/13 99.9
ksoftirqd/13 99.9
ksoftirqd/13 99.9
ksoftirqd/13 99.9
ksoftirqd/13 99.9
ksoftirqd/13 99.9
ksoftirqd/13 99.9
ksoftirqd/13 99.9
ksoftirqd/13 99.9
ksoftirqd/13 99.9
ksoftirqd/13 99.9
ksoftirqd/13 99.9
ksoftirqd/13 99.9
ksoftirqd/13 99.9
ksoftirqd/13 99.9
ksoftirqd/13 99.9
ksoftirqd/13 99.9
ksoftirqd/13 99.9
ksoftirqd/13 99.9
ksoftirqd/13 99.9
ksoftirqd/13 99.9
ksoftirqd/13 99.9
ksoftirqd/13 99.9
ksoftirqd/13 99.9
ksoftirqd/13 99.9
ksoftirqd/13 99.9
ksoftirqd/13 99.9
ksoftirqd/13 99.9
ksoftirqd/13 99.9
ksoftirqd/13 99.9
ksoftirqd/13 99.9
ksoftirqd/13 99.9
ksoftirqd/13 99.9
ksoftirqd/13 99.9
ksoftirqd/13 99.9
ksoftirqd/13 99.9
ksoftirqd/13 99.9
ksoftirqd/13 99.9
ksoftirqd/13 99.9
ksoftirqd/13 99.9
ksoftirqd/13 99.9
ksoftirqd/13 99.9
ksoftirqd/13 99.9
ksoftirqd/13 99.9
ksoftirqd/13 99.9
ksoftirqd/13 99.9
ksoftirqd/13 99.9
ksoftirqd/13 99.9
ksoftirqd/13 99.9
ksoftirqd/13 99.9
ksoftirqd/13 99.9
ksoftirqd/13 99.9
ksoftirqd/13 99.9
ksoftirqd/13 99.9
ksoftirqd/13 99.9
ksoftirqd/13 99.9
ksoftirqd/13 99.9
ksoftirqd/13 99.9
ksoftirqd/13 99.9
ksoftirqd/13 99.9
ksoftirqd/13 99.9
ksoftirqd/13 99.9
ksoftirqd/13 99.9
ksoftirqd/13 99.9
ksoftirqd/13 99.9
ksoftirqd/13 99.9
ksoftirqd/13 99.9
ksoftirqd/13 99.9
ksoftirqd/13 99.9
ksoftirqd/13 99.9
ksoftirqd/13 99.9
ksoftirqd/13 99.9
ksoftirqd/13 99.9
ksoftirqd/13 99.9
ksoftirqd/13 99.9
ksoftirqd/13 99.9
ksoftirqd/13 99.9
ksoftirqd/13 99.9
ksoftirqd/13 99.9
ksoftirqd/13 99.9
ksoftirqd/13 99.9
ksoftirqd/13 99.9
ksoftirqd/13 99.9
ksoftirqd/13 99.9
ksoftirqd/13 99.9
ksoftirqd/13 99.9
ksoftirqd/13 99.9
ksoftirqd/13 99.9
ksoftirqd/13 99.9
ksoftirqd/13 99.9
ksoftirqd/13 99.9
ksoftirqd/13 99.9
ksoftirqd/13 99.9
ksoftirqd/13 99.9
ksoftirqd/13 99.9
ksoftirqd/13 99.9
ksoftirqd/13 99.9
ksoftirqd/13 99.9
ksoftirqd/13 99.9
ksoftirqd/13 99.9
ksoftirqd/13 99.9
ksoftirqd/13 99.9
ksoftirqd/13 99.9
ksoftirqd/13 99.9
ksoftirqd/13 99.9
ksoftirqd/13 99.9
ksoftirqd/13 99.9
ksoftirqd/13 99.9
ksoftirqd/13 99.9
ksoftirqd/13 99.9
ksoftirqd/13 99.9
ksoftirqd/13 99.9
ksoftirqd/13 99.9
ksoftirqd/13 99.9
ksoftirqd/13 99.9
ksoftirqd/13 99.9
ksoftirqd/13 99.9
ksoftirqd/13 99.9
ksoftirqd/13 99.9
ksoftirqd/13 99.9
ksoftirqd/13 99.9
ksoftirqd/13 99.9
ksoftirqd/13 99.9
ksoftirqd/13 99.9
ksoftirqd/13 99.9
ksoftirqd/13 99.9
ksoftirqd/13 99.9
ksoftirqd/13 99.9
ksoftirqd/13 99.9
ksoftirqd/13 99.9
ksoftirqd/13 99.9
ksoftirqd/13 99.9
ksoftirqd/13 99.9
ksoftirqd/13 99.9
ksoftirqd/13 99.9
ksoftirqd/13 99.9
ksoftirqd/13 99.9
ksoftirqd/13 99.9
ksoftirqd/13 99.9
ksoftirqd/13 99.9
ksoftirqd/13 99.9
ksoftirqd/13 99.9
ksoftirqd/13 99.9
ksoftirqd/13 99.9
ksoftirqd/13 99.9
ksoftirqd/13 99.9
ksoftirqd/13 99.9
ksoftirqd/13 99.9
ksoftirqd/13 99.9
ksoftirqd/13 99.9
ksoftirqd/13 99.9
ksoftirqd/13 99.9
ksoftirqd/13 99.9
ksoftirqd/13 99.9
ksoftirqd/13 99.9
ksoftirqd/13 99.9
ksoftirqd/13 99.9
ksoftirqd/13 99.9
ksoftirqd/13 99.9
ksoftirqd/13 99.9
ksoftirqd/13 99.9
ksoftirqd/13 99.9
ksoftirqd/13 99.9
ksoftirqd/13 99.9
ksoftirqd/13 99.9
ksoftirqd/13 99.9
ksoftirqd/13 99.9
ksoftirqd/13 99.9
ksoftirqd/13 99.9
ksoftirqd/13 99.9
ksoftirqd/13 99.9
ksoftirqd/13 99.9
ksoftirqd/13 99.9
ksoftirqd/13 99.9
ksoftirqd/13 99.9
ksoftirqd/13 99.9
ksoftirqd/13 99.9
ksoftirqd/13 99.9
ksoftirqd/13 99.9
ksoftirqd/13 99.9
ksoftirqd/13 99.9
ksoftirqd/13 99.9
ksoftirqd/13 99.9
ksoftirqd/13 99.9
ksoftirqd/13 99.9
ksoftirqd/13 99.9
ksoftirqd/13 99.9
ksoftirqd/13 99.9
ksoftirqd/13 99.9
ksoftirqd/13 99.9
ksoftirqd/13 99.9
ksoftirqd/13 99.9
ksoftirqd/13 99.9
ksoftirqd/13 99.9
ksoftirqd/13 99.9
ksoftirqd/13 99.9
ksoftirqd/13 99.9
ksoftirqd/13 99.9
ksoftirqd/13 99.9
ksoftirqd/13 99.9
ksoftirqd/13 99.9
ksoftirqd/13 99.9
ksoftirqd/14 0.0
ksoftirqd/14 0.0
ksoftirqd/14 11.5
ksoftirqd/14 13.2
ksoftirqd/14 13.2
ksoftirqd/14 13.5
ksoftirqd/14 13.5
ksoftirqd/14 13.5
ksoftirqd/14 19.6
ksoftirqd/14 25.0
ksoftirqd/14 27.5
ksoftirqd/1 43.4
ksoftirqd/14 37.7
ksoftirqd/14 3.8
ksoftirqd/14 44.4
ksoftirqd/14 48.1
ksoftirqd/14 50.0
ksoftirqd/14 5.7
ksoftirqd/1 46.3
ksoftirqd/14 7.3
ksoftirqd/14 77.8
ksoftirqd/14 83.3
ksoftirqd/14 84.7
ksoftirqd/14 90.7
ksoftirqd/14 90.7
ksoftirqd/14 90.7
ksoftirqd/1 49.1
ksoftirqd/14 9.4
ksoftirqd/14 96.6
ksoftirqd/14 98.1
ksoftirqd/14 98.1
ksoftirqd/14 98.1
ksoftirqd/14 98.1
ksoftirqd/14 98.1
ksoftirqd/14 98.1
ksoftirqd/14 98.1
ksoftirqd/14 98.2
ksoftirqd/14 98.2
ksoftirqd/14 98.2
ksoftirqd/14 98.2
ksoftirqd/14 98.2
ksoftirqd/14 98.2
ksoftirqd/14 98.2
ksoftirqd/14 98.2
ksoftirqd/14 98.2
ksoftirqd/14 98.2
ksoftirqd/14 98.3
ksoftirqd/14 98.3
ksoftirqd/14 99.9
ksoftirqd/14 99.9
ksoftirqd/14 99.9
ksoftirqd/14 99.9
ksoftirqd/14 99.9
ksoftirqd/14 99.9
ksoftirqd/14 99.9
ksoftirqd/14 99.9
ksoftirqd/14 99.9
ksoftirqd/14 99.9
ksoftirqd/14 99.9
ksoftirqd/14 99.9
ksoftirqd/14 99.9
ksoftirqd/14 99.9
ksoftirqd/14 99.9
ksoftirqd/14 99.9
ksoftirqd/14 99.9
ksoftirqd/14 99.9
ksoftirqd/14 99.9
ksoftirqd/14 99.9
ksoftirqd/14 99.9
ksoftirqd/14 99.9
ksoftirqd/14 99.9
ksoftirqd/14 99.9
ksoftirqd/14 99.9
ksoftirqd/14 99.9
ksoftirqd/14 99.9
ksoftirqd/14 99.9
ksoftirqd/14 99.9
ksoftirqd/14 99.9
ksoftirqd/14 99.9
ksoftirqd/14 99.9
ksoftirqd/14 99.9
ksoftirqd/14 99.9
ksoftirqd/14 99.9
ksoftirqd/14 99.9
ksoftirqd/14 99.9
ksoftirqd/14 99.9
ksoftirqd/14 99.9
ksoftirqd/14 99.9
ksoftirqd/14 99.9
ksoftirqd/14 99.9
ksoftirqd/14 99.9
ksoftirqd/14 99.9
ksoftirqd/14 99.9
ksoftirqd/14 99.9
ksoftirqd/14 99.9
ksoftirqd/14 99.9
ksoftirqd/14 99.9
ksoftirqd/14 99.9
ksoftirqd/14 99.9
ksoftirqd/14 99.9
ksoftirqd/14 99.9
ksoftirqd/14 99.9
ksoftirqd/14 99.9
ksoftirqd/14 99.9
ksoftirqd/14 99.9
ksoftirqd/14 99.9
ksoftirqd/14 99.9
ksoftirqd/14 99.9
ksoftirqd/14 99.9
ksoftirqd/14 99.9
ksoftirqd/14 99.9
ksoftirqd/14 99.9
ksoftirqd/14 99.9
ksoftirqd/14 99.9
ksoftirqd/14 99.9
ksoftirqd/14 99.9
ksoftirqd/14 99.9
ksoftirqd/14 99.9
ksoftirqd/14 99.9
ksoftirqd/14 99.9
ksoftirqd/14 99.9
ksoftirqd/14 99.9
ksoftirqd/14 99.9
ksoftirqd/14 99.9
ksoftirqd/14 99.9
ksoftirqd/14 99.9
ksoftirqd/14 99.9
ksoftirqd/14 99.9
ksoftirqd/14 99.9
ksoftirqd/14 99.9
ksoftirqd/14 99.9
ksoftirqd/14 99.9
ksoftirqd/14 99.9
ksoftirqd/14 99.9
ksoftirqd/14 99.9
ksoftirqd/14 99.9
ksoftirqd/14 99.9
ksoftirqd/14 99.9
ksoftirqd/14 99.9
ksoftirqd/14 99.9
ksoftirqd/14 99.9
ksoftirqd/14 99.9
ksoftirqd/14 99.9
ksoftirqd/14 99.9
ksoftirqd/14 99.9
ksoftirqd/14 99.9
ksoftirqd/14 99.9
ksoftirqd/14 99.9
ksoftirqd/14 99.9
ksoftirqd/15 0.0
ksoftirqd/15 0.0
ksoftirqd/15 0.0
ksoftirqd/15 0.0
ksoftirqd/1 50.9
ksoftirqd/15 13.2
ksoftirqd/15 13.2
ksoftirqd/15 1.7
ksoftirqd/15 1.8
ksoftirqd/15 1.9
ksoftirqd/15 1.9
ksoftirqd/15 1.9
ksoftirqd/15 20.8
ksoftirqd/15 27.3
ksoftirqd/15 30.8
ksoftirqd/15 34.0
ksoftirqd/15 3.7
ksoftirqd/15 3.7
ksoftirqd/15 3.7
ksoftirqd/15 3.7
ksoftirqd/15 3.7
ksoftirqd/15 3.8
ksoftirqd/15 45.5
ksoftirqd/1 5.5
ksoftirqd/15 51.9
ksoftirqd/15 5.6
ksoftirqd/15 5.6
ksoftirqd/15 5.6
ksoftirqd/15 5.7
ksoftirqd/15 58.9
ksoftirqd/15 59.3
ksoftirqd/1 5.6
ksoftirqd/1 5.6
ksoftirqd/15 60.4
ksoftirqd/15 67.9
ksoftirqd/15 6.8
ksoftirqd/1 5.7
ksoftirqd/1 5.7
ksoftirqd/1 5.7
ksoftirqd/1 5.7
ksoftirqd/15 70.9
ksoftirqd/15 71.9
ksoftirqd/15 7.4
ksoftirqd/15 7.4
ksoftirqd/15 75.9
ksoftirqd/15 7.7
ksoftirqd/15 82.1
ksoftirqd/15 83.9
ksoftirqd/15 83.9
ksoftirqd/15 87.7
ksoftirqd/15 87.7
ksoftirqd/15 89.3
ksoftirqd/15 90.9
ksoftirqd/15 90.9
ksoftirqd/15 91.1
ksoftirqd/15 96.5
ksoftirqd/15 98.2
ksoftirqd/15 99.9
ksoftirqd/16 0.0
ksoftirqd/16 0.0
ksoftirqd/16 0.0
ksoftirqd/16 0.0
ksoftirqd/16 0.0
ksoftirqd/16 1.9
ksoftirqd/16 26.9
ksoftirqd/16 28.8
ksoftirqd/16 34.6
ksoftirqd/16 40.4
ksoftirqd/16 5.6
ksoftirqd/16 57.7
ksoftirqd/16 5.8
ksoftirqd/16 9.3
ksoftirqd/16 98.1
ksoftirqd/16 98.1
ksoftirqd/16 98.1
ksoftirqd/16 98.1
ksoftirqd/16 98.1
ksoftirqd/16 98.1
ksoftirqd/16 98.1
ksoftirqd/16 99.9
ksoftirqd/16 99.9
ksoftirqd/16 99.9
ksoftirqd/16 99.9
ksoftirqd/16 99.9
ksoftirqd/16 99.9
ksoftirqd/16 99.9
ksoftirqd/16 99.9
ksoftirqd/16 99.9
ksoftirqd/16 99.9
ksoftirqd/16 99.9
ksoftirqd/16 99.9
ksoftirqd/16 99.9
ksoftirqd/16 99.9
ksoftirqd/16 99.9
ksoftirqd/16 99.9
ksoftirqd/16 99.9
ksoftirqd/16 99.9
ksoftirqd/16 99.9
ksoftirqd/16 99.9
ksoftirqd/16 99.9
ksoftirqd/16 99.9
ksoftirqd/16 99.9
ksoftirqd/16 99.9
ksoftirqd/16 99.9
ksoftirqd/16 99.9
ksoftirqd/16 99.9
ksoftirqd/16 99.9
ksoftirqd/1 7.0
ksoftirqd/17 0.0
ksoftirqd/17 0.0
ksoftirqd/17 0.0
ksoftirqd/17 11.3
ksoftirqd/17 12.5
ksoftirqd/17 13.2
ksoftirqd/17 15.1
ksoftirqd/17 15.4
ksoftirqd/17 16.7
ksoftirqd/17 17.3
ksoftirqd/17 17.3
ksoftirqd/17 1.9
ksoftirqd/17 1.9
ksoftirqd/17 22.2
ksoftirqd/17 22.6
ksoftirqd/17 24.1
ksoftirqd/17 24.5
ksoftirqd/17 25.5
ksoftirqd/17 29.6
ksoftirqd/17 35.8
ksoftirqd/17 36.4
ksoftirqd/17 36.8
ksoftirqd/17 37.0
ksoftirqd/17 3.8
ksoftirqd/17 3.8
ksoftirqd/17 39.6
ksoftirqd/17 39.6
ksoftirqd/17 44.2
ksoftirqd/17 49.1
ksoftirqd/17 50.0
ksoftirqd/17 50.0
ksoftirqd/17 51.9
ksoftirqd/17 51.9
ksoftirqd/17 55.6
ksoftirqd/17 55.8
ksoftirqd/17 56.6
ksoftirqd/17 57.4
ksoftirqd/17 57.7
ksoftirqd/17 57.7
ksoftirqd/17 57.9
ksoftirqd/17 5.8
ksoftirqd/17 60.4
ksoftirqd/17 62.3
ksoftirqd/17 63.2
ksoftirqd/17 63.6
ksoftirqd/17 64.2
ksoftirqd/17 64.8
ksoftirqd/17 66.7
ksoftirqd/17 67.9
ksoftirqd/17 67.9
ksoftirqd/17 68.4
ksoftirqd/17 69.2
ksoftirqd/17 69.6
ksoftirqd/17 7.0
ksoftirqd/17 70.2
ksoftirqd/17 70.4
ksoftirqd/17 71.4
ksoftirqd/17 71.7
ksoftirqd/17 73.6
ksoftirqd/17 7.5
ksoftirqd/17 7.5
ksoftirqd/17 75.0
ksoftirqd/17 76.9
ksoftirqd/17 77.8
ksoftirqd/17 78.6
ksoftirqd/17 78.8
ksoftirqd/17 78.9
ksoftirqd/17 79.6
ksoftirqd/17 80.0
ksoftirqd/17 80.8
ksoftirqd/17 81.1
ksoftirqd/17 82.7
ksoftirqd/17 84.2
ksoftirqd/17 84.5
ksoftirqd/17 85.5
ksoftirqd/17 86.0
ksoftirqd/17 86.8
ksoftirqd/17 87.7
ksoftirqd/17 87.7
ksoftirqd/17 87.7
ksoftirqd/17 87.7
ksoftirqd/17 88.9
ksoftirqd/17 89.1
ksoftirqd/17 89.3
ksoftirqd/17 89.5
ksoftirqd/17 89.5
ksoftirqd/17 89.7
ksoftirqd/17 90.7
ksoftirqd/17 91.4
ksoftirqd/17 91.4
ksoftirqd/17 91.5
ksoftirqd/17 92.3
ksoftirqd/17 94.3
ksoftirqd/17 94.4
ksoftirqd/17 94.6
ksoftirqd/17 94.7
ksoftirqd/17 96.3
ksoftirqd/17 96.4
ksoftirqd/17 96.4
ksoftirqd/17 96.5
ksoftirqd/17 96.5
ksoftirqd/17 98.1
ksoftirqd/17 98.1
ksoftirqd/17 98.1
ksoftirqd/17 98.1
ksoftirqd/17 98.1
ksoftirqd/17 98.1
ksoftirqd/17 98.1
ksoftirqd/17 98.1
ksoftirqd/17 98.1
ksoftirqd/17 98.1
ksoftirqd/17 98.1
ksoftirqd/17 98.1
ksoftirqd/17 98.1
ksoftirqd/17 98.1
ksoftirqd/17 98.1
ksoftirqd/17 98.2
ksoftirqd/17 98.2
ksoftirqd/17 98.2
ksoftirqd/17 98.2
ksoftirqd/17 98.2
ksoftirqd/17 98.2
ksoftirqd/17 98.2
ksoftirqd/17 98.3
ksoftirqd/17 98.3
ksoftirqd/17 99.9
ksoftirqd/17 99.9
ksoftirqd/17 99.9
ksoftirqd/17 99.9
ksoftirqd/17 99.9
ksoftirqd/17 99.9
ksoftirqd/17 99.9
ksoftirqd/17 99.9
ksoftirqd/17 99.9
ksoftirqd/17 99.9
ksoftirqd/17 99.9
ksoftirqd/17 99.9
ksoftirqd/17 99.9
ksoftirqd/17 99.9
ksoftirqd/17 99.9
ksoftirqd/17 99.9
ksoftirqd/17 99.9
ksoftirqd/17 99.9
ksoftirqd/17 99.9
ksoftirqd/17 99.9
ksoftirqd/17 99.9
ksoftirqd/17 99.9
ksoftirqd/17 99.9
ksoftirqd/17 99.9
ksoftirqd/17 99.9
ksoftirqd/17 99.9
ksoftirqd/17 99.9
ksoftirqd/17 99.9
ksoftirqd/17 99.9
ksoftirqd/17 99.9
ksoftirqd/17 99.9
ksoftirqd/17 99.9
ksoftirqd/17 99.9
ksoftirqd/17 99.9
ksoftirqd/17 99.9
ksoftirqd/17 99.9
ksoftirqd/17 99.9
ksoftirqd/17 99.9
ksoftirqd/17 99.9
ksoftirqd/17 99.9
ksoftirqd/17 99.9
ksoftirqd/17 99.9
ksoftirqd/17 99.9
ksoftirqd/17 99.9
ksoftirqd/17 99.9
ksoftirqd/17 99.9
ksoftirqd/17 99.9
ksoftirqd/17 99.9
ksoftirqd/17 99.9
ksoftirqd/17 99.9
ksoftirqd/17 99.9
ksoftirqd/17 99.9
ksoftirqd/17 99.9
ksoftirqd/17 99.9
ksoftirqd/17 99.9
ksoftirqd/17 99.9
ksoftirqd/17 99.9
ksoftirqd/17 99.9
ksoftirqd/17 99.9
ksoftirqd/17 99.9
ksoftirqd/17 99.9
ksoftirqd/17 99.9
ksoftirqd/17 99.9
ksoftirqd/17 99.9
ksoftirqd/17 99.9
ksoftirqd/17 99.9
ksoftirqd/17 99.9
ksoftirqd/17 99.9
ksoftirqd/17 99.9
ksoftirqd/17 99.9
ksoftirqd/17 99.9
ksoftirqd/17 99.9
ksoftirqd/17 99.9
ksoftirqd/17 99.9
ksoftirqd/17 99.9
ksoftirqd/17 99.9
ksoftirqd/17 99.9
ksoftirqd/17 99.9
ksoftirqd/17 99.9
ksoftirqd/17 99.9
ksoftirqd/17 99.9
ksoftirqd/17 99.9
ksoftirqd/17 99.9
ksoftirqd/17 99.9
ksoftirqd/17 99.9
ksoftirqd/17 99.9
ksoftirqd/17 99.9
ksoftirqd/17 99.9
ksoftirqd/17 99.9
ksoftirqd/17 99.9
ksoftirqd/17 99.9
ksoftirqd/17 99.9
ksoftirqd/17 99.9
ksoftirqd/17 99.9
ksoftirqd/17 99.9
ksoftirqd/17 99.9
ksoftirqd/17 99.9
ksoftirqd/17 99.9
ksoftirqd/17 99.9
ksoftirqd/17 99.9
ksoftirqd/17 99.9
ksoftirqd/17 99.9
ksoftirqd/17 99.9
ksoftirqd/17 99.9
ksoftirqd/17 99.9
ksoftirqd/17 99.9
ksoftirqd/17 99.9
ksoftirqd/17 99.9
ksoftirqd/17 99.9
ksoftirqd/17 99.9
ksoftirqd/17 99.9
ksoftirqd/17 99.9
ksoftirqd/17 99.9
ksoftirqd/17 99.9
ksoftirqd/17 99.9
ksoftirqd/17 99.9
ksoftirqd/17 99.9
ksoftirqd/17 99.9
ksoftirqd/17 99.9
ksoftirqd/17 99.9
ksoftirqd/17 99.9
ksoftirqd/1 9.4
ksoftirqd/1 96.3
ksoftirqd/1 98.1
ksoftirqd/1 98.1
ksoftirqd/1 98.1
ksoftirqd/1 98.1
ksoftirqd/1 98.1
ksoftirqd/1 98.1
ksoftirqd/1 98.1
ksoftirqd/1 98.1
ksoftirqd/1 99.9
ksoftirqd/1 99.9
ksoftirqd/1 99.9
ksoftirqd/1 99.9
ksoftirqd/1 99.9
ksoftirqd/1 99.9
ksoftirqd/1 99.9
ksoftirqd/1 99.9
ksoftirqd/1 99.9
ksoftirqd/1 99.9
ksoftirqd/1 99.9
ksoftirqd/1 99.9
ksoftirqd/1 99.9
ksoftirqd/1 99.9
ksoftirqd/1 99.9
ksoftirqd/1 99.9
ksoftirqd/1 99.9
ksoftirqd/1 99.9
ksoftirqd/1 99.9
ksoftirqd/1 99.9
ksoftirqd/1 99.9
ksoftirqd/1 99.9
ksoftirqd/1 99.9
ksoftirqd/1 99.9
ksoftirqd/1 99.9
ksoftirqd/1 99.9
ksoftirqd/1 99.9
ksoftirqd/1 99.9
ksoftirqd/1 99.9
ksoftirqd/1 99.9
ksoftirqd/1 99.9
ksoftirqd/1 99.9
ksoftirqd/1 99.9
ksoftirqd/1 99.9
ksoftirqd/1 99.9
ksoftirqd/1 99.9
ksoftirqd/1 99.9
ksoftirqd/1 99.9
ksoftirqd/1 99.9
ksoftirqd/1 99.9
ksoftirqd/1 99.9
ksoftirqd/2 0.0
ksoftirqd/2 11.3
ksoftirqd/22 0.0
ksoftirqd/2 30.5
ksoftirqd/2 48.2
ksoftirqd/2 5.6
ksoftirqd/2 56.4
ksoftirqd/2 57.9
ksoftirqd/2 68.4
ksoftirqd/2 71.4
ksoftirqd/2 73.7
ksoftirqd/2 76.8
ksoftirqd/2 77.2
ksoftirqd/2 78.9
ksoftirqd/2 85.7
ksoftirqd/2 91.4
ksoftirqd/2 92.7
ksoftirqd/2 94.6
ksoftirqd/3 0.0
ksoftirqd/3 0.0
ksoftirqd/3 13.5
ksoftirqd/3 13.5
ksoftirqd/3 1.9
ksoftirqd/4 0.0
ksoftirqd/4 1.9
ksoftirqd/4 1.9
ksoftirqd/4 21.8
ksoftirqd/4 29.6
ksoftirqd/4 36.7
ksoftirqd/4 37.0
ksoftirqd/4 46.3
ksoftirqd/4 46.3
ksoftirqd/4 53.4
ksoftirqd/4 70.4
ksoftirqd/4 75.9
ksoftirqd/4 92.6
ksoftirqd/4 99.9
ksoftirqd/5 0.0
ksoftirqd/5 0.0
ksoftirqd/5 0.0
ksoftirqd/5 0.0
ksoftirqd/5 16.7
ksoftirqd/5 16.7
ksoftirqd/5 16.7
ksoftirqd/5 1.8
ksoftirqd/5 1.8
ksoftirqd/5 1.9
ksoftirqd/5 1.9
ksoftirqd/5 26.4
ksoftirqd/5 29.6
ksoftirqd/5 3.5
ksoftirqd/5 35.3
ksoftirqd/5 38.9
ksoftirqd/5 51.9
ksoftirqd/5 5.4
ksoftirqd/5 54.7
ksoftirqd/5 67.9
ksoftirqd/5 71.7
ksoftirqd/5 7.3
ksoftirqd/5 7.8
ksoftirqd/5 84.9
ksoftirqd/5 85.2
ksoftirqd/5 88.7
ksoftirqd/5 88.7
ksoftirqd/5 88.9
ksoftirqd/5 90.6
ksoftirqd/5 90.6
ksoftirqd/5 90.6
ksoftirqd/5 90.7
ksoftirqd/5 92.6
ksoftirqd/5 94.3
ksoftirqd/5 96.2
ksoftirqd/5 96.2
ksoftirqd/5 96.2
ksoftirqd/5 96.2
ksoftirqd/5 96.2
ksoftirqd/5 98.1
ksoftirqd/5 98.1
ksoftirqd/5 98.1
ksoftirqd/5 98.1
ksoftirqd/5 98.1
ksoftirqd/5 98.1
ksoftirqd/5 98.1
ksoftirqd/5 98.1
ksoftirqd/5 98.1
ksoftirqd/5 98.1
ksoftirqd/5 98.1
ksoftirqd/5 98.1
ksoftirqd/5 98.1
ksoftirqd/5 98.1
ksoftirqd/5 98.2
ksoftirqd/5 98.2
ksoftirqd/5 98.2
ksoftirqd/5 98.2
ksoftirqd/5 98.2
ksoftirqd/5 99.9
ksoftirqd/5 99.9
ksoftirqd/5 99.9
ksoftirqd/5 99.9
ksoftirqd/5 99.9
ksoftirqd/5 99.9
ksoftirqd/5 99.9
ksoftirqd/5 99.9
ksoftirqd/5 99.9
ksoftirqd/5 99.9
ksoftirqd/5 99.9
ksoftirqd/5 99.9
ksoftirqd/5 99.9
ksoftirqd/5 99.9
ksoftirqd/5 99.9
ksoftirqd/5 99.9
ksoftirqd/5 99.9
ksoftirqd/5 99.9
ksoftirqd/5 99.9
ksoftirqd/5 99.9
ksoftirqd/5 99.9
ksoftirqd/5 99.9
ksoftirqd/5 99.9
ksoftirqd/5 99.9
ksoftirqd/5 99.9
ksoftirqd/5 99.9
ksoftirqd/5 99.9
ksoftirqd/5 99.9
ksoftirqd/5 99.9
ksoftirqd/5 99.9
ksoftirqd/5 99.9
ksoftirqd/5 99.9
ksoftirqd/5 99.9
ksoftirqd/5 99.9
ksoftirqd/5 99.9
ksoftirqd/5 99.9
ksoftirqd/5 99.9
ksoftirqd/5 99.9
ksoftirqd/5 99.9
ksoftirqd/5 99.9
ksoftirqd/5 99.9
ksoftirqd/5 99.9
ksoftirqd/5 99.9
ksoftirqd/5 99.9
ksoftirqd/5 99.9
ksoftirqd/5 99.9
ksoftirqd/5 99.9
ksoftirqd/5 99.9
ksoftirqd/5 99.9
ksoftirqd/5 99.9
ksoftirqd/5 99.9
ksoftirqd/5 99.9
ksoftirqd/5 99.9
ksoftirqd/5 99.9
ksoftirqd/5 99.9
ksoftirqd/5 99.9
ksoftirqd/5 99.9
ksoftirqd/5 99.9
ksoftirqd/5 99.9
ksoftirqd/5 99.9
ksoftirqd/5 99.9
ksoftirqd/5 99.9
ksoftirqd/5 99.9
ksoftirqd/5 99.9
ksoftirqd/5 99.9
ksoftirqd/5 99.9
ksoftirqd/5 99.9
ksoftirqd/5 99.9
ksoftirqd/5 99.9
ksoftirqd/5 99.9
ksoftirqd/5 99.9
ksoftirqd/5 99.9
ksoftirqd/5 99.9
ksoftirqd/5 99.9
ksoftirqd/5 99.9
ksoftirqd/5 99.9
ksoftirqd/5 99.9
ksoftirqd/5 99.9
ksoftirqd/5 99.9
ksoftirqd/5 99.9
ksoftirqd/5 99.9
ksoftirqd/5 99.9
ksoftirqd/5 99.9
ksoftirqd/5 99.9
ksoftirqd/5 99.9
ksoftirqd/5 99.9
ksoftirqd/5 99.9
ksoftirqd/5 99.9
ksoftirqd/5 99.9
ksoftirqd/5 99.9
ksoftirqd/5 99.9
ksoftirqd/5 99.9
ksoftirqd/5 99.9
ksoftirqd/5 99.9
ksoftirqd/5 99.9
ksoftirqd/5 99.9
ksoftirqd/5 99.9
ksoftirqd/5 99.9
ksoftirqd/5 99.9
ksoftirqd/5 99.9
ksoftirqd/5 99.9
ksoftirqd/5 99.9
ksoftirqd/5 99.9
ksoftirqd/5 99.9
ksoftirqd/5 99.9
ksoftirqd/5 99.9
ksoftirqd/5 99.9
ksoftirqd/5 99.9
ksoftirqd/5 99.9
ksoftirqd/5 99.9
ksoftirqd/5 99.9
ksoftirqd/5 99.9
ksoftirqd/5 99.9
ksoftirqd/5 99.9
ksoftirqd/5 99.9
ksoftirqd/5 99.9
ksoftirqd/5 99.9
ksoftirqd/5 99.9
ksoftirqd/5 99.9
ksoftirqd/5 99.9
ksoftirqd/5 99.9
ksoftirqd/5 99.9
ksoftirqd/5 99.9
ksoftirqd/7 0.0
ksoftirqd/7 1.9
