vhost-19451 50.0
vhost-19451 62.7
vhost-19451 78.4
vhost-19451 78.8
vhost-19451 80.8
vhost-19451 98.1
vhost-19451 98.1
vhost-19451 98.1
vhost-19451 98.1
vhost-19451 98.1
vhost-19451 98.1
vhost-19451 98.1
vhost-19451 98.1
vhost-19451 98.1
vhost-19451 98.1
vhost-19451 98.1
vhost-19451 98.1
vhost-19451 98.1
vhost-19451 98.1
vhost-19451 98.1
vhost-19451 98.1
vhost-19451 98.1
vhost-19451 98.1
vhost-19451 98.1
vhost-19451 98.1
vhost-19451 98.1
vhost-19451 98.1
vhost-19451 98.1
vhost-19451 98.1
vhost-19451 98.1
vhost-19451 98.1
vhost-19451 98.1
vhost-19451 98.1
vhost-19451 98.1
vhost-19451 98.1
vhost-19451 98.1
vhost-19451 98.1
vhost-19451 98.1
vhost-19451 98.1
vhost-19451 98.1
vhost-19451 98.1
vhost-19451 98.1
vhost-19451 98.1
vhost-19451 98.1
vhost-19451 98.1
vhost-19451 98.1
vhost-19451 98.1
vhost-19451 98.1
vhost-19451 98.1
vhost-19451 98.1
vhost-19451 98.1
vhost-19451 98.1
vhost-19451 98.1
vhost-19451 98.1
vhost-19451 98.1
vhost-19451 98.1
vhost-19451 98.1
vhost-19451 98.1
vhost-19451 98.1
vhost-19451 98.1
vhost-19451 98.1
vhost-19451 99.9
vhost-19451 99.9
vhost-19451 99.9
vhost-19451 99.9
vhost-19451 99.9
vhost-19451 99.9
vhost-19451 99.9
vhost-19451 99.9
vhost-19451 99.9
vhost-19451 99.9
vhost-19451 99.9
vhost-19451 99.9
vhost-19451 99.9
vhost-19451 99.9
vhost-19451 99.9
vhost-19451 99.9
vhost-19451 99.9
vhost-19451 99.9
vhost-19451 99.9
vhost-19451 99.9
vhost-19451 99.9
vhost-19451 99.9
vhost-19451 99.9
vhost-19451 99.9
vhost-19451 99.9
vhost-19451 99.9
vhost-19451 99.9
vhost-19451 99.9
vhost-19451 99.9
vhost-19451 99.9
vhost-19451 99.9
vhost-19451 99.9
vhost-19451 99.9
vhost-19451 99.9
vhost-19451 99.9
vhost-19451 99.9
vhost-19451 99.9
vhost-19451 99.9
vhost-19451 99.9
vhost-19451 99.9
vhost-19451 99.9
vhost-19451 99.9
vhost-19451 99.9
vhost-19451 99.9
vhost-19451 99.9
vhost-19451 99.9
vhost-19451 99.9
vhost-19451 99.9
vhost-19451 99.9
vhost-19451 99.9
vhost-19451 99.9
vhost-19451 99.9
vhost-19451 99.9
vhost-19451 99.9
vhost-19451 99.9
vhost-19451 99.9
vhost-19451 99.9
vhost-19451 99.9
vhost-19451 99.9
vhost-19451 99.9
vhost-19451 99.9
vhost-19451 99.9
vhost-19451 99.9
vhost-19451 99.9
vhost-19451 99.9
vhost-19451 99.9
vhost-19451 99.9
vhost-19451 99.9
vhost-19451 99.9
vhost-19451 99.9
vhost-19451 99.9
vhost-19451 99.9
vhost-19451 99.9
vhost-19451 99.9
vhost-19451 99.9
vhost-19451 99.9
vhost-19451 99.9
vhost-19451 99.9
vhost-19451 99.9
vhost-19451 99.9
vhost-19451 99.9
vhost-19451 99.9
vhost-19451 99.9
vhost-19451 99.9
vhost-19451 99.9
vhost-19451 99.9
vhost-19451 99.9
vhost-19451 99.9
vhost-19451 99.9
vhost-19451 99.9
vhost-19451 99.9
vhost-19451 99.9
vhost-19451 99.9
vhost-19451 99.9
vhost-19451 99.9
vhost-19451 99.9
vhost-19451 99.9
vhost-19451 99.9
vhost-19451 99.9
vhost-19451 99.9
vhost-19451 99.9
vhost-19451 99.9
vhost-19451 99.9
vhost-19451 99.9
vhost-19451 99.9
vhost-19451 99.9
vhost-19451 99.9
vhost-19451 99.9
vhost-19451 99.9
vhost-19451 99.9
vhost-19451 99.9
vhost-19451 99.9
vhost-19451 99.9
vhost-19451 99.9
vhost-19451 99.9
vhost-19451 99.9
vhost-19451 99.9
vhost-19451 99.9
vhost-19451 99.9
vhost-19451 99.9
vhost-19451 99.9
vhost-19451 99.9
vhost-19451 99.9
vhost-19451 99.9
vhost-19451 99.9
vhost-19451 99.9
vhost-19451 99.9
vhost-19451 99.9
vhost-19451 99.9
vhost-19451 99.9
vhost-19451 99.9
vhost-19451 99.9
vhost-19451 99.9
vhost-19451 99.9
vhost-19451 99.9
vhost-19451 99.9
vhost-19451 99.9
vhost-19451 99.9
vhost-19451 99.9
vhost-19451 99.9
vhost-19451 99.9
vhost-19451 99.9
vhost-19451 99.9
vhost-19451 99.9
vhost-19451 99.9
vhost-19451 99.9
vhost-19451 99.9
vhost-19451 99.9
vhost-19451 99.9
vhost-19451 99.9
vhost-19451 99.9
vhost-19451 99.9
vhost-19451 99.9
vhost-19451 99.9
vhost-19451 99.9
vhost-19451 99.9
vhost-19451 99.9
vhost-19451 99.9
vhost-19451 99.9
vhost-19451 99.9
vhost-19451 99.9
vhost-19451 99.9
vhost-19451 99.9
vhost-19451 99.9
vhost-19451 99.9
vhost-19451 99.9
vhost-19451 99.9
vhost-19451 99.9
vhost-19451 99.9
