vhost-18988 1.9
vhost-18988 3.8
vhost-18988 3.8
vhost-18988 3.8
vhost-18988 3.8
vhost-18988 3.8
vhost-18988 3.8
vhost-18988 3.8
vhost-18988 3.8
vhost-18988 3.9
vhost-18988 5.7
vhost-18988 5.8
vhost-18988 5.8
vhost-18988 5.8
vhost-18988 5.8
vhost-18988 5.8
vhost-18988 5.8
vhost-18988 5.8
vhost-18988 5.8
vhost-18988 5.8
vhost-18988 5.8
vhost-18988 5.8
vhost-18988 5.8
vhost-18988 5.8
vhost-18988 5.8
vhost-18988 5.8
vhost-18988 5.9
vhost-18988 5.9
vhost-18988 5.9
vhost-18988 7.5
vhost-18988 7.7
vhost-18988 7.7
