vhost-13985 1.9
vhost-13985 2.0
vhost-13985 3.8
vhost-13985 3.8
vhost-13985 3.8
vhost-13985 3.8
vhost-13985 3.8
vhost-13985 3.8
vhost-13985 3.8
vhost-13985 3.9
vhost-13985 5.7
vhost-13985 5.8
vhost-13985 5.8
vhost-13985 5.8
vhost-13985 5.8
vhost-13985 5.8
vhost-13985 5.8
vhost-13985 5.8
vhost-13985 5.8
vhost-13985 5.9
vhost-13985 5.9
vhost-13985 7.5
vhost-13985 7.7
vhost-13985 7.7
vhost-13985 7.7
vhost-13985 7.7
vhost-13985 7.7
vhost-13985 7.7
vhost-13985 7.7
vhost-13985 7.8
vhost-13985 7.8
vhost-13985 7.8
vhost-13985 7.8
vhost-13985 9.6
