vhost-13078 1.9
vhost-13078 3.8
vhost-13078 3.8
vhost-13078 3.8
vhost-13078 3.8
vhost-13078 3.9
vhost-13078 5.7
vhost-13078 5.7
vhost-13078 5.7
vhost-13078 5.8
vhost-13078 5.8
vhost-13078 5.8
vhost-13078 5.8
vhost-13078 5.8
vhost-13078 5.8
vhost-13078 5.8
vhost-13078 5.8
vhost-13078 5.8
vhost-13078 5.8
vhost-13078 5.8
vhost-13078 5.8
vhost-13078 5.8
vhost-13078 5.8
vhost-13078 5.8
vhost-13078 5.8
vhost-13078 5.9
vhost-13078 5.9
vhost-13078 5.9
vhost-13078 5.9
vhost-13078 5.9
vhost-13078 7.5
vhost-13078 7.7
vhost-13078 7.7
vhost-13078 7.7
vhost-13078 7.7
vhost-13078 7.7
vhost-13078 7.8
vhost-13078 9.6
