vhost-13643 11.5
vhost-13643 1.9
vhost-13643 1.9
vhost-13643 3.8
vhost-13643 3.8
vhost-13643 3.8
vhost-13643 3.8
vhost-13643 3.8
vhost-13643 3.8
vhost-13643 3.8
vhost-13643 3.8
vhost-13643 3.8
vhost-13643 3.9
vhost-13643 3.9
vhost-13643 5.7
vhost-13643 5.8
vhost-13643 5.8
vhost-13643 5.8
vhost-13643 5.8
vhost-13643 5.8
vhost-13643 5.8
vhost-13643 5.8
vhost-13643 5.8
vhost-13643 5.8
vhost-13643 5.8
vhost-13643 5.8
vhost-13643 5.8
vhost-13643 5.8
vhost-13643 5.8
vhost-13643 5.8
vhost-13643 7.7
vhost-13643 7.7
vhost-13643 7.8
