vhost-12459 0.0
vhost-12459 1.9
vhost-12459 1.9
vhost-12459 3.8
vhost-12459 3.8
vhost-12459 3.8
vhost-12459 3.8
vhost-12459 5.7
vhost-12459 5.8
vhost-12459 5.8
vhost-12459 5.8
vhost-12459 5.8
vhost-12459 5.8
vhost-12459 5.8
vhost-12459 5.8
vhost-12459 5.8
vhost-12459 5.8
vhost-12459 5.8
vhost-12459 5.8
vhost-12459 5.8
vhost-12459 5.8
vhost-12459 5.8
vhost-12459 5.8
vhost-12459 5.8
vhost-12459 5.8
vhost-12459 5.8
vhost-12459 5.8
vhost-12459 5.8
vhost-12459 5.8
vhost-12459 5.8
vhost-12459 5.9
vhost-12459 5.9
vhost-12459 5.9
vhost-12459 5.9
vhost-12459 7.7
vhost-12459 7.7
vhost-12459 7.7
vhost-12459 7.7
vhost-12459 7.7
vhost-12459 7.7
vhost-12459 7.7
vhost-12459 9.6
