vhost-15940 1.9
vhost-15940 1.9
vhost-15940 3.8
vhost-15940 3.8
vhost-15940 3.8
vhost-15940 3.8
vhost-15940 3.8
vhost-15940 3.9
vhost-15940 5.7
vhost-15940 5.8
vhost-15940 5.8
vhost-15940 5.8
vhost-15940 5.8
vhost-15940 5.8
vhost-15940 5.8
vhost-15940 5.8
vhost-15940 5.8
vhost-15940 5.9
vhost-15940 5.9
vhost-15940 5.9
vhost-15940 5.9
vhost-15940 7.5
vhost-15940 7.7
vhost-15940 7.7
vhost-15940 7.7
vhost-15940 7.7
vhost-15940 7.7
vhost-15940 7.7
vhost-15940 7.7
vhost-15940 7.8
vhost-15940 9.6
vhost-15940 9.6
