vhost-13362 1.9
vhost-13362 2.0
vhost-13362 3.8
vhost-13362 3.8
vhost-13362 3.8
vhost-13362 3.8
vhost-13362 3.8
vhost-13362 3.9
vhost-13362 5.7
vhost-13362 5.8
vhost-13362 5.8
vhost-13362 5.8
vhost-13362 5.8
vhost-13362 5.8
vhost-13362 5.8
vhost-13362 5.8
vhost-13362 5.8
vhost-13362 5.8
vhost-13362 5.8
vhost-13362 5.8
vhost-13362 5.8
vhost-13362 5.8
vhost-13362 5.9
vhost-13362 7.7
vhost-13362 7.7
vhost-13362 7.7
vhost-13362 7.7
vhost-13362 7.7
vhost-13362 7.7
vhost-13362 7.7
vhost-13362 7.7
vhost-13362 7.7
vhost-13362 7.7
vhost-13362 7.7
vhost-13362 7.8
vhost-13362 7.8
