vhost-15646 1.9
vhost-15646 1.9
vhost-15646 3.8
vhost-15646 3.8
vhost-15646 3.8
vhost-15646 3.8
vhost-15646 3.8
vhost-15646 3.8
vhost-15646 3.8
vhost-15646 3.8
vhost-15646 3.8
vhost-15646 3.8
vhost-15646 3.8
vhost-15646 3.8
vhost-15646 3.9
vhost-15646 3.9
vhost-15646 3.9
vhost-15646 5.7
vhost-15646 5.8
vhost-15646 5.8
vhost-15646 5.8
vhost-15646 5.8
vhost-15646 5.8
vhost-15646 5.8
vhost-15646 5.8
vhost-15646 5.8
vhost-15646 5.8
vhost-15646 5.8
vhost-15646 5.8
vhost-15646 5.8
vhost-15646 5.8
vhost-15646 5.8
vhost-15646 5.8
vhost-15646 5.8
vhost-15646 5.8
vhost-15646 5.8
vhost-15646 5.9
vhost-15646 5.9
vhost-15646 5.9
vhost-15646 7.7
vhost-15646 7.7
vhost-15646 7.7
vhost-15646 7.7
vhost-15646 7.7
vhost-15646 7.7
vhost-15646 7.7
vhost-15646 7.7
vhost-15646 9.6
vhost-15646 9.6
