vhost-12184 1.9
vhost-12184 3.8
vhost-12184 3.8
vhost-12184 3.8
vhost-12184 3.8
vhost-12184 3.8
vhost-12184 3.8
vhost-12184 3.9
vhost-12184 3.9
vhost-12184 3.9
vhost-12184 5.7
vhost-12184 5.8
vhost-12184 5.8
vhost-12184 5.8
vhost-12184 5.8
vhost-12184 5.8
vhost-12184 5.8
vhost-12184 5.8
vhost-12184 5.8
vhost-12184 5.8
vhost-12184 5.8
vhost-12184 5.8
vhost-12184 5.8
vhost-12184 5.8
vhost-12184 5.8
vhost-12184 5.8
vhost-12184 5.8
vhost-12184 5.9
vhost-12184 5.9
vhost-12184 5.9
vhost-12184 5.9
vhost-12184 5.9
vhost-12184 7.7
vhost-12184 7.7
