vhost-11946 1.9
vhost-11946 1.9
vhost-11946 3.8
vhost-11946 3.8
vhost-11946 3.8
vhost-11946 3.8
vhost-11946 3.8
vhost-11946 3.8
vhost-11946 5.8
vhost-11946 5.8
vhost-11946 5.8
vhost-11946 5.8
vhost-11946 5.8
vhost-11946 5.8
vhost-11946 5.8
vhost-11946 5.8
vhost-11946 5.8
vhost-11946 5.8
vhost-11946 5.8
vhost-11946 5.8
vhost-11946 5.9
vhost-11946 5.9
vhost-11946 5.9
vhost-11946 5.9
vhost-11946 7.7
vhost-11946 7.7
vhost-11946 7.7
vhost-11946 7.7
vhost-11946 7.7
vhost-11946 7.7
vhost-11946 7.7
vhost-11946 7.7
vhost-11946 7.7
vhost-11946 7.7
vhost-11946 7.8
vhost-11946 7.8
vhost-11946 9.6
vhost-11946 9.6
