              total        used        free      shared  buff/cache   available
Mem:          48114        7750       33647        2363        6716       37129
Swap:         24191           0       24191
Total:        72306        7750       57839

              total        used        free      shared  buff/cache   available
Mem:          48114        7751       33646        2363        6716       37129
Swap:         24191           0       24191
Total:        72306        7751       57838

              total        used        free      shared  buff/cache   available
Mem:          48114        7749       33648        2363        6716       37131
Swap:         24191           0       24191
Total:        72306        7749       57840

              total        used        free      shared  buff/cache   available
Mem:          48114        7745       33652        2363        6716       37135
Swap:         24191           0       24191
Total:        72306        7745       57844

              total        used        free      shared  buff/cache   available
Mem:          48114        7743       33653        2363        6716       37136
Swap:         24191           0       24191
Total:        72306        7743       57845

              total        used        free      shared  buff/cache   available
Mem:          48114        7739       33657        2363        6716       37140
Swap:         24191           0       24191
Total:        72306        7739       57849

              total        used        free      shared  buff/cache   available
Mem:          48114        7735       33662        2363        6717       37145
Swap:         24191           0       24191
Total:        72306        7735       57854

              total        used        free      shared  buff/cache   available
Mem:          48114        7735       33661        2363        6717       37145
Swap:         24191           0       24191
Total:        72306        7735       57853

              total        used        free      shared  buff/cache   available
Mem:          48114        7734       33662        2363        6717       37145
Swap:         24191           0       24191
Total:        72306        7734       57854

              total        used        free      shared  buff/cache   available
Mem:          48114        7734       33662        2363        6717       37145
Swap:         24191           0       24191
Total:        72306        7735       57853

              total        used        free      shared  buff/cache   available
Mem:          48114        7734       33662        2363        6717       37145
Swap:         24191           0       24191
Total:        72306        7734       57854

              total        used        free      shared  buff/cache   available
Mem:          48114        7734       33662        2363        6717       37145
Swap:         24191           0       24191
Total:        72306        7734       57853

              total        used        free      shared  buff/cache   available
Mem:          48114        7757       33639        2363        6717       37123
Swap:         24191           0       24191
Total:        72306        7757       57831

              total        used        free      shared  buff/cache   available
Mem:          48114        7761       33634        2363        6717       37118
Swap:         24191           0       24191
Total:        72306        7761       57826

              total        used        free      shared  buff/cache   available
Mem:          48114        7763       33633        2363        6717       37117
Swap:         24191           0       24191
Total:        72306        7763       57825

              total        used        free      shared  buff/cache   available
Mem:          48114        7770       33625        2363        6717       37109
Swap:         24191           0       24191
Total:        72306        7770       57817

              total        used        free      shared  buff/cache   available
Mem:          48114        7772       33623        2363        6718       37107
Swap:         24191           0       24191
Total:        72306        7772       57815

              total        used        free      shared  buff/cache   available
Mem:          48114        7763       33632        2363        6718       37116
Swap:         24191           0       24191
Total:        72306        7763       57824

              total        used        free      shared  buff/cache   available
Mem:          48114        7762       33633        2363        6718       37117
Swap:         24191           0       24191
Total:        72306        7762       57825

              total        used        free      shared  buff/cache   available
Mem:          48114        7762       33633        2363        6718       37118
Swap:         24191           0       24191
Total:        72306        7762       57825

              total        used        free      shared  buff/cache   available
Mem:          48114        7762       33633        2363        6718       37118
Swap:         24191           0       24191
Total:        72306        7762       57825

              total        used        free      shared  buff/cache   available
Mem:          48114        7765       33630        2363        6718       37114
Swap:         24191           0       24191
Total:        72306        7765       57822

              total        used        free      shared  buff/cache   available
Mem:          48114        7764       33630        2363        6718       37115
Swap:         24191           0       24191
Total:        72306        7765       57822

              total        used        free      shared  buff/cache   available
Mem:          48114        7766       33629        2363        6718       37114
Swap:         24191           0       24191
Total:        72306        7766       57821

              total        used        free      shared  buff/cache   available
Mem:          48114        7765       33629        2363        6718       37114
Swap:         24191           0       24191
Total:        72306        7765       57821

              total        used        free      shared  buff/cache   available
Mem:          48114        7765       33629        2363        6718       37114
Swap:         24191           0       24191
Total:        72306        7765       57821

              total        used        free      shared  buff/cache   available
Mem:          48114        7767       33628        2363        6719       37113
Swap:         24191           0       24191
Total:        72306        7767       57819

              total        used        free      shared  buff/cache   available
Mem:          48114        7765       33630        2363        6719       37115
Swap:         24191           0       24191
Total:        72306        7765       57822

              total        used        free      shared  buff/cache   available
Mem:          48114        7764       33631        2363        6719       37116
Swap:         24191           0       24191
Total:        72306        7764       57822

              total        used        free      shared  buff/cache   available
Mem:          48114        7764       33630        2363        6719       37115
Swap:         24191           0       24191
Total:        72306        7764       57822

              total        used        free      shared  buff/cache   available
Mem:          48114        7765       33629        2363        6719       37114
Swap:         24191           0       24191
Total:        72306        7765       57821

              total        used        free      shared  buff/cache   available
Mem:          48114        7765       33629        2363        6719       37114
Swap:         24191           0       24191
Total:        72306        7765       57821

              total        used        free      shared  buff/cache   available
Mem:          48114        7763       33631        2363        6719       37116
Swap:         24191           0       24191
Total:        72306        7763       57822

              total        used        free      shared  buff/cache   available
Mem:          48114        7762       33632        2363        6719       37117
Swap:         24191           0       24191
Total:        72306        7762       57824

              total        used        free      shared  buff/cache   available
Mem:          48114        7763       33631        2363        6719       37117
Swap:         24191           0       24191
Total:        72306        7763       57823

              total        used        free      shared  buff/cache   available
Mem:          48114        7766       33627        2363        6719       37113
Swap:         24191           0       24191
Total:        72306        7767       57819

              total        used        free      shared  buff/cache   available
Mem:          48114        7766       33628        2363        6719       37113
Swap:         24191           0       24191
Total:        72306        7766       57820

              total        used        free      shared  buff/cache   available
Mem:          48114        7767       33626        2363        6719       37112
Swap:         24191           0       24191
Total:        72306        7767       57818

              total        used        free      shared  buff/cache   available
Mem:          48114        7768       33625        2363        6720       37111
Swap:         24191           0       24191
Total:        72306        7768       57817

              total        used        free      shared  buff/cache   available
Mem:          48114        7771       33622        2363        6720       37108
Swap:         24191           0       24191
Total:        72306        7771       57814

              total        used        free      shared  buff/cache   available
Mem:          48114        7769       33624        2363        6720       37110
Swap:         24191           0       24191
Total:        72306        7769       57816

              total        used        free      shared  buff/cache   available
Mem:          48114        7768       33625        2363        6720       37111
Swap:         24191           0       24191
Total:        72306        7769       57816

              total        used        free      shared  buff/cache   available
Mem:          48114        7770       33623        2363        6720       37109
Swap:         24191           0       24191
Total:        72306        7770       57815

              total        used        free      shared  buff/cache   available
Mem:          48114        7771       33622        2363        6720       37108
Swap:         24191           0       24191
Total:        72306        7771       57814

              total        used        free      shared  buff/cache   available
Mem:          48114        7769       33624        2363        6720       37110
Swap:         24191           0       24191
Total:        72306        7769       57816

              total        used        free      shared  buff/cache   available
Mem:          48114        7768       33625        2363        6720       37111
Swap:         24191           0       24191
Total:        72306        7768       57816

              total        used        free      shared  buff/cache   available
Mem:          48114        7769       33624        2363        6720       37111
Swap:         24191           0       24191
Total:        72306        7769       57816

              total        used        free      shared  buff/cache   available
Mem:          48114        7770       33623        2363        6720       37110
Swap:         24191           0       24191
Total:        72306        7770       57815

              total        used        free      shared  buff/cache   available
Mem:          48114        7769       33624        2363        6720       37111
Swap:         24191           0       24191
Total:        72306        7769       57816

              total        used        free      shared  buff/cache   available
Mem:          48114        7770       33622        2363        6720       37109
Swap:         24191           0       24191
Total:        72306        7770       57814

              total        used        free      shared  buff/cache   available
Mem:          48114        7769       33623        2363        6721       37110
Swap:         24191           0       24191
Total:        72306        7769       57815

              total        used        free      shared  buff/cache   available
Mem:          48114        7768       33624        2363        6721       37111
Swap:         24191           0       24191
Total:        72306        7768       57816

              total        used        free      shared  buff/cache   available
Mem:          48114        7767       33625        2363        6721       37113
Swap:         24191           0       24191
Total:        72306        7767       57817

              total        used        free      shared  buff/cache   available
Mem:          48114        7766       33626        2363        6721       37113
Swap:         24191           0       24191
Total:        72306        7766       57818

              total        used        free      shared  buff/cache   available
Mem:          48114        7767       33625        2363        6721       37112
Swap:         24191           0       24191
Total:        72306        7767       57816

              total        used        free      shared  buff/cache   available
Mem:          48114        7768       33624        2363        6721       37111
Swap:         24191           0       24191
Total:        72306        7768       57816

              total        used        free      shared  buff/cache   available
Mem:          48114        7768       33624        2363        6721       37112
Swap:         24191           0       24191
Total:        72306        7768       57816

              total        used        free      shared  buff/cache   available
Mem:          48114        7771       33621        2363        6721       37108
Swap:         24191           0       24191
Total:        72306        7771       57812

              total        used        free      shared  buff/cache   available
Mem:          48114        7768       33623        2363        6721       37111
Swap:         24191           0       24191
Total:        72306        7768       57815

              total        used        free      shared  buff/cache   available
Mem:          48114        7769       33623        2363        6721       37111
Swap:         24191           0       24191
Total:        72306        7769       57815

              total        used        free      shared  buff/cache   available
Mem:          48114        7766       33625        2363        6722       37113
Swap:         24191           0       24191
Total:        72306        7766       57817

              total        used        free      shared  buff/cache   available
Mem:          48114        7767       33624        2363        6722       37112
Swap:         24191           0       24191
Total:        72306        7767       57816

              total        used        free      shared  buff/cache   available
Mem:          48114        7768       33623        2363        6722       37111
Swap:         24191           0       24191
Total:        72306        7768       57815

              total        used        free      shared  buff/cache   available
Mem:          48114        7767       33624        2363        6722       37112
Swap:         24191           0       24191
Total:        72306        7767       57816

              total        used        free      shared  buff/cache   available
Mem:          48114        7767       33624        2363        6722       37113
Swap:         24191           0       24191
Total:        72306        7767       57816

              total        used        free      shared  buff/cache   available
Mem:          48114        7771       33620        2363        6722       37109
Swap:         24191           0       24191
Total:        72306        7771       57812

              total        used        free      shared  buff/cache   available
Mem:          48114        7769       33621        2363        6722       37110
Swap:         24191           0       24191
Total:        72306        7769       57813

              total        used        free      shared  buff/cache   available
Mem:          48114        7777       33613        2363        6722       37102
Swap:         24191           0       24191
Total:        72306        7777       57805

              total        used        free      shared  buff/cache   available
Mem:          48114        7778       33612        2363        6722       37101
Swap:         24191           0       24191
Total:        72306        7778       57804

              total        used        free      shared  buff/cache   available
Mem:          48114        7778       33613        2363        6722       37102
Swap:         24191           0       24191
Total:        72306        7778       57805

              total        used        free      shared  buff/cache   available
Mem:          48114        7779       33612        2363        6723       37101
Swap:         24191           0       24191
Total:        72306        7779       57804

              total        used        free      shared  buff/cache   available
Mem:          48114        7779       33611        2363        6723       37100
Swap:         24191           0       24191
Total:        72306        7779       57803

              total        used        free      shared  buff/cache   available
Mem:          48114        7779       33611        2363        6723       37100
Swap:         24191           0       24191
Total:        72306        7779       57803

              total        used        free      shared  buff/cache   available
Mem:          48114        7779       33611        2363        6723       37100
Swap:         24191           0       24191
Total:        72306        7779       57803

              total        used        free      shared  buff/cache   available
Mem:          48114        7777       33613        2363        6723       37102
Swap:         24191           0       24191
Total:        72306        7777       57805

              total        used        free      shared  buff/cache   available
Mem:          48114        7777       33613        2363        6723       37103
Swap:         24191           0       24191
Total:        72306        7777       57805

              total        used        free      shared  buff/cache   available
Mem:          48114        7773       33617        2363        6723       37107
Swap:         24191           0       24191
Total:        72306        7773       57809

              total        used        free      shared  buff/cache   available
Mem:          48114        7769       33620        2363        6724       37110
Swap:         24191           0       24191
Total:        72306        7769       57812

              total        used        free      shared  buff/cache   available
Mem:          48114        7765       33624        2363        6724       37114
Swap:         24191           0       24191
Total:        72306        7765       57816

              total        used        free      shared  buff/cache   available
Mem:          48114        7761       33628        2363        6724       37118
Swap:         24191           0       24191
Total:        72306        7761       57820

              total        used        free      shared  buff/cache   available
Mem:          48114        7762       33627        2363        6724       37117
Swap:         24191           0       24191
Total:        72306        7762       57819

              total        used        free      shared  buff/cache   available
Mem:          48114        7764       33625        2363        6724       37116
Swap:         24191           0       24191
Total:        72306        7764       57817

              total        used        free      shared  buff/cache   available
Mem:          48114        7763       33626        2363        6724       37116
Swap:         24191           0       24191
Total:        72306        7763       57817

              total        used        free      shared  buff/cache   available
Mem:          48114        7763       33626        2363        6724       37116
Swap:         24191           0       24191
Total:        72306        7763       57818

              total        used        free      shared  buff/cache   available
Mem:          48114        7762       33627        2363        6724       37117
Swap:         24191           0       24191
Total:        72306        7762       57819

              total        used        free      shared  buff/cache   available
Mem:          48114        7762       33627        2363        6724       37117
Swap:         24191           0       24191
Total:        72306        7762       57819

              total        used        free      shared  buff/cache   available
Mem:          48114        7762       33626        2363        6724       37117
Swap:         24191           0       24191
Total:        72306        7763       57818

              total        used        free      shared  buff/cache   available
Mem:          48114        7762       33627        2363        6724       37117
Swap:         24191           0       24191
Total:        72306        7762       57819

              total        used        free      shared  buff/cache   available
Mem:          48114        7763       33626        2363        6724       37116
Swap:         24191           0       24191
Total:        72306        7763       57817

              total        used        free      shared  buff/cache   available
Mem:          48114        7763       33626        2363        6724       37116
Swap:         24191           0       24191
Total:        72306        7763       57817

              total        used        free      shared  buff/cache   available
Mem:          48114        7762       33626        2363        6724       37117
Swap:         24191           0       24191
Total:        72306        7762       57818

              total        used        free      shared  buff/cache   available
Mem:          48114        7760       33628        2363        6725       37119
Swap:         24191           0       24191
Total:        72306        7760       57820

              total        used        free      shared  buff/cache   available
Mem:          48114        7762       33626        2363        6725       37117
Swap:         24191           0       24191
Total:        72306        7762       57818

              total        used        free      shared  buff/cache   available
Mem:          48114        7764       33624        2363        6725       37115
Swap:         24191           0       24191
Total:        72306        7764       57816

              total        used        free      shared  buff/cache   available
Mem:          48114        7761       33627        2363        6725       37119
Swap:         24191           0       24191
Total:        72306        7761       57819

              total        used        free      shared  buff/cache   available
Mem:          48114        7763       33625        2363        6725       37116
Swap:         24191           0       24191
Total:        72306        7763       57817

              total        used        free      shared  buff/cache   available
Mem:          48114        7760       33628        2363        6725       37120
Swap:         24191           0       24191
Total:        72306        7760       57820

              total        used        free      shared  buff/cache   available
Mem:          48114        7763       33625        2363        6725       37117
Swap:         24191           0       24191
Total:        72306        7763       57817

              total        used        free      shared  buff/cache   available
Mem:          48114        7760       33628        2363        6725       37119
Swap:         24191           0       24191
Total:        72306        7760       57820

              total        used        free      shared  buff/cache   available
Mem:          48114        7764       33624        2363        6725       37115
Swap:         24191           0       24191
Total:        72306        7764       57815

              total        used        free      shared  buff/cache   available
Mem:          48114        7765       33623        2363        6725       37115
Swap:         24191           0       24191
Total:        72306        7765       57815

              total        used        free      shared  buff/cache   available
Mem:          48114        7765       33622        2363        6725       37114
Swap:         24191           0       24191
Total:        72306        7765       57814

              total        used        free      shared  buff/cache   available
Mem:          48114        7763       33624        2363        6725       37116
Swap:         24191           0       24191
Total:        72306        7763       57816

              total        used        free      shared  buff/cache   available
Mem:          48114        7763       33624        2363        6725       37116
Swap:         24191           0       24191
Total:        72306        7763       57816

              total        used        free      shared  buff/cache   available
Mem:          48114        7763       33624        2363        6725       37116
Swap:         24191           0       24191
Total:        72306        7763       57816

              total        used        free      shared  buff/cache   available
Mem:          48114        7765       33622        2363        6726       37114
Swap:         24191           0       24191
Total:        72306        7766       57814

              total        used        free      shared  buff/cache   available
Mem:          48114        7766       33621        2363        6726       37113
Swap:         24191           0       24191
Total:        72306        7766       57813

              total        used        free      shared  buff/cache   available
Mem:          48114        7766       33621        2363        6726       37113
Swap:         24191           0       24191
Total:        72306        7766       57813

              total        used        free      shared  buff/cache   available
Mem:          48114        7765       33622        2363        6726       37114
Swap:         24191           0       24191
Total:        72306        7765       57814

              total        used        free      shared  buff/cache   available
Mem:          48114        7764       33623        2363        6726       37115
Swap:         24191           0       24191
Total:        72306        7764       57815

              total        used        free      shared  buff/cache   available
Mem:          48114        7765       33622        2363        6726       37114
Swap:         24191           0       24191
Total:        72306        7765       57814

              total        used        free      shared  buff/cache   available
Mem:          48114        7766       33620        2363        6726       37113
Swap:         24191           0       24191
Total:        72306        7766       57812

              total        used        free      shared  buff/cache   available
Mem:          48114        7766       33621        2363        6726       37113
Swap:         24191           0       24191
Total:        72306        7766       57813

              total        used        free      shared  buff/cache   available
Mem:          48114        7766       33620        2363        6726       37113
Swap:         24191           0       24191
Total:        72306        7767       57812

              total        used        free      shared  buff/cache   available
Mem:          48114        7766       33621        2363        6726       37114
Swap:         24191           0       24191
Total:        72306        7766       57813

              total        used        free      shared  buff/cache   available
Mem:          48114        7768       33619        2363        6726       37112
Swap:         24191           0       24191
Total:        72306        7768       57810

              total        used        free      shared  buff/cache   available
Mem:          48114        7768       33618        2363        6727       37111
Swap:         24191           0       24191
Total:        72306        7768       57810

              total        used        free      shared  buff/cache   available
Mem:          48114        7770       33616        2363        6727       37109
Swap:         24191           0       24191
Total:        72306        7770       57808

              total        used        free      shared  buff/cache   available
Mem:          48114        7768       33619        2363        6727       37112
Swap:         24191           0       24191
Total:        72306        7768       57810

              total        used        free      shared  buff/cache   available
Mem:          48114        7769       33617        2363        6727       37111
Swap:         24191           0       24191
Total:        72306        7769       57809

              total        used        free      shared  buff/cache   available
Mem:          48114        7767       33619        2363        6727       37112
Swap:         24191           0       24191
Total:        72306        7767       57811

              total        used        free      shared  buff/cache   available
Mem:          48114        7766       33619        2363        6727       37113
Swap:         24191           0       24191
Total:        72306        7767       57811

              total        used        free      shared  buff/cache   available
Mem:          48114        7768       33618        2363        6727       37112
Swap:         24191           0       24191
Total:        72306        7768       57810

              total        used        free      shared  buff/cache   available
Mem:          48114        7767       33619        2363        6727       37112
Swap:         24191           0       24191
Total:        72306        7767       57810

              total        used        free      shared  buff/cache   available
Mem:          48114        7766       33620        2363        6727       37114
Swap:         24191           0       24191
Total:        72306        7766       57812

              total        used        free      shared  buff/cache   available
Mem:          48114        7768       33617        2363        6727       37111
Swap:         24191           0       24191
Total:        72306        7768       57809

              total        used        free      shared  buff/cache   available
Mem:          48114        7767       33619        2363        6727       37112
Swap:         24191           0       24191
Total:        72306        7767       57810

              total        used        free      shared  buff/cache   available
Mem:          48114        7766       33619        2363        6727       37113
Swap:         24191           0       24191
Total:        72306        7766       57811

              total        used        free      shared  buff/cache   available
Mem:          48114        7767       33618        2363        6728       37112
Swap:         24191           0       24191
Total:        72306        7767       57810

              total        used        free      shared  buff/cache   available
Mem:          48114        7768       33617        2363        6728       37112
Swap:         24191           0       24191
Total:        72306        7768       57809

              total        used        free      shared  buff/cache   available
Mem:          48114        7768       33617        2363        6728       37112
Swap:         24191           0       24191
Total:        72306        7768       57809

              total        used        free      shared  buff/cache   available
Mem:          48114        7766       33619        2363        6728       37114
Swap:         24191           0       24191
Total:        72306        7766       57811

              total        used        free      shared  buff/cache   available
Mem:          48114        7767       33618        2363        6728       37113
Swap:         24191           0       24191
Total:        72306        7767       57810

              total        used        free      shared  buff/cache   available
Mem:          48114        7765       33620        2363        6728       37114
Swap:         24191           0       24191
Total:        72306        7765       57811

              total        used        free      shared  buff/cache   available
Mem:          48114        7765       33620        2363        6728       37114
Swap:         24191           0       24191
Total:        72306        7765       57811

              total        used        free      shared  buff/cache   available
Mem:          48114        7765       33619        2363        6728       37114
Swap:         24191           0       24191
Total:        72306        7765       57811

              total        used        free      shared  buff/cache   available
Mem:          48114        7764       33620        2363        6728       37115
Swap:         24191           0       24191
Total:        72306        7765       57812

              total        used        free      shared  buff/cache   available
Mem:          48114        7766       33618        2363        6728       37113
Swap:         24191           0       24191
Total:        72306        7766       57810

              total        used        free      shared  buff/cache   available
Mem:          48114        7775       33609        2363        6729       37104
Swap:         24191           0       24191
Total:        72306        7775       57801

              total        used        free      shared  buff/cache   available
Mem:          48114        7773       33610        2363        6729       37106
Swap:         24191           0       24191
Total:        72306        7774       57802

              total        used        free      shared  buff/cache   available
Mem:          48114        7775       33609        2363        6729       37104
Swap:         24191           0       24191
Total:        72306        7775       57801

              total        used        free      shared  buff/cache   available
Mem:          48114        7774       33610        2363        6729       37105
Swap:         24191           0       24191
Total:        72306        7774       57802

              total        used        free      shared  buff/cache   available
Mem:          48114        7772       33612        2363        6729       37108
Swap:         24191           0       24191
Total:        72306        7772       57804

              total        used        free      shared  buff/cache   available
Mem:          48114        7771       33613        2363        6729       37108
Swap:         24191           0       24191
Total:        72306        7771       57805

              total        used        free      shared  buff/cache   available
Mem:          48114        7773       33611        2363        6729       37106
Swap:         24191           0       24191
Total:        72306        7773       57803

              total        used        free      shared  buff/cache   available
Mem:          48114        7767       33616        2363        6729       37112
Swap:         24191           0       24191
Total:        72306        7767       57808

              total        used        free      shared  buff/cache   available
Mem:          48114        7769       33615        2363        6729       37110
Swap:         24191           0       24191
Total:        72306        7769       57807

              total        used        free      shared  buff/cache   available
Mem:          48114        7765       33618        2363        6730       37114
Swap:         24191           0       24191
Total:        72306        7765       57810

              total        used        free      shared  buff/cache   available
Mem:          48114        7764       33619        2363        6730       37115
Swap:         24191           0       24191
Total:        72306        7765       57811

              total        used        free      shared  buff/cache   available
Mem:          48114        7765       33618        2363        6730       37114
Swap:         24191           0       24191
Total:        72306        7765       57810

              total        used        free      shared  buff/cache   available
Mem:          48114        7765       33618        2363        6730       37114
Swap:         24191           0       24191
Total:        72306        7765       57810

              total        used        free      shared  buff/cache   available
Mem:          48114        7765       33618        2363        6730       37114
Swap:         24191           0       24191
Total:        72306        7765       57810

              total        used        free      shared  buff/cache   available
Mem:          48114        7766       33617        2363        6730       37114
Swap:         24191           0       24191
Total:        72306        7766       57809

              total        used        free      shared  buff/cache   available
Mem:          48114        7766       33617        2363        6730       37113
Swap:         24191           0       24191
Total:        72306        7766       57809

              total        used        free      shared  buff/cache   available
Mem:          48114        7765       33618        2363        6730       37114
Swap:         24191           0       24191
Total:        72306        7765       57810

              total        used        free      shared  buff/cache   available
Mem:          48114        7764       33619        2363        6730       37115
Swap:         24191           0       24191
Total:        72306        7764       57811

              total        used        free      shared  buff/cache   available
Mem:          48114        7763       33619        2363        6730       37116
Swap:         24191           0       24191
Total:        72306        7764       57811

              total        used        free      shared  buff/cache   available
Mem:          48114        7764       33618        2363        6730       37115
Swap:         24191           0       24191
Total:        72306        7764       57810

              total        used        free      shared  buff/cache   available
Mem:          48114        7766       33617        2363        6730       37113
Swap:         24191           0       24191
Total:        72306        7766       57809

              total        used        free      shared  buff/cache   available
Mem:          48114        7767       33616        2363        6730       37113
Swap:         24191           0       24191
Total:        72306        7767       57808

              total        used        free      shared  buff/cache   available
Mem:          48114        7765       33617        2363        6731       37114
Swap:         24191           0       24191
Total:        72306        7765       57809

              total        used        free      shared  buff/cache   available
Mem:          48114        7764       33618        2363        6731       37115
Swap:         24191           0       24191
Total:        72306        7764       57810

              total        used        free      shared  buff/cache   available
Mem:          48114        7766       33616        2363        6731       37113
Swap:         24191           0       24191
Total:        72306        7766       57808

              total        used        free      shared  buff/cache   available
Mem:          48114        7765       33617        2363        6731       37115
Swap:         24191           0       24191
Total:        72306        7765       57809

              total        used        free      shared  buff/cache   available
Mem:          48114        7763       33619        2363        6731       37116
Swap:         24191           0       24191
Total:        72306        7763       57811

              total        used        free      shared  buff/cache   available
Mem:          48114        7766       33616        2363        6731       37114
Swap:         24191           0       24191
Total:        72306        7766       57808

              total        used        free      shared  buff/cache   available
Mem:          48114        7767       33615        2363        6731       37112
Swap:         24191           0       24191
Total:        72306        7767       57807

              total        used        free      shared  buff/cache   available
Mem:          48114        7767       33615        2363        6731       37112
Swap:         24191           0       24191
Total:        72306        7767       57807

              total        used        free      shared  buff/cache   available
Mem:          48114        7767       33615        2363        6731       37112
Swap:         24191           0       24191
Total:        72306        7767       57807

              total        used        free      shared  buff/cache   available
Mem:          48114        7767       33614        2363        6731       37112
Swap:         24191           0       24191
Total:        72306        7767       57806

              total        used        free      shared  buff/cache   available
Mem:          48114        7768       33613        2363        6731       37111
Swap:         24191           0       24191
Total:        72306        7768       57805

              total        used        free      shared  buff/cache   available
Mem:          48114        7768       33613        2363        6731       37111
Swap:         24191           0       24191
Total:        72306        7768       57805

              total        used        free      shared  buff/cache   available
Mem:          48114        7767       33614        2363        6732       37112
Swap:         24191           0       24191
Total:        72306        7767       57806

              total        used        free      shared  buff/cache   available
Mem:          48114        7767       33614        2363        6732       37112
Swap:         24191           0       24191
Total:        72306        7767       57806

              total        used        free      shared  buff/cache   available
Mem:          48114        7767       33614        2363        6732       37112
Swap:         24191           0       24191
Total:        72306        7767       57806

              total        used        free      shared  buff/cache   available
Mem:          48114        7766       33615        2363        6732       37113
Swap:         24191           0       24191
Total:        72306        7766       57807

              total        used        free      shared  buff/cache   available
Mem:          48114        7765       33616        2363        6732       37114
Swap:         24191           0       24191
Total:        72306        7765       57808

              total        used        free      shared  buff/cache   available
Mem:          48114        7767       33613        2363        6732       37112
Swap:         24191           0       24191
Total:        72306        7767       57805

              total        used        free      shared  buff/cache   available
Mem:          48114        7765       33616        2363        6732       37114
Swap:         24191           0       24191
Total:        72306        7765       57807

              total        used        free      shared  buff/cache   available
Mem:          48114        7766       33615        2363        6732       37114
Swap:         24191           0       24191
Total:        72306        7766       57807

              total        used        free      shared  buff/cache   available
Mem:          48114        7765       33615        2363        6733       37114
Swap:         24191           0       24191
Total:        72306        7765       57807

              total        used        free      shared  buff/cache   available
Mem:          48114        7766       33614        2363        6733       37113
Swap:         24191           0       24191
Total:        72306        7766       57806

              total        used        free      shared  buff/cache   available
Mem:          48114        7766       33614        2363        6733       37113
Swap:         24191           0       24191
Total:        72306        7766       57806

              total        used        free      shared  buff/cache   available
Mem:          48114        7769       33611        2363        6733       37110
Swap:         24191           0       24191
Total:        72306        7769       57803

              total        used        free      shared  buff/cache   available
Mem:          48114        7767       33613        2363        6733       37112
Swap:         24191           0       24191
Total:        72306        7767       57805

              total        used        free      shared  buff/cache   available
Mem:          48114        7767       33613        2363        6733       37112
Swap:         24191           0       24191
Total:        72306        7767       57805

              total        used        free      shared  buff/cache   available
Mem:          48114        7769       33610        2363        6733       37110
Swap:         24191           0       24191
Total:        72306        7769       57802

              total        used        free      shared  buff/cache   available
Mem:          48114        7768       33612        2363        6733       37111
Swap:         24191           0       24191
Total:        72306        7768       57804

              total        used        free      shared  buff/cache   available
Mem:          48114        7769       33611        2363        6733       37110
Swap:         24191           0       24191
Total:        72306        7769       57803

              total        used        free      shared  buff/cache   available
Mem:          48114        7768       33611        2363        6733       37111
Swap:         24191           0       24191
Total:        72306        7768       57803

              total        used        free      shared  buff/cache   available
Mem:          48114        7768       33612        2363        6734       37111
Swap:         24191           0       24191
Total:        72306        7768       57804

              total        used        free      shared  buff/cache   available
Mem:          48114        7765       33614        2363        6734       37114
Swap:         24191           0       24191
Total:        72306        7765       57806

              total        used        free      shared  buff/cache   available
Mem:          48114        7765       33614        2363        6734       37114
Swap:         24191           0       24191
Total:        72306        7765       57806

              total        used        free      shared  buff/cache   available
Mem:          48114        7766       33613        2363        6734       37113
Swap:         24191           0       24191
Total:        72306        7766       57805

              total        used        free      shared  buff/cache   available
Mem:          48114        7767       33611        2363        6734       37112
Swap:         24191           0       24191
Total:        72306        7768       57803

              total        used        free      shared  buff/cache   available
Mem:          48114        7765       33614        2363        6734       37114
Swap:         24191           0       24191
Total:        72306        7765       57806

              total        used        free      shared  buff/cache   available
Mem:          48114        7766       33613        2363        6734       37113
Swap:         24191           0       24191
Total:        72306        7766       57805

              total        used        free      shared  buff/cache   available
Mem:          48114        7764       33614        2363        6734       37115
Swap:         24191           0       24191
Total:        72306        7765       57806

              total        used        free      shared  buff/cache   available
Mem:          48114        7765       33613        2363        6734       37114
Swap:         24191           0       24191
Total:        72306        7766       57805

              total        used        free      shared  buff/cache   available
Mem:          48114        7774       33604        2363        6735       37105
Swap:         24191           0       24191
Total:        72306        7774       57796

              total        used        free      shared  buff/cache   available
Mem:          48114        7769       33610        2363        6735       37110
Swap:         24191           0       24191
Total:        72306        7769       57802

              total        used        free      shared  buff/cache   available
Mem:          48114        7763       33615        2363        6735       37116
Swap:         24191           0       24191
Total:        72306        7763       57807

              total        used        free      shared  buff/cache   available
Mem:          48114        7764       33614        2363        6735       37115
Swap:         24191           0       24191
Total:        72306        7764       57806

              total        used        free      shared  buff/cache   available
Mem:          48114        7762       33616        2363        6735       37117
Swap:         24191           0       24191
Total:        72306        7762       57808

              total        used        free      shared  buff/cache   available
Mem:          48114        7762       33616        2363        6735       37117
Swap:         24191           0       24191
Total:        72306        7762       57808

              total        used        free      shared  buff/cache   available
Mem:          48114        7765       33613        2363        6735       37114
Swap:         24191           0       24191
Total:        72306        7766       57805

              total        used        free      shared  buff/cache   available
Mem:          48114        7763       33615        2363        6735       37116
Swap:         24191           0       24191
Total:        72306        7763       57807

              total        used        free      shared  buff/cache   available
Mem:          48114        7760       33618        2363        6735       37119
Swap:         24191           0       24191
Total:        72306        7760       57809

              total        used        free      shared  buff/cache   available
Mem:          48114        7763       33615        2363        6735       37116
Swap:         24191           0       24191
Total:        72306        7763       57807

              total        used        free      shared  buff/cache   available
Mem:          48114        7763       33615        2363        6735       37116
Swap:         24191           0       24191
Total:        72306        7763       57807

              total        used        free      shared  buff/cache   available
Mem:          48114        7763       33615        2363        6735       37116
Swap:         24191           0       24191
Total:        72306        7763       57807

              total        used        free      shared  buff/cache   available
Mem:          48114        7766       33612        2363        6735       37113
Swap:         24191           0       24191
Total:        72306        7766       57804

              total        used        free      shared  buff/cache   available
Mem:          48114        7769       33609        2363        6735       37110
Swap:         24191           0       24191
Total:        72306        7769       57801

              total        used        free      shared  buff/cache   available
Mem:          48114        7765       33613        2363        6735       37114
Swap:         24191           0       24191
Total:        72306        7765       57804

              total        used        free      shared  buff/cache   available
Mem:          48114        7766       33611        2363        6736       37113
Swap:         24191           0       24191
Total:        72306        7766       57803

              total        used        free      shared  buff/cache   available
Mem:          48114        7767       33611        2363        6736       37112
Swap:         24191           0       24191
Total:        72306        7767       57803

              total        used        free      shared  buff/cache   available
Mem:          48114        7767       33610        2363        6736       37112
Swap:         24191           0       24191
Total:        72306        7767       57802

              total        used        free      shared  buff/cache   available
Mem:          48114        7767       33610        2363        6736       37112
Swap:         24191           0       24191
Total:        72306        7767       57802

              total        used        free      shared  buff/cache   available
Mem:          48114        7768       33609        2363        6736       37112
Swap:         24191           0       24191
Total:        72306        7768       57801

              total        used        free      shared  buff/cache   available
Mem:          48114        7767       33610        2363        6736       37112
Swap:         24191           0       24191
Total:        72306        7767       57802

              total        used        free      shared  buff/cache   available
Mem:          48114        7766       33611        2363        6736       37113
Swap:         24191           0       24191
Total:        72306        7766       57802

              total        used        free      shared  buff/cache   available
Mem:          48114        7766       33611        2363        6736       37114
Swap:         24191           0       24191
Total:        72306        7766       57803

              total        used        free      shared  buff/cache   available
Mem:          48114        7767       33610        2363        6736       37112
Swap:         24191           0       24191
Total:        72306        7767       57802

              total        used        free      shared  buff/cache   available
Mem:          48114        7768       33609        2363        6736       37112
Swap:         24191           0       24191
Total:        72306        7768       57801

              total        used        free      shared  buff/cache   available
Mem:          48114        7765       33612        2363        6736       37114
Swap:         24191           0       24191
Total:        72306        7765       57803

              total        used        free      shared  buff/cache   available
Mem:          48114        7767       33609        2363        6736       37112
Swap:         24191           0       24191
Total:        72306        7767       57801

              total        used        free      shared  buff/cache   available
Mem:          48114        7770       33606        2363        6736       37109
Swap:         24191           0       24191
Total:        72306        7770       57798

              total        used        free      shared  buff/cache   available
Mem:          48114        7770       33606        2363        6736       37109
Swap:         24191           0       24191
Total:        72306        7771       57798

              total        used        free      shared  buff/cache   available
Mem:          48114        7769       33607        2363        6737       37110
Swap:         24191           0       24191
Total:        72306        7769       57799

              total        used        free      shared  buff/cache   available
Mem:          48114        7769       33607        2363        6737       37110
Swap:         24191           0       24191
Total:        72306        7769       57799

              total        used        free      shared  buff/cache   available
Mem:          48114        7768       33608        2363        6737       37111
Swap:         24191           0       24191
Total:        72306        7768       57800

              total        used        free      shared  buff/cache   available
Mem:          48114        7769       33607        2363        6737       37110
Swap:         24191           0       24191
Total:        72306        7769       57799

              total        used        free      shared  buff/cache   available
Mem:          48114        7768       33607        2363        6737       37111
Swap:         24191           0       24191
Total:        72306        7769       57799

              total        used        free      shared  buff/cache   available
Mem:          48114        7769       33607        2363        6737       37111
Swap:         24191           0       24191
Total:        72306        7769       57799

              total        used        free      shared  buff/cache   available
Mem:          48114        7768       33608        2363        6737       37111
Swap:         24191           0       24191
Total:        72306        7768       57799

              total        used        free      shared  buff/cache   available
Mem:          48114        7769       33607        2363        6737       37111
Swap:         24191           0       24191
Total:        72306        7769       57799

              total        used        free      shared  buff/cache   available
Mem:          48114        7767       33609        2363        6737       37112
Swap:         24191           0       24191
Total:        72306        7767       57801

              total        used        free      shared  buff/cache   available
Mem:          48114        7769       33607        2363        6737       37110
Swap:         24191           0       24191
Total:        72306        7769       57798

              total        used        free      shared  buff/cache   available
Mem:          48114        7768       33607        2363        6737       37111
Swap:         24191           0       24191
Total:        72306        7768       57799

              total        used        free      shared  buff/cache   available
Mem:          48114        7769       33607        2363        6737       37111
Swap:         24191           0       24191
Total:        72306        7769       57799

              total        used        free      shared  buff/cache   available
Mem:          48114        7768       33607        2363        6737       37111
Swap:         24191           0       24191
Total:        72306        7768       57799

              total        used        free      shared  buff/cache   available
Mem:          48114        7769       33606        2363        6738       37110
Swap:         24191           0       24191
Total:        72306        7770       57798

              total        used        free      shared  buff/cache   available
Mem:          48114        7767       33608        2363        6738       37112
Swap:         24191           0       24191
Total:        72306        7767       57800

              total        used        free      shared  buff/cache   available
Mem:          48114        7769       33606        2363        6738       37111
Swap:         24191           0       24191
Total:        72306        7769       57798

              total        used        free      shared  buff/cache   available
Mem:          48114        7768       33607        2363        6738       37112
Swap:         24191           0       24191
Total:        72306        7768       57799

              total        used        free      shared  buff/cache   available
Mem:          48114        7769       33606        2363        6738       37110
Swap:         24191           0       24191
Total:        72306        7769       57798

              total        used        free      shared  buff/cache   available
Mem:          48114        7768       33607        2363        6738       37111
Swap:         24191           0       24191
Total:        72306        7768       57799

              total        used        free      shared  buff/cache   available
Mem:          48114        7767       33608        2363        6738       37113
Swap:         24191           0       24191
Total:        72306        7767       57800

              total        used        free      shared  buff/cache   available
Mem:          48114        7770       33605        2363        6738       37110
Swap:         24191           0       24191
Total:        72306        7770       57797

              total        used        free      shared  buff/cache   available
Mem:          48114        7767       33608        2363        6738       37113
Swap:         24191           0       24191
Total:        72306        7767       57800

              total        used        free      shared  buff/cache   available
Mem:          48114        7766       33608        2363        6738       37113
Swap:         24191           0       24191
Total:        72306        7766       57800

              total        used        free      shared  buff/cache   available
Mem:          48114        7766       33609        2363        6738       37114
Swap:         24191           0       24191
Total:        72306        7766       57801

              total        used        free      shared  buff/cache   available
Mem:          48114        7767       33607        2363        6738       37112
Swap:         24191           0       24191
Total:        72306        7767       57799

              total        used        free      shared  buff/cache   available
Mem:          48114        7767       33607        2363        6739       37112
Swap:         24191           0       24191
Total:        72306        7767       57799

              total        used        free      shared  buff/cache   available
Mem:          48114        7766       33608        2363        6739       37113
Swap:         24191           0       24191
Total:        72306        7766       57800

              total        used        free      shared  buff/cache   available
Mem:          48114        7765       33609        2363        6739       37114
Swap:         24191           0       24191
Total:        72306        7766       57801

              total        used        free      shared  buff/cache   available
Mem:          48114        7767       33607        2363        6739       37112
Swap:         24191           0       24191
Total:        72306        7767       57799

              total        used        free      shared  buff/cache   available
Mem:          48114        7765       33609        2363        6739       37114
Swap:         24191           0       24191
Total:        72306        7765       57801

              total        used        free      shared  buff/cache   available
Mem:          48114        7767       33607        2363        6739       37113
Swap:         24191           0       24191
Total:        72306        7767       57799

              total        used        free      shared  buff/cache   available
Mem:          48114        7768       33606        2363        6739       37112
Swap:         24191           0       24191
Total:        72306        7768       57798

              total        used        free      shared  buff/cache   available
Mem:          48114        7766       33608        2363        6739       37114
Swap:         24191           0       24191
Total:        72306        7766       57800

              total        used        free      shared  buff/cache   available
Mem:          48114        7813       33560        2363        6740       37065
Swap:         24191           0       24191
Total:        72306        7813       57752

              total        used        free      shared  buff/cache   available
Mem:          48114        7780       33593        2363        6740       37098
Swap:         24191           0       24191
Total:        72306        7780       57784

              total        used        free      shared  buff/cache   available
Mem:          48114        7775       33598        2363        6740       37104
Swap:         24191           0       24191
Total:        72306        7775       57790

              total        used        free      shared  buff/cache   available
Mem:          48114        7772       33601        2363        6740       37107
Swap:         24191           0       24191
Total:        72306        7772       57793

              total        used        free      shared  buff/cache   available
Mem:          48114        7772       33601        2363        6740       37107
Swap:         24191           0       24191
Total:        72306        7772       57793

              total        used        free      shared  buff/cache   available
Mem:          48114        7776       33597        2363        6740       37103
Swap:         24191           0       24191
Total:        72306        7776       57789

              total        used        free      shared  buff/cache   available
Mem:          48114        7767       33606        2363        6740       37112
Swap:         24191           0       24191
Total:        72306        7767       57798

              total        used        free      shared  buff/cache   available
Mem:          48114        7767       33606        2363        6740       37112
Swap:         24191           0       24191
Total:        72306        7767       57798

              total        used        free      shared  buff/cache   available
Mem:          48114        7768       33605        2363        6740       37112
Swap:         24191           0       24191
Total:        72306        7768       57797

              total        used        free      shared  buff/cache   available
Mem:          48114        7768       33605        2363        6740       37112
Swap:         24191           0       24191
Total:        72306        7768       57797

              total        used        free      shared  buff/cache   available
Mem:          48114        7769       33604        2363        6740       37111
Swap:         24191           0       24191
Total:        72306        7769       57796

              total        used        free      shared  buff/cache   available
Mem:          48114        7768       33604        2363        6740       37111
Swap:         24191           0       24191
Total:        72306        7768       57796

              total        used        free      shared  buff/cache   available
Mem:          48114        7768       33604        2363        6740       37111
Swap:         24191           0       24191
Total:        72306        7768       57796

              total        used        free      shared  buff/cache   available
Mem:          48114        7768       33604        2363        6740       37111
Swap:         24191           0       24191
Total:        72306        7768       57796

              total        used        free      shared  buff/cache   available
Mem:          48114        7767       33605        2363        6741       37112
Swap:         24191           0       24191
Total:        72306        7767       57797

              total        used        free      shared  buff/cache   available
Mem:          48114        7768       33604        2363        6741       37111
Swap:         24191           0       24191
Total:        72306        7768       57796

              total        used        free      shared  buff/cache   available
Mem:          48114        7770       33602        2363        6741       37109
Swap:         24191           0       24191
Total:        72306        7770       57794

              total        used        free      shared  buff/cache   available
Mem:          48114        7767       33605        2363        6741       37112
Swap:         24191           0       24191
Total:        72306        7767       57797

              total        used        free      shared  buff/cache   available
Mem:          48114        7768       33604        2363        6741       37111
Swap:         24191           0       24191
Total:        72306        7768       57796

              total        used        free      shared  buff/cache   available
Mem:          48114        7766       33605        2363        6741       37113
Swap:         24191           0       24191
Total:        72306        7766       57797

              total        used        free      shared  buff/cache   available
Mem:          48114        7764       33608        2363        6741       37115
Swap:         24191           0       24191
Total:        72306        7764       57800

              total        used        free      shared  buff/cache   available
Mem:          48114        7766       33606        2363        6741       37113
Swap:         24191           0       24191
Total:        72306        7766       57797

              total        used        free      shared  buff/cache   available
Mem:          48114        7766       33606        2363        6741       37113
Swap:         24191           0       24191
Total:        72306        7766       57798

              total        used        free      shared  buff/cache   available
Mem:          48114        7768       33604        2363        6741       37111
Swap:         24191           0       24191
Total:        72306        7768       57796

              total        used        free      shared  buff/cache   available
Mem:          48114        7769       33602        2363        6741       37110
Swap:         24191           0       24191
Total:        72306        7769       57794

              total        used        free      shared  buff/cache   available
Mem:          48114        7771       33601        2363        6741       37109
Swap:         24191           0       24191
Total:        72306        7771       57793

              total        used        free      shared  buff/cache   available
Mem:          48114        7770       33601        2363        6742       37109
Swap:         24191           0       24191
Total:        72306        7770       57793

              total        used        free      shared  buff/cache   available
Mem:          48114        7770       33602        2363        6742       37110
Swap:         24191           0       24191
Total:        72306        7770       57793

              total        used        free      shared  buff/cache   available
Mem:          48114        7770       33601        2363        6742       37109
Swap:         24191           0       24191
Total:        72306        7770       57793

              total        used        free      shared  buff/cache   available
Mem:          48114        7771       33600        2363        6742       37108
Swap:         24191           0       24191
Total:        72306        7771       57792

              total        used        free      shared  buff/cache   available
Mem:          48114        7771       33600        2363        6742       37108
Swap:         24191           0       24191
Total:        72306        7771       57791

              total        used        free      shared  buff/cache   available
Mem:          48114        7771       33600        2363        6742       37108
Swap:         24191           0       24191
Total:        72306        7771       57792

              total        used        free      shared  buff/cache   available
Mem:          48114        7774       33597        2363        6742       37106
Swap:         24191           0       24191
Total:        72306        7774       57789

              total        used        free      shared  buff/cache   available
Mem:          48114        7773       33598        2363        6742       37106
Swap:         24191           0       24191
Total:        72306        7773       57790

              total        used        free      shared  buff/cache   available
Mem:          48114        7768       33602        2363        6742       37111
Swap:         24191           0       24191
Total:        72306        7769       57794

              total        used        free      shared  buff/cache   available
Mem:          48114        7769       33602        2363        6742       37110
Swap:         24191           0       24191
Total:        72306        7769       57794

              total        used        free      shared  buff/cache   available
Mem:          48114        7771       33600        2363        6742       37108
Swap:         24191           0       24191
Total:        72306        7771       57791

              total        used        free      shared  buff/cache   available
Mem:          48114        7769       33602        2363        6742       37111
Swap:         24191           0       24191
Total:        72306        7769       57794

              total        used        free      shared  buff/cache   available
Mem:          48114        7767       33603        2363        6743       37112
Swap:         24191           0       24191
Total:        72306        7767       57795

              total        used        free      shared  buff/cache   available
Mem:          48114        7767       33603        2363        6743       37113
Swap:         24191           0       24191
Total:        72306        7767       57795

              total        used        free      shared  buff/cache   available
Mem:          48114        7766       33604        2363        6743       37113
Swap:         24191           0       24191
Total:        72306        7766       57796

              total        used        free      shared  buff/cache   available
Mem:          48114        7767       33603        2363        6743       37112
Swap:         24191           0       24191
Total:        72306        7767       57795

              total        used        free      shared  buff/cache   available
Mem:          48114        7767       33603        2363        6743       37113
Swap:         24191           0       24191
Total:        72306        7767       57795

              total        used        free      shared  buff/cache   available
Mem:          48114        7766       33604        2363        6743       37113
Swap:         24191           0       24191
Total:        72306        7766       57795

              total        used        free      shared  buff/cache   available
Mem:          48114        7768       33602        2363        6743       37112
Swap:         24191           0       24191
Total:        72306        7768       57794

              total        used        free      shared  buff/cache   available
Mem:          48114        7766       33603        2363        6743       37113
Swap:         24191           0       24191
Total:        72306        7766       57795

              total        used        free      shared  buff/cache   available
Mem:          48114        7766       33604        2363        6743       37114
Swap:         24191           0       24191
Total:        72306        7766       57796

              total        used        free      shared  buff/cache   available
Mem:          48114        7765       33605        2363        6743       37115
Swap:         24191           0       24191
Total:        72306        7765       57797

              total        used        free      shared  buff/cache   available
Mem:          48114        7767       33602        2363        6743       37112
Swap:         24191           0       24191
Total:        72306        7768       57794

              total        used        free      shared  buff/cache   available
Mem:          48114        7767       33602        2363        6743       37112
Swap:         24191           0       24191
Total:        72306        7767       57794

              total        used        free      shared  buff/cache   available
Mem:          48114        7767       33602        2363        6743       37113
Swap:         24191           0       24191
Total:        72306        7767       57794

              total        used        free      shared  buff/cache   available
Mem:          48114        7766       33603        2363        6744       37113
Swap:         24191           0       24191
Total:        72306        7766       57795

              total        used        free      shared  buff/cache   available
Mem:          48114        7762       33607        2363        6744       37117
Swap:         24191           0       24191
Total:        72306        7762       57799

              total        used        free      shared  buff/cache   available
Mem:          48114        7761       33608        2363        6744       37118
Swap:         24191           0       24191
Total:        72306        7761       57800

              total        used        free      shared  buff/cache   available
Mem:          48114        7761       33608        2363        6744       37119
Swap:         24191           0       24191
Total:        72306        7761       57800

              total        used        free      shared  buff/cache   available
Mem:          48114        7759       33610        2363        6744       37120
Swap:         24191           0       24191
Total:        72306        7759       57802

              total        used        free      shared  buff/cache   available
Mem:          48114        7760       33609        2363        6744       37119
Swap:         24191           0       24191
Total:        72306        7760       57801

              total        used        free      shared  buff/cache   available
Mem:          48114        7759       33610        2363        6744       37121
Swap:         24191           0       24191
Total:        72306        7759       57802

              total        used        free      shared  buff/cache   available
Mem:          48114        7760       33609        2363        6744       37120
Swap:         24191           0       24191
Total:        72306        7760       57801

              total        used        free      shared  buff/cache   available
Mem:          48114        7758       33610        2363        6744       37121
Swap:         24191           0       24191
Total:        72306        7758       57802

              total        used        free      shared  buff/cache   available
Mem:          48114        7758       33611        2363        6744       37122
Swap:         24191           0       24191
Total:        72306        7758       57803

              total        used        free      shared  buff/cache   available
Mem:          48114        7758       33610        2363        6744       37121
Swap:         24191           0       24191
Total:        72306        7758       57802
