04:30:34 PM      eth0      9.00      8.00      0.82      2.25      0.00      0.00      0.00
04:30:35 PM      eth0      4.00      0.00      0.23      0.00      0.00      0.00      0.00
04:30:36 PM      eth0      5.00      0.00      0.81      0.00      0.00      0.00      0.00
04:30:37 PM      eth0      5.00      0.00      0.29      0.00      0.00      0.00      0.00
04:30:38 PM      eth0      5.00      0.00      0.29      0.00      0.00      0.00      0.00
04:30:39 PM      eth0      5.00      0.00      0.29      0.00      0.00      0.00      0.00
04:30:40 PM      eth0      5.00      0.00      0.29      0.00      0.00      0.00      0.00
04:30:41 PM      eth0     13.00     11.00      2.21      2.90      0.00      0.00      0.00
04:30:42 PM      eth0      8.00      0.00      0.47      0.00      0.00      0.00      0.00
04:30:43 PM      eth0      6.00      0.00      0.35      0.00      0.00      0.00      0.00
04:30:44 PM      eth0      6.00      0.00      0.35      0.00      0.00      0.00      0.00
04:30:45 PM      eth0 114220.00  34324.00  87696.85   3964.68      0.00      0.00      0.00
04:30:46 PM      eth0 175677.00  51292.00 135013.57   5900.56      0.00      0.00      0.00
04:30:47 PM      eth0 182466.00  52089.00 140230.84   5980.22      0.00      0.00      1.00
04:30:48 PM      eth0 181272.00  51551.00 139313.19   5919.98      0.00      0.00      0.00
04:30:49 PM      eth0 181458.00  51939.00 139452.90   5993.33      0.00      0.00      0.00
04:30:50 PM      eth0 180806.00  52538.00 138893.45   6066.92      0.00      0.00      0.00
04:30:51 PM      eth0 180069.00  52419.00 138385.09   6026.71      0.00      0.00      0.00
04:30:52 PM      eth0 182240.00  52285.00 140057.15   6006.24      0.00      0.00      0.00
04:30:53 PM      eth0 182378.00  53165.00 140163.21   6110.35      0.00      0.00      0.00
04:30:54 PM      eth0 182282.00  53999.00 140112.54   6220.28      0.00      0.00      0.00
04:30:55 PM      eth0 182265.00  53743.00 140075.71   6179.74      0.00      0.00      0.00
04:30:56 PM      eth0 182470.00  54010.00 140235.37   6210.21      0.00      0.00      0.00
04:30:57 PM      eth0 182520.00  54272.00 140272.85   6245.62      0.00      0.00      0.00
04:30:58 PM      eth0 182124.00  53332.00 139968.89   6132.37      0.00      0.00      0.00
04:30:59 PM      eth0 182260.00  54883.00 140213.98   6328.24      0.00      0.00      0.00
04:31:00 PM      eth0 183036.00  54973.00 140148.85   6597.81      0.00      0.00      0.00
04:31:01 PM      eth0 182541.00  54001.00 140137.13   6291.21      0.00      0.00      0.00
04:31:02 PM      eth0 182701.00  53017.00 140412.07   6094.07      0.00      0.00      0.00
04:31:03 PM      eth0 182472.00  53878.00 140236.87   6198.33      0.00      0.00      0.00
04:31:04 PM      eth0 182453.00  53883.00 140220.43   6199.11      0.00      0.00      0.00
04:31:05 PM      eth0 181856.00  52909.00 139762.02   6084.58      0.00      0.00      0.00
04:31:06 PM      eth0 182312.00  52714.00 140111.37   6059.81      0.00      0.00      0.00
04:31:07 PM      eth0 180521.00  52556.00 138736.71   6042.99      0.00      0.00      0.00
04:31:08 PM      eth0 180463.00  52881.00 138693.55   6084.16      0.00      0.00      0.00
04:31:09 PM      eth0 182239.00  53176.00 140086.45   6121.29      0.00      0.00      0.00
04:31:10 PM      eth0 180697.00  53300.00 138871.45   6135.35      0.00      0.00      0.00
04:31:11 PM      eth0 180343.00  52466.00 138593.83   6032.16      0.00      0.00      0.00
04:31:12 PM      eth0 180451.00  53206.00 138682.86   6118.96      0.00      0.00      0.00
04:31:13 PM      eth0 180840.00  52259.00 138981.26   6008.00      0.00      0.00      0.00
04:31:14 PM      eth0 180182.00  53106.00 138476.88   6107.86      0.00      0.00      0.00
04:31:15 PM      eth0 179967.00  53255.00 138309.85   6128.94      0.00      0.00      0.00
04:31:16 PM      eth0 180357.00  53196.00 138609.34   6119.67      0.00      0.00      0.00
04:31:17 PM      eth0 179890.00  52351.00 138251.26   6016.78      0.00      0.00      0.00
04:31:18 PM      eth0 180591.00  52764.00 138790.54   6070.12      0.00      0.00      0.00
04:31:19 PM      eth0 180486.00  52207.00 138709.20   6006.52      0.00      0.00      0.00
04:31:20 PM      eth0 180356.00  52505.00 138609.95   6036.05      0.00      0.00      0.00
04:31:21 PM      eth0 180296.00  52619.00 138558.88   6059.11      0.00      0.00      0.00
04:31:22 PM      eth0 179671.00  53082.00 138083.44   6108.18      0.00      0.00      0.00
04:31:23 PM      eth0 181264.00  53451.00 139308.49   6150.44      0.00      0.00      0.00
04:31:24 PM      eth0 180449.00  53045.00 138677.69   6135.71      0.00      0.00      0.00
04:31:25 PM      eth0 180737.00  53041.00 138832.51   6149.71      0.00      0.00      0.00
04:31:26 PM      eth0 179974.00  51850.00 138315.70   5954.66      0.00      0.00      0.00
04:31:27 PM      eth0 180451.00  52735.00 138684.23   6068.20      0.00      0.00      0.00
04:31:28 PM      eth0 180714.00  52584.00 138881.70   6046.33      0.00      0.00      0.00
04:31:29 PM      eth0 180080.00  52249.00 138395.12   6007.00      0.00      0.00      0.00
04:31:30 PM      eth0 180462.00  52615.00 138690.00   6049.90      0.00      0.00      0.00
04:31:31 PM      eth0 180570.00  52241.00 138769.52   6007.83      0.00      0.00      0.00
04:31:32 PM      eth0 180621.00  53084.00 138812.68   6112.27      0.00      0.00      0.00
04:31:33 PM      eth0 180923.00  52057.00 139042.96   5984.82      0.00      0.00      0.00
04:31:34 PM      eth0 180369.00  53068.00 138615.95   6112.50      0.00      0.00      0.00
04:31:35 PM      eth0 180661.00  53231.00 138842.98   6125.29      0.00      0.00      0.00
04:31:36 PM      eth0 180683.00  52889.00 138861.28   6084.41      0.00      0.00      0.00
04:31:37 PM      eth0 180465.00  52932.00 138692.31   6089.80      0.00      0.00      0.00
04:31:38 PM      eth0 180372.00  53363.00 138622.91   6146.03      0.00      0.00      0.00
04:31:39 PM      eth0 180317.00  52580.00 138578.57   6048.93      0.00      0.00      0.00
04:31:40 PM      eth0 180638.00  53153.00 138826.16   6115.91      0.00      0.00      0.00
04:31:41 PM      eth0 180162.00  53330.00 138457.06   6138.78      0.00      0.00      0.00
04:31:42 PM      eth0 180708.00  52743.00 138879.78   6066.26      0.00      0.00      0.00
04:31:43 PM      eth0 180648.00  53128.00 138834.15   6112.22      0.00      0.00      0.00
04:31:44 PM      eth0 180756.00  53991.00 138918.03   6216.20      0.00      0.00      0.00
04:31:45 PM      eth0 181538.00  52726.00 139517.68   6063.50      0.00      0.00      0.00
04:31:46 PM      eth0 180646.00  53129.00 138834.73   6117.73      0.00      0.00      0.00
04:31:47 PM      eth0 180075.00  52532.00 138393.94   6040.91      0.00      0.00      0.00
04:31:48 PM      eth0 181023.00  53391.00 139121.99   6153.58      0.00      0.00      0.00
04:31:49 PM      eth0 180624.00  53339.00 138814.50   6140.60      0.00      0.00      0.00
04:31:50 PM      eth0 179670.00  52323.00 138083.38   6026.43      0.00      0.00      0.00
04:31:51 PM      eth0 181008.00  53411.00 139093.09   6182.35      0.00      0.00      0.00
04:31:52 PM      eth0 182440.00  52719.00 140165.69   6096.00      0.00      0.00      0.00
04:31:53 PM      eth0 182351.00  53136.00 140141.83   6120.71      0.00      0.00      0.00
04:31:54 PM      eth0 181285.00  52800.00 139321.20   6086.32      0.00      0.00      0.00
04:31:55 PM      eth0 180101.00  54003.00 138408.21   6235.36      0.00      0.00      0.00
04:31:56 PM      eth0 180679.00  53449.00 138857.24   6164.75      0.00      0.00      0.00
04:31:57 PM      eth0 180543.00  53468.00 138752.23   6164.66      0.00      0.00      0.00
04:31:58 PM      eth0 180182.00  52821.00 138476.74   6083.39      0.00      0.00      0.00
04:31:59 PM      eth0 181817.00  52968.00 139733.12   6099.78      0.00      0.00      0.00
04:32:00 PM      eth0 180474.00  52777.00 138699.04   6075.23      0.00      0.00      0.00
04:32:01 PM      eth0 180350.00  53199.00 138594.95   6146.26      0.00      0.00      0.00
04:32:02 PM      eth0 180119.00  53164.00 138424.00   6121.87      0.00      0.00      0.00
04:32:03 PM      eth0 180684.00  52833.00 138861.31   6085.83      0.00      0.00      0.00
04:32:04 PM      eth0 180374.00  52822.00 138617.24   6079.04      0.00      0.00      0.00
04:32:05 PM      eth0 180242.00  53443.00 138523.03   6166.13      0.00      0.00      0.00
04:32:06 PM      eth0 180241.00  54391.00 138522.03   6291.64      0.00      0.00      0.00
04:32:07 PM      eth0 180270.00  52153.00 138543.16   5998.91      0.00      0.00      0.00
04:32:08 PM      eth0 179870.00  53412.00 138236.22   6157.57      0.00      0.00      0.00
04:32:09 PM      eth0 180671.00  52829.00 138852.06   6081.29      0.00      0.00      0.00
04:32:10 PM      eth0 180591.00  53319.00 138789.91   6143.92      0.00      0.00      0.00
04:32:11 PM      eth0 180529.00  52706.00 138737.27   6078.97      0.00      0.00      0.00
04:32:12 PM      eth0 180439.00  53756.00 138673.06   6193.34      0.00      0.00      0.00
04:32:13 PM      eth0 180739.00  53273.00 138903.45   6139.51      0.00      0.00      0.00
04:32:14 PM      eth0 179771.00  53288.00 138158.91   6147.25      0.00      0.00      0.00
04:32:15 PM      eth0 180202.00  53650.00 138490.44   6185.20      0.00      0.00      0.00
04:32:16 PM      eth0 179454.00  52948.00 137915.98   6098.99      0.00      0.00      0.00
04:32:17 PM      eth0 180134.00  52919.00 138438.66   6104.24      0.00      0.00      0.00
04:32:18 PM      eth0 180416.00  53652.00 138650.98   6189.72      0.00      0.00      0.00
04:32:19 PM      eth0 179817.00  53181.00 138194.73   6126.47      0.00      0.00      0.00
04:32:20 PM      eth0 180804.00  53562.00 138952.32   6179.08      0.00      0.00      0.00
04:32:21 PM      eth0 180331.00  53020.00 138585.10   6109.17      0.00      0.00      0.00
04:32:22 PM      eth0 180866.00  52812.00 139001.42   6078.00      0.00      0.00      0.00
04:32:23 PM      eth0 180308.00  52923.00 138572.36   6095.21      0.00      0.00      0.00
04:32:24 PM      eth0 180548.00  53536.00 138757.30   6173.73      0.00      0.00      0.00
04:32:25 PM      eth0 180519.00  53614.00 138733.00   6182.44      0.00      0.00      0.00
04:32:26 PM      eth0 180386.00  53589.00 138632.86   6186.31      0.00      0.00      0.00
04:32:27 PM      eth0 180709.00  53355.00 138882.09   6153.52      0.00      0.00      0.00
04:32:28 PM      eth0 180874.00  53465.00 139008.46   6165.52      0.00      0.00      0.00
04:32:29 PM      eth0 180102.00  53707.00 138413.81   6194.85      0.00      0.00      0.00
04:32:30 PM      eth0 180300.00  53495.00 138567.57   6164.05      0.00      0.00      0.00
04:32:31 PM      eth0 180351.00  53335.00 138601.83   6145.62      0.00      0.00      0.00
04:32:32 PM      eth0 180534.00  53296.00 138745.77   6144.64      0.00      0.00      0.00
04:32:33 PM      eth0 180682.00  52816.00 138859.80   6083.11      0.00      0.00      0.00
04:32:34 PM      eth0 180476.00  53644.00 138698.66   6190.98      0.00      0.00      0.00
04:32:35 PM      eth0 181855.00  54028.00 139762.24   6235.01      0.00      0.00      0.00
04:32:36 PM      eth0 180679.00  54193.00 138858.21   6265.02      0.00      0.00      0.00
04:32:37 PM      eth0 180855.00  53066.00 138990.66   6118.81      0.00      0.00      0.00
04:32:38 PM      eth0 180470.00  54209.00 138696.84   6256.67      0.00      0.00      0.00
04:32:39 PM      eth0 179863.00  53382.00 138229.67   6156.91      0.00      0.00      0.00
04:32:40 PM      eth0 180545.00  52934.00 138755.53   6094.91      0.00      0.00      0.00
04:32:41 PM      eth0 180692.00  53276.00 138861.13   6147.79      0.00      0.00      0.00
04:32:42 PM      eth0 180264.00  53582.00 138539.64   6177.23      0.00      0.00      0.00
04:32:43 PM      eth0 180463.00  53433.00 138690.34   6161.23      0.00      0.00      0.00
04:32:44 PM      eth0 180595.00  52798.00 138792.78   6077.27      0.00      0.00      0.00
04:32:45 PM      eth0 180573.00  53059.00 138778.10   6115.38      0.00      0.00      0.00
04:32:46 PM      eth0 180192.00  53722.00 138484.07   6204.87      0.00      0.00      0.00
04:32:47 PM      eth0 180172.00  53239.00 138468.17   6134.74      0.00      0.00      0.00
04:32:48 PM      eth0 180298.00  52922.00 138563.29   6103.76      0.00      0.00      0.00
04:32:49 PM      eth0 180669.00  52519.00 138850.32   6042.28      0.00      0.00      0.00
04:32:50 PM      eth0 180569.00  53196.00 138774.49   6132.48      0.00      0.00      0.00
04:32:51 PM      eth0 179401.00  53154.00 137871.73   6128.75      0.00      0.00      0.00
04:32:52 PM      eth0 180176.00  53055.00 138442.66   6149.41      0.00      0.00      0.00
04:32:53 PM      eth0 180501.00  53372.00 138692.58   6179.98      0.00      0.00      0.00
04:32:54 PM      eth0 180014.00  52863.00 138346.41   6096.23      0.00      0.00      0.00
04:32:55 PM      eth0 180846.00  52749.00 138988.51   6077.34      0.00      0.00      0.00
04:32:56 PM      eth0 180790.00  53041.00 138932.88   6115.69      0.00      0.00      0.00
04:32:57 PM      eth0 180432.00  54009.00 138666.76   6234.12      0.00      0.00      0.00
04:32:58 PM      eth0 180313.00  53466.00 138574.53   6165.88      0.00      0.00      0.00
04:32:59 PM      eth0 180142.00  53212.00 138446.14   6128.38      0.00      0.00      0.00
04:33:00 PM      eth0 180789.00  53251.00 138941.26   6134.59      0.00      0.00      0.00
04:33:01 PM      eth0 180716.00  54009.00 138874.85   6233.28      0.00      0.00      0.00
04:33:02 PM      eth0 180639.00  54196.00 138826.88   6256.64      0.00      0.00      0.00
04:33:03 PM      eth0 180471.00  53362.00 138697.88   6150.48      0.00      0.00      0.00
04:33:04 PM      eth0 180988.00  54987.00 139091.01   6378.04      0.00      0.00      0.00
04:33:05 PM      eth0 180586.00  53995.00 138784.57   6230.40      0.00      0.00      0.00
04:33:06 PM      eth0 180071.00  53455.00 138388.72   6171.50      0.00      0.00      0.00
04:33:07 PM      eth0 181052.00  53168.00 139145.03   6122.43      0.00      0.00      0.00
04:33:08 PM      eth0 180559.00  52921.00 138765.95   6101.04      0.00      0.00      0.00
04:33:09 PM      eth0 180760.00  52371.00 138917.84   6030.30      0.00      0.00      0.00
04:33:10 PM      eth0 180694.00  53755.00 138870.21   6214.33      0.00      0.00      0.00
04:33:11 PM      eth0 180352.00  53649.00 138602.15   6193.20      0.00      0.00      0.00
04:33:12 PM      eth0 180284.00  53647.00 138550.97   6193.98      0.00      0.00      0.00
04:33:13 PM      eth0 180220.00  53636.00 138529.71   6204.62      0.00      0.00      0.00
04:33:14 PM      eth0 180174.00  52829.00 138470.24   6097.38      0.00      0.00      0.00
04:33:15 PM      eth0 179716.00  53924.00 138118.73   6227.44      0.00      0.00      0.00
04:33:16 PM      eth0 181163.00  54871.00 139231.45   6358.90      0.00      0.00      0.00
04:33:17 PM      eth0 180443.00  53143.00 138674.57   6135.66      0.00      0.00      0.00
04:33:18 PM      eth0 179971.00  53923.00 138314.87   6233.39      0.00      0.00      0.00
04:33:19 PM      eth0 180677.00  53992.00 138856.64   6238.97      0.00      0.00      0.00
04:33:20 PM      eth0 180651.00  53346.00 138835.30   6145.43      0.00      0.00      0.00
04:33:21 PM      eth0 180532.00  54067.00 138740.26   6251.06      0.00      0.00      0.00
04:33:22 PM      eth0 180132.00  54036.00 138435.98   6241.57      0.00      0.00      0.00
04:33:23 PM      eth0 179646.00  54059.00 138063.26   6241.89      0.00      0.00      0.00
04:33:24 PM      eth0 180308.00  54302.00 138571.90   6292.73      0.00      0.00      0.00
04:33:25 PM      eth0 180442.00  53531.00 138676.36   6177.71      0.00      0.00      0.00
04:33:26 PM      eth0 181549.00  54674.00 139528.21   6312.40      0.00      0.00      0.00
04:33:27 PM      eth0 180074.00  53867.00 138392.52   6219.70      0.00      0.00      0.00
04:33:28 PM      eth0 180667.00  53461.00 138847.53   6170.03      0.00      0.00      0.00
04:33:29 PM      eth0 180594.00  53862.00 138791.97   6226.13      0.00      0.00      0.00
04:33:30 PM      eth0 180167.00  54669.00 138465.44   6324.70      0.00      0.00      0.00
04:33:31 PM      eth0 181424.00  53912.00 139426.32   6234.94      0.00      0.00      0.00
04:33:32 PM      eth0 180668.00  53520.00 138849.29   6172.32      0.00      0.00      0.00
04:33:33 PM      eth0 180264.00  53548.00 138538.40   6183.44      0.00      0.00      0.00
04:33:34 PM      eth0 179776.00  53539.00 138159.50   6178.45      0.00      0.00      0.00
04:33:35 PM      eth0 180240.00  54063.00 138520.85   6252.17      0.00      0.00      0.00
04:33:36 PM      eth0 180860.00  54320.00 138997.39   6274.31      0.00      0.00      0.00
04:33:37 PM      eth0 180171.00  52864.00 138467.78   6096.39      0.00      0.00      0.00
04:33:38 PM      eth0 180144.00  53061.00 138446.32   6117.42      0.00      0.00      0.00
04:33:39 PM      eth0 180361.00  54662.00 138613.51   6332.91      0.00      0.00      0.00
04:33:40 PM      eth0 181008.00  52886.00 139110.59   6095.03      0.00      0.00      0.00
04:33:41 PM      eth0 180711.00  54695.00 138878.08   6331.93      0.00      0.00      0.00
04:33:42 PM      eth0 180040.00  54003.00 138366.76   6241.14      0.00      0.00      0.00
04:33:43 PM      eth0 180439.00  54002.00 138673.12   6249.08      0.00      0.00      0.00
04:33:44 PM      eth0 180138.00  53295.00 138443.92   6156.36      0.00      0.00      0.00
04:33:45 PM      eth0 180676.00  53787.00 138856.61   6212.44      0.00      0.00      0.00
04:33:46 PM      eth0 179656.00  54969.00 138069.84   6368.13      0.00      0.00      0.00
04:33:47 PM      eth0 180228.00  55065.00 138510.73   6382.57      0.00      0.00      0.00
04:33:48 PM      eth0 181094.00  53986.00 139176.41   6233.98      0.00      0.00      0.00
04:33:49 PM      eth0 180163.00  54563.00 138461.34   6316.91      0.00      0.00      0.00
04:33:50 PM      eth0 180285.00  54306.00 138554.78   6293.40      0.00      0.00      0.00
04:33:51 PM      eth0 179946.00  54538.00 138289.34   6312.64      0.00      0.00      0.00
04:33:52 PM      eth0 178075.00  52351.00 136855.71   6036.54      0.00      0.00      0.00
04:33:53 PM      eth0 179913.00  54567.00 138251.27   6347.39      0.00      0.00      0.00
04:33:54 PM      eth0 180513.00  53173.00 138697.56   6158.36      0.00      0.00      0.00
04:33:55 PM      eth0 180558.00  53670.00 138766.35   6205.20      0.00      0.00      0.00
04:33:56 PM      eth0 180532.00  53429.00 138740.22   6174.64      0.00      0.00      0.00
04:33:57 PM      eth0 173812.00  51256.00 133579.80   5916.74      0.00      0.00      0.00
04:33:58 PM      eth0 174249.00  52392.00 133914.90   6055.66      0.00      0.00      0.00
04:33:59 PM      eth0 172135.00  51525.00 132292.91   5959.61      0.00      0.00      0.00
04:34:00 PM      eth0 170632.00  50113.00 131136.74   5786.36      0.00      0.00      0.00
04:34:01 PM      eth0 171887.00  51331.00 132092.48   5930.03      0.00      0.00      0.00
04:34:02 PM      eth0 169989.00  51152.00 130640.94   5927.73      0.00      0.00      0.00
04:34:03 PM      eth0 173439.00  51747.00 133292.48   5992.45      0.00      0.00      0.00
04:34:04 PM      eth0 172469.00  51672.00 132543.41   5973.91      0.00      0.00      0.00
04:34:05 PM      eth0 169078.00  51062.00 129940.95   5907.21      0.00      0.00      0.00
04:34:06 PM      eth0 173121.00  51864.00 133047.50   6007.52      0.00      0.00      0.00
04:34:07 PM      eth0 171508.00  50949.00 131807.76   5878.36      0.00      0.00      1.00
04:34:08 PM      eth0 170347.00  52159.00 130917.68   6049.90      0.00      0.00      0.00
04:34:09 PM      eth0 171459.00  51067.00 131769.29   5895.60      0.00      0.00      0.00
04:34:10 PM      eth0 171328.00  52472.00 131670.68   6084.50      0.00      0.00      0.00
04:34:11 PM      eth0 171154.00  52068.00 131531.36   6038.15      0.00      0.00      0.00
04:34:12 PM      eth0 171897.00  51559.00 132106.27   5973.03      0.00      0.00      0.00
04:34:13 PM      eth0 172847.00  51545.00 132838.82   5955.31      0.00      0.00      0.00
04:34:14 PM      eth0 171987.00  52115.00 132175.71   6041.42      0.00      0.00      0.00
04:34:15 PM      eth0 171169.00  50926.00 131547.80   5882.93      0.00      0.00      0.00
04:34:16 PM      eth0 174426.00  51507.00 134051.69   5948.20      0.00      0.00      0.00
04:34:17 PM      eth0 171706.00  51813.00 131961.01   6011.18      0.00      0.00      0.00
04:34:18 PM      eth0 169708.00  50591.00 130424.80   5840.42      0.00      0.00      0.00
04:34:19 PM      eth0 172798.00  51688.00 132800.48   5968.14      0.00      0.00      0.00
04:34:20 PM      eth0 171699.00  51918.00 131955.35   6013.08      0.00      0.00      0.00
04:34:21 PM      eth0 173495.00  52282.00 133332.56   6063.64      0.00      0.00      0.00
04:34:22 PM      eth0 171380.00  51500.00 131709.02   5959.09      0.00      0.00      0.00
04:34:23 PM      eth0 171056.00  50896.00 131463.05   5886.65      0.00      0.00      0.00
04:34:24 PM      eth0 174119.00  52405.00 133816.46   6067.00      0.00      0.00      0.00
04:34:25 PM      eth0 172635.00  51737.00 132675.36   5978.63      0.00      0.00      0.00
04:34:26 PM      eth0 170503.00  51002.00 131036.53   5898.40      0.00      0.00      0.00
04:34:27 PM      eth0 172145.00  50965.00 132299.36   5888.60      0.00      0.00      0.00
04:34:28 PM      eth0 172041.00  51191.00 132219.40   5907.30      0.00      0.00      0.00
04:34:29 PM      eth0 168004.00  49920.00 129115.53   5772.87      0.00      0.00      0.00
04:34:30 PM      eth0 170146.00  50889.00 130762.55   5889.66      0.00      0.00      0.00
04:34:31 PM      eth0 172757.00  51817.00 132765.24   6000.86      0.00      0.00      0.00
04:34:32 PM      eth0 172366.00  52022.00 132466.62   6020.70      0.00      0.00      0.00
04:34:33 PM      eth0 178323.00  53912.00 137047.43   6238.95      0.00      0.00      0.00
04:34:34 PM      eth0 180708.00  54392.00 138876.34   6289.24      0.00      0.00      0.00
04:34:35 PM      eth0 180996.00  53428.00 139103.14   6181.46      0.00      0.00      0.00
04:34:36 PM      eth0 180786.00  55311.00 138940.14   6420.61      0.00      0.00      0.00
04:34:37 PM      eth0 180932.00  54117.00 139051.83   6257.37      0.00      0.00      0.00
04:34:38 PM      eth0 179976.00  54743.00 138317.17   6337.32      0.00      0.00      0.00
04:34:39 PM      eth0 180666.00  54904.00 138848.54   6362.29      0.00      0.00      0.00
04:34:40 PM      eth0 180122.00  54767.00 138429.44   6351.40      0.00      0.00      0.00
04:34:41 PM      eth0 180306.00  55585.00 138566.62   6469.17      0.00      0.00      0.00
04:34:42 PM      eth0 180333.00  54164.00 138591.32   6259.32      0.00      0.00      0.00
04:34:43 PM      eth0 179898.00  54493.00 138256.87   6309.66      0.00      0.00      0.00
04:34:44 PM      eth0 180642.00  53797.00 138829.86   6220.37      0.00      0.00      0.00
04:34:45 PM      eth0 179849.00  54834.00 138218.46   6355.87      0.00      0.00      0.00
04:34:46 PM      eth0 180184.00  54870.00 138477.19   6363.40      0.00      0.00      0.00
04:34:47 PM      eth0 180733.00  54451.00 138899.33   6309.05      0.00      0.00      0.00
04:34:48 PM      eth0 180621.00  53904.00 138812.48   6233.46      0.00      0.00      0.00
04:34:49 PM      eth0 180323.00  54618.00 138584.57   6324.94      0.00      0.00      0.00
04:34:50 PM      eth0 180740.00  54553.00 138904.41   6320.68      0.00      0.00      0.00
04:34:51 PM      eth0 180542.00  53719.00 138747.97   6217.23      0.00      0.00      0.00
04:34:52 PM      eth0 180060.00  54784.00 138380.37   6353.42      0.00      0.00      0.00
04:34:53 PM      eth0 180781.00  53661.00 138935.89   6199.11      0.00      0.00      0.00
04:34:54 PM      eth0 180127.00  53757.00 138434.49   6226.88      0.00      0.00      0.00
04:34:55 PM      eth0 179674.00  53194.00 138069.09   6184.80      0.00      0.00      0.00
04:34:56 PM      eth0 180158.00  54056.00 138420.11   6298.15      0.00      0.00      0.00
04:34:57 PM      eth0 181864.00  53584.00 139763.90   6195.05      0.00      0.00      0.00
04:34:58 PM      eth0 180733.00  52815.00 138898.35   6088.89      0.00      0.00      0.00
04:34:59 PM      eth0 180019.00  54965.00 138350.93   6370.69      0.00      0.00      0.00
04:35:00 PM      eth0 180432.00  53552.00 138667.88   6191.09      0.00      0.00      0.00
04:35:01 PM      eth0 180329.00  53720.00 138584.32   6211.48      0.00      0.00      0.00
04:35:02 PM      eth0 180628.00  53704.00 138813.33   6211.21      0.00      0.00      0.00
04:35:03 PM      eth0 180098.00  55101.00 138412.35   6389.13      0.00      0.00      0.00
04:35:04 PM      eth0 180178.00  55693.00 138470.66   6493.69      0.00      0.00      0.00
04:35:05 PM      eth0 179796.00  54647.00 138177.67   6333.72      0.00      0.00      0.00
04:35:06 PM      eth0 180454.00  54963.00 138684.54   6381.30      0.00      0.00      0.00
04:35:07 PM      eth0 180227.00  55179.00 138509.90   6404.55      0.00      0.00      0.00
04:35:08 PM      eth0 179882.00  54180.00 138245.39   6272.83      0.00      0.00      0.00
04:35:09 PM      eth0 179786.00  54321.00 138172.81   6285.50      0.00      0.00      0.00
04:35:10 PM      eth0 180292.00  55829.00 138561.32   6481.29      0.00      0.00      0.00
04:35:11 PM      eth0 180706.00  54051.00 138872.90   6251.65      0.00      0.00      0.00
04:35:12 PM      eth0 179656.00  53835.00 138069.92   6237.18      0.00      0.00      0.00
04:35:13 PM      eth0 180127.00  53527.00 138434.20   6191.73      0.00      0.00      0.00
04:35:14 PM      eth0 179881.00  53858.00 138243.79   6242.73      0.00      0.00      0.00
04:35:15 PM      eth0 179504.00  54504.00 137953.05   6315.57      0.00      0.00      0.00
04:35:16 PM      eth0 180172.00  53721.00 138467.19   6218.34      0.00      0.00      0.00
04:35:17 PM      eth0 180028.00  54107.00 138385.53   6268.42      0.00      0.00      0.00
04:35:18 PM      eth0 179899.00  54482.00 138256.62   6310.35      0.00      0.00      0.00
04:35:19 PM      eth0 179633.00  54916.00 138052.85   6372.78      0.00      0.00      0.00
04:35:20 PM      eth0 180530.00  54247.00 138740.87   6314.28      0.00      0.00      0.00
04:35:21 PM      eth0 180335.00  54103.00 138589.83   6265.92      0.00      0.00      0.00
04:35:22 PM      eth0 179942.00  54857.00 138289.62   6365.91      0.00      0.00      0.00
04:35:23 PM      eth0 179908.00  55564.00 138263.38   6451.31      0.00      0.00      0.00
04:35:24 PM      eth0 180347.00  54149.00 138599.77   6282.83      0.00      0.00      0.00
04:35:25 PM      eth0 180410.00  54928.00 138651.53   6367.71      0.00      0.00      0.00
04:35:26 PM      eth0 179844.00  56002.00 138214.89   6519.36      0.00      0.00      0.00
04:35:27 PM      eth0 179549.00  54512.00 137990.40   6323.57      0.00      0.00      0.00
04:35:28 PM      eth0 180415.00  54245.00 138653.43   6282.96      0.00      0.00      0.00
04:35:29 PM      eth0 179721.00  53250.00 138120.33   6151.78      0.00      0.00      0.00
04:35:30 PM      eth0 179797.00  56153.00 138179.67   6553.20      0.00      0.00      0.00
04:35:31 PM      eth0 179941.00  55055.00 138287.42   6395.29      0.00      0.00      0.00
04:35:32 PM      eth0 179615.00  54088.00 138040.33   6268.74      0.00      0.00      0.00
04:35:33 PM      eth0 179481.00  53895.00 137934.08   6238.62      0.00      0.00      0.00
04:35:34 PM      eth0 180062.00  54449.00 138380.72   6315.29      0.00      0.00      0.00
04:35:35 PM      eth0 180100.00  54921.00 138413.13   6366.06      0.00      0.00      0.00
04:35:36 PM      eth0 179988.00  54459.00 138326.96   6311.21      0.00      0.00      0.00
04:35:37 PM      eth0 179619.00  54332.00 138042.44   6289.80      0.00      0.00      0.00
04:35:38 PM      eth0 180155.00  54980.00 138454.26   6366.68      0.00      0.00      0.00
04:35:39 PM      eth0 179873.00  53567.00 138236.69   6200.51      0.00      0.00      0.00
04:35:40 PM      eth0 179918.00  56081.00 138273.96   6549.02      0.00      0.00      0.00
04:35:41 PM      eth0 179975.00  54243.00 138311.60   6277.65      0.00      0.00      0.00
04:35:42 PM      eth0 180104.00  55134.00 138415.51   6407.56      0.00      0.00      0.00
04:35:43 PM      eth0 180081.00  55566.00 138396.76   6449.21      0.00      0.00      0.00
04:35:44 PM      eth0 180369.00  55938.00 138566.91   6998.96      0.00      0.00      0.00
04:35:45 PM      eth0  77208.91  23865.35  59269.37   3215.13      0.00      0.00      0.00
04:35:46 PM      eth0     40.00    121.00      4.21    137.54      0.00      0.00      0.00
04:35:47 PM      eth0     29.00     82.00      3.71     91.92      0.00      0.00      0.00
04:35:48 PM      eth0     35.00    105.00      3.87    114.53      0.00      0.00      0.00
04:35:49 PM      eth0     31.00     76.00      3.64     69.87      0.00      0.00      0.00
04:35:50 PM      eth0      5.00      1.00      0.32      0.09      0.00      0.00      0.00
04:35:51 PM      eth0     14.00     11.00      2.55      2.90      0.00      0.00      0.00
04:35:52 PM      eth0      7.00      0.00      0.69      0.00      0.00      0.00      0.00
04:35:53 PM      eth0      4.00      0.00      0.23      0.00      0.00      0.00      0.00
04:35:54 PM      eth0      4.00      0.00      0.23      0.00      0.00      0.00      0.00
04:35:55 PM      eth0     16.00     13.00      3.89      2.91      0.00      0.00      0.00
