vhost-28787 13.0
vhost-28787 13.0
vhost-28787 13.2
vhost-28787 13.2
vhost-28787 13.2
vhost-28787 13.5
vhost-28787 13.5
vhost-28787 13.5
vhost-28787 13.5
vhost-28787 13.5
vhost-28787 17.0
vhost-28787 17.3
vhost-28787 18.9
vhost-28787 18.9
vhost-28787 20.8
vhost-28787 20.8
vhost-28787 21.2
vhost-28787 21.2
vhost-28787 23.1
vhost-28787 25.0
vhost-28787 25.0
vhost-28787 25.0
vhost-28787 25.0
vhost-28787 26.4
vhost-28787 26.4
vhost-28787 26.4
vhost-28787 26.4
vhost-28787 28.3
vhost-28787 28.8
vhost-28787 30.2
vhost-28787 30.8
vhost-28787 34.6
