vhost-29562 11.3
vhost-29562 11.3
vhost-29562 11.5
vhost-29562 11.5
vhost-29562 11.5
vhost-29562 11.5
vhost-29562 13.2
vhost-29562 13.2
vhost-29562 13.2
vhost-29562 13.2
vhost-29562 13.2
vhost-29562 13.2
vhost-29562 13.2
vhost-29562 13.5
vhost-29562 13.5
vhost-29562 15.1
vhost-29562 15.1
vhost-29562 15.1
vhost-29562 15.1
vhost-29562 15.1
vhost-29562 15.4
vhost-29562 15.4
vhost-29562 15.4
vhost-29562 17.3
vhost-29562 17.3
vhost-29562 17.3
vhost-29562 18.5
vhost-29562 19.2
vhost-29562 19.2
vhost-29562 23.1
vhost-29562 40.4
vhost-29562 9.8
