ksoftirqd/0 0.0
ksoftirqd/0 0.0
ksoftirqd/11 0.0
ksoftirqd/13 1.9
ksoftirqd/13 3.8
ksoftirqd/13 3.8
ksoftirqd/13 3.8
ksoftirqd/13 3.8
ksoftirqd/13 5.8
ksoftirqd/13 5.8
ksoftirqd/13 7.7
ksoftirqd/14 1.9
ksoftirqd/14 1.9
ksoftirqd/14 1.9
ksoftirqd/15 0.0
ksoftirqd/15 0.0
ksoftirqd/15 1.9
ksoftirqd/15 1.9
ksoftirqd/17 1.9
ksoftirqd/17 1.9
ksoftirqd/19 1.9
ksoftirqd/19 1.9
ksoftirqd/19 1.9
ksoftirqd/2 0.0
ksoftirqd/2 0.0
ksoftirqd/2 0.0
ksoftirqd/2 0.0
ksoftirqd/2 0.0
ksoftirqd/2 0.0
ksoftirqd/2 1.9
ksoftirqd/2 1.9
ksoftirqd/22 1.9
ksoftirqd/4 0.0
ksoftirqd/4 0.0
ksoftirqd/5 0.0
ksoftirqd/5 0.0
ksoftirqd/5 1.9
ksoftirqd/5 1.9
ksoftirqd/5 1.9
ksoftirqd/5 1.9
