vhost-30013 15.4
vhost-30013 17.0
vhost-30013 17.3
vhost-30013 17.3
vhost-30013 17.3
vhost-30013 18.9
vhost-30013 19.2
vhost-30013 19.2
vhost-30013 19.2
vhost-30013 20.8
vhost-30013 21.2
vhost-30013 21.2
vhost-30013 21.2
vhost-30013 21.2
vhost-30013 22.2
vhost-30013 22.6
vhost-30013 22.6
vhost-30013 22.6
vhost-30013 22.6
vhost-30013 22.6
vhost-30013 23.1
vhost-30013 23.1
vhost-30013 24.5
vhost-30013 24.5
vhost-30013 25.0
vhost-30013 25.0
vhost-30013 25.0
vhost-30013 25.0
vhost-30013 25.0
vhost-30013 25.0
vhost-30013 25.9
vhost-30013 26.4
vhost-30013 26.4
vhost-30013 26.4
vhost-30013 26.4
vhost-30013 26.4
vhost-30013 26.9
vhost-30013 28.3
vhost-30013 28.3
vhost-30013 28.3
vhost-30013 28.3
vhost-30013 28.8
vhost-30013 28.8
vhost-30013 28.8
vhost-30013 30.2
vhost-30013 30.2
vhost-30013 30.2
vhost-30013 30.8
vhost-30013 30.8
vhost-30013 32.1
vhost-30013 32.1
vhost-30013 32.1
vhost-30013 32.7
vhost-30013 32.7
vhost-30013 32.7
vhost-30013 33.3
vhost-30013 34.0
vhost-30013 34.0
vhost-30013 34.6
vhost-30013 34.6
vhost-30013 35.2
vhost-30013 35.8
vhost-30013 36.5
vhost-30013 36.5
vhost-30013 37.7
vhost-30013 41.5
vhost-30013 50.9
vhost-30013 7.7
