vhost-30268 15.1
vhost-30268 15.4
vhost-30268 17.3
vhost-30268 20.8
vhost-30268 22.6
vhost-30268 22.6
vhost-30268 22.6
vhost-30268 22.6
vhost-30268 23.1
vhost-30268 23.1
vhost-30268 24.5
vhost-30268 24.5
vhost-30268 24.5
vhost-30268 24.5
vhost-30268 24.5
vhost-30268 25.0
vhost-30268 25.5
vhost-30268 26.4
vhost-30268 26.4
vhost-30268 26.4
vhost-30268 26.4
vhost-30268 26.4
vhost-30268 26.4
vhost-30268 26.4
vhost-30268 26.9
vhost-30268 28.3
vhost-30268 28.8
vhost-30268 28.8
vhost-30268 28.8
vhost-30268 28.8
vhost-30268 30.2
vhost-30268 30.2
vhost-30268 30.2
vhost-30268 30.8
vhost-30268 31.5
vhost-30268 32.1
vhost-30268 32.1
vhost-30268 34.0
vhost-30268 34.6
vhost-30268 35.8
vhost-30268 35.8
vhost-30268 35.8
vhost-30268 36.5
vhost-30268 36.5
vhost-30268 36.5
vhost-30268 36.5
vhost-30268 37.7
vhost-30268 38.5
vhost-30268 38.9
vhost-30268 39.6
vhost-30268 40.4
vhost-30268 40.4
vhost-30268 42.3
vhost-30268 42.3
vhost-30268 42.3
vhost-30268 42.3
vhost-30268 44.2
vhost-30268 45.3
vhost-30268 45.3
vhost-30268 46.3
vhost-30268 48.1
vhost-30268 50.0
