vhost-29242 11.3
vhost-29242 11.3
vhost-29242 13.2
vhost-29242 13.5
vhost-29242 15.1
vhost-29242 15.1
vhost-29242 15.1
vhost-29242 15.1
vhost-29242 15.1
vhost-29242 15.4
vhost-29242 15.4
vhost-29242 15.4
vhost-29242 15.4
vhost-29242 17.0
vhost-29242 17.0
vhost-29242 17.3
vhost-29242 17.3
vhost-29242 17.6
vhost-29242 18.5
vhost-29242 18.9
vhost-29242 18.9
vhost-29242 19.2
vhost-29242 19.2
vhost-29242 19.2
vhost-29242 20.4
vhost-29242 20.8
vhost-29242 20.8
vhost-29242 21.2
vhost-29242 21.2
vhost-29242 22.6
vhost-29242 23.1
vhost-29242 23.1
vhost-29242 23.1
vhost-29242 23.1
vhost-29242 25.0
vhost-29242 25.0
vhost-29242 26.4
vhost-29242 26.4
vhost-29242 26.4
vhost-29242 26.9
vhost-29242 26.9
vhost-29242 28.8
vhost-29242 30.2
vhost-29242 30.8
vhost-29242 30.8
vhost-29242 35.8
