vhost-29043 17.0
vhost-29043 17.0
vhost-29043 17.0
vhost-29043 17.0
vhost-29043 17.3
vhost-29043 18.9
vhost-29043 18.9
vhost-29043 18.9
vhost-29043 18.9
vhost-29043 18.9
vhost-29043 19.2
vhost-29043 19.2
vhost-29043 19.2
vhost-29043 19.2
vhost-29043 19.2
vhost-29043 19.2
vhost-29043 20.8
vhost-29043 20.8
vhost-29043 20.8
vhost-29043 20.8
vhost-29043 20.8
vhost-29043 20.8
vhost-29043 20.8
vhost-29043 20.8
vhost-29043 21.2
vhost-29043 21.2
vhost-29043 21.2
vhost-29043 22.6
vhost-29043 22.6
vhost-29043 22.6
vhost-29043 23.1
vhost-29043 23.1
vhost-29043 23.1
vhost-29043 23.1
vhost-29043 23.1
vhost-29043 24.5
vhost-29043 24.5
vhost-29043 25.0
vhost-29043 25.0
vhost-29043 26.4
vhost-29043 26.4
vhost-29043 26.4
vhost-29043 26.9
vhost-29043 26.9
vhost-29043 26.9
vhost-29043 28.8
vhost-29043 30.2
vhost-29043 32.7
vhost-29043 34.0
vhost-29043 34.0
vhost-29043 34.6
vhost-29043 35.8
vhost-29043 38.5
vhost-29043 38.5
vhost-29043 43.4
vhost-29043 53.8
