vhost-30508 11.3
vhost-30508 11.3
vhost-30508 11.3
vhost-30508 11.5
vhost-30508 11.5
vhost-30508 11.5
vhost-30508 11.5
vhost-30508 13.2
vhost-30508 13.2
vhost-30508 13.5
vhost-30508 13.5
vhost-30508 15.1
vhost-30508 15.1
vhost-30508 15.4
vhost-30508 15.4
vhost-30508 15.4
vhost-30508 17.0
vhost-30508 17.0
vhost-30508 18.9
vhost-30508 18.9
vhost-30508 19.2
vhost-30508 21.2
vhost-30508 22.6
vhost-30508 23.1
vhost-30508 24.1
vhost-30508 24.5
vhost-30508 24.5
vhost-30508 25.0
vhost-30508 25.0
vhost-30508 26.4
vhost-30508 26.4
vhost-30508 26.4
vhost-30508 26.4
vhost-30508 28.3
vhost-30508 28.3
vhost-30508 28.8
vhost-30508 30.2
vhost-30508 30.2
vhost-30508 30.8
vhost-30508 30.8
vhost-30508 30.8
vhost-30508 32.7
vhost-30508 32.7
vhost-30508 33.3
vhost-30508 33.3
vhost-30508 34.0
vhost-30508 35.8
vhost-30508 38.5
vhost-30508 38.5
vhost-30508 42.3
vhost-30508 46.2
vhost-30508 46.2
vhost-30508 46.2
vhost-30508 49.1
vhost-30508 51.9
vhost-30508 66.0
