09:18:12 PM      eth0      9.00      1.00      1.33      0.06      0.00      0.00      0.00
09:18:13 PM      eth0      5.00      0.00      0.29      0.00      0.00      0.00      0.00
09:18:14 PM      eth0      7.00      1.00      1.29      0.16      0.00      0.00      0.00
09:18:15 PM      eth0     12.00     11.00      2.16      2.90      0.00      0.00      0.00
09:18:16 PM      eth0      5.00      1.00      1.17      0.16      0.00      0.00      0.00
09:18:17 PM      eth0      5.00      0.00      0.29      0.00      0.00      0.00      0.00
09:18:18 PM      eth0      5.00      0.00      0.29      0.00      0.00      0.00      0.00
09:18:19 PM      eth0     12.00      5.00      4.94      0.62      0.00      0.00      0.00
09:18:20 PM      eth0     21.00     10.00     10.18      1.14      0.00      0.00      0.00
09:18:21 PM      eth0     22.00     12.00     11.36      1.37      0.00      0.00      0.00
09:18:22 PM      eth0     16.00      7.00      6.94      0.85      0.00      0.00      0.00
09:18:23 PM      eth0      9.00      0.00      0.64      0.00      0.00      0.00      0.00
09:18:24 PM      eth0     16.00      0.00      1.45      0.00      0.00      0.00      1.00
09:18:25 PM      eth0     35.00     18.00      9.49      3.75      0.00      0.00      0.00
09:18:26 PM      eth0     24.00     10.00      9.82      1.14      0.00      0.00      0.00
09:18:27 PM      eth0     17.00      5.00      5.31      0.62      0.00      0.00      0.00
09:18:28 PM      eth0     23.00     12.00     11.45      1.37      0.00      0.00      1.00
09:18:29 PM      eth0     10.00      0.00      0.70      0.00      0.00      0.00      0.00
09:18:30 PM      eth0     17.00      5.00      5.29      0.62      0.00      0.00      1.00
09:18:31 PM      eth0     29.00     12.00     11.77      1.37      0.00      0.00      0.00
09:18:32 PM      eth0     15.00      1.00      2.26      0.16      0.00      0.00      0.00
09:18:33 PM      eth0     12.00      0.00      0.88      0.00      0.00      0.00      0.00
09:18:34 PM      eth0      7.00      1.00      1.29      0.16      0.00      0.00      1.00
09:18:35 PM      eth0     20.00     11.00      2.68      2.90      0.00      0.00      0.00
09:18:36 PM      eth0      8.00      0.00      0.47      0.00      0.00      0.00      0.00
09:18:37 PM      eth0     12.00      2.00      1.69      0.20      0.00      0.00      0.00
09:18:38 PM      eth0      4.00      0.00      0.23      0.00      0.00      0.00      1.00
09:18:39 PM      eth0     13.00     11.00      2.93      2.83      0.00      0.00      0.00
09:18:40 PM      eth0     11.00      8.00      1.05      2.25      0.00      0.00      0.00
09:18:41 PM      eth0      8.00      1.00      1.68      0.16      0.00      0.00      0.00
09:18:42 PM      eth0      5.00      0.00      0.35      0.00      0.00      0.00      1.00
09:18:43 PM      eth0      7.00      1.00      1.34      0.16      0.00      0.00      0.00
09:18:44 PM      eth0      5.00      0.00      0.81      0.00      0.00      0.00      0.00
09:18:45 PM      eth0     18.00     12.00      3.78      3.07      0.00      0.00      0.00
09:18:46 PM      eth0      4.00      0.00      0.23      0.00      0.00      0.00      0.00
09:18:47 PM      eth0      9.00      1.00      1.52      0.16      0.00      0.00      0.00
09:18:48 PM      eth0     16.00     10.00      3.12      2.65      0.00      0.00      0.00
09:18:49 PM      eth0      8.00      1.00      1.46      0.16      0.00      0.00      0.00
09:18:50 PM      eth0     50.00     62.00     17.53     25.29      0.00      0.00      0.00
09:18:51 PM      eth0      7.00      1.00      1.40      0.16      0.00      0.00      0.00
09:18:52 PM      eth0      7.00      0.00      0.62      0.00      0.00      0.00      0.00
09:18:53 PM      eth0      8.00      1.00      1.46      0.16      0.00      0.00      0.00
09:18:54 PM      eth0      8.00      0.00      1.34      0.00      0.00      0.00      0.00
09:18:55 PM      eth0     16.00     12.00      3.84      3.07      0.00      0.00      0.00
09:18:56 PM      eth0     10.00      0.00      1.13      0.00      0.00      0.00      0.00
09:18:57 PM      eth0      6.00      0.00      0.47      0.00      0.00      0.00      0.00
09:18:58 PM      eth0     10.00      1.00      1.46      0.16      0.00      0.00      0.00
09:18:59 PM      eth0      8.00      1.00      1.63      0.16      0.00      0.00      0.00
09:19:00 PM      eth0     10.00      0.00      1.06      0.00      0.00      0.00      0.00
09:19:01 PM      eth0      6.00      0.00      0.47      0.00      0.00      0.00      0.00
09:19:02 PM      eth0      4.00      1.00      0.23      0.04      0.00      0.00      0.00
09:19:03 PM      eth0      5.00      0.00      0.29      0.00      0.00      0.00      0.00
09:19:04 PM      eth0      7.00      0.00      0.53      0.00      0.00      0.00      0.00
09:19:05 PM      eth0     15.00     11.00      2.39      2.90      0.00      0.00      0.00
09:19:06 PM      eth0      7.00      0.00      0.53      0.00      0.00      0.00      0.00
09:19:07 PM      eth0      6.00      0.00      0.63      0.00      0.00      0.00      0.00
09:19:08 PM      eth0    131.00    172.00     51.32     83.02      0.00      0.00      0.00
09:19:09 PM      eth0     76.00     94.00     30.26     41.63      0.00      0.00      0.00
09:19:10 PM      eth0     59.00     59.00     14.93     18.17      0.00      0.00      0.00
09:19:11 PM      eth0     25.00     27.00      4.31      5.50      0.00      0.00      0.00
09:19:12 PM      eth0      5.00      6.00      0.29      0.82      0.00      0.00      0.00
09:19:13 PM      eth0     80.00    103.00     25.75     44.45      0.00      0.00      0.00
09:19:14 PM      eth0      4.00      0.00      0.23      0.00      0.00      0.00      0.00
09:19:15 PM      eth0     14.00     17.00      2.27      3.61      0.00      0.00      0.00
09:19:16 PM      eth0      8.00      3.00      1.63      0.25      0.00      0.00      0.00
09:19:17 PM      eth0      6.00      0.00      0.43      0.00      0.00      0.00      0.00
09:19:18 PM      eth0     19.00     11.00      5.13      2.34      0.00      0.00      0.00
09:19:19 PM      eth0      9.00      6.00      1.29      0.70      0.00      0.00      0.00
09:19:20 PM      eth0      7.00      0.00      0.55      0.00      0.00      0.00      0.00
09:19:21 PM      eth0      8.00      0.00      0.74      0.00      0.00      0.00      0.00
09:19:22 PM      eth0      6.00      0.00      0.35      0.00      0.00      0.00      0.00
09:19:23 PM      eth0     26.00     22.00     15.03     10.57      0.00      0.00      0.00
09:19:24 PM      eth0 48767406368.00 69138901374.00 51492280430.75 97959241771.14      0.00      0.00 105206.00
09:19:25 PM      eth0     16.00     27.00      3.83      6.33      0.00      0.00      0.00
09:19:26 PM      eth0     57.00     68.00     15.00     18.69      0.00      0.00      0.00
09:19:27 PM      eth0     32.00     31.00      7.94      5.96      0.00      0.00      0.00
09:19:28 PM      eth0      6.00      0.00      0.35      0.00      0.00      0.00      0.00
09:19:29 PM      eth0     42.00     43.00     15.56     17.25      0.00      0.00      0.00
09:19:30 PM      eth0     47.00     62.00     11.16     27.46      0.00      0.00      0.00
09:19:31 PM      eth0      5.00      9.00      0.81      1.11      0.00      0.00      0.00
09:19:32 PM      eth0      8.00      2.00      1.63      0.29      0.00      0.00      0.00
09:19:33 PM      eth0      9.00      0.00      0.67      0.00      0.00      0.00      0.00
09:19:34 PM      eth0     19.00     14.00      6.15      2.74      0.00      0.00      0.00
09:19:35 PM      eth0     16.00     17.00      3.07      3.61      0.00      0.00      0.00
09:19:36 PM      eth0      5.00      0.00      0.40      0.00      0.00      0.00      0.00
09:19:37 PM      eth0      7.00      0.00      0.75      0.00      0.00      0.00      0.00
09:19:38 PM      eth0      9.00      0.00      0.92      0.00      0.00      0.00      0.00
09:19:39 PM      eth0      8.00      2.00      0.53      0.08      0.00      0.00      0.00
09:19:40 PM      eth0     22.00     18.00      7.25      4.67      0.00      0.00      0.00
09:19:41 PM      eth0     27.00     27.00     12.26      6.59      0.00      0.00      0.00
09:19:42 PM      eth0     18.00     20.00      3.92      5.55      0.00      0.00      0.00
09:19:43 PM      eth0      8.00     12.00      1.31      2.92      0.00      0.00      0.00
09:19:44 PM      eth0      7.00      3.00      0.41      0.27      0.00      0.00      0.00
09:19:45 PM      eth0     15.00     11.00      2.61      2.90      0.00      0.00      0.00
09:19:46 PM      eth0      9.00      4.00      0.65      0.40      0.00      0.00      0.00
09:19:47 PM      eth0    155.00    200.00     57.43     96.60      0.00      0.00      0.00
09:19:48 PM      eth0     61.00     75.00     23.45     30.36      0.00      0.00      0.00
09:19:49 PM      eth0     41.00     47.00     10.29     14.25      0.00      0.00      0.00
09:19:50 PM      eth0     33.00     31.00      8.71      7.35      0.00      0.00      0.00
09:19:51 PM      eth0     16.00     17.00      2.21      3.23      0.00      0.00      0.00
09:19:52 PM      eth0     81.00     88.00     31.85     33.22      0.00      0.00      0.00
09:19:53 PM      eth0     79.00    101.00     25.86     44.32      0.00      0.00      0.00
09:19:54 PM      eth0      9.00      4.00      0.87      0.39      0.00      0.00      0.00
09:19:55 PM      eth0    151.00    201.00     56.51     94.44      0.00      0.00      0.00
09:19:56 PM      eth0 48767407457.00 69138902595.00 51492280771.94 97959242237.73      0.00      0.00 105206.00
09:19:57 PM      eth0     44.00     38.00     11.14     13.45      0.00      0.00      0.00
09:19:58 PM      eth0     40.00     43.00     15.86     10.09      0.00      0.00      0.00
09:19:59 PM      eth0     16.00     14.00      2.21      2.73      0.00      0.00      0.00
09:20:00 PM      eth0      8.00      0.00      1.05      0.00      0.00      0.00      0.00
09:20:01 PM      eth0     82.00     98.00     26.02     44.13      0.00      0.00      0.00
09:20:02 PM      eth0      6.00      6.00      0.43      0.70      0.00      0.00      0.00
09:20:03 PM      eth0     10.00      2.00      2.08      0.20      0.00      0.00      0.00
09:20:04 PM      eth0     15.00     12.00      7.62      2.53      0.00      0.00      0.00
09:20:05 PM      eth0     14.00     17.00      2.27      3.69      0.00      0.00      0.00
09:20:06 PM      eth0     13.00     27.00      1.84      6.15      0.00      0.00      0.00
09:20:07 PM      eth0     14.00      6.00      1.88      0.64      0.00      0.00      0.00
09:20:08 PM      eth0      8.00      0.00      0.74      0.00      0.00      0.00      0.00
09:20:09 PM      eth0     11.00      4.00      0.82      0.40      0.00      0.00      0.00
09:20:10 PM      eth0    129.00    180.00     45.48     85.57      0.00      0.00      0.00
09:20:11 PM      eth0     82.00     99.00     30.37     41.97      0.00      0.00      0.00
09:20:12 PM      eth0     25.00     21.00     11.46      5.02      0.00      0.00      0.00
09:20:13 PM      eth0     36.00     39.00      7.33     12.00      0.00      0.00      0.00
09:20:14 PM      eth0     20.00     29.00      5.11      5.61      0.00      0.00      0.00
09:20:15 PM      eth0     29.00     32.00      6.40      8.14      0.00      0.00      0.00
09:20:16 PM      eth0      6.00      3.00      0.35      0.27      0.00      0.00      0.00
09:20:17 PM      eth0     84.00    102.00     25.95     44.51      0.00      0.00      0.00
09:20:18 PM      eth0      9.00     10.00      1.68      1.22      0.00      0.00      0.00
09:20:19 PM      eth0      9.00      0.00      1.12      0.00      0.00      0.00      0.00
09:20:20 PM      eth0     22.00     12.00     10.23      2.58      0.00      0.00      0.00
09:20:21 PM      eth0      7.00      0.00      0.50      0.00      0.00      0.00      0.00
09:20:22 PM      eth0      9.00     10.00      0.82      1.18      0.00      0.00      0.00
09:20:23 PM      eth0      9.00      0.00      0.67      0.00      0.00      0.00      0.00
09:20:24 PM      eth0      7.00      0.00      0.41      0.00      0.00      0.00      0.00
09:20:25 PM      eth0     16.00     11.00      2.51      2.90      0.00      0.00      0.00
09:20:26 PM      eth0      9.00      1.00      2.02      0.16      0.00      0.00      0.00
09:20:27 PM      eth0      7.00      1.00      0.93      0.04      0.00      0.00      0.00
09:20:28 PM      eth0     20.00     28.00      9.80      5.97      0.00      0.00      0.00
09:20:29 PM      eth0      9.00      9.00      0.78      1.03      0.00      0.00      0.00
09:20:30 PM      eth0      8.00      0.00      0.61      0.00      0.00      0.00      0.00
09:20:31 PM      eth0      7.00      4.00      0.47      0.40      0.00      0.00      0.00
09:20:32 PM      eth0      5.00      0.00      0.29      0.00      0.00      0.00      0.00
09:20:33 PM      eth0      8.00      4.00      0.59      0.39      0.00      0.00      0.00
09:20:34 PM      eth0      6.00      1.00      1.51      0.16      0.00      0.00      0.00
09:20:35 PM      eth0     16.00     11.00      2.53      2.90      0.00      0.00      0.00
09:20:36 PM      eth0     20.00     12.00      9.86      2.64      0.00      0.00      0.00
09:20:37 PM      eth0      9.00      3.00      0.75      0.35      0.00      0.00      0.00
09:20:38 PM      eth0      9.00      1.00      0.68      0.04      0.00      0.00      0.00
09:20:39 PM      eth0      7.00      0.00      0.47      0.00      0.00      0.00      0.00
09:20:40 PM      eth0     11.00      8.00      1.27      2.25      0.00      0.00      0.00
09:20:41 PM      eth0     79.00    101.00     29.47     47.04      0.00      0.00      0.00
09:20:42 PM      eth0 48767408602.00 69138903766.00 51492281112.70 97959242676.60      0.00      0.00 105206.00
09:20:43 PM      eth0 48767408650.00 69138903816.00 51492281130.63 97959242693.76      0.00      0.00 105206.00
09:20:44 PM      eth0     32.00     32.00      8.30      9.00      0.00      0.00      0.00
09:20:45 PM      eth0     28.00     24.00      5.81      5.63      0.00      0.00      0.00
09:20:46 PM      eth0      4.00      0.00      0.23      0.00      0.00      0.00      0.00
09:20:47 PM      eth0     79.00    101.00     26.36     44.33      0.00      0.00      0.00
09:20:48 PM      eth0      6.00      6.00      0.38      0.70      0.00      0.00      0.00
09:20:49 PM      eth0      8.00      1.00      1.68      0.16      0.00      0.00      0.00
09:20:50 PM      eth0     17.00     12.00     10.16      2.61      0.00      0.00      0.00
09:20:51 PM      eth0      6.00      0.00      0.63      0.00      0.00      0.00      0.00
09:20:52 PM      eth0    105.94    128.71     44.83     43.78      0.00      0.00      0.00
09:20:53 PM      eth0     13.00      1.00      1.64      0.04      0.00      0.00      0.00
09:20:54 PM      eth0      8.00      0.00      0.83      0.00      0.00      0.00      0.00
09:20:55 PM      eth0     18.00     12.00      2.56      2.95      0.00      0.00      0.00
09:20:56 PM      eth0      7.00      0.00      0.53      0.00      0.00      0.00      0.00
09:20:57 PM      eth0    151.00    199.00     56.27     96.44      0.00      0.00      0.00
09:20:58 PM      eth0     64.00     75.00     28.73     30.44      0.00      0.00      0.00
09:20:59 PM      eth0     38.00     43.00     10.02     13.99      0.00      0.00      0.00
09:21:00 PM      eth0     22.00     24.00      5.17      5.09      0.00      0.00      0.00
09:21:01 PM      eth0     19.00     28.00      4.36      6.06      0.00      0.00      0.00
09:21:02 PM      eth0      8.00      3.00      1.12      0.27      0.00      0.00      0.00
09:21:03 PM      eth0     82.00     99.00     26.54     44.19      0.00      0.00      0.00
09:21:04 PM      eth0     26.00     34.00     14.42     11.77      0.00      0.00      0.00
09:21:05 PM      eth0    168.00    227.00     58.82    108.99      0.00      0.00      0.00
09:21:06 PM      eth0 48767409596.00 69138904905.00 51492281456.85 97959243131.34      0.00      0.00 105206.00
09:21:07 PM      eth0 48767409634.00 69138904945.00 51492281466.88 97959243144.92      0.00      0.00 105206.00
09:21:08 PM      eth0     16.00     15.00      4.57      2.87      0.00      0.00      0.00
09:21:09 PM      eth0     26.00     29.00      5.45      5.76      0.00      0.00      0.00
09:21:10 PM      eth0     10.00      8.00      0.91      2.25      0.00      0.00      0.00
09:21:11 PM      eth0     83.00    101.00     25.84     45.49      0.00      0.00      0.00
09:21:12 PM      eth0     95.00    121.00     35.14     55.03      0.00      0.00      0.00
09:21:13 PM      eth0    112.00    148.00     40.61     70.21      0.00      0.00      0.00
09:24:44 PM      eth0 48802547356.00 69142062962.00 51544218914.96 97959601845.55      0.00      0.00 105207.00
09:24:45 PM      eth0    307.00    406.00     81.44    183.74      0.00      0.00      0.00
09:24:46 PM      eth0    196.00    248.00     52.27    106.75      0.00      0.00      0.00
09:24:47 PM      eth0    300.00    422.00     75.56    196.10      0.00      0.00      0.00
09:24:48 PM      eth0    254.00    334.00     59.94    141.62      0.00      0.00      0.00
09:24:49 PM      eth0     26.00     24.00      9.85      5.88      0.00      0.00      0.00
09:24:50 PM      eth0     10.00      2.00      3.02      0.33      0.00      0.00      0.00
09:24:51 PM      eth0      9.00      2.00      2.78      0.33      0.00      0.00      0.00
09:24:52 PM      eth0     19.00      7.00      9.00      1.14      0.00      0.00      0.00
09:24:53 PM      eth0     16.00      6.00      7.69      0.98      0.00      0.00      0.00
09:24:54 PM      eth0     65.00     66.00     22.95     25.94      0.00      0.00      0.00
09:24:55 PM      eth0     19.00     14.00      5.94      3.39      0.00      0.00      0.00
09:24:56 PM      eth0     20.00     13.00      6.18      3.14      0.00      0.00      0.00
09:24:57 PM      eth0     36.00     39.00     11.49     11.91      0.00      0.00      0.00
09:24:58 PM      eth0     69.00     80.00     18.62     25.37      0.00      0.00      0.00
09:24:59 PM      eth0     60.00     66.00     18.60     20.94      0.00      0.00      0.00
09:25:00 PM      eth0     39.00     37.00     11.68     11.78      0.00      0.00      0.00
09:25:01 PM      eth0     49.00     53.00     14.19     18.06      0.00      0.00      0.00
09:25:02 PM      eth0     49.00     50.00     13.57     16.27      0.00      0.00      0.00
09:25:03 PM      eth0     20.00      8.00      8.24      1.30      0.00      0.00      0.00
09:25:04 PM      eth0     20.00      8.00      8.24      1.30      0.00      0.00      0.00
09:25:05 PM      eth0     50.00     30.00     23.84      6.00      0.00      0.00      0.00
09:25:06 PM      eth0     39.00     17.00     21.27      2.77      0.00      0.00      0.00
09:25:07 PM      eth0     19.00      6.00      7.81      0.98      0.00      0.00      0.00
