              total        used        free      shared  buff/cache   available
Mem:          48114        1725       44019        1005        2369       44293
Swap:         24191        1661       22530
Total:        72306        3387       66549

              total        used        free      shared  buff/cache   available
Mem:          48114        1727       44017        1005        2369       44291
Swap:         24191        1661       22530
Total:        72306        3389       66547

              total        used        free      shared  buff/cache   available
Mem:          48114        1749       43995        1005        2369       44269
Swap:         24191        1661       22530
Total:        72306        3410       66525

              total        used        free      shared  buff/cache   available
Mem:          48114        1765       43978        1005        2369       44253
Swap:         24191        1661       22530
Total:        72306        3427       66509

              total        used        free      shared  buff/cache   available
Mem:          48114        1774       43969        1005        2369       44243
Swap:         24191        1661       22530
Total:        72306        3436       66499

              total        used        free      shared  buff/cache   available
Mem:          48114        1821       43922        1005        2370       44197
Swap:         24191        1661       22530
Total:        72306        3483       66453

              total        used        free      shared  buff/cache   available
Mem:          48114        1819       43924        1005        2370       44199
Swap:         24191        1661       22530
Total:        72306        3481       66454

              total        used        free      shared  buff/cache   available
Mem:          48114        1908       43835        1005        2370       44110
Swap:         24191        1661       22530
Total:        72306        3570       66365

              total        used        free      shared  buff/cache   available
Mem:          48114        1844       43898        1005        2370       44173
Swap:         24191        1661       22530
Total:        72306        3506       66428

              total        used        free      shared  buff/cache   available
Mem:          48114        1835       43907        1005        2370       44182
Swap:         24191        1661       22530
Total:        72306        3497       66437

              total        used        free      shared  buff/cache   available
Mem:          48114        1835       43908        1005        2370       44183
Swap:         24191        1661       22530
Total:        72306        3496       66438

              total        used        free      shared  buff/cache   available
Mem:          48114        1833       43909        1005        2371       44184
Swap:         24191        1661       22530
Total:        72306        3495       66439

              total        used        free      shared  buff/cache   available
Mem:          48114        1833       43909        1005        2371       44184
Swap:         24191        1661       22530
Total:        72306        3495       66439

              total        used        free      shared  buff/cache   available
Mem:          48114        1834       43908        1005        2371       44184
Swap:         24191        1661       22530
Total:        72306        3496       66438

              total        used        free      shared  buff/cache   available
Mem:          48114        1833       43908        1005        2371       44184
Swap:         24191        1661       22530
Total:        72306        3495       66439

              total        used        free      shared  buff/cache   available
Mem:          48114        1833       43909        1005        2371       44185
Swap:         24191        1661       22530
Total:        72306        3495       66439

              total        used        free      shared  buff/cache   available
Mem:          48114        1831       43910        1005        2371       44186
Swap:         24191        1661       22530
Total:        72306        3493       66440

              total        used        free      shared  buff/cache   available
Mem:          48114        1831       43911        1005        2371       44187
Swap:         24191        1661       22530
Total:        72306        3492       66441

              total        used        free      shared  buff/cache   available
Mem:          48114        1830       43911        1005        2372       44187
Swap:         24191        1661       22530
Total:        72306        3492       66441

              total        used        free      shared  buff/cache   available
Mem:          48114        1830       43911        1005        2372       44188
Swap:         24191        1661       22530
Total:        72306        3492       66441

              total        used        free      shared  buff/cache   available
Mem:          48114        1830       43911        1005        2372       44188
Swap:         24191        1661       22530
Total:        72306        3491       66441

              total        used        free      shared  buff/cache   available
Mem:          48114        1829       43912        1005        2372       44189
Swap:         24191        1661       22530
Total:        72306        3491       66442

              total        used        free      shared  buff/cache   available
Mem:          48114        1828       43912        1005        2372       44189
Swap:         24191        1661       22530
Total:        72306        3490       66442

              total        used        free      shared  buff/cache   available
Mem:          48114        1828       43913        1005        2372       44190
Swap:         24191        1661       22530
Total:        72306        3490       66443

              total        used        free      shared  buff/cache   available
Mem:          48114        1829       43912        1005        2373       44189
Swap:         24191        1661       22530
Total:        72306        3490       66442

              total        used        free      shared  buff/cache   available
Mem:          48114        1828       43913        1005        2373       44190
Swap:         24191        1661       22530
Total:        72306        3489       66443

              total        used        free      shared  buff/cache   available
Mem:          48114        1829       43911        1005        2373       44189
Swap:         24191        1661       22530
Total:        72306        3491       66441

              total        used        free      shared  buff/cache   available
Mem:          48114        1828       43912        1005        2373       44190
Swap:         24191        1661       22530
Total:        72306        3490       66442

              total        used        free      shared  buff/cache   available
Mem:          48114        1827       43913        1005        2373       44191
Swap:         24191        1661       22530
Total:        72306        3489       66443

              total        used        free      shared  buff/cache   available
Mem:          48114        1827       43913        1005        2373       44191
Swap:         24191        1661       22530
Total:        72306        3489       66443

              total        used        free      shared  buff/cache   available
Mem:          48114        1826       43913        1005        2373       44191
Swap:         24191        1661       22530
Total:        72306        3488       66443

              total        used        free      shared  buff/cache   available
Mem:          48114        1826       43913        1005        2374       44191
Swap:         24191        1661       22530
Total:        72306        3488       66443

              total        used        free      shared  buff/cache   available
Mem:          48114        1826       43913        1005        2374       44192
Swap:         24191        1661       22530
Total:        72306        3488       66443

              total        used        free      shared  buff/cache   available
Mem:          48114        1825       43914        1005        2374       44192
Swap:         24191        1661       22530
Total:        72306        3487       66444

              total        used        free      shared  buff/cache   available
Mem:          48114        1825       43913        1005        2374       44192
Swap:         24191        1661       22530
Total:        72306        3487       66443

              total        used        free      shared  buff/cache   available
Mem:          48114        1825       43914        1005        2374       44193
Swap:         24191        1661       22530
Total:        72306        3486       66444

              total        used        free      shared  buff/cache   available
Mem:          48114        1824       43914        1005        2375       44193
Swap:         24191        1661       22530
Total:        72306        3486       66444

              total        used        free      shared  buff/cache   available
Mem:          48114        1824       43914        1005        2375       44193
Swap:         24191        1661       22530
Total:        72306        3486       66444

              total        used        free      shared  buff/cache   available
Mem:          48114        1825       43913        1005        2375       44193
Swap:         24191        1661       22530
Total:        72306        3487       66444

              total        used        free      shared  buff/cache   available
Mem:          48114        1824       43914        1005        2375       44193
Swap:         24191        1661       22530
Total:        72306        3486       66444

              total        used        free      shared  buff/cache   available
Mem:          48114        1824       43914        1005        2375       44194
Swap:         24191        1661       22530
Total:        72306        3486       66444

              total        used        free      shared  buff/cache   available
Mem:          48114        1824       43914        1005        2375       44194
Swap:         24191        1661       22530
Total:        72306        3486       66444

              total        used        free      shared  buff/cache   available
Mem:          48114        1823       43914        1005        2375       44194
Swap:         24191        1661       22530
Total:        72306        3485       66444

              total        used        free      shared  buff/cache   available
Mem:          48114        1823       43914        1005        2376       44194
Swap:         24191        1661       22530
Total:        72306        3485       66444

              total        used        free      shared  buff/cache   available
Mem:          48114        1824       43913        1005        2376       44193
Swap:         24191        1661       22530
Total:        72306        3486       66443

              total        used        free      shared  buff/cache   available
Mem:          48114        1824       43913        1005        2376       44194
Swap:         24191        1661       22530
Total:        72306        3486       66443

              total        used        free      shared  buff/cache   available
Mem:          48114        1825       43912        1005        2376       44192
Swap:         24191        1661       22530
Total:        72306        3487       66442

              total        used        free      shared  buff/cache   available
Mem:          48114        1825       43912        1005        2376       44193
Swap:         24191        1661       22530
Total:        72306        3486       66442

              total        used        free      shared  buff/cache   available
Mem:          48114        1823       43913        1005        2376       44194
Swap:         24191        1661       22530
Total:        72306        3485       66443

              total        used        free      shared  buff/cache   available
Mem:          48114        1823       43913        1005        2377       44194
Swap:         24191        1661       22530
Total:        72306        3485       66443

              total        used        free      shared  buff/cache   available
Mem:          48114        1824       43913        1005        2377       44194
Swap:         24191        1661       22530
Total:        72306        3485       66443

              total        used        free      shared  buff/cache   available
Mem:          48114        1823       43913        1005        2377       44194
Swap:         24191        1661       22530
Total:        72306        3485       66443

              total        used        free      shared  buff/cache   available
Mem:          48114        1823       43913        1005        2377       44194
Swap:         24191        1661       22530
Total:        72306        3485       66443

              total        used        free      shared  buff/cache   available
Mem:          48114        1823       43913        1005        2377       44194
Swap:         24191        1661       22530
Total:        72306        3485       66443

              total        used        free      shared  buff/cache   available
Mem:          48114        1824       43912        1005        2377       44194
Swap:         24191        1661       22530
Total:        72306        3486       66442

              total        used        free      shared  buff/cache   available
Mem:          48114        1823       43912        1005        2377       44194
Swap:         24191        1661       22530
Total:        72306        3485       66442

              total        used        free      shared  buff/cache   available
Mem:          48114        1823       43912        1005        2378       44194
Swap:         24191        1661       22530
Total:        72306        3485       66442

              total        used        free      shared  buff/cache   available
Mem:          48114        1823       43912        1005        2378       44194
Swap:         24191        1661       22530
Total:        72306        3485       66442

              total        used        free      shared  buff/cache   available
Mem:          48114        1823       43912        1005        2378       44194
Swap:         24191        1661       22530
Total:        72306        3485       66442

              total        used        free      shared  buff/cache   available
Mem:          48114        1823       43912        1005        2378       44194
Swap:         24191        1661       22530
Total:        72306        3485       66442

              total        used        free      shared  buff/cache   available
Mem:          48114        1824       43910        1005        2378       44193
Swap:         24191        1661       22530
Total:        72306        3486       66440

              total        used        free      shared  buff/cache   available
Mem:          48114        1825       43910        1005        2378       44193
Swap:         24191        1661       22530
Total:        72306        3487       66440

              total        used        free      shared  buff/cache   available
Mem:          48114        1825       43910        1005        2378       44193
Swap:         24191        1661       22530
Total:        72306        3487       66440

              total        used        free      shared  buff/cache   available
Mem:          48114        1825       43909        1005        2379       44193
Swap:         24191        1661       22530
Total:        72306        3487       66440

              total        used        free      shared  buff/cache   available
Mem:          48114        1825       43909        1005        2379       44193
Swap:         24191        1661       22530
Total:        72306        3487       66439

              total        used        free      shared  buff/cache   available
Mem:          48114        1824       43910        1005        2379       44193
Swap:         24191        1661       22530
Total:        72306        3486       66440

              total        used        free      shared  buff/cache   available
Mem:          48114        1824       43910        1005        2379       44193
Swap:         24191        1661       22530
Total:        72306        3486       66440

              total        used        free      shared  buff/cache   available
Mem:          48114        1823       43910        1005        2379       44194
Swap:         24191        1661       22530
Total:        72306        3485       66440

              total        used        free      shared  buff/cache   available
Mem:          48114        1824       43909        1005        2379       44193
Swap:         24191        1661       22530
Total:        72306        3486       66439

              total        used        free      shared  buff/cache   available
Mem:          48114        1824       43910        1005        2379       44194
Swap:         24191        1661       22530
Total:        72306        3486       66440

              total        used        free      shared  buff/cache   available
Mem:          48114        1824       43909        1005        2379       44194
Swap:         24191        1661       22530
Total:        72306        3486       66439

              total        used        free      shared  buff/cache   available
Mem:          48114        1824       43910        1005        2380       44194
Swap:         24191        1661       22530
Total:        72306        3485       66440

              total        used        free      shared  buff/cache   available
Mem:          48114        1823       43910        1005        2380       44194
Swap:         24191        1661       22530
Total:        72306        3485       66440

              total        used        free      shared  buff/cache   available
Mem:          48114        1823       43910        1005        2380       44195
Swap:         24191        1661       22530
Total:        72306        3485       66440

              total        used        free      shared  buff/cache   available
Mem:          48114        1823       43910        1005        2380       44195
Swap:         24191        1661       22530
Total:        72306        3485       66440

              total        used        free      shared  buff/cache   available
Mem:          48114        1822       43910        1005        2380       44195
Swap:         24191        1661       22530
Total:        72306        3484       66440

              total        used        free      shared  buff/cache   available
Mem:          48114        1824       43909        1005        2380       44194
Swap:         24191        1661       22530
Total:        72306        3486       66439

              total        used        free      shared  buff/cache   available
Mem:          48114        1825       43908        1005        2381       44193
Swap:         24191        1661       22530
Total:        72306        3486       66438

              total        used        free      shared  buff/cache   available
Mem:          48114        1825       43907        1005        2381       44192
Swap:         24191        1661       22530
Total:        72306        3487       66437

              total        used        free      shared  buff/cache   available
Mem:          48114        1825       43907        1005        2381       44192
Swap:         24191        1661       22530
Total:        72306        3487       66437

              total        used        free      shared  buff/cache   available
Mem:          48114        1825       43907        1005        2381       44193
Swap:         24191        1661       22530
Total:        72306        3487       66437

              total        used        free      shared  buff/cache   available
Mem:          48114        1825       43906        1005        2381       44192
Swap:         24191        1661       22530
Total:        72306        3487       66436

              total        used        free      shared  buff/cache   available
Mem:          48114        1826       43905        1005        2381       44191
Swap:         24191        1661       22530
Total:        72306        3488       66435

              total        used        free      shared  buff/cache   available
Mem:          48114        1825       43906        1005        2382       44192
Swap:         24191        1661       22530
Total:        72306        3487       66436

              total        used        free      shared  buff/cache   available
Mem:          48114        1825       43906        1005        2382       44192
Swap:         24191        1661       22530
Total:        72306        3487       66436

              total        used        free      shared  buff/cache   available
Mem:          48114        1825       43906        1005        2382       44193
Swap:         24191        1661       22530
Total:        72306        3487       66436

              total        used        free      shared  buff/cache   available
Mem:          48114        1825       43906        1005        2382       44193
Swap:         24191        1661       22530
Total:        72306        3487       66436

              total        used        free      shared  buff/cache   available
Mem:          48114        1825       43906        1005        2382       44193
Swap:         24191        1661       22530
Total:        72306        3487       66436

              total        used        free      shared  buff/cache   available
Mem:          48114        1825       43906        1005        2382       44193
Swap:         24191        1661       22530
Total:        72306        3487       66436

              total        used        free      shared  buff/cache   available
Mem:          48114        1824       43906        1005        2382       44193
Swap:         24191        1661       22530
Total:        72306        3486       66436

              total        used        free      shared  buff/cache   available
Mem:          48114        1825       43906        1005        2383       44193
Swap:         24191        1661       22530
Total:        72306        3487       66436

              total        used        free      shared  buff/cache   available
Mem:          48114        1824       43906        1005        2383       44193
Swap:         24191        1661       22530
Total:        72306        3486       66436

              total        used        free      shared  buff/cache   available
Mem:          48114        1826       43904        1005        2383       44191
Swap:         24191        1661       22530
Total:        72306        3488       66434

              total        used        free      shared  buff/cache   available
Mem:          48114        1825       43905        1005        2383       44192
Swap:         24191        1661       22530
Total:        72306        3487       66435

              total        used        free      shared  buff/cache   available
Mem:          48114        1824       43905        1005        2383       44193
Swap:         24191        1661       22530
Total:        72306        3486       66435

              total        used        free      shared  buff/cache   available
Mem:          48114        1824       43905        1005        2383       44193
Swap:         24191        1661       22530
Total:        72306        3486       66435

              total        used        free      shared  buff/cache   available
Mem:          48114        1826       43904        1005        2383       44192
Swap:         24191        1661       22530
Total:        72306        3487       66434

              total        used        free      shared  buff/cache   available
Mem:          48114        1826       43903        1005        2384       44192
Swap:         24191        1661       22530
Total:        72306        3488       66433

              total        used        free      shared  buff/cache   available
Mem:          48114        1825       43904        1005        2384       44192
Swap:         24191        1661       22530
Total:        72306        3487       66434

              total        used        free      shared  buff/cache   available
Mem:          48114        1825       43904        1005        2384       44193
Swap:         24191        1661       22530
Total:        72306        3487       66434

              total        used        free      shared  buff/cache   available
Mem:          48114        1825       43904        1005        2384       44193
Swap:         24191        1661       22530
Total:        72306        3487       66434

              total        used        free      shared  buff/cache   available
Mem:          48114        1825       43904        1005        2384       44193
Swap:         24191        1661       22530
Total:        72306        3486       66434

              total        used        free      shared  buff/cache   available
Mem:          48114        1824       43904        1005        2384       44193
Swap:         24191        1661       22530
Total:        72306        3486       66435

              total        used        free      shared  buff/cache   available
Mem:          48114        1823       43905        1005        2385       44194
Swap:         24191        1661       22530
Total:        72306        3485       66435

              total        used        free      shared  buff/cache   available
Mem:          48114        1826       43903        1005        2385       44192
Swap:         24191        1661       22530
Total:        72306        3487       66433

              total        used        free      shared  buff/cache   available
Mem:          48114        1825       43903        1005        2385       44192
Swap:         24191        1661       22530
Total:        72306        3487       66433

              total        used        free      shared  buff/cache   available
Mem:          48114        1825       43903        1005        2385       44193
Swap:         24191        1661       22530
Total:        72306        3487       66433

              total        used        free      shared  buff/cache   available
Mem:          48114        1824       43904        1005        2385       44193
Swap:         24191        1661       22530
Total:        72306        3486       66434

              total        used        free      shared  buff/cache   available
Mem:          48114        1824       43903        1005        2385       44193
Swap:         24191        1661       22530
Total:        72306        3486       66433

              total        used        free      shared  buff/cache   available
Mem:          48114        1823       43904        1005        2385       44194
Swap:         24191        1661       22530
Total:        72306        3485       66434

              total        used        free      shared  buff/cache   available
Mem:          48114        1823       43904        1005        2386       44194
Swap:         24191        1661       22530
Total:        72306        3485       66434

              total        used        free      shared  buff/cache   available
Mem:          48114        1823       43904        1005        2386       44194
Swap:         24191        1661       22530
Total:        72306        3485       66434

              total        used        free      shared  buff/cache   available
Mem:          48114        1823       43904        1005        2386       44194
Swap:         24191        1661       22530
Total:        72306        3485       66434

              total        used        free      shared  buff/cache   available
Mem:          48114        1822       43904        1005        2386       44195
Swap:         24191        1661       22530
Total:        72306        3484       66434

              total        used        free      shared  buff/cache   available
Mem:          48114        1823       43903        1005        2386       44194
Swap:         24191        1661       22530
Total:        72306        3485       66433

              total        used        free      shared  buff/cache   available
Mem:          48114        1823       43903        1005        2386       44194
Swap:         24191        1661       22530
Total:        72306        3485       66433

              total        used        free      shared  buff/cache   available
Mem:          48114        1823       43903        1005        2387       44194
Swap:         24191        1661       22530
Total:        72306        3485       66433

              total        used        free      shared  buff/cache   available
Mem:          48114        1823       43904        1005        2387       44195
Swap:         24191        1661       22530
Total:        72306        3484       66434

              total        used        free      shared  buff/cache   available
Mem:          48114        1823       43903        1005        2387       44194
Swap:         24191        1661       22530
Total:        72306        3485       66433

              total        used        free      shared  buff/cache   available
Mem:          48114        1822       43903        1005        2387       44195
Swap:         24191        1661       22530
Total:        72306        3484       66433

              total        used        free      shared  buff/cache   available
Mem:          48114        1823       43903        1005        2387       44194
Swap:         24191        1661       22530
Total:        72306        3485       66433

              total        used        free      shared  buff/cache   available
Mem:          48114        1823       43903        1005        2387       44195
Swap:         24191        1661       22530
Total:        72306        3485       66433

              total        used        free      shared  buff/cache   available
Mem:          48114        1824       43901        1005        2388       44193
Swap:         24191        1661       22530
Total:        72306        3486       66431

              total        used        free      shared  buff/cache   available
Mem:          48114        1824       43902        1005        2388       44194
Swap:         24191        1661       22530
Total:        72306        3485       66432

              total        used        free      shared  buff/cache   available
Mem:          48114        1826       43899        1005        2388       44192
Swap:         24191        1661       22530
Total:        72306        3488       66430

              total        used        free      shared  buff/cache   available
Mem:          48114        1825       43900        1005        2388       44192
Swap:         24191        1661       22530
Total:        72306        3487       66430

              total        used        free      shared  buff/cache   available
Mem:          48114        1824       43901        1005        2388       44193
Swap:         24191        1661       22530
Total:        72306        3486       66431

              total        used        free      shared  buff/cache   available
Mem:          48114        1823       43901        1005        2388       44194
Swap:         24191        1661       22530
Total:        72306        3485       66431

              total        used        free      shared  buff/cache   available
Mem:          48114        1826       43899        1005        2388       44192
Swap:         24191        1661       22530
Total:        72306        3488       66429

              total        used        free      shared  buff/cache   available
Mem:          48114        1825       43899        1005        2389       44192
Swap:         24191        1661       22530
Total:        72306        3487       66429

              total        used        free      shared  buff/cache   available
Mem:          48114        1824       43900        1005        2389       44193
Swap:         24191        1661       22530
Total:        72306        3486       66430

              total        used        free      shared  buff/cache   available
Mem:          48114        1824       43901        1005        2389       44194
Swap:         24191        1661       22530
Total:        72306        3486       66431

              total        used        free      shared  buff/cache   available
Mem:          48114        1825       43899        1005        2389       44192
Swap:         24191        1661       22530
Total:        72306        3487       66429

              total        used        free      shared  buff/cache   available
Mem:          48114        1824       43900        1005        2389       44194
Swap:         24191        1661       22530
Total:        72306        3486       66430

              total        used        free      shared  buff/cache   available
Mem:          48114        1825       43899        1005        2389       44193
Swap:         24191        1661       22530
Total:        72306        3486       66429

              total        used        free      shared  buff/cache   available
Mem:          48114        1825       43899        1005        2389       44193
Swap:         24191        1661       22530
Total:        72306        3487       66429

              total        used        free      shared  buff/cache   available
Mem:          48114        1825       43898        1005        2389       44193
Swap:         24191        1661       22530
Total:        72306        3487       66429

              total        used        free      shared  buff/cache   available
Mem:          48114        1825       43898        1005        2389       44192
Swap:         24191        1661       22530
Total:        72306        3487       66429

              total        used        free      shared  buff/cache   available
Mem:          48114        1825       43898        1005        2390       44192
Swap:         24191        1661       22530
Total:        72306        3487       66428

              total        used        free      shared  buff/cache   available
Mem:          48114        1825       43898        1005        2390       44193
Swap:         24191        1661       22530
Total:        72306        3487       66428

              total        used        free      shared  buff/cache   available
Mem:          48114        1825       43898        1005        2390       44193
Swap:         24191        1661       22530
Total:        72306        3487       66428

              total        used        free      shared  buff/cache   available
Mem:          48114        1825       43898        1005        2390       44193
Swap:         24191        1661       22530
Total:        72306        3487       66428

              total        used        free      shared  buff/cache   available
Mem:          48114        1825       43898        1005        2390       44193
Swap:         24191        1661       22530
Total:        72306        3487       66428

              total        used        free      shared  buff/cache   available
Mem:          48114        1825       43897        1005        2390       44193
Swap:         24191        1661       22530
Total:        72306        3487       66428

              total        used        free      shared  buff/cache   available
Mem:          48114        1825       43897        1005        2391       44192
Swap:         24191        1661       22530
Total:        72306        3487       66427

              total        used        free      shared  buff/cache   available
Mem:          48114        1825       43897        1005        2391       44193
Swap:         24191        1661       22530
Total:        72306        3487       66427

              total        used        free      shared  buff/cache   available
Mem:          48114        1825       43897        1005        2391       44193
Swap:         24191        1661       22530
Total:        72306        3487       66427

              total        used        free      shared  buff/cache   available
Mem:          48114        1824       43897        1005        2391       44193
Swap:         24191        1661       22530
Total:        72306        3486       66428

              total        used        free      shared  buff/cache   available
Mem:          48114        1825       43896        1005        2391       44192
Swap:         24191        1661       22530
Total:        72306        3487       66427

              total        used        free      shared  buff/cache   available
Mem:          48114        1825       43897        1005        2391       44193
Swap:         24191        1661       22530
Total:        72306        3487       66427

              total        used        free      shared  buff/cache   available
Mem:          48114        1825       43896        1005        2392       44192
Swap:         24191        1661       22530
Total:        72306        3487       66426

              total        used        free      shared  buff/cache   available
Mem:          48114        1824       43897        1005        2392       44193
Swap:         24191        1661       22530
Total:        72306        3486       66427

              total        used        free      shared  buff/cache   available
Mem:          48114        1825       43896        1005        2392       44193
Swap:         24191        1661       22530
Total:        72306        3486       66426

              total        used        free      shared  buff/cache   available
Mem:          48114        1824       43897        1005        2392       44193
Swap:         24191        1661       22530
Total:        72306        3486       66427

              total        used        free      shared  buff/cache   available
Mem:          48114        1824       43897        1005        2392       44194
Swap:         24191        1661       22530
Total:        72306        3486       66427

              total        used        free      shared  buff/cache   available
Mem:          48114        1824       43897        1005        2392       44194
Swap:         24191        1661       22530
Total:        72306        3486       66427

              total        used        free      shared  buff/cache   available
Mem:          48114        1824       43896        1005        2392       44193
Swap:         24191        1661       22530
Total:        72306        3486       66427

              total        used        free      shared  buff/cache   available
Mem:          48114        1824       43896        1005        2393       44194
Swap:         24191        1661       22530
Total:        72306        3486       66427

              total        used        free      shared  buff/cache   available
Mem:          48114        1824       43896        1005        2393       44194
Swap:         24191        1661       22530
Total:        72306        3486       66426

              total        used        free      shared  buff/cache   available
Mem:          48114        1823       43897        1005        2393       44194
Swap:         24191        1661       22530
Total:        72306        3485       66427

              total        used        free      shared  buff/cache   available
Mem:          48114        1824       43896        1005        2393       44193
Swap:         24191        1661       22530
Total:        72306        3486       66426

              total        used        free      shared  buff/cache   available
Mem:          48114        1823       43897        1005        2393       44194
Swap:         24191        1661       22530
Total:        72306        3485       66427

              total        used        free      shared  buff/cache   available
Mem:          48114        1825       43894        1005        2393       44192
Swap:         24191        1661       22530
Total:        72306        3487       66424

              total        used        free      shared  buff/cache   available
Mem:          48114        1824       43895        1005        2393       44193
Swap:         24191        1661       22530
Total:        72306        3486       66425

              total        used        free      shared  buff/cache   available
Mem:          48114        1824       43895        1005        2393       44193
Swap:         24191        1661       22530
Total:        72306        3486       66425

              total        used        free      shared  buff/cache   available
Mem:          48114        1823       43896        1005        2394       44194
Swap:         24191        1661       22530
Total:        72306        3485       66426

              total        used        free      shared  buff/cache   available
Mem:          48114        1824       43895        1005        2394       44194
Swap:         24191        1661       22530
Total:        72306        3486       66425

              total        used        free      shared  buff/cache   available
Mem:          48114        1823       43896        1005        2394       44194
Swap:         24191        1661       22530
Total:        72306        3485       66426

              total        used        free      shared  buff/cache   available
Mem:          48114        1823       43895        1005        2394       44194
Swap:         24191        1661       22530
Total:        72306        3485       66425

              total        used        free      shared  buff/cache   available
Mem:          48114        1823       43895        1005        2394       44194
Swap:         24191        1661       22530
Total:        72306        3485       66425

              total        used        free      shared  buff/cache   available
Mem:          48114        1824       43894        1005        2395       44193
Swap:         24191        1661       22530
Total:        72306        3486       66424

              total        used        free      shared  buff/cache   available
Mem:          48114        1825       43893        1005        2395       44192
Swap:         24191        1661       22530
Total:        72306        3487       66423

              total        used        free      shared  buff/cache   available
Mem:          48114        1825       43894        1005        2395       44193
Swap:         24191        1661       22530
Total:        72306        3487       66424

              total        used        free      shared  buff/cache   available
Mem:          48114        1824       43894        1005        2395       44193
Swap:         24191        1661       22530
Total:        72306        3486       66424

              total        used        free      shared  buff/cache   available
Mem:          48114        1824       43894        1005        2395       44193
Swap:         24191        1661       22530
Total:        72306        3486       66424

              total        used        free      shared  buff/cache   available
Mem:          48114        1824       43893        1005        2395       44193
Swap:         24191        1661       22530
Total:        72306        3486       66424

              total        used        free      shared  buff/cache   available
Mem:          48114        1823       43894        1005        2395       44194
Swap:         24191        1661       22530
Total:        72306        3485       66424

              total        used        free      shared  buff/cache   available
Mem:          48114        1823       43894        1005        2396       44194
Swap:         24191        1661       22530
Total:        72306        3485       66424

              total        used        free      shared  buff/cache   available
Mem:          48114        1823       43894        1005        2396       44194
Swap:         24191        1661       22530
Total:        72306        3485       66424

              total        used        free      shared  buff/cache   available
Mem:          48114        1823       43894        1005        2396       44195
Swap:         24191        1661       22530
Total:        72306        3485       66424

              total        used        free      shared  buff/cache   available
Mem:          48114        1825       43892        1005        2396       44192
Swap:         24191        1661       22530
Total:        72306        3487       66422

              total        used        free      shared  buff/cache   available
Mem:          48114        1825       43892        1005        2396       44193
Swap:         24191        1661       22530
Total:        72306        3486       66422

              total        used        free      shared  buff/cache   available
Mem:          48114        1825       43891        1005        2396       44192
Swap:         24191        1661       22530
Total:        72306        3487       66421

              total        used        free      shared  buff/cache   available
Mem:          48114        1824       43892        1005        2396       44193
Swap:         24191        1661       22530
Total:        72306        3486       66422

              total        used        free      shared  buff/cache   available
Mem:          48114        1824       43893        1005        2397       44194
Swap:         24191        1661       22530
Total:        72306        3485       66423

              total        used        free      shared  buff/cache   available
Mem:          48114        1823       43893        1005        2397       44194
Swap:         24191        1661       22530
Total:        72306        3485       66423

              total        used        free      shared  buff/cache   available
Mem:          48114        1825       43891        1005        2397       44192
Swap:         24191        1661       22530
Total:        72306        3487       66421

              total        used        free      shared  buff/cache   available
Mem:          48114        1824       43892        1005        2397       44193
Swap:         24191        1661       22530
Total:        72306        3486       66422

              total        used        free      shared  buff/cache   available
Mem:          48114        1824       43892        1005        2397       44193
Swap:         24191        1661       22530
Total:        72306        3486       66422

              total        used        free      shared  buff/cache   available
Mem:          48114        1824       43892        1005        2397       44194
Swap:         24191        1661       22530
Total:        72306        3486       66422

              total        used        free      shared  buff/cache   available
Mem:          48114        1824       43892        1005        2397       44194
Swap:         24191        1661       22530
Total:        72306        3486       66422

              total        used        free      shared  buff/cache   available
Mem:          48114        1823       43892        1005        2398       44194
Swap:         24191        1661       22530
Total:        72306        3485       66422

              total        used        free      shared  buff/cache   available
Mem:          48114        1824       43891        1005        2398       44193
Swap:         24191        1661       22530
Total:        72306        3486       66421

              total        used        free      shared  buff/cache   available
Mem:          48114        1824       43891        1005        2398       44194
Swap:         24191        1661       22530
Total:        72306        3486       66421

              total        used        free      shared  buff/cache   available
Mem:          48114        1824       43891        1005        2398       44193
Swap:         24191        1661       22530
Total:        72306        3486       66421

              total        used        free      shared  buff/cache   available
Mem:          48114        1823       43892        1005        2398       44195
Swap:         24191        1661       22530
Total:        72306        3484       66422

              total        used        free      shared  buff/cache   available
Mem:          48114        1823       43891        1005        2398       44194
Swap:         24191        1661       22530
Total:        72306        3485       66421

              total        used        free      shared  buff/cache   available
Mem:          48114        1824       43890        1005        2398       44194
Swap:         24191        1661       22530
Total:        72306        3486       66421

              total        used        free      shared  buff/cache   available
Mem:          48114        1825       43889        1005        2399       44193
Swap:         24191        1661       22530
Total:        72306        3487       66419

              total        used        free      shared  buff/cache   available
Mem:          48114        1825       43889        1005        2399       44193
Swap:         24191        1661       22530
Total:        72306        3487       66419

              total        used        free      shared  buff/cache   available
Mem:          48114        1803       43911        1005        2399       44215
Swap:         24191        1661       22530
Total:        72306        3465       66442
