05:22:11 PM      eth0      9.00      3.00      0.65      0.26      0.00      0.00      0.00
05:22:12 PM      eth0     15.00     11.00      2.33      2.90      0.00      0.00      0.00
05:22:13 PM      eth0      4.00      0.00      0.23      0.00      0.00      0.00      0.00
05:22:14 PM      eth0      5.00      0.00      0.57      0.00      0.00      0.00      0.00
05:22:15 PM      eth0      3.00      0.00      0.18      0.00      0.00      0.00      0.00
05:22:16 PM      eth0      7.00      1.00      1.29      0.16      0.00      0.00      0.00
05:22:17 PM      eth0      6.00      0.00      0.63      0.00      0.00      0.00      0.00
05:22:18 PM      eth0      5.00      0.00      0.29      0.00      0.00      0.00      0.00
05:22:19 PM      eth0      6.00      1.00      1.75      0.16      0.00      0.00      0.00
05:22:20 PM      eth0      3.00      0.00      0.18      0.00      0.00      0.00      0.00
05:22:21 PM      eth0      5.00      0.00      0.57      0.00      0.00      0.00      0.00
05:22:22 PM      eth0     17.00     12.00      3.38      3.07      0.00      0.00      0.00
05:22:23 PM      eth0     31.00     30.00      5.17      9.70      0.00      0.00      0.00
05:22:24 PM      eth0     35.00     34.00     14.69     15.82      0.00      0.00      0.00
05:22:25 PM      eth0      6.00      0.00      0.93      0.00      0.00      0.00      0.00
05:22:26 PM      eth0      5.00      0.00      0.35      0.00      0.00      0.00      0.00
05:22:27 PM      eth0     14.00     11.00      3.60      2.82      0.00      0.00      0.00
05:22:28 PM      eth0      7.00      0.00      0.74      0.00      0.00      0.00      0.00
05:22:29 PM      eth0      7.00      0.00      0.66      0.00      0.00      0.00      0.00
05:22:30 PM      eth0     19.00      7.00      7.28      0.85      0.00      0.00      0.00
05:22:31 PM      eth0     23.00     13.00     11.42      1.41      0.00      0.00      0.00
05:22:32 PM      eth0     39.00     26.00     16.79      4.66      0.00      0.00      0.00
05:22:33 PM      eth0      7.00      0.00      0.61      0.00      0.00      0.00      0.00
05:22:34 PM      eth0     14.00      0.00      1.77      0.00      0.00      0.00      0.00
05:22:35 PM      eth0     18.00      5.00      5.29      0.62      0.00      0.00      1.00
05:22:36 PM      eth0     23.00     12.00      5.06      2.70      0.00      0.00      0.00
05:22:37 PM      eth0     24.00      8.00      8.18      0.91      0.00      0.00      0.00
05:22:38 PM      eth0     26.00     11.00     11.08      1.30      0.00      0.00      0.00
05:22:39 PM      eth0     18.00      6.00      6.20      0.68      0.00      0.00      1.00
05:22:40 PM      eth0     14.00      1.00      1.81      0.16      0.00      0.00      0.00
05:22:41 PM      eth0     22.00      8.00      8.00      0.91      0.00      0.00      1.00
05:22:42 PM      eth0     32.00     19.00     10.04      3.81      0.00      0.00      0.00
05:22:43 PM      eth0     12.00      1.00      1.69      0.16      0.00      0.00      0.00
05:22:44 PM      eth0     16.00      2.00      2.93      0.23      0.00      0.00      0.00
05:22:45 PM      eth0     29.00     15.00     14.34      1.76      0.00      0.00      1.00
05:22:46 PM      eth0     17.00      4.00      4.44      0.46      0.00      0.00      0.00
05:22:47 PM      eth0     24.00     14.00      6.39      3.12      0.00      0.00      1.00
05:22:48 PM      eth0     26.00      9.00      9.17      1.07      0.00      0.00      0.00
05:22:49 PM      eth0      9.00      0.00      0.59      0.00      0.00      0.00      0.00
05:22:50 PM      eth0     18.00      3.00      3.68      0.39      0.00      0.00      0.00
05:22:51 PM      eth0     34.00     14.00     13.88      1.59      0.00      0.00      1.00
05:22:52 PM      eth0     34.00     19.00     10.47      3.81      0.00      0.00      0.00
05:22:53 PM      eth0     13.00      2.00      1.78      0.20      0.00      0.00      0.00
05:22:54 PM      eth0     22.00      8.00      8.04      0.91      0.00      0.00      0.00
05:22:55 PM      eth0      8.00      0.00      0.47      0.00      0.00      0.00      1.00
05:22:56 PM      eth0     16.00      3.00      3.53      0.39      0.00      0.00      0.00
05:22:57 PM      eth0     28.00     14.00     13.91      1.59      0.00      0.00      1.00
05:22:58 PM      eth0      9.00      0.00      0.53      0.00      0.00      0.00      0.00
05:22:59 PM      eth0     19.00      7.00      7.58      0.85      0.00      0.00      0.00
05:23:00 PM      eth0     21.00     10.00     10.21      1.14      0.00      0.00      0.00
05:23:01 PM      eth0     10.00      1.00      1.74      0.16      0.00      0.00      1.00
05:23:02 PM      eth0     27.00     15.00      6.51      3.36      0.00      0.00      0.00
05:23:03 PM      eth0     21.00      6.00      6.22      0.68      0.00      0.00      1.00
05:23:04 PM      eth0     21.00      7.00      7.25      0.85      0.00      0.00      0.00
05:23:05 PM      eth0     15.00      4.00      4.32      0.46      0.00      0.00      0.00
05:23:06 PM      eth0     18.00     13.00      5.67      2.87      0.00      0.00      0.00
05:23:07 PM      eth0      9.00      0.00      0.80      0.00      0.00      0.00      1.00
05:23:08 PM      eth0      9.00      0.00      0.58      0.00      0.00      0.00      0.00
05:23:09 PM      eth0     25.00     17.00      3.98      4.86      0.00      0.00      1.00
05:23:10 PM      eth0      6.00      0.00      0.35      0.00      0.00      0.00      0.00
05:23:11 PM      eth0      8.00      1.00      1.34      0.16      0.00      0.00      0.00
05:23:12 PM      eth0     18.00     11.00      3.11      2.90      0.00      0.00      0.00
05:23:13 PM      eth0      7.00      1.00      1.56      0.16      0.00      0.00      1.00
05:23:14 PM      eth0      6.00      1.00      0.35      0.04      0.00      0.00      0.00
05:23:15 PM      eth0      8.00      1.00      1.40      0.16      0.00      0.00      0.00
05:23:16 PM      eth0      4.00      0.00      0.23      0.00      0.00      0.00      0.00
05:23:17 PM      eth0      8.00      1.00      1.68      0.16      0.00      0.00      0.00
05:23:18 PM      eth0      3.00      0.00      0.18      0.00      0.00      0.00      0.00
05:23:19 PM      eth0      5.00      0.00      0.35      0.00      0.00      0.00      0.00
05:23:20 PM      eth0      8.00      1.00      1.48      0.16      0.00      0.00      0.00
05:23:21 PM      eth0      6.00      0.00      0.41      0.00      0.00      0.00      0.00
05:23:22 PM      eth0     17.00     12.00      3.89      3.07      0.00      0.00      0.00
05:23:23 PM      eth0      6.00      0.00      0.49      0.00      0.00      0.00      0.00
05:23:24 PM      eth0     32.00     31.00      6.16      9.86      0.00      0.00      0.00
05:23:25 PM      eth0     35.00     32.00     13.96     15.59      0.00      0.00      0.00
05:23:26 PM      eth0      9.00      1.00      1.52      0.16      0.00      0.00      0.00
05:23:27 PM      eth0      7.00      0.00      0.55      0.00      0.00      0.00      0.00
05:23:28 PM      eth0     13.00     11.00      3.32      2.82      0.00      0.00      0.00
05:23:29 PM      eth0      6.00      0.00      0.57      0.00      0.00      0.00      0.00
05:23:30 PM      eth0      8.00      1.00      1.46      0.16      0.00      0.00      0.00
05:23:31 PM      eth0      7.00      0.00      0.62      0.00      0.00      0.00      0.00
05:23:32 PM      eth0     14.00     11.00      2.33      2.90      0.00      0.00      0.00
05:23:33 PM      eth0      9.00      1.00      1.60      0.16      0.00      0.00      0.00
05:23:34 PM      eth0      8.00      0.00      1.16      0.00      0.00      0.00      0.00
05:23:35 PM      eth0     10.00      2.00      1.66      0.20      0.00      0.00      0.00
05:23:36 PM      eth0     10.00      8.00      0.96      2.25      0.00      0.00      0.00
05:23:37 PM      eth0      8.00      1.00      1.46      0.16      0.00      0.00      0.00
05:23:38 PM      eth0      4.95      0.00      0.29      0.00      0.00      0.00      0.00
05:23:39 PM      eth0      9.00      1.00      2.04      0.16      0.00      0.00      0.00
05:23:40 PM      eth0      5.00      0.00      0.29      0.00      0.00      0.00      0.00
05:23:41 PM      eth0      7.00      1.00      1.40      0.16      0.00      0.00      0.00
05:23:42 PM      eth0     14.00     11.00      2.82      2.90      0.00      0.00      0.00
05:23:43 PM      eth0      8.00      1.00      1.46      0.16      0.00      0.00      0.00
05:23:44 PM      eth0      5.00      0.00      0.29      0.00      0.00      0.00      0.00
05:23:45 PM      eth0      8.00      0.00      0.59      0.00      0.00      0.00      0.00
05:23:46 PM      eth0      7.00      1.00      1.29      0.16      0.00      0.00      0.00
05:23:47 PM      eth0     14.00     10.00      2.17      2.67      0.00      0.00      0.00
05:23:48 PM      eth0      8.00      1.00      1.40      0.16      0.00      0.00      0.00
05:23:49 PM      eth0      9.00      0.00      0.72      0.00      0.00      0.00      0.00
05:23:50 PM      eth0     10.00      1.00      1.60      0.16      0.00      0.00      0.00
05:23:51 PM      eth0      5.00      0.00      0.37      0.00      0.00      0.00      0.00
05:23:52 PM      eth0     18.00     12.00      3.50      3.07      0.00      0.00      0.00
05:23:53 PM      eth0      7.00      0.00      0.55      0.00      0.00      0.00      0.00
05:23:54 PM      eth0      8.00      1.00      1.40      0.16      0.00      0.00      0.00
05:23:55 PM      eth0      7.00      0.00      0.76      0.00      0.00      0.00      0.00
05:23:56 PM      eth0      6.00      0.00      0.47      0.00      0.00      0.00      0.00
05:23:57 PM      eth0     10.00      2.00      1.60      0.20      0.00      0.00      0.00
05:23:58 PM      eth0      8.00      0.00      0.94      0.00      0.00      0.00      0.00
05:23:59 PM      eth0      8.00      1.00      1.34      0.16      0.00      0.00      0.00
05:24:00 PM      eth0      6.00      0.00      0.41      0.00      0.00      0.00      0.00
05:24:01 PM      eth0      9.00      1.00      1.46      0.16      0.00      0.00      0.00
05:24:02 PM      eth0     15.00     11.00      2.38      2.90      0.00      0.00      0.00
05:24:03 PM      eth0     11.00      1.00      2.61      0.16      0.00      0.00      0.00
05:24:04 PM      eth0      4.00      0.00      0.23      0.00      0.00      0.00      0.00
05:24:05 PM      eth0      5.00      0.00      0.41      0.00      0.00      0.00      0.00
05:24:06 PM      eth0     11.00      9.00      2.08      2.41      0.00      0.00      0.00
05:24:07 PM      eth0      8.00      0.00      0.66      0.00      0.00      0.00      0.00
05:24:08 PM      eth0      8.00      1.00      1.62      0.16      0.00      0.00      0.00
05:24:09 PM      eth0      5.00      0.00      0.35      0.00      0.00      0.00      0.00
05:24:10 PM      eth0      6.00      1.00      1.29      0.16      0.00      0.00      0.00
05:24:11 PM      eth0      6.00      0.00      0.49      0.00      0.00      0.00      0.00
05:24:12 PM      eth0     18.00     12.00      3.51      3.07      0.00      0.00      0.00
05:24:13 PM      eth0     92.00    115.00     32.38     54.04      0.00      0.00      0.00
05:24:14 PM      eth0 93058732665.00 68023374358.00 119835080565.93 90112886527.02      0.00      0.00  99888.00
05:24:15 PM      eth0     37.00     40.00      9.06     13.35      0.00      0.00      0.00
05:24:16 PM      eth0     10.00      2.00      1.60      0.33      0.00      0.00      0.00
05:24:17 PM      eth0     22.00     21.00      6.21      4.70      0.00      0.00      0.00
05:24:18 PM      eth0     17.00     11.00      2.54      2.38      0.00      0.00      0.00
05:24:19 PM      eth0      3.00      0.00      0.18      0.00      0.00      0.00      0.00
05:24:20 PM      eth0     70.00     93.00     23.75     36.97      0.00      0.00      0.00
05:24:21 PM      eth0     19.00     18.00      2.68      8.21      0.00      0.00      0.00
05:24:22 PM      eth0     15.00     11.00      2.38      2.90      0.00      0.00      0.00
05:24:23 PM      eth0      6.00      1.00      1.51      0.16      0.00      0.00      0.00
05:24:24 PM      eth0      5.00      6.00      0.29      0.70      0.00      0.00      0.00
05:24:25 PM      eth0     15.00     13.00      4.13      2.42      0.00      0.00      0.00
05:24:26 PM      eth0     70.00     72.00     22.97     28.11      0.00      0.00      0.00
05:24:27 PM      eth0      5.00      0.00      0.81      0.00      0.00      0.00      0.00
05:24:28 PM      eth0      3.00      0.00      0.18      0.00      0.00      0.00      0.00
05:24:29 PM      eth0     12.00     10.00      2.39      2.65      0.00      0.00      0.00
05:24:30 PM      eth0     24.00     22.00     14.25     10.55      0.00      0.00      0.00
05:24:31 PM      eth0    143.00    190.00     44.13     89.82      0.00      0.00      0.00
05:24:32 PM      eth0 93058733192.00 68023374938.00 119835080723.98 90112886757.91      0.00      0.00  99888.00
05:24:33 PM      eth0     61.00     69.00     17.96     18.84      0.00      0.00      0.00
05:24:34 PM      eth0     25.00     35.00      5.64      8.02      0.00      0.00      0.00
05:24:35 PM      eth0      5.00      6.00      0.29      0.68      0.00      0.00      0.00
05:24:36 PM      eth0     72.00     94.00     23.93     38.67      0.00      0.00      0.00
05:24:37 PM      eth0     22.00     25.00      2.92      8.96      0.00      0.00      0.00
05:24:38 PM      eth0      4.00      6.00      0.23      0.70      0.00      0.00      0.00
05:24:39 PM      eth0     20.00     12.00      7.54      2.55      0.00      0.00      0.00
05:24:40 PM      eth0      6.00      0.00      0.45      0.00      0.00      0.00      0.00
05:24:41 PM      eth0      7.00      3.00      0.78      0.35      0.00      0.00      0.00
05:24:42 PM      eth0     18.00     18.00      2.72      3.73      0.00      0.00      0.00
05:24:43 PM      eth0      7.00      0.00      0.93      0.00      0.00      0.00      0.00
05:24:44 PM      eth0      6.00      0.00      0.35      0.00      0.00      0.00      0.00
05:24:45 PM      eth0      6.00      0.00      0.41      0.00      0.00      0.00      0.00
05:24:46 PM      eth0     95.00    114.00     32.96     54.06      0.00      0.00      0.00
05:24:47 PM      eth0 93058733661.00 68023375468.00 119835080863.94 90112886964.65      0.00      0.00  99888.00
05:24:48 PM      eth0 93058733712.00 68023375538.00 119835080884.55 90112886983.77      0.00      0.00  99888.00
05:24:49 PM      eth0     49.00     57.00     16.16     14.81      0.00      0.00      0.00
05:24:50 PM      eth0     21.00     23.00      4.18      4.96      0.00      0.00      0.00
05:24:51 PM      eth0      6.00      4.00      0.41      0.40      0.00      0.00      0.00
05:24:52 PM      eth0     91.00    111.00     27.94     47.07      0.00      0.00      0.00
05:24:53 PM      eth0      6.00      9.00      0.35      1.05      0.00      0.00      0.00
05:24:54 PM      eth0      8.00      2.00      1.63      0.20      0.00      0.00      0.00
05:24:55 PM      eth0     17.00     12.00      6.65      2.50      0.00      0.00      0.00
05:24:56 PM      eth0      6.00      1.00      0.42      0.13      0.00      0.00      0.00
05:24:57 PM      eth0      7.00      9.00      0.47      1.05      0.00      0.00      0.00
05:24:58 PM      eth0      7.00      0.00      0.41      0.00      0.00      0.00      0.00
05:24:59 PM      eth0     10.00      0.00      1.34      0.00      0.00      0.00      0.00
05:25:00 PM      eth0      7.00      0.00      0.72      0.00      0.00      0.00      0.00
05:25:01 PM      eth0      6.00      0.00      0.53      0.00      0.00      0.00      0.00
05:25:02 PM      eth0     22.00     12.00      4.36      3.07      0.00      0.00      0.00
05:25:03 PM      eth0     16.00     12.00      6.52      2.50      0.00      0.00      0.00
05:25:04 PM      eth0      6.00      0.00      0.35      0.00      0.00      0.00      0.00
05:25:05 PM      eth0      7.00      3.00      0.59      0.41      0.00      0.00      0.00
05:25:06 PM      eth0     13.00     23.00      2.31      5.60      0.00      0.00      0.00
05:25:07 PM      eth0      6.00      6.00      0.35      0.62      0.00      0.00      0.00
05:25:08 PM      eth0      9.00      0.00      1.10      0.00      0.00      0.00      0.00
05:25:09 PM      eth0    130.00    171.00     45.33     82.94      0.00      0.00      0.00
05:25:10 PM      eth0 93058734260.00 68023376106.00 119835081045.74 90112887197.70      0.00      0.00  99888.00
05:25:11 PM      eth0 93058734314.00 68023376165.00 119835081062.29 90112887214.36      0.00      0.00  99888.00
05:25:12 PM      eth0     17.00     11.00      2.59      2.90      0.00      0.00      0.00
05:25:13 PM      eth0     28.00     21.00      6.85      4.70      0.00      0.00      0.00
05:25:14 PM      eth0     13.00     11.00      1.92      2.47      0.00      0.00      0.00
05:25:15 PM      eth0      9.00      3.00      1.48      0.35      0.00      0.00      0.00
05:25:16 PM      eth0     84.00    106.00     26.01     44.71      0.00      0.00      0.00
05:25:17 PM      eth0     12.00      5.00      1.98      0.56      0.00      0.00      0.00
05:25:18 PM      eth0      5.00      0.00      0.29      0.00      0.00      0.00      0.00
05:25:19 PM      eth0     19.00     12.00      8.62      2.53      0.00      0.00      0.00
05:25:20 PM      eth0      6.00      3.00      0.45      0.35      0.00      0.00      0.00
05:25:21 PM      eth0      7.00      3.00      0.53      0.35      0.00      0.00      0.00
05:25:22 PM      eth0     21.00     12.00      2.75      2.95      0.00      0.00      0.00
05:25:23 PM      eth0      6.00      0.00      0.35      0.00      0.00      0.00      0.00
05:25:24 PM      eth0      7.00      0.00      0.53      0.00      0.00      0.00      0.00
05:25:25 PM      eth0    142.00    187.00     52.32     91.22      0.00      0.00      0.00
05:25:26 PM      eth0 93058734804.00 68023376681.00 119835081216.40 90112887419.38      0.00      0.00  99888.00
05:25:27 PM      eth0     94.00    116.00     36.10     41.03      0.00      0.00      0.00
05:25:28 PM      eth0     24.00     32.00      4.37      6.10      0.00      0.00      0.00
05:25:29 PM      eth0      7.00      6.00      0.55      0.76      0.00      0.00      0.00
05:25:30 PM      eth0     77.00    102.00     25.44     44.41      0.00      0.00      0.00
05:25:31 PM      eth0     16.00     10.00      3.09      2.65      0.00      0.00      0.00
05:25:32 PM      eth0     15.00     17.00      2.33      3.61      0.00      0.00      0.00
05:25:33 PM      eth0    145.00    193.00     54.66     91.93      0.00      0.00      0.00
05:25:34 PM      eth0     58.00     72.00     20.62     32.66      0.00      0.00      0.00
05:25:35 PM      eth0     65.00     68.00     23.05     18.85      0.00      0.00      0.00
05:25:36 PM      eth0     27.00     46.00      4.76      9.23      0.00      0.00      0.00
05:25:37 PM      eth0      7.00      6.00      1.09      0.76      0.00      0.00      0.00
05:25:38 PM      eth0     51.00     55.00     16.98     21.47      0.00      0.00      0.00
05:25:39 PM      eth0     41.00     48.00      9.80     22.88      0.00      0.00      0.00
05:25:40 PM      eth0     68.00     81.00     23.35     31.89      0.00      0.00      0.00
05:25:41 PM      eth0 93058735637.00 68023377726.00 119835081494.99 90112887841.08      0.00      0.00  99888.00
05:25:42 PM      eth0     16.00     14.00      2.39      3.31      0.00      0.00      0.00
05:25:43 PM      eth0     83.00    105.00     42.57     24.57      0.00      0.00      0.00
05:25:44 PM      eth0    212.00    414.00     29.79    304.18      0.00      0.00      0.00
05:25:45 PM      eth0      7.00      4.00      0.41      0.45      0.00      0.00      0.00
05:25:46 PM      eth0      8.00      4.00      0.53      0.40      0.00      0.00      0.00
05:25:47 PM      eth0     80.00     99.00     26.22     44.11      0.00      0.00      0.00
05:25:48 PM      eth0     30.00     39.00     11.23      9.71      0.00      0.00      0.00
05:25:49 PM      eth0     17.00     13.00     12.35      2.82      0.00      0.00      0.00
05:25:50 PM      eth0      4.00      6.00      0.23      0.79      0.00      0.00      0.00
05:25:51 PM      eth0      4.00      4.00      0.23      0.48      0.00      0.00      0.00
05:25:52 PM      eth0     18.00     29.00      3.29      6.53      0.00      0.00      0.00
05:25:53 PM      eth0      8.00      8.00      0.55      0.76      0.00      0.00      0.00
05:25:54 PM      eth0      8.00      4.00      0.53      0.40      0.00      0.00      0.00
05:25:55 PM      eth0      6.00      3.00      0.41      0.35      0.00      0.00      0.00
05:25:56 PM      eth0    129.00    170.00     45.24     82.80      0.00      0.00      0.00
05:37:35 PM      eth0 93113993880.00 68100988724.00 119842175799.72 90227607410.69      0.00      0.00  99892.00
05:37:36 PM      eth0    284.00    387.00     77.20    175.21      0.00      0.00      0.00
05:37:37 PM      eth0    335.00    432.00     97.31    169.95      0.00      0.00      0.00
05:37:38 PM      eth0    245.54    330.69     81.00    152.54      0.00      0.00      0.00
05:37:39 PM      eth0    325.25    452.53     70.53    203.88      0.00      0.00      0.00
05:37:40 PM      eth0    330.69    449.50     88.87    203.72      0.00      0.00      0.00
05:37:41 PM      eth0    250.51    341.41     67.95    147.17      0.00      0.00      0.00
05:37:42 PM      eth0    173.00    231.00     40.21     95.94      0.00      0.00      0.00
05:37:43 PM      eth0     76.00     93.00     18.62     31.20      0.00      0.00      0.00
05:37:44 PM      eth0     48.00     44.00     17.33     12.70      0.00      0.00      0.00
05:37:45 PM      eth0     54.00     54.00     14.60     16.81      0.00      0.00      0.00
05:37:46 PM      eth0    107.00    114.00     34.11     35.54      0.00      0.00      0.00
05:37:47 PM      eth0     28.00      6.00      8.40      0.98      0.00      0.00      0.00
05:37:48 PM      eth0    104.00    108.00     30.81     34.76      0.00      0.00      0.00
05:37:49 PM      eth0     31.00      6.00      8.57      0.98      0.00      0.00      0.00
05:37:50 PM      eth0    110.00    106.00     31.19     34.63      0.00      0.00      0.00
05:37:51 PM      eth0     55.45     39.60     16.15     12.12      0.00      0.00      0.00
05:37:52 PM      eth0     61.00     49.00     15.52     14.82      0.00      0.00      0.00
05:37:53 PM      eth0     80.00     71.00     20.84     23.01      0.00      0.00      0.00
05:37:54 PM      eth0     50.00     37.00     12.30     11.75      0.00      0.00      0.00
05:37:55 PM      eth0     76.00     71.00     19.79     23.01      0.00      0.00      0.00
05:37:56 PM      eth0     26.00      3.00      5.69      0.49      0.00      0.00      0.00
05:37:57 PM      eth0     22.00      3.00      4.67      0.49      0.00      0.00      0.00
05:37:58 PM      eth0     19.00      3.00      4.49      0.49      0.00      0.00      0.00
05:37:59 PM      eth0     14.00      3.00      4.47      0.49      0.00      0.00      0.00
05:38:00 PM      eth0    139.00    147.00     54.85     42.70      0.00      0.00      0.00
05:38:01 PM      eth0     81.00     83.00     33.66     22.41      0.00      0.00      0.00
05:38:02 PM      eth0     20.00     14.00      6.00      3.39      0.00      0.00      0.00
05:38:03 PM      eth0      9.00      3.00      3.91      0.49      0.00      0.00      0.00
05:38:04 PM      eth0     10.00      3.00      4.24      0.49      0.00      0.00      0.00
05:38:05 PM      eth0     10.00      3.00      3.96      0.49      0.00      0.00      0.00
05:38:06 PM      eth0     15.00     11.00      4.55      2.74      0.00      0.00      0.00
05:38:07 PM      eth0     10.00      3.00      3.96      0.49      0.00      0.00      0.00
05:38:08 PM      eth0      8.00      2.00      2.72      0.33      0.00      0.00      0.00
05:38:09 PM      eth0      8.00      2.00      2.72      0.33      0.00      0.00      0.00
05:38:10 PM      eth0     16.00      6.00      6.24      0.98      0.00      0.00      0.00
05:38:11 PM      eth0     12.00      4.00      4.24      0.65      0.00      0.00      0.00
05:38:12 PM      eth0     33.00     19.00     10.85      4.21      0.00      0.00      0.00
05:38:13 PM      eth0     21.00      8.00      8.30      1.30      0.00      0.00      0.00
05:38:14 PM      eth0     12.00      4.00      4.24      0.65      0.00      0.00      0.00
05:38:15 PM      eth0     19.00      8.00      8.18      1.30      0.00      0.00      0.00
05:38:16 PM      eth0     21.00      8.00      8.58      1.30      0.00      0.00      0.00
05:38:17 PM      eth0     28.00     12.00     13.70      1.96      0.00      0.00      0.00
05:38:18 PM      eth0     34.00     15.00     17.43      2.45      0.00      0.00      0.00
05:38:19 PM      eth0     41.00     18.00     20.73      2.94      0.00      0.00      0.00
05:38:20 PM      eth0     41.00     18.00     21.25      2.94      0.00      0.00      0.00
05:38:21 PM      eth0     39.00     17.00     21.09      2.77      0.00      0.00      0.00
05:38:22 PM      eth0     39.00     25.00     18.88      5.19      0.00      0.00      0.00
05:38:23 PM      eth0     39.00     23.00     16.41      4.54      0.00      0.00      0.00
