NIC statistics:
     rx_packets: 24408727907
     tx_packets: 33611290408
     rx_bytes: 20798928706899
     tx_bytes: 46980756652993
     rx_pkts_nic: 24408727896
     tx_pkts_nic: 33611290407
     rx_bytes_nic: 20896568190287
     tx_bytes_nic: 47115203943697
     lsc_int: 0
     tx_busy: 0
     non_eop_descs: 0
     rx_errors: 0
     tx_errors: 0
     rx_dropped: 0
     tx_dropped: 0
     multicast: 7295738
     broadcast: 13609125
     rx_no_buffer_count: 0
     collisions: 0
     rx_over_errors: 0
     rx_crc_errors: 0
     rx_frame_errors: 0
     hw_rsc_aggregated: 0
     hw_rsc_flushed: 0
     fdir_match: 24455780130
     fdir_miss: 7758454
     fdir_overflow: 0
     rx_fifo_errors: 0
     rx_missed_errors: 0
     tx_aborted_errors: 0
     tx_carrier_errors: 0
     tx_fifo_errors: 0
     tx_heartbeat_errors: 0
     tx_timeout_count: 0
     tx_restart_queue: 12230939
     rx_long_length_errors: 0
     rx_short_length_errors: 0
     tx_flow_control_xon: 217137
     rx_flow_control_xon: 3168
     tx_flow_control_xoff: 217188
     rx_flow_control_xoff: 3168
     rx_csum_offload_errors: 0
     alloc_rx_page_failed: 0
     alloc_rx_buff_failed: 0
     rx_no_dma_resources: 0
     os2bmc_rx_by_bmc: 0
     os2bmc_tx_by_bmc: 0
     os2bmc_tx_by_host: 0
     os2bmc_rx_by_host: 0
     fcoe_bad_fccrc: 0
     rx_fcoe_dropped: 0
     rx_fcoe_packets: 0
     rx_fcoe_dwords: 0
     fcoe_noddp: 0
     fcoe_noddp_ext_buff: 0
     tx_fcoe_packets: 0
     tx_fcoe_dwords: 0
     tx_queue_0_packets: 1737295491
     tx_queue_0_bytes: 2466167590183
     tx_queue_0_ll_napi_yield: 0
     tx_queue_0_ll_misses: 0
     tx_queue_0_ll_cleaned: 0
     tx_queue_1_packets: 1621994581
     tx_queue_1_bytes: 2272199736838
     tx_queue_1_ll_napi_yield: 0
     tx_queue_1_ll_misses: 0
     tx_queue_1_ll_cleaned: 0
     tx_queue_2_packets: 1488128934
     tx_queue_2_bytes: 2107304164594
     tx_queue_2_ll_napi_yield: 0
     tx_queue_2_ll_misses: 0
     tx_queue_2_ll_cleaned: 0
     tx_queue_3_packets: 2146404619
     tx_queue_3_bytes: 3064759373153
     tx_queue_3_ll_napi_yield: 0
     tx_queue_3_ll_misses: 0
     tx_queue_3_ll_cleaned: 0
     tx_queue_4_packets: 1012292639
     tx_queue_4_bytes: 1372646157201
     tx_queue_4_ll_napi_yield: 0
     tx_queue_4_ll_misses: 0
     tx_queue_4_ll_cleaned: 0
     tx_queue_5_packets: 1234287866
     tx_queue_5_bytes: 1664658132317
     tx_queue_5_ll_napi_yield: 0
     tx_queue_5_ll_misses: 0
     tx_queue_5_ll_cleaned: 0
     tx_queue_6_packets: 1491152418
     tx_queue_6_bytes: 2104875778430
     tx_queue_6_ll_napi_yield: 0
     tx_queue_6_ll_misses: 0
     tx_queue_6_ll_cleaned: 0
     tx_queue_7_packets: 1440760881
     tx_queue_7_bytes: 2029101871392
     tx_queue_7_ll_napi_yield: 0
     tx_queue_7_ll_misses: 0
     tx_queue_7_ll_cleaned: 0
     tx_queue_8_packets: 1511551366
     tx_queue_8_bytes: 2137905508262
     tx_queue_8_ll_napi_yield: 0
     tx_queue_8_ll_misses: 0
     tx_queue_8_ll_cleaned: 0
     tx_queue_9_packets: 1136539183
     tx_queue_9_bytes: 1571446711016
     tx_queue_9_ll_napi_yield: 0
     tx_queue_9_ll_misses: 0
     tx_queue_9_ll_cleaned: 0
     tx_queue_10_packets: 1447504308
     tx_queue_10_bytes: 2009336601865
     tx_queue_10_ll_napi_yield: 0
     tx_queue_10_ll_misses: 0
     tx_queue_10_ll_cleaned: 0
     tx_queue_11_packets: 1173561656
     tx_queue_11_bytes: 1600022150395
     tx_queue_11_ll_napi_yield: 0
     tx_queue_11_ll_misses: 0
     tx_queue_11_ll_cleaned: 0
     tx_queue_12_packets: 1199097831
     tx_queue_12_bytes: 1632216753755
     tx_queue_12_ll_napi_yield: 0
     tx_queue_12_ll_misses: 0
     tx_queue_12_ll_cleaned: 0
     tx_queue_13_packets: 1401518355
     tx_queue_13_bytes: 1957180143673
     tx_queue_13_ll_napi_yield: 0
     tx_queue_13_ll_misses: 0
     tx_queue_13_ll_cleaned: 0
     tx_queue_14_packets: 1867739113
     tx_queue_14_bytes: 2641865006452
     tx_queue_14_ll_napi_yield: 0
     tx_queue_14_ll_misses: 0
     tx_queue_14_ll_cleaned: 0
     tx_queue_15_packets: 1484262785
     tx_queue_15_bytes: 2068956982394
     tx_queue_15_ll_napi_yield: 0
     tx_queue_15_ll_misses: 0
     tx_queue_15_ll_cleaned: 0
     tx_queue_16_packets: 1305566060
     tx_queue_16_bytes: 1817835136582
     tx_queue_16_ll_napi_yield: 0
     tx_queue_16_ll_misses: 0
     tx_queue_16_ll_cleaned: 0
     tx_queue_17_packets: 1408599421
     tx_queue_17_bytes: 1986101242874
     tx_queue_17_ll_napi_yield: 0
     tx_queue_17_ll_misses: 0
     tx_queue_17_ll_cleaned: 0
     tx_queue_18_packets: 1260479616
     tx_queue_18_bytes: 1735064574478
     tx_queue_18_ll_napi_yield: 0
     tx_queue_18_ll_misses: 0
     tx_queue_18_ll_cleaned: 0
     tx_queue_19_packets: 1311637010
     tx_queue_19_bytes: 1838885260227
     tx_queue_19_ll_napi_yield: 0
     tx_queue_19_ll_misses: 0
     tx_queue_19_ll_cleaned: 0
     tx_queue_20_packets: 964389818
     tx_queue_20_bytes: 1352969004282
     tx_queue_20_ll_napi_yield: 0
     tx_queue_20_ll_misses: 0
     tx_queue_20_ll_cleaned: 0
     tx_queue_21_packets: 1280510159
     tx_queue_21_bytes: 1798362426107
     tx_queue_21_ll_napi_yield: 0
     tx_queue_21_ll_misses: 0
     tx_queue_21_ll_cleaned: 0
     tx_queue_22_packets: 1527879629
     tx_queue_22_bytes: 2150208928159
     tx_queue_22_ll_napi_yield: 0
     tx_queue_22_ll_misses: 0
     tx_queue_22_ll_cleaned: 0
     tx_queue_23_packets: 1158136669
     tx_queue_23_bytes: 1600687418364
     tx_queue_23_ll_napi_yield: 0
     tx_queue_23_ll_misses: 0
     tx_queue_23_ll_cleaned: 0
     tx_queue_24_packets: 0
     tx_queue_24_bytes: 0
     tx_queue_24_ll_napi_yield: 0
     tx_queue_24_ll_misses: 0
     tx_queue_24_ll_cleaned: 0
     tx_queue_25_packets: 0
     tx_queue_25_bytes: 0
     tx_queue_25_ll_napi_yield: 0
     tx_queue_25_ll_misses: 0
     tx_queue_25_ll_cleaned: 0
     tx_queue_26_packets: 0
     tx_queue_26_bytes: 0
     tx_queue_26_ll_napi_yield: 0
     tx_queue_26_ll_misses: 0
     tx_queue_26_ll_cleaned: 0
     tx_queue_27_packets: 0
     tx_queue_27_bytes: 0
     tx_queue_27_ll_napi_yield: 0
     tx_queue_27_ll_misses: 0
     tx_queue_27_ll_cleaned: 0
     tx_queue_28_packets: 0
     tx_queue_28_bytes: 0
     tx_queue_28_ll_napi_yield: 0
     tx_queue_28_ll_misses: 0
     tx_queue_28_ll_cleaned: 0
     tx_queue_29_packets: 0
     tx_queue_29_bytes: 0
     tx_queue_29_ll_napi_yield: 0
     tx_queue_29_ll_misses: 0
     tx_queue_29_ll_cleaned: 0
     tx_queue_30_packets: 0
     tx_queue_30_bytes: 0
     tx_queue_30_ll_napi_yield: 0
     tx_queue_30_ll_misses: 0
     tx_queue_30_ll_cleaned: 0
     tx_queue_31_packets: 0
     tx_queue_31_bytes: 0
     tx_queue_31_ll_napi_yield: 0
     tx_queue_31_ll_misses: 0
     tx_queue_31_ll_cleaned: 0
     tx_queue_32_packets: 0
     tx_queue_32_bytes: 0
     tx_queue_32_ll_napi_yield: 0
     tx_queue_32_ll_misses: 0
     tx_queue_32_ll_cleaned: 0
     tx_queue_33_packets: 0
     tx_queue_33_bytes: 0
     tx_queue_33_ll_napi_yield: 0
     tx_queue_33_ll_misses: 0
     tx_queue_33_ll_cleaned: 0
     tx_queue_34_packets: 0
     tx_queue_34_bytes: 0
     tx_queue_34_ll_napi_yield: 0
     tx_queue_34_ll_misses: 0
     tx_queue_34_ll_cleaned: 0
     tx_queue_35_packets: 0
     tx_queue_35_bytes: 0
     tx_queue_35_ll_napi_yield: 0
     tx_queue_35_ll_misses: 0
     tx_queue_35_ll_cleaned: 0
     tx_queue_36_packets: 0
     tx_queue_36_bytes: 0
     tx_queue_36_ll_napi_yield: 0
     tx_queue_36_ll_misses: 0
     tx_queue_36_ll_cleaned: 0
     tx_queue_37_packets: 0
     tx_queue_37_bytes: 0
     tx_queue_37_ll_napi_yield: 0
     tx_queue_37_ll_misses: 0
     tx_queue_37_ll_cleaned: 0
     tx_queue_38_packets: 0
     tx_queue_38_bytes: 0
     tx_queue_38_ll_napi_yield: 0
     tx_queue_38_ll_misses: 0
     tx_queue_38_ll_cleaned: 0
     tx_queue_39_packets: 0
     tx_queue_39_bytes: 0
     tx_queue_39_ll_napi_yield: 0
     tx_queue_39_ll_misses: 0
     tx_queue_39_ll_cleaned: 0
     tx_queue_40_packets: 0
     tx_queue_40_bytes: 0
     tx_queue_40_ll_napi_yield: 0
     tx_queue_40_ll_misses: 0
     tx_queue_40_ll_cleaned: 0
     tx_queue_41_packets: 0
     tx_queue_41_bytes: 0
     tx_queue_41_ll_napi_yield: 0
     tx_queue_41_ll_misses: 0
     tx_queue_41_ll_cleaned: 0
     tx_queue_42_packets: 0
     tx_queue_42_bytes: 0
     tx_queue_42_ll_napi_yield: 0
     tx_queue_42_ll_misses: 0
     tx_queue_42_ll_cleaned: 0
     tx_queue_43_packets: 0
     tx_queue_43_bytes: 0
     tx_queue_43_ll_napi_yield: 0
     tx_queue_43_ll_misses: 0
     tx_queue_43_ll_cleaned: 0
     tx_queue_44_packets: 0
     tx_queue_44_bytes: 0
     tx_queue_44_ll_napi_yield: 0
     tx_queue_44_ll_misses: 0
     tx_queue_44_ll_cleaned: 0
     tx_queue_45_packets: 0
     tx_queue_45_bytes: 0
     tx_queue_45_ll_napi_yield: 0
     tx_queue_45_ll_misses: 0
     tx_queue_45_ll_cleaned: 0
     tx_queue_46_packets: 0
     tx_queue_46_bytes: 0
     tx_queue_46_ll_napi_yield: 0
     tx_queue_46_ll_misses: 0
     tx_queue_46_ll_cleaned: 0
     tx_queue_47_packets: 0
     tx_queue_47_bytes: 0
     tx_queue_47_ll_napi_yield: 0
     tx_queue_47_ll_misses: 0
     tx_queue_47_ll_cleaned: 0
     tx_queue_48_packets: 0
     tx_queue_48_bytes: 0
     tx_queue_48_ll_napi_yield: 0
     tx_queue_48_ll_misses: 0
     tx_queue_48_ll_cleaned: 0
     tx_queue_49_packets: 0
     tx_queue_49_bytes: 0
     tx_queue_49_ll_napi_yield: 0
     tx_queue_49_ll_misses: 0
     tx_queue_49_ll_cleaned: 0
     tx_queue_50_packets: 0
     tx_queue_50_bytes: 0
     tx_queue_50_ll_napi_yield: 0
     tx_queue_50_ll_misses: 0
     tx_queue_50_ll_cleaned: 0
     tx_queue_51_packets: 0
     tx_queue_51_bytes: 0
     tx_queue_51_ll_napi_yield: 0
     tx_queue_51_ll_misses: 0
     tx_queue_51_ll_cleaned: 0
     tx_queue_52_packets: 0
     tx_queue_52_bytes: 0
     tx_queue_52_ll_napi_yield: 0
     tx_queue_52_ll_misses: 0
     tx_queue_52_ll_cleaned: 0
     tx_queue_53_packets: 0
     tx_queue_53_bytes: 0
     tx_queue_53_ll_napi_yield: 0
     tx_queue_53_ll_misses: 0
     tx_queue_53_ll_cleaned: 0
     tx_queue_54_packets: 0
     tx_queue_54_bytes: 0
     tx_queue_54_ll_napi_yield: 0
     tx_queue_54_ll_misses: 0
     tx_queue_54_ll_cleaned: 0
     tx_queue_55_packets: 0
     tx_queue_55_bytes: 0
     tx_queue_55_ll_napi_yield: 0
     tx_queue_55_ll_misses: 0
     tx_queue_55_ll_cleaned: 0
     tx_queue_56_packets: 0
     tx_queue_56_bytes: 0
     tx_queue_56_ll_napi_yield: 0
     tx_queue_56_ll_misses: 0
     tx_queue_56_ll_cleaned: 0
     tx_queue_57_packets: 0
     tx_queue_57_bytes: 0
     tx_queue_57_ll_napi_yield: 0
     tx_queue_57_ll_misses: 0
     tx_queue_57_ll_cleaned: 0
     tx_queue_58_packets: 0
     tx_queue_58_bytes: 0
     tx_queue_58_ll_napi_yield: 0
     tx_queue_58_ll_misses: 0
     tx_queue_58_ll_cleaned: 0
     tx_queue_59_packets: 0
     tx_queue_59_bytes: 0
     tx_queue_59_ll_napi_yield: 0
     tx_queue_59_ll_misses: 0
     tx_queue_59_ll_cleaned: 0
     tx_queue_60_packets: 0
     tx_queue_60_bytes: 0
     tx_queue_60_ll_napi_yield: 0
     tx_queue_60_ll_misses: 0
     tx_queue_60_ll_cleaned: 0
     tx_queue_61_packets: 0
     tx_queue_61_bytes: 0
     tx_queue_61_ll_napi_yield: 0
     tx_queue_61_ll_misses: 0
     tx_queue_61_ll_cleaned: 0
     tx_queue_62_packets: 0
     tx_queue_62_bytes: 0
     tx_queue_62_ll_napi_yield: 0
     tx_queue_62_ll_misses: 0
     tx_queue_62_ll_cleaned: 0
     tx_queue_63_packets: 0
     tx_queue_63_bytes: 0
     tx_queue_63_ll_napi_yield: 0
     tx_queue_63_ll_misses: 0
     tx_queue_63_ll_cleaned: 0
     rx_queue_0_packets: 812948673
     rx_queue_0_bytes: 646943320416
     rx_queue_0_ll_poll_yield: 0
     rx_queue_0_ll_misses: 0
     rx_queue_0_ll_cleaned: 0
     rx_queue_1_packets: 1051722229
     rx_queue_1_bytes: 936355636178
     rx_queue_1_ll_poll_yield: 0
     rx_queue_1_ll_misses: 0
     rx_queue_1_ll_cleaned: 0
     rx_queue_2_packets: 887158327
     rx_queue_2_bytes: 769095064681
     rx_queue_2_ll_poll_yield: 0
     rx_queue_2_ll_misses: 0
     rx_queue_2_ll_cleaned: 0
     rx_queue_3_packets: 1267265508
     rx_queue_3_bytes: 740828964128
     rx_queue_3_ll_poll_yield: 0
     rx_queue_3_ll_misses: 0
     rx_queue_3_ll_cleaned: 0
     rx_queue_4_packets: 1096950655
     rx_queue_4_bytes: 1060153962680
     rx_queue_4_ll_poll_yield: 0
     rx_queue_4_ll_misses: 0
     rx_queue_4_ll_cleaned: 0
     rx_queue_5_packets: 1443336003
     rx_queue_5_bytes: 1500220259069
     rx_queue_5_ll_poll_yield: 0
     rx_queue_5_ll_misses: 0
     rx_queue_5_ll_cleaned: 0
     rx_queue_6_packets: 1095403360
     rx_queue_6_bytes: 708801885070
     rx_queue_6_ll_poll_yield: 0
     rx_queue_6_ll_misses: 0
     rx_queue_6_ll_cleaned: 0
     rx_queue_7_packets: 958277703
     rx_queue_7_bytes: 751592633043
     rx_queue_7_ll_poll_yield: 0
     rx_queue_7_ll_misses: 0
     rx_queue_7_ll_cleaned: 0
     rx_queue_8_packets: 901408867
     rx_queue_8_bytes: 653337607437
     rx_queue_8_ll_poll_yield: 0
     rx_queue_8_ll_misses: 0
     rx_queue_8_ll_cleaned: 0
     rx_queue_9_packets: 843419344
     rx_queue_9_bytes: 841662407064
     rx_queue_9_ll_poll_yield: 0
     rx_queue_9_ll_misses: 0
     rx_queue_9_ll_cleaned: 0
     rx_queue_10_packets: 993864024
     rx_queue_10_bytes: 790578722030
     rx_queue_10_ll_poll_yield: 0
     rx_queue_10_ll_misses: 0
     rx_queue_10_ll_cleaned: 0
     rx_queue_11_packets: 1135048777
     rx_queue_11_bytes: 1049826516088
     rx_queue_11_ll_poll_yield: 0
     rx_queue_11_ll_misses: 0
     rx_queue_11_ll_cleaned: 0
     rx_queue_12_packets: 1220251961
     rx_queue_12_bytes: 1238970007110
     rx_queue_12_ll_poll_yield: 0
     rx_queue_12_ll_misses: 0
     rx_queue_12_ll_cleaned: 0
     rx_queue_13_packets: 1109230834
     rx_queue_13_bytes: 981660977342
     rx_queue_13_ll_poll_yield: 0
     rx_queue_13_ll_misses: 0
     rx_queue_13_ll_cleaned: 0
     rx_queue_14_packets: 1116287627
     rx_queue_14_bytes: 823651961140
     rx_queue_14_ll_poll_yield: 0
     rx_queue_14_ll_misses: 0
     rx_queue_14_ll_cleaned: 0
     rx_queue_15_packets: 1330155443
     rx_queue_15_bytes: 1344888913672
     rx_queue_15_ll_poll_yield: 0
     rx_queue_15_ll_misses: 0
     rx_queue_15_ll_cleaned: 0
     rx_queue_16_packets: 1198400780
     rx_queue_16_bytes: 1246945526092
     rx_queue_16_ll_poll_yield: 0
     rx_queue_16_ll_misses: 0
     rx_queue_16_ll_cleaned: 0
     rx_queue_17_packets: 886302325
     rx_queue_17_bytes: 768908082610
     rx_queue_17_ll_poll_yield: 0
     rx_queue_17_ll_misses: 0
     rx_queue_17_ll_cleaned: 0
     rx_queue_18_packets: 850854993
     rx_queue_18_bytes: 684089987766
     rx_queue_18_ll_poll_yield: 0
     rx_queue_18_ll_misses: 0
     rx_queue_18_ll_cleaned: 0
     rx_queue_19_packets: 857948968
     rx_queue_19_bytes: 652826831907
     rx_queue_19_ll_poll_yield: 0
     rx_queue_19_ll_misses: 0
     rx_queue_19_ll_cleaned: 0
     rx_queue_20_packets: 622573345
     rx_queue_20_bytes: 453865147141
     rx_queue_20_ll_poll_yield: 0
     rx_queue_20_ll_misses: 0
     rx_queue_20_ll_cleaned: 0
     rx_queue_21_packets: 804540435
     rx_queue_21_bytes: 599488746394
     rx_queue_21_ll_poll_yield: 0
     rx_queue_21_ll_misses: 0
     rx_queue_21_ll_cleaned: 0
     rx_queue_22_packets: 1031574027
     rx_queue_22_bytes: 827472352517
     rx_queue_22_ll_poll_yield: 0
     rx_queue_22_ll_misses: 0
     rx_queue_22_ll_cleaned: 0
     rx_queue_23_packets: 893803699
     rx_queue_23_bytes: 726763195324
     rx_queue_23_ll_poll_yield: 0
     rx_queue_23_ll_misses: 0
     rx_queue_23_ll_cleaned: 0
     rx_queue_24_packets: 0
     rx_queue_24_bytes: 0
     rx_queue_24_ll_poll_yield: 0
     rx_queue_24_ll_misses: 0
     rx_queue_24_ll_cleaned: 0
     rx_queue_25_packets: 0
     rx_queue_25_bytes: 0
     rx_queue_25_ll_poll_yield: 0
     rx_queue_25_ll_misses: 0
     rx_queue_25_ll_cleaned: 0
     rx_queue_26_packets: 0
     rx_queue_26_bytes: 0
     rx_queue_26_ll_poll_yield: 0
     rx_queue_26_ll_misses: 0
     rx_queue_26_ll_cleaned: 0
     rx_queue_27_packets: 0
     rx_queue_27_bytes: 0
     rx_queue_27_ll_poll_yield: 0
     rx_queue_27_ll_misses: 0
     rx_queue_27_ll_cleaned: 0
     rx_queue_28_packets: 0
     rx_queue_28_bytes: 0
     rx_queue_28_ll_poll_yield: 0
     rx_queue_28_ll_misses: 0
     rx_queue_28_ll_cleaned: 0
     rx_queue_29_packets: 0
     rx_queue_29_bytes: 0
     rx_queue_29_ll_poll_yield: 0
     rx_queue_29_ll_misses: 0
     rx_queue_29_ll_cleaned: 0
     rx_queue_30_packets: 0
     rx_queue_30_bytes: 0
     rx_queue_30_ll_poll_yield: 0
     rx_queue_30_ll_misses: 0
     rx_queue_30_ll_cleaned: 0
     rx_queue_31_packets: 0
     rx_queue_31_bytes: 0
     rx_queue_31_ll_poll_yield: 0
     rx_queue_31_ll_misses: 0
     rx_queue_31_ll_cleaned: 0
     rx_queue_32_packets: 0
     rx_queue_32_bytes: 0
     rx_queue_32_ll_poll_yield: 0
     rx_queue_32_ll_misses: 0
     rx_queue_32_ll_cleaned: 0
     rx_queue_33_packets: 0
     rx_queue_33_bytes: 0
     rx_queue_33_ll_poll_yield: 0
     rx_queue_33_ll_misses: 0
     rx_queue_33_ll_cleaned: 0
     rx_queue_34_packets: 0
     rx_queue_34_bytes: 0
     rx_queue_34_ll_poll_yield: 0
     rx_queue_34_ll_misses: 0
     rx_queue_34_ll_cleaned: 0
     rx_queue_35_packets: 0
     rx_queue_35_bytes: 0
     rx_queue_35_ll_poll_yield: 0
     rx_queue_35_ll_misses: 0
     rx_queue_35_ll_cleaned: 0
     rx_queue_36_packets: 0
     rx_queue_36_bytes: 0
     rx_queue_36_ll_poll_yield: 0
     rx_queue_36_ll_misses: 0
     rx_queue_36_ll_cleaned: 0
     rx_queue_37_packets: 0
     rx_queue_37_bytes: 0
     rx_queue_37_ll_poll_yield: 0
     rx_queue_37_ll_misses: 0
     rx_queue_37_ll_cleaned: 0
     rx_queue_38_packets: 0
     rx_queue_38_bytes: 0
     rx_queue_38_ll_poll_yield: 0
     rx_queue_38_ll_misses: 0
     rx_queue_38_ll_cleaned: 0
     rx_queue_39_packets: 0
     rx_queue_39_bytes: 0
     rx_queue_39_ll_poll_yield: 0
     rx_queue_39_ll_misses: 0
     rx_queue_39_ll_cleaned: 0
     rx_queue_40_packets: 0
     rx_queue_40_bytes: 0
     rx_queue_40_ll_poll_yield: 0
     rx_queue_40_ll_misses: 0
     rx_queue_40_ll_cleaned: 0
     rx_queue_41_packets: 0
     rx_queue_41_bytes: 0
     rx_queue_41_ll_poll_yield: 0
     rx_queue_41_ll_misses: 0
     rx_queue_41_ll_cleaned: 0
     rx_queue_42_packets: 0
     rx_queue_42_bytes: 0
     rx_queue_42_ll_poll_yield: 0
     rx_queue_42_ll_misses: 0
     rx_queue_42_ll_cleaned: 0
     rx_queue_43_packets: 0
     rx_queue_43_bytes: 0
     rx_queue_43_ll_poll_yield: 0
     rx_queue_43_ll_misses: 0
     rx_queue_43_ll_cleaned: 0
     rx_queue_44_packets: 0
     rx_queue_44_bytes: 0
     rx_queue_44_ll_poll_yield: 0
     rx_queue_44_ll_misses: 0
     rx_queue_44_ll_cleaned: 0
     rx_queue_45_packets: 0
     rx_queue_45_bytes: 0
     rx_queue_45_ll_poll_yield: 0
     rx_queue_45_ll_misses: 0
     rx_queue_45_ll_cleaned: 0
     rx_queue_46_packets: 0
     rx_queue_46_bytes: 0
     rx_queue_46_ll_poll_yield: 0
     rx_queue_46_ll_misses: 0
     rx_queue_46_ll_cleaned: 0
     rx_queue_47_packets: 0
     rx_queue_47_bytes: 0
     rx_queue_47_ll_poll_yield: 0
     rx_queue_47_ll_misses: 0
     rx_queue_47_ll_cleaned: 0
     rx_queue_48_packets: 0
     rx_queue_48_bytes: 0
     rx_queue_48_ll_poll_yield: 0
     rx_queue_48_ll_misses: 0
     rx_queue_48_ll_cleaned: 0
     rx_queue_49_packets: 0
     rx_queue_49_bytes: 0
     rx_queue_49_ll_poll_yield: 0
     rx_queue_49_ll_misses: 0
     rx_queue_49_ll_cleaned: 0
     rx_queue_50_packets: 0
     rx_queue_50_bytes: 0
     rx_queue_50_ll_poll_yield: 0
     rx_queue_50_ll_misses: 0
     rx_queue_50_ll_cleaned: 0
     rx_queue_51_packets: 0
     rx_queue_51_bytes: 0
     rx_queue_51_ll_poll_yield: 0
     rx_queue_51_ll_misses: 0
     rx_queue_51_ll_cleaned: 0
     rx_queue_52_packets: 0
     rx_queue_52_bytes: 0
     rx_queue_52_ll_poll_yield: 0
     rx_queue_52_ll_misses: 0
     rx_queue_52_ll_cleaned: 0
     rx_queue_53_packets: 0
     rx_queue_53_bytes: 0
     rx_queue_53_ll_poll_yield: 0
     rx_queue_53_ll_misses: 0
     rx_queue_53_ll_cleaned: 0
     rx_queue_54_packets: 0
     rx_queue_54_bytes: 0
     rx_queue_54_ll_poll_yield: 0
     rx_queue_54_ll_misses: 0
     rx_queue_54_ll_cleaned: 0
     rx_queue_55_packets: 0
     rx_queue_55_bytes: 0
     rx_queue_55_ll_poll_yield: 0
     rx_queue_55_ll_misses: 0
     rx_queue_55_ll_cleaned: 0
     rx_queue_56_packets: 0
     rx_queue_56_bytes: 0
     rx_queue_56_ll_poll_yield: 0
     rx_queue_56_ll_misses: 0
     rx_queue_56_ll_cleaned: 0
     rx_queue_57_packets: 0
     rx_queue_57_bytes: 0
     rx_queue_57_ll_poll_yield: 0
     rx_queue_57_ll_misses: 0
     rx_queue_57_ll_cleaned: 0
     rx_queue_58_packets: 0
     rx_queue_58_bytes: 0
     rx_queue_58_ll_poll_yield: 0
     rx_queue_58_ll_misses: 0
     rx_queue_58_ll_cleaned: 0
     rx_queue_59_packets: 0
     rx_queue_59_bytes: 0
     rx_queue_59_ll_poll_yield: 0
     rx_queue_59_ll_misses: 0
     rx_queue_59_ll_cleaned: 0
     rx_queue_60_packets: 0
     rx_queue_60_bytes: 0
     rx_queue_60_ll_poll_yield: 0
     rx_queue_60_ll_misses: 0
     rx_queue_60_ll_cleaned: 0
     rx_queue_61_packets: 0
     rx_queue_61_bytes: 0
     rx_queue_61_ll_poll_yield: 0
     rx_queue_61_ll_misses: 0
     rx_queue_61_ll_cleaned: 0
     rx_queue_62_packets: 0
     rx_queue_62_bytes: 0
     rx_queue_62_ll_poll_yield: 0
     rx_queue_62_ll_misses: 0
     rx_queue_62_ll_cleaned: 0
     rx_queue_63_packets: 0
     rx_queue_63_bytes: 0
     rx_queue_63_ll_poll_yield: 0
     rx_queue_63_ll_misses: 0
     rx_queue_63_ll_cleaned: 0
     tx_pb_0_pxon: 0
     tx_pb_0_pxoff: 0
     tx_pb_1_pxon: 0
     tx_pb_1_pxoff: 0
     tx_pb_2_pxon: 0
     tx_pb_2_pxoff: 0
     tx_pb_3_pxon: 0
     tx_pb_3_pxoff: 0
     tx_pb_4_pxon: 0
     tx_pb_4_pxoff: 0
     tx_pb_5_pxon: 0
     tx_pb_5_pxoff: 0
     tx_pb_6_pxon: 0
     tx_pb_6_pxoff: 0
     tx_pb_7_pxon: 0
     tx_pb_7_pxoff: 0
     rx_pb_0_pxon: 0
     rx_pb_0_pxoff: 0
     rx_pb_1_pxon: 0
     rx_pb_1_pxoff: 0
     rx_pb_2_pxon: 0
     rx_pb_2_pxoff: 0
     rx_pb_3_pxon: 0
     rx_pb_3_pxoff: 0
     rx_pb_4_pxon: 0
     rx_pb_4_pxoff: 0
     rx_pb_5_pxon: 0
     rx_pb_5_pxoff: 0
     rx_pb_6_pxon: 0
     rx_pb_6_pxoff: 0
     rx_pb_7_pxon: 0
     rx_pb_7_pxoff: 0
NIC statistics:
     rx_packets: 24457098520
     tx_packets: 33639843303
     rx_bytes: 20869929922463
     tx_bytes: 46982702230061
     rx_pkts_nic: 24457098509
     tx_pkts_nic: 33639843302
     rx_bytes_nic: 20967762889011
     tx_bytes_nic: 47117263741777
     lsc_int: 0
     tx_busy: 0
     non_eop_descs: 0
     rx_errors: 0
     tx_errors: 0
     rx_dropped: 0
     tx_dropped: 0
     multicast: 7296861
     broadcast: 13611906
     rx_no_buffer_count: 0
     collisions: 0
     rx_over_errors: 0
     rx_crc_errors: 0
     rx_frame_errors: 0
     hw_rsc_aggregated: 0
     hw_rsc_flushed: 0
     fdir_match: 24504176311
     fdir_miss: 7760201
     fdir_overflow: 0
     rx_fifo_errors: 0
     rx_missed_errors: 0
     tx_aborted_errors: 0
     tx_carrier_errors: 0
     tx_fifo_errors: 0
     tx_heartbeat_errors: 0
     tx_timeout_count: 0
     tx_restart_queue: 12230939
     rx_long_length_errors: 0
     rx_short_length_errors: 0
     tx_flow_control_xon: 217137
     rx_flow_control_xon: 3168
     tx_flow_control_xoff: 217188
     rx_flow_control_xoff: 3168
     rx_csum_offload_errors: 0
     alloc_rx_page_failed: 0
     alloc_rx_buff_failed: 0
     rx_no_dma_resources: 0
     os2bmc_rx_by_bmc: 0
     os2bmc_tx_by_bmc: 0
     os2bmc_tx_by_host: 0
     os2bmc_rx_by_host: 0
     fcoe_bad_fccrc: 0
     rx_fcoe_dropped: 0
     rx_fcoe_packets: 0
     rx_fcoe_dwords: 0
     fcoe_noddp: 0
     fcoe_noddp_ext_buff: 0
     tx_fcoe_packets: 0
     tx_fcoe_dwords: 0
     tx_queue_0_packets: 1737823528
     tx_queue_0_bytes: 2466203491705
     tx_queue_0_ll_napi_yield: 0
     tx_queue_0_ll_misses: 0
     tx_queue_0_ll_cleaned: 0
     tx_queue_1_packets: 1622579598
     tx_queue_1_bytes: 2272239346168
     tx_queue_1_ll_napi_yield: 0
     tx_queue_1_ll_misses: 0
     tx_queue_1_ll_cleaned: 0
     tx_queue_2_packets: 1489260070
     tx_queue_2_bytes: 2107381100786
     tx_queue_2_ll_napi_yield: 0
     tx_queue_2_ll_misses: 0
     tx_queue_2_ll_cleaned: 0
     tx_queue_3_packets: 2149435435
     tx_queue_3_bytes: 3064965393901
     tx_queue_3_ll_napi_yield: 0
     tx_queue_3_ll_misses: 0
     tx_queue_3_ll_cleaned: 0
     tx_queue_4_packets: 1013410948
     tx_queue_4_bytes: 1372722286042
     tx_queue_4_ll_napi_yield: 0
     tx_queue_4_ll_misses: 0
     tx_queue_4_ll_cleaned: 0
     tx_queue_5_packets: 1235973041
     tx_queue_5_bytes: 1664772905327
     tx_queue_5_ll_napi_yield: 0
     tx_queue_5_ll_misses: 0
     tx_queue_5_ll_cleaned: 0
     tx_queue_6_packets: 1491704056
     tx_queue_6_bytes: 2104913430402
     tx_queue_6_ll_napi_yield: 0
     tx_queue_6_ll_misses: 0
     tx_queue_6_ll_cleaned: 0
     tx_queue_7_packets: 1441881951
     tx_queue_7_bytes: 2029178475720
     tx_queue_7_ll_napi_yield: 0
     tx_queue_7_ll_misses: 0
     tx_queue_7_ll_cleaned: 0
     tx_queue_8_packets: 1513299645
     tx_queue_8_bytes: 2138023836124
     tx_queue_8_ll_napi_yield: 0
     tx_queue_8_ll_misses: 0
     tx_queue_8_ll_cleaned: 0
     tx_queue_9_packets: 1139486781
     tx_queue_9_bytes: 1571647369496
     tx_queue_9_ll_napi_yield: 0
     tx_queue_9_ll_misses: 0
     tx_queue_9_ll_cleaned: 0
     tx_queue_10_packets: 1448120518
     tx_queue_10_bytes: 2009378292049
     tx_queue_10_ll_napi_yield: 0
     tx_queue_10_ll_misses: 0
     tx_queue_10_ll_cleaned: 0
     tx_queue_11_packets: 1174762714
     tx_queue_11_bytes: 1600104683835
     tx_queue_11_ll_napi_yield: 0
     tx_queue_11_ll_misses: 0
     tx_queue_11_ll_cleaned: 0
     tx_queue_12_packets: 1200160395
     tx_queue_12_bytes: 1632289617691
     tx_queue_12_ll_napi_yield: 0
     tx_queue_12_ll_misses: 0
     tx_queue_12_ll_cleaned: 0
     tx_queue_13_packets: 1402055824
     tx_queue_13_bytes: 1957217019774
     tx_queue_13_ll_napi_yield: 0
     tx_queue_13_ll_misses: 0
     tx_queue_13_ll_cleaned: 0
     tx_queue_14_packets: 1868861158
     tx_queue_14_bytes: 2641941763870
     tx_queue_14_ll_napi_yield: 0
     tx_queue_14_ll_misses: 0
     tx_queue_14_ll_cleaned: 0
     tx_queue_15_packets: 1486671926
     tx_queue_15_bytes: 2069120714608
     tx_queue_15_ll_napi_yield: 0
     tx_queue_15_ll_misses: 0
     tx_queue_15_ll_cleaned: 0
     tx_queue_16_packets: 1306666653
     tx_queue_16_bytes: 1817910048264
     tx_queue_16_ll_napi_yield: 0
     tx_queue_16_ll_misses: 0
     tx_queue_16_ll_cleaned: 0
     tx_queue_17_packets: 1409714760
     tx_queue_17_bytes: 1986177362368
     tx_queue_17_ll_napi_yield: 0
     tx_queue_17_ll_misses: 0
     tx_queue_17_ll_cleaned: 0
     tx_queue_18_packets: 1261502679
     tx_queue_18_bytes: 1735134401100
     tx_queue_18_ll_napi_yield: 0
     tx_queue_18_ll_misses: 0
     tx_queue_18_ll_cleaned: 0
     tx_queue_19_packets: 1311637012
     tx_queue_19_bytes: 1838885260311
     tx_queue_19_ll_napi_yield: 0
     tx_queue_19_ll_misses: 0
     tx_queue_19_ll_cleaned: 0
     tx_queue_20_packets: 966124453
     tx_queue_20_bytes: 1353086761884
     tx_queue_20_ll_napi_yield: 0
     tx_queue_20_ll_misses: 0
     tx_queue_20_ll_cleaned: 0
     tx_queue_21_packets: 1281060749
     tx_queue_21_bytes: 1798400077751
     tx_queue_21_ll_napi_yield: 0
     tx_queue_21_ll_misses: 0
     tx_queue_21_ll_cleaned: 0
     tx_queue_22_packets: 1528460612
     tx_queue_22_bytes: 2150249110745
     tx_queue_22_ll_napi_yield: 0
     tx_queue_22_ll_misses: 0
     tx_queue_22_ll_cleaned: 0
     tx_queue_23_packets: 1159188797
     tx_queue_23_bytes: 1600759480140
     tx_queue_23_ll_napi_yield: 0
     tx_queue_23_ll_misses: 0
     tx_queue_23_ll_cleaned: 0
     tx_queue_24_packets: 0
     tx_queue_24_bytes: 0
     tx_queue_24_ll_napi_yield: 0
     tx_queue_24_ll_misses: 0
     tx_queue_24_ll_cleaned: 0
     tx_queue_25_packets: 0
     tx_queue_25_bytes: 0
     tx_queue_25_ll_napi_yield: 0
     tx_queue_25_ll_misses: 0
     tx_queue_25_ll_cleaned: 0
     tx_queue_26_packets: 0
     tx_queue_26_bytes: 0
     tx_queue_26_ll_napi_yield: 0
     tx_queue_26_ll_misses: 0
     tx_queue_26_ll_cleaned: 0
     tx_queue_27_packets: 0
     tx_queue_27_bytes: 0
     tx_queue_27_ll_napi_yield: 0
     tx_queue_27_ll_misses: 0
     tx_queue_27_ll_cleaned: 0
     tx_queue_28_packets: 0
     tx_queue_28_bytes: 0
     tx_queue_28_ll_napi_yield: 0
     tx_queue_28_ll_misses: 0
     tx_queue_28_ll_cleaned: 0
     tx_queue_29_packets: 0
     tx_queue_29_bytes: 0
     tx_queue_29_ll_napi_yield: 0
     tx_queue_29_ll_misses: 0
     tx_queue_29_ll_cleaned: 0
     tx_queue_30_packets: 0
     tx_queue_30_bytes: 0
     tx_queue_30_ll_napi_yield: 0
     tx_queue_30_ll_misses: 0
     tx_queue_30_ll_cleaned: 0
     tx_queue_31_packets: 0
     tx_queue_31_bytes: 0
     tx_queue_31_ll_napi_yield: 0
     tx_queue_31_ll_misses: 0
     tx_queue_31_ll_cleaned: 0
     tx_queue_32_packets: 0
     tx_queue_32_bytes: 0
     tx_queue_32_ll_napi_yield: 0
     tx_queue_32_ll_misses: 0
     tx_queue_32_ll_cleaned: 0
     tx_queue_33_packets: 0
     tx_queue_33_bytes: 0
     tx_queue_33_ll_napi_yield: 0
     tx_queue_33_ll_misses: 0
     tx_queue_33_ll_cleaned: 0
     tx_queue_34_packets: 0
     tx_queue_34_bytes: 0
     tx_queue_34_ll_napi_yield: 0
     tx_queue_34_ll_misses: 0
     tx_queue_34_ll_cleaned: 0
     tx_queue_35_packets: 0
     tx_queue_35_bytes: 0
     tx_queue_35_ll_napi_yield: 0
     tx_queue_35_ll_misses: 0
     tx_queue_35_ll_cleaned: 0
     tx_queue_36_packets: 0
     tx_queue_36_bytes: 0
     tx_queue_36_ll_napi_yield: 0
     tx_queue_36_ll_misses: 0
     tx_queue_36_ll_cleaned: 0
     tx_queue_37_packets: 0
     tx_queue_37_bytes: 0
     tx_queue_37_ll_napi_yield: 0
     tx_queue_37_ll_misses: 0
     tx_queue_37_ll_cleaned: 0
     tx_queue_38_packets: 0
     tx_queue_38_bytes: 0
     tx_queue_38_ll_napi_yield: 0
     tx_queue_38_ll_misses: 0
     tx_queue_38_ll_cleaned: 0
     tx_queue_39_packets: 0
     tx_queue_39_bytes: 0
     tx_queue_39_ll_napi_yield: 0
     tx_queue_39_ll_misses: 0
     tx_queue_39_ll_cleaned: 0
     tx_queue_40_packets: 0
     tx_queue_40_bytes: 0
     tx_queue_40_ll_napi_yield: 0
     tx_queue_40_ll_misses: 0
     tx_queue_40_ll_cleaned: 0
     tx_queue_41_packets: 0
     tx_queue_41_bytes: 0
     tx_queue_41_ll_napi_yield: 0
     tx_queue_41_ll_misses: 0
     tx_queue_41_ll_cleaned: 0
     tx_queue_42_packets: 0
     tx_queue_42_bytes: 0
     tx_queue_42_ll_napi_yield: 0
     tx_queue_42_ll_misses: 0
     tx_queue_42_ll_cleaned: 0
     tx_queue_43_packets: 0
     tx_queue_43_bytes: 0
     tx_queue_43_ll_napi_yield: 0
     tx_queue_43_ll_misses: 0
     tx_queue_43_ll_cleaned: 0
     tx_queue_44_packets: 0
     tx_queue_44_bytes: 0
     tx_queue_44_ll_napi_yield: 0
     tx_queue_44_ll_misses: 0
     tx_queue_44_ll_cleaned: 0
     tx_queue_45_packets: 0
     tx_queue_45_bytes: 0
     tx_queue_45_ll_napi_yield: 0
     tx_queue_45_ll_misses: 0
     tx_queue_45_ll_cleaned: 0
     tx_queue_46_packets: 0
     tx_queue_46_bytes: 0
     tx_queue_46_ll_napi_yield: 0
     tx_queue_46_ll_misses: 0
     tx_queue_46_ll_cleaned: 0
     tx_queue_47_packets: 0
     tx_queue_47_bytes: 0
     tx_queue_47_ll_napi_yield: 0
     tx_queue_47_ll_misses: 0
     tx_queue_47_ll_cleaned: 0
     tx_queue_48_packets: 0
     tx_queue_48_bytes: 0
     tx_queue_48_ll_napi_yield: 0
     tx_queue_48_ll_misses: 0
     tx_queue_48_ll_cleaned: 0
     tx_queue_49_packets: 0
     tx_queue_49_bytes: 0
     tx_queue_49_ll_napi_yield: 0
     tx_queue_49_ll_misses: 0
     tx_queue_49_ll_cleaned: 0
     tx_queue_50_packets: 0
     tx_queue_50_bytes: 0
     tx_queue_50_ll_napi_yield: 0
     tx_queue_50_ll_misses: 0
     tx_queue_50_ll_cleaned: 0
     tx_queue_51_packets: 0
     tx_queue_51_bytes: 0
     tx_queue_51_ll_napi_yield: 0
     tx_queue_51_ll_misses: 0
     tx_queue_51_ll_cleaned: 0
     tx_queue_52_packets: 0
     tx_queue_52_bytes: 0
     tx_queue_52_ll_napi_yield: 0
     tx_queue_52_ll_misses: 0
     tx_queue_52_ll_cleaned: 0
     tx_queue_53_packets: 0
     tx_queue_53_bytes: 0
     tx_queue_53_ll_napi_yield: 0
     tx_queue_53_ll_misses: 0
     tx_queue_53_ll_cleaned: 0
     tx_queue_54_packets: 0
     tx_queue_54_bytes: 0
     tx_queue_54_ll_napi_yield: 0
     tx_queue_54_ll_misses: 0
     tx_queue_54_ll_cleaned: 0
     tx_queue_55_packets: 0
     tx_queue_55_bytes: 0
     tx_queue_55_ll_napi_yield: 0
     tx_queue_55_ll_misses: 0
     tx_queue_55_ll_cleaned: 0
     tx_queue_56_packets: 0
     tx_queue_56_bytes: 0
     tx_queue_56_ll_napi_yield: 0
     tx_queue_56_ll_misses: 0
     tx_queue_56_ll_cleaned: 0
     tx_queue_57_packets: 0
     tx_queue_57_bytes: 0
     tx_queue_57_ll_napi_yield: 0
     tx_queue_57_ll_misses: 0
     tx_queue_57_ll_cleaned: 0
     tx_queue_58_packets: 0
     tx_queue_58_bytes: 0
     tx_queue_58_ll_napi_yield: 0
     tx_queue_58_ll_misses: 0
     tx_queue_58_ll_cleaned: 0
     tx_queue_59_packets: 0
     tx_queue_59_bytes: 0
     tx_queue_59_ll_napi_yield: 0
     tx_queue_59_ll_misses: 0
     tx_queue_59_ll_cleaned: 0
     tx_queue_60_packets: 0
     tx_queue_60_bytes: 0
     tx_queue_60_ll_napi_yield: 0
     tx_queue_60_ll_misses: 0
     tx_queue_60_ll_cleaned: 0
     tx_queue_61_packets: 0
     tx_queue_61_bytes: 0
     tx_queue_61_ll_napi_yield: 0
     tx_queue_61_ll_misses: 0
     tx_queue_61_ll_cleaned: 0
     tx_queue_62_packets: 0
     tx_queue_62_bytes: 0
     tx_queue_62_ll_napi_yield: 0
     tx_queue_62_ll_misses: 0
     tx_queue_62_ll_cleaned: 0
     tx_queue_63_packets: 0
     tx_queue_63_bytes: 0
     tx_queue_63_ll_napi_yield: 0
     tx_queue_63_ll_misses: 0
     tx_queue_63_ll_cleaned: 0
     rx_queue_0_packets: 813840395
     rx_queue_0_bytes: 648247778833
     rx_queue_0_ll_poll_yield: 0
     rx_queue_0_ll_misses: 0
     rx_queue_0_ll_cleaned: 0
     rx_queue_1_packets: 1052716971
     rx_queue_1_bytes: 937815867928
     rx_queue_1_ll_poll_yield: 0
     rx_queue_1_ll_misses: 0
     rx_queue_1_ll_cleaned: 0
     rx_queue_2_packets: 889077338
     rx_queue_2_bytes: 771912127070
     rx_queue_2_ll_poll_yield: 0
     rx_queue_2_ll_misses: 0
     rx_queue_2_ll_cleaned: 0
     rx_queue_3_packets: 1272466198
     rx_queue_3_bytes: 748463490540
     rx_queue_3_ll_poll_yield: 0
     rx_queue_3_ll_misses: 0
     rx_queue_3_ll_cleaned: 0
     rx_queue_4_packets: 1098852301
     rx_queue_4_bytes: 1062945529026
     rx_queue_4_ll_poll_yield: 0
     rx_queue_4_ll_misses: 0
     rx_queue_4_ll_cleaned: 0
     rx_queue_5_packets: 1446194668
     rx_queue_5_bytes: 1504416721772
     rx_queue_5_ll_poll_yield: 0
     rx_queue_5_ll_misses: 0
     rx_queue_5_ll_cleaned: 0
     rx_queue_6_packets: 1096327823
     rx_queue_6_bytes: 710158479862
     rx_queue_6_ll_poll_yield: 0
     rx_queue_6_ll_misses: 0
     rx_queue_6_ll_cleaned: 0
     rx_queue_7_packets: 960165362
     rx_queue_7_bytes: 754363694029
     rx_queue_7_ll_poll_yield: 0
     rx_queue_7_ll_misses: 0
     rx_queue_7_ll_cleaned: 0
     rx_queue_8_packets: 904400784
     rx_queue_8_bytes: 657729716407
     rx_queue_8_ll_poll_yield: 0
     rx_queue_8_ll_misses: 0
     rx_queue_8_ll_cleaned: 0
     rx_queue_9_packets: 848446235
     rx_queue_9_bytes: 849041849648
     rx_queue_9_ll_poll_yield: 0
     rx_queue_9_ll_misses: 0
     rx_queue_9_ll_cleaned: 0
     rx_queue_10_packets: 994920620
     rx_queue_10_bytes: 792129786486
     rx_queue_10_ll_poll_yield: 0
     rx_queue_10_ll_misses: 0
     rx_queue_10_ll_cleaned: 0
     rx_queue_11_packets: 1137049122
     rx_queue_11_bytes: 1052762995795
     rx_queue_11_ll_poll_yield: 0
     rx_queue_11_ll_misses: 0
     rx_queue_11_ll_cleaned: 0
     rx_queue_12_packets: 1222011283
     rx_queue_12_bytes: 1241552657870
     rx_queue_12_ll_poll_yield: 0
     rx_queue_12_ll_misses: 0
     rx_queue_12_ll_cleaned: 0
     rx_queue_13_packets: 1110125618
     rx_queue_13_bytes: 982974414088
     rx_queue_13_ll_poll_yield: 0
     rx_queue_13_ll_misses: 0
     rx_queue_13_ll_cleaned: 0
     rx_queue_14_packets: 1118166713
     rx_queue_14_bytes: 826410399114
     rx_queue_14_ll_poll_yield: 0
     rx_queue_14_ll_misses: 0
     rx_queue_14_ll_cleaned: 0
     rx_queue_15_packets: 1334289572
     rx_queue_15_bytes: 1350956833288
     rx_queue_15_ll_poll_yield: 0
     rx_queue_15_ll_misses: 0
     rx_queue_15_ll_cleaned: 0
     rx_queue_16_packets: 1200257761
     rx_queue_16_bytes: 1249671542230
     rx_queue_16_ll_poll_yield: 0
     rx_queue_16_ll_misses: 0
     rx_queue_16_ll_cleaned: 0
     rx_queue_17_packets: 888183107
     rx_queue_17_bytes: 771669036908
     rx_queue_17_ll_poll_yield: 0
     rx_queue_17_ll_misses: 0
     rx_queue_17_ll_cleaned: 0
     rx_queue_18_packets: 852571709
     rx_queue_18_bytes: 686610107238
     rx_queue_18_ll_poll_yield: 0
     rx_queue_18_ll_misses: 0
     rx_queue_18_ll_cleaned: 0
     rx_queue_19_packets: 857948968
     rx_queue_19_bytes: 652826831907
     rx_queue_19_ll_poll_yield: 0
     rx_queue_19_ll_misses: 0
     rx_queue_19_ll_cleaned: 0
     rx_queue_20_packets: 625552591
     rx_queue_20_bytes: 458238665041
     rx_queue_20_ll_poll_yield: 0
     rx_queue_20_ll_misses: 0
     rx_queue_20_ll_cleaned: 0
     rx_queue_21_packets: 805461718
     rx_queue_21_bytes: 600841183486
     rx_queue_21_ll_poll_yield: 0
     rx_queue_21_ll_misses: 0
     rx_queue_21_ll_cleaned: 0
     rx_queue_22_packets: 1032519672
     rx_queue_22_bytes: 828860544737
     rx_queue_22_ll_poll_yield: 0
     rx_queue_22_ll_misses: 0
     rx_queue_22_ll_cleaned: 0
     rx_queue_23_packets: 895551991
     rx_queue_23_bytes: 729329669160
     rx_queue_23_ll_poll_yield: 0
     rx_queue_23_ll_misses: 0
     rx_queue_23_ll_cleaned: 0
     rx_queue_24_packets: 0
     rx_queue_24_bytes: 0
     rx_queue_24_ll_poll_yield: 0
     rx_queue_24_ll_misses: 0
     rx_queue_24_ll_cleaned: 0
     rx_queue_25_packets: 0
     rx_queue_25_bytes: 0
     rx_queue_25_ll_poll_yield: 0
     rx_queue_25_ll_misses: 0
     rx_queue_25_ll_cleaned: 0
     rx_queue_26_packets: 0
     rx_queue_26_bytes: 0
     rx_queue_26_ll_poll_yield: 0
     rx_queue_26_ll_misses: 0
     rx_queue_26_ll_cleaned: 0
     rx_queue_27_packets: 0
     rx_queue_27_bytes: 0
     rx_queue_27_ll_poll_yield: 0
     rx_queue_27_ll_misses: 0
     rx_queue_27_ll_cleaned: 0
     rx_queue_28_packets: 0
     rx_queue_28_bytes: 0
     rx_queue_28_ll_poll_yield: 0
     rx_queue_28_ll_misses: 0
     rx_queue_28_ll_cleaned: 0
     rx_queue_29_packets: 0
     rx_queue_29_bytes: 0
     rx_queue_29_ll_poll_yield: 0
     rx_queue_29_ll_misses: 0
     rx_queue_29_ll_cleaned: 0
     rx_queue_30_packets: 0
     rx_queue_30_bytes: 0
     rx_queue_30_ll_poll_yield: 0
     rx_queue_30_ll_misses: 0
     rx_queue_30_ll_cleaned: 0
     rx_queue_31_packets: 0
     rx_queue_31_bytes: 0
     rx_queue_31_ll_poll_yield: 0
     rx_queue_31_ll_misses: 0
     rx_queue_31_ll_cleaned: 0
     rx_queue_32_packets: 0
     rx_queue_32_bytes: 0
     rx_queue_32_ll_poll_yield: 0
     rx_queue_32_ll_misses: 0
     rx_queue_32_ll_cleaned: 0
     rx_queue_33_packets: 0
     rx_queue_33_bytes: 0
     rx_queue_33_ll_poll_yield: 0
     rx_queue_33_ll_misses: 0
     rx_queue_33_ll_cleaned: 0
     rx_queue_34_packets: 0
     rx_queue_34_bytes: 0
     rx_queue_34_ll_poll_yield: 0
     rx_queue_34_ll_misses: 0
     rx_queue_34_ll_cleaned: 0
     rx_queue_35_packets: 0
     rx_queue_35_bytes: 0
     rx_queue_35_ll_poll_yield: 0
     rx_queue_35_ll_misses: 0
     rx_queue_35_ll_cleaned: 0
     rx_queue_36_packets: 0
     rx_queue_36_bytes: 0
     rx_queue_36_ll_poll_yield: 0
     rx_queue_36_ll_misses: 0
     rx_queue_36_ll_cleaned: 0
     rx_queue_37_packets: 0
     rx_queue_37_bytes: 0
     rx_queue_37_ll_poll_yield: 0
     rx_queue_37_ll_misses: 0
     rx_queue_37_ll_cleaned: 0
     rx_queue_38_packets: 0
     rx_queue_38_bytes: 0
     rx_queue_38_ll_poll_yield: 0
     rx_queue_38_ll_misses: 0
     rx_queue_38_ll_cleaned: 0
     rx_queue_39_packets: 0
     rx_queue_39_bytes: 0
     rx_queue_39_ll_poll_yield: 0
     rx_queue_39_ll_misses: 0
     rx_queue_39_ll_cleaned: 0
     rx_queue_40_packets: 0
     rx_queue_40_bytes: 0
     rx_queue_40_ll_poll_yield: 0
     rx_queue_40_ll_misses: 0
     rx_queue_40_ll_cleaned: 0
     rx_queue_41_packets: 0
     rx_queue_41_bytes: 0
     rx_queue_41_ll_poll_yield: 0
     rx_queue_41_ll_misses: 0
     rx_queue_41_ll_cleaned: 0
     rx_queue_42_packets: 0
     rx_queue_42_bytes: 0
     rx_queue_42_ll_poll_yield: 0
     rx_queue_42_ll_misses: 0
     rx_queue_42_ll_cleaned: 0
     rx_queue_43_packets: 0
     rx_queue_43_bytes: 0
     rx_queue_43_ll_poll_yield: 0
     rx_queue_43_ll_misses: 0
     rx_queue_43_ll_cleaned: 0
     rx_queue_44_packets: 0
     rx_queue_44_bytes: 0
     rx_queue_44_ll_poll_yield: 0
     rx_queue_44_ll_misses: 0
     rx_queue_44_ll_cleaned: 0
     rx_queue_45_packets: 0
     rx_queue_45_bytes: 0
     rx_queue_45_ll_poll_yield: 0
     rx_queue_45_ll_misses: 0
     rx_queue_45_ll_cleaned: 0
     rx_queue_46_packets: 0
     rx_queue_46_bytes: 0
     rx_queue_46_ll_poll_yield: 0
     rx_queue_46_ll_misses: 0
     rx_queue_46_ll_cleaned: 0
     rx_queue_47_packets: 0
     rx_queue_47_bytes: 0
     rx_queue_47_ll_poll_yield: 0
     rx_queue_47_ll_misses: 0
     rx_queue_47_ll_cleaned: 0
     rx_queue_48_packets: 0
     rx_queue_48_bytes: 0
     rx_queue_48_ll_poll_yield: 0
     rx_queue_48_ll_misses: 0
     rx_queue_48_ll_cleaned: 0
     rx_queue_49_packets: 0
     rx_queue_49_bytes: 0
     rx_queue_49_ll_poll_yield: 0
     rx_queue_49_ll_misses: 0
     rx_queue_49_ll_cleaned: 0
     rx_queue_50_packets: 0
     rx_queue_50_bytes: 0
     rx_queue_50_ll_poll_yield: 0
     rx_queue_50_ll_misses: 0
     rx_queue_50_ll_cleaned: 0
     rx_queue_51_packets: 0
     rx_queue_51_bytes: 0
     rx_queue_51_ll_poll_yield: 0
     rx_queue_51_ll_misses: 0
     rx_queue_51_ll_cleaned: 0
     rx_queue_52_packets: 0
     rx_queue_52_bytes: 0
     rx_queue_52_ll_poll_yield: 0
     rx_queue_52_ll_misses: 0
     rx_queue_52_ll_cleaned: 0
     rx_queue_53_packets: 0
     rx_queue_53_bytes: 0
     rx_queue_53_ll_poll_yield: 0
     rx_queue_53_ll_misses: 0
     rx_queue_53_ll_cleaned: 0
     rx_queue_54_packets: 0
     rx_queue_54_bytes: 0
     rx_queue_54_ll_poll_yield: 0
     rx_queue_54_ll_misses: 0
     rx_queue_54_ll_cleaned: 0
     rx_queue_55_packets: 0
     rx_queue_55_bytes: 0
     rx_queue_55_ll_poll_yield: 0
     rx_queue_55_ll_misses: 0
     rx_queue_55_ll_cleaned: 0
     rx_queue_56_packets: 0
     rx_queue_56_bytes: 0
     rx_queue_56_ll_poll_yield: 0
     rx_queue_56_ll_misses: 0
     rx_queue_56_ll_cleaned: 0
     rx_queue_57_packets: 0
     rx_queue_57_bytes: 0
     rx_queue_57_ll_poll_yield: 0
     rx_queue_57_ll_misses: 0
     rx_queue_57_ll_cleaned: 0
     rx_queue_58_packets: 0
     rx_queue_58_bytes: 0
     rx_queue_58_ll_poll_yield: 0
     rx_queue_58_ll_misses: 0
     rx_queue_58_ll_cleaned: 0
     rx_queue_59_packets: 0
     rx_queue_59_bytes: 0
     rx_queue_59_ll_poll_yield: 0
     rx_queue_59_ll_misses: 0
     rx_queue_59_ll_cleaned: 0
     rx_queue_60_packets: 0
     rx_queue_60_bytes: 0
     rx_queue_60_ll_poll_yield: 0
     rx_queue_60_ll_misses: 0
     rx_queue_60_ll_cleaned: 0
     rx_queue_61_packets: 0
     rx_queue_61_bytes: 0
     rx_queue_61_ll_poll_yield: 0
     rx_queue_61_ll_misses: 0
     rx_queue_61_ll_cleaned: 0
     rx_queue_62_packets: 0
     rx_queue_62_bytes: 0
     rx_queue_62_ll_poll_yield: 0
     rx_queue_62_ll_misses: 0
     rx_queue_62_ll_cleaned: 0
     rx_queue_63_packets: 0
     rx_queue_63_bytes: 0
     rx_queue_63_ll_poll_yield: 0
     rx_queue_63_ll_misses: 0
     rx_queue_63_ll_cleaned: 0
     tx_pb_0_pxon: 0
     tx_pb_0_pxoff: 0
     tx_pb_1_pxon: 0
     tx_pb_1_pxoff: 0
     tx_pb_2_pxon: 0
     tx_pb_2_pxoff: 0
     tx_pb_3_pxon: 0
     tx_pb_3_pxoff: 0
     tx_pb_4_pxon: 0
     tx_pb_4_pxoff: 0
     tx_pb_5_pxon: 0
     tx_pb_5_pxoff: 0
     tx_pb_6_pxon: 0
     tx_pb_6_pxoff: 0
     tx_pb_7_pxon: 0
     tx_pb_7_pxoff: 0
     rx_pb_0_pxon: 0
     rx_pb_0_pxoff: 0
     rx_pb_1_pxon: 0
     rx_pb_1_pxoff: 0
     rx_pb_2_pxon: 0
     rx_pb_2_pxoff: 0
     rx_pb_3_pxon: 0
     rx_pb_3_pxoff: 0
     rx_pb_4_pxon: 0
     rx_pb_4_pxoff: 0
     rx_pb_5_pxon: 0
     rx_pb_5_pxoff: 0
     rx_pb_6_pxon: 0
     rx_pb_6_pxoff: 0
     rx_pb_7_pxon: 0
     rx_pb_7_pxoff: 0
