NIC statistics:
     rx_packets: 35307894360
     tx_packets: 25632016260
     rx_bytes: 49706731540162
     tx_bytes: 22366284442269
     rx_pkts_nic: 35319788628
     tx_pkts_nic: 25632016260
     rx_bytes_nic: 49848795719294
     tx_bytes_nic: 22494940702353
     lsc_int: 0
     tx_busy: 0
     non_eop_descs: 8451559
     rx_errors: 0
     tx_errors: 0
     rx_dropped: 290670
     tx_dropped: 0
     multicast: 16581
     broadcast: 12607721
     rx_no_buffer_count: 0
     collisions: 0
     rx_over_errors: 0
     rx_crc_errors: 0
     rx_frame_errors: 0
     hw_rsc_aggregated: 13186918
     hw_rsc_flushed: 1292652
     fdir_match: 18111912
     fdir_miss: 33949594783
     fdir_overflow: 11
     rx_fifo_errors: 0
     rx_missed_errors: 0
     tx_aborted_errors: 0
     tx_carrier_errors: 0
     tx_fifo_errors: 0
     tx_heartbeat_errors: 0
     tx_timeout_count: 0
     tx_restart_queue: 1387529
     rx_long_length_errors: 0
     rx_short_length_errors: 0
     tx_flow_control_xon: 12140556
     rx_flow_control_xon: 6771
     tx_flow_control_xoff: 12261443
     rx_flow_control_xoff: 7135
     rx_csum_offload_errors: 0
     alloc_rx_page_failed: 0
     alloc_rx_buff_failed: 0
     rx_no_dma_resources: 0
     os2bmc_rx_by_bmc: 0
     os2bmc_tx_by_bmc: 0
     os2bmc_tx_by_host: 0
     os2bmc_rx_by_host: 0
     fcoe_bad_fccrc: 0
     rx_fcoe_dropped: 0
     rx_fcoe_packets: 0
     rx_fcoe_dwords: 0
     fcoe_noddp: 0
     fcoe_noddp_ext_buff: 0
     tx_fcoe_packets: 0
     tx_fcoe_dwords: 0
     tx_queue_0_packets: 1982129139
     tx_queue_0_bytes: 1917893311957
     tx_queue_0_ll_napi_yield: 0
     tx_queue_0_ll_misses: 0
     tx_queue_0_ll_cleaned: 0
     tx_queue_1_packets: 1881970322
     tx_queue_1_bytes: 1505983180695
     tx_queue_1_ll_napi_yield: 0
     tx_queue_1_ll_misses: 0
     tx_queue_1_ll_cleaned: 0
     tx_queue_2_packets: 1748524247
     tx_queue_2_bytes: 1408539565566
     tx_queue_2_ll_napi_yield: 0
     tx_queue_2_ll_misses: 0
     tx_queue_2_ll_cleaned: 0
     tx_queue_3_packets: 1447708480
     tx_queue_3_bytes: 1299618013598
     tx_queue_3_ll_napi_yield: 0
     tx_queue_3_ll_misses: 0
     tx_queue_3_ll_cleaned: 0
     tx_queue_4_packets: 1948664787
     tx_queue_4_bytes: 1865274982224
     tx_queue_4_ll_napi_yield: 0
     tx_queue_4_ll_misses: 0
     tx_queue_4_ll_cleaned: 0
     tx_queue_5_packets: 1551289504
     tx_queue_5_bytes: 1183319663049
     tx_queue_5_ll_napi_yield: 0
     tx_queue_5_ll_misses: 0
     tx_queue_5_ll_cleaned: 0
     tx_queue_6_packets: 132382627
     tx_queue_6_bytes: 198925980812
     tx_queue_6_ll_napi_yield: 0
     tx_queue_6_ll_misses: 0
     tx_queue_6_ll_cleaned: 0
     tx_queue_7_packets: 96164334
     tx_queue_7_bytes: 145391371745
     tx_queue_7_ll_napi_yield: 0
     tx_queue_7_ll_misses: 0
     tx_queue_7_ll_cleaned: 0
     tx_queue_8_packets: 24732121
     tx_queue_8_bytes: 29733124248
     tx_queue_8_ll_napi_yield: 0
     tx_queue_8_ll_misses: 0
     tx_queue_8_ll_cleaned: 0
     tx_queue_9_packets: 19708037
     tx_queue_9_bytes: 29308897816
     tx_queue_9_ll_napi_yield: 0
     tx_queue_9_ll_misses: 0
     tx_queue_9_ll_cleaned: 0
     tx_queue_10_packets: 566491
     tx_queue_10_bytes: 628242841
     tx_queue_10_ll_napi_yield: 0
     tx_queue_10_ll_misses: 0
     tx_queue_10_ll_cleaned: 0
     tx_queue_11_packets: 2224596
     tx_queue_11_bytes: 693953567
     tx_queue_11_ll_napi_yield: 0
     tx_queue_11_ll_misses: 0
     tx_queue_11_ll_cleaned: 0
     tx_queue_12_packets: 1979903425
     tx_queue_12_bytes: 1537815970816
     tx_queue_12_ll_napi_yield: 0
     tx_queue_12_ll_misses: 0
     tx_queue_12_ll_cleaned: 0
     tx_queue_13_packets: 2005756847
     tx_queue_13_bytes: 1842413093238
     tx_queue_13_ll_napi_yield: 0
     tx_queue_13_ll_misses: 0
     tx_queue_13_ll_cleaned: 0
     tx_queue_14_packets: 2970864332
     tx_queue_14_bytes: 2856288479838
     tx_queue_14_ll_napi_yield: 0
     tx_queue_14_ll_misses: 0
     tx_queue_14_ll_cleaned: 0
     tx_queue_15_packets: 2320275001
     tx_queue_15_bytes: 1825585206915
     tx_queue_15_ll_napi_yield: 0
     tx_queue_15_ll_misses: 0
     tx_queue_15_ll_cleaned: 0
     tx_queue_16_packets: 2638506228
     tx_queue_16_bytes: 2143746649433
     tx_queue_16_ll_napi_yield: 0
     tx_queue_16_ll_misses: 0
     tx_queue_16_ll_cleaned: 0
     tx_queue_17_packets: 2746066399
     tx_queue_17_bytes: 2387294595020
     tx_queue_17_ll_napi_yield: 0
     tx_queue_17_ll_misses: 0
     tx_queue_17_ll_cleaned: 0
     tx_queue_18_packets: 22594725
     tx_queue_18_bytes: 33556807120
     tx_queue_18_ll_napi_yield: 0
     tx_queue_18_ll_misses: 0
     tx_queue_18_ll_cleaned: 0
     tx_queue_19_packets: 62141605
     tx_queue_19_bytes: 90031428389
     tx_queue_19_ll_napi_yield: 0
     tx_queue_19_ll_misses: 0
     tx_queue_19_ll_cleaned: 0
     tx_queue_20_packets: 491973
     tx_queue_20_bytes: 595208067
     tx_queue_20_ll_napi_yield: 0
     tx_queue_20_ll_misses: 0
     tx_queue_20_ll_cleaned: 0
     tx_queue_21_packets: 37335992
     tx_queue_21_bytes: 53073614059
     tx_queue_21_ll_napi_yield: 0
     tx_queue_21_ll_misses: 0
     tx_queue_21_ll_cleaned: 0
     tx_queue_22_packets: 260191
     tx_queue_22_bytes: 162066292
     tx_queue_22_ll_napi_yield: 0
     tx_queue_22_ll_misses: 0
     tx_queue_22_ll_cleaned: 0
     tx_queue_23_packets: 11754857
     tx_queue_23_bytes: 10411034964
     tx_queue_23_ll_napi_yield: 0
     tx_queue_23_ll_misses: 0
     tx_queue_23_ll_cleaned: 0
     tx_queue_24_packets: 0
     tx_queue_24_bytes: 0
     tx_queue_24_ll_napi_yield: 0
     tx_queue_24_ll_misses: 0
     tx_queue_24_ll_cleaned: 0
     tx_queue_25_packets: 0
     tx_queue_25_bytes: 0
     tx_queue_25_ll_napi_yield: 0
     tx_queue_25_ll_misses: 0
     tx_queue_25_ll_cleaned: 0
     tx_queue_26_packets: 0
     tx_queue_26_bytes: 0
     tx_queue_26_ll_napi_yield: 0
     tx_queue_26_ll_misses: 0
     tx_queue_26_ll_cleaned: 0
     tx_queue_27_packets: 0
     tx_queue_27_bytes: 0
     tx_queue_27_ll_napi_yield: 0
     tx_queue_27_ll_misses: 0
     tx_queue_27_ll_cleaned: 0
     tx_queue_28_packets: 0
     tx_queue_28_bytes: 0
     tx_queue_28_ll_napi_yield: 0
     tx_queue_28_ll_misses: 0
     tx_queue_28_ll_cleaned: 0
     tx_queue_29_packets: 0
     tx_queue_29_bytes: 0
     tx_queue_29_ll_napi_yield: 0
     tx_queue_29_ll_misses: 0
     tx_queue_29_ll_cleaned: 0
     tx_queue_30_packets: 0
     tx_queue_30_bytes: 0
     tx_queue_30_ll_napi_yield: 0
     tx_queue_30_ll_misses: 0
     tx_queue_30_ll_cleaned: 0
     tx_queue_31_packets: 0
     tx_queue_31_bytes: 0
     tx_queue_31_ll_napi_yield: 0
     tx_queue_31_ll_misses: 0
     tx_queue_31_ll_cleaned: 0
     tx_queue_32_packets: 0
     tx_queue_32_bytes: 0
     tx_queue_32_ll_napi_yield: 0
     tx_queue_32_ll_misses: 0
     tx_queue_32_ll_cleaned: 0
     tx_queue_33_packets: 0
     tx_queue_33_bytes: 0
     tx_queue_33_ll_napi_yield: 0
     tx_queue_33_ll_misses: 0
     tx_queue_33_ll_cleaned: 0
     tx_queue_34_packets: 0
     tx_queue_34_bytes: 0
     tx_queue_34_ll_napi_yield: 0
     tx_queue_34_ll_misses: 0
     tx_queue_34_ll_cleaned: 0
     tx_queue_35_packets: 0
     tx_queue_35_bytes: 0
     tx_queue_35_ll_napi_yield: 0
     tx_queue_35_ll_misses: 0
     tx_queue_35_ll_cleaned: 0
     tx_queue_36_packets: 0
     tx_queue_36_bytes: 0
     tx_queue_36_ll_napi_yield: 0
     tx_queue_36_ll_misses: 0
     tx_queue_36_ll_cleaned: 0
     tx_queue_37_packets: 0
     tx_queue_37_bytes: 0
     tx_queue_37_ll_napi_yield: 0
     tx_queue_37_ll_misses: 0
     tx_queue_37_ll_cleaned: 0
     tx_queue_38_packets: 0
     tx_queue_38_bytes: 0
     tx_queue_38_ll_napi_yield: 0
     tx_queue_38_ll_misses: 0
     tx_queue_38_ll_cleaned: 0
     tx_queue_39_packets: 0
     tx_queue_39_bytes: 0
     tx_queue_39_ll_napi_yield: 0
     tx_queue_39_ll_misses: 0
     tx_queue_39_ll_cleaned: 0
     tx_queue_40_packets: 0
     tx_queue_40_bytes: 0
     tx_queue_40_ll_napi_yield: 0
     tx_queue_40_ll_misses: 0
     tx_queue_40_ll_cleaned: 0
     tx_queue_41_packets: 0
     tx_queue_41_bytes: 0
     tx_queue_41_ll_napi_yield: 0
     tx_queue_41_ll_misses: 0
     tx_queue_41_ll_cleaned: 0
     tx_queue_42_packets: 0
     tx_queue_42_bytes: 0
     tx_queue_42_ll_napi_yield: 0
     tx_queue_42_ll_misses: 0
     tx_queue_42_ll_cleaned: 0
     tx_queue_43_packets: 0
     tx_queue_43_bytes: 0
     tx_queue_43_ll_napi_yield: 0
     tx_queue_43_ll_misses: 0
     tx_queue_43_ll_cleaned: 0
     tx_queue_44_packets: 0
     tx_queue_44_bytes: 0
     tx_queue_44_ll_napi_yield: 0
     tx_queue_44_ll_misses: 0
     tx_queue_44_ll_cleaned: 0
     tx_queue_45_packets: 0
     tx_queue_45_bytes: 0
     tx_queue_45_ll_napi_yield: 0
     tx_queue_45_ll_misses: 0
     tx_queue_45_ll_cleaned: 0
     tx_queue_46_packets: 0
     tx_queue_46_bytes: 0
     tx_queue_46_ll_napi_yield: 0
     tx_queue_46_ll_misses: 0
     tx_queue_46_ll_cleaned: 0
     tx_queue_47_packets: 0
     tx_queue_47_bytes: 0
     tx_queue_47_ll_napi_yield: 0
     tx_queue_47_ll_misses: 0
     tx_queue_47_ll_cleaned: 0
     tx_queue_48_packets: 0
     tx_queue_48_bytes: 0
     tx_queue_48_ll_napi_yield: 0
     tx_queue_48_ll_misses: 0
     tx_queue_48_ll_cleaned: 0
     tx_queue_49_packets: 0
     tx_queue_49_bytes: 0
     tx_queue_49_ll_napi_yield: 0
     tx_queue_49_ll_misses: 0
     tx_queue_49_ll_cleaned: 0
     tx_queue_50_packets: 0
     tx_queue_50_bytes: 0
     tx_queue_50_ll_napi_yield: 0
     tx_queue_50_ll_misses: 0
     tx_queue_50_ll_cleaned: 0
     tx_queue_51_packets: 0
     tx_queue_51_bytes: 0
     tx_queue_51_ll_napi_yield: 0
     tx_queue_51_ll_misses: 0
     tx_queue_51_ll_cleaned: 0
     tx_queue_52_packets: 0
     tx_queue_52_bytes: 0
     tx_queue_52_ll_napi_yield: 0
     tx_queue_52_ll_misses: 0
     tx_queue_52_ll_cleaned: 0
     tx_queue_53_packets: 0
     tx_queue_53_bytes: 0
     tx_queue_53_ll_napi_yield: 0
     tx_queue_53_ll_misses: 0
     tx_queue_53_ll_cleaned: 0
     tx_queue_54_packets: 0
     tx_queue_54_bytes: 0
     tx_queue_54_ll_napi_yield: 0
     tx_queue_54_ll_misses: 0
     tx_queue_54_ll_cleaned: 0
     tx_queue_55_packets: 0
     tx_queue_55_bytes: 0
     tx_queue_55_ll_napi_yield: 0
     tx_queue_55_ll_misses: 0
     tx_queue_55_ll_cleaned: 0
     tx_queue_56_packets: 0
     tx_queue_56_bytes: 0
     tx_queue_56_ll_napi_yield: 0
     tx_queue_56_ll_misses: 0
     tx_queue_56_ll_cleaned: 0
     tx_queue_57_packets: 0
     tx_queue_57_bytes: 0
     tx_queue_57_ll_napi_yield: 0
     tx_queue_57_ll_misses: 0
     tx_queue_57_ll_cleaned: 0
     tx_queue_58_packets: 0
     tx_queue_58_bytes: 0
     tx_queue_58_ll_napi_yield: 0
     tx_queue_58_ll_misses: 0
     tx_queue_58_ll_cleaned: 0
     tx_queue_59_packets: 0
     tx_queue_59_bytes: 0
     tx_queue_59_ll_napi_yield: 0
     tx_queue_59_ll_misses: 0
     tx_queue_59_ll_cleaned: 0
     tx_queue_60_packets: 0
     tx_queue_60_bytes: 0
     tx_queue_60_ll_napi_yield: 0
     tx_queue_60_ll_misses: 0
     tx_queue_60_ll_cleaned: 0
     tx_queue_61_packets: 0
     tx_queue_61_bytes: 0
     tx_queue_61_ll_napi_yield: 0
     tx_queue_61_ll_misses: 0
     tx_queue_61_ll_cleaned: 0
     tx_queue_62_packets: 0
     tx_queue_62_bytes: 0
     tx_queue_62_ll_napi_yield: 0
     tx_queue_62_ll_misses: 0
     tx_queue_62_ll_cleaned: 0
     tx_queue_63_packets: 0
     tx_queue_63_bytes: 0
     tx_queue_63_ll_napi_yield: 0
     tx_queue_63_ll_misses: 0
     tx_queue_63_ll_cleaned: 0
     rx_queue_0_packets: 12675198
     rx_queue_0_bytes: 1128275444
     rx_queue_0_ll_poll_yield: 0
     rx_queue_0_ll_misses: 0
     rx_queue_0_ll_cleaned: 0
     rx_queue_1_packets: 408436
     rx_queue_1_bytes: 1237126332
     rx_queue_1_ll_poll_yield: 0
     rx_queue_1_ll_misses: 0
     rx_queue_1_ll_cleaned: 0
     rx_queue_2_packets: 315800
     rx_queue_2_bytes: 698449660
     rx_queue_2_ll_poll_yield: 0
     rx_queue_2_ll_misses: 0
     rx_queue_2_ll_cleaned: 0
     rx_queue_3_packets: 324992
     rx_queue_3_bytes: 908580022
     rx_queue_3_ll_poll_yield: 0
     rx_queue_3_ll_misses: 0
     rx_queue_3_ll_cleaned: 0
     rx_queue_4_packets: 336699
     rx_queue_4_bytes: 626038549
     rx_queue_4_ll_poll_yield: 0
     rx_queue_4_ll_misses: 0
     rx_queue_4_ll_cleaned: 0
     rx_queue_5_packets: 16612446452
     rx_queue_5_bytes: 23432567455306
     rx_queue_5_ll_poll_yield: 0
     rx_queue_5_ll_misses: 0
     rx_queue_5_ll_cleaned: 0
     rx_queue_6_packets: 181496
     rx_queue_6_bytes: 479474931
     rx_queue_6_ll_poll_yield: 0
     rx_queue_6_ll_misses: 0
     rx_queue_6_ll_cleaned: 0
     rx_queue_7_packets: 151211
     rx_queue_7_bytes: 714906114
     rx_queue_7_ll_poll_yield: 0
     rx_queue_7_ll_misses: 0
     rx_queue_7_ll_cleaned: 0
     rx_queue_8_packets: 205456
     rx_queue_8_bytes: 657158620
     rx_queue_8_ll_poll_yield: 0
     rx_queue_8_ll_misses: 0
     rx_queue_8_ll_cleaned: 0
     rx_queue_9_packets: 312718
     rx_queue_9_bytes: 546739971
     rx_queue_9_ll_poll_yield: 0
     rx_queue_9_ll_misses: 0
     rx_queue_9_ll_cleaned: 0
     rx_queue_10_packets: 196379
     rx_queue_10_bytes: 767132116
     rx_queue_10_ll_poll_yield: 0
     rx_queue_10_ll_misses: 0
     rx_queue_10_ll_cleaned: 0
     rx_queue_11_packets: 137618
     rx_queue_11_bytes: 492491848
     rx_queue_11_ll_poll_yield: 0
     rx_queue_11_ll_misses: 0
     rx_queue_11_ll_cleaned: 0
     rx_queue_12_packets: 18677076369
     rx_queue_12_bytes: 26254551873257
     rx_queue_12_ll_poll_yield: 0
     rx_queue_12_ll_misses: 0
     rx_queue_12_ll_cleaned: 0
     rx_queue_13_packets: 741019
     rx_queue_13_bytes: 1509801415
     rx_queue_13_ll_poll_yield: 0
     rx_queue_13_ll_misses: 0
     rx_queue_13_ll_cleaned: 0
     rx_queue_14_packets: 322078
     rx_queue_14_bytes: 1061113540
     rx_queue_14_ll_poll_yield: 0
     rx_queue_14_ll_misses: 0
     rx_queue_14_ll_cleaned: 0
     rx_queue_15_packets: 206172
     rx_queue_15_bytes: 802554140
     rx_queue_15_ll_poll_yield: 0
     rx_queue_15_ll_misses: 0
     rx_queue_15_ll_cleaned: 0
     rx_queue_16_packets: 235094
     rx_queue_16_bytes: 1556970420
     rx_queue_16_ll_poll_yield: 0
     rx_queue_16_ll_misses: 0
     rx_queue_16_ll_cleaned: 0
     rx_queue_17_packets: 348845
     rx_queue_17_bytes: 2888561449
     rx_queue_17_ll_poll_yield: 0
     rx_queue_17_ll_misses: 0
     rx_queue_17_ll_cleaned: 0
     rx_queue_18_packets: 334530
     rx_queue_18_bytes: 316738398
     rx_queue_18_ll_poll_yield: 0
     rx_queue_18_ll_misses: 0
     rx_queue_18_ll_cleaned: 0
     rx_queue_19_packets: 202177
     rx_queue_19_bytes: 302542044
     rx_queue_19_ll_poll_yield: 0
     rx_queue_19_ll_misses: 0
     rx_queue_19_ll_cleaned: 0
     rx_queue_20_packets: 129972
     rx_queue_20_bytes: 597743639
     rx_queue_20_ll_poll_yield: 0
     rx_queue_20_ll_misses: 0
     rx_queue_20_ll_cleaned: 0
     rx_queue_21_packets: 135446
     rx_queue_21_bytes: 807311938
     rx_queue_21_ll_poll_yield: 0
     rx_queue_21_ll_misses: 0
     rx_queue_21_ll_cleaned: 0
     rx_queue_22_packets: 115608
     rx_queue_22_bytes: 917883518
     rx_queue_22_ll_poll_yield: 0
     rx_queue_22_ll_misses: 0
     rx_queue_22_ll_cleaned: 0
     rx_queue_23_packets: 354595
     rx_queue_23_bytes: 594617491
     rx_queue_23_ll_poll_yield: 0
     rx_queue_23_ll_misses: 0
     rx_queue_23_ll_cleaned: 0
     rx_queue_24_packets: 0
     rx_queue_24_bytes: 0
     rx_queue_24_ll_poll_yield: 0
     rx_queue_24_ll_misses: 0
     rx_queue_24_ll_cleaned: 0
     rx_queue_25_packets: 0
     rx_queue_25_bytes: 0
     rx_queue_25_ll_poll_yield: 0
     rx_queue_25_ll_misses: 0
     rx_queue_25_ll_cleaned: 0
     rx_queue_26_packets: 0
     rx_queue_26_bytes: 0
     rx_queue_26_ll_poll_yield: 0
     rx_queue_26_ll_misses: 0
     rx_queue_26_ll_cleaned: 0
     rx_queue_27_packets: 0
     rx_queue_27_bytes: 0
     rx_queue_27_ll_poll_yield: 0
     rx_queue_27_ll_misses: 0
     rx_queue_27_ll_cleaned: 0
     rx_queue_28_packets: 0
     rx_queue_28_bytes: 0
     rx_queue_28_ll_poll_yield: 0
     rx_queue_28_ll_misses: 0
     rx_queue_28_ll_cleaned: 0
     rx_queue_29_packets: 0
     rx_queue_29_bytes: 0
     rx_queue_29_ll_poll_yield: 0
     rx_queue_29_ll_misses: 0
     rx_queue_29_ll_cleaned: 0
     rx_queue_30_packets: 0
     rx_queue_30_bytes: 0
     rx_queue_30_ll_poll_yield: 0
     rx_queue_30_ll_misses: 0
     rx_queue_30_ll_cleaned: 0
     rx_queue_31_packets: 0
     rx_queue_31_bytes: 0
     rx_queue_31_ll_poll_yield: 0
     rx_queue_31_ll_misses: 0
     rx_queue_31_ll_cleaned: 0
     rx_queue_32_packets: 0
     rx_queue_32_bytes: 0
     rx_queue_32_ll_poll_yield: 0
     rx_queue_32_ll_misses: 0
     rx_queue_32_ll_cleaned: 0
     rx_queue_33_packets: 0
     rx_queue_33_bytes: 0
     rx_queue_33_ll_poll_yield: 0
     rx_queue_33_ll_misses: 0
     rx_queue_33_ll_cleaned: 0
     rx_queue_34_packets: 0
     rx_queue_34_bytes: 0
     rx_queue_34_ll_poll_yield: 0
     rx_queue_34_ll_misses: 0
     rx_queue_34_ll_cleaned: 0
     rx_queue_35_packets: 0
     rx_queue_35_bytes: 0
     rx_queue_35_ll_poll_yield: 0
     rx_queue_35_ll_misses: 0
     rx_queue_35_ll_cleaned: 0
     rx_queue_36_packets: 0
     rx_queue_36_bytes: 0
     rx_queue_36_ll_poll_yield: 0
     rx_queue_36_ll_misses: 0
     rx_queue_36_ll_cleaned: 0
     rx_queue_37_packets: 0
     rx_queue_37_bytes: 0
     rx_queue_37_ll_poll_yield: 0
     rx_queue_37_ll_misses: 0
     rx_queue_37_ll_cleaned: 0
     rx_queue_38_packets: 0
     rx_queue_38_bytes: 0
     rx_queue_38_ll_poll_yield: 0
     rx_queue_38_ll_misses: 0
     rx_queue_38_ll_cleaned: 0
     rx_queue_39_packets: 0
     rx_queue_39_bytes: 0
     rx_queue_39_ll_poll_yield: 0
     rx_queue_39_ll_misses: 0
     rx_queue_39_ll_cleaned: 0
     rx_queue_40_packets: 0
     rx_queue_40_bytes: 0
     rx_queue_40_ll_poll_yield: 0
     rx_queue_40_ll_misses: 0
     rx_queue_40_ll_cleaned: 0
     rx_queue_41_packets: 0
     rx_queue_41_bytes: 0
     rx_queue_41_ll_poll_yield: 0
     rx_queue_41_ll_misses: 0
     rx_queue_41_ll_cleaned: 0
     rx_queue_42_packets: 0
     rx_queue_42_bytes: 0
     rx_queue_42_ll_poll_yield: 0
     rx_queue_42_ll_misses: 0
     rx_queue_42_ll_cleaned: 0
     rx_queue_43_packets: 0
     rx_queue_43_bytes: 0
     rx_queue_43_ll_poll_yield: 0
     rx_queue_43_ll_misses: 0
     rx_queue_43_ll_cleaned: 0
     rx_queue_44_packets: 0
     rx_queue_44_bytes: 0
     rx_queue_44_ll_poll_yield: 0
     rx_queue_44_ll_misses: 0
     rx_queue_44_ll_cleaned: 0
     rx_queue_45_packets: 0
     rx_queue_45_bytes: 0
     rx_queue_45_ll_poll_yield: 0
     rx_queue_45_ll_misses: 0
     rx_queue_45_ll_cleaned: 0
     rx_queue_46_packets: 0
     rx_queue_46_bytes: 0
     rx_queue_46_ll_poll_yield: 0
     rx_queue_46_ll_misses: 0
     rx_queue_46_ll_cleaned: 0
     rx_queue_47_packets: 0
     rx_queue_47_bytes: 0
     rx_queue_47_ll_poll_yield: 0
     rx_queue_47_ll_misses: 0
     rx_queue_47_ll_cleaned: 0
     rx_queue_48_packets: 0
     rx_queue_48_bytes: 0
     rx_queue_48_ll_poll_yield: 0
     rx_queue_48_ll_misses: 0
     rx_queue_48_ll_cleaned: 0
     rx_queue_49_packets: 0
     rx_queue_49_bytes: 0
     rx_queue_49_ll_poll_yield: 0
     rx_queue_49_ll_misses: 0
     rx_queue_49_ll_cleaned: 0
     rx_queue_50_packets: 0
     rx_queue_50_bytes: 0
     rx_queue_50_ll_poll_yield: 0
     rx_queue_50_ll_misses: 0
     rx_queue_50_ll_cleaned: 0
     rx_queue_51_packets: 0
     rx_queue_51_bytes: 0
     rx_queue_51_ll_poll_yield: 0
     rx_queue_51_ll_misses: 0
     rx_queue_51_ll_cleaned: 0
     rx_queue_52_packets: 0
     rx_queue_52_bytes: 0
     rx_queue_52_ll_poll_yield: 0
     rx_queue_52_ll_misses: 0
     rx_queue_52_ll_cleaned: 0
     rx_queue_53_packets: 0
     rx_queue_53_bytes: 0
     rx_queue_53_ll_poll_yield: 0
     rx_queue_53_ll_misses: 0
     rx_queue_53_ll_cleaned: 0
     rx_queue_54_packets: 0
     rx_queue_54_bytes: 0
     rx_queue_54_ll_poll_yield: 0
     rx_queue_54_ll_misses: 0
     rx_queue_54_ll_cleaned: 0
     rx_queue_55_packets: 0
     rx_queue_55_bytes: 0
     rx_queue_55_ll_poll_yield: 0
     rx_queue_55_ll_misses: 0
     rx_queue_55_ll_cleaned: 0
     rx_queue_56_packets: 0
     rx_queue_56_bytes: 0
     rx_queue_56_ll_poll_yield: 0
     rx_queue_56_ll_misses: 0
     rx_queue_56_ll_cleaned: 0
     rx_queue_57_packets: 0
     rx_queue_57_bytes: 0
     rx_queue_57_ll_poll_yield: 0
     rx_queue_57_ll_misses: 0
     rx_queue_57_ll_cleaned: 0
     rx_queue_58_packets: 0
     rx_queue_58_bytes: 0
     rx_queue_58_ll_poll_yield: 0
     rx_queue_58_ll_misses: 0
     rx_queue_58_ll_cleaned: 0
     rx_queue_59_packets: 0
     rx_queue_59_bytes: 0
     rx_queue_59_ll_poll_yield: 0
     rx_queue_59_ll_misses: 0
     rx_queue_59_ll_cleaned: 0
     rx_queue_60_packets: 0
     rx_queue_60_bytes: 0
     rx_queue_60_ll_poll_yield: 0
     rx_queue_60_ll_misses: 0
     rx_queue_60_ll_cleaned: 0
     rx_queue_61_packets: 0
     rx_queue_61_bytes: 0
     rx_queue_61_ll_poll_yield: 0
     rx_queue_61_ll_misses: 0
     rx_queue_61_ll_cleaned: 0
     rx_queue_62_packets: 0
     rx_queue_62_bytes: 0
     rx_queue_62_ll_poll_yield: 0
     rx_queue_62_ll_misses: 0
     rx_queue_62_ll_cleaned: 0
     rx_queue_63_packets: 0
     rx_queue_63_bytes: 0
     rx_queue_63_ll_poll_yield: 0
     rx_queue_63_ll_misses: 0
     rx_queue_63_ll_cleaned: 0
     tx_pb_0_pxon: 0
     tx_pb_0_pxoff: 0
     tx_pb_1_pxon: 0
     tx_pb_1_pxoff: 0
     tx_pb_2_pxon: 0
     tx_pb_2_pxoff: 0
     tx_pb_3_pxon: 0
     tx_pb_3_pxoff: 0
     tx_pb_4_pxon: 0
     tx_pb_4_pxoff: 0
     tx_pb_5_pxon: 0
     tx_pb_5_pxoff: 0
     tx_pb_6_pxon: 0
     tx_pb_6_pxoff: 0
     tx_pb_7_pxon: 0
     tx_pb_7_pxoff: 0
     rx_pb_0_pxon: 0
     rx_pb_0_pxoff: 0
     rx_pb_1_pxon: 0
     rx_pb_1_pxoff: 0
     rx_pb_2_pxon: 0
     rx_pb_2_pxoff: 0
     rx_pb_3_pxon: 0
     rx_pb_3_pxoff: 0
     rx_pb_4_pxon: 0
     rx_pb_4_pxoff: 0
     rx_pb_5_pxon: 0
     rx_pb_5_pxoff: 0
     rx_pb_6_pxon: 0
     rx_pb_6_pxoff: 0
     rx_pb_7_pxon: 0
     rx_pb_7_pxoff: 0
NIC statistics:
     rx_packets: 35336451375
     tx_packets: 25728749900
     rx_bytes: 49710105239325
     tx_bytes: 22441348410042
     rx_pkts_nic: 35348345644
     tx_pkts_nic: 25728749900
     rx_bytes_nic: 49852283646637
     tx_bytes_nic: 22571455644510
     lsc_int: 0
     tx_busy: 0
     non_eop_descs: 8451559
     rx_errors: 0
     tx_errors: 0
     rx_dropped: 290670
     tx_dropped: 0
     multicast: 16583
     broadcast: 12610341
     rx_no_buffer_count: 0
     collisions: 0
     rx_over_errors: 0
     rx_crc_errors: 0
     rx_frame_errors: 0
     hw_rsc_aggregated: 13186920
     hw_rsc_flushed: 1292654
     fdir_match: 18112151
     fdir_miss: 33978149259
     fdir_overflow: 11
     rx_fifo_errors: 0
     rx_missed_errors: 0
     tx_aborted_errors: 0
     tx_carrier_errors: 0
     tx_fifo_errors: 0
     tx_heartbeat_errors: 0
     tx_timeout_count: 0
     tx_restart_queue: 1387529
     rx_long_length_errors: 0
     rx_short_length_errors: 0
     tx_flow_control_xon: 12140556
     rx_flow_control_xon: 6771
     tx_flow_control_xoff: 12261443
     rx_flow_control_xoff: 7135
     rx_csum_offload_errors: 0
     alloc_rx_page_failed: 0
     alloc_rx_buff_failed: 0
     rx_no_dma_resources: 0
     os2bmc_rx_by_bmc: 0
     os2bmc_tx_by_bmc: 0
     os2bmc_tx_by_host: 0
     os2bmc_rx_by_host: 0
     fcoe_bad_fccrc: 0
     rx_fcoe_dropped: 0
     rx_fcoe_packets: 0
     rx_fcoe_dwords: 0
     fcoe_noddp: 0
     fcoe_noddp_ext_buff: 0
     tx_fcoe_packets: 0
     tx_fcoe_dwords: 0
     tx_queue_0_packets: 1982951531
     tx_queue_0_bytes: 1918531438218
     tx_queue_0_ll_napi_yield: 0
     tx_queue_0_ll_misses: 0
     tx_queue_0_ll_cleaned: 0
     tx_queue_1_packets: 1889051904
     tx_queue_1_bytes: 1511478393622
     tx_queue_1_ll_napi_yield: 0
     tx_queue_1_ll_misses: 0
     tx_queue_1_ll_cleaned: 0
     tx_queue_2_packets: 1756598364
     tx_queue_2_bytes: 1414805005143
     tx_queue_2_ll_napi_yield: 0
     tx_queue_2_ll_misses: 0
     tx_queue_2_ll_cleaned: 0
     tx_queue_3_packets: 1448191874
     tx_queue_3_bytes: 1299993070237
     tx_queue_3_ll_napi_yield: 0
     tx_queue_3_ll_misses: 0
     tx_queue_3_ll_cleaned: 0
     tx_queue_4_packets: 1955745908
     tx_queue_4_bytes: 1870769897802
     tx_queue_4_ll_napi_yield: 0
     tx_queue_4_ll_misses: 0
     tx_queue_4_ll_cleaned: 0
     tx_queue_5_packets: 1569588199
     tx_queue_5_bytes: 1197519369997
     tx_queue_5_ll_napi_yield: 0
     tx_queue_5_ll_misses: 0
     tx_queue_5_ll_cleaned: 0
     tx_queue_6_packets: 132382701
     tx_queue_6_bytes: 198925999214
     tx_queue_6_ll_napi_yield: 0
     tx_queue_6_ll_misses: 0
     tx_queue_6_ll_cleaned: 0
     tx_queue_7_packets: 96164388
     tx_queue_7_bytes: 145391388275
     tx_queue_7_ll_napi_yield: 0
     tx_queue_7_ll_misses: 0
     tx_queue_7_ll_cleaned: 0
     tx_queue_8_packets: 24732161
     tx_queue_8_bytes: 29733135506
     tx_queue_8_ll_napi_yield: 0
     tx_queue_8_ll_misses: 0
     tx_queue_8_ll_cleaned: 0
     tx_queue_9_packets: 19708100
     tx_queue_9_bytes: 29308915004
     tx_queue_9_ll_napi_yield: 0
     tx_queue_9_ll_misses: 0
     tx_queue_9_ll_cleaned: 0
     tx_queue_10_packets: 566531
     tx_queue_10_bytes: 628251682
     tx_queue_10_ll_napi_yield: 0
     tx_queue_10_ll_misses: 0
     tx_queue_10_ll_cleaned: 0
     tx_queue_11_packets: 2224600
     tx_queue_11_bytes: 693954199
     tx_queue_11_ll_napi_yield: 0
     tx_queue_11_ll_misses: 0
     tx_queue_11_ll_cleaned: 0
     tx_queue_12_packets: 1984114789
     tx_queue_12_bytes: 1541083879858
     tx_queue_12_ll_napi_yield: 0
     tx_queue_12_ll_misses: 0
     tx_queue_12_ll_cleaned: 0
     tx_queue_13_packets: 2016556166
     tx_queue_13_bytes: 1850793282137
     tx_queue_13_ll_napi_yield: 0
     tx_queue_13_ll_misses: 0
     tx_queue_13_ll_cleaned: 0
     tx_queue_14_packets: 2983336483
     tx_queue_14_bytes: 2865966818894
     tx_queue_14_ll_napi_yield: 0
     tx_queue_14_ll_misses: 0
     tx_queue_14_ll_cleaned: 0
     tx_queue_15_packets: 2328120868
     tx_queue_15_bytes: 1831673564663
     tx_queue_15_ll_napi_yield: 0
     tx_queue_15_ll_misses: 0
     tx_queue_15_ll_cleaned: 0
     tx_queue_16_packets: 2643179238
     tx_queue_16_bytes: 2147372733543
     tx_queue_16_ll_napi_yield: 0
     tx_queue_16_ll_misses: 0
     tx_queue_16_ll_cleaned: 0
     tx_queue_17_packets: 2760956160
     tx_queue_17_bytes: 2398848988864
     tx_queue_17_ll_napi_yield: 0
     tx_queue_17_ll_misses: 0
     tx_queue_17_ll_cleaned: 0
     tx_queue_18_packets: 22594782
     tx_queue_18_bytes: 33556820280
     tx_queue_18_ll_napi_yield: 0
     tx_queue_18_ll_misses: 0
     tx_queue_18_ll_cleaned: 0
     tx_queue_19_packets: 62141738
     tx_queue_19_bytes: 90031464800
     tx_queue_19_ll_napi_yield: 0
     tx_queue_19_ll_misses: 0
     tx_queue_19_ll_cleaned: 0
     tx_queue_20_packets: 492110
     tx_queue_20_bytes: 595244031
     tx_queue_20_ll_napi_yield: 0
     tx_queue_20_ll_misses: 0
     tx_queue_20_ll_cleaned: 0
     tx_queue_21_packets: 37336125
     tx_queue_21_bytes: 53073653047
     tx_queue_21_ll_napi_yield: 0
     tx_queue_21_ll_misses: 0
     tx_queue_21_ll_cleaned: 0
     tx_queue_22_packets: 260227
     tx_queue_22_bytes: 162077024
     tx_queue_22_ll_napi_yield: 0
     tx_queue_22_ll_misses: 0
     tx_queue_22_ll_cleaned: 0
     tx_queue_23_packets: 11754953
     tx_queue_23_bytes: 10411064002
     tx_queue_23_ll_napi_yield: 0
     tx_queue_23_ll_misses: 0
     tx_queue_23_ll_cleaned: 0
     tx_queue_24_packets: 0
     tx_queue_24_bytes: 0
     tx_queue_24_ll_napi_yield: 0
     tx_queue_24_ll_misses: 0
     tx_queue_24_ll_cleaned: 0
     tx_queue_25_packets: 0
     tx_queue_25_bytes: 0
     tx_queue_25_ll_napi_yield: 0
     tx_queue_25_ll_misses: 0
     tx_queue_25_ll_cleaned: 0
     tx_queue_26_packets: 0
     tx_queue_26_bytes: 0
     tx_queue_26_ll_napi_yield: 0
     tx_queue_26_ll_misses: 0
     tx_queue_26_ll_cleaned: 0
     tx_queue_27_packets: 0
     tx_queue_27_bytes: 0
     tx_queue_27_ll_napi_yield: 0
     tx_queue_27_ll_misses: 0
     tx_queue_27_ll_cleaned: 0
     tx_queue_28_packets: 0
     tx_queue_28_bytes: 0
     tx_queue_28_ll_napi_yield: 0
     tx_queue_28_ll_misses: 0
     tx_queue_28_ll_cleaned: 0
     tx_queue_29_packets: 0
     tx_queue_29_bytes: 0
     tx_queue_29_ll_napi_yield: 0
     tx_queue_29_ll_misses: 0
     tx_queue_29_ll_cleaned: 0
     tx_queue_30_packets: 0
     tx_queue_30_bytes: 0
     tx_queue_30_ll_napi_yield: 0
     tx_queue_30_ll_misses: 0
     tx_queue_30_ll_cleaned: 0
     tx_queue_31_packets: 0
     tx_queue_31_bytes: 0
     tx_queue_31_ll_napi_yield: 0
     tx_queue_31_ll_misses: 0
     tx_queue_31_ll_cleaned: 0
     tx_queue_32_packets: 0
     tx_queue_32_bytes: 0
     tx_queue_32_ll_napi_yield: 0
     tx_queue_32_ll_misses: 0
     tx_queue_32_ll_cleaned: 0
     tx_queue_33_packets: 0
     tx_queue_33_bytes: 0
     tx_queue_33_ll_napi_yield: 0
     tx_queue_33_ll_misses: 0
     tx_queue_33_ll_cleaned: 0
     tx_queue_34_packets: 0
     tx_queue_34_bytes: 0
     tx_queue_34_ll_napi_yield: 0
     tx_queue_34_ll_misses: 0
     tx_queue_34_ll_cleaned: 0
     tx_queue_35_packets: 0
     tx_queue_35_bytes: 0
     tx_queue_35_ll_napi_yield: 0
     tx_queue_35_ll_misses: 0
     tx_queue_35_ll_cleaned: 0
     tx_queue_36_packets: 0
     tx_queue_36_bytes: 0
     tx_queue_36_ll_napi_yield: 0
     tx_queue_36_ll_misses: 0
     tx_queue_36_ll_cleaned: 0
     tx_queue_37_packets: 0
     tx_queue_37_bytes: 0
     tx_queue_37_ll_napi_yield: 0
     tx_queue_37_ll_misses: 0
     tx_queue_37_ll_cleaned: 0
     tx_queue_38_packets: 0
     tx_queue_38_bytes: 0
     tx_queue_38_ll_napi_yield: 0
     tx_queue_38_ll_misses: 0
     tx_queue_38_ll_cleaned: 0
     tx_queue_39_packets: 0
     tx_queue_39_bytes: 0
     tx_queue_39_ll_napi_yield: 0
     tx_queue_39_ll_misses: 0
     tx_queue_39_ll_cleaned: 0
     tx_queue_40_packets: 0
     tx_queue_40_bytes: 0
     tx_queue_40_ll_napi_yield: 0
     tx_queue_40_ll_misses: 0
     tx_queue_40_ll_cleaned: 0
     tx_queue_41_packets: 0
     tx_queue_41_bytes: 0
     tx_queue_41_ll_napi_yield: 0
     tx_queue_41_ll_misses: 0
     tx_queue_41_ll_cleaned: 0
     tx_queue_42_packets: 0
     tx_queue_42_bytes: 0
     tx_queue_42_ll_napi_yield: 0
     tx_queue_42_ll_misses: 0
     tx_queue_42_ll_cleaned: 0
     tx_queue_43_packets: 0
     tx_queue_43_bytes: 0
     tx_queue_43_ll_napi_yield: 0
     tx_queue_43_ll_misses: 0
     tx_queue_43_ll_cleaned: 0
     tx_queue_44_packets: 0
     tx_queue_44_bytes: 0
     tx_queue_44_ll_napi_yield: 0
     tx_queue_44_ll_misses: 0
     tx_queue_44_ll_cleaned: 0
     tx_queue_45_packets: 0
     tx_queue_45_bytes: 0
     tx_queue_45_ll_napi_yield: 0
     tx_queue_45_ll_misses: 0
     tx_queue_45_ll_cleaned: 0
     tx_queue_46_packets: 0
     tx_queue_46_bytes: 0
     tx_queue_46_ll_napi_yield: 0
     tx_queue_46_ll_misses: 0
     tx_queue_46_ll_cleaned: 0
     tx_queue_47_packets: 0
     tx_queue_47_bytes: 0
     tx_queue_47_ll_napi_yield: 0
     tx_queue_47_ll_misses: 0
     tx_queue_47_ll_cleaned: 0
     tx_queue_48_packets: 0
     tx_queue_48_bytes: 0
     tx_queue_48_ll_napi_yield: 0
     tx_queue_48_ll_misses: 0
     tx_queue_48_ll_cleaned: 0
     tx_queue_49_packets: 0
     tx_queue_49_bytes: 0
     tx_queue_49_ll_napi_yield: 0
     tx_queue_49_ll_misses: 0
     tx_queue_49_ll_cleaned: 0
     tx_queue_50_packets: 0
     tx_queue_50_bytes: 0
     tx_queue_50_ll_napi_yield: 0
     tx_queue_50_ll_misses: 0
     tx_queue_50_ll_cleaned: 0
     tx_queue_51_packets: 0
     tx_queue_51_bytes: 0
     tx_queue_51_ll_napi_yield: 0
     tx_queue_51_ll_misses: 0
     tx_queue_51_ll_cleaned: 0
     tx_queue_52_packets: 0
     tx_queue_52_bytes: 0
     tx_queue_52_ll_napi_yield: 0
     tx_queue_52_ll_misses: 0
     tx_queue_52_ll_cleaned: 0
     tx_queue_53_packets: 0
     tx_queue_53_bytes: 0
     tx_queue_53_ll_napi_yield: 0
     tx_queue_53_ll_misses: 0
     tx_queue_53_ll_cleaned: 0
     tx_queue_54_packets: 0
     tx_queue_54_bytes: 0
     tx_queue_54_ll_napi_yield: 0
     tx_queue_54_ll_misses: 0
     tx_queue_54_ll_cleaned: 0
     tx_queue_55_packets: 0
     tx_queue_55_bytes: 0
     tx_queue_55_ll_napi_yield: 0
     tx_queue_55_ll_misses: 0
     tx_queue_55_ll_cleaned: 0
     tx_queue_56_packets: 0
     tx_queue_56_bytes: 0
     tx_queue_56_ll_napi_yield: 0
     tx_queue_56_ll_misses: 0
     tx_queue_56_ll_cleaned: 0
     tx_queue_57_packets: 0
     tx_queue_57_bytes: 0
     tx_queue_57_ll_napi_yield: 0
     tx_queue_57_ll_misses: 0
     tx_queue_57_ll_cleaned: 0
     tx_queue_58_packets: 0
     tx_queue_58_bytes: 0
     tx_queue_58_ll_napi_yield: 0
     tx_queue_58_ll_misses: 0
     tx_queue_58_ll_cleaned: 0
     tx_queue_59_packets: 0
     tx_queue_59_bytes: 0
     tx_queue_59_ll_napi_yield: 0
     tx_queue_59_ll_misses: 0
     tx_queue_59_ll_cleaned: 0
     tx_queue_60_packets: 0
     tx_queue_60_bytes: 0
     tx_queue_60_ll_napi_yield: 0
     tx_queue_60_ll_misses: 0
     tx_queue_60_ll_cleaned: 0
     tx_queue_61_packets: 0
     tx_queue_61_bytes: 0
     tx_queue_61_ll_napi_yield: 0
     tx_queue_61_ll_misses: 0
     tx_queue_61_ll_cleaned: 0
     tx_queue_62_packets: 0
     tx_queue_62_bytes: 0
     tx_queue_62_ll_napi_yield: 0
     tx_queue_62_ll_misses: 0
     tx_queue_62_ll_cleaned: 0
     tx_queue_63_packets: 0
     tx_queue_63_bytes: 0
     tx_queue_63_ll_napi_yield: 0
     tx_queue_63_ll_misses: 0
     tx_queue_63_ll_cleaned: 0
     rx_queue_0_packets: 12677791
     rx_queue_0_bytes: 1128433730
     rx_queue_0_ll_poll_yield: 0
     rx_queue_0_ll_misses: 0
     rx_queue_0_ll_cleaned: 0
     rx_queue_1_packets: 408443
     rx_queue_1_bytes: 1237127169
     rx_queue_1_ll_poll_yield: 0
     rx_queue_1_ll_misses: 0
     rx_queue_1_ll_cleaned: 0
     rx_queue_2_packets: 315812
     rx_queue_2_bytes: 698451410
     rx_queue_2_ll_poll_yield: 0
     rx_queue_2_ll_misses: 0
     rx_queue_2_ll_cleaned: 0
     rx_queue_3_packets: 324993
     rx_queue_3_bytes: 908580173
     rx_queue_3_ll_poll_yield: 0
     rx_queue_3_ll_misses: 0
     rx_queue_3_ll_cleaned: 0
     rx_queue_4_packets: 336699
     rx_queue_4_bytes: 626038549
     rx_queue_4_ll_poll_yield: 0
     rx_queue_4_ll_misses: 0
     rx_queue_4_ll_cleaned: 0
     rx_queue_5_packets: 16626482530
     rx_queue_5_bytes: 23434224081654
     rx_queue_5_ll_poll_yield: 0
     rx_queue_5_ll_misses: 0
     rx_queue_5_ll_cleaned: 0
     rx_queue_6_packets: 181496
     rx_queue_6_bytes: 479474931
     rx_queue_6_ll_poll_yield: 0
     rx_queue_6_ll_misses: 0
     rx_queue_6_ll_cleaned: 0
     rx_queue_7_packets: 151211
     rx_queue_7_bytes: 714906114
     rx_queue_7_ll_poll_yield: 0
     rx_queue_7_ll_misses: 0
     rx_queue_7_ll_cleaned: 0
     rx_queue_8_packets: 205456
     rx_queue_8_bytes: 657158620
     rx_queue_8_ll_poll_yield: 0
     rx_queue_8_ll_misses: 0
     rx_queue_8_ll_cleaned: 0
     rx_queue_9_packets: 312733
     rx_queue_9_bytes: 546741774
     rx_queue_9_ll_poll_yield: 0
     rx_queue_9_ll_misses: 0
     rx_queue_9_ll_cleaned: 0
     rx_queue_10_packets: 196380
     rx_queue_10_bytes: 767132267
     rx_queue_10_ll_poll_yield: 0
     rx_queue_10_ll_misses: 0
     rx_queue_10_ll_cleaned: 0
     rx_queue_11_packets: 137620
     rx_queue_11_bytes: 492492375
     rx_queue_11_ll_poll_yield: 0
     rx_queue_11_ll_misses: 0
     rx_queue_11_ll_cleaned: 0
     rx_queue_12_packets: 18691594484
     rx_queue_12_bytes: 26256268740757
     rx_queue_12_ll_poll_yield: 0
     rx_queue_12_ll_misses: 0
     rx_queue_12_ll_cleaned: 0
     rx_queue_13_packets: 741073
     rx_queue_13_bytes: 1509824706
     rx_queue_13_ll_poll_yield: 0
     rx_queue_13_ll_misses: 0
     rx_queue_13_ll_cleaned: 0
     rx_queue_14_packets: 322079
     rx_queue_14_bytes: 1061113691
     rx_queue_14_ll_poll_yield: 0
     rx_queue_14_ll_misses: 0
     rx_queue_14_ll_cleaned: 0
     rx_queue_15_packets: 206172
     rx_queue_15_bytes: 802554140
     rx_queue_15_ll_poll_yield: 0
     rx_queue_15_ll_misses: 0
     rx_queue_15_ll_cleaned: 0
     rx_queue_16_packets: 235111
     rx_queue_16_bytes: 1556973957
     rx_queue_16_ll_poll_yield: 0
     rx_queue_16_ll_misses: 0
     rx_queue_16_ll_cleaned: 0
     rx_queue_17_packets: 348845
     rx_queue_17_bytes: 2888561449
     rx_queue_17_ll_poll_yield: 0
     rx_queue_17_ll_misses: 0
     rx_queue_17_ll_cleaned: 0
     rx_queue_18_packets: 334530
     rx_queue_18_bytes: 316738398
     rx_queue_18_ll_poll_yield: 0
     rx_queue_18_ll_misses: 0
     rx_queue_18_ll_cleaned: 0
     rx_queue_19_packets: 202177
     rx_queue_19_bytes: 302542044
     rx_queue_19_ll_poll_yield: 0
     rx_queue_19_ll_misses: 0
     rx_queue_19_ll_cleaned: 0
     rx_queue_20_packets: 130020
     rx_queue_20_bytes: 597749703
     rx_queue_20_ll_poll_yield: 0
     rx_queue_20_ll_misses: 0
     rx_queue_20_ll_cleaned: 0
     rx_queue_21_packets: 135476
     rx_queue_21_bytes: 807315560
     rx_queue_21_ll_poll_yield: 0
     rx_queue_21_ll_misses: 0
     rx_queue_21_ll_cleaned: 0
     rx_queue_22_packets: 115608
     rx_queue_22_bytes: 917883518
     rx_queue_22_ll_poll_yield: 0
     rx_queue_22_ll_misses: 0
     rx_queue_22_ll_cleaned: 0
     rx_queue_23_packets: 354636
     rx_queue_23_bytes: 594622636
     rx_queue_23_ll_poll_yield: 0
     rx_queue_23_ll_misses: 0
     rx_queue_23_ll_cleaned: 0
     rx_queue_24_packets: 0
     rx_queue_24_bytes: 0
     rx_queue_24_ll_poll_yield: 0
     rx_queue_24_ll_misses: 0
     rx_queue_24_ll_cleaned: 0
     rx_queue_25_packets: 0
     rx_queue_25_bytes: 0
     rx_queue_25_ll_poll_yield: 0
     rx_queue_25_ll_misses: 0
     rx_queue_25_ll_cleaned: 0
     rx_queue_26_packets: 0
     rx_queue_26_bytes: 0
     rx_queue_26_ll_poll_yield: 0
     rx_queue_26_ll_misses: 0
     rx_queue_26_ll_cleaned: 0
     rx_queue_27_packets: 0
     rx_queue_27_bytes: 0
     rx_queue_27_ll_poll_yield: 0
     rx_queue_27_ll_misses: 0
     rx_queue_27_ll_cleaned: 0
     rx_queue_28_packets: 0
     rx_queue_28_bytes: 0
     rx_queue_28_ll_poll_yield: 0
     rx_queue_28_ll_misses: 0
     rx_queue_28_ll_cleaned: 0
     rx_queue_29_packets: 0
     rx_queue_29_bytes: 0
     rx_queue_29_ll_poll_yield: 0
     rx_queue_29_ll_misses: 0
     rx_queue_29_ll_cleaned: 0
     rx_queue_30_packets: 0
     rx_queue_30_bytes: 0
     rx_queue_30_ll_poll_yield: 0
     rx_queue_30_ll_misses: 0
     rx_queue_30_ll_cleaned: 0
     rx_queue_31_packets: 0
     rx_queue_31_bytes: 0
     rx_queue_31_ll_poll_yield: 0
     rx_queue_31_ll_misses: 0
     rx_queue_31_ll_cleaned: 0
     rx_queue_32_packets: 0
     rx_queue_32_bytes: 0
     rx_queue_32_ll_poll_yield: 0
     rx_queue_32_ll_misses: 0
     rx_queue_32_ll_cleaned: 0
     rx_queue_33_packets: 0
     rx_queue_33_bytes: 0
     rx_queue_33_ll_poll_yield: 0
     rx_queue_33_ll_misses: 0
     rx_queue_33_ll_cleaned: 0
     rx_queue_34_packets: 0
     rx_queue_34_bytes: 0
     rx_queue_34_ll_poll_yield: 0
     rx_queue_34_ll_misses: 0
     rx_queue_34_ll_cleaned: 0
     rx_queue_35_packets: 0
     rx_queue_35_bytes: 0
     rx_queue_35_ll_poll_yield: 0
     rx_queue_35_ll_misses: 0
     rx_queue_35_ll_cleaned: 0
     rx_queue_36_packets: 0
     rx_queue_36_bytes: 0
     rx_queue_36_ll_poll_yield: 0
     rx_queue_36_ll_misses: 0
     rx_queue_36_ll_cleaned: 0
     rx_queue_37_packets: 0
     rx_queue_37_bytes: 0
     rx_queue_37_ll_poll_yield: 0
     rx_queue_37_ll_misses: 0
     rx_queue_37_ll_cleaned: 0
     rx_queue_38_packets: 0
     rx_queue_38_bytes: 0
     rx_queue_38_ll_poll_yield: 0
     rx_queue_38_ll_misses: 0
     rx_queue_38_ll_cleaned: 0
     rx_queue_39_packets: 0
     rx_queue_39_bytes: 0
     rx_queue_39_ll_poll_yield: 0
     rx_queue_39_ll_misses: 0
     rx_queue_39_ll_cleaned: 0
     rx_queue_40_packets: 0
     rx_queue_40_bytes: 0
     rx_queue_40_ll_poll_yield: 0
     rx_queue_40_ll_misses: 0
     rx_queue_40_ll_cleaned: 0
     rx_queue_41_packets: 0
     rx_queue_41_bytes: 0
     rx_queue_41_ll_poll_yield: 0
     rx_queue_41_ll_misses: 0
     rx_queue_41_ll_cleaned: 0
     rx_queue_42_packets: 0
     rx_queue_42_bytes: 0
     rx_queue_42_ll_poll_yield: 0
     rx_queue_42_ll_misses: 0
     rx_queue_42_ll_cleaned: 0
     rx_queue_43_packets: 0
     rx_queue_43_bytes: 0
     rx_queue_43_ll_poll_yield: 0
     rx_queue_43_ll_misses: 0
     rx_queue_43_ll_cleaned: 0
     rx_queue_44_packets: 0
     rx_queue_44_bytes: 0
     rx_queue_44_ll_poll_yield: 0
     rx_queue_44_ll_misses: 0
     rx_queue_44_ll_cleaned: 0
     rx_queue_45_packets: 0
     rx_queue_45_bytes: 0
     rx_queue_45_ll_poll_yield: 0
     rx_queue_45_ll_misses: 0
     rx_queue_45_ll_cleaned: 0
     rx_queue_46_packets: 0
     rx_queue_46_bytes: 0
     rx_queue_46_ll_poll_yield: 0
     rx_queue_46_ll_misses: 0
     rx_queue_46_ll_cleaned: 0
     rx_queue_47_packets: 0
     rx_queue_47_bytes: 0
     rx_queue_47_ll_poll_yield: 0
     rx_queue_47_ll_misses: 0
     rx_queue_47_ll_cleaned: 0
     rx_queue_48_packets: 0
     rx_queue_48_bytes: 0
     rx_queue_48_ll_poll_yield: 0
     rx_queue_48_ll_misses: 0
     rx_queue_48_ll_cleaned: 0
     rx_queue_49_packets: 0
     rx_queue_49_bytes: 0
     rx_queue_49_ll_poll_yield: 0
     rx_queue_49_ll_misses: 0
     rx_queue_49_ll_cleaned: 0
     rx_queue_50_packets: 0
     rx_queue_50_bytes: 0
     rx_queue_50_ll_poll_yield: 0
     rx_queue_50_ll_misses: 0
     rx_queue_50_ll_cleaned: 0
     rx_queue_51_packets: 0
     rx_queue_51_bytes: 0
     rx_queue_51_ll_poll_yield: 0
     rx_queue_51_ll_misses: 0
     rx_queue_51_ll_cleaned: 0
     rx_queue_52_packets: 0
     rx_queue_52_bytes: 0
     rx_queue_52_ll_poll_yield: 0
     rx_queue_52_ll_misses: 0
     rx_queue_52_ll_cleaned: 0
     rx_queue_53_packets: 0
     rx_queue_53_bytes: 0
     rx_queue_53_ll_poll_yield: 0
     rx_queue_53_ll_misses: 0
     rx_queue_53_ll_cleaned: 0
     rx_queue_54_packets: 0
     rx_queue_54_bytes: 0
     rx_queue_54_ll_poll_yield: 0
     rx_queue_54_ll_misses: 0
     rx_queue_54_ll_cleaned: 0
     rx_queue_55_packets: 0
     rx_queue_55_bytes: 0
     rx_queue_55_ll_poll_yield: 0
     rx_queue_55_ll_misses: 0
     rx_queue_55_ll_cleaned: 0
     rx_queue_56_packets: 0
     rx_queue_56_bytes: 0
     rx_queue_56_ll_poll_yield: 0
     rx_queue_56_ll_misses: 0
     rx_queue_56_ll_cleaned: 0
     rx_queue_57_packets: 0
     rx_queue_57_bytes: 0
     rx_queue_57_ll_poll_yield: 0
     rx_queue_57_ll_misses: 0
     rx_queue_57_ll_cleaned: 0
     rx_queue_58_packets: 0
     rx_queue_58_bytes: 0
     rx_queue_58_ll_poll_yield: 0
     rx_queue_58_ll_misses: 0
     rx_queue_58_ll_cleaned: 0
     rx_queue_59_packets: 0
     rx_queue_59_bytes: 0
     rx_queue_59_ll_poll_yield: 0
     rx_queue_59_ll_misses: 0
     rx_queue_59_ll_cleaned: 0
     rx_queue_60_packets: 0
     rx_queue_60_bytes: 0
     rx_queue_60_ll_poll_yield: 0
     rx_queue_60_ll_misses: 0
     rx_queue_60_ll_cleaned: 0
     rx_queue_61_packets: 0
     rx_queue_61_bytes: 0
     rx_queue_61_ll_poll_yield: 0
     rx_queue_61_ll_misses: 0
     rx_queue_61_ll_cleaned: 0
     rx_queue_62_packets: 0
     rx_queue_62_bytes: 0
     rx_queue_62_ll_poll_yield: 0
     rx_queue_62_ll_misses: 0
     rx_queue_62_ll_cleaned: 0
     rx_queue_63_packets: 0
     rx_queue_63_bytes: 0
     rx_queue_63_ll_poll_yield: 0
     rx_queue_63_ll_misses: 0
     rx_queue_63_ll_cleaned: 0
     tx_pb_0_pxon: 0
     tx_pb_0_pxoff: 0
     tx_pb_1_pxon: 0
     tx_pb_1_pxoff: 0
     tx_pb_2_pxon: 0
     tx_pb_2_pxoff: 0
     tx_pb_3_pxon: 0
     tx_pb_3_pxoff: 0
     tx_pb_4_pxon: 0
     tx_pb_4_pxoff: 0
     tx_pb_5_pxon: 0
     tx_pb_5_pxoff: 0
     tx_pb_6_pxon: 0
     tx_pb_6_pxoff: 0
     tx_pb_7_pxon: 0
     tx_pb_7_pxoff: 0
     rx_pb_0_pxon: 0
     rx_pb_0_pxoff: 0
     rx_pb_1_pxon: 0
     rx_pb_1_pxoff: 0
     rx_pb_2_pxon: 0
     rx_pb_2_pxoff: 0
     rx_pb_3_pxon: 0
     rx_pb_3_pxoff: 0
     rx_pb_4_pxon: 0
     rx_pb_4_pxoff: 0
     rx_pb_5_pxon: 0
     rx_pb_5_pxoff: 0
     rx_pb_6_pxon: 0
     rx_pb_6_pxoff: 0
     rx_pb_7_pxon: 0
     rx_pb_7_pxoff: 0
