              total        used        free      shared  buff/cache   available
Mem:          48114        1169       43656         905        3287       45463
Swap:         24191           0       24191
Total:        72306        1169       67848

              total        used        free      shared  buff/cache   available
Mem:          48114        1173       43653         905        3287       45459
Swap:         24191           0       24191
Total:        72306        1173       67845

              total        used        free      shared  buff/cache   available
Mem:          48114        1172       43654         905        3287       45460
Swap:         24191           0       24191
Total:        72306        1172       67846

              total        used        free      shared  buff/cache   available
Mem:          48114        1172       43654         905        3287       45460
Swap:         24191           0       24191
Total:        72306        1172       67846

              total        used        free      shared  buff/cache   available
Mem:          48114        1172       43653         905        3288       45460
Swap:         24191           0       24191
Total:        72306        1172       67845

              total        used        free      shared  buff/cache   available
Mem:          48114        1171       43654         905        3288       45461
Swap:         24191           0       24191
Total:        72306        1171       67846

              total        used        free      shared  buff/cache   available
Mem:          48114        1172       43653         905        3288       45460
Swap:         24191           0       24191
Total:        72306        1172       67845

              total        used        free      shared  buff/cache   available
Mem:          48114        1172       43653         905        3288       45460
Swap:         24191           0       24191
Total:        72306        1172       67845

              total        used        free      shared  buff/cache   available
Mem:          48114        1172       43653         905        3288       45459
Swap:         24191           0       24191
Total:        72306        1172       67845

              total        used        free      shared  buff/cache   available
Mem:          48114        1173       43652         905        3288       45459
Swap:         24191           0       24191
Total:        72306        1173       67844

              total        used        free      shared  buff/cache   available
Mem:          48114        1172       43653         905        3288       45460
Swap:         24191           0       24191
Total:        72306        1172       67845

              total        used        free      shared  buff/cache   available
Mem:          48114        1172       43653         905        3288       45460
Swap:         24191           0       24191
Total:        72306        1172       67845

              total        used        free      shared  buff/cache   available
Mem:          48114        1171       43653         905        3288       45460
Swap:         24191           0       24191
Total:        72306        1171       67845

              total        used        free      shared  buff/cache   available
Mem:          48114        1171       43653         905        3288       45461
Swap:         24191           0       24191
Total:        72306        1171       67845

              total        used        free      shared  buff/cache   available
Mem:          48114        1171       43653         905        3288       45461
Swap:         24191           0       24191
Total:        72306        1171       67845

              total        used        free      shared  buff/cache   available
Mem:          48114        1172       43653         905        3288       45460
Swap:         24191           0       24191
Total:        72306        1172       67845

              total        used        free      shared  buff/cache   available
Mem:          48114        1172       43652         905        3289       45460
Swap:         24191           0       24191
Total:        72306        1172       67844

              total        used        free      shared  buff/cache   available
Mem:          48114        1171       43654         905        3289       45461
Swap:         24191           0       24191
Total:        72306        1171       67846

              total        used        free      shared  buff/cache   available
Mem:          48114        1171       43653         905        3289       45461
Swap:         24191           0       24191
Total:        72306        1171       67845

              total        used        free      shared  buff/cache   available
Mem:          48114        1171       43653         905        3289       45461
Swap:         24191           0       24191
Total:        72306        1171       67845

              total        used        free      shared  buff/cache   available
Mem:          48114        1170       43654         905        3289       45462
Swap:         24191           0       24191
Total:        72306        1170       67846

              total        used        free      shared  buff/cache   available
Mem:          48114        1170       43653         905        3289       45462
Swap:         24191           0       24191
Total:        72306        1170       67845

              total        used        free      shared  buff/cache   available
Mem:          48114        1170       43654         905        3289       45462
Swap:         24191           0       24191
Total:        72306        1170       67846

              total        used        free      shared  buff/cache   available
Mem:          48114        1170       43654         905        3289       45462
Swap:         24191           0       24191
Total:        72306        1170       67846

              total        used        free      shared  buff/cache   available
Mem:          48114        1169       43654         905        3289       45463
Swap:         24191           0       24191
Total:        72306        1169       67846

              total        used        free      shared  buff/cache   available
Mem:          48114        1169       43655         905        3289       45463
Swap:         24191           0       24191
Total:        72306        1169       67847

              total        used        free      shared  buff/cache   available
Mem:          48114        1169       43654         905        3289       45463
Swap:         24191           0       24191
Total:        72306        1169       67846

              total        used        free      shared  buff/cache   available
Mem:          48114        1170       43654         905        3289       45463
Swap:         24191           0       24191
Total:        72306        1170       67846

              total        used        free      shared  buff/cache   available
Mem:          48114        1169       43654         905        3290       45463
Swap:         24191           0       24191
Total:        72306        1169       67846

              total        used        free      shared  buff/cache   available
Mem:          48114        1169       43654         905        3290       45463
Swap:         24191           0       24191
Total:        72306        1169       67846

              total        used        free      shared  buff/cache   available
Mem:          48114        1168       43655         905        3290       45464
Swap:         24191           0       24191
Total:        72306        1168       67847

              total        used        free      shared  buff/cache   available
Mem:          48114        1169       43654         905        3290       45463
Swap:         24191           0       24191
Total:        72306        1169       67846

              total        used        free      shared  buff/cache   available
Mem:          48114        1170       43654         905        3290       45463
Swap:         24191           0       24191
Total:        72306        1170       67846

              total        used        free      shared  buff/cache   available
Mem:          48114        1169       43654         905        3290       45464
Swap:         24191           0       24191
Total:        72306        1169       67846

              total        used        free      shared  buff/cache   available
Mem:          48114        1169       43654         905        3290       45463
Swap:         24191           0       24191
Total:        72306        1169       67846

              total        used        free      shared  buff/cache   available
Mem:          48114        1169       43654         905        3290       45463
Swap:         24191           0       24191
Total:        72306        1169       67846

              total        used        free      shared  buff/cache   available
Mem:          48114        1168       43654         905        3290       45464
Swap:         24191           0       24191
Total:        72306        1168       67846

              total        used        free      shared  buff/cache   available
Mem:          48114        1169       43654         905        3290       45463
Swap:         24191           0       24191
Total:        72306        1169       67846

              total        used        free      shared  buff/cache   available
Mem:          48114        1168       43654         905        3291       45464
Swap:         24191           0       24191
Total:        72306        1168       67846

              total        used        free      shared  buff/cache   available
Mem:          48114        1168       43654         905        3291       45464
Swap:         24191           0       24191
Total:        72306        1168       67846

              total        used        free      shared  buff/cache   available
Mem:          48114        1169       43654         905        3291       45463
Swap:         24191           0       24191
Total:        72306        1169       67846

              total        used        free      shared  buff/cache   available
Mem:          48114        1169       43653         905        3291       45463
Swap:         24191           0       24191
Total:        72306        1169       67845

              total        used        free      shared  buff/cache   available
Mem:          48114        1167       43655         905        3291       45465
Swap:         24191           0       24191
Total:        72306        1167       67847

              total        used        free      shared  buff/cache   available
Mem:          48114        1169       43653         905        3291       45463
Swap:         24191           0       24191
Total:        72306        1169       67845

              total        used        free      shared  buff/cache   available
Mem:          48114        1168       43654         905        3291       45464
Swap:         24191           0       24191
Total:        72306        1168       67846

              total        used        free      shared  buff/cache   available
Mem:          48114        1169       43653         905        3291       45463
Swap:         24191           0       24191
Total:        72306        1169       67845

              total        used        free      shared  buff/cache   available
Mem:          48114        1168       43653         905        3291       45464
Swap:         24191           0       24191
Total:        72306        1168       67845

              total        used        free      shared  buff/cache   available
Mem:          48114        1168       43654         905        3291       45464
Swap:         24191           0       24191
Total:        72306        1168       67846

              total        used        free      shared  buff/cache   available
Mem:          48114        1166       43655         905        3291       45466
Swap:         24191           0       24191
Total:        72306        1166       67847

              total        used        free      shared  buff/cache   available
Mem:          48114        1167       43654         905        3292       45465
Swap:         24191           0       24191
Total:        72306        1167       67846

              total        used        free      shared  buff/cache   available
Mem:          48114        1166       43655         905        3292       45465
Swap:         24191           0       24191
Total:        72306        1166       67847

              total        used        free      shared  buff/cache   available
Mem:          48114        1167       43654         905        3292       45465
Swap:         24191           0       24191
Total:        72306        1167       67846

              total        used        free      shared  buff/cache   available
Mem:          48114        1167       43654         905        3291       45465
Swap:         24191           0       24191
Total:        72306        1167       67846

              total        used        free      shared  buff/cache   available
Mem:          48114        1168       43653         905        3292       45464
Swap:         24191           0       24191
Total:        72306        1168       67845

              total        used        free      shared  buff/cache   available
Mem:          48114        1168       43653         905        3292       45464
Swap:         24191           0       24191
Total:        72306        1168       67845

              total        used        free      shared  buff/cache   available
Mem:          48114        1170       43651         905        3292       45462
Swap:         24191           0       24191
Total:        72306        1170       67843

              total        used        free      shared  buff/cache   available
Mem:          48114        1170       43650         905        3292       45462
Swap:         24191           0       24191
Total:        72306        1170       67842

              total        used        free      shared  buff/cache   available
Mem:          48114        1171       43650         905        3292       45461
Swap:         24191           0       24191
Total:        72306        1171       67842

              total        used        free      shared  buff/cache   available
Mem:          48114        1169       43651         905        3292       45463
Swap:         24191           0       24191
Total:        72306        1169       67843

              total        used        free      shared  buff/cache   available
Mem:          48114        1168       43652         905        3292       45464
Swap:         24191           0       24191
Total:        72306        1168       67844

              total        used        free      shared  buff/cache   available
Mem:          48114        1168       43652         905        3292       45464
Swap:         24191           0       24191
Total:        72306        1168       67844

              total        used        free      shared  buff/cache   available
Mem:          48114        1169       43651         905        3292       45463
Swap:         24191           0       24191
Total:        72306        1169       67843

              total        used        free      shared  buff/cache   available
Mem:          48114        1169       43651         905        3293       45463
Swap:         24191           0       24191
Total:        72306        1169       67843

              total        used        free      shared  buff/cache   available
Mem:          48114        1170       43650         905        3293       45462
Swap:         24191           0       24191
Total:        72306        1170       67842

              total        used        free      shared  buff/cache   available
Mem:          48114        1169       43651         905        3293       45463
Swap:         24191           0       24191
Total:        72306        1169       67843

              total        used        free      shared  buff/cache   available
Mem:          48114        1169       43650         905        3293       45463
Swap:         24191           0       24191
Total:        72306        1169       67842

              total        used        free      shared  buff/cache   available
Mem:          48114        1170       43650         905        3293       45462
Swap:         24191           0       24191
Total:        72306        1170       67842

              total        used        free      shared  buff/cache   available
Mem:          48114        1169       43651         905        3293       45463
Swap:         24191           0       24191
Total:        72306        1169       67843

              total        used        free      shared  buff/cache   available
Mem:          48114        1169       43651         905        3293       45463
Swap:         24191           0       24191
Total:        72306        1169       67843

              total        used        free      shared  buff/cache   available
Mem:          48114        1170       43649         905        3293       45462
Swap:         24191           0       24191
Total:        72306        1170       67841

              total        used        free      shared  buff/cache   available
Mem:          48114        1170       43650         905        3293       45462
Swap:         24191           0       24191
Total:        72306        1170       67842

              total        used        free      shared  buff/cache   available
Mem:          48114        1169       43650         905        3293       45463
Swap:         24191           0       24191
Total:        72306        1169       67842

              total        used        free      shared  buff/cache   available
Mem:          48114        1169       43650         905        3293       45463
Swap:         24191           0       24191
Total:        72306        1169       67842

              total        used        free      shared  buff/cache   available
Mem:          48114        1170       43650         905        3293       45463
Swap:         24191           0       24191
Total:        72306        1170       67842

              total        used        free      shared  buff/cache   available
Mem:          48114        1170       43650         905        3293       45462
Swap:         24191           0       24191
Total:        72306        1170       67842

              total        used        free      shared  buff/cache   available
Mem:          48114        1170       43649         905        3294       45462
Swap:         24191           0       24191
Total:        72306        1170       67841

              total        used        free      shared  buff/cache   available
Mem:          48114        1169       43650         905        3294       45463
Swap:         24191           0       24191
Total:        72306        1169       67842

              total        used        free      shared  buff/cache   available
Mem:          48114        1170       43649         905        3294       45462
Swap:         24191           0       24191
Total:        72306        1170       67841

              total        used        free      shared  buff/cache   available
Mem:          48114        1169       43649         905        3294       45463
Swap:         24191           0       24191
Total:        72306        1169       67841

              total        used        free      shared  buff/cache   available
Mem:          48114        1169       43650         905        3294       45463
Swap:         24191           0       24191
Total:        72306        1169       67842

              total        used        free      shared  buff/cache   available
Mem:          48114        1169       43650         905        3294       45463
Swap:         24191           0       24191
Total:        72306        1169       67842

              total        used        free      shared  buff/cache   available
Mem:          48114        1169       43649         905        3294       45463
Swap:         24191           0       24191
Total:        72306        1169       67841

              total        used        free      shared  buff/cache   available
Mem:          48114        1169       43649         905        3294       45463
Swap:         24191           0       24191
Total:        72306        1169       67841

              total        used        free      shared  buff/cache   available
Mem:          48114        1169       43650         905        3294       45464
Swap:         24191           0       24191
Total:        72306        1169       67842

              total        used        free      shared  buff/cache   available
Mem:          48114        1169       43650         905        3294       45463
Swap:         24191           0       24191
Total:        72306        1169       67842

              total        used        free      shared  buff/cache   available
Mem:          48114        1168       43651         905        3295       45464
Swap:         24191           0       24191
Total:        72306        1168       67843

              total        used        free      shared  buff/cache   available
Mem:          48114        1167       43651         905        3295       45465
Swap:         24191           0       24191
Total:        72306        1167       67843

              total        used        free      shared  buff/cache   available
Mem:          48114        1166       43652         905        3295       45466
Swap:         24191           0       24191
Total:        72306        1166       67844

              total        used        free      shared  buff/cache   available
Mem:          48114        1167       43651         905        3295       45465
Swap:         24191           0       24191
Total:        72306        1167       67843

              total        used        free      shared  buff/cache   available
Mem:          48114        1168       43650         905        3295       45464
Swap:         24191           0       24191
Total:        72306        1168       67842

              total        used        free      shared  buff/cache   available
Mem:          48114        1168       43650         905        3295       45464
Swap:         24191           0       24191
Total:        72306        1168       67842

              total        used        free      shared  buff/cache   available
Mem:          48114        1167       43650         905        3295       45465
Swap:         24191           0       24191
Total:        72306        1167       67842

              total        used        free      shared  buff/cache   available
Mem:          48114        1168       43649         905        3295       45464
Swap:         24191           0       24191
Total:        72306        1168       67841

              total        used        free      shared  buff/cache   available
Mem:          48114        1167       43651         905        3295       45466
Swap:         24191           0       24191
Total:        72306        1167       67843

              total        used        free      shared  buff/cache   available
Mem:          48114        1166       43651         905        3295       45466
Swap:         24191           0       24191
Total:        72306        1166       67843

              total        used        free      shared  buff/cache   available
Mem:          48114        1167       43650         905        3295       45465
Swap:         24191           0       24191
Total:        72306        1167       67842

              total        used        free      shared  buff/cache   available
Mem:          48114        1166       43651         905        3295       45466
Swap:         24191           0       24191
Total:        72306        1166       67843

              total        used        free      shared  buff/cache   available
Mem:          48114        1167       43651         905        3295       45466
Swap:         24191           0       24191
Total:        72306        1167       67843

              total        used        free      shared  buff/cache   available
Mem:          48114        1167       43650         905        3295       45466
Swap:         24191           0       24191
Total:        72306        1167       67842

              total        used        free      shared  buff/cache   available
Mem:          48114        1167       43650         905        3295       45465
Swap:         24191           0       24191
Total:        72306        1167       67842

              total        used        free      shared  buff/cache   available
Mem:          48114        1168       43650         905        3296       45465
Swap:         24191           0       24191
Total:        72306        1168       67842

              total        used        free      shared  buff/cache   available
Mem:          48114        1167       43650         905        3296       45465
Swap:         24191           0       24191
Total:        72306        1167       67842

              total        used        free      shared  buff/cache   available
Mem:          48114        1167       43650         905        3296       45465
Swap:         24191           0       24191
Total:        72306        1167       67842

              total        used        free      shared  buff/cache   available
Mem:          48114        1167       43650         905        3296       45466
Swap:         24191           0       24191
Total:        72306        1167       67842

              total        used        free      shared  buff/cache   available
Mem:          48114        1168       43649         905        3296       45464
Swap:         24191           0       24191
Total:        72306        1168       67841

              total        used        free      shared  buff/cache   available
Mem:          48114        1168       43648         905        3296       45464
Swap:         24191           0       24191
Total:        72306        1168       67840

              total        used        free      shared  buff/cache   available
Mem:          48114        1168       43649         905        3296       45465
Swap:         24191           0       24191
Total:        72306        1168       67841

              total        used        free      shared  buff/cache   available
Mem:          48114        1168       43649         905        3296       45464
Swap:         24191           0       24191
Total:        72306        1168       67841

              total        used        free      shared  buff/cache   available
Mem:          48114        1168       43648         905        3296       45464
Swap:         24191           0       24191
Total:        72306        1168       67840

              total        used        free      shared  buff/cache   available
Mem:          48114        1168       43648         905        3297       45464
Swap:         24191           0       24191
Total:        72306        1168       67840

              total        used        free      shared  buff/cache   available
Mem:          48114        1169       43648         905        3297       45464
Swap:         24191           0       24191
Total:        72306        1169       67840

              total        used        free      shared  buff/cache   available
Mem:          48114        1169       43647         905        3297       45463
Swap:         24191           0       24191
Total:        72306        1169       67839

              total        used        free      shared  buff/cache   available
Mem:          48114        1169       43647         905        3297       45463
Swap:         24191           0       24191
Total:        72306        1169       67839

              total        used        free      shared  buff/cache   available
Mem:          48114        1168       43647         905        3297       45464
Swap:         24191           0       24191
Total:        72306        1168       67839

              total        used        free      shared  buff/cache   available
Mem:          48114        1169       43647         905        3297       45464
Swap:         24191           0       24191
Total:        72306        1169       67839

              total        used        free      shared  buff/cache   available
Mem:          48114        1169       43647         905        3297       45464
Swap:         24191           0       24191
Total:        72306        1169       67839

              total        used        free      shared  buff/cache   available
Mem:          48114        1168       43647         905        3297       45464
Swap:         24191           0       24191
Total:        72306        1168       67839

              total        used        free      shared  buff/cache   available
Mem:          48114        1167       43648         905        3297       45465
Swap:         24191           0       24191
Total:        72306        1167       67840

              total        used        free      shared  buff/cache   available
Mem:          48114        1167       43648         905        3298       45465
Swap:         24191           0       24191
Total:        72306        1167       67840

              total        used        free      shared  buff/cache   available
Mem:          48114        1168       43648         905        3297       45465
Swap:         24191           0       24191
Total:        72306        1168       67840

              total        used        free      shared  buff/cache   available
Mem:          48114        1168       43647         905        3297       45464
Swap:         24191           0       24191
Total:        72306        1168       67839

              total        used        free      shared  buff/cache   available
Mem:          48114        1168       43647         905        3298       45464
Swap:         24191           0       24191
Total:        72306        1168       67839

              total        used        free      shared  buff/cache   available
Mem:          48114        1168       43647         905        3298       45464
Swap:         24191           0       24191
Total:        72306        1168       67839
