08:45:26 PM      eth0     34.00     29.00      6.60      7.88      0.00      0.00      0.00
08:45:27 PM      eth0     46.00     40.00     10.18     11.33      0.00      0.00      0.00
08:45:28 PM      eth0   7919.00 435794.00    897.24 644268.81      0.00      0.00      0.00
08:45:29 PM      eth0  12456.00 773072.00   1411.17 1142805.12      0.00      0.00      0.00
08:45:30 PM      eth0  12990.00 773758.00   1472.47 1143811.19      0.00      0.00      0.00
08:45:31 PM      eth0  12935.00 775924.00   1465.32 1147028.97      0.00      0.00      0.00
08:45:32 PM      eth0  12221.00 775454.00   1384.25 1146324.70      0.00      0.00      0.00
08:45:33 PM      eth0  11758.00 766525.00   1332.58 1133117.80      0.00      0.00      0.00
08:45:34 PM      eth0  10053.00 767336.00   1139.28 1134343.76      0.00      0.00      0.00
08:45:35 PM      eth0   9167.00 780379.00   1038.59 1153639.01      0.00      0.00      0.00
08:45:36 PM      eth0   9735.00 783822.00   1102.87 1158704.15      0.00      0.00      0.00
08:45:37 PM      eth0   9399.00 782579.00   1065.62 1156883.96      0.00      0.00      0.00
08:45:38 PM      eth0   9986.00 782590.00   1131.50 1156907.30      0.00      0.00      0.00
08:45:39 PM      eth0  10570.00 781631.00   1197.52 1155483.99      0.00      0.00      0.00
08:45:40 PM      eth0  12746.00 784357.00   1444.28 1159492.28      0.00      0.00      0.00
08:45:41 PM      eth0  13071.00 781740.00   1480.37 1155639.90      0.00      0.00      0.00
08:45:42 PM      eth0  12733.00 776016.00   1442.66 1147183.37      0.00      0.00      0.00
08:45:43 PM      eth0  11508.00 777472.00   1303.54 1149328.90      0.00      0.00      0.00
08:45:44 PM      eth0   9144.00 778398.00   1035.73 1150696.64      0.00      0.00      0.00
08:45:45 PM      eth0  10124.00 780950.00   1147.12 1154486.93      0.00      0.00      0.00
08:45:46 PM      eth0   9135.00 780060.00   1034.67 1153157.22      0.00      0.00      0.00
08:45:47 PM      eth0  11432.00 767592.00   1295.25 1134733.48      0.00      0.00      0.00
08:45:48 PM      eth0   9720.00 779934.00   1101.39 1152928.53      0.00      0.00      0.00
08:45:49 PM      eth0  10681.00 786816.00   1210.31 1163134.82      0.00      0.00      0.00
08:45:50 PM      eth0   9121.00 792119.00   1033.49 1171005.51      0.00      0.00      0.00
08:45:51 PM      eth0   9449.00 794132.00   1070.41 1173973.71      0.00      0.00      0.00
08:45:52 PM      eth0  11851.00 797761.00   1342.91 1179327.18      0.00      0.00      0.00
08:45:53 PM      eth0  12763.00 798718.00   1445.83 1180704.41      0.00      0.00      0.00
08:45:54 PM      eth0  12887.00 794890.00   1460.59 1175082.98      0.00      0.00      0.00
08:45:55 PM      eth0  12659.00 792126.00   1434.06 1170989.50      0.00      0.00      0.00
08:45:56 PM      eth0  12532.00 794631.00   1419.66 1174693.78      0.00      0.00      0.00
08:45:57 PM      eth0  12508.00 796169.00   1416.70 1176977.03      0.00      0.00      0.00
08:45:58 PM      eth0  12458.00 795449.00   1411.78 1175900.80      0.00      0.00      0.00
08:45:59 PM      eth0  12757.00 796278.00   1445.10 1177125.68      0.00      0.00      0.00
08:46:00 PM      eth0  12735.00 796178.00   1442.50 1176964.58      0.00      0.00      0.00
08:46:01 PM      eth0  12647.00 796649.00   1432.80 1177673.21      0.00      0.00      0.00
08:46:02 PM      eth0  12782.00 795653.00   1455.61 1176164.21      0.00      0.00      0.00
08:46:03 PM      eth0  12615.00 795901.00   1429.22 1176574.86      0.00      0.00      0.00
08:46:04 PM      eth0  12900.00 796419.00   1461.45 1177327.18      0.00      0.00      0.00
08:46:05 PM      eth0  13244.00 798266.00   1500.48 1179993.13      0.00      0.00      0.00
08:46:06 PM      eth0  12029.00 799925.00   1362.96 1182435.84      0.00      0.00      0.00
08:46:07 PM      eth0  10705.00 796716.00   1212.96 1177744.27      0.00      0.00      0.00
08:46:08 PM      eth0  11233.00 794597.00   1272.61 1174603.06      0.00      0.00      0.00
08:46:09 PM      eth0  10916.00 796596.00   1236.63 1177557.36      0.00      0.00      0.00
08:46:10 PM      eth0  11197.00 797439.00   1268.41 1178798.48      0.00      0.00      0.00
08:46:11 PM      eth0  11232.00 796037.00   1272.89 1176731.87      0.00      0.00      0.00
08:46:12 PM      eth0  11263.00 792615.00   1276.72 1171668.89      0.00      0.00      0.00
08:46:13 PM      eth0  11282.00 794456.00   1277.88 1174392.79      0.00      0.00      0.00
08:46:14 PM      eth0  11288.00 798307.00   1278.88 1180066.37      0.00      0.00      0.00
08:46:15 PM      eth0  10643.00 798409.00   1205.72 1180272.27      0.00      0.00      0.00
08:46:16 PM      eth0  11186.00 798724.00   1267.43 1180690.95      0.00      0.00      0.00
08:46:17 PM      eth0  11679.00 793101.00   1323.23 1172426.53      0.00      0.00      0.00
08:46:18 PM      eth0  11465.00 794006.00   1299.20 1173720.12      0.00      0.00      0.00
08:46:19 PM      eth0  11428.00 799069.00   1294.60 1181199.82      0.00      0.00      0.00
08:46:20 PM      eth0  12454.00 787686.00   1416.75 1164418.62      0.00      0.00      0.00
08:46:21 PM      eth0  12491.00 787236.00   1415.15 1163769.45      0.00      0.00      0.00
08:46:22 PM      eth0  11736.00 775460.00   1329.54 1146381.17      0.00      0.00      0.00
08:46:23 PM      eth0  11260.00 776572.00   1276.05 1147996.90      0.00      0.00      0.00
08:46:24 PM      eth0  11188.00 788288.00   1267.72 1165315.69      0.00      0.00      0.00
08:46:25 PM      eth0  11055.00 788222.00   1252.32 1165197.52      0.00      0.00      0.00
08:46:26 PM      eth0  11030.00 789843.00   1249.44 1167608.04      0.00      0.00      0.00
08:46:27 PM      eth0  11305.00 785848.00   1280.79 1161691.18      0.00      0.00      0.00
08:46:28 PM      eth0  10981.00 773250.00   1243.84 1143083.02      0.00      0.00      0.00
08:46:29 PM      eth0  11127.00 762638.00   1260.43 1127413.48      0.00      0.00      0.00
08:46:30 PM      eth0  11072.00 779266.00   1254.33 1151968.59      0.00      0.00      0.00
08:46:31 PM      eth0  11149.00 783043.00   1262.97 1157550.32      0.00      0.00      0.00
08:46:32 PM      eth0  11170.00 784504.00   1265.28 1159707.89      0.00      0.00      0.00
08:46:33 PM      eth0  11177.00 781312.00   1266.35 1154976.49      0.00      0.00      0.00
08:46:34 PM      eth0  11108.00 783236.00   1258.88 1157827.61      0.00      0.00      0.00
08:46:35 PM      eth0  11280.00 762506.00   1277.82 1127231.49      0.00      0.00      0.00
08:46:36 PM      eth0  11031.00 769970.00   1249.78 1138256.92      0.00      0.00      0.00
08:46:37 PM      eth0  11126.00 776977.00   1260.21 1148590.61      0.00      0.00      0.00
08:46:38 PM      eth0  11202.00 789383.00   1269.09 1166914.34      0.00      0.00      0.00
08:46:39 PM      eth0  11147.00 786914.00   1262.65 1163251.85      0.00      0.00      0.00
08:46:40 PM      eth0  11221.00 786975.00   1271.45 1163350.27      0.00      0.00      0.00
08:46:41 PM      eth0  10965.00 786235.00   1242.76 1162245.98      0.00      0.00      0.00
08:46:42 PM      eth0  10926.00 784827.00   1237.90 1160158.44      0.00      0.00      0.00
08:46:43 PM      eth0  10956.00 782744.00   1241.02 1157086.07      0.00      0.00      0.00
08:46:44 PM      eth0  11106.00 782084.00   1258.21 1156116.52      0.00      0.00      0.00
08:46:45 PM      eth0  11023.00 786012.00   1248.77 1161919.45      0.00      0.00      0.00
08:46:46 PM      eth0  12018.00 786266.00   1361.67 1162316.39      0.00      0.00      0.00
08:46:47 PM      eth0  11108.00 788725.00   1258.22 1165928.86      0.00      0.00      0.00
08:46:48 PM      eth0  11077.00 788879.00   1255.24 1166146.59      0.00      0.00      0.00
08:46:49 PM      eth0  11174.00 786051.00   1266.04 1161990.54      0.00      0.00      0.00
08:46:50 PM      eth0  11204.00 775567.00   1269.24 1146518.41      0.00      0.00      0.00
08:46:51 PM      eth0  10972.00 787784.00   1243.11 1164540.04      0.00      0.00      0.00
08:46:52 PM      eth0  11075.00 777461.00   1254.67 1149281.05      0.00      0.00      0.00
08:46:53 PM      eth0  11268.00 785015.00   1276.52 1160450.16      0.00      0.00      0.00
08:46:54 PM      eth0  11307.00 782935.00   1280.82 1157386.40      0.00      0.00      0.00
08:46:55 PM      eth0  11093.00 785671.00   1256.82 1161405.57      0.00      0.00      0.00
08:46:56 PM      eth0  11369.00 783258.00   1287.88 1157857.37      0.00      0.00      0.00
08:46:57 PM      eth0  12193.00 782616.00   1381.47 1156934.61      0.00      0.00      0.00
08:46:58 PM      eth0  12458.00 785278.00   1411.28 1160825.25      0.00      0.00      0.00
08:46:59 PM      eth0  12299.00 785957.00   1393.61 1161845.91      0.00      0.00      0.00
08:47:00 PM      eth0   9976.00 784942.00   1130.17 1160381.05      0.00      0.00      0.00
08:47:01 PM      eth0   9505.00 786577.00   1076.88 1162802.04      0.00      0.00      0.00
08:47:02 PM      eth0   9258.42 776177.23   1048.83 1147434.67      0.00      0.00      0.00
08:47:03 PM      eth0  10435.00 779978.00   1182.51 1152979.85      0.00      0.00      0.00
08:47:04 PM      eth0  11312.00 783298.00   1281.56 1157924.02      0.00      0.00      0.00
08:47:05 PM      eth0  11423.00 784834.00   1294.33 1160192.00      0.00      0.00      0.00
08:47:06 PM      eth0  11427.00 781113.00   1294.60 1154684.54      0.00      0.00      0.00
08:47:07 PM      eth0  11183.00 781005.00   1267.00 1154524.82      0.00      0.00      0.00
08:47:08 PM      eth0  11357.00 782668.00   1286.59 1157003.29      0.00      0.00      0.00
08:47:09 PM      eth0  10884.00 789265.00   1232.96 1166705.52      0.00      0.00      0.00
08:47:10 PM      eth0  12355.00 803501.00   1399.60 1187738.51      0.00      0.00      0.00
08:47:11 PM      eth0  12345.00 807401.00   1398.67 1193526.61      0.00      0.00      0.00
08:47:12 PM      eth0  12398.00 805100.00   1404.58 1190123.65      0.00      0.00      0.00
08:47:13 PM      eth0  12405.00 803587.00   1405.26 1187849.43      0.00      0.00      0.00
08:47:14 PM      eth0  11618.00 801013.00   1316.40 1184068.52      0.00      0.00      0.00
08:47:15 PM      eth0   9319.00 803857.00   1055.45 1188364.12      0.00      0.00      0.00
08:47:16 PM      eth0  10268.00 803400.00   1163.58 1187657.04      0.00      0.00      0.00
08:47:17 PM      eth0   9324.00 804518.00   1056.52 1189330.72      0.00      0.00      0.00
08:47:18 PM      eth0   9182.00 791670.00   1040.07 1170315.84      0.00      0.00      0.00
08:47:19 PM      eth0  10820.00 800026.00   1225.77 1182676.24      0.00      0.00      0.00
08:47:20 PM      eth0  11637.00 802011.00   1317.98 1185534.93      0.00      0.00      0.00
08:47:21 PM      eth0  12297.00 805687.00   1393.43 1190994.42      0.00      0.00      0.00
08:47:22 PM      eth0  13409.00 803198.00   1519.16 1187239.38      0.00      0.00      0.00
08:47:23 PM      eth0  12210.00 805746.00   1383.56 1191062.06      0.00      0.00      0.00
08:47:24 PM      eth0  12759.00 805116.00   1445.43 1190144.47      0.00      0.00      0.00
08:47:25 PM      eth0  12900.00 806724.00   1461.56 1192518.34      0.00      0.00      0.00
08:47:26 PM      eth0  12855.00 788313.00   1462.20 1165298.16      0.00      0.00      0.00
08:47:27 PM      eth0  11805.00 792828.00   1337.12 1171996.24      0.00      0.00      0.00
