              total        used        free      shared  buff/cache   available
Mem:          48114        1117       30671        2393       16325       43762
Swap:         24191           0       24191
Total:        72306        1117       54862

              total        used        free      shared  buff/cache   available
Mem:          48114        1117       30670        2393       16325       43762
Swap:         24191           0       24191
Total:        72306        1117       54862

              total        used        free      shared  buff/cache   available
Mem:          48114        1117       30671        2393       16325       43763
Swap:         24191           0       24191
Total:        72306        1117       54862

              total        used        free      shared  buff/cache   available
Mem:          48114        1120       30667        2393       16325       43760
Swap:         24191           0       24191
Total:        72306        1120       54859

              total        used        free      shared  buff/cache   available
Mem:          48114        1128       30659        2393       16326       43751
Swap:         24191           0       24191
Total:        72306        1128       54850

              total        used        free      shared  buff/cache   available
Mem:          48114        1136       30651        2393       16326       43743
Swap:         24191           0       24191
Total:        72306        1136       54842

              total        used        free      shared  buff/cache   available
Mem:          48114        1136       30651        2393       16326       43744
Swap:         24191           0       24191
Total:        72306        1136       54843

              total        used        free      shared  buff/cache   available
Mem:          48114        1141       30645        2393       16326       43738
Swap:         24191           0       24191
Total:        72306        1141       54837

              total        used        free      shared  buff/cache   available
Mem:          48114        1137       30650        2393       16326       43743
Swap:         24191           0       24191
Total:        72306        1137       54842

              total        used        free      shared  buff/cache   available
Mem:          48114        1135       30651        2393       16326       43744
Swap:         24191           0       24191
Total:        72306        1135       54843

              total        used        free      shared  buff/cache   available
Mem:          48114        1141       30646        2393       16326       43739
Swap:         24191           0       24191
Total:        72306        1141       54838

              total        used        free      shared  buff/cache   available
Mem:          48114        1141       30645        2393       16326       43739
Swap:         24191           0       24191
Total:        72306        1141       54837

              total        used        free      shared  buff/cache   available
Mem:          48114        1142       30645        2393       16326       43738
Swap:         24191           0       24191
Total:        72306        1142       54837

              total        used        free      shared  buff/cache   available
Mem:          48114        1141       30645        2393       16326       43739
Swap:         24191           0       24191
Total:        72306        1141       54837

              total        used        free      shared  buff/cache   available
Mem:          48114        1141       30646        2393       16326       43739
Swap:         24191           0       24191
Total:        72306        1141       54838

              total        used        free      shared  buff/cache   available
Mem:          48114        1191       30596        2393       16326       43689
Swap:         24191           0       24191
Total:        72306        1191       54788

              total        used        free      shared  buff/cache   available
Mem:          48114        1284       30503        2393       16326       43596
Swap:         24191           0       24191
Total:        72306        1284       54695

              total        used        free      shared  buff/cache   available
Mem:          48114        1287       30499        2393       16326       43593
Swap:         24191           0       24191
Total:        72306        1287       54691

              total        used        free      shared  buff/cache   available
Mem:          48114        1332       30455        2393       16326       43548
Swap:         24191           0       24191
Total:        72306        1332       54647

              total        used        free      shared  buff/cache   available
Mem:          48114        1368       30419        2393       16326       43512
Swap:         24191           0       24191
Total:        72306        1368       54611

              total        used        free      shared  buff/cache   available
Mem:          48114        1368       30419        2393       16326       43512
Swap:         24191           0       24191
Total:        72306        1368       54611

              total        used        free      shared  buff/cache   available
Mem:          48114        1367       30420        2393       16326       43513
Swap:         24191           0       24191
Total:        72306        1367       54611

              total        used        free      shared  buff/cache   available
Mem:          48114        1369       30417        2393       16326       43511
Swap:         24191           0       24191
Total:        72306        1369       54609

              total        used        free      shared  buff/cache   available
Mem:          48114        1370       30416        2393       16326       43510
Swap:         24191           0       24191
Total:        72306        1370       54608

              total        used        free      shared  buff/cache   available
Mem:          48114        1370       30417        2393       16326       43511
Swap:         24191           0       24191
Total:        72306        1370       54609

              total        used        free      shared  buff/cache   available
Mem:          48114        1371       30415        2393       16326       43509
Swap:         24191           0       24191
Total:        72306        1372       54607

              total        used        free      shared  buff/cache   available
Mem:          48114        1370       30416        2393       16326       43510
Swap:         24191           0       24191
Total:        72306        1370       54608

              total        used        free      shared  buff/cache   available
Mem:          48114        1371       30415        2393       16326       43509
Swap:         24191           0       24191
Total:        72306        1371       54607

              total        used        free      shared  buff/cache   available
Mem:          48114        1371       30416        2393       16326       43510
Swap:         24191           0       24191
Total:        72306        1371       54608

              total        used        free      shared  buff/cache   available
Mem:          48114        1370       30416        2393       16327       43510
Swap:         24191           0       24191
Total:        72306        1370       54608

              total        used        free      shared  buff/cache   available
Mem:          48114        1370       30416        2393       16327       43510
Swap:         24191           0       24191
Total:        72306        1370       54608

              total        used        free      shared  buff/cache   available
Mem:          48114        1371       30416        2393       16327       43510
Swap:         24191           0       24191
Total:        72306        1371       54608

              total        used        free      shared  buff/cache   available
Mem:          48114        1370       30416        2393       16327       43510
Swap:         24191           0       24191
Total:        72306        1370       54608

              total        used        free      shared  buff/cache   available
Mem:          48114        1370       30416        2393       16327       43510
Swap:         24191           0       24191
Total:        72306        1370       54607

              total        used        free      shared  buff/cache   available
Mem:          48114        1370       30416        2393       16327       43510
Swap:         24191           0       24191
Total:        72306        1370       54608

              total        used        free      shared  buff/cache   available
Mem:          48114        1373       30413        2393       16327       43507
Swap:         24191           0       24191
Total:        72306        1373       54605

              total        used        free      shared  buff/cache   available
Mem:          48114        1372       30414        2393       16327       43508
Swap:         24191           0       24191
Total:        72306        1372       54606

              total        used        free      shared  buff/cache   available
Mem:          48114        1371       30415        2393       16327       43509
Swap:         24191           0       24191
Total:        72306        1371       54607

              total        used        free      shared  buff/cache   available
Mem:          48114        1371       30415        2393       16327       43509
Swap:         24191           0       24191
Total:        72306        1371       54606

              total        used        free      shared  buff/cache   available
Mem:          48114        1371       30414        2393       16327       43509
Swap:         24191           0       24191
Total:        72306        1371       54606

              total        used        free      shared  buff/cache   available
Mem:          48114        1371       30415        2393       16328       43509
Swap:         24191           0       24191
Total:        72306        1371       54607

              total        used        free      shared  buff/cache   available
Mem:          48114        1370       30415        2393       16328       43509
Swap:         24191           0       24191
Total:        72306        1370       54607

              total        used        free      shared  buff/cache   available
Mem:          48114        1370       30415        2393       16328       43510
Swap:         24191           0       24191
Total:        72306        1370       54607

              total        used        free      shared  buff/cache   available
Mem:          48114        1370       30415        2393       16328       43509
Swap:         24191           0       24191
Total:        72306        1370       54607

              total        used        free      shared  buff/cache   available
Mem:          48114        1370       30415        2393       16328       43510
Swap:         24191           0       24191
Total:        72306        1370       54607

              total        used        free      shared  buff/cache   available
Mem:          48114        1370       30413        2393       16330       43510
Swap:         24191           0       24191
Total:        72306        1370       54605

              total        used        free      shared  buff/cache   available
Mem:          48114        1369       30414        2393       16330       43510
Swap:         24191           0       24191
Total:        72306        1369       54606

              total        used        free      shared  buff/cache   available
Mem:          48114        1370       30413        2393       16330       43510
Swap:         24191           0       24191
Total:        72306        1370       54605

              total        used        free      shared  buff/cache   available
Mem:          48114        1370       30413        2393       16330       43510
Swap:         24191           0       24191
Total:        72306        1370       54605

              total        used        free      shared  buff/cache   available
Mem:          48114        1371       30412        2393       16330       43509
Swap:         24191           0       24191
Total:        72306        1371       54604

              total        used        free      shared  buff/cache   available
Mem:          48114        1370       30413        2393       16330       43510
Swap:         24191           0       24191
Total:        72306        1370       54605

              total        used        free      shared  buff/cache   available
Mem:          48114        1385       30398        2393       16330       43495
Swap:         24191           0       24191
Total:        72306        1385       54590

              total        used        free      shared  buff/cache   available
Mem:          48114        1385       30398        2393       16330       43495
Swap:         24191           0       24191
Total:        72306        1385       54590

              total        used        free      shared  buff/cache   available
Mem:          48114        1387       30396        2393       16330       43493
Swap:         24191           0       24191
Total:        72306        1387       54588

              total        used        free      shared  buff/cache   available
Mem:          48114        1385       30397        2393       16330       43494
Swap:         24191           0       24191
Total:        72306        1386       54589

              total        used        free      shared  buff/cache   available
Mem:          48114        1385       30397        2393       16330       43494
Swap:         24191           0       24191
Total:        72306        1386       54589

              total        used        free      shared  buff/cache   available
Mem:          48114        1386       30397        2393       16330       43494
Swap:         24191           0       24191
Total:        72306        1386       54589

              total        used        free      shared  buff/cache   available
Mem:          48114        1386       30397        2393       16330       43494
Swap:         24191           0       24191
Total:        72306        1386       54588

              total        used        free      shared  buff/cache   available
Mem:          48114        1385       30397        2393       16330       43495
Swap:         24191           0       24191
Total:        72306        1385       54589

              total        used        free      shared  buff/cache   available
Mem:          48114        1387       30396        2393       16330       43493
Swap:         24191           0       24191
Total:        72306        1387       54588

              total        used        free      shared  buff/cache   available
Mem:          48114        1387       30396        2393       16330       43493
Swap:         24191           0       24191
Total:        72306        1387       54588

              total        used        free      shared  buff/cache   available
Mem:          48114        1386       30396        2393       16330       43494
Swap:         24191           0       24191
Total:        72306        1386       54588

              total        used        free      shared  buff/cache   available
Mem:          48114        1376       30406        2393       16330       43504
Swap:         24191           0       24191
Total:        72306        1376       54598

              total        used        free      shared  buff/cache   available
Mem:          48114        1376       30406        2393       16331       43504
Swap:         24191           0       24191
Total:        72306        1376       54598

              total        used        free      shared  buff/cache   available
Mem:          48114        1376       30407        2393       16331       43504
Swap:         24191           0       24191
Total:        72306        1376       54598

              total        used        free      shared  buff/cache   available
Mem:          48114        1375       30407        2393       16331       43505
Swap:         24191           0       24191
Total:        72306        1375       54599

              total        used        free      shared  buff/cache   available
Mem:          48114        1374       30408        2393       16331       43505
Swap:         24191           0       24191
Total:        72306        1375       54599

              total        used        free      shared  buff/cache   available
Mem:          48114        1374       30408        2393       16331       43506
Swap:         24191           0       24191
Total:        72306        1374       54600

              total        used        free      shared  buff/cache   available
Mem:          48114        1374       30408        2393       16331       43506
Swap:         24191           0       24191
Total:        72306        1374       54600

              total        used        free      shared  buff/cache   available
Mem:          48114        1375       30407        2393       16331       43505
Swap:         24191           0       24191
Total:        72306        1375       54599

              total        used        free      shared  buff/cache   available
Mem:          48114        1375       30407        2393       16331       43505
Swap:         24191           0       24191
Total:        72306        1375       54599

              total        used        free      shared  buff/cache   available
Mem:          48114        1375       30407        2393       16331       43505
Swap:         24191           0       24191
Total:        72306        1375       54599

              total        used        free      shared  buff/cache   available
Mem:          48114        1378       30404        2393       16331       43502
Swap:         24191           0       24191
Total:        72306        1378       54596

              total        used        free      shared  buff/cache   available
Mem:          48114        1377       30404        2393       16331       43503
Swap:         24191           0       24191
Total:        72306        1378       54596

              total        used        free      shared  buff/cache   available
Mem:          48114        1377       30404        2393       16331       43503
Swap:         24191           0       24191
Total:        72306        1377       54596

              total        used        free      shared  buff/cache   available
Mem:          48114        1378       30404        2393       16331       43502
Swap:         24191           0       24191
Total:        72306        1378       54596

              total        used        free      shared  buff/cache   available
Mem:          48114        1379       30402        2393       16331       43501
Swap:         24191           0       24191
Total:        72306        1379       54594

              total        used        free      shared  buff/cache   available
Mem:          48114        1380       30402        2393       16331       43500
Swap:         24191           0       24191
Total:        72306        1380       54594

              total        used        free      shared  buff/cache   available
Mem:          48114        1379       30402        2393       16331       43501
Swap:         24191           0       24191
Total:        72306        1380       54594

              total        used        free      shared  buff/cache   available
Mem:          48114        1382       30399        2393       16331       43498
Swap:         24191           0       24191
Total:        72306        1382       54591

              total        used        free      shared  buff/cache   available
Mem:          48114        1382       30400        2393       16331       43498
Swap:         24191           0       24191
Total:        72306        1382       54592

              total        used        free      shared  buff/cache   available
Mem:          48114        1382       30400        2393       16331       43498
Swap:         24191           0       24191
Total:        72306        1382       54591

              total        used        free      shared  buff/cache   available
Mem:          48114        1380       30401        2393       16331       43500
Swap:         24191           0       24191
Total:        72306        1380       54593

              total        used        free      shared  buff/cache   available
Mem:          48114        1381       30400        2393       16331       43499
Swap:         24191           0       24191
Total:        72306        1381       54592

              total        used        free      shared  buff/cache   available
Mem:          48114        1381       30400        2393       16332       43499
Swap:         24191           0       24191
Total:        72306        1381       54592

              total        used        free      shared  buff/cache   available
Mem:          48114        1380       30401        2393       16332       43500
Swap:         24191           0       24191
Total:        72306        1380       54593

              total        used        free      shared  buff/cache   available
Mem:          48114        1379       30402        2393       16332       43501
Swap:         24191           0       24191
Total:        72306        1379       54594

              total        used        free      shared  buff/cache   available
Mem:          48114        1386       30395        2393       16332       43494
Swap:         24191           0       24191
Total:        72306        1386       54587

              total        used        free      shared  buff/cache   available
Mem:          48114        1386       30395        2393       16332       43494
Swap:         24191           0       24191
Total:        72306        1386       54587

              total        used        free      shared  buff/cache   available
Mem:          48114        1387       30394        2393       16332       43493
Swap:         24191           0       24191
Total:        72306        1387       54586

              total        used        free      shared  buff/cache   available
Mem:          48114        1387       30394        2393       16332       43494
Swap:         24191           0       24191
Total:        72306        1387       54586

              total        used        free      shared  buff/cache   available
Mem:          48114        1385       30396        2393       16332       43495
Swap:         24191           0       24191
Total:        72306        1385       54588

              total        used        free      shared  buff/cache   available
Mem:          48114        1384       30396        2393       16332       43496
Swap:         24191           0       24191
Total:        72306        1384       54588

              total        used        free      shared  buff/cache   available
Mem:          48114        1385       30396        2393       16332       43495
Swap:         24191           0       24191
Total:        72306        1385       54588

              total        used        free      shared  buff/cache   available
Mem:          48114        1385       30396        2393       16332       43496
Swap:         24191           0       24191
Total:        72306        1385       54588

              total        used        free      shared  buff/cache   available
Mem:          48114        1384       30396        2393       16332       43496
Swap:         24191           0       24191
Total:        72306        1384       54588

              total        used        free      shared  buff/cache   available
Mem:          48114        1384       30396        2393       16333       43496
Swap:         24191           0       24191
Total:        72306        1384       54588

              total        used        free      shared  buff/cache   available
Mem:          48114        1377       30403        2393       16333       43503
Swap:         24191           0       24191
Total:        72306        1378       54595

              total        used        free      shared  buff/cache   available
Mem:          48114        1377       30403        2393       16333       43503
Swap:         24191           0       24191
Total:        72306        1377       54595

              total        used        free      shared  buff/cache   available
Mem:          48114        1375       30405        2393       16333       43505
Swap:         24191           0       24191
Total:        72306        1376       54597

              total        used        free      shared  buff/cache   available
Mem:          48114        1375       30405        2393       16333       43505
Swap:         24191           0       24191
Total:        72306        1375       54597

              total        used        free      shared  buff/cache   available
Mem:          48114        1376       30404        2393       16333       43505
Swap:         24191           0       24191
Total:        72306        1376       54596

              total        used        free      shared  buff/cache   available
Mem:          48114        1376       30404        2393       16333       43504
Swap:         24191           0       24191
Total:        72306        1377       54595

              total        used        free      shared  buff/cache   available
Mem:          48114        1377       30403        2393       16333       43504
Swap:         24191           0       24191
Total:        72306        1377       54595

              total        used        free      shared  buff/cache   available
Mem:          48114        1376       30404        2393       16333       43504
Swap:         24191           0       24191
Total:        72306        1376       54595

              total        used        free      shared  buff/cache   available
Mem:          48114        1377       30403        2393       16333       43504
Swap:         24191           0       24191
Total:        72306        1377       54595

              total        used        free      shared  buff/cache   available
Mem:          48114        1376       30403        2393       16333       43504
Swap:         24191           0       24191
Total:        72306        1376       54595

              total        used        free      shared  buff/cache   available
Mem:          48114        1378       30402        2393       16333       43502
Swap:         24191           0       24191
Total:        72306        1378       54593

              total        used        free      shared  buff/cache   available
Mem:          48114        1377       30402        2393       16333       43503
Swap:         24191           0       24191
Total:        72306        1377       54594

              total        used        free      shared  buff/cache   available
Mem:          48114        1377       30403        2393       16333       43503
Swap:         24191           0       24191
Total:        72306        1377       54595

              total        used        free      shared  buff/cache   available
Mem:          48114        1377       30402        2393       16334       43503
Swap:         24191           0       24191
Total:        72306        1377       54594

              total        used        free      shared  buff/cache   available
Mem:          48114        1375       30404        2393       16334       43505
Swap:         24191           0       24191
Total:        72306        1375       54596

              total        used        free      shared  buff/cache   available
Mem:          48114        1375       30405        2393       16334       43506
Swap:         24191           0       24191
Total:        72306        1375       54596

              total        used        free      shared  buff/cache   available
Mem:          48114        1375       30404        2393       16334       43505
Swap:         24191           0       24191
Total:        72306        1375       54596

              total        used        free      shared  buff/cache   available
Mem:          48114        1375       30404        2393       16334       43505
Swap:         24191           0       24191
Total:        72306        1375       54596

              total        used        free      shared  buff/cache   available
Mem:          48114        1376       30404        2393       16334       43505
Swap:         24191           0       24191
Total:        72306        1376       54595

              total        used        free      shared  buff/cache   available
Mem:          48114        1375       30404        2393       16334       43506
Swap:         24191           0       24191
Total:        72306        1375       54596

              total        used        free      shared  buff/cache   available
Mem:          48114        1375       30404        2393       16334       43506
Swap:         24191           0       24191
Total:        72306        1375       54596

              total        used        free      shared  buff/cache   available
Mem:          48114        1375       30404        2393       16334       43505
Swap:         24191           0       24191
Total:        72306        1375       54596

              total        used        free      shared  buff/cache   available
Mem:          48114        1376       30403        2393       16334       43505
Swap:         24191           0       24191
Total:        72306        1376       54595

              total        used        free      shared  buff/cache   available
Mem:          48114        1376       30403        2393       16334       43505
Swap:         24191           0       24191
Total:        72306        1376       54595

              total        used        free      shared  buff/cache   available
Mem:          48114        1377       30402        2393       16334       43504
Swap:         24191           0       24191
Total:        72306        1377       54594

              total        used        free      shared  buff/cache   available
Mem:          48114        1377       30402        2393       16334       43504
Swap:         24191           0       24191
Total:        72306        1377       54594

              total        used        free      shared  buff/cache   available
Mem:          48114        1376       30403        2393       16334       43505
Swap:         24191           0       24191
Total:        72306        1376       54595

              total        used        free      shared  buff/cache   available
Mem:          48114        1376       30403        2393       16334       43505
Swap:         24191           0       24191
Total:        72306        1376       54595

              total        used        free      shared  buff/cache   available
Mem:          48114        1375       30403        2393       16334       43505
Swap:         24191           0       24191
Total:        72306        1375       54595

              total        used        free      shared  buff/cache   available
Mem:          48114        1375       30404        2393       16334       43506
Swap:         24191           0       24191
Total:        72306        1375       54596

              total        used        free      shared  buff/cache   available
Mem:          48114        1375       30403        2393       16335       43505
Swap:         24191           0       24191
Total:        72306        1375       54595

              total        used        free      shared  buff/cache   available
Mem:          48114        1375       30403        2393       16335       43505
Swap:         24191           0       24191
Total:        72306        1376       54595

              total        used        free      shared  buff/cache   available
Mem:          48114        1376       30402        2393       16335       43504
Swap:         24191           0       24191
Total:        72306        1376       54594

              total        used        free      shared  buff/cache   available
Mem:          48114        1376       30402        2393       16335       43504
Swap:         24191           0       24191
Total:        72306        1376       54594

              total        used        free      shared  buff/cache   available
Mem:          48114        1378       30400        2393       16335       43502
Swap:         24191           0       24191
Total:        72306        1378       54592

              total        used        free      shared  buff/cache   available
Mem:          48114        1377       30400        2393       16335       43503
Swap:         24191           0       24191
Total:        72306        1378       54592

              total        used        free      shared  buff/cache   available
Mem:          48114        1378       30400        2393       16335       43502
Swap:         24191           0       24191
Total:        72306        1378       54592

              total        used        free      shared  buff/cache   available
Mem:          48114        1377       30400        2393       16335       43503
Swap:         24191           0       24191
Total:        72306        1377       54592

              total        used        free      shared  buff/cache   available
Mem:          48114        1377       30400        2393       16335       43503
Swap:         24191           0       24191
Total:        72306        1377       54592

              total        used        free      shared  buff/cache   available
Mem:          48114        1377       30401        2393       16335       43503
Swap:         24191           0       24191
Total:        72306        1377       54593

              total        used        free      shared  buff/cache   available
Mem:          48114        1377       30400        2393       16335       43503
Swap:         24191           0       24191
Total:        72306        1377       54592

              total        used        free      shared  buff/cache   available
Mem:          48114        1377       30400        2393       16335       43503
Swap:         24191           0       24191
Total:        72306        1377       54592

              total        used        free      shared  buff/cache   available
Mem:          48114        1376       30401        2393       16335       43504
Swap:         24191           0       24191
Total:        72306        1376       54593

              total        used        free      shared  buff/cache   available
Mem:          48114        1375       30402        2393       16335       43505
Swap:         24191           0       24191
Total:        72306        1375       54594

              total        used        free      shared  buff/cache   available
Mem:          48114        1376       30401        2393       16336       43504
Swap:         24191           0       24191
Total:        72306        1377       54593

              total        used        free      shared  buff/cache   available
Mem:          48114        1376       30401        2393       16336       43504
Swap:         24191           0       24191
Total:        72306        1376       54593

              total        used        free      shared  buff/cache   available
Mem:          48114        1377       30400        2393       16336       43503
Swap:         24191           0       24191
Total:        72306        1377       54592

              total        used        free      shared  buff/cache   available
Mem:          48114        1375       30402        2393       16336       43505
Swap:         24191           0       24191
Total:        72306        1375       54594

              total        used        free      shared  buff/cache   available
Mem:          48114        1375       30402        2393       16336       43505
Swap:         24191           0       24191
Total:        72306        1375       54594

              total        used        free      shared  buff/cache   available
Mem:          48114        1375       30402        2393       16336       43505
Swap:         24191           0       24191
Total:        72306        1375       54594

              total        used        free      shared  buff/cache   available
Mem:          48114        1375       30402        2393       16336       43505
Swap:         24191           0       24191
Total:        72306        1375       54594

              total        used        free      shared  buff/cache   available
Mem:          48114        1375       30402        2393       16336       43505
Swap:         24191           0       24191
Total:        72306        1375       54594

              total        used        free      shared  buff/cache   available
Mem:          48114        1375       30402        2393       16336       43506
Swap:         24191           0       24191
Total:        72306        1375       54594

              total        used        free      shared  buff/cache   available
Mem:          48114        1377       30400        2393       16336       43503
Swap:         24191           0       24191
Total:        72306        1377       54592

              total        used        free      shared  buff/cache   available
Mem:          48114        1378       30399        2393       16336       43503
Swap:         24191           0       24191
Total:        72306        1378       54591

              total        used        free      shared  buff/cache   available
Mem:          48114        1377       30399        2393       16336       43503
Swap:         24191           0       24191
Total:        72306        1377       54591

              total        used        free      shared  buff/cache   available
Mem:          48114        1379       30398        2393       16337       43501
Swap:         24191           0       24191
Total:        72306        1379       54590

              total        used        free      shared  buff/cache   available
Mem:          48114        1379       30397        2393       16337       43501
Swap:         24191           0       24191
Total:        72306        1379       54589

              total        used        free      shared  buff/cache   available
Mem:          48114        1378       30398        2393       16337       43502
Swap:         24191           0       24191
Total:        72306        1378       54590

              total        used        free      shared  buff/cache   available
Mem:          48114        1377       30399        2393       16337       43503
Swap:         24191           0       24191
Total:        72306        1377       54591

              total        used        free      shared  buff/cache   available
Mem:          48114        1377       30399        2393       16337       43503
Swap:         24191           0       24191
Total:        72306        1377       54591

              total        used        free      shared  buff/cache   available
Mem:          48114        1376       30399        2393       16337       43504
Swap:         24191           0       24191
Total:        72306        1376       54591

              total        used        free      shared  buff/cache   available
Mem:          48114        1377       30399        2393       16337       43503
Swap:         24191           0       24191
Total:        72306        1377       54591

              total        used        free      shared  buff/cache   available
Mem:          48114        1376       30400        2393       16337       43504
Swap:         24191           0       24191
Total:        72306        1376       54592

              total        used        free      shared  buff/cache   available
Mem:          48114        1377       30398        2393       16337       43503
Swap:         24191           0       24191
Total:        72306        1377       54590

              total        used        free      shared  buff/cache   available
Mem:          48114        1377       30399        2393       16337       43503
Swap:         24191           0       24191
Total:        72306        1377       54591

              total        used        free      shared  buff/cache   available
Mem:          48114        1379       30397        2393       16337       43501
Swap:         24191           0       24191
Total:        72306        1379       54589

              total        used        free      shared  buff/cache   available
Mem:          48114        1377       30398        2393       16338       43502
Swap:         24191           0       24191
Total:        72306        1377       54590

              total        used        free      shared  buff/cache   available
Mem:          48114        1378       30397        2393       16338       43502
Swap:         24191           0       24191
Total:        72306        1378       54589

              total        used        free      shared  buff/cache   available
Mem:          48114        1377       30398        2393       16338       43503
Swap:         24191           0       24191
Total:        72306        1378       54590

              total        used        free      shared  buff/cache   available
Mem:          48114        1378       30397        2393       16338       43502
Swap:         24191           0       24191
Total:        72306        1378       54589

              total        used        free      shared  buff/cache   available
Mem:          48114        1378       30397        2393       16338       43502
Swap:         24191           0       24191
Total:        72306        1378       54589

              total        used        free      shared  buff/cache   available
Mem:          48114        1377       30398        2393       16338       43503
Swap:         24191           0       24191
Total:        72306        1377       54590

              total        used        free      shared  buff/cache   available
Mem:          48114        1377       30398        2393       16338       43503
Swap:         24191           0       24191
Total:        72306        1377       54590

              total        used        free      shared  buff/cache   available
Mem:          48114        1377       30398        2393       16338       43503
Swap:         24191           0       24191
Total:        72306        1377       54590

              total        used        free      shared  buff/cache   available
Mem:          48114        1376       30399        2393       16338       43504
Swap:         24191           0       24191
Total:        72306        1376       54591

              total        used        free      shared  buff/cache   available
Mem:          48114        1377       30398        2393       16338       43503
Swap:         24191           0       24191
Total:        72306        1377       54590

              total        used        free      shared  buff/cache   available
Mem:          48114        1376       30398        2393       16338       43504
Swap:         24191           0       24191
Total:        72306        1376       54590

              total        used        free      shared  buff/cache   available
Mem:          48114        1377       30398        2393       16338       43504
Swap:         24191           0       24191
Total:        72306        1377       54590

              total        used        free      shared  buff/cache   available
Mem:          48114        1376       30398        2393       16338       43504
Swap:         24191           0       24191
Total:        72306        1377       54590

              total        used        free      shared  buff/cache   available
Mem:          48114        1378       30397        2393       16338       43503
Swap:         24191           0       24191
Total:        72306        1378       54589

              total        used        free      shared  buff/cache   available
Mem:          48114        1377       30398        2393       16338       43503
Swap:         24191           0       24191
Total:        72306        1377       54590

              total        used        free      shared  buff/cache   available
Mem:          48114        1378       30396        2393       16338       43502
Swap:         24191           0       24191
Total:        72306        1378       54588

              total        used        free      shared  buff/cache   available
Mem:          48114        1378       30397        2393       16338       43502
Swap:         24191           0       24191
Total:        72306        1378       54589

              total        used        free      shared  buff/cache   available
Mem:          48114        1378       30397        2393       16338       43502
Swap:         24191           0       24191
Total:        72306        1378       54589

              total        used        free      shared  buff/cache   available
Mem:          48114        1377       30397        2393       16338       43503
Swap:         24191           0       24191
Total:        72306        1377       54589

              total        used        free      shared  buff/cache   available
Mem:          48114        1377       30397        2393       16339       43503
Swap:         24191           0       24191
Total:        72306        1377       54589

              total        used        free      shared  buff/cache   available
Mem:          48114        1376       30398        2393       16339       43504
Swap:         24191           0       24191
Total:        72306        1376       54590

              total        used        free      shared  buff/cache   available
Mem:          48114        1377       30397        2393       16339       43503
Swap:         24191           0       24191
Total:        72306        1377       54589

              total        used        free      shared  buff/cache   available
Mem:          48114        1377       30397        2393       16339       43503
Swap:         24191           0       24191
Total:        72306        1377       54589

              total        used        free      shared  buff/cache   available
Mem:          48114        1377       30397        2393       16339       43503
Swap:         24191           0       24191
Total:        72306        1377       54589

              total        used        free      shared  buff/cache   available
Mem:          48114        1376       30398        2393       16339       43504
Swap:         24191           0       24191
Total:        72306        1376       54590

              total        used        free      shared  buff/cache   available
Mem:          48114        1377       30397        2393       16339       43503
Swap:         24191           0       24191
Total:        72306        1377       54589

              total        used        free      shared  buff/cache   available
Mem:          48114        1378       30396        2393       16339       43503
Swap:         24191           0       24191
Total:        72306        1378       54588

              total        used        free      shared  buff/cache   available
Mem:          48114        1377       30397        2393       16339       43503
Swap:         24191           0       24191
Total:        72306        1377       54588

              total        used        free      shared  buff/cache   available
Mem:          48114        1377       30397        2393       16339       43503
Swap:         24191           0       24191
Total:        72306        1377       54589

              total        used        free      shared  buff/cache   available
Mem:          48114        1376       30398        2393       16339       43504
Swap:         24191           0       24191
Total:        72306        1376       54590

              total        used        free      shared  buff/cache   available
Mem:          48114        1376       30397        2393       16339       43504
Swap:         24191           0       24191
Total:        72306        1376       54589

              total        used        free      shared  buff/cache   available
Mem:          48114        1376       30397        2393       16339       43504
Swap:         24191           0       24191
Total:        72306        1376       54589

              total        used        free      shared  buff/cache   available
Mem:          48114        1377       30396        2393       16339       43503
Swap:         24191           0       24191
Total:        72306        1377       54588

              total        used        free      shared  buff/cache   available
Mem:          48114        1124       30649        2393       16339       43756
Swap:         24191           0       24191
Total:        72306        1124       54841

              total        used        free      shared  buff/cache   available
Mem:          48114        1118       30656        2393       16339       43762
Swap:         24191           0       24191
Total:        72306        1118       54848

              total        used        free      shared  buff/cache   available
Mem:          48114        1123       30652        2393       16338       43758
Swap:         24191           0       24191
Total:        72306        1123       54844

              total        used        free      shared  buff/cache   available
Mem:          48114        1119       30655        2393       16338       43761
Swap:         24191           0       24191
Total:        72306        1120       54847
