03:51:48 PM      eth0     16.00     12.00      2.40      2.97      0.00      0.00      0.00
03:51:49 PM      eth0     10.00      3.00      3.40      0.39      0.00      0.00      0.00
03:51:50 PM      eth0     85.00    102.00     31.37     47.08      0.00      0.00      0.00
03:51:51 PM      eth0 91336727462.00 67684772007.00 117390271824.04 89688588976.17      0.00      0.00  99189.00
03:51:52 PM      eth0     32.00     29.00      6.27      9.16      0.00      0.00      0.00
03:51:53 PM      eth0     21.00     13.00      4.93      4.51      0.00      0.00      0.00
03:51:54 PM      eth0     16.00     11.00      4.23      2.34      0.00      0.00      0.00
03:51:55 PM      eth0     21.00     20.00      4.06      4.70      0.00      0.00      1.00
03:51:56 PM      eth0      7.00      0.00      0.47      0.00      0.00      0.00      0.00
03:51:57 PM      eth0     67.00     85.00     22.47     36.26      0.00      0.00      0.00
03:51:58 PM      eth0     29.00     31.00      5.59     11.44      0.00      0.00      0.00
03:51:59 PM      eth0      5.00      0.00      0.32      0.00      0.00      0.00      0.00
03:52:00 PM      eth0      5.00      0.00      0.38      0.00      0.00      0.00      0.00
03:52:01 PM      eth0      8.00      6.00      0.78      0.70      0.00      0.00      0.00
03:52:02 PM      eth0      7.00      1.00      0.44      0.04      0.00      0.00      0.00
03:52:03 PM      eth0     39.00     41.00     13.84     11.36      0.00      0.00      0.00
03:52:04 PM      eth0      4.00      0.00      0.27      0.00      0.00      0.00      0.00
03:52:05 PM      eth0      3.00      0.00      0.18      0.00      0.00      0.00      0.00
03:52:06 PM      eth0      3.00      0.00      0.18      0.00      0.00      0.00      0.00
03:52:07 PM      eth0      4.00      0.00      0.23      0.00      0.00      0.00      0.00
03:52:08 PM      eth0     14.00     11.00      2.27      2.90      0.00      0.00      0.00
03:52:09 PM      eth0      6.00      6.00      0.87      0.79      0.00      0.00      0.00
03:52:10 PM      eth0      7.00     12.00      1.63      2.92      0.00      0.00      0.00
03:52:11 PM      eth0      9.00     11.00      0.82      2.52      0.00      0.00      0.00
03:52:12 PM      eth0      3.00      0.00      0.18      0.00      0.00      0.00      0.00
03:52:13 PM      eth0      9.00      7.00      0.87      0.81      0.00      0.00      0.00
03:52:14 PM      eth0      5.00      3.00      0.29      0.35      0.00      0.00      0.00
03:52:15 PM      eth0      7.00      1.00      0.41      0.04      0.00      0.00      0.00
03:52:16 PM      eth0      5.00      0.00      0.81      0.00      0.00      0.00      0.00
03:52:17 PM      eth0      4.00      0.00      0.23      0.00      0.00      0.00      0.00
03:52:18 PM      eth0     15.00     15.00      3.12      3.38      0.00      0.00      0.00
03:52:19 PM      eth0      6.00      0.00      0.35      0.00      0.00      0.00      0.00
03:52:20 PM      eth0      6.00      0.00      0.35      0.00      0.00      0.00      0.00
03:52:21 PM      eth0      4.00      0.00      0.23      0.00      0.00      0.00      0.00
03:52:22 PM      eth0      3.00      0.00      0.18      0.00      0.00      0.00      0.00
03:52:23 PM      eth0      4.00      0.00      0.23      0.00      0.00      0.00      0.00
03:52:24 PM      eth0      6.00      0.00      0.63      0.00      0.00      0.00      0.00
03:52:25 PM      eth0      5.00      0.00      0.29      0.00      0.00      0.00      0.00
03:52:26 PM      eth0      6.00      0.00      0.54      0.00      0.00      0.00      0.00
03:52:27 PM      eth0      3.00      0.00      0.18      0.00      0.00      0.00      0.00
03:52:28 PM      eth0     12.00     11.00      2.16      2.90      0.00      0.00      0.00
03:52:29 PM      eth0      4.00      0.00      0.51      0.00      0.00      0.00      0.00
03:52:30 PM      eth0      4.00      0.00      0.23      0.00      0.00      0.00      0.00
03:52:31 PM      eth0      5.00      0.00      0.29      0.00      0.00      0.00      0.00
03:52:32 PM      eth0     51.00     57.00     10.81     24.94      0.00      0.00      0.00
03:52:33 PM      eth0     19.00     14.00     11.85      3.11      0.00      0.00      0.00
03:52:34 PM      eth0      4.00      0.00      0.23      0.00      0.00      0.00      0.00
03:52:35 PM      eth0      4.00      0.00      0.51      0.00      0.00      0.00      0.00
03:52:36 PM      eth0      4.00      0.00      0.23      0.00      0.00      0.00      0.00
03:52:37 PM      eth0      4.00      0.00      0.23      0.00      0.00      0.00      0.00
03:52:38 PM      eth0     12.00     11.00      2.14      2.90      0.00      0.00      0.00
03:52:39 PM      eth0      4.00      0.00      0.23      0.00      0.00      0.00      0.00
03:52:40 PM      eth0      4.00      0.00      0.23      0.00      0.00      0.00      0.00
03:52:41 PM      eth0      9.00      8.00      0.82      2.25      0.00      0.00      0.00
03:52:42 PM      eth0      5.00      0.00      0.29      0.00      0.00      0.00      0.00
03:52:43 PM      eth0      6.00      0.00      0.35      0.00      0.00      0.00      0.00
03:52:44 PM      eth0      5.00      0.00      0.29      0.00      0.00      0.00      0.00
03:52:45 PM      eth0      3.00      0.00      0.18      0.00      0.00      0.00      0.00
03:52:46 PM      eth0     11.00     10.00      2.28      2.65      0.00      0.00      0.00
03:52:47 PM      eth0      6.00      0.00      0.63      0.00      0.00      0.00      0.00
03:52:48 PM      eth0     14.00     11.00      2.27      2.90      0.00      0.00      0.00
03:52:49 PM      eth0      5.00      0.00      0.29      0.00      0.00      0.00      0.00
03:52:50 PM      eth0      4.00      0.00      0.23      0.00      0.00      0.00      0.00
03:52:51 PM      eth0      4.00      0.00      0.23      0.00      0.00      0.00      0.00
03:52:52 PM      eth0      4.00      0.00      0.23      0.00      0.00      0.00      0.00
03:52:53 PM      eth0      7.00      0.00      0.69      0.00      0.00      0.00      0.00
03:52:54 PM      eth0      6.00      0.00      0.35      0.00      0.00      0.00      0.00
03:52:55 PM      eth0      6.00      0.00      0.35      0.00      0.00      0.00      0.00
03:52:56 PM      eth0      5.00      0.00      0.57      0.00      0.00      0.00      0.00
03:52:57 PM      eth0      5.00      0.00      0.29      0.00      0.00      0.00      0.00
03:52:58 PM      eth0     12.00     11.00      2.15      2.90      0.00      0.00      0.00
03:52:59 PM      eth0      5.00      0.00      0.29      0.00      0.00      0.00      0.00
03:53:00 PM      eth0      5.00      0.00      0.29      0.00      0.00      0.00      0.00
03:53:01 PM      eth0      6.00      0.00      0.35      0.00      0.00      0.00      0.00
03:53:02 PM      eth0     19.00     15.00      4.91      3.95      0.00      0.00      0.00
03:53:03 PM      eth0   4841.00  67039.00    555.30  99037.71      0.00      0.00      0.00
03:53:04 PM      eth0  33328.00 672792.00   3784.78 994539.85      0.00      0.00      0.00
03:53:05 PM      eth0  19986.00 697214.00   2263.77 1030697.99      0.00      0.00      0.00
03:53:06 PM      eth0  19377.00 728565.00   2194.78 1077034.31      0.00      0.00      0.00
03:53:07 PM      eth0  18635.00 705431.00   2110.67 1042845.00      0.00      0.00      0.00
03:53:08 PM      eth0  18756.00 701098.00   2125.50 1036414.38      0.00      0.00      0.00
03:53:09 PM      eth0  17690.00 651215.00   2003.78 962684.36      0.00      0.00      0.00
03:53:10 PM      eth0  19663.00 729848.00   2227.40 1078922.35      0.00      0.00      0.00
03:53:11 PM      eth0  21747.00 812462.00   2463.27 1201054.11      0.00      0.00      0.00
03:53:12 PM      eth0  21919.00 812893.00   2482.96 1201699.60      0.00      0.00      0.00
03:53:13 PM      eth0  15166.00 497603.00   1752.31 735618.01      0.00      0.00      0.00
03:53:14 PM      eth0  18311.00 678799.00   2074.59 1003461.26      0.00      0.00      0.00
03:53:15 PM      eth0  18527.00 680917.00   2098.60 1006607.96      0.00      0.00      0.00
03:53:16 PM      eth0  18730.00 696449.00   2121.54 1029556.37      0.00      0.00      0.00
03:53:17 PM      eth0  18519.00 703660.00   2097.58 1040232.41      0.00      0.00      0.00
03:53:18 PM      eth0  18332.00 681687.00   2077.36 1007731.36      0.00      0.00      0.00
03:53:19 PM      eth0  18170.00 671276.00   2058.10 992350.41      0.00      0.00      0.00
03:53:20 PM      eth0  17991.00 673432.00   2037.82 995543.26      0.00      0.00      0.00
03:53:21 PM      eth0  18113.00 676215.00   2052.16 999658.63      0.00      0.00      0.00
03:53:22 PM      eth0  18365.00 682072.00   2080.65 1008310.66      0.00      0.00      0.00
03:53:23 PM      eth0  17883.00 674303.00   2026.27 996848.09      0.00      0.00      0.00
03:53:24 PM      eth0  18388.00 690677.00   2082.69 1021044.07      0.00      0.00      0.00
03:53:25 PM      eth0  18150.00 687218.00   2055.84 1015898.89      0.00      0.00      0.00
03:53:26 PM      eth0  18360.00 700688.00   2079.62 1035820.44      0.00      0.00      0.00
03:53:27 PM      eth0  18310.00 686583.00   2073.96 1014985.42      0.00      0.00      0.00
03:53:28 PM      eth0  18178.00 675044.00   2059.91 997911.02      0.00      0.00      0.00
03:53:29 PM      eth0  18294.00 676784.00   2072.09 1000502.42      0.00      0.00      0.00
03:53:30 PM      eth0  18151.00 687730.00   2055.89 1016684.41      0.00      0.00      0.00
03:53:31 PM      eth0  18016.00 672428.00   2040.71 994049.49      0.00      0.00      0.00
03:53:32 PM      eth0  18085.00 663845.00   2053.88 981310.83      0.00      0.00      0.00
03:53:33 PM      eth0  18781.00 697838.00   2137.18 1031584.58      0.00      0.00      0.00
03:53:34 PM      eth0  18031.00 677002.00   2042.30 1000808.61      0.00      0.00      0.00
03:53:35 PM      eth0  17552.00 654430.00   1988.26 967450.45      0.00      0.00      0.00
03:53:36 PM      eth0  17913.00 664887.00   2029.04 982899.15      0.00      0.00      0.00
03:53:37 PM      eth0  17760.00 662278.00   2014.10 979026.84      0.00      0.00      0.00
03:53:38 PM      eth0  17994.00 667449.00   2039.23 986670.95      0.00      0.00      0.00
03:53:39 PM      eth0  18002.00 660139.00   2039.07 975876.80      0.00      0.00      0.00
03:53:40 PM      eth0  19111.00 713476.00   2164.64 1054728.41      0.00      0.00      0.00
03:53:41 PM      eth0  17993.00 673126.00   2038.02 995068.89      0.00      0.00      0.00
03:53:42 PM      eth0  18202.00 690077.00   2061.73 1020145.74      0.00      0.00      0.00
03:53:43 PM      eth0  17511.00 648935.00   1983.39 959322.87      0.00      0.00      0.00
03:53:44 PM      eth0  17683.00 662204.00   2002.96 978941.46      0.00      0.00      0.00
03:53:45 PM      eth0  17653.00 657014.00   2000.73 971240.46      0.00      0.00      0.00
03:53:46 PM      eth0  17897.00 656128.00   2027.18 969952.74      0.00      0.00      0.00
03:53:47 PM      eth0  17364.00 633494.00   1966.74 936499.52      0.00      0.00      0.00
03:53:48 PM      eth0  17913.00 666654.00   2030.00 985497.67      0.00      0.00      0.00
03:53:49 PM      eth0  17858.00 656987.00   2022.76 971241.12      0.00      0.00      0.00
03:53:50 PM      eth0  18120.00 670413.00   2052.44 991076.22      0.00      0.00      0.00
03:53:51 PM      eth0  17559.00 651226.00   1988.83 962705.79      0.00      0.00      0.00
03:53:52 PM      eth0  18989.00 707906.00   2150.77 1046486.32      0.00      0.00      0.00
03:53:53 PM      eth0  18781.00 716819.00   2127.26 1059665.70      0.00      0.00      0.00
03:53:54 PM      eth0  18951.00 715120.00   2146.63 1057168.13      0.00      0.00      0.00
03:53:55 PM      eth0  18857.00 707930.00   2135.98 1046532.43      0.00      0.00      0.00
03:53:56 PM      eth0  18593.00 686302.00   2105.96 1014559.03      0.00      0.00      0.00
03:53:57 PM      eth0  18659.00 698888.00   2113.44 1033173.80      0.00      0.00      0.00
03:53:58 PM      eth0  18676.00 700388.00   2116.38 1035359.39      0.00      0.00      0.00
03:53:59 PM      eth0  18800.00 700718.00   2129.47 1035872.44      0.00      0.00      0.00
03:54:00 PM      eth0  18098.00 682510.00   2049.95 1008961.06      0.00      0.00      0.00
03:54:01 PM      eth0  17878.00 675058.00   2025.02 997948.06      0.00      0.00      0.00
03:54:02 PM      eth0  17979.00 674855.00   2036.41 997633.64      0.00      0.00      0.00
03:54:03 PM      eth0  18109.00 674172.00   2051.03 996626.22      0.00      0.00      0.00
03:54:04 PM      eth0  18247.00 681052.00   2066.71 1006803.09      0.00      0.00      0.00
03:54:05 PM      eth0  18177.00 674691.00   2058.84 997395.15      0.00      0.00      0.00
03:54:06 PM      eth0  18541.00 682791.00   2109.83 1009334.64      0.00      0.00      0.00
03:54:07 PM      eth0  18178.00 672297.00   2059.01 993859.94      0.00      0.00      0.00
03:54:08 PM      eth0  17940.00 675638.00   2033.00 998778.15      0.00      0.00      0.00
03:54:09 PM      eth0  18241.00 673838.00   2066.09 996142.17      0.00      0.00      0.00
03:54:10 PM      eth0  18341.00 684317.00   2077.58 1011620.27      0.00      0.00      0.00
03:54:11 PM      eth0  17937.00 671570.00   2031.73 992775.11      0.00      0.00      0.00
03:54:12 PM      eth0  18147.00 671906.00   2055.44 993276.79      0.00      0.00      0.00
03:54:13 PM      eth0  18233.00 672430.00   2065.13 994055.77      0.00      0.00      0.00
03:54:14 PM      eth0  18217.00 691164.00   2063.32 1021762.19      0.00      0.00      0.00
03:54:15 PM      eth0  18034.00 671283.00   2042.53 992353.94      0.00      0.00      0.00
03:54:16 PM      eth0  18202.00 674453.00   2061.67 997047.80      0.00      0.00      0.00
03:54:17 PM      eth0  18112.00 671761.00   2051.99 993065.31      0.00      0.00      0.00
03:54:18 PM      eth0  18141.00 684076.00   2055.78 1011261.47      0.00      0.00      0.00
03:54:19 PM      eth0  18116.00 668733.00   2052.39 988578.22      0.00      0.00      0.00
03:54:20 PM      eth0  17927.00 674401.00   2030.52 996968.30      0.00      0.00      0.00
03:54:21 PM      eth0  17778.00 673053.00   2013.64 994967.48      0.00      0.00      0.00
03:54:22 PM      eth0  18271.00 687594.00   2069.60 1016475.88      0.00      0.00      0.00
03:54:23 PM      eth0  18293.00 673263.00   2072.04 995286.93      0.00      0.00      0.00
03:54:24 PM      eth0  18163.00 674041.00   2057.36 996438.29      0.00      0.00      0.00
03:54:25 PM      eth0  18040.00 671111.00   2043.35 992103.55      0.00      0.00      0.00
03:54:26 PM      eth0  18496.00 682048.00   2095.85 1008273.19      0.00      0.00      0.00
03:54:27 PM      eth0  18357.00 678003.00   2079.23 1002295.91      0.00      0.00      0.00
03:54:28 PM      eth0  17970.00 672839.00   2037.26 994626.34      0.00      0.00      0.00
03:54:29 PM      eth0  18202.00 672987.00   2061.73 994892.14      0.00      0.00      0.00
03:54:30 PM      eth0  18753.00 700909.00   2124.15 1036154.45      0.00      0.00      0.00
03:54:31 PM      eth0  18511.00 702851.00   2096.73 1039031.24      0.00      0.00      0.00
03:54:32 PM      eth0  18349.00 680948.00   2078.38 1006642.69      0.00      0.00      0.00
03:54:33 PM      eth0  18310.00 669494.00   2081.15 989645.23      0.00      0.00      0.00
03:54:34 PM      eth0  18247.00 686219.00   2074.90 1014436.56      0.00      0.00      0.00
03:54:35 PM      eth0  17877.00 672717.00   2024.91 994476.38      0.00      0.00      0.00
03:54:36 PM      eth0  17721.00 676563.00   2007.24 1000153.38      0.00      0.00      0.00
03:54:37 PM      eth0  17664.00 675131.00   2000.67 998045.29      0.00      0.00      0.00
03:54:38 PM      eth0  18028.00 689420.00   2042.97 1019146.24      0.00      0.00      0.00
03:54:39 PM      eth0  17763.00 669647.00   2012.00 989932.28      0.00      0.00      0.00
03:54:40 PM      eth0  17968.00 673183.00   2035.27 995175.88      0.00      0.00      0.00
03:54:41 PM      eth0  17905.00 672640.00   2028.16 994353.69      0.00      0.00      0.00
03:54:42 PM      eth0  18201.00 676173.00   2061.56 999591.33      0.00      0.00      0.00
03:54:43 PM      eth0  18100.00 668475.00   2050.06 988205.25      0.00      0.00      0.00
03:54:44 PM      eth0  17944.00 671433.00   2032.45 992583.46      0.00      0.00      0.00
03:54:45 PM      eth0  17891.00 671852.00   2026.55 993210.27      0.00      0.00      0.00
03:54:46 PM      eth0  18145.00 677009.00   2055.32 1000822.61      0.00      0.00      0.00
03:54:47 PM      eth0  18115.00 668415.00   2053.12 988112.23      0.00      0.00      0.00
03:54:48 PM      eth0  17711.00 673520.00   2007.07 995652.63      0.00      0.00      0.00
03:54:49 PM      eth0  18592.00 701680.00   2105.80 1037290.30      0.00      0.00      0.00
03:54:50 PM      eth0  18436.00 690953.00   2088.18 1021434.06      0.00      0.00      0.00
03:54:51 PM      eth0  17941.00 671903.00   2032.16 993268.07      0.00      0.00      0.00
03:54:52 PM      eth0  17853.00 672461.00   2022.19 994102.12      0.00      0.00      0.00
03:54:53 PM      eth0  18535.00 697824.00   2099.45 1031591.95      0.00      0.00      0.00
03:54:54 PM      eth0  18391.00 691983.00   2083.14 1022952.95      0.00      0.00      0.00
03:54:55 PM      eth0  17983.00 674741.00   2036.92 997478.41      0.00      0.00      0.00
03:54:56 PM      eth0  18136.00 670957.00   2054.20 991882.68      0.00      0.00      0.00
03:54:57 PM      eth0  18086.00 673946.00   2048.59 996296.83      0.00      0.00      0.00
03:54:58 PM      eth0  17983.00 677676.00   2038.10 1001798.23      0.00      0.00      0.00
03:54:59 PM      eth0  17828.00 672396.00   2019.36 994017.35      0.00      0.00      0.00
03:55:00 PM      eth0  17680.00 674068.00   2002.48 996470.02      0.00      0.00      0.00
03:55:01 PM      eth0  17709.00 674025.00   2005.77 996419.61      0.00      0.00      0.00
03:55:02 PM      eth0  17987.00 683608.00   2037.37 1010583.66      0.00      0.00      0.00
03:55:03 PM      eth0  16073.00 597803.00   1822.93 883719.05      0.00      0.00      0.00
03:55:04 PM      eth0     82.00    102.00     22.28     40.71      0.00      0.00      0.00
03:55:05 PM      eth0     57.00     74.00     13.97     35.36      0.00      0.00      0.00
03:55:06 PM      eth0     91.00    119.00     20.70     53.35      0.00      0.00      0.00
03:55:07 PM      eth0     37.00     27.00     11.09      5.92      0.00      0.00      0.00
