vhost-1977 13.5
vhost-1977 14.8
vhost-1977 15.4
vhost-1977 15.4
vhost-1977 15.4
vhost-1977 15.4
vhost-1977 15.4
vhost-1977 15.7
vhost-1977 17.3
vhost-1977 17.3
vhost-1977 17.3
vhost-1977 17.3
vhost-1977 17.3
vhost-1977 17.3
vhost-1977 17.6
vhost-1977 26.9
vhost-1977 26.9
vhost-1977 26.9
vhost-1977 26.9
vhost-1977 26.9
vhost-1977 26.9
vhost-1977 28.3
vhost-1977 28.3
vhost-1977 28.8
vhost-1977 28.8
vhost-1977 28.8
vhost-1977 28.8
vhost-1977 28.8
vhost-1977 29.4
vhost-1977 29.4
vhost-1977 30.8
vhost-1977 30.8
vhost-1977 30.8
vhost-1977 30.8
vhost-1977 33.3
vhost-1977 34.6
