              total        used        free      shared  buff/cache   available
Mem:          48114        1077       38887        2393        8149       43353
Swap:         24191           0       24191
Total:        72306        1077       63079

              total        used        free      shared  buff/cache   available
Mem:          48114        1077       38901        2393        8135       43353
Swap:         24191           0       24191
Total:        72306        1077       63093

              total        used        free      shared  buff/cache   available
Mem:          48114        1078       38900        2393        8135       43352
Swap:         24191           0       24191
Total:        72306        1078       63092

              total        used        free      shared  buff/cache   available
Mem:          48114        1080       38898        2393        8135       43349
Swap:         24191           0       24191
Total:        72306        1080       63090

              total        used        free      shared  buff/cache   available
Mem:          48114        1080       38898        2393        8135       43350
Swap:         24191           0       24191
Total:        72306        1080       63090

              total        used        free      shared  buff/cache   available
Mem:          48114        1080       38898        2393        8135       43350
Swap:         24191           0       24191
Total:        72306        1080       63090

              total        used        free      shared  buff/cache   available
Mem:          48114        1078       38900        2393        8135       43352
Swap:         24191           0       24191
Total:        72306        1078       63092

              total        used        free      shared  buff/cache   available
Mem:          48114        1080       38897        2393        8135       43349
Swap:         24191           0       24191
Total:        72306        1080       63089

              total        used        free      shared  buff/cache   available
Mem:          48114        1080       38898        2393        8135       43350
Swap:         24191           0       24191
Total:        72306        1080       63090

              total        used        free      shared  buff/cache   available
Mem:          48114        1081       38897        2393        8135       43349
Swap:         24191           0       24191
Total:        72306        1081       63089

              total        used        free      shared  buff/cache   available
Mem:          48114        1080       38897        2393        8135       43350
Swap:         24191           0       24191
Total:        72306        1080       63089

              total        used        free      shared  buff/cache   available
Mem:          48114        1081       38897        2393        8135       43349
Swap:         24191           0       24191
Total:        72306        1081       63089

              total        used        free      shared  buff/cache   available
Mem:          48114        1080       38897        2393        8135       43349
Swap:         24191           0       24191
Total:        72306        1080       63089

              total        used        free      shared  buff/cache   available
Mem:          48114        1080       38897        2393        8135       43350
Swap:         24191           0       24191
Total:        72306        1080       63089

              total        used        free      shared  buff/cache   available
Mem:          48114        1079       38898        2393        8136       43350
Swap:         24191           0       24191
Total:        72306        1079       63090

              total        used        free      shared  buff/cache   available
Mem:          48114        1079       38899        2393        8135       43351
Swap:         24191           0       24191
Total:        72306        1079       63091

              total        used        free      shared  buff/cache   available
Mem:          48114        1079       38899        2393        8136       43351
Swap:         24191           0       24191
Total:        72306        1079       63091

              total        used        free      shared  buff/cache   available
Mem:          48114        1081       38897        2393        8136       43349
Swap:         24191           0       24191
Total:        72306        1081       63089

              total        used        free      shared  buff/cache   available
Mem:          48114        1080       38897        2393        8136       43350
Swap:         24191           0       24191
Total:        72306        1080       63089

              total        used        free      shared  buff/cache   available
Mem:          48114        1081       38896        2393        8136       43349
Swap:         24191           0       24191
Total:        72306        1081       63088

              total        used        free      shared  buff/cache   available
Mem:          48114        1081       38896        2393        8136       43349
Swap:         24191           0       24191
Total:        72306        1081       63088

              total        used        free      shared  buff/cache   available
Mem:          48114        1080       38897        2393        8136       43350
Swap:         24191           0       24191
Total:        72306        1080       63089

              total        used        free      shared  buff/cache   available
Mem:          48114        1080       38897        2393        8136       43350
Swap:         24191           0       24191
Total:        72306        1080       63089

              total        used        free      shared  buff/cache   available
Mem:          48114        1080       38896        2393        8136       43350
Swap:         24191           0       24191
Total:        72306        1080       63088

              total        used        free      shared  buff/cache   available
Mem:          48114        1079       38898        2393        8136       43351
Swap:         24191           0       24191
Total:        72306        1079       63090

              total        used        free      shared  buff/cache   available
Mem:          48114        1081       38896        2393        8136       43349
Swap:         24191           0       24191
Total:        72306        1081       63088

              total        used        free      shared  buff/cache   available
Mem:          48114        1080       38897        2393        8136       43350
Swap:         24191           0       24191
Total:        72306        1080       63089

              total        used        free      shared  buff/cache   available
Mem:          48114        1081       38895        2393        8136       43349
Swap:         24191           0       24191
Total:        72306        1081       63087

              total        used        free      shared  buff/cache   available
Mem:          48114        1081       38896        2393        8136       43349
Swap:         24191           0       24191
Total:        72306        1081       63088

              total        used        free      shared  buff/cache   available
Mem:          48114        1080       38896        2393        8136       43350
Swap:         24191           0       24191
Total:        72306        1080       63088

              total        used        free      shared  buff/cache   available
Mem:          48114        1079       38897        2393        8136       43351
Swap:         24191           0       24191
Total:        72306        1079       63089

              total        used        free      shared  buff/cache   available
Mem:          48114        1079       38897        2393        8136       43350
Swap:         24191           0       24191
Total:        72306        1079       63089

              total        used        free      shared  buff/cache   available
Mem:          48114        1079       38897        2393        8136       43351
Swap:         24191           0       24191
Total:        72306        1079       63089

              total        used        free      shared  buff/cache   available
Mem:          48114        1079       38898        2393        8137       43351
Swap:         24191           0       24191
Total:        72306        1079       63090

              total        used        free      shared  buff/cache   available
Mem:          48114        1089       38886        2393        8137       43341
Swap:         24191           0       24191
Total:        72306        1089       63078

              total        used        free      shared  buff/cache   available
Mem:          48114        1106       38870        2393        8137       43324
Swap:         24191           0       24191
Total:        72306        1106       63062

              total        used        free      shared  buff/cache   available
Mem:          48114        1103       38872        2393        8137       43326
Swap:         24191           0       24191
Total:        72306        1103       63064

              total        used        free      shared  buff/cache   available
Mem:          48114        1110       38865        2393        8138       43319
Swap:         24191           0       24191
Total:        72306        1110       63057

              total        used        free      shared  buff/cache   available
Mem:          48114        1107       38868        2393        8137       43323
Swap:         24191           0       24191
Total:        72306        1107       63060

              total        used        free      shared  buff/cache   available
Mem:          48114        1105       38870        2393        8138       43325
Swap:         24191           0       24191
Total:        72306        1105       63062

              total        used        free      shared  buff/cache   available
Mem:          48114        1110       38865        2393        8138       43319
Swap:         24191           0       24191
Total:        72306        1110       63057

              total        used        free      shared  buff/cache   available
Mem:          48114        1112       38863        2393        8138       43317
Swap:         24191           0       24191
Total:        72306        1112       63055

              total        used        free      shared  buff/cache   available
Mem:          48114        1112       38863        2393        8138       43317
Swap:         24191           0       24191
Total:        72306        1112       63055

              total        used        free      shared  buff/cache   available
Mem:          48114        1111       38864        2393        8138       43319
Swap:         24191           0       24191
Total:        72306        1111       63056

              total        used        free      shared  buff/cache   available
Mem:          48114        1111       38864        2393        8138       43318
Swap:         24191           0       24191
Total:        72306        1111       63056

              total        used        free      shared  buff/cache   available
Mem:          48114        1124       38851        2393        8138       43306
Swap:         24191           0       24191
Total:        72306        1124       63043

              total        used        free      shared  buff/cache   available
Mem:          48114        1256       38719        2393        8138       43173
Swap:         24191           0       24191
Total:        72306        1256       62911

              total        used        free      shared  buff/cache   available
Mem:          48114        1259       38716        2393        8138       43171
Swap:         24191           0       24191
Total:        72306        1259       62908

              total        used        free      shared  buff/cache   available
Mem:          48114        1303       38671        2393        8138       43126
Swap:         24191           0       24191
Total:        72306        1303       62863

              total        used        free      shared  buff/cache   available
Mem:          48114        1320       38655        2393        8138       43109
Swap:         24191           0       24191
Total:        72306        1320       62847

              total        used        free      shared  buff/cache   available
Mem:          48114        1340       38635        2393        8138       43090
Swap:         24191           0       24191
Total:        72306        1340       62827

              total        used        free      shared  buff/cache   available
Mem:          48114        1340       38635        2393        8138       43090
Swap:         24191           0       24191
Total:        72306        1340       62827

              total        used        free      shared  buff/cache   available
Mem:          48114        1355       38618        2393        8139       43074
Swap:         24191           0       24191
Total:        72306        1355       62810

              total        used        free      shared  buff/cache   available
Mem:          48114        1376       38598        2393        8139       43053
Swap:         24191           0       24191
Total:        72306        1376       62790

              total        used        free      shared  buff/cache   available
Mem:          48114        1365       38609        2393        8139       43064
Swap:         24191           0       24191
Total:        72306        1365       62801

              total        used        free      shared  buff/cache   available
Mem:          48114        1364       38609        2393        8139       43065
Swap:         24191           0       24191
Total:        72306        1364       62801

              total        used        free      shared  buff/cache   available
Mem:          48114        1370       38604        2393        8139       43059
Swap:         24191           0       24191
Total:        72306        1370       62796

              total        used        free      shared  buff/cache   available
Mem:          48114        1369       38605        2393        8139       43060
Swap:         24191           0       24191
Total:        72306        1369       62797

              total        used        free      shared  buff/cache   available
Mem:          48114        1368       38605        2393        8139       43061
Swap:         24191           0       24191
Total:        72306        1368       62797

              total        used        free      shared  buff/cache   available
Mem:          48114        1371       38603        2393        8139       43058
Swap:         24191           0       24191
Total:        72306        1371       62795

              total        used        free      shared  buff/cache   available
Mem:          48114        1369       38604        2393        8140       43060
Swap:         24191           0       24191
Total:        72306        1369       62796

              total        used        free      shared  buff/cache   available
Mem:          48114        1450       38523        2393        8140       42979
Swap:         24191           0       24191
Total:        72306        1450       62715

              total        used        free      shared  buff/cache   available
Mem:          48114        1512       38461        2393        8140       42917
Swap:         24191           0       24191
Total:        72306        1512       62653

              total        used        free      shared  buff/cache   available
Mem:          48114        1530       38442        2393        8140       42899
Swap:         24191           0       24191
Total:        72306        1530       62634

              total        used        free      shared  buff/cache   available
Mem:          48114        1557       38416        2393        8140       42872
Swap:         24191           0       24191
Total:        72306        1557       62608

              total        used        free      shared  buff/cache   available
Mem:          48114        1593       38380        2393        8140       42836
Swap:         24191           0       24191
Total:        72306        1593       62572

              total        used        free      shared  buff/cache   available
Mem:          48114        1593       38380        2393        8140       42836
Swap:         24191           0       24191
Total:        72306        1593       62572

              total        used        free      shared  buff/cache   available
Mem:          48114        1609       38363        2393        8141       42819
Swap:         24191           0       24191
Total:        72306        1609       62555

              total        used        free      shared  buff/cache   available
Mem:          48114        1625       38345        2393        8143       42804
Swap:         24191           0       24191
Total:        72306        1625       62537

              total        used        free      shared  buff/cache   available
Mem:          48114        1633       38337        2393        8143       42796
Swap:         24191           0       24191
Total:        72306        1633       62529

              total        used        free      shared  buff/cache   available
Mem:          48114        1627       38343        2393        8143       42802
Swap:         24191           0       24191
Total:        72306        1627       62535

              total        used        free      shared  buff/cache   available
Mem:          48114        1626       38344        2393        8143       42803
Swap:         24191           0       24191
Total:        72306        1626       62536

              total        used        free      shared  buff/cache   available
Mem:          48114        1631       38339        2393        8143       42798
Swap:         24191           0       24191
Total:        72306        1631       62531

              total        used        free      shared  buff/cache   available
Mem:          48114        1631       38340        2393        8143       42798
Swap:         24191           0       24191
Total:        72306        1631       62532

              total        used        free      shared  buff/cache   available
Mem:          48114        1631       38339        2393        8143       42798
Swap:         24191           0       24191
Total:        72306        1631       62531

              total        used        free      shared  buff/cache   available
Mem:          48114        1639       38331        2393        8143       42790
Swap:         24191           0       24191
Total:        72306        1639       62523

              total        used        free      shared  buff/cache   available
Mem:          48114        1652       38318        2393        8143       42778
Swap:         24191           0       24191
Total:        72306        1652       62510

              total        used        free      shared  buff/cache   available
Mem:          48114        1802       38168        2393        8143       42627
Swap:         24191           0       24191
Total:        72306        1802       62360

              total        used        free      shared  buff/cache   available
Mem:          48114        1800       38169        2393        8143       42629
Swap:         24191           0       24191
Total:        72306        1800       62361

              total        used        free      shared  buff/cache   available
Mem:          48114        1841       38129        2393        8143       42588
Swap:         24191           0       24191
Total:        72306        1841       62321

              total        used        free      shared  buff/cache   available
Mem:          48114        1853       38116        2393        8143       42576
Swap:         24191           0       24191
Total:        72306        1853       62308

              total        used        free      shared  buff/cache   available
Mem:          48114        1893       38077        2393        8143       42536
Swap:         24191           0       24191
Total:        72306        1893       62269

              total        used        free      shared  buff/cache   available
Mem:          48114        1894       38076        2393        8143       42536
Swap:         24191           0       24191
Total:        72306        1894       62268

              total        used        free      shared  buff/cache   available
Mem:          48114        1903       38067        2393        8143       42527
Swap:         24191           0       24191
Total:        72306        1903       62259

              total        used        free      shared  buff/cache   available
Mem:          48114        1898       38071        2393        8143       42531
Swap:         24191           0       24191
Total:        72306        1898       62263

              total        used        free      shared  buff/cache   available
Mem:          48114        1988       37981        2393        8143       42441
Swap:         24191           0       24191
Total:        72306        1988       62173

              total        used        free      shared  buff/cache   available
Mem:          48114        2051       37919        2393        8143       42378
Swap:         24191           0       24191
Total:        72306        2051       62111

              total        used        free      shared  buff/cache   available
Mem:          48114        2056       37913        2393        8143       42373
Swap:         24191           0       24191
Total:        72306        2056       62105

              total        used        free      shared  buff/cache   available
Mem:          48114        2095       37874        2393        8143       42334
Swap:         24191           0       24191
Total:        72306        2095       62066

              total        used        free      shared  buff/cache   available
Mem:          48114        2115       37855        2393        8144       42315
Swap:         24191           0       24191
Total:        72306        2115       62047

              total        used        free      shared  buff/cache   available
Mem:          48114        2133       37836        2393        8144       42296
Swap:         24191           0       24191
Total:        72306        2133       62028

              total        used        free      shared  buff/cache   available
Mem:          48114        2147       37822        2393        8145       42282
Swap:         24191           0       24191
Total:        72306        2147       62014

              total        used        free      shared  buff/cache   available
Mem:          48114        2150       37819        2393        8145       42279
Swap:         24191           0       24191
Total:        72306        2150       62011

              total        used        free      shared  buff/cache   available
Mem:          48114        2155       37813        2393        8145       42274
Swap:         24191           0       24191
Total:        72306        2155       62005

              total        used        free      shared  buff/cache   available
Mem:          48114        2150       37818        2393        8145       42279
Swap:         24191           0       24191
Total:        72306        2150       62010

              total        used        free      shared  buff/cache   available
Mem:          48114        2147       37821        2393        8145       42282
Swap:         24191           0       24191
Total:        72306        2147       62013

              total        used        free      shared  buff/cache   available
Mem:          48114        2151       37817        2393        8145       42277
Swap:         24191           0       24191
Total:        72306        2151       62009

              total        used        free      shared  buff/cache   available
Mem:          48114        2150       37817        2393        8145       42278
Swap:         24191           0       24191
Total:        72306        2150       62009

              total        used        free      shared  buff/cache   available
Mem:          48114        2149       37819        2393        8145       42280
Swap:         24191           0       24191
Total:        72306        2149       62011

              total        used        free      shared  buff/cache   available
Mem:          48114        2154       37814        2393        8145       42275
Swap:         24191           0       24191
Total:        72306        2154       62006

              total        used        free      shared  buff/cache   available
Mem:          48114        2149       37818        2393        8145       42279
Swap:         24191           0       24191
Total:        72306        2149       62010

              total        used        free      shared  buff/cache   available
Mem:          48114        2308       37659        2393        8145       42120
Swap:         24191           0       24191
Total:        72306        2308       61851

              total        used        free      shared  buff/cache   available
Mem:          48114        2309       37658        2393        8145       42119
Swap:         24191           0       24191
Total:        72306        2309       61850

              total        used        free      shared  buff/cache   available
Mem:          48114        2348       37619        2393        8145       42080
Swap:         24191           0       24191
Total:        72306        2348       61811

              total        used        free      shared  buff/cache   available
Mem:          48114        2360       37608        2393        8146       42069
Swap:         24191           0       24191
Total:        72306        2360       61800

              total        used        free      shared  buff/cache   available
Mem:          48114        2392       37575        2393        8146       42037
Swap:         24191           0       24191
Total:        72306        2392       61767

              total        used        free      shared  buff/cache   available
Mem:          48114        2391       37576        2393        8146       42038
Swap:         24191           0       24191
Total:        72306        2391       61768

              total        used        free      shared  buff/cache   available
Mem:          48114        2389       37578        2393        8145       42040
Swap:         24191           0       24191
Total:        72306        2389       61770

              total        used        free      shared  buff/cache   available
Mem:          48114        2389       37579        2393        8146       42040
Swap:         24191           0       24191
Total:        72306        2389       61771

              total        used        free      shared  buff/cache   available
Mem:          48114        2398       37570        2393        8146       42031
Swap:         24191           0       24191
Total:        72306        2398       61762

              total        used        free      shared  buff/cache   available
Mem:          48114        2397       37570        2393        8146       42031
Swap:         24191           0       24191
Total:        72306        2397       61762

              total        used        free      shared  buff/cache   available
Mem:          48114        2397       37570        2393        8146       42032
Swap:         24191           0       24191
Total:        72306        2397       61762

              total        used        free      shared  buff/cache   available
Mem:          48114        2398       37569        2393        8146       42031
Swap:         24191           0       24191
Total:        72306        2398       61761

              total        used        free      shared  buff/cache   available
Mem:          48114        2399       37568        2393        8146       42030
Swap:         24191           0       24191
Total:        72306        2399       61760

              total        used        free      shared  buff/cache   available
Mem:          48114        2398       37569        2393        8146       42031
Swap:         24191           0       24191
Total:        72306        2398       61761

              total        used        free      shared  buff/cache   available
Mem:          48114        2398       37569        2393        8146       42031
Swap:         24191           0       24191
Total:        72306        2398       61761

              total        used        free      shared  buff/cache   available
Mem:          48114        2397       37570        2393        8146       42032
Swap:         24191           0       24191
Total:        72306        2397       61762

              total        used        free      shared  buff/cache   available
Mem:          48114        2416       37550        2393        8146       42012
Swap:         24191           0       24191
Total:        72306        2416       61742

              total        used        free      shared  buff/cache   available
Mem:          48114        2417       37550        2393        8146       42012
Swap:         24191           0       24191
Total:        72306        2417       61742

              total        used        free      shared  buff/cache   available
Mem:          48114        2417       37549        2393        8146       42011
Swap:         24191           0       24191
Total:        72306        2417       61741

              total        used        free      shared  buff/cache   available
Mem:          48114        2417       37549        2393        8146       42012
Swap:         24191           0       24191
Total:        72306        2417       61741

              total        used        free      shared  buff/cache   available
Mem:          48114        2428       37538        2393        8146       42001
Swap:         24191           0       24191
Total:        72306        2428       61730

              total        used        free      shared  buff/cache   available
Mem:          48114        2427       37539        2393        8146       42002
Swap:         24191           0       24191
Total:        72306        2427       61731

              total        used        free      shared  buff/cache   available
Mem:          48114        2429       37537        2393        8147       42000
Swap:         24191           0       24191
Total:        72306        2429       61729

              total        used        free      shared  buff/cache   available
Mem:          48114        2436       37530        2393        8147       41993
Swap:         24191           0       24191
Total:        72306        2436       61722

              total        used        free      shared  buff/cache   available
Mem:          48114        2436       37530        2393        8147       41993
Swap:         24191           0       24191
Total:        72306        2436       61722

              total        used        free      shared  buff/cache   available
Mem:          48114        2436       37530        2393        8147       41993
Swap:         24191           0       24191
Total:        72306        2436       61722

              total        used        free      shared  buff/cache   available
Mem:          48114        2432       37533        2393        8147       41996
Swap:         24191           0       24191
Total:        72306        2432       61725

              total        used        free      shared  buff/cache   available
Mem:          48114        2422       37543        2393        8147       42006
Swap:         24191           0       24191
Total:        72306        2422       61735

              total        used        free      shared  buff/cache   available
Mem:          48114        2420       37545        2393        8147       42008
Swap:         24191           0       24191
Total:        72306        2420       61737

              total        used        free      shared  buff/cache   available
Mem:          48114        2421       37540        2393        8151       42007
Swap:         24191           0       24191
Total:        72306        2421       61732

              total        used        free      shared  buff/cache   available
Mem:          48114        2415       37546        2393        8152       42014
Swap:         24191           0       24191
Total:        72306        2415       61738

              total        used        free      shared  buff/cache   available
Mem:          48114        2415       37546        2393        8151       42014
Swap:         24191           0       24191
Total:        72306        2415       61738

              total        used        free      shared  buff/cache   available
Mem:          48114        2411       37550        2393        8152       42018
Swap:         24191           0       24191
Total:        72306        2411       61742

              total        used        free      shared  buff/cache   available
Mem:          48114        2408       37553        2393        8152       42021
Swap:         24191           0       24191
Total:        72306        2408       61745

              total        used        free      shared  buff/cache   available
Mem:          48114        2407       37554        2393        8152       42022
Swap:         24191           0       24191
Total:        72306        2407       61746

              total        used        free      shared  buff/cache   available
Mem:          48114        2417       37544        2393        8152       42011
Swap:         24191           0       24191
Total:        72306        2417       61736

              total        used        free      shared  buff/cache   available
Mem:          48114        2427       37534        2393        8152       42002
Swap:         24191           0       24191
Total:        72306        2427       61726

              total        used        free      shared  buff/cache   available
Mem:          48114        2423       37538        2393        8152       42006
Swap:         24191           0       24191
Total:        72306        2423       61730

              total        used        free      shared  buff/cache   available
Mem:          48114        2422       37539        2393        8152       42007
Swap:         24191           0       24191
Total:        72306        2422       61731

              total        used        free      shared  buff/cache   available
Mem:          48114        2422       37539        2393        8152       42007
Swap:         24191           0       24191
Total:        72306        2422       61731

              total        used        free      shared  buff/cache   available
Mem:          48114        2421       37540        2393        8152       42008
Swap:         24191           0       24191
Total:        72306        2421       61732

              total        used        free      shared  buff/cache   available
Mem:          48114        2420       37540        2393        8152       42009
Swap:         24191           0       24191
Total:        72306        2420       61732

              total        used        free      shared  buff/cache   available
Mem:          48114        2419       37542        2393        8152       42010
Swap:         24191           0       24191
Total:        72306        2419       61734

              total        used        free      shared  buff/cache   available
Mem:          48114        2417       37544        2393        8152       42012
Swap:         24191           0       24191
Total:        72306        2417       61736

              total        used        free      shared  buff/cache   available
Mem:          48114        2416       37545        2393        8152       42013
Swap:         24191           0       24191
Total:        72306        2416       61737

              total        used        free      shared  buff/cache   available
Mem:          48114        2416       37545        2393        8152       42013
Swap:         24191           0       24191
Total:        72306        2416       61737

              total        used        free      shared  buff/cache   available
Mem:          48114        2399       37561        2393        8152       42030
Swap:         24191           0       24191
Total:        72306        2399       61753

              total        used        free      shared  buff/cache   available
Mem:          48114        2398       37563        2393        8152       42031
Swap:         24191           0       24191
Total:        72306        2398       61755

              total        used        free      shared  buff/cache   available
Mem:          48114        2399       37562        2393        8152       42030
Swap:         24191           0       24191
Total:        72306        2399       61754

              total        used        free      shared  buff/cache   available
Mem:          48114        2398       37563        2393        8152       42031
Swap:         24191           0       24191
Total:        72306        2398       61755

              total        used        free      shared  buff/cache   available
Mem:          48114        2396       37565        2393        8152       42034
Swap:         24191           0       24191
Total:        72306        2396       61757

              total        used        free      shared  buff/cache   available
Mem:          48114        2395       37566        2393        8152       42034
Swap:         24191           0       24191
Total:        72306        2395       61758

              total        used        free      shared  buff/cache   available
Mem:          48114        2399       37562        2393        8152       42031
Swap:         24191           0       24191
Total:        72306        2399       61754

              total        used        free      shared  buff/cache   available
Mem:          48114        2399       37562        2393        8152       42031
Swap:         24191           0       24191
Total:        72306        2399       61754

              total        used        free      shared  buff/cache   available
Mem:          48114        2399       37561        2393        8153       42030
Swap:         24191           0       24191
Total:        72306        2399       61753

              total        used        free      shared  buff/cache   available
Mem:          48114        2398       37562        2393        8153       42031
Swap:         24191           0       24191
Total:        72306        2398       61754

              total        used        free      shared  buff/cache   available
Mem:          48114        2397       37563        2393        8153       42032
Swap:         24191           0       24191
Total:        72306        2397       61755

              total        used        free      shared  buff/cache   available
Mem:          48114        2397       37563        2393        8153       42032
Swap:         24191           0       24191
Total:        72306        2397       61755

              total        used        free      shared  buff/cache   available
Mem:          48114        2398       37562        2393        8153       42031
Swap:         24191           0       24191
Total:        72306        2398       61754

              total        used        free      shared  buff/cache   available
Mem:          48114        2398       37562        2393        8153       42032
Swap:         24191           0       24191
Total:        72306        2398       61754

              total        used        free      shared  buff/cache   available
Mem:          48114        2397       37562        2393        8153       42032
Swap:         24191           0       24191
Total:        72306        2397       61754

              total        used        free      shared  buff/cache   available
Mem:          48114        2397       37563        2393        8153       42032
Swap:         24191           0       24191
Total:        72306        2397       61755

              total        used        free      shared  buff/cache   available
Mem:          48114        2395       37565        2393        8153       42034
Swap:         24191           0       24191
Total:        72306        2395       61757

              total        used        free      shared  buff/cache   available
Mem:          48114        2394       37565        2393        8153       42035
Swap:         24191           0       24191
Total:        72306        2394       61757

              total        used        free      shared  buff/cache   available
Mem:          48114        2394       37565        2393        8153       42035
Swap:         24191           0       24191
Total:        72306        2394       61757

              total        used        free      shared  buff/cache   available
Mem:          48114        2396       37563        2393        8153       42033
Swap:         24191           0       24191
Total:        72306        2396       61755

              total        used        free      shared  buff/cache   available
Mem:          48114        2396       37564        2393        8153       42034
Swap:         24191           0       24191
Total:        72306        2396       61756

              total        used        free      shared  buff/cache   available
Mem:          48114        2395       37564        2393        8153       42034
Swap:         24191           0       24191
Total:        72306        2395       61756

              total        used        free      shared  buff/cache   available
Mem:          48114        2395       37564        2393        8153       42034
Swap:         24191           0       24191
Total:        72306        2395       61756

              total        used        free      shared  buff/cache   available
Mem:          48114        2395       37564        2393        8153       42034
Swap:         24191           0       24191
Total:        72306        2395       61756

              total        used        free      shared  buff/cache   available
Mem:          48114        2394       37565        2393        8154       42035
Swap:         24191           0       24191
Total:        72306        2394       61757

              total        used        free      shared  buff/cache   available
Mem:          48114        2391       37569        2393        8154       42039
Swap:         24191           0       24191
Total:        72306        2391       61761

              total        used        free      shared  buff/cache   available
Mem:          48114        2390       37569        2393        8154       42039
Swap:         24191           0       24191
Total:        72306        2390       61761

              total        used        free      shared  buff/cache   available
Mem:          48114        2390       37569        2393        8154       42039
Swap:         24191           0       24191
Total:        72306        2390       61761

              total        used        free      shared  buff/cache   available
Mem:          48114        2389       37569        2393        8154       42040
Swap:         24191           0       24191
Total:        72306        2389       61761

              total        used        free      shared  buff/cache   available
Mem:          48114        2389       37570        2393        8154       42040
Swap:         24191           0       24191
Total:        72306        2389       61762

              total        used        free      shared  buff/cache   available
Mem:          48114        2390       37568        2393        8154       42039
Swap:         24191           0       24191
Total:        72306        2390       61760

              total        used        free      shared  buff/cache   available
Mem:          48114        2390       37569        2393        8154       42039
Swap:         24191           0       24191
Total:        72306        2390       61761

              total        used        free      shared  buff/cache   available
Mem:          48114        2389       37570        2393        8154       42040
Swap:         24191           0       24191
Total:        72306        2389       61762

              total        used        free      shared  buff/cache   available
Mem:          48114        2391       37567        2393        8154       42038
Swap:         24191           0       24191
Total:        72306        2391       61759

              total        used        free      shared  buff/cache   available
Mem:          48114        2400       37558        2393        8154       42029
Swap:         24191           0       24191
Total:        72306        2400       61750

              total        used        free      shared  buff/cache   available
Mem:          48114        2405       37554        2393        8154       42025
Swap:         24191           0       24191
Total:        72306        2405       61746

              total        used        free      shared  buff/cache   available
Mem:          48114        2405       37553        2393        8154       42024
Swap:         24191           0       24191
Total:        72306        2405       61745

              total        used        free      shared  buff/cache   available
Mem:          48114        2404       37555        2393        8154       42026
Swap:         24191           0       24191
Total:        72306        2404       61747

              total        used        free      shared  buff/cache   available
Mem:          48114        2406       37553        2393        8154       42024
Swap:         24191           0       24191
Total:        72306        2406       61745

              total        used        free      shared  buff/cache   available
Mem:          48114        2404       37554        2393        8154       42026
Swap:         24191           0       24191
Total:        72306        2404       61746

              total        used        free      shared  buff/cache   available
Mem:          48114        2402       37556        2393        8155       42027
Swap:         24191           0       24191
Total:        72306        2402       61748

              total        used        free      shared  buff/cache   available
Mem:          48114        2402       37556        2393        8155       42027
Swap:         24191           0       24191
Total:        72306        2402       61748

              total        used        free      shared  buff/cache   available
Mem:          48114        2404       37555        2393        8155       42026
Swap:         24191           0       24191
Total:        72306        2404       61747

              total        used        free      shared  buff/cache   available
Mem:          48114        2403       37555        2393        8155       42026
Swap:         24191           0       24191
Total:        72306        2403       61747

              total        used        free      shared  buff/cache   available
Mem:          48114        2403       37555        2393        8155       42026
Swap:         24191           0       24191
Total:        72306        2403       61747

              total        used        free      shared  buff/cache   available
Mem:          48114        2409       37549        2393        8155       42020
Swap:         24191           0       24191
Total:        72306        2409       61741

              total        used        free      shared  buff/cache   available
Mem:          48114        2406       37552        2393        8155       42023
Swap:         24191           0       24191
Total:        72306        2406       61743

              total        used        free      shared  buff/cache   available
Mem:          48114        2400       37558        2393        8155       42030
Swap:         24191           0       24191
Total:        72306        2400       61750

              total        used        free      shared  buff/cache   available
Mem:          48114        2398       37559        2393        8155       42031
Swap:         24191           0       24191
Total:        72306        2398       61751

              total        used        free      shared  buff/cache   available
Mem:          48114        2397       37561        2393        8155       42032
Swap:         24191           0       24191
Total:        72306        2397       61753

              total        used        free      shared  buff/cache   available
Mem:          48114        2396       37561        2393        8155       42033
Swap:         24191           0       24191
Total:        72306        2396       61753

              total        used        free      shared  buff/cache   available
Mem:          48114        2400       37558        2393        8155       42030
Swap:         24191           0       24191
Total:        72306        2400       61750

              total        used        free      shared  buff/cache   available
Mem:          48114        2402       37555        2393        8155       42027
Swap:         24191           0       24191
Total:        72306        2402       61747

              total        used        free      shared  buff/cache   available
Mem:          48114        2400       37557        2393        8156       42029
Swap:         24191           0       24191
Total:        72306        2400       61749

              total        used        free      shared  buff/cache   available
Mem:          48114        2401       37556        2393        8156       42028
Swap:         24191           0       24191
Total:        72306        2401       61748

              total        used        free      shared  buff/cache   available
Mem:          48114        2401       37556        2393        8156       42028
Swap:         24191           0       24191
Total:        72306        2401       61748

              total        used        free      shared  buff/cache   available
Mem:          48114        2401       37556        2393        8156       42029
Swap:         24191           0       24191
Total:        72306        2401       61748

              total        used        free      shared  buff/cache   available
Mem:          48114        2398       37559        2393        8156       42031
Swap:         24191           0       24191
Total:        72306        2398       61751

              total        used        free      shared  buff/cache   available
Mem:          48114        2402       37555        2393        8156       42027
Swap:         24191           0       24191
Total:        72306        2402       61747

              total        used        free      shared  buff/cache   available
Mem:          48114        2404       37553        2393        8156       42026
Swap:         24191           0       24191
Total:        72306        2404       61745

              total        used        free      shared  buff/cache   available
Mem:          48114        2407       37550        2393        8156       42023
Swap:         24191           0       24191
Total:        72306        2407       61742

              total        used        free      shared  buff/cache   available
Mem:          48114        2403       37553        2393        8156       42026
Swap:         24191           0       24191
Total:        72306        2403       61745

              total        used        free      shared  buff/cache   available
Mem:          48114        2405       37552        2393        8156       42025
Swap:         24191           0       24191
Total:        72306        2405       61744

              total        used        free      shared  buff/cache   available
Mem:          48114        2403       37554        2393        8156       42026
Swap:         24191           0       24191
Total:        72306        2403       61746

              total        used        free      shared  buff/cache   available
Mem:          48114        2403       37553        2393        8156       42026
Swap:         24191           0       24191
Total:        72306        2403       61745

              total        used        free      shared  buff/cache   available
Mem:          48114        2401       37555        2393        8156       42028
Swap:         24191           0       24191
Total:        72306        2401       61747

              total        used        free      shared  buff/cache   available
Mem:          48114        2402       37554        2393        8156       42027
Swap:         24191           0       24191
Total:        72306        2402       61746

              total        used        free      shared  buff/cache   available
Mem:          48114        2403       37554        2393        8156       42027
Swap:         24191           0       24191
Total:        72306        2403       61746

              total        used        free      shared  buff/cache   available
Mem:          48114        2402       37554        2393        8156       42028
Swap:         24191           0       24191
Total:        72306        2402       61746

              total        used        free      shared  buff/cache   available
Mem:          48114        2403       37553        2393        8156       42026
Swap:         24191           0       24191
Total:        72306        2403       61745

              total        used        free      shared  buff/cache   available
Mem:          48114        2404       37552        2393        8157       42026
Swap:         24191           0       24191
Total:        72306        2404       61744

              total        used        free      shared  buff/cache   available
Mem:          48114        2402       37554        2393        8157       42028
Swap:         24191           0       24191
Total:        72306        2402       61746

              total        used        free      shared  buff/cache   available
Mem:          48114        2403       37553        2393        8157       42026
Swap:         24191           0       24191
Total:        72306        2403       61745

              total        used        free      shared  buff/cache   available
Mem:          48114        2402       37554        2393        8157       42028
Swap:         24191           0       24191
Total:        72306        2402       61746

              total        used        free      shared  buff/cache   available
Mem:          48114        2404       37552        2393        8157       42026
Swap:         24191           0       24191
Total:        72306        2404       61744

              total        used        free      shared  buff/cache   available
Mem:          48114        2402       37554        2393        8157       42027
Swap:         24191           0       24191
Total:        72306        2402       61746

              total        used        free      shared  buff/cache   available
Mem:          48114        2400       37556        2393        8157       42030
Swap:         24191           0       24191
Total:        72306        2400       61748

              total        used        free      shared  buff/cache   available
Mem:          48114        2399       37556        2393        8157       42030
Swap:         24191           0       24191
Total:        72306        2399       61748

              total        used        free      shared  buff/cache   available
Mem:          48114        2398       37557        2393        8157       42031
Swap:         24191           0       24191
Total:        72306        2398       61749

              total        used        free      shared  buff/cache   available
Mem:          48114        2396       37559        2393        8157       42033
Swap:         24191           0       24191
Total:        72306        2396       61751

              total        used        free      shared  buff/cache   available
Mem:          48114        2396       37560        2393        8157       42034
Swap:         24191           0       24191
Total:        72306        2396       61752

              total        used        free      shared  buff/cache   available
Mem:          48114        2395       37561        2393        8158       42035
Swap:         24191           0       24191
Total:        72306        2395       61753

              total        used        free      shared  buff/cache   available
Mem:          48114        2394       37561        2393        8158       42035
Swap:         24191           0       24191
Total:        72306        2394       61753

              total        used        free      shared  buff/cache   available
Mem:          48114        2393       37562        2393        8158       42037
Swap:         24191           0       24191
Total:        72306        2393       61754

              total        used        free      shared  buff/cache   available
Mem:          48114        2396       37559        2393        8158       42034
Swap:         24191           0       24191
Total:        72306        2396       61751

              total        used        free      shared  buff/cache   available
Mem:          48114        2394       37561        2393        8158       42035
Swap:         24191           0       24191
Total:        72306        2394       61753

              total        used        free      shared  buff/cache   available
Mem:          48114        2396       37558        2393        8158       42033
Swap:         24191           0       24191
Total:        72306        2396       61750

              total        used        free      shared  buff/cache   available
Mem:          48114        2396       37559        2393        8158       42034
Swap:         24191           0       24191
Total:        72306        2396       61751

              total        used        free      shared  buff/cache   available
Mem:          48114        2396       37559        2393        8158       42033
Swap:         24191           0       24191
Total:        72306        2396       61751

              total        used        free      shared  buff/cache   available
Mem:          48114        2395       37559        2393        8158       42034
Swap:         24191           0       24191
Total:        72306        2395       61751

              total        used        free      shared  buff/cache   available
Mem:          48114        2395       37560        2393        8158       42034
Swap:         24191           0       24191
Total:        72306        2395       61752

              total        used        free      shared  buff/cache   available
Mem:          48114        2394       37561        2393        8158       42035
Swap:         24191           0       24191
Total:        72306        2394       61753

              total        used        free      shared  buff/cache   available
Mem:          48114        2396       37559        2393        8158       42034
Swap:         24191           0       24191
Total:        72306        2396       61751

              total        used        free      shared  buff/cache   available
Mem:          48114        2394       37560        2393        8158       42035
Swap:         24191           0       24191
Total:        72306        2394       61752

              total        used        free      shared  buff/cache   available
Mem:          48114        2395       37559        2393        8158       42034
Swap:         24191           0       24191
Total:        72306        2395       61751

              total        used        free      shared  buff/cache   available
Mem:          48114        2397       37557        2393        8159       42032
Swap:         24191           0       24191
Total:        72306        2397       61749

              total        used        free      shared  buff/cache   available
Mem:          48114        2398       37556        2393        8159       42031
Swap:         24191           0       24191
Total:        72306        2398       61748

              total        used        free      shared  buff/cache   available
Mem:          48114        2398       37556        2393        8159       42031
Swap:         24191           0       24191
Total:        72306        2398       61748

              total        used        free      shared  buff/cache   available
Mem:          48114        2398       37556        2393        8159       42031
Swap:         24191           0       24191
Total:        72306        2398       61748

              total        used        free      shared  buff/cache   available
Mem:          48114        2397       37557        2393        8159       42032
Swap:         24191           0       24191
Total:        72306        2397       61749

              total        used        free      shared  buff/cache   available
Mem:          48114        2399       37555        2393        8159       42030
Swap:         24191           0       24191
Total:        72306        2399       61747

              total        used        free      shared  buff/cache   available
Mem:          48114        2402       37552        2393        8159       42027
Swap:         24191           0       24191
Total:        72306        2402       61744

              total        used        free      shared  buff/cache   available
Mem:          48114        2403       37551        2393        8159       42027
Swap:         24191           0       24191
Total:        72306        2403       61743

              total        used        free      shared  buff/cache   available
Mem:          48114        2400       37553        2393        8159       42029
Swap:         24191           0       24191
Total:        72306        2400       61745

              total        used        free      shared  buff/cache   available
Mem:          48114        2401       37553        2393        8159       42029
Swap:         24191           0       24191
Total:        72306        2401       61745

              total        used        free      shared  buff/cache   available
Mem:          48114        2399       37555        2393        8159       42030
Swap:         24191           0       24191
Total:        72306        2399       61747

              total        used        free      shared  buff/cache   available
Mem:          48114        2400       37553        2393        8159       42029
Swap:         24191           0       24191
Total:        72306        2400       61745

              total        used        free      shared  buff/cache   available
Mem:          48114        2400       37553        2393        8160       42029
Swap:         24191           0       24191
Total:        72306        2400       61745

              total        used        free      shared  buff/cache   available
Mem:          48114        2397       37556        2393        8160       42032
Swap:         24191           0       24191
Total:        72306        2397       61748

              total        used        free      shared  buff/cache   available
Mem:          48114        2399       37555        2393        8160       42031
Swap:         24191           0       24191
Total:        72306        2399       61747

              total        used        free      shared  buff/cache   available
Mem:          48114        2398       37555        2393        8160       42031
Swap:         24191           0       24191
Total:        72306        2398       61747

              total        used        free      shared  buff/cache   available
Mem:          48114        2397       37556        2393        8160       42032
Swap:         24191           0       24191
Total:        72306        2397       61748

              total        used        free      shared  buff/cache   available
Mem:          48114        2394       37558        2393        8160       42035
Swap:         24191           0       24191
Total:        72306        2394       61750

              total        used        free      shared  buff/cache   available
Mem:          48114        2394       37559        2393        8160       42035
Swap:         24191           0       24191
Total:        72306        2394       61751

              total        used        free      shared  buff/cache   available
Mem:          48114        2395       37558        2393        8160       42034
Swap:         24191           0       24191
Total:        72306        2395       61750

              total        used        free      shared  buff/cache   available
Mem:          48114        2394       37558        2393        8160       42035
Swap:         24191           0       24191
Total:        72306        2394       61750

              total        used        free      shared  buff/cache   available
Mem:          48114        2392       37561        2393        8160       42037
Swap:         24191           0       24191
Total:        72306        2392       61753

              total        used        free      shared  buff/cache   available
Mem:          48114        2390       37563        2393        8160       42039
Swap:         24191           0       24191
Total:        72306        2390       61755

              total        used        free      shared  buff/cache   available
Mem:          48114        2391       37562        2393        8160       42039
Swap:         24191           0       24191
Total:        72306        2391       61754

              total        used        free      shared  buff/cache   available
Mem:          48114        2391       37562        2393        8160       42039
Swap:         24191           0       24191
Total:        72306        2391       61754

              total        used        free      shared  buff/cache   available
Mem:          48114        2391       37562        2393        8160       42038
Swap:         24191           0       24191
Total:        72306        2391       61754

              total        used        free      shared  buff/cache   available
Mem:          48114        2390       37562        2393        8160       42039
Swap:         24191           0       24191
Total:        72306        2390       61754

              total        used        free      shared  buff/cache   available
Mem:          48114        2391       37562        2393        8160       42039
Swap:         24191           0       24191
Total:        72306        2391       61754

              total        used        free      shared  buff/cache   available
Mem:          48114        2390       37563        2393        8161       42040
Swap:         24191           0       24191
Total:        72306        2390       61755

              total        used        free      shared  buff/cache   available
Mem:          48114        2391       37561        2393        8161       42038
Swap:         24191           0       24191
Total:        72306        2391       61753

              total        used        free      shared  buff/cache   available
Mem:          48114        2391       37561        2393        8161       42038
Swap:         24191           0       24191
Total:        72306        2391       61753

              total        used        free      shared  buff/cache   available
Mem:          48114        1871       38082        2393        8160       42559
Swap:         24191           0       24191
Total:        72306        1871       62274

              total        used        free      shared  buff/cache   available
Mem:          48114        1368       38587        2393        8158       43062
Swap:         24191           0       24191
Total:        72306        1368       62779

              total        used        free      shared  buff/cache   available
Mem:          48114        1097       38861        2393        8155       43333
Swap:         24191           0       24191
Total:        72306        1097       63053

              total        used        free      shared  buff/cache   available
Mem:          48114        1096       38862        2393        8155       43333
Swap:         24191           0       24191
Total:        72306        1096       63054

              total        used        free      shared  buff/cache   available
Mem:          48114        1101       38857        2393        8155       43329
Swap:         24191           0       24191
Total:        72306        1101       63049

              total        used        free      shared  buff/cache   available
Mem:          48114        1096       38861        2393        8155       43333
Swap:         24191           0       24191
Total:        72306        1096       63053

              total        used        free      shared  buff/cache   available
Mem:          48114        1100       38858        2393        8155       43330
Swap:         24191           0       24191
Total:        72306        1100       63050

              total        used        free      shared  buff/cache   available
Mem:          48114        1097       38860        2393        8155       43332
Swap:         24191           0       24191
Total:        72306        1097       63052

              total        used        free      shared  buff/cache   available
Mem:          48114        1099       38859        2393        8155       43331
Swap:         24191           0       24191
Total:        72306        1099       63051

              total        used        free      shared  buff/cache   available
Mem:          48114        1093       38864        2393        8155       43336
Swap:         24191           0       24191
Total:        72306        1093       63056

              total        used        free      shared  buff/cache   available
Mem:          48114        1098       38860        2393        8155       43332
Swap:         24191           0       24191
Total:        72306        1098       63052

              total        used        free      shared  buff/cache   available
Mem:          48114        1091       38866        2393        8156       43338
Swap:         24191           0       24191
Total:        72306        1091       63058

              total        used        free      shared  buff/cache   available
Mem:          48114        1093       38863        2393        8157       43335
Swap:         24191           0       24191
Total:        72306        1093       63055

              total        used        free      shared  buff/cache   available
Mem:          48114        1093       38864        2393        8156       43337
Swap:         24191           0       24191
Total:        72306        1093       63056

              total        used        free      shared  buff/cache   available
Mem:          48114        1100       38856        2393        8157       43329
Swap:         24191           0       24191
Total:        72306        1100       63048
