08:45:14 PM      eth0     14.00     12.00      2.27      2.97      0.00      0.00      0.00
08:45:15 PM      eth0     16.00     11.00      3.97      2.82      0.00      0.00      0.00
08:45:16 PM      eth0      3.00      0.00      0.18      0.00      0.00      0.00      0.00
08:45:17 PM      eth0      7.00      0.00      0.55      0.00      0.00      0.00      0.00
08:45:18 PM      eth0     11.00      3.00      3.78      0.39      0.00      0.00      0.00
08:45:19 PM      eth0     22.00     12.00     11.36      1.37      0.00      0.00      0.00
08:45:20 PM      eth0     24.00     14.00     13.14      1.59      0.00      0.00      0.00
08:45:21 PM      eth0     65.00     69.00     23.03     26.03      0.00      0.00      0.00
08:45:22 PM      eth0     12.00      0.00      1.76      0.00      0.00      0.00      0.00
08:45:23 PM      eth0      9.00      0.00      0.80      0.00      0.00      0.00      1.00
08:45:24 PM      eth0     34.00     20.00     11.08      3.98      0.00      0.00      0.00
08:45:25 PM      eth0     13.00      0.00      0.82      0.00      0.00      0.00      0.00
08:45:26 PM      eth0     12.00      1.00      1.64      0.16      0.00      0.00      0.00
08:45:27 PM      eth0      8.00      0.00      0.53      0.00      0.00      0.00      1.00
08:45:28 PM      eth0      8.00      1.00      1.40      0.16      0.00      0.00      0.00
08:45:29 PM      eth0      7.00      0.00      0.74      0.00      0.00      0.00      0.00
08:45:30 PM      eth0      7.00      1.00      1.80      0.16      0.00      0.00      1.00
08:45:31 PM      eth0      6.00      0.00      0.41      0.00      0.00      0.00      0.00
08:45:32 PM      eth0      8.00      1.00      1.40      0.16      0.00      0.00      0.00
08:45:33 PM      eth0      9.00      0.00      0.80      0.00      0.00      0.00      0.00
08:45:34 PM      eth0     15.00     11.00      2.45      2.90      0.00      0.00      1.00
08:45:35 PM      eth0     11.00      1.00      1.74      0.16      0.00      0.00      0.00
08:45:36 PM      eth0      6.00      0.00      0.35      0.00      0.00      0.00      0.00
08:45:37 PM      eth0     14.00      1.00      2.03      0.16      0.00      0.00      0.00
08:45:38 PM      eth0      7.00      1.00      0.47      0.04      0.00      0.00      0.00
08:45:39 PM      eth0      7.00      0.00      0.68      0.00      0.00      0.00      0.00
08:45:40 PM      eth0     13.00      9.00      2.21      2.41      0.00      0.00      0.00
08:45:41 PM      eth0      7.00      0.00      0.53      0.00      0.00      0.00      0.00
08:45:42 PM      eth0      5.00      0.00      0.29      0.00      0.00      0.00      0.00
08:45:43 PM      eth0      7.00      0.00      0.80      0.00      0.00      0.00      0.00
08:45:44 PM      eth0     14.00     11.00      2.27      2.90      0.00      0.00      0.00
08:45:45 PM      eth0      6.00      0.00      0.41      0.00      0.00      0.00      0.00
08:45:46 PM      eth0    108.00    139.00     38.33     69.75      0.00      0.00      0.00
08:45:47 PM      eth0    104.00    122.00     38.48     54.38      0.00      0.00      0.00
08:45:48 PM      eth0 48734267360.00 69136473543.00 51443319692.30 97958943948.95      0.00      0.00 105191.00
08:45:49 PM      eth0     45.00     44.00     10.47     13.84      0.00      0.00      0.00
08:45:50 PM      eth0     17.00     11.00      4.37      2.34      0.00      0.00      0.00
08:45:51 PM      eth0     22.00     21.00      4.12      4.74      0.00      0.00      0.00
08:45:52 PM      eth0      3.00      0.00      0.18      0.00      0.00      0.00      0.00
08:45:53 PM      eth0     43.00     55.00     15.62     21.64      0.00      0.00      0.00
08:45:54 PM      eth0     51.00     60.00     12.83     26.10      0.00      0.00      0.00
08:45:55 PM      eth0      5.00      0.00      0.29      0.00      0.00      0.00      0.00
08:45:56 PM      eth0      5.00      0.00      0.37      0.00      0.00      0.00      0.00
08:45:57 PM      eth0      8.00      7.00      1.77      0.87      0.00      0.00      0.00
08:45:58 PM      eth0     21.00     13.00      5.24      2.42      0.00      0.00      0.00
08:45:59 PM      eth0      7.00      0.00      0.96      0.00      0.00      0.00      0.00
08:46:00 PM      eth0     13.00      0.00      1.12      0.00      0.00      0.00      0.00
08:46:01 PM      eth0      5.00      0.00      0.29      0.00      0.00      0.00      0.00
08:46:02 PM      eth0      5.00      0.00      0.35      0.00      0.00      0.00      0.00
08:46:03 PM      eth0     37.00     41.00     13.79     11.36      0.00      0.00      0.00
08:46:04 PM      eth0    144.00    194.00     51.23     92.85      0.00      0.00      0.00
08:46:05 PM      eth0 48734267861.00 69136474087.00 51443319842.69 97958944163.03      0.00      0.00 105191.00
08:46:06 PM      eth0     49.00     60.00     14.01     16.95      0.00      0.00      0.00
08:46:07 PM      eth0     32.00     37.00      8.04      7.86      0.00      0.00      0.00
08:46:08 PM      eth0      8.00      4.00      0.59      0.40      0.00      0.00      0.00
08:46:09 PM      eth0     31.00     30.00     11.31     14.21      0.00      0.00      0.00
08:46:10 PM      eth0     62.00     80.00     16.20     32.58      0.00      0.00      0.00
08:46:11 PM      eth0      5.00      6.00      0.29      0.70      0.00      0.00      0.00
08:46:12 PM      eth0     16.00     12.00      6.52      2.55      0.00      0.00      0.00
08:46:13 PM      eth0      9.00      1.00      1.29      0.13      0.00      0.00      0.00
08:46:14 PM      eth0     14.00     14.00      2.36      3.26      0.00      0.00      0.00
08:46:15 PM      eth0      6.00      6.00      0.49      0.70      0.00      0.00      0.00
08:46:16 PM      eth0     15.00     10.00      2.58      2.65      0.00      0.00      0.00
08:46:17 PM      eth0     10.00      0.00      1.21      0.00      0.00      0.00      0.00
08:46:18 PM      eth0      9.00      0.00      1.62      0.00      0.00      0.00      0.00
08:46:19 PM      eth0     89.00    114.00     32.33     54.10      0.00      0.00      0.00
08:46:20 PM      eth0 48734268337.00 69136474620.00 51443319989.23 97958944371.70      0.00      0.00 105191.00
08:46:21 PM      eth0     82.00     95.00     30.98     34.07      0.00      0.00      0.00
08:46:22 PM      eth0     52.00     56.00     14.50     16.40      0.00      0.00      0.00
08:46:23 PM      eth0    227.00    346.00     40.64    166.47      0.00      0.00      0.00
08:46:24 PM      eth0     15.00     23.00      3.03      5.88      0.00      0.00      0.00
08:46:25 PM      eth0     81.00    104.00     25.57     44.57      0.00      0.00      0.00
08:46:26 PM      eth0      9.00     15.00      0.59      1.59      0.00      0.00      0.00
08:46:27 PM      eth0    159.00    210.00     55.97    100.40      0.00      0.00      0.00
08:46:28 PM      eth0 48734269022.00 69136475539.00 51443320186.87 97958944768.09      0.00      0.00 105191.00
08:46:29 PM      eth0     39.00     42.00     10.09     13.71      0.00      0.00      0.00
08:46:30 PM      eth0     15.00     17.00      4.35      3.04      0.00      0.00      0.00
08:46:31 PM      eth0     25.00     28.00      4.37      5.62      0.00      0.00      0.00
08:46:32 PM      eth0      6.00      0.00      0.35      0.00      0.00      0.00      0.00
08:46:33 PM      eth0     84.00    103.00     26.48     44.59      0.00      0.00      0.00
08:46:34 PM      eth0     15.00     14.00      2.36      3.26      0.00      0.00      0.00
08:46:35 PM      eth0      8.00      2.00      1.68      0.20      0.00      0.00      0.00
08:46:36 PM      eth0     18.00     12.00      7.86      2.53      0.00      0.00      0.00
08:46:37 PM      eth0      7.00     18.00      1.11      3.70      0.00      0.00      0.00
08:46:38 PM      eth0      5.00      9.00      0.57      0.97      0.00      0.00      0.00
08:46:39 PM      eth0      8.00      4.00      0.59      0.40      0.00      0.00      0.00
08:46:40 PM      eth0     10.00      8.00      0.87      2.25      0.00      0.00      0.00
08:46:41 PM      eth0      8.00      0.00      0.53      0.00      0.00      0.00      0.00
08:46:42 PM      eth0     42.00     45.00     18.53     16.85      0.00      0.00      0.00
08:46:43 PM      eth0    162.00    217.00     55.81    107.59      0.00      0.00      0.00
08:46:44 PM      eth0     30.00     29.00     10.81      6.30      0.00      0.00      0.00
08:46:45 PM      eth0     47.00     50.00     10.91     14.62      0.00      0.00      0.00
08:46:46 PM      eth0     18.00     17.00      4.48      3.04      0.00      0.00      0.00
08:46:47 PM      eth0     23.00     26.00      4.45      5.52      0.00      0.00      0.00
08:46:48 PM      eth0      6.00      9.00      1.05      2.57      0.00      0.00      0.00
08:46:49 PM      eth0     79.00    103.00     25.67     44.50      0.00      0.00      0.00
08:46:50 PM      eth0      5.00      9.00      0.29      1.05      0.00      0.00      0.00
08:46:51 PM      eth0     11.00      5.00      2.38      0.56      0.00      0.00      0.00
08:46:52 PM      eth0     18.00     12.00      9.99      2.58      0.00      0.00      0.00
08:46:53 PM      eth0      9.00      0.00      1.29      0.00      0.00      0.00      0.00
08:46:54 PM      eth0     14.00     20.00      2.36      3.96      0.00      0.00      0.00
08:46:55 PM      eth0      8.00      0.00      0.80      0.00      0.00      0.00      0.00
08:46:56 PM      eth0     10.00      1.00      1.17      0.13      0.00      0.00      0.00
08:46:57 PM      eth0     12.00      0.00      1.12      0.00      0.00      0.00      0.00
08:46:58 PM      eth0      8.00      0.00      0.53      0.00      0.00      0.00      0.00
08:46:59 PM      eth0      9.00      0.00      0.59      0.00      0.00      0.00      0.00
08:47:00 PM      eth0     14.00      3.00      0.82      0.41      0.00      0.00      0.00
08:47:01 PM      eth0     85.00     77.00     41.00     28.47      0.00      0.00      0.00
08:47:02 PM      eth0     57.00     40.00     18.33     11.75      0.00      0.00      0.00
08:47:03 PM      eth0     41.00     29.00      6.91      8.27      0.00      0.00      0.00
08:47:04 PM      eth0     76.00     77.00     29.11     19.16      0.00      0.00      0.00
08:47:05 PM      eth0     40.00     44.00      9.44     10.14      0.00      0.00      0.00
08:47:06 PM      eth0     12.00      8.00      1.21      2.00      0.00      0.00      0.00
08:47:07 PM      eth0      6.00      0.00      0.35      0.00      0.00      0.00      0.00
08:47:08 PM      eth0      5.00      0.00      0.29      0.00      0.00      0.00      0.00
08:47:09 PM      eth0     25.00     19.00     11.76      5.09      0.00      0.00      0.00
08:47:10 PM      eth0     14.00     12.00      1.48      2.73      0.00      0.00      0.00
08:47:11 PM      eth0      4.00      0.00      0.23      0.00      0.00      0.00      0.00
08:47:12 PM      eth0      7.00      0.00      0.47      0.00      0.00      0.00      0.00
08:47:13 PM      eth0      6.00      0.00      0.43      0.00      0.00      0.00      0.00
08:47:14 PM      eth0     15.00     11.00      2.39      2.90      0.00      0.00      0.00
08:47:15 PM      eth0      5.00      1.00      0.29      0.04      0.00      0.00      0.00
08:47:16 PM      eth0      5.00      0.00      0.57      0.00      0.00      0.00      0.00
08:47:17 PM      eth0      6.00      0.00      0.63      0.00      0.00      0.00      0.00
08:47:18 PM      eth0     16.00     10.00      2.64      2.65      0.00      0.00      0.00
08:47:19 PM      eth0      6.00      0.00      0.63      0.00      0.00      0.00      0.00
08:47:20 PM      eth0      5.00      0.00      0.29      0.00      0.00      0.00      0.00
08:47:21 PM      eth0      6.00      0.00      0.87      0.00      0.00      0.00      0.00
08:47:22 PM      eth0      5.00      0.00      0.81      0.00      0.00      0.00      0.00
08:47:23 PM      eth0     53.00     60.00     23.44     17.78      0.00      0.00      0.00
08:47:24 PM      eth0     47.00     58.00     17.42     23.50      0.00      0.00      0.00
08:47:25 PM      eth0      5.00      0.00      0.57      0.00      0.00      0.00      0.00
08:47:26 PM      eth0      5.00      0.00      0.57      0.00      0.00      0.00      0.00
08:47:27 PM      eth0      5.00      0.00      0.29      0.00      0.00      0.00      0.00
08:47:28 PM      eth0      5.00      0.00      0.29      0.00      0.00      0.00      0.00
08:47:29 PM      eth0      5.00      0.00      0.57      0.00      0.00      0.00      0.00
08:47:30 PM      eth0      4.00      0.00      0.23      0.00      0.00      0.00      0.00
08:47:31 PM      eth0      5.00      0.00      0.29      0.00      0.00      0.00      0.00
08:47:32 PM      eth0      5.00      0.00      0.29      0.00      0.00      0.00      0.00
08:47:33 PM      eth0      5.00      0.00      0.29      0.00      0.00      0.00      0.00
08:47:34 PM      eth0     11.00     11.00      2.10      2.90      0.00      0.00      0.00
08:47:35 PM      eth0      2.97      0.00      0.17      0.00      0.00      0.00      0.00
08:47:36 PM      eth0      4.00      0.00      0.23      0.00      0.00      0.00      0.00
08:47:37 PM      eth0      4.00      0.00      0.23      0.00      0.00      0.00      0.00
08:47:38 PM      eth0      5.00      0.00      0.29      0.00      0.00      0.00      0.00
08:47:39 PM      eth0      4.00      0.00      0.23      0.00      0.00      0.00      0.00
08:47:40 PM      eth0      9.00      8.00      0.82      2.25      0.00      0.00      0.00
08:47:41 PM      eth0      4.00      0.00      0.23      0.00      0.00      0.00      0.00
08:47:42 PM      eth0      5.00      0.00      0.57      0.00      0.00      0.00      0.00
08:47:43 PM      eth0      5.00      0.00      0.29      0.00      0.00      0.00      0.00
08:47:44 PM      eth0     14.00     11.00      2.27      2.90      0.00      0.00      0.00
08:47:45 PM      eth0      4.00      0.00      0.23      0.00      0.00      0.00      0.00
08:47:46 PM      eth0      3.00      0.00      0.18      0.00      0.00      0.00      0.00
08:47:47 PM      eth0      3.00      0.00      0.18      0.00      0.00      0.00      0.00
08:47:48 PM      eth0      5.00      0.00      0.29      0.00      0.00      0.00      0.00
08:47:49 PM      eth0      5.00      0.00      0.57      0.00      0.00      0.00      0.00
08:47:50 PM      eth0      5.00      0.00      0.29      0.00      0.00      0.00      0.00
08:47:51 PM      eth0      5.00      0.00      0.29      0.00      0.00      0.00      0.00
08:47:52 PM      eth0      5.00      0.00      0.29      0.00      0.00      0.00      0.00
08:47:53 PM      eth0      6.00      0.00      0.87      0.00      0.00      0.00      0.00
08:47:54 PM      eth0     16.00     11.00      2.91      2.90      0.00      0.00      0.00
08:47:55 PM      eth0      7.00      0.00      0.93      0.00      0.00      0.00      0.00
08:47:56 PM      eth0      7.00      0.00      0.69      0.00      0.00      0.00      0.00
08:47:57 PM      eth0      3.00      0.00      0.18      0.00      0.00      0.00      0.00
08:47:58 PM      eth0      5.00      0.00      0.29      0.00      0.00      0.00      0.00
08:47:59 PM      eth0      5.00      0.00      0.29      0.00      0.00      0.00      0.00
08:48:00 PM      eth0      5.00      0.00      0.29      0.00      0.00      0.00      0.00
08:48:01 PM      eth0      5.00      0.00      0.29      0.00      0.00      0.00      0.00
08:48:02 PM      eth0      5.00      0.00      0.29      0.00      0.00      0.00      0.00
08:48:03 PM      eth0      5.00      0.00      0.29      0.00      0.00      0.00      0.00
08:48:04 PM      eth0     37.00     41.00     13.56     11.67      0.00      0.00      0.00
08:48:05 PM      eth0      5.00      0.00      0.29      0.00      0.00      0.00      0.00
08:48:06 PM      eth0     23.00     19.00      5.56      4.61      0.00      0.00      0.00
08:48:07 PM      eth0     15.00      5.00      1.90      1.64      0.00      0.00      0.00
08:48:08 PM      eth0     45.00     40.00     11.69      9.84      0.00      0.00      0.00
08:48:09 PM      eth0     43.00     41.00     11.58      9.96      0.00      0.00      0.00
08:48:10 PM      eth0     71.00     72.00     18.22     17.49      0.00      0.00      0.00
08:48:11 PM      eth0     36.00     33.00     10.68      8.66      0.00      0.00      0.00
08:48:12 PM      eth0     29.00     27.00      6.81      6.02      0.00      0.00      0.00
08:48:13 PM      eth0 303025.00  21369.00 447967.85   2420.75      0.00      0.00      0.00
08:48:14 PM      eth0 405050.00  35705.00 598757.59   4089.95      0.00      0.00      0.00
08:48:15 PM      eth0 406693.00  32626.00 601183.68   3695.91      0.00      0.00      0.00
08:48:16 PM      eth0 406303.00  32728.00 600609.81   3707.47      0.00      0.00      0.00
08:48:17 PM      eth0 406237.00  32678.00 600509.24   3701.80      0.00      0.00      0.00
08:48:18 PM      eth0 406586.00  32691.00 601015.15   3704.80      0.00      0.00      0.00
08:48:19 PM      eth0 406050.00  32530.00 600235.56   3685.04      0.00      0.00      0.00
08:48:20 PM      eth0 406714.00  32523.00 601218.36   3684.25      0.00      0.00      0.00
08:48:21 PM      eth0 406164.00  32355.00 600411.60   3665.21      0.00      0.00      0.00
08:48:22 PM      eth0 406708.00  32644.00 601212.35   3697.95      0.00      0.00      0.00
08:48:23 PM      eth0 406174.00  32830.00 600419.98   3719.02      0.00      0.00      0.00
08:48:24 PM      eth0 363171.00  26316.00 536845.65   2982.77      0.00      0.00      0.00
08:48:25 PM      eth0 361711.00  25841.00 534616.58   2952.12      0.00      0.00      0.00
08:48:26 PM      eth0 361079.00  25717.00 533754.33   2914.78      0.00      0.00      0.00
08:48:27 PM      eth0 361191.00  25859.00 533931.73   2929.34      0.00      0.00      0.00
08:48:28 PM      eth0 361566.00  25901.00 534480.73   2934.10      0.00      0.00      0.00
08:48:29 PM      eth0 360821.00  25832.00 533381.73   2926.28      0.00      0.00      0.00
08:48:30 PM      eth0 361523.00  25823.00 534404.91   2925.26      0.00      0.00      0.00
08:48:31 PM      eth0 361191.00  25650.00 533913.11   2905.66      0.00      0.00      0.00
08:48:32 PM      eth0 361445.00  25759.00 534283.90   2918.01      0.00      0.00      0.00
08:48:33 PM      eth0 361297.00  25793.00 534061.36   2921.86      0.00      0.00      0.00
08:48:34 PM      eth0 325637.00  21509.00 481355.17   2438.22      0.00      0.00      0.00
08:48:35 PM      eth0 324233.00  21362.00 479295.99   2419.91      0.00      0.00      0.00
08:48:36 PM      eth0 324402.00  21446.00 479535.01   2429.33      0.00      0.00      0.00
08:48:37 PM      eth0 323933.00  21077.00 478828.90   2387.63      0.00      0.00      0.00
08:48:38 PM      eth0 324723.00  21475.00 479991.46   2432.69      0.00      0.00      0.00
08:48:39 PM      eth0 324768.00  21062.00 480061.67   2385.91      0.00      0.00      0.00
08:48:40 PM      eth0 324335.00  21231.00 479412.20   2406.42      0.00      0.00      0.00
08:48:41 PM      eth0 324766.00  21396.00 480056.10   2423.77      0.00      0.00      0.00
08:48:42 PM      eth0 324508.00  21246.00 479675.30   2406.77      0.00      0.00      0.00
08:48:43 PM      eth0 324113.00  21420.00 479092.35   2426.44      0.00      0.00      0.00
08:48:44 PM      eth0 324412.00  21190.00 479528.35   2402.09      0.00      0.00      0.00
08:48:45 PM      eth0 324256.00  21198.00 479307.97   2401.34      0.00      0.00      0.00
08:48:46 PM      eth0 324228.00  21382.00 479263.55   2422.18      0.00      0.00      0.00
08:48:47 PM      eth0 324645.00  21400.00 479881.61   2424.22      0.00      0.00      0.00
08:48:48 PM      eth0 323295.00  21280.00 477884.13   2410.62      0.00      0.00      0.00
08:48:49 PM      eth0 324478.00  21277.00 479633.81   2410.29      0.00      0.00      0.00
08:48:50 PM      eth0 324738.00  21284.00 480014.46   2411.08      0.00      0.00      0.00
08:48:51 PM      eth0 324601.00  21284.00 479814.35   2411.05      0.00      0.00      0.00
08:48:52 PM      eth0 324119.00  21196.00 479103.81   2401.11      0.00      0.00      0.00
08:48:53 PM      eth0 324585.00  21291.00 479787.90   2411.87      0.00      0.00      0.00
08:48:54 PM      eth0 361509.00  29042.00 534404.34   3348.94      0.00      0.00      1.00
08:48:55 PM      eth0 361219.00  26242.00 533991.70   2972.73      0.00      0.00      0.00
08:48:56 PM      eth0 361216.00  26220.00 533983.83   2970.19      0.00      0.00      0.00
08:48:57 PM      eth0 361423.00  26198.00 534287.32   2967.70      0.00      0.00      0.00
08:48:58 PM      eth0 361099.00  26044.00 533810.11   2950.30      0.00      0.00      0.00
08:48:59 PM      eth0 361385.00  26267.00 534233.39   2975.56      0.00      0.00      0.00
08:49:00 PM      eth0 361336.00  26269.00 534157.72   2975.71      0.00      0.00      0.00
08:49:01 PM      eth0 361292.00  26331.00 534096.39   2982.81      0.00      0.00      0.00
08:49:02 PM      eth0 361389.00  26227.00 534238.22   2971.03      0.00      0.00      0.00
08:49:03 PM      eth0 361216.00  26232.00 533981.05   2971.59      0.00      0.00      0.00
08:49:04 PM      eth0 361150.00  26256.00 533870.58   2975.92      0.00      0.00      0.00
08:49:05 PM      eth0 361448.00  26304.00 534296.77   2985.14      0.00      0.00      0.00
08:49:06 PM      eth0 361161.00  26263.00 533904.53   2975.11      0.00      0.00      0.00
08:49:07 PM      eth0 361429.00  26320.00 534298.15   2981.56      0.00      0.00      0.00
08:49:08 PM      eth0 361223.00  26411.00 533993.17   2991.87      0.00      0.00      0.00
08:49:09 PM      eth0 361203.00  26491.00 533963.55   3000.93      0.00      0.00      0.00
08:49:10 PM      eth0 361390.00  26452.00 534235.40   2997.86      0.00      0.00      0.00
08:49:11 PM      eth0 361106.00  26168.00 533819.65   2964.34      0.00      0.00      0.00
08:49:12 PM      eth0 361468.00  26443.00 534344.30   2998.43      0.00      0.00      0.00
08:49:13 PM      eth0 361175.00  26466.00 533922.53   2998.08      0.00      0.00      0.00
08:49:14 PM      eth0 361124.00  26432.00 533834.60   2995.91      0.00      0.00      0.00
08:49:15 PM      eth0 361463.00  26334.00 534329.12   2983.12      0.00      0.00      0.00
08:49:16 PM      eth0 361124.00  26638.00 533786.95   3017.59      0.00      0.00      0.00
08:49:17 PM      eth0 361390.00  26425.00 534180.85   2993.46      0.00      0.00      0.00
08:49:18 PM      eth0 361326.00  26442.00 534085.52   2995.38      0.00      0.00      0.00
08:49:19 PM      eth0 361149.00  26538.00 533827.18   3006.26      0.00      0.00      0.00
08:49:20 PM      eth0 361545.00  26395.00 534400.78   2991.58      0.00      0.00      0.00
08:49:21 PM      eth0 361073.00  26210.00 533715.24   2969.10      0.00      0.00      0.00
08:49:22 PM      eth0 361452.00  26486.00 534261.00   3001.98      0.00      0.00      0.00
08:49:23 PM      eth0 361222.00  26490.00 533934.98   3000.82      0.00      0.00      0.00
08:49:24 PM      eth0 403223.00  29418.00 596005.62   3334.17      0.00      0.00      0.00
08:49:25 PM      eth0 406447.00  29684.00 600783.92   3362.57      0.00      0.00      0.00
08:49:26 PM      eth0 406553.00  29817.00 600941.31   3377.71      0.00      0.00      0.00
08:49:27 PM      eth0 407039.00  29854.00 601604.43   3393.00      0.00      0.00      0.00
08:49:28 PM      eth0 406519.00  29674.00 600848.62   3376.70      0.00      0.00      0.00
08:49:29 PM      eth0 406326.00  29941.00 600607.33   3391.75      0.00      0.00      0.00
08:49:30 PM      eth0 406680.00  29845.00 601129.81   3380.83      0.00      0.00      0.00
08:49:31 PM      eth0 406150.00  29707.00 600340.43   3365.22      0.00      0.00      0.00
08:49:32 PM      eth0 406528.00  30045.00 600901.24   3403.51      0.00      0.00      0.00
08:49:33 PM      eth0 406102.00  29521.00 600275.37   3344.18      0.00      0.00      0.00
08:49:34 PM      eth0 406415.00  29864.00 600724.15   3384.69      0.00      0.00      0.00
08:49:35 PM      eth0 406456.00  29741.00 600793.82   3369.10      0.00      0.00      0.00
08:49:36 PM      eth0 406517.00  30109.00 600889.69   3410.79      0.00      0.00      0.00
08:49:37 PM      eth0 406373.00  30162.00 600674.05   3416.79      0.00      0.00      0.00
08:49:38 PM      eth0 406567.00  29782.00 600955.72   3373.74      0.00      0.00      0.00
08:49:39 PM      eth0 406433.00  29795.00 600761.05   3375.21      0.00      0.00      0.00
08:49:40 PM      eth0 406545.00  29608.00 600917.97   3355.37      0.00      0.00      0.00
08:49:41 PM      eth0 406464.00  29934.00 600808.05   3390.91      0.00      0.00      0.00
08:49:42 PM      eth0 406408.00  29862.00 600726.61   3382.78      0.00      0.00      0.00
08:49:43 PM      eth0  91766.00   6601.00 135628.47    747.72      0.00      0.00      0.00
08:49:44 PM      eth0     25.00     17.00      9.67      3.88      0.00      0.00      0.00
08:49:45 PM      eth0     13.00      4.00      5.27      0.65      0.00      0.00      0.00
08:49:46 PM      eth0    187.00    225.00     79.01     89.00      0.00      0.00      0.00
08:49:47 PM      eth0    266.00    355.00     88.16    156.66      0.00      0.00      0.00
08:49:48 PM      eth0    254.00    330.00     62.22    151.56      0.00      0.00      0.00
08:49:49 PM      eth0    290.00    405.00     65.42    187.38      0.00      0.00      0.00
08:49:50 PM      eth0      5.00      0.00      0.29      0.00      0.00      0.00      0.00
08:49:51 PM      eth0     13.00      4.00      5.27      0.65      0.00      0.00      0.00
08:49:52 PM      eth0     16.00      7.00      7.69      1.02      0.00      0.00      0.00
08:49:53 PM      eth0      9.00      3.00      3.91      0.49      0.00      0.00      0.00
08:49:54 PM      eth0     18.00     14.00      5.88      3.39      0.00      0.00      0.00
08:49:55 PM      eth0     10.00      3.00      3.96      0.49      0.00      0.00      0.00
08:49:56 PM      eth0      6.00      1.00      1.48      0.16      0.00      0.00      0.00
08:49:57 PM      eth0     16.00      6.00      6.24      0.98      0.00      0.00      0.00
08:49:58 PM      eth0     41.00     18.00     21.15      2.94      0.00      0.00      0.00
08:49:59 PM      eth0     16.00      6.00      7.63      0.98      0.00      0.00      0.00
08:50:00 PM      eth0     17.00     13.00      3.95      2.91      0.00      0.00      0.00
