              total        used        free      shared  buff/cache   available
Mem:          48114        3747       27814        2402       16553       41098
Swap:         24191           0       24191
Total:        72306        3747       52006

              total        used        free      shared  buff/cache   available
Mem:          48114        3747       27813        2402       16553       41098
Swap:         24191           0       24191
Total:        72306        3747       52005

              total        used        free      shared  buff/cache   available
Mem:          48114        3744       27816        2402       16553       41101
Swap:         24191           0       24191
Total:        72306        3744       52008

              total        used        free      shared  buff/cache   available
Mem:          48114        3743       27817        2402       16553       41102
Swap:         24191           0       24191
Total:        72306        3743       52009

              total        used        free      shared  buff/cache   available
Mem:          48114        3742       27817        2402       16553       41102
Swap:         24191           0       24191
Total:        72306        3743       52009

              total        used        free      shared  buff/cache   available
Mem:          48114        3743       27817        2402       16553       41102
Swap:         24191           0       24191
Total:        72306        3743       52009

              total        used        free      shared  buff/cache   available
Mem:          48114        3744       27816        2402       16553       41101
Swap:         24191           0       24191
Total:        72306        3744       52008

              total        used        free      shared  buff/cache   available
Mem:          48114        3744       27816        2402       16553       41101
Swap:         24191           0       24191
Total:        72306        3744       52008

              total        used        free      shared  buff/cache   available
Mem:          48114        3750       27809        2402       16553       41094
Swap:         24191           0       24191
Total:        72306        3751       52001

              total        used        free      shared  buff/cache   available
Mem:          48114        3758       27801        2402       16554       41087
Swap:         24191           0       24191
Total:        72306        3758       51993

              total        used        free      shared  buff/cache   available
Mem:          48114        3757       27802        2402       16554       41088
Swap:         24191           0       24191
Total:        72306        3757       51994

              total        used        free      shared  buff/cache   available
Mem:          48114        3753       27805        2402       16554       41091
Swap:         24191           0       24191
Total:        72306        3753       51997

              total        used        free      shared  buff/cache   available
Mem:          48114        3757       27801        2402       16555       41087
Swap:         24191           0       24191
Total:        72306        3757       51993

              total        used        free      shared  buff/cache   available
Mem:          48114        3751       27807        2402       16555       41093
Swap:         24191           0       24191
Total:        72306        3751       51999

              total        used        free      shared  buff/cache   available
Mem:          48114        3755       27803        2402       16554       41089
Swap:         24191           0       24191
Total:        72306        3755       51995

              total        used        free      shared  buff/cache   available
Mem:          48114        3754       27804        2402       16554       41090
Swap:         24191           0       24191
Total:        72306        3754       51996

              total        used        free      shared  buff/cache   available
Mem:          48114        3749       27809        2402       16554       41096
Swap:         24191           0       24191
Total:        72306        3749       52001

              total        used        free      shared  buff/cache   available
Mem:          48114        3752       27806        2402       16554       41093
Swap:         24191           0       24191
Total:        72306        3752       51998

              total        used        free      shared  buff/cache   available
Mem:          48114        3756       27802        2402       16554       41088
Swap:         24191           0       24191
Total:        72306        3756       51994

              total        used        free      shared  buff/cache   available
Mem:          48114        3754       27804        2402       16555       41090
Swap:         24191           0       24191
Total:        72306        3754       51996

              total        used        free      shared  buff/cache   available
Mem:          48114        3759       27799        2402       16555       41086
Swap:         24191           0       24191
Total:        72306        3759       51991

              total        used        free      shared  buff/cache   available
Mem:          48114        3759       27799        2402       16555       41086
Swap:         24191           0       24191
Total:        72306        3759       51991

              total        used        free      shared  buff/cache   available
Mem:          48114        3757       27801        2402       16555       41088
Swap:         24191           0       24191
Total:        72306        3757       51993

              total        used        free      shared  buff/cache   available
Mem:          48114        3757       27800        2402       16555       41087
Swap:         24191           0       24191
Total:        72306        3757       51992

              total        used        free      shared  buff/cache   available
Mem:          48114        3760       27798        2402       16555       41085
Swap:         24191           0       24191
Total:        72306        3760       51990

              total        used        free      shared  buff/cache   available
Mem:          48114        3759       27798        2402       16555       41085
Swap:         24191           0       24191
Total:        72306        3759       51990

              total        used        free      shared  buff/cache   available
Mem:          48114        3761       27797        2402       16555       41084
Swap:         24191           0       24191
Total:        72306        3761       51989

              total        used        free      shared  buff/cache   available
Mem:          48114        3762       27795        2402       16555       41082
Swap:         24191           0       24191
Total:        72306        3762       51987

              total        used        free      shared  buff/cache   available
Mem:          48114        3760       27797        2402       16555       41085
Swap:         24191           0       24191
Total:        72306        3760       51989

              total        used        free      shared  buff/cache   available
Mem:          48114        3757       27800        2402       16556       41087
Swap:         24191           0       24191
Total:        72306        3757       51992

              total        used        free      shared  buff/cache   available
Mem:          48114        3758       27799        2402       16556       41086
Swap:         24191           0       24191
Total:        72306        3758       51991

              total        used        free      shared  buff/cache   available
Mem:          48114        3759       27798        2402       16556       41085
Swap:         24191           0       24191
Total:        72306        3759       51990

              total        used        free      shared  buff/cache   available
Mem:          48114        3761       27796        2402       16556       41084
Swap:         24191           0       24191
Total:        72306        3761       51988

              total        used        free      shared  buff/cache   available
Mem:          48114        3761       27795        2402       16556       41083
Swap:         24191           0       24191
Total:        72306        3761       51987

              total        used        free      shared  buff/cache   available
Mem:          48114        3760       27796        2402       16556       41084
Swap:         24191           0       24191
Total:        72306        3760       51988

              total        used        free      shared  buff/cache   available
Mem:          48114        3764       27793        2402       16556       41081
Swap:         24191           0       24191
Total:        72306        3764       51984

              total        used        free      shared  buff/cache   available
Mem:          48114        3766       27790        2402       16557       41078
Swap:         24191           0       24191
Total:        72306        3767       51982

              total        used        free      shared  buff/cache   available
Mem:          48114        3768       27788        2402       16557       41076
Swap:         24191           0       24191
Total:        72306        3768       51980

              total        used        free      shared  buff/cache   available
Mem:          48114        3771       27785        2402       16557       41073
Swap:         24191           0       24191
Total:        72306        3771       51977

              total        used        free      shared  buff/cache   available
Mem:          48114        3770       27786        2402       16557       41075
Swap:         24191           0       24191
Total:        72306        3770       51978

              total        used        free      shared  buff/cache   available
Mem:          48114        3771       27785        2402       16557       41073
Swap:         24191           0       24191
Total:        72306        3771       51977

              total        used        free      shared  buff/cache   available
Mem:          48114        3769       27787        2402       16557       41075
Swap:         24191           0       24191
Total:        72306        3769       51979

              total        used        free      shared  buff/cache   available
Mem:          48114        3770       27786        2402       16557       41074
Swap:         24191           0       24191
Total:        72306        3770       51978

              total        used        free      shared  buff/cache   available
Mem:          48114        3768       27787        2402       16557       41076
Swap:         24191           0       24191
Total:        72306        3768       51979

              total        used        free      shared  buff/cache   available
Mem:          48114        3769       27786        2402       16558       41075
Swap:         24191           0       24191
Total:        72306        3769       51978

              total        used        free      shared  buff/cache   available
Mem:          48114        3771       27784        2402       16558       41073
Swap:         24191           0       24191
Total:        72306        3771       51976

              total        used        free      shared  buff/cache   available
Mem:          48114        3779       27776        2402       16558       41065
Swap:         24191           0       24191
Total:        72306        3779       51968

              total        used        free      shared  buff/cache   available
Mem:          48114        3780       27775        2402       16558       41065
Swap:         24191           0       24191
Total:        72306        3780       51967

              total        used        free      shared  buff/cache   available
Mem:          48114        3780       27775        2402       16558       41064
Swap:         24191           0       24191
Total:        72306        3780       51967

              total        used        free      shared  buff/cache   available
Mem:          48114        3779       27776        2402       16558       41065
Swap:         24191           0       24191
Total:        72306        3779       51968

              total        used        free      shared  buff/cache   available
Mem:          48114        3779       27775        2402       16558       41065
Swap:         24191           0       24191
Total:        72306        3779       51967

              total        used        free      shared  buff/cache   available
Mem:          48114        3780       27774        2402       16558       41064
Swap:         24191           0       24191
Total:        72306        3780       51966

              total        used        free      shared  buff/cache   available
Mem:          48114        3782       27772        2402       16558       41062
Swap:         24191           0       24191
Total:        72306        3782       51964

              total        used        free      shared  buff/cache   available
Mem:          48114        3781       27774        2402       16558       41063
Swap:         24191           0       24191
Total:        72306        3781       51966

              total        used        free      shared  buff/cache   available
Mem:          48114        3778       27776        2402       16558       41066
Swap:         24191           0       24191
Total:        72306        3778       51968

              total        used        free      shared  buff/cache   available
Mem:          48114        3782       27772        2402       16559       41062
Swap:         24191           0       24191
Total:        72306        3782       51964

              total        used        free      shared  buff/cache   available
Mem:          48114        3779       27775        2402       16559       41065
Swap:         24191           0       24191
Total:        72306        3779       51967

              total        used        free      shared  buff/cache   available
Mem:          48114        3779       27775        2402       16559       41065
Swap:         24191           0       24191
Total:        72306        3779       51967

              total        used        free      shared  buff/cache   available
Mem:          48114        3782       27772        2402       16559       41062
Swap:         24191           0       24191
Total:        72306        3782       51964

              total        used        free      shared  buff/cache   available
Mem:          48114        3820       27734        2402       16559       41024
Swap:         24191           0       24191
Total:        72306        3820       51926

              total        used        free      shared  buff/cache   available
Mem:          48114        3786       27767        2402       16559       41058
Swap:         24191           0       24191
Total:        72306        3786       51959

              total        used        free      shared  buff/cache   available
Mem:          48114        3784       27769        2402       16559       41060
Swap:         24191           0       24191
Total:        72306        3785       51961

              total        used        free      shared  buff/cache   available
Mem:          48114        3784       27770        2402       16559       41061
Swap:         24191           0       24191
Total:        72306        3784       51962

              total        used        free      shared  buff/cache   available
Mem:          48114        3784       27769        2402       16559       41060
Swap:         24191           0       24191
Total:        72306        3784       51961

              total        used        free      shared  buff/cache   available
Mem:          48114        3785       27768        2402       16560       41059
Swap:         24191           0       24191
Total:        72306        3785       51960

              total        used        free      shared  buff/cache   available
Mem:          48114        3781       27772        2402       16560       41063
Swap:         24191           0       24191
Total:        72306        3781       51964

              total        used        free      shared  buff/cache   available
Mem:          48114        3783       27770        2402       16560       41061
Swap:         24191           0       24191
Total:        72306        3783       51962

              total        used        free      shared  buff/cache   available
Mem:          48114        3782       27771        2402       16560       41062
Swap:         24191           0       24191
Total:        72306        3782       51963

              total        used        free      shared  buff/cache   available
Mem:          48114        3784       27769        2402       16560       41061
Swap:         24191           0       24191
Total:        72306        3784       51961

              total        used        free      shared  buff/cache   available
Mem:          48114        3783       27769        2402       16560       41061
Swap:         24191           0       24191
Total:        72306        3783       51961

              total        used        free      shared  buff/cache   available
Mem:          48114        3781       27772        2402       16560       41063
Swap:         24191           0       24191
Total:        72306        3781       51964

              total        used        free      shared  buff/cache   available
Mem:          48114        3782       27771        2402       16560       41063
Swap:         24191           0       24191
Total:        72306        3782       51963

              total        used        free      shared  buff/cache   available
Mem:          48114        3781       27771        2402       16561       41063
Swap:         24191           0       24191
Total:        72306        3781       51963

              total        used        free      shared  buff/cache   available
Mem:          48114        3784       27769        2402       16561       41061
Swap:         24191           0       24191
Total:        72306        3784       51961

              total        used        free      shared  buff/cache   available
Mem:          48114        3783       27770        2402       16561       41062
Swap:         24191           0       24191
Total:        72306        3783       51961

              total        used        free      shared  buff/cache   available
Mem:          48114        3781       27771        2402       16561       41063
Swap:         24191           0       24191
Total:        72306        3781       51963

              total        used        free      shared  buff/cache   available
Mem:          48114        3784       27767        2402       16561       41060
Swap:         24191           0       24191
Total:        72306        3784       51959

              total        used        free      shared  buff/cache   available
Mem:          48114        3784       27767        2402       16561       41060
Swap:         24191           0       24191
Total:        72306        3785       51959

              total        used        free      shared  buff/cache   available
Mem:          48114        3782       27770        2402       16561       41063
Swap:         24191           0       24191
Total:        72306        3782       51962

              total        used        free      shared  buff/cache   available
Mem:          48114        3782       27770        2402       16561       41062
Swap:         24191           0       24191
Total:        72306        3782       51962

              total        used        free      shared  buff/cache   available
Mem:          48114        3783       27768        2402       16561       41061
Swap:         24191           0       24191
Total:        72306        3783       51960

              total        used        free      shared  buff/cache   available
Mem:          48114        3784       27767        2402       16561       41060
Swap:         24191           0       24191
Total:        72306        3784       51959

              total        used        free      shared  buff/cache   available
Mem:          48114        3784       27767        2402       16562       41060
Swap:         24191           0       24191
Total:        72306        3784       51959

              total        used        free      shared  buff/cache   available
Mem:          48114        3783       27769        2402       16562       41062
Swap:         24191           0       24191
Total:        72306        3783       51960

              total        used        free      shared  buff/cache   available
Mem:          48114        3780       27771        2402       16562       41064
Swap:         24191           0       24191
Total:        72306        3780       51963

              total        used        free      shared  buff/cache   available
Mem:          48114        3781       27770        2402       16562       41063
Swap:         24191           0       24191
Total:        72306        3781       51962

              total        used        free      shared  buff/cache   available
Mem:          48114        3779       27772        2402       16562       41065
Swap:         24191           0       24191
Total:        72306        3779       51963

              total        used        free      shared  buff/cache   available
Mem:          48114        3781       27770        2402       16562       41063
Swap:         24191           0       24191
Total:        72306        3781       51962

              total        used        free      shared  buff/cache   available
Mem:          48114        3781       27769        2402       16562       41063
Swap:         24191           0       24191
Total:        72306        3781       51961

              total        used        free      shared  buff/cache   available
Mem:          48114        3783       27767        2402       16562       41061
Swap:         24191           0       24191
Total:        72306        3784       51959

              total        used        free      shared  buff/cache   available
Mem:          48114        3783       27767        2402       16562       41061
Swap:         24191           0       24191
Total:        72306        3783       51959

              total        used        free      shared  buff/cache   available
Mem:          48114        3782       27769        2402       16563       41062
Swap:         24191           0       24191
Total:        72306        3782       51960

              total        used        free      shared  buff/cache   available
Mem:          48114        3782       27768        2402       16562       41062
Swap:         24191           0       24191
Total:        72306        3782       51960

              total        used        free      shared  buff/cache   available
Mem:          48114        3782       27768        2402       16563       41062
Swap:         24191           0       24191
Total:        72306        3782       51960

              total        used        free      shared  buff/cache   available
Mem:          48114        3780       27770        2402       16563       41064
Swap:         24191           0       24191
Total:        72306        3780       51962

              total        used        free      shared  buff/cache   available
Mem:          48114        3780       27771        2402       16563       41065
Swap:         24191           0       24191
Total:        72306        3780       51963

              total        used        free      shared  buff/cache   available
Mem:          48114        3783       27767        2402       16563       41062
Swap:         24191           0       24191
Total:        72306        3783       51959

              total        used        free      shared  buff/cache   available
Mem:          48114        3784       27766        2402       16563       41061
Swap:         24191           0       24191
Total:        72306        3784       51958

              total        used        free      shared  buff/cache   available
Mem:          48114        3782       27767        2402       16563       41062
Swap:         24191           0       24191
Total:        72306        3782       51959

              total        used        free      shared  buff/cache   available
Mem:          48114        3781       27769        2402       16563       41063
Swap:         24191           0       24191
Total:        72306        3781       51961

              total        used        free      shared  buff/cache   available
Mem:          48114        3783       27766        2402       16563       41061
Swap:         24191           0       24191
Total:        72306        3783       51958

              total        used        free      shared  buff/cache   available
Mem:          48114        3782       27767        2402       16563       41062
Swap:         24191           0       24191
Total:        72306        3782       51959

              total        used        free      shared  buff/cache   available
Mem:          48114        3783       27766        2402       16564       41061
Swap:         24191           0       24191
Total:        72306        3783       51958

              total        used        free      shared  buff/cache   available
Mem:          48114        3782       27767        2402       16564       41062
Swap:         24191           0       24191
Total:        72306        3782       51959

              total        used        free      shared  buff/cache   available
Mem:          48114        3784       27765        2402       16564       41060
Swap:         24191           0       24191
Total:        72306        3784       51957

              total        used        free      shared  buff/cache   available
Mem:          48114        3783       27766        2402       16564       41062
Swap:         24191           0       24191
Total:        72306        3783       51958

              total        used        free      shared  buff/cache   available
Mem:          48114        3787       27762        2402       16564       41057
Swap:         24191           0       24191
Total:        72306        3787       51954

              total        used        free      shared  buff/cache   available
Mem:          48114        3785       27764        2402       16564       41059
Swap:         24191           0       24191
Total:        72306        3785       51956

              total        used        free      shared  buff/cache   available
Mem:          48114        3782       27766        2402       16564       41062
Swap:         24191           0       24191
Total:        72306        3782       51958

              total        used        free      shared  buff/cache   available
Mem:          48114        3784       27764        2402       16564       41060
Swap:         24191           0       24191
Total:        72306        3785       51956

              total        used        free      shared  buff/cache   available
Mem:          48114        3782       27766        2402       16564       41062
Swap:         24191           0       24191
Total:        72306        3783       51958

              total        used        free      shared  buff/cache   available
Mem:          48114        3785       27764        2402       16564       41060
Swap:         24191           0       24191
Total:        72306        3785       51956

              total        used        free      shared  buff/cache   available
Mem:          48114        3784       27764        2402       16565       41060
Swap:         24191           0       24191
Total:        72306        3784       51956

              total        used        free      shared  buff/cache   available
Mem:          48114        3784       27764        2402       16565       41060
Swap:         24191           0       24191
Total:        72306        3784       51956

              total        used        free      shared  buff/cache   available
Mem:          48114        3786       27762        2402       16565       41059
Swap:         24191           0       24191
Total:        72306        3786       51954

              total        used        free      shared  buff/cache   available
Mem:          48114        3785       27763        2402       16565       41059
Swap:         24191           0       24191
Total:        72306        3785       51955

              total        used        free      shared  buff/cache   available
Mem:          48114        3782       27765        2402       16565       41062
Swap:         24191           0       24191
Total:        72306        3783       51957

              total        used        free      shared  buff/cache   available
Mem:          48114        3785       27763        2402       16565       41060
Swap:         24191           0       24191
Total:        72306        3785       51955

              total        used        free      shared  buff/cache   available
Mem:          48114        3786       27762        2402       16565       41059
Swap:         24191           0       24191
Total:        72306        3786       51954

              total        used        free      shared  buff/cache   available
Mem:          48114        3786       27762        2402       16565       41059
Swap:         24191           0       24191
Total:        72306        3786       51954

              total        used        free      shared  buff/cache   available
Mem:          48114        3813       27734        2402       16565       41031
Swap:         24191           0       24191
Total:        72306        3813       51926

              total        used        free      shared  buff/cache   available
Mem:          48114        3789       27758        2402       16566       41055
Swap:         24191           0       24191
Total:        72306        3789       51950

              total        used        free      shared  buff/cache   available
Mem:          48114        3791       27756        2402       16566       41053
Swap:         24191           0       24191
Total:        72306        3791       51948

              total        used        free      shared  buff/cache   available
Mem:          48114        3787       27760        2402       16566       41058
Swap:         24191           0       24191
Total:        72306        3787       51952

              total        used        free      shared  buff/cache   available
Mem:          48114        3787       27760        2402       16566       41058
Swap:         24191           0       24191
Total:        72306        3787       51952

              total        used        free      shared  buff/cache   available
Mem:          48114        3787       27759        2402       16566       41057
Swap:         24191           0       24191
Total:        72306        3787       51951

              total        used        free      shared  buff/cache   available
Mem:          48114        3786       27760        2402       16566       41058
Swap:         24191           0       24191
Total:        72306        3787       51952

              total        used        free      shared  buff/cache   available
Mem:          48114        3787       27759        2402       16566       41057
Swap:         24191           0       24191
Total:        72306        3787       51951

              total        used        free      shared  buff/cache   available
Mem:          48114        3785       27761        2402       16566       41059
Swap:         24191           0       24191
Total:        72306        3785       51953

              total        used        free      shared  buff/cache   available
Mem:          48114        3784       27762        2402       16567       41060
Swap:         24191           0       24191
Total:        72306        3784       51954

              total        used        free      shared  buff/cache   available
Mem:          48114        3783       27763        2402       16567       41061
Swap:         24191           0       24191
Total:        72306        3783       51955

              total        used        free      shared  buff/cache   available
Mem:          48114        3783       27763        2402       16567       41061
Swap:         24191           0       24191
Total:        72306        3783       51955

              total        used        free      shared  buff/cache   available
Mem:          48114        3781       27765        2402       16567       41064
Swap:         24191           0       24191
Total:        72306        3781       51957

              total        used        free      shared  buff/cache   available
Mem:          48114        3781       27765        2402       16567       41064
Swap:         24191           0       24191
Total:        72306        3781       51957

              total        used        free      shared  buff/cache   available
Mem:          48114        3782       27763        2402       16567       41062
Swap:         24191           0       24191
Total:        72306        3782       51955
