09:24:36 PM      eth0     26.00     21.00      6.56      5.04      0.00      0.00      0.00
09:24:37 PM      eth0     38.00     34.00     10.69      8.86      0.00      0.00      0.00
09:24:38 PM      eth0     50.00     49.00     12.51     11.19      0.00      0.00      0.00
09:24:39 PM      eth0     25.00     21.00      6.49      5.04      0.00      0.00      0.00
09:24:40 PM      eth0     47.00     44.00     11.97     10.32      0.00      0.00      0.00
09:24:41 PM      eth0     42.00     39.00     11.29      9.73      0.00      0.00      0.00
09:24:42 PM      eth0  17488.00 201305.00   1986.70 297558.62      0.00      0.00      0.00
09:24:43 PM      eth0  61856.00 422293.00   7059.95 624229.40      0.00      0.00      0.00
09:24:44 PM      eth0  90221.00 403554.00  10646.33 596516.76      0.00      0.00      0.00
09:24:45 PM      eth0 114613.00 402068.00  13809.32 594379.89      0.00      0.00      0.00
09:24:46 PM      eth0 161587.00 400596.00  19713.41 592228.22      0.00      0.00      0.00
09:24:47 PM      eth0 170359.00 398161.00  20866.36 588602.05      0.00      0.00      0.00
09:24:48 PM      eth0 168741.00 379449.00  20599.87 560980.24      0.00      0.00      0.00
09:24:49 PM      eth0 151102.00 373107.00  18136.53 551642.37      0.00      0.00      0.00
09:24:50 PM      eth0 136414.00 356531.00  16170.96 527131.47      0.00      0.00      0.00
09:24:51 PM      eth0 132221.00 383679.00  15644.06 567273.61      0.00      0.00      0.00
09:24:52 PM      eth0  98986.00 305566.00  11662.42 451780.37      0.00      0.00      0.00
09:24:53 PM      eth0  93292.00 238224.00  11170.38 352217.35      0.00      0.00      0.00
09:24:54 PM      eth0  89539.00 240322.00  10455.27 355317.78      0.00      0.00      0.00
09:24:55 PM      eth0  88430.00 229153.00  10380.15 338771.77      0.00      0.00      0.00
09:24:56 PM      eth0  89368.00 222573.00  10382.32 329058.51      0.00      0.00      0.00
09:24:57 PM      eth0  91494.00 225565.00  10833.00 333499.05      0.00      0.00      0.00
09:24:58 PM      eth0  96928.00 220153.00  11446.46 325497.51      0.00      0.00      0.00
09:24:59 PM      eth0  99186.00 223809.00  11761.10 330904.07      0.00      0.00      0.00
09:25:00 PM      eth0 102705.00 235270.00  12178.23 347837.87      0.00      0.00      0.00
09:25:01 PM      eth0 109310.00 238973.00  12935.60 353324.63      0.00      0.00      0.00
09:25:02 PM      eth0 128400.00 329526.00  14860.21 487205.79      0.00      0.00      0.00
09:25:03 PM      eth0 138421.00 348581.00  16257.75 515378.50      0.00      0.00      0.00
09:25:04 PM      eth0 134044.00 360363.00  15760.29 532801.38      0.00      0.00      0.00
09:25:05 PM      eth0 121292.00 357218.00  14142.06 528138.97      0.00      0.00      0.00
09:25:06 PM      eth0 133195.00 353107.00  15723.28 522071.54      0.00      0.00      0.00
09:25:07 PM      eth0 122710.00 364195.00  14324.98 538466.57      0.00      0.00      0.00
09:25:08 PM      eth0 130518.00 357923.00  15288.84 529194.66      0.00      0.00      0.00
09:25:09 PM      eth0 129947.00 371090.00  15196.57 548659.10      0.00      0.00      0.00
09:25:10 PM      eth0 132437.00 364493.00  15609.17 538905.93      0.00      0.00      0.00
09:25:11 PM      eth0 127791.00 360105.00  15062.89 532419.86      0.00      0.00      0.00
09:25:12 PM      eth0 123000.00 347096.00  14484.52 513116.46      0.00      0.00      0.00
09:25:13 PM      eth0 140653.00 342988.00  16771.76 507110.86      0.00      0.00      0.00
09:25:14 PM      eth0 132130.00 349048.00  15608.74 516070.39      0.00      0.00      0.00
09:25:15 PM      eth0 133994.00 335623.00  15895.41 496209.63      0.00      0.00      0.00
09:25:16 PM      eth0 124471.00 330214.00  14587.10 488223.93      0.00      0.00      0.00
09:25:17 PM      eth0 127978.00 326885.00  15019.95 483302.35      0.00      0.00      0.00
09:25:18 PM      eth0 131377.00 330552.00  15464.91 488723.02      0.00      0.00      0.00
09:25:19 PM      eth0 131043.00 331932.00  15471.09 490761.92      0.00      0.00      0.00
09:25:20 PM      eth0 114670.00 328113.00  13360.69 485116.17      0.00      0.00      0.00
09:25:21 PM      eth0 120800.00 332260.00  14058.03 491250.11      0.00      0.00      0.00
09:25:22 PM      eth0 132450.00 334628.00  15672.04 494747.71      0.00      0.00      0.00
09:25:23 PM      eth0 132371.00 340491.00  15655.69 503419.18      0.00      0.00      0.00
09:25:24 PM      eth0 119601.00 332683.00  13961.88 491875.63      0.00      0.00      0.00
09:25:25 PM      eth0 126642.00 335275.00  14851.62 495693.51      0.00      0.00      0.00
09:25:26 PM      eth0 125842.00 313507.00  14860.82 463520.83      0.00      0.00      0.00
09:25:27 PM      eth0 128829.00 331527.00  15166.82 490166.50      0.00      0.00      0.00
09:25:28 PM      eth0 119347.00 323561.00  13971.00 478386.40      0.00      0.00      0.00
09:25:29 PM      eth0 137118.00 346347.00  16150.57 512076.37      0.00      0.00      0.00
09:25:30 PM      eth0 132795.00 344768.00  15630.16 509733.34      0.00      0.00      0.00
09:25:31 PM      eth0 127889.00 343109.00  15028.71 507288.12      0.00      0.00      0.00
09:25:32 PM      eth0 128581.00 325936.00  15294.35 481833.06      0.00      0.00      0.00
09:25:33 PM      eth0 126685.00 342480.00  14968.49 506359.04      0.00      0.00      0.00
09:25:34 PM      eth0 136755.00 344226.00  16301.29 508822.45      0.00      0.00      0.00
09:25:35 PM      eth0 137846.00 351705.00  16522.44 519831.76      0.00      0.00      0.00
09:25:36 PM      eth0 123281.00 353951.00  14444.52 523300.38      0.00      0.00      0.00
09:25:37 PM      eth0 127145.00 357593.00  14818.13 528702.30      0.00      0.00      0.00
09:25:38 PM      eth0 124687.00 344646.00  14489.03 509562.98      0.00      0.00      0.00
09:25:39 PM      eth0 137543.00 338581.00  16422.25 500594.55      0.00      0.00      0.00
09:25:40 PM      eth0 117444.00 351850.00  13776.39 520213.04      0.00      0.00      0.00
09:25:41 PM      eth0 120514.00 352388.00  14157.55 521009.51      0.00      0.00      0.00
09:25:42 PM      eth0 131938.00 367103.00  15414.74 542765.52      0.00      0.00      0.00
09:25:43 PM      eth0 133173.00 357776.00  15744.00 528971.98      0.00      0.00      0.00
09:25:44 PM      eth0 129013.00 369275.00  15130.57 545761.57      0.00      0.00      0.00
09:25:45 PM      eth0 142177.00 360260.00  16855.72 532540.18      0.00      0.00      0.00
09:25:46 PM      eth0 134142.00 371206.00  15752.89 548831.25      0.00      0.00      0.00
09:25:47 PM      eth0 126399.00 367004.00  14991.61 542617.59      0.00      0.00      0.00
09:25:48 PM      eth0 117453.00 360752.00  13732.19 533364.08      0.00      0.00      0.00
09:25:49 PM      eth0 131718.00 359080.00  15521.86 530900.37      0.00      0.00      0.00
09:25:50 PM      eth0 132358.00 351592.00  15675.83 519833.88      0.00      0.00      0.00
09:25:51 PM      eth0 126138.00 345087.00  14943.99 510213.54      0.00      0.00      0.00
09:25:52 PM      eth0 130332.00 335651.00  15443.86 496262.66      0.00      0.00      0.00
09:25:53 PM      eth0 132506.00 334792.00  15762.93 494991.17      0.00      0.00      0.00
09:25:54 PM      eth0 128581.00 321088.00  15317.30 474732.65      0.00      0.00      0.00
09:25:55 PM      eth0 135956.00 344972.00  16054.89 510031.39      0.00      0.00      0.00
09:25:56 PM      eth0 129442.00 340952.00  15277.10 504069.21      0.00      0.00      0.00
09:25:57 PM      eth0 153946.00 367579.00  18250.46 543461.11      0.00      0.00      0.00
09:25:58 PM      eth0 159955.00 368274.00  18994.12 544496.29      0.00      0.00      0.00
09:25:59 PM      eth0 148586.00 351920.00  17649.91 520314.34      0.00      0.00      0.00
09:26:00 PM      eth0 143894.00 350552.00  17051.75 518282.36      0.00      0.00      0.00
09:26:01 PM      eth0 120484.00 351962.00  14272.75 520379.34      0.00      0.00      0.00
09:26:02 PM      eth0 130763.00 355658.00  15337.58 525843.20      0.00      0.00      0.00
09:26:03 PM      eth0 130531.00 348856.00  15357.69 515788.35      0.00      0.00      0.00
09:26:04 PM      eth0 134566.00 344869.00  15831.57 509892.14      0.00      0.00      0.00
09:26:05 PM      eth0 147239.00 357342.00  17362.62 528321.29      0.00      0.00      0.00
09:26:06 PM      eth0 141224.00 333232.00  16802.21 492687.79      0.00      0.00      0.00
09:26:07 PM      eth0 137719.00 342957.00  16296.14 507063.69      0.00      0.00      0.00
09:26:08 PM      eth0 144238.00 357459.00  17066.32 528505.73      0.00      0.00      0.00
09:26:09 PM      eth0 136670.00 345881.00  16230.81 511390.21      0.00      0.00      0.00
09:26:10 PM      eth0 125799.00 352728.00  14771.35 521511.48      0.00      0.00      0.00
09:26:11 PM      eth0 140078.00 353578.00  16581.46 522766.27      0.00      0.00      0.00
09:26:12 PM      eth0 144149.00 354365.00  17044.58 523930.49      0.00      0.00      0.00
09:26:13 PM      eth0 151665.00 347440.00  18185.54 513692.61      0.00      0.00      0.00
09:26:14 PM      eth0 128372.00 333139.00  15286.34 492548.64      0.00      0.00      0.00
09:26:15 PM      eth0 121057.00 333625.00  14351.43 493253.31      0.00      0.00      0.00
09:26:16 PM      eth0 132538.00 338958.00  15685.41 501149.58      0.00      0.00      0.00
09:26:17 PM      eth0 133791.00 337664.00  15947.18 499236.55      0.00      0.00      0.00
09:26:18 PM      eth0 129642.00 329700.00  15514.00 487463.26      0.00      0.00      0.00
09:26:19 PM      eth0 128725.00 329004.00  15260.81 486432.77      0.00      0.00      0.00
09:26:20 PM      eth0 139905.00 345976.00  16537.36 511526.14      0.00      0.00      0.00
09:26:21 PM      eth0 135112.00 327926.00  16087.72 484843.04      0.00      0.00      0.00
09:26:22 PM      eth0 140345.00 343346.00  16607.63 507640.69      0.00      0.00      0.00
09:26:23 PM      eth0 129960.00 327243.00  15432.15 483829.48      0.00      0.00      0.00
09:26:24 PM      eth0 135300.00 331448.00  16142.90 490044.91      0.00      0.00      0.00
09:26:25 PM      eth0 136209.00 334468.00  16275.25 494501.12      0.00      0.00      0.00
09:26:26 PM      eth0 126027.00 329660.00  14970.46 487379.14      0.00      0.00      0.00
09:26:27 PM      eth0 139965.00 354018.00  16557.19 523417.54      0.00      0.00      0.00
09:26:28 PM      eth0 131401.00 350873.00  15448.79 518767.32      0.00      0.00      0.00
09:26:29 PM      eth0 147610.00 360598.00  17679.26 533147.71      0.00      0.00      0.00
09:26:30 PM      eth0 146209.00 347830.00  17478.64 514257.81      0.00      0.00      0.00
09:26:31 PM      eth0 134680.00 346180.00  15903.94 511827.78      0.00      0.00      0.00
09:26:32 PM      eth0 134396.00 361975.00  15863.46 535181.32      0.00      0.00      0.00
09:26:33 PM      eth0 131170.00 345877.00  15445.58 511380.36      0.00      0.00      0.00
09:26:34 PM      eth0 145615.00 349688.00  17341.56 517015.04      0.00      0.00      0.00
09:26:35 PM      eth0 136836.00 342569.00  16261.73 506477.02      0.00      0.00      0.00
09:26:36 PM      eth0 148174.00 358753.00  17838.91 530260.30      0.00      0.00      0.00
09:26:37 PM      eth0 136784.00 352875.00  16221.81 521720.22      0.00      0.00      0.00
09:26:38 PM      eth0 135280.00 347806.00  15955.92 514222.74      0.00      0.00      0.00
09:26:39 PM      eth0 123171.00 340659.00  14444.19 503664.39      0.00      0.00      0.00
09:26:40 PM      eth0 131149.00 356697.00  15312.37 527380.13      0.00      0.00      0.00
09:26:41 PM      eth0 127622.00 354447.00  14961.79 524052.86      0.00      0.00      0.00
09:26:42 PM      eth0 133512.00 365615.00  15713.02 540564.18      0.00      0.00      0.00
09:26:43 PM      eth0 123778.00 406124.00  14468.58 600451.12      0.00      0.00      0.00
09:26:44 PM      eth0 106030.00 406323.00  12289.20 600753.36      0.00      0.00      0.00
09:26:45 PM      eth0  83361.00 406322.00   9570.85 600735.14      0.00      0.00      0.00
09:26:46 PM      eth0  85042.00 406509.00   9850.36 601029.91      0.00      0.00      0.00
09:26:47 PM      eth0  49113.00 401207.00   5600.71 593184.02      0.00      0.00      0.00
09:26:48 PM      eth0   9054.00 191194.00   1026.62 282669.71      0.00      0.00      0.00
09:26:49 PM      eth0     18.00     13.00      4.01      2.91      0.00      0.00      0.00
