              total        used        free      shared  buff/cache   available
Mem:          48114        7910       31875        2347        8327       36537
Swap:         24191           0       24191
Total:        72306        7910       56067

              total        used        free      shared  buff/cache   available
Mem:          48114        7906       31880        2347        8327       36542
Swap:         24191           0       24191
Total:        72306        7906       56072

              total        used        free      shared  buff/cache   available
Mem:          48114        7906       31880        2347        8327       36542
Swap:         24191           0       24191
Total:        72306        7906       56072

              total        used        free      shared  buff/cache   available
Mem:          48114        7905       31880        2347        8328       36542
Swap:         24191           0       24191
Total:        72306        7905       56072

              total        used        free      shared  buff/cache   available
Mem:          48114        7911       31874        2347        8328       36536
Swap:         24191           0       24191
Total:        72306        7911       56066

              total        used        free      shared  buff/cache   available
Mem:          48114        7910       31875        2347        8328       36537
Swap:         24191           0       24191
Total:        72306        7910       56067

              total        used        free      shared  buff/cache   available
Mem:          48114        7930       31855        2347        8328       36518
Swap:         24191           0       24191
Total:        72306        7930       56047

              total        used        free      shared  buff/cache   available
Mem:          48114        7935       31849        2347        8328       36512
Swap:         24191           0       24191
Total:        72306        7935       56041

              total        used        free      shared  buff/cache   available
Mem:          48114        7935       31849        2347        8328       36512
Swap:         24191           0       24191
Total:        72306        7935       56041

              total        used        free      shared  buff/cache   available
Mem:          48114        7934       31850        2347        8328       36513
Swap:         24191           0       24191
Total:        72306        7934       56042

              total        used        free      shared  buff/cache   available
Mem:          48114        7935       31849        2347        8328       36512
Swap:         24191           0       24191
Total:        72306        7935       56041

              total        used        free      shared  buff/cache   available
Mem:          48114        7930       31854        2347        8329       36517
Swap:         24191           0       24191
Total:        72306        7930       56046

              total        used        free      shared  buff/cache   available
Mem:          48114        7925       31859        2347        8329       36522
Swap:         24191           0       24191
Total:        72306        7925       56051

              total        used        free      shared  buff/cache   available
Mem:          48114        7928       31855        2347        8329       36519
Swap:         24191           0       24191
Total:        72306        7928       56047

              total        used        free      shared  buff/cache   available
Mem:          48114        7938       31845        2347        8329       36509
Swap:         24191           0       24191
Total:        72306        7938       56037

              total        used        free      shared  buff/cache   available
Mem:          48114        7934       31850        2347        8329       36513
Swap:         24191           0       24191
Total:        72306        7934       56042

              total        used        free      shared  buff/cache   available
Mem:          48114        7932       31851        2347        8330       36515
Swap:         24191           0       24191
Total:        72306        7932       56043

              total        used        free      shared  buff/cache   available
Mem:          48114        7941       31843        2347        8330       36507
Swap:         24191           0       24191
Total:        72306        7941       56035

              total        used        free      shared  buff/cache   available
Mem:          48114        7949       31834        2347        8330       36498
Swap:         24191           0       24191
Total:        72306        7949       56026

              total        used        free      shared  buff/cache   available
Mem:          48114        7944       31839        2347        8330       36503
Swap:         24191           0       24191
Total:        72306        7944       56031

              total        used        free      shared  buff/cache   available
Mem:          48114        7950       31833        2347        8330       36497
Swap:         24191           0       24191
Total:        72306        7950       56025

              total        used        free      shared  buff/cache   available
Mem:          48114        7949       31833        2347        8330       36498
Swap:         24191           0       24191
Total:        72306        7949       56025

              total        used        free      shared  buff/cache   available
Mem:          48114        7949       31833        2347        8331       36498
Swap:         24191           0       24191
Total:        72306        7949       56025

              total        used        free      shared  buff/cache   available
Mem:          48114        7938       31844        2347        8331       36509
Swap:         24191           0       24191
Total:        72306        7938       56036

              total        used        free      shared  buff/cache   available
Mem:          48114        7941       31841        2347        8331       36506
Swap:         24191           0       24191
Total:        72306        7941       56033

              total        used        free      shared  buff/cache   available
Mem:          48114        7936       31846        2347        8331       36511
Swap:         24191           0       24191
Total:        72306        7936       56038

              total        used        free      shared  buff/cache   available
Mem:          48114        7931       31851        2347        8331       36517
Swap:         24191           0       24191
Total:        72306        7931       56043

              total        used        free      shared  buff/cache   available
Mem:          48114        7927       31855        2347        8331       36520
Swap:         24191           0       24191
Total:        72306        7927       56047

              total        used        free      shared  buff/cache   available
Mem:          48114        7920       31862        2347        8331       36527
Swap:         24191           0       24191
Total:        72306        7920       56054

              total        used        free      shared  buff/cache   available
Mem:          48114        7932       31850        2347        8331       36516
Swap:         24191           0       24191
Total:        72306        7932       56042

              total        used        free      shared  buff/cache   available
Mem:          48114        7937       31844        2347        8331       36510
Swap:         24191           0       24191
Total:        72306        7937       56036

              total        used        free      shared  buff/cache   available
Mem:          48114        7935       31846        2347        8332       36512
Swap:         24191           0       24191
Total:        72306        7935       56038

              total        used        free      shared  buff/cache   available
Mem:          48114        7925       31856        2347        8332       36523
Swap:         24191           0       24191
Total:        72306        7925       56048

              total        used        free      shared  buff/cache   available
Mem:          48114        7931       31850        2347        8332       36516
Swap:         24191           0       24191
Total:        72306        7931       56042

              total        used        free      shared  buff/cache   available
Mem:          48114        7931       31850        2347        8332       36517
Swap:         24191           0       24191
Total:        72306        7931       56042

              total        used        free      shared  buff/cache   available
Mem:          48114        7926       31855        2347        8332       36521
Swap:         24191           0       24191
Total:        72306        7926       56047

              total        used        free      shared  buff/cache   available
Mem:          48114        7926       31855        2347        8332       36522
Swap:         24191           0       24191
Total:        72306        7926       56047

              total        used        free      shared  buff/cache   available
Mem:          48114        7926       31855        2347        8332       36522
Swap:         24191           0       24191
Total:        72306        7926       56047

              total        used        free      shared  buff/cache   available
Mem:          48114        7926       31854        2347        8332       36521
Swap:         24191           0       24191
Total:        72306        7926       56046

              total        used        free      shared  buff/cache   available
Mem:          48114        7925       31855        2347        8333       36522
Swap:         24191           0       24191
Total:        72306        7925       56047

              total        used        free      shared  buff/cache   available
Mem:          48114        7915       31865        2347        8333       36532
Swap:         24191           0       24191
Total:        72306        7915       56057

              total        used        free      shared  buff/cache   available
Mem:          48114        7920       31860        2347        8333       36527
Swap:         24191           0       24191
Total:        72306        7920       56052

              total        used        free      shared  buff/cache   available
Mem:          48114        7921       31859        2347        8333       36526
Swap:         24191           0       24191
Total:        72306        7921       56051

              total        used        free      shared  buff/cache   available
Mem:          48114        7912       31868        2347        8333       36535
Swap:         24191           0       24191
Total:        72306        7912       56060

              total        used        free      shared  buff/cache   available
Mem:          48114        7916       31863        2347        8333       36531
Swap:         24191           0       24191
Total:        72306        7916       56055

              total        used        free      shared  buff/cache   available
Mem:          48114        7917       31863        2347        8333       36530
Swap:         24191           0       24191
Total:        72306        7917       56055

              total        used        free      shared  buff/cache   available
Mem:          48114        7917       31862        2347        8333       36530
Swap:         24191           0       24191
Total:        72306        7917       56054

              total        used        free      shared  buff/cache   available
Mem:          48114        7915       31864        2347        8333       36532
Swap:         24191           0       24191
Total:        72306        7915       56056

              total        used        free      shared  buff/cache   available
Mem:          48114        7918       31861        2347        8334       36530
Swap:         24191           0       24191
Total:        72306        7918       56053

              total        used        free      shared  buff/cache   available
Mem:          48114        7927       31852        2347        8334       36521
Swap:         24191           0       24191
Total:        72306        7927       56044

              total        used        free      shared  buff/cache   available
Mem:          48114        7927       31852        2347        8334       36520
Swap:         24191           0       24191
Total:        72306        7927       56044

              total        used        free      shared  buff/cache   available
Mem:          48114        7922       31857        2347        8334       36525
Swap:         24191           0       24191
Total:        72306        7922       56049

              total        used        free      shared  buff/cache   available
Mem:          48114        7928       31851        2347        8334       36520
Swap:         24191           0       24191
Total:        72306        7928       56043

              total        used        free      shared  buff/cache   available
Mem:          48114        7926       31853        2347        8334       36522
Swap:         24191           0       24191
Total:        72306        7926       56045

              total        used        free      shared  buff/cache   available
Mem:          48114        7927       31852        2347        8334       36521
Swap:         24191           0       24191
Total:        72306        7927       56044

              total        used        free      shared  buff/cache   available
Mem:          48114        7926       31852        2347        8334       36521
Swap:         24191           0       24191
Total:        72306        7926       56044

              total        used        free      shared  buff/cache   available
Mem:          48114        7924       31854        2347        8335       36523
Swap:         24191           0       24191
Total:        72306        7924       56046

              total        used        free      shared  buff/cache   available
Mem:          48114        7928       31849        2347        8336       36518
Swap:         24191           0       24191
Total:        72306        7928       56041

              total        used        free      shared  buff/cache   available
Mem:          48114        7936       31842        2347        8335       36511
Swap:         24191           0       24191
Total:        72306        7936       56034

              total        used        free      shared  buff/cache   available
Mem:          48114        7933       31845        2347        8335       36514
Swap:         24191           0       24191
Total:        72306        7933       56037

              total        used        free      shared  buff/cache   available
Mem:          48114        7928       31850        2347        8335       36520
Swap:         24191           0       24191
Total:        72306        7928       56042

              total        used        free      shared  buff/cache   available
Mem:          48114        7923       31855        2347        8335       36524
Swap:         24191           0       24191
Total:        72306        7923       56047

              total        used        free      shared  buff/cache   available
Mem:          48114        7918       31859        2347        8335       36529
Swap:         24191           0       24191
Total:        72306        7918       56051

              total        used        free      shared  buff/cache   available
Mem:          48114        7917       31860        2347        8335       36530
Swap:         24191           0       24191
Total:        72306        7917       56052

              total        used        free      shared  buff/cache   available
Mem:          48114        7918       31859        2347        8336       36529
Swap:         24191           0       24191
Total:        72306        7918       56051

              total        used        free      shared  buff/cache   available
Mem:          48114        7924       31853        2347        8336       36524
Swap:         24191           0       24191
Total:        72306        7924       56045

              total        used        free      shared  buff/cache   available
Mem:          48114        7919       31858        2347        8336       36528
Swap:         24191           0       24191
Total:        72306        7919       56050

              total        used        free      shared  buff/cache   available
Mem:          48114        7915       31862        2347        8336       36533
Swap:         24191           0       24191
Total:        72306        7915       56054

              total        used        free      shared  buff/cache   available
Mem:          48114        7913       31864        2347        8336       36535
Swap:         24191           0       24191
Total:        72306        7913       56056

              total        used        free      shared  buff/cache   available
Mem:          48114        7913       31864        2347        8336       36534
Swap:         24191           0       24191
Total:        72306        7913       56056

              total        used        free      shared  buff/cache   available
Mem:          48114        7911       31865        2347        8336       36536
Swap:         24191           0       24191
Total:        72306        7911       56057

              total        used        free      shared  buff/cache   available
Mem:          48114        7909       31868        2347        8336       36539
Swap:         24191           0       24191
Total:        72306        7909       56060

              total        used        free      shared  buff/cache   available
Mem:          48114        7906       31871        2347        8336       36542
Swap:         24191           0       24191
Total:        72306        7906       56063

              total        used        free      shared  buff/cache   available
Mem:          48114        7904       31872        2347        8337       36543
Swap:         24191           0       24191
Total:        72306        7904       56064

              total        used        free      shared  buff/cache   available
Mem:          48114        7899       31877        2347        8337       36548
Swap:         24191           0       24191
Total:        72306        7899       56069

              total        used        free      shared  buff/cache   available
Mem:          48114        7892       31884        2347        8337       36555
Swap:         24191           0       24191
Total:        72306        7892       56076

              total        used        free      shared  buff/cache   available
Mem:          48114        7893       31883        2347        8337       36555
Swap:         24191           0       24191
Total:        72306        7893       56075

              total        used        free      shared  buff/cache   available
Mem:          48114        7889       31887        2347        8337       36559
Swap:         24191           0       24191
Total:        72306        7889       56079

              total        used        free      shared  buff/cache   available
Mem:          48114        7887       31889        2347        8337       36561
Swap:         24191           0       24191
Total:        72306        7887       56081

              total        used        free      shared  buff/cache   available
Mem:          48114        7884       31892        2347        8337       36564
Swap:         24191           0       24191
Total:        72306        7884       56084

              total        used        free      shared  buff/cache   available
Mem:          48114        7882       31894        2347        8337       36566
Swap:         24191           0       24191
Total:        72306        7882       56086

              total        used        free      shared  buff/cache   available
Mem:          48114        7882       31893        2347        8337       36565
Swap:         24191           0       24191
Total:        72306        7882       56085

              total        used        free      shared  buff/cache   available
Mem:          48114        7885       31890        2347        8337       36562
Swap:         24191           0       24191
Total:        72306        7885       56082

              total        used        free      shared  buff/cache   available
Mem:          48114        7884       31891        2347        8338       36563
Swap:         24191           0       24191
Total:        72306        7884       56083

              total        used        free      shared  buff/cache   available
Mem:          48114        7882       31893        2347        8338       36565
Swap:         24191           0       24191
Total:        72306        7882       56085

              total        used        free      shared  buff/cache   available
Mem:          48114        7884       31891        2347        8338       36564
Swap:         24191           0       24191
Total:        72306        7884       56083

              total        used        free      shared  buff/cache   available
Mem:          48114        7885       31889        2347        8338       36562
Swap:         24191           0       24191
Total:        72306        7885       56081

              total        used        free      shared  buff/cache   available
Mem:          48114        7882       31892        2347        8338       36565
Swap:         24191           0       24191
Total:        72306        7882       56084

              total        used        free      shared  buff/cache   available
Mem:          48114        7886       31888        2347        8338       36561
Swap:         24191           0       24191
Total:        72306        7886       56080

              total        used        free      shared  buff/cache   available
Mem:          48114        7886       31888        2347        8338       36561
Swap:         24191           0       24191
Total:        72306        7886       56080

              total        used        free      shared  buff/cache   available
Mem:          48114        7887       31887        2347        8338       36560
Swap:         24191           0       24191
Total:        72306        7887       56079

              total        used        free      shared  buff/cache   available
Mem:          48114        7885       31889        2347        8339       36562
Swap:         24191           0       24191
Total:        72306        7885       56081

              total        used        free      shared  buff/cache   available
Mem:          48114        7885       31889        2347        8339       36562
Swap:         24191           0       24191
Total:        72306        7885       56081

              total        used        free      shared  buff/cache   available
Mem:          48114        7886       31888        2347        8339       36562
Swap:         24191           0       24191
Total:        72306        7886       56080

              total        used        free      shared  buff/cache   available
Mem:          48114        7887       31887        2347        8339       36560
Swap:         24191           0       24191
Total:        72306        7887       56079

              total        used        free      shared  buff/cache   available
Mem:          48114        7886       31888        2347        8339       36562
Swap:         24191           0       24191
Total:        72306        7886       56080

              total        used        free      shared  buff/cache   available
Mem:          48114        7886       31888        2347        8339       36561
Swap:         24191           0       24191
Total:        72306        7886       56080

              total        used        free      shared  buff/cache   available
Mem:          48114        7884       31890        2347        8339       36564
Swap:         24191           0       24191
Total:        72306        7884       56082

              total        used        free      shared  buff/cache   available
Mem:          48114        7886       31887        2347        8339       36561
Swap:         24191           0       24191
Total:        72306        7886       56079

              total        used        free      shared  buff/cache   available
Mem:          48114        7883       31890        2347        8339       36564
Swap:         24191           0       24191
Total:        72306        7883       56082

              total        used        free      shared  buff/cache   available
Mem:          48114        7887       31887        2347        8339       36561
Swap:         24191           0       24191
Total:        72306        7887       56079

              total        used        free      shared  buff/cache   available
Mem:          48114        7883       31890        2347        8340       36564
Swap:         24191           0       24191
Total:        72306        7883       56082

              total        used        free      shared  buff/cache   available
Mem:          48114        7883       31890        2347        8340       36564
Swap:         24191           0       24191
Total:        72306        7883       56082

              total        used        free      shared  buff/cache   available
Mem:          48114        7883       31890        2347        8340       36564
Swap:         24191           0       24191
Total:        72306        7883       56082

              total        used        free      shared  buff/cache   available
Mem:          48114        7883       31889        2347        8340       36564
Swap:         24191           0       24191
Total:        72306        7883       56081

              total        used        free      shared  buff/cache   available
Mem:          48114        7885       31888        2347        8340       36563
Swap:         24191           0       24191
Total:        72306        7885       56080

              total        used        free      shared  buff/cache   available
Mem:          48114        7884       31889        2347        8340       36563
Swap:         24191           0       24191
Total:        72306        7884       56081

              total        used        free      shared  buff/cache   available
Mem:          48114        7884       31889        2347        8340       36564
Swap:         24191           0       24191
Total:        72306        7884       56081

              total        used        free      shared  buff/cache   available
Mem:          48114        7883       31890        2347        8340       36565
Swap:         24191           0       24191
Total:        72306        7883       56082

              total        used        free      shared  buff/cache   available
Mem:          48114        7883       31889        2347        8341       36564
Swap:         24191           0       24191
Total:        72306        7883       56081

              total        used        free      shared  buff/cache   available
Mem:          48114        7884       31888        2347        8341       36564
Swap:         24191           0       24191
Total:        72306        7884       56080

              total        used        free      shared  buff/cache   available
Mem:          48114        7883       31889        2347        8341       36564
Swap:         24191           0       24191
Total:        72306        7883       56081

              total        used        free      shared  buff/cache   available
Mem:          48114        7885       31887        2347        8341       36562
Swap:         24191           0       24191
Total:        72306        7885       56079

              total        used        free      shared  buff/cache   available
Mem:          48114        7884       31888        2347        8341       36564
Swap:         24191           0       24191
Total:        72306        7884       56080

              total        used        free      shared  buff/cache   available
Mem:          48114        7884       31887        2347        8341       36563
Swap:         24191           0       24191
Total:        72306        7884       56079

              total        used        free      shared  buff/cache   available
Mem:          48114        7884       31888        2347        8341       36564
Swap:         24191           0       24191
Total:        72306        7884       56080

              total        used        free      shared  buff/cache   available
Mem:          48114        7884       31887        2347        8341       36563
Swap:         24191           0       24191
Total:        72306        7884       56079

              total        used        free      shared  buff/cache   available
Mem:          48114        7885       31886        2347        8342       36562
Swap:         24191           0       24191
Total:        72306        7885       56078

              total        used        free      shared  buff/cache   available
Mem:          48114        7885       31886        2347        8342       36562
Swap:         24191           0       24191
Total:        72306        7885       56078

              total        used        free      shared  buff/cache   available
Mem:          48114        7885       31886        2347        8342       36562
Swap:         24191           0       24191
Total:        72306        7885       56078

              total        used        free      shared  buff/cache   available
Mem:          48114        7885       31886        2347        8342       36562
Swap:         24191           0       24191
Total:        72306        7885       56077

              total        used        free      shared  buff/cache   available
Mem:          48114        7886       31885        2347        8342       36562
Swap:         24191           0       24191
Total:        72306        7886       56077

              total        used        free      shared  buff/cache   available
Mem:          48114        7886       31885        2347        8342       36561
Swap:         24191           0       24191
Total:        72306        7886       56077

              total        used        free      shared  buff/cache   available
Mem:          48114        7884       31886        2347        8342       36563
Swap:         24191           0       24191
Total:        72306        7884       56078

              total        used        free      shared  buff/cache   available
Mem:          48114        7885       31885        2347        8342       36562
Swap:         24191           0       24191
Total:        72306        7885       56077

              total        used        free      shared  buff/cache   available
Mem:          48114        7886       31885        2347        8342       36562
Swap:         24191           0       24191
Total:        72306        7886       56077

              total        used        free      shared  buff/cache   available
Mem:          48114        7885       31886        2347        8342       36563
Swap:         24191           0       24191
Total:        72306        7885       56078

              total        used        free      shared  buff/cache   available
Mem:          48114        7885       31885        2347        8342       36562
Swap:         24191           0       24191
Total:        72306        7885       56077

              total        used        free      shared  buff/cache   available
Mem:          48114        7885       31885        2347        8343       36562
Swap:         24191           0       24191
Total:        72306        7885       56077

              total        used        free      shared  buff/cache   available
Mem:          48114        7884       31886        2347        8343       36563
Swap:         24191           0       24191
Total:        72306        7884       56078

              total        used        free      shared  buff/cache   available
Mem:          48114        7884       31886        2347        8343       36564
Swap:         24191           0       24191
Total:        72306        7884       56078

              total        used        free      shared  buff/cache   available
Mem:          48114        7885       31885        2347        8343       36563
Swap:         24191           0       24191
Total:        72306        7885       56077

              total        used        free      shared  buff/cache   available
Mem:          48114        7885       31885        2347        8343       36563
Swap:         24191           0       24191
Total:        72306        7885       56077

              total        used        free      shared  buff/cache   available
Mem:          48114        7885       31884        2347        8343       36562
Swap:         24191           0       24191
Total:        72306        7885       56076

              total        used        free      shared  buff/cache   available
Mem:          48114        7887       31883        2347        8343       36561
Swap:         24191           0       24191
Total:        72306        7887       56075

              total        used        free      shared  buff/cache   available
Mem:          48114        7887       31883        2347        8343       36561
Swap:         24191           0       24191
Total:        72306        7887       56075

              total        used        free      shared  buff/cache   available
Mem:          48114        7886       31883        2347        8343       36561
Swap:         24191           0       24191
Total:        72306        7886       56075

              total        used        free      shared  buff/cache   available
Mem:          48114        7885       31884        2347        8344       36562
Swap:         24191           0       24191
Total:        72306        7885       56076

              total        used        free      shared  buff/cache   available
Mem:          48114        7887       31882        2347        8344       36561
Swap:         24191           0       24191
Total:        72306        7887       56074

              total        used        free      shared  buff/cache   available
Mem:          48114        7884       31885        2347        8344       36563
Swap:         24191           0       24191
Total:        72306        7884       56077

              total        used        free      shared  buff/cache   available
Mem:          48114        7882       31887        2347        8344       36566
Swap:         24191           0       24191
Total:        72306        7882       56079

              total        used        free      shared  buff/cache   available
Mem:          48114        7883       31885        2347        8344       36564
Swap:         24191           0       24191
Total:        72306        7883       56077

              total        used        free      shared  buff/cache   available
Mem:          48114        7885       31884        2347        8344       36563
Swap:         24191           0       24191
Total:        72306        7885       56076

              total        used        free      shared  buff/cache   available
Mem:          48114        7885       31883        2347        8344       36562
Swap:         24191           0       24191
Total:        72306        7885       56075

              total        used        free      shared  buff/cache   available
Mem:          48114        7881       31887        2347        8344       36566
Swap:         24191           0       24191
Total:        72306        7881       56079

              total        used        free      shared  buff/cache   available
Mem:          48114        7882       31886        2347        8344       36565
Swap:         24191           0       24191
Total:        72306        7882       56078

              total        used        free      shared  buff/cache   available
Mem:          48114        7883       31886        2347        8345       36565
Swap:         24191           0       24191
Total:        72306        7883       56078

              total        used        free      shared  buff/cache   available
Mem:          48114        7881       31887        2347        8345       36566
Swap:         24191           0       24191
Total:        72306        7881       56079

              total        used        free      shared  buff/cache   available
Mem:          48114        7882       31886        2347        8345       36566
Swap:         24191           0       24191
Total:        72306        7882       56078

              total        used        free      shared  buff/cache   available
Mem:          48114        7881       31887        2347        8345       36566
Swap:         24191           0       24191
Total:        72306        7881       56079

              total        used        free      shared  buff/cache   available
Mem:          48114        7883       31885        2347        8345       36564
Swap:         24191           0       24191
Total:        72306        7883       56077

              total        used        free      shared  buff/cache   available
Mem:          48114        7881       31886        2347        8345       36566
Swap:         24191           0       24191
Total:        72306        7881       56078

              total        used        free      shared  buff/cache   available
Mem:          48114        7881       31887        2347        8345       36566
Swap:         24191           0       24191
Total:        72306        7881       56079

              total        used        free      shared  buff/cache   available
Mem:          48114        7880       31887        2347        8345       36567
Swap:         24191           0       24191
Total:        72306        7880       56079

              total        used        free      shared  buff/cache   available
Mem:          48114        7881       31886        2347        8345       36566
Swap:         24191           0       24191
Total:        72306        7881       56078

              total        used        free      shared  buff/cache   available
Mem:          48114        7882       31885        2347        8346       36566
Swap:         24191           0       24191
Total:        72306        7882       56077

              total        used        free      shared  buff/cache   available
Mem:          48114        7882       31885        2347        8346       36566
Swap:         24191           0       24191
Total:        72306        7882       56077

              total        used        free      shared  buff/cache   available
Mem:          48114        7882       31885        2347        8346       36566
Swap:         24191           0       24191
Total:        72306        7882       56077

              total        used        free      shared  buff/cache   available
Mem:          48114        7880       31887        2347        8346       36567
Swap:         24191           0       24191
Total:        72306        7880       56079

              total        used        free      shared  buff/cache   available
Mem:          48114        7880       31886        2347        8346       36567
Swap:         24191           0       24191
Total:        72306        7880       56078

              total        used        free      shared  buff/cache   available
Mem:          48114        7880       31886        2347        8346       36567
Swap:         24191           0       24191
Total:        72306        7880       56078

              total        used        free      shared  buff/cache   available
Mem:          48114        7880       31886        2347        8346       36567
Swap:         24191           0       24191
Total:        72306        7880       56078

              total        used        free      shared  buff/cache   available
Mem:          48114        7881       31885        2347        8346       36566
Swap:         24191           0       24191
Total:        72306        7881       56077

              total        used        free      shared  buff/cache   available
Mem:          48114        7881       31886        2347        8347       36567
Swap:         24191           0       24191
Total:        72306        7881       56078

              total        used        free      shared  buff/cache   available
Mem:          48114        7881       31886        2347        8347       36567
Swap:         24191           0       24191
Total:        72306        7881       56078

              total        used        free      shared  buff/cache   available
Mem:          48114        7881       31885        2347        8347       36566
Swap:         24191           0       24191
Total:        72306        7881       56077

              total        used        free      shared  buff/cache   available
Mem:          48114        7881       31885        2347        8347       36566
Swap:         24191           0       24191
Total:        72306        7881       56077

              total        used        free      shared  buff/cache   available
Mem:          48114        7879       31886        2347        8347       36568
Swap:         24191           0       24191
Total:        72306        7879       56078

              total        used        free      shared  buff/cache   available
Mem:          48114        7880       31886        2347        8347       36567
Swap:         24191           0       24191
Total:        72306        7880       56078

              total        used        free      shared  buff/cache   available
Mem:          48114        7881       31885        2347        8347       36567
Swap:         24191           0       24191
Total:        72306        7881       56077

              total        used        free      shared  buff/cache   available
Mem:          48114        7882       31883        2347        8347       36565
Swap:         24191           0       24191
Total:        72306        7882       56075

              total        used        free      shared  buff/cache   available
Mem:          48114        7882       31883        2347        8347       36565
Swap:         24191           0       24191
Total:        72306        7882       56075

              total        used        free      shared  buff/cache   available
Mem:          48114        7883       31882        2347        8347       36564
Swap:         24191           0       24191
Total:        72306        7883       56074

              total        used        free      shared  buff/cache   available
Mem:          48114        7883       31882        2347        8348       36564
Swap:         24191           0       24191
Total:        72306        7883       56074

              total        used        free      shared  buff/cache   available
Mem:          48114        7886       31879        2347        8348       36561
Swap:         24191           0       24191
Total:        72306        7886       56071

              total        used        free      shared  buff/cache   available
Mem:          48114        7884       31881        2347        8348       36564
Swap:         24191           0       24191
Total:        72306        7884       56073

              total        used        free      shared  buff/cache   available
Mem:          48114        7886       31879        2347        8348       36562
Swap:         24191           0       24191
Total:        72306        7886       56071

              total        used        free      shared  buff/cache   available
Mem:          48114        7929       31835        2347        8348       36518
Swap:         24191           0       24191
Total:        72306        7929       56027

              total        used        free      shared  buff/cache   available
Mem:          48114        7887       31877        2347        8348       36560
Swap:         24191           0       24191
Total:        72306        7887       56069

              total        used        free      shared  buff/cache   available
Mem:          48114        7887       31878        2347        8348       36561
Swap:         24191           0       24191
Total:        72306        7887       56070

              total        used        free      shared  buff/cache   available
Mem:          48114        7886       31878        2347        8348       36561
Swap:         24191           0       24191
Total:        72306        7886       56070

              total        used        free      shared  buff/cache   available
Mem:          48114        7885       31879        2347        8348       36562
Swap:         24191           0       24191
Total:        72306        7885       56071

              total        used        free      shared  buff/cache   available
Mem:          48114        7886       31879        2347        8349       36562
Swap:         24191           0       24191
Total:        72306        7886       56071

              total        used        free      shared  buff/cache   available
Mem:          48114        7884       31880        2347        8349       36563
Swap:         24191           0       24191
Total:        72306        7884       56072

              total        used        free      shared  buff/cache   available
Mem:          48114        7884       31880        2347        8349       36563
Swap:         24191           0       24191
Total:        72306        7884       56072

              total        used        free      shared  buff/cache   available
Mem:          48114        7884       31880        2347        8349       36564
Swap:         24191           0       24191
Total:        72306        7884       56072

              total        used        free      shared  buff/cache   available
Mem:          48114        7884       31880        2347        8349       36563
Swap:         24191           0       24191
Total:        72306        7884       56072

              total        used        free      shared  buff/cache   available
Mem:          48114        7883       31881        2347        8349       36565
Swap:         24191           0       24191
Total:        72306        7883       56073

              total        used        free      shared  buff/cache   available
Mem:          48114        7883       31881        2347        8349       36564
Swap:         24191           0       24191
Total:        72306        7883       56073

              total        used        free      shared  buff/cache   available
Mem:          48114        7884       31880        2347        8349       36564
Swap:         24191           0       24191
Total:        72306        7884       56072

              total        used        free      shared  buff/cache   available
Mem:          48114        7884       31879        2347        8349       36564
Swap:         24191           0       24191
Total:        72306        7884       56071

              total        used        free      shared  buff/cache   available
Mem:          48114        7884       31880        2347        8350       36564
Swap:         24191           0       24191
Total:        72306        7884       56072

              total        used        free      shared  buff/cache   available
Mem:          48114        7884       31879        2347        8350       36563
Swap:         24191           0       24191
Total:        72306        7884       56071

              total        used        free      shared  buff/cache   available
Mem:          48114        7884       31879        2347        8350       36564
Swap:         24191           0       24191
Total:        72306        7884       56071

              total        used        free      shared  buff/cache   available
Mem:          48114        7883       31880        2347        8350       36564
Swap:         24191           0       24191
Total:        72306        7883       56072

              total        used        free      shared  buff/cache   available
Mem:          48114        7884       31878        2347        8350       36563
Swap:         24191           0       24191
Total:        72306        7884       56070

              total        used        free      shared  buff/cache   available
Mem:          48114        7883       31880        2347        8350       36564
Swap:         24191           0       24191
Total:        72306        7883       56072

              total        used        free      shared  buff/cache   available
Mem:          48114        7884       31878        2347        8350       36563
Swap:         24191           0       24191
Total:        72306        7884       56070

              total        used        free      shared  buff/cache   available
Mem:          48114        7883       31879        2347        8350       36564
Swap:         24191           0       24191
Total:        72306        7883       56071

              total        used        free      shared  buff/cache   available
Mem:          48114        7882       31881        2347        8350       36566
Swap:         24191           0       24191
Total:        72306        7882       56073

              total        used        free      shared  buff/cache   available
Mem:          48114        7884       31879        2347        8351       36564
Swap:         24191           0       24191
Total:        72306        7884       56071

              total        used        free      shared  buff/cache   available
Mem:          48114        7884       31878        2347        8351       36564
Swap:         24191           0       24191
Total:        72306        7884       56070

              total        used        free      shared  buff/cache   available
Mem:          48114        7884       31878        2347        8351       36563
Swap:         24191           0       24191
Total:        72306        7884       56070

              total        used        free      shared  buff/cache   available
Mem:          48114        7882       31880        2347        8351       36565
Swap:         24191           0       24191
Total:        72306        7882       56072

              total        used        free      shared  buff/cache   available
Mem:          48114        7882       31880        2347        8351       36565
Swap:         24191           0       24191
Total:        72306        7882       56072

              total        used        free      shared  buff/cache   available
Mem:          48114        7882       31879        2347        8351       36565
Swap:         24191           0       24191
Total:        72306        7882       56071

              total        used        free      shared  buff/cache   available
Mem:          48114        7884       31877        2347        8351       36563
Swap:         24191           0       24191
Total:        72306        7884       56069

              total        used        free      shared  buff/cache   available
Mem:          48114        7882       31879        2347        8352       36565
Swap:         24191           0       24191
Total:        72306        7882       56071

              total        used        free      shared  buff/cache   available
Mem:          48114        7885       31876        2347        8352       36562
Swap:         24191           0       24191
Total:        72306        7885       56068

              total        used        free      shared  buff/cache   available
Mem:          48114        7883       31878        2347        8352       36564
Swap:         24191           0       24191
Total:        72306        7883       56070

              total        used        free      shared  buff/cache   available
Mem:          48114        7886       31875        2347        8352       36561
Swap:         24191           0       24191
Total:        72306        7886       56067

              total        used        free      shared  buff/cache   available
Mem:          48114        7885       31876        2347        8352       36562
Swap:         24191           0       24191
Total:        72306        7885       56068

              total        used        free      shared  buff/cache   available
Mem:          48114        7886       31874        2347        8352       36561
Swap:         24191           0       24191
Total:        72306        7886       56066

              total        used        free      shared  buff/cache   available
Mem:          48114        7884       31877        2347        8352       36563
Swap:         24191           0       24191
Total:        72306        7884       56069

              total        used        free      shared  buff/cache   available
Mem:          48114        7885       31875        2347        8353       36562
Swap:         24191           0       24191
Total:        72306        7885       56067

              total        used        free      shared  buff/cache   available
Mem:          48114        7885       31875        2347        8353       36562
Swap:         24191           0       24191
Total:        72306        7885       56067

              total        used        free      shared  buff/cache   available
Mem:          48114        7887       31873        2347        8353       36560
Swap:         24191           0       24191
Total:        72306        7887       56065

              total        used        free      shared  buff/cache   available
Mem:          48114        7885       31875        2347        8353       36562
Swap:         24191           0       24191
Total:        72306        7885       56067

              total        used        free      shared  buff/cache   available
Mem:          48114        7884       31876        2347        8353       36563
Swap:         24191           0       24191
Total:        72306        7884       56068

              total        used        free      shared  buff/cache   available
Mem:          48114        7883       31877        2347        8353       36564
Swap:         24191           0       24191
Total:        72306        7883       56069

              total        used        free      shared  buff/cache   available
Mem:          48114        7883       31876        2347        8353       36564
Swap:         24191           0       24191
Total:        72306        7883       56068

              total        used        free      shared  buff/cache   available
Mem:          48114        7884       31876        2347        8353       36563
Swap:         24191           0       24191
Total:        72306        7884       56068

              total        used        free      shared  buff/cache   available
Mem:          48114        7884       31876        2347        8353       36563
Swap:         24191           0       24191
Total:        72306        7884       56068

              total        used        free      shared  buff/cache   available
Mem:          48114        7882       31877        2347        8353       36565
Swap:         24191           0       24191
Total:        72306        7882       56069

              total        used        free      shared  buff/cache   available
Mem:          48114        7882       31877        2347        8354       36565
Swap:         24191           0       24191
Total:        72306        7882       56069

              total        used        free      shared  buff/cache   available
Mem:          48114        7883       31876        2347        8354       36564
Swap:         24191           0       24191
Total:        72306        7883       56068

              total        used        free      shared  buff/cache   available
Mem:          48114        7883       31876        2347        8354       36564
Swap:         24191           0       24191
Total:        72306        7883       56068

              total        used        free      shared  buff/cache   available
Mem:          48114        7883       31876        2347        8354       36564
Swap:         24191           0       24191
Total:        72306        7883       56068

              total        used        free      shared  buff/cache   available
Mem:          48114        7887       31872        2347        8354       36560
Swap:         24191           0       24191
Total:        72306        7887       56064

              total        used        free      shared  buff/cache   available
Mem:          48114        7884       31875        2347        8354       36563
Swap:         24191           0       24191
Total:        72306        7884       56067

              total        used        free      shared  buff/cache   available
Mem:          48114        7881       31878        2347        8354       36566
Swap:         24191           0       24191
Total:        72306        7881       56070

              total        used        free      shared  buff/cache   available
Mem:          48114        7883       31876        2347        8354       36564
Swap:         24191           0       24191
Total:        72306        7883       56068

              total        used        free      shared  buff/cache   available
Mem:          48114        7882       31877        2347        8354       36565
Swap:         24191           0       24191
Total:        72306        7882       56069

              total        used        free      shared  buff/cache   available
Mem:          48114        7880       31878        2347        8354       36567
Swap:         24191           0       24191
Total:        72306        7880       56070

              total        used        free      shared  buff/cache   available
Mem:          48114        7882       31877        2347        8354       36566
Swap:         24191           0       24191
Total:        72306        7882       56069

              total        used        free      shared  buff/cache   available
Mem:          48114        7881       31877        2347        8355       36566
Swap:         24191           0       24191
Total:        72306        7881       56069

              total        used        free      shared  buff/cache   available
Mem:          48114        7884       31874        2347        8355       36563
Swap:         24191           0       24191
Total:        72306        7884       56066

              total        used        free      shared  buff/cache   available
Mem:          48114        7885       31873        2347        8355       36562
Swap:         24191           0       24191
Total:        72306        7885       56065

              total        used        free      shared  buff/cache   available
Mem:          48114        7883       31874        2347        8355       36564
Swap:         24191           0       24191
Total:        72306        7883       56066

              total        used        free      shared  buff/cache   available
Mem:          48114        7889       31869        2347        8355       36559
Swap:         24191           0       24191
Total:        72306        7889       56061

              total        used        free      shared  buff/cache   available
Mem:          48114        7888       31870        2347        8355       36560
Swap:         24191           0       24191
Total:        72306        7888       56062

              total        used        free      shared  buff/cache   available
Mem:          48114        7885       31873        2347        8355       36562
Swap:         24191           0       24191
Total:        72306        7885       56065

              total        used        free      shared  buff/cache   available
Mem:          48114        7885       31873        2347        8355       36563
Swap:         24191           0       24191
Total:        72306        7885       56065

              total        used        free      shared  buff/cache   available
Mem:          48114        7884       31874        2347        8355       36564
Swap:         24191           0       24191
Total:        72306        7884       56066

              total        used        free      shared  buff/cache   available
Mem:          48114        7884       31874        2347        8355       36564
Swap:         24191           0       24191
Total:        72306        7884       56066

              total        used        free      shared  buff/cache   available
Mem:          48114        7883       31874        2347        8356       36564
Swap:         24191           0       24191
Total:        72306        7883       56066

              total        used        free      shared  buff/cache   available
Mem:          48114        7884       31873        2347        8356       36563
Swap:         24191           0       24191
Total:        72306        7884       56065

              total        used        free      shared  buff/cache   available
Mem:          48114        7883       31874        2347        8356       36564
Swap:         24191           0       24191
Total:        72306        7883       56066

              total        used        free      shared  buff/cache   available
Mem:          48114        7883       31874        2347        8356       36564
Swap:         24191           0       24191
Total:        72306        7883       56066

              total        used        free      shared  buff/cache   available
Mem:          48114        7882       31875        2347        8356       36565
Swap:         24191           0       24191
Total:        72306        7882       56067

              total        used        free      shared  buff/cache   available
Mem:          48114        7883       31874        2347        8356       36565
Swap:         24191           0       24191
Total:        72306        7883       56066

              total        used        free      shared  buff/cache   available
Mem:          48114        7881       31875        2347        8356       36566
Swap:         24191           0       24191
Total:        72306        7881       56067

              total        used        free      shared  buff/cache   available
Mem:          48114        7881       31876        2347        8356       36567
Swap:         24191           0       24191
Total:        72306        7881       56068

              total        used        free      shared  buff/cache   available
Mem:          48114        7882       31875        2347        8356       36566
Swap:         24191           0       24191
Total:        72306        7882       56067

              total        used        free      shared  buff/cache   available
Mem:          48114        7882       31874        2347        8357       36565
Swap:         24191           0       24191
Total:        72306        7882       56066

              total        used        free      shared  buff/cache   available
Mem:          48114        7881       31875        2347        8357       36567
Swap:         24191           0       24191
Total:        72306        7881       56067

              total        used        free      shared  buff/cache   available
Mem:          48114        7883       31873        2347        8357       36564
Swap:         24191           0       24191
Total:        72306        7883       56065

              total        used        free      shared  buff/cache   available
Mem:          48114        7882       31873        2347        8357       36565
Swap:         24191           0       24191
Total:        72306        7882       56065

              total        used        free      shared  buff/cache   available
Mem:          48114        7883       31872        2347        8357       36564
Swap:         24191           0       24191
Total:        72306        7883       56064

              total        used        free      shared  buff/cache   available
Mem:          48114        7881       31874        2347        8357       36566
Swap:         24191           0       24191
Total:        72306        7881       56066

              total        used        free      shared  buff/cache   available
Mem:          48114        7882       31874        2347        8357       36565
Swap:         24191           0       24191
Total:        72306        7882       56066

              total        used        free      shared  buff/cache   available
Mem:          48114        7882       31873        2347        8357       36565
Swap:         24191           0       24191
Total:        72306        7882       56065

              total        used        free      shared  buff/cache   available
Mem:          48114        7884       31871        2347        8358       36563
Swap:         24191           0       24191
Total:        72306        7884       56063

              total        used        free      shared  buff/cache   available
Mem:          48114        7884       31871        2347        8358       36563
Swap:         24191           0       24191
Total:        72306        7884       56063

              total        used        free      shared  buff/cache   available
Mem:          48114        7884       31871        2347        8358       36563
Swap:         24191           0       24191
Total:        72306        7884       56063

              total        used        free      shared  buff/cache   available
Mem:          48114        7884       31871        2347        8358       36563
Swap:         24191           0       24191
Total:        72306        7884       56063

              total        used        free      shared  buff/cache   available
Mem:          48114        7885       31870        2347        8358       36563
Swap:         24191           0       24191
Total:        72306        7885       56062

              total        used        free      shared  buff/cache   available
Mem:          48114        7884       31871        2347        8358       36563
Swap:         24191           0       24191
Total:        72306        7884       56063

              total        used        free      shared  buff/cache   available
Mem:          48114        7885       31869        2347        8358       36562
Swap:         24191           0       24191
Total:        72306        7885       56061

              total        used        free      shared  buff/cache   available
Mem:          48114        7885       31869        2347        8358       36562
Swap:         24191           0       24191
Total:        72306        7885       56061

              total        used        free      shared  buff/cache   available
Mem:          48114        7886       31869        2347        8358       36562
Swap:         24191           0       24191
Total:        72306        7886       56061

              total        used        free      shared  buff/cache   available
Mem:          48114        7885       31869        2347        8359       36562
Swap:         24191           0       24191
Total:        72306        7885       56061

              total        used        free      shared  buff/cache   available
Mem:          48114        7886       31868        2347        8359       36561
Swap:         24191           0       24191
Total:        72306        7886       56060

              total        used        free      shared  buff/cache   available
Mem:          48114        7886       31868        2347        8359       36562
Swap:         24191           0       24191
Total:        72306        7886       56060

              total        used        free      shared  buff/cache   available
Mem:          48114        7886       31867        2347        8359       36561
Swap:         24191           0       24191
Total:        72306        7886       56059

              total        used        free      shared  buff/cache   available
Mem:          48114        7888       31866        2347        8359       36559
Swap:         24191           0       24191
Total:        72306        7888       56058

              total        used        free      shared  buff/cache   available
Mem:          48114        7887       31867        2347        8359       36560
Swap:         24191           0       24191
Total:        72306        7887       56059

              total        used        free      shared  buff/cache   available
Mem:          48114        7885       31869        2347        8359       36563
Swap:         24191           0       24191
Total:        72306        7885       56061

              total        used        free      shared  buff/cache   available
Mem:          48114        7887       31866        2347        8359       36560
Swap:         24191           0       24191
Total:        72306        7887       56058

              total        used        free      shared  buff/cache   available
Mem:          48114        7885       31868        2347        8359       36562
Swap:         24191           0       24191
Total:        72306        7885       56060

              total        used        free      shared  buff/cache   available
Mem:          48114        7886       31867        2347        8359       36561
Swap:         24191           0       24191
Total:        72306        7886       56059

              total        used        free      shared  buff/cache   available
Mem:          48114        7887       31867        2347        8360       36561
Swap:         24191           0       24191
Total:        72306        7887       56059

              total        used        free      shared  buff/cache   available
Mem:          48114        7886       31867        2347        8360       36561
Swap:         24191           0       24191
Total:        72306        7886       56059

              total        used        free      shared  buff/cache   available
Mem:          48114        7886       31867        2347        8360       36561
Swap:         24191           0       24191
Total:        72306        7886       56059

              total        used        free      shared  buff/cache   available
Mem:          48114        7888       31865        2347        8360       36559
Swap:         24191           0       24191
Total:        72306        7888       56057

              total        used        free      shared  buff/cache   available
Mem:          48114        7886       31867        2347        8360       36561
Swap:         24191           0       24191
Total:        72306        7886       56059

              total        used        free      shared  buff/cache   available
Mem:          48114        7885       31867        2347        8360       36562
Swap:         24191           0       24191
Total:        72306        7885       56059

              total        used        free      shared  buff/cache   available
Mem:          48114        7887       31866        2347        8360       36561
Swap:         24191           0       24191
Total:        72306        7887       56058

              total        used        free      shared  buff/cache   available
Mem:          48114        7890       31863        2347        8360       36558
Swap:         24191           0       24191
Total:        72306        7890       56055

              total        used        free      shared  buff/cache   available
Mem:          48114        7888       31864        2347        8360       36560
Swap:         24191           0       24191
Total:        72306        7888       56056

              total        used        free      shared  buff/cache   available
Mem:          48114        7888       31864        2347        8361       36559
Swap:         24191           0       24191
Total:        72306        7888       56056

              total        used        free      shared  buff/cache   available
Mem:          48114        7889       31864        2347        8361       36559
Swap:         24191           0       24191
Total:        72306        7889       56056

              total        used        free      shared  buff/cache   available
Mem:          48114        7889       31863        2347        8361       36558
Swap:         24191           0       24191
Total:        72306        7889       56055

              total        used        free      shared  buff/cache   available
Mem:          48114        7889       31863        2347        8361       36559
Swap:         24191           0       24191
Total:        72306        7889       56055

              total        used        free      shared  buff/cache   available
Mem:          48114        7889       31863        2347        8361       36559
Swap:         24191           0       24191
Total:        72306        7889       56055

              total        used        free      shared  buff/cache   available
Mem:          48114        7888       31863        2347        8361       36559
Swap:         24191           0       24191
Total:        72306        7888       56055

              total        used        free      shared  buff/cache   available
Mem:          48114        7888       31864        2347        8361       36559
Swap:         24191           0       24191
Total:        72306        7888       56056

              total        used        free      shared  buff/cache   available
Mem:          48114        7888       31864        2347        8361       36560
Swap:         24191           0       24191
Total:        72306        7888       56056

              total        used        free      shared  buff/cache   available
Mem:          48114        7889       31862        2347        8361       36558
Swap:         24191           0       24191
Total:        72306        7889       56054

              total        used        free      shared  buff/cache   available
Mem:          48114        7888       31864        2347        8362       36560
Swap:         24191           0       24191
Total:        72306        7888       56056

              total        used        free      shared  buff/cache   available
Mem:          48114        7888       31863        2347        8362       36559
Swap:         24191           0       24191
Total:        72306        7888       56055

              total        used        free      shared  buff/cache   available
Mem:          48114        7898       31853        2347        8362       36549
Swap:         24191           0       24191
Total:        72306        7898       56045

              total        used        free      shared  buff/cache   available
Mem:          48114        7887       31864        2347        8362       36560
Swap:         24191           0       24191
Total:        72306        7887       56056

              total        used        free      shared  buff/cache   available
Mem:          48114        7889       31861        2347        8362       36558
Swap:         24191           0       24191
Total:        72306        7889       56053

              total        used        free      shared  buff/cache   available
Mem:          48114        7886       31864        2347        8362       36561
Swap:         24191           0       24191
Total:        72306        7886       56056

              total        used        free      shared  buff/cache   available
Mem:          48114        7888       31862        2347        8363       36559
Swap:         24191           0       24191
Total:        72306        7888       56054

              total        used        free      shared  buff/cache   available
Mem:          48114        7890       31860        2347        8363       36557
Swap:         24191           0       24191
Total:        72306        7890       56052

              total        used        free      shared  buff/cache   available
Mem:          48114        7889       31861        2347        8363       36558
Swap:         24191           0       24191
Total:        72306        7889       56053

              total        used        free      shared  buff/cache   available
Mem:          48114        7890       31860        2347        8363       36557
Swap:         24191           0       24191
Total:        72306        7890       56052

              total        used        free      shared  buff/cache   available
Mem:          48114        7888       31862        2347        8363       36559
Swap:         24191           0       24191
Total:        72306        7888       56054

              total        used        free      shared  buff/cache   available
Mem:          48114        7886       31864        2347        8363       36561
Swap:         24191           0       24191
Total:        72306        7886       56056

              total        used        free      shared  buff/cache   available
Mem:          48114        7889       31861        2347        8363       36558
Swap:         24191           0       24191
Total:        72306        7889       56053

              total        used        free      shared  buff/cache   available
Mem:          48114        7889       31860        2347        8363       36558
Swap:         24191           0       24191
Total:        72306        7889       56052

              total        used        free      shared  buff/cache   available
Mem:          48114        7888       31862        2347        8363       36559
Swap:         24191           0       24191
Total:        72306        7888       56054

              total        used        free      shared  buff/cache   available
Mem:          48114        7886       31863        2347        8363       36561
Swap:         24191           0       24191
Total:        72306        7886       56055

              total        used        free      shared  buff/cache   available
Mem:          48114        7885       31864        2347        8363       36562
Swap:         24191           0       24191
Total:        72306        7885       56056

              total        used        free      shared  buff/cache   available
Mem:          48114        7889       31860        2347        8364       36558
Swap:         24191           0       24191
Total:        72306        7889       56052

              total        used        free      shared  buff/cache   available
Mem:          48114        7885       31864        2347        8364       36562
Swap:         24191           0       24191
Total:        72306        7885       56056

              total        used        free      shared  buff/cache   available
Mem:          48114        7887       31862        2347        8364       36560
Swap:         24191           0       24191
Total:        72306        7887       56053

              total        used        free      shared  buff/cache   available
Mem:          48114        7887       31861        2347        8364       36560
Swap:         24191           0       24191
Total:        72306        7887       56053

              total        used        free      shared  buff/cache   available
Mem:          48114        7888       31861        2347        8364       36559
Swap:         24191           0       24191
Total:        72306        7888       56053

              total        used        free      shared  buff/cache   available
Mem:          48114        7886       31863        2347        8364       36561
Swap:         24191           0       24191
Total:        72306        7886       56055

              total        used        free      shared  buff/cache   available
Mem:          48114        7889       31860        2347        8364       36558
Swap:         24191           0       24191
Total:        72306        7889       56052

              total        used        free      shared  buff/cache   available
Mem:          48114        7890       31859        2347        8364       36557
Swap:         24191           0       24191
Total:        72306        7890       56051

              total        used        free      shared  buff/cache   available
Mem:          48114        7891       31857        2347        8364       36556
Swap:         24191           0       24191
Total:        72306        7891       56049

              total        used        free      shared  buff/cache   available
Mem:          48114        7888       31860        2347        8365       36559
Swap:         24191           0       24191
Total:        72306        7888       56052

              total        used        free      shared  buff/cache   available
Mem:          48114        7891       31857        2347        8365       36556
Swap:         24191           0       24191
Total:        72306        7891       56049

              total        used        free      shared  buff/cache   available
Mem:          48114        7887       31861        2347        8365       36560
Swap:         24191           0       24191
Total:        72306        7887       56053

              total        used        free      shared  buff/cache   available
Mem:          48114        7890       31858        2347        8365       36557
Swap:         24191           0       24191
Total:        72306        7890       56050

              total        used        free      shared  buff/cache   available
Mem:          48114        7888       31860        2347        8365       36560
Swap:         24191           0       24191
Total:        72306        7888       56052

              total        used        free      shared  buff/cache   available
Mem:          48114        7886       31862        2347        8365       36561
Swap:         24191           0       24191
Total:        72306        7886       56054
