09:12:04 PM      eth0     37.00     33.00     10.63      8.73      0.00      0.00      0.00
09:12:05 PM      eth0     30.00     28.00      6.86      6.15      0.00      0.00      0.00
09:12:06 PM      eth0     38.00     34.00     10.72      8.86      0.00      0.00      0.00
09:12:07 PM      eth0     36.00     35.00      7.79      8.27      0.00      0.00      0.00
09:12:08 PM      eth0     37.00     34.00     10.63      8.86      0.00      0.00      0.00
09:12:09 PM      eth0     42.00     39.00     11.34      9.71      0.00      0.00      0.00
09:12:10 PM      eth0     72.00     78.00     19.64     18.63      0.00      0.00      0.00
09:12:11 PM      eth0     29.00     24.00      6.61      5.56      0.00      0.00      0.00
09:12:12 PM      eth0      6.00      0.00      0.35      0.00      0.00      0.00      0.00
09:12:13 PM      eth0     77.00     75.00     22.03     18.82      0.00      0.00      0.00
09:12:14 PM      eth0     78.00     75.00     21.61     18.98      0.00      0.00      0.00
09:12:15 PM      eth0     27.00     27.00      7.20      5.86      0.00      0.00      0.00
09:12:16 PM      eth0     28.00     27.00      6.75      6.02      0.00      0.00      0.00
09:12:17 PM      eth0      5.00      0.00      0.57      0.00      0.00      0.00      0.00
09:12:18 PM      eth0     76.00     74.00     21.97     18.71      0.00      0.00      0.00
09:12:19 PM      eth0     51.00     49.00     12.64     11.18      0.00      0.00      0.00
09:12:20 PM      eth0     52.00     51.00     13.56     12.74      0.00      0.00      0.00
09:12:21 PM      eth0     29.00     30.00     11.63      8.76      0.00      0.00      0.00
09:12:22 PM      eth0     37.00     37.00     10.86      9.32      0.00      0.00      0.00
09:12:23 PM      eth0     81.00     78.00     22.63     19.35      0.00      0.00      0.00
09:12:24 PM      eth0     10.00      8.00      1.18      1.22      0.00      0.00      0.00
09:12:25 PM      eth0     29.00     25.00      7.29      6.63      0.00      0.00      0.00
09:12:26 PM      eth0     40.00     35.00     10.60      9.14      0.00      0.00      0.00
09:12:27 PM      eth0     66.00     67.00     18.52     15.70      0.00      0.00      0.00
09:12:28 PM      eth0     49.00     48.00     12.52     11.07      0.00      0.00      0.00
09:12:29 PM      eth0      7.00      0.00      0.93      0.00      0.00      0.00      0.00
09:12:30 PM      eth0     68.00     64.00     18.72     16.57      0.00      0.00      0.00
09:12:31 PM      eth0     69.00     69.00     18.21     16.10      0.00      0.00      0.00
09:12:32 PM      eth0 306703.00  44325.00 453284.55   5021.39      0.00      0.00      0.00
09:12:33 PM      eth0 477202.00  69607.00 705535.73   7885.17      0.00      0.00      0.00
09:12:34 PM      eth0 471763.00  69638.00 697475.12   7945.94      0.00      0.00      0.00
09:12:35 PM      eth0 483079.00  68542.00 714148.83   7801.59      0.00      0.00      0.00
09:12:36 PM      eth0 489588.00  70558.00 723766.99   8035.95      0.00      0.00      0.00
09:12:37 PM      eth0 491369.00  81337.00 726396.79   9318.45      0.00      0.00      0.00
09:12:38 PM      eth0 495651.00  84365.00 732731.06   9609.55      0.00      0.00      0.00
09:12:39 PM      eth0 495287.00  83433.00 732194.18   9454.14      0.00      0.00      0.00
09:12:40 PM      eth0 492415.00  82970.00 727925.49   9405.67      0.00      0.00      0.00
09:12:41 PM      eth0 492571.00  84112.00 728182.18   9528.31      0.00      0.00      0.00
09:12:42 PM      eth0 492460.00  83029.00 728010.77   9405.58      0.00      0.00      0.00
09:12:43 PM      eth0 492686.00  83102.00 728349.42   9413.88      0.00      0.00      0.00
09:12:44 PM      eth0 490580.00  83673.00 725183.37   9478.58      0.00      0.00      0.00
09:12:45 PM      eth0 490418.00  82655.00 724999.96   9363.26      0.00      0.00      0.00
09:12:46 PM      eth0 490080.00  83735.00 724496.64   9506.27      0.00      0.00      0.00
09:12:47 PM      eth0 481029.00  71948.00 711123.20   8151.16      0.00      0.00      0.00
09:12:48 PM      eth0 480246.00  68830.00 709962.69   7797.15      0.00      0.00      0.00
09:12:49 PM      eth0 477226.00  66804.00 705497.36   7567.59      0.00      0.00      0.00
09:12:50 PM      eth0 473713.00  65402.00 700291.43   7419.91      0.00      0.00      0.00
09:12:51 PM      eth0 470324.00  64737.00 695301.91   7336.12      0.00      0.00      0.00
09:12:52 PM      eth0 466622.00  63462.00 689822.25   7189.01      0.00      0.00      0.00
09:12:53 PM      eth0 465111.00  64622.00 687591.46   7358.91      0.00      0.00      0.00
09:12:54 PM      eth0 461285.00  62869.00 681936.60   7140.12      0.00      0.00      0.00
09:12:55 PM      eth0 457183.00  63390.00 675874.26   7211.51      0.00      0.00      0.00
09:12:56 PM      eth0 456782.00  62368.00 675271.53   7065.10      0.00      0.00      0.00
09:12:57 PM      eth0 434770.00  53700.00 642713.68   6146.50      0.00      0.00      0.00
09:12:58 PM      eth0 429458.00  50499.00 634861.62   5720.54      0.00      0.00      0.00
09:12:59 PM      eth0 430513.00  50285.00 636424.01   5696.35      0.00      0.00      0.00
09:13:00 PM      eth0 430755.00  49602.00 636772.27   5620.63      0.00      0.00      0.00
09:13:01 PM      eth0 431434.00  48916.00 637731.94   5560.25      0.00      0.00      0.00
09:13:02 PM      eth0 431469.00  49516.00 637660.08   5650.27      0.00      0.00      0.00
09:13:03 PM      eth0 431815.00  50066.00 638337.54   5690.03      0.00      0.00      0.00
09:13:04 PM      eth0 427352.00  49832.00 631748.25   5645.03      0.00      0.00      0.00
09:13:05 PM      eth0 426851.00  48653.00 631002.58   5511.40      0.00      0.00      0.00
09:13:06 PM      eth0 426658.00  49282.00 630717.29   5589.04      0.00      0.00      0.00
09:13:07 PM      eth0 436060.00  48790.00 644628.65   5580.08      0.00      0.00      0.00
09:13:08 PM      eth0 433516.00  47887.00 640879.57   5425.72      0.00      0.00      0.00
09:13:09 PM      eth0 435446.00  48331.00 643730.99   5486.59      0.00      0.00      0.00
09:13:10 PM      eth0 436155.00  48371.00 644775.45   5481.19      0.00      0.00      0.00
09:13:11 PM      eth0 437322.00  48535.00 646508.71   5510.25      0.00      0.00      0.00
09:13:12 PM      eth0 434003.00  48320.00 641603.43   5473.75      0.00      0.00      0.00
09:13:13 PM      eth0 431223.00  47544.00 637482.36   5385.75      0.00      0.00      0.00
09:13:14 PM      eth0 434782.00  47762.00 642746.09   5410.47      0.00      0.00      0.00
09:13:15 PM      eth0 436763.00  47864.00 645667.29   5422.05      0.00      0.00      0.00
09:13:16 PM      eth0 436894.00  48603.00 645866.46   5513.95      0.00      0.00      0.00
09:13:17 PM      eth0 434350.00  47276.00 642087.64   5358.34      0.00      0.00      0.00
09:13:18 PM      eth0 430956.00  49010.00 637079.43   5577.21      0.00      0.00      0.00
09:13:19 PM      eth0 432743.00  48901.00 639733.83   5543.05      0.00      0.00      0.00
09:13:20 PM      eth0 433064.00  48667.00 640179.25   5514.69      0.00      0.00      0.00
09:13:21 PM      eth0 432907.00  48604.00 639935.90   5513.99      0.00      0.00      0.00
09:13:22 PM      eth0 436000.00  49724.00 644520.80   5633.65      0.00      0.00      0.00
09:13:23 PM      eth0 436512.00  49495.00 645286.60   5606.86      0.00      0.00      0.00
09:13:24 PM      eth0 433413.00  49401.00 640703.93   5598.12      0.00      0.00      0.00
09:13:25 PM      eth0 438816.00  48968.00 648678.55   5548.65      0.00      0.00      0.00
09:13:26 PM      eth0 438205.00  48413.00 647775.42   5484.26      0.00      0.00      0.00
09:13:27 PM      eth0 464927.00  52478.00 687282.97   6007.10      0.00      0.00      0.00
09:13:28 PM      eth0 469397.00  52664.00 693896.92   5965.80      0.00      0.00      0.00
09:13:29 PM      eth0 467553.00  50925.00 691170.12   5778.25      0.00      0.00      0.00
09:13:30 PM      eth0 462796.00  50711.00 684130.99   5754.63      0.00      0.00      0.00
09:13:31 PM      eth0 459981.00  50004.00 679971.37   5664.52      0.00      0.00      0.00
09:13:32 PM      eth0 461713.00  49769.00 682524.70   5637.78      0.00      0.00      0.00
09:13:33 PM      eth0 459083.00  49317.00 678643.24   5586.62      0.00      0.00      0.00
09:13:34 PM      eth0 459226.00  49399.00 678846.65   5595.96      0.00      0.00      0.00
09:13:35 PM      eth0 458247.00  49067.00 677407.56   5558.37      0.00      0.00      0.00
09:13:36 PM      eth0 457745.00  48571.00 676660.19   5502.11      0.00      0.00      0.00
09:13:37 PM      eth0 405089.00  50075.00 598828.48   5697.51      0.00      0.00      0.00
09:13:38 PM      eth0 403139.00  49846.00 595959.46   5646.52      0.00      0.00      0.00
09:13:39 PM      eth0 402748.00  48519.00 595383.11   5496.27      0.00      0.00      0.00
09:13:40 PM      eth0 401747.00  48381.00 593895.11   5482.29      0.00      0.00      0.00
09:13:41 PM      eth0 401638.00  48214.00 593747.93   5461.70      0.00      0.00      0.00
09:13:42 PM      eth0 401098.00  48064.00 592948.14   5447.01      0.00      0.00      1.00
09:13:43 PM      eth0 397556.00  47764.00 587704.28   5420.76      0.00      0.00      0.00
09:13:44 PM      eth0 395739.00  47158.00 585016.22   5342.09      0.00      0.00      0.00
09:13:45 PM      eth0 393275.00  46639.00 581377.70   5289.54      0.00      0.00      0.00
09:13:46 PM      eth0 380491.00  47164.00 562478.44   5395.06      0.00      0.00      0.00
09:13:47 PM      eth0 402932.00  49643.00 595667.37   5676.44      0.00      0.00      0.00
09:13:48 PM      eth0 414858.00  52769.00 613307.32   5977.74      0.00      0.00      0.00
09:13:49 PM      eth0 416580.00  51855.00 615846.84   5874.18      0.00      0.00      0.00
09:13:50 PM      eth0 416796.00  51379.00 616148.99   5821.91      0.00      0.00      0.00
09:13:51 PM      eth0 416070.00  50814.00 615080.79   5756.23      0.00      0.00      0.00
09:13:52 PM      eth0 411634.00  50244.00 608518.94   5691.68      0.00      0.00      0.00
09:13:53 PM      eth0 412885.00  49984.00 610363.85   5662.18      0.00      0.00      0.00
09:13:54 PM      eth0 412982.00  49301.00 610511.14   5584.83      0.00      0.00      0.00
09:13:55 PM      eth0 416453.00  49585.00 615638.97   5616.98      0.00      0.00      0.00
09:13:56 PM      eth0 417838.00  49438.00 617687.61   5600.38      0.00      0.00      0.00
09:13:57 PM      eth0 457911.00  54455.00 676922.35   6175.33      0.00      0.00      0.00
09:13:58 PM      eth0 462087.00  54445.00 683095.54   6167.50      0.00      0.00      0.00
09:13:59 PM      eth0 464971.00  55434.00 687362.22   6298.16      0.00      0.00      0.00
09:14:00 PM      eth0 466245.00  54422.00 689238.91   6166.63      0.00      0.00      0.00
09:14:01 PM      eth0 467984.00  54937.00 691768.72   6242.24      0.00      0.00      0.00
09:14:02 PM      eth0 469814.00  55507.00 694342.33   6329.08      0.00      0.00      0.00
09:14:03 PM      eth0 468233.00  56029.00 692181.81   6347.01      0.00      0.00      0.00
09:14:04 PM      eth0 468485.00  55956.00 692555.94   6338.70      0.00      0.00      0.00
09:14:05 PM      eth0 466101.00  54856.00 689029.35   6214.13      0.00      0.00      0.00
09:14:06 PM      eth0 466681.00  56682.00 689896.08   6462.26      0.00      0.00      0.00
09:14:07 PM      eth0 472582.00  65616.00 698629.87   7508.91      0.00      0.00      0.00
09:14:08 PM      eth0 465074.00  62186.00 687538.76   7044.79      0.00      0.00      0.00
09:14:09 PM      eth0 465596.00  61234.00 688313.61   6936.64      0.00      0.00      0.00
09:14:10 PM      eth0 463132.00  61565.00 684662.60   6975.79      0.00      0.00      0.00
09:14:11 PM      eth0 465823.00  61477.00 688641.08   6964.07      0.00      0.00      0.00
09:14:12 PM      eth0 466235.00  61860.00 689248.30   7031.11      0.00      0.00      0.00
09:14:13 PM      eth0 468469.00  62399.00 692558.06   7070.73      0.00      0.00      0.00
09:14:14 PM      eth0 472985.00  63444.00 699234.11   7206.26      0.00      0.00      0.00
09:14:15 PM      eth0 478480.00  64611.00 707347.08   7320.78      0.00      0.00      0.00
09:14:16 PM      eth0 475743.00  64527.00 703314.40   7309.65      0.00      0.00      0.00
09:14:17 PM      eth0 486215.00  68652.00 718799.64   7815.50      0.00      0.00      0.00
09:14:18 PM      eth0 477227.00  64117.00 705513.93   7263.23      0.00      0.00      0.00
09:14:19 PM      eth0 480549.00  64586.00 710428.56   7321.36      0.00      0.00      0.00
09:14:20 PM      eth0 479770.00  63518.00 709259.76   7196.94      0.00      0.00      0.00
09:14:21 PM      eth0 482854.00  63759.00 713809.19   7267.22      0.00      0.00      0.00
09:14:22 PM      eth0 482470.00  63843.00 713264.83   7232.19      0.00      0.00      0.00
09:14:23 PM      eth0 483594.00  63088.00 714830.31   7197.94      0.00      0.00      0.00
09:14:24 PM      eth0 482810.00  63619.00 713634.86   7248.28      0.00      0.00      0.00
09:14:25 PM      eth0 489503.00  63608.00 723662.49   7212.05      0.00      0.00      0.00
09:14:26 PM      eth0 495521.00  64368.00 732554.67   7293.18      0.00      0.00      0.00
09:14:27 PM      eth0 475550.00  57174.00 703028.83   6517.52      0.00      0.00      0.00
09:14:28 PM      eth0 472082.00  54988.00 697874.29   6232.48      0.00      0.00      0.00
09:14:29 PM      eth0 472635.00  54595.00 698681.04   6184.57      0.00      0.00      0.00
09:14:30 PM      eth0 474014.00  54154.00 700713.99   6136.29      0.00      0.00      0.00
09:14:31 PM      eth0 473576.00  53815.00 700074.31   6096.18      0.00      0.00      0.00
09:14:32 PM      eth0 470309.00  54258.00 695246.52   6174.32      0.00      0.00      0.00
09:14:33 PM      eth0 475553.00  54191.00 702996.04   6138.68      0.00      0.00      0.00
09:14:34 PM      eth0 474134.00  54185.00 700903.40   6147.26      0.00      0.00      0.00
09:14:35 PM      eth0 476668.00  54561.00 704647.91   6180.71      0.00      0.00      0.00
09:14:36 PM      eth0 478353.00  55030.00 707138.27   6233.84      0.00      0.00      0.00
09:14:37 PM      eth0 476640.00  55052.00 704600.86   6274.49      0.00      0.00      0.00
09:14:38 PM      eth0 477941.00  54534.00 706531.52   6177.68      0.00      0.00      0.00
09:14:39 PM      eth0 479797.00  54754.00 709272.42   6202.60      0.00      0.00      0.00
09:14:40 PM      eth0 482182.00  54100.00 712788.47   6130.10      0.00      0.00      0.00
09:14:41 PM      eth0 486417.00  54865.00 719061.28   6233.01      0.00      0.00      0.00
09:14:42 PM      eth0 487719.00  55102.00 720987.18   6241.98      0.00      0.00      0.00
09:14:43 PM      eth0 485774.00  55185.00 718105.74   6251.38      0.00      0.00      0.00
09:14:44 PM      eth0 484584.00  54311.00 716352.99   6152.37      0.00      0.00      0.00
09:14:45 PM      eth0 481266.00  55054.00 711442.72   6236.52      0.00      0.00      0.00
09:14:46 PM      eth0 480926.00  54551.00 710943.16   6179.58      0.00      0.00      0.00
09:14:47 PM      eth0 506831.00  61805.00 749248.68   7066.36      0.00      0.00      0.00
09:14:48 PM      eth0 508228.00  61366.00 751318.59   6953.05      0.00      0.00      0.00
09:14:49 PM      eth0 495012.00  58137.00 731777.49   6596.43      0.00      0.00      0.00
09:14:50 PM      eth0 484603.00  56532.00 716375.27   6427.61      0.00      0.00      0.00
09:14:51 PM      eth0 491608.00  57309.00 726753.52   6496.45      0.00      0.00      0.00
09:14:52 PM      eth0 493036.00  57614.00 728854.41   6526.75      0.00      0.00      0.00
09:14:53 PM      eth0 490199.00  57775.00 724660.30   6575.73      0.00      0.00      0.00
09:14:54 PM      eth0 494021.00  58805.00 730314.79   6665.70      0.00      0.00      0.00
09:14:55 PM      eth0 492879.00  58439.00 728616.50   6619.97      0.00      0.00      0.00
09:14:56 PM      eth0 489730.00  57365.00 723955.10   6498.31      0.00      0.00      0.00
09:14:57 PM      eth0 476971.00  57611.00 705089.06   6548.39      0.00      0.00      0.00
09:14:58 PM      eth0 468876.00  55751.00 693118.08   6315.53      0.00      0.00      0.00
09:14:59 PM      eth0 464763.00  55031.00 687039.55   6233.96      0.00      0.00      0.00
09:15:00 PM      eth0 463869.00  53499.00 685702.40   6062.02      0.00      0.00      0.00
09:15:01 PM      eth0 463429.00  52799.00 685044.84   5993.55      0.00      0.00      0.00
09:15:02 PM      eth0 463900.00  54832.00 685542.95   6258.94      0.00      0.00      0.00
09:15:03 PM      eth0 461272.00  54453.00 681876.93   6168.36      0.00      0.00      0.00
09:15:04 PM      eth0 460722.00  54205.00 681063.40   6140.36      0.00      0.00      0.00
09:15:05 PM      eth0 459221.00  54461.00 678848.13   6176.82      0.00      0.00      0.00
09:15:06 PM      eth0 458901.00  54795.00 678378.46   6207.36      0.00      0.00      0.00
09:15:07 PM      eth0 449292.00  56483.00 664185.02   6497.09      0.00      0.00      0.00
09:15:08 PM      eth0 463902.00  59437.00 685794.15   6744.83      0.00      0.00      0.00
09:15:09 PM      eth0 465753.00  58641.00 688529.23   6642.90      0.00      0.00      0.00
09:15:10 PM      eth0 464132.67  58170.30 686129.13   6594.33      0.00      0.00      0.00
09:15:11 PM      eth0 473188.00  59918.00 699517.79   6819.74      0.00      0.00      0.00
09:15:12 PM      eth0 478401.00  59956.00 707235.40   6791.89      0.00      0.00      0.00
09:15:13 PM      eth0 481744.00  59873.00 712176.70   6782.49      0.00      0.00      0.00
09:15:14 PM      eth0 484173.00  59803.00 715759.55   6774.54      0.00      0.00      0.00
09:15:15 PM      eth0 487903.00  59651.00 721266.10   6757.32      0.00      0.00      0.00
09:15:16 PM      eth0 487851.00  59365.00 721185.77   6724.92      0.00      0.00      0.00
09:15:17 PM      eth0 494890.00  60024.00 731594.67   6799.55      0.00      0.00      0.00
09:15:18 PM      eth0 495096.00  59286.00 731904.25   6715.99      0.00      0.00      0.00
09:15:19 PM      eth0 494351.00  58699.00 730787.08   6649.43      0.00      0.00      0.00
09:15:20 PM      eth0 492742.00  58655.00 728422.57   6651.94      0.00      0.00      0.00
09:15:21 PM      eth0 492573.00  58449.00 728134.09   6629.75      0.00      0.00      0.00
09:15:22 PM      eth0 488764.00  58062.00 722529.94   6578.74      0.00      0.00      0.00
09:15:23 PM      eth0 487344.00  58935.00 720428.72   6734.12      0.00      0.00      0.00
09:15:24 PM      eth0 488810.00  57859.00 722597.76   6554.32      0.00      0.00      0.00
09:15:25 PM      eth0 483144.00  57317.00 714218.72   6509.60      0.00      0.00      0.00
09:15:26 PM      eth0 480484.00  57576.00 710273.32   6541.54      0.00      0.00      0.00
09:15:27 PM      eth0 451257.00  54183.00 667092.08   6173.20      0.00      0.00      0.00
09:15:28 PM      eth0 448656.00  55728.00 663250.44   6312.89      0.00      0.00      0.00
09:15:29 PM      eth0 449843.00  56141.00 665007.99   6359.72      0.00      0.00      0.00
09:15:30 PM      eth0 449671.00  55761.00 664746.01   6328.58      0.00      0.00      0.00
09:15:31 PM      eth0 451679.00  54915.00 667719.65   6220.75      0.00      0.00      0.00
09:15:32 PM      eth0 449694.00  55120.00 664779.09   6244.02      0.00      0.00      0.00
09:15:33 PM      eth0 451123.00  55135.00 666890.08   6245.67      0.00      0.00      0.00
09:15:34 PM      eth0 450556.00  55105.00 666053.84   6242.34      0.00      0.00      0.00
09:15:35 PM      eth0 450772.00  54640.00 666375.65   6189.69      0.00      0.00      0.00
09:15:36 PM      eth0 449702.00  53859.00 664794.02   6101.14      0.00      0.00      0.00
09:15:37 PM      eth0 463324.00  56241.00 684923.36   6446.27      0.00      0.00      0.00
09:15:38 PM      eth0 463258.00  55363.00 684831.25   6306.46      0.00      0.00      0.00
09:15:39 PM      eth0 459477.00  54347.00 679239.11   6156.45      0.00      0.00      0.00
09:15:40 PM      eth0 457704.00  54098.00 676607.47   6134.78      0.00      0.00      0.00
09:15:41 PM      eth0 451548.00  53600.00 667522.23   6085.96      0.00      0.00      0.00
09:15:42 PM      eth0 446898.00  52661.00 660650.30   5965.50      0.00      0.00      0.00
09:15:43 PM      eth0 445626.00  52644.00 658765.83   5963.51      0.00      0.00      0.00
09:15:44 PM      eth0 443068.00  52039.00 654981.82   5895.02      0.00      0.00      0.00
09:15:45 PM      eth0 443721.00  53786.00 655945.58   6146.23      0.00      0.00      0.00
09:15:46 PM      eth0 442465.00  52696.00 654087.68   5969.45      0.00      0.00      0.00
09:15:47 PM      eth0 451302.00  54683.00 667153.84   6284.96      0.00      0.00      0.00
09:15:48 PM      eth0 450182.00  52941.00 665500.74   5997.36      0.00      0.00      0.00
09:15:49 PM      eth0 445959.00  51721.00 659252.64   5858.93      0.00      0.00      0.00
09:15:50 PM      eth0 443370.00  51967.00 655412.41   5916.71      0.00      0.00      0.00
09:15:51 PM      eth0 447434.00  51997.00 661433.56   5890.26      0.00      0.00      0.00
09:15:52 PM      eth0 447359.00  51338.00 661314.60   5815.59      0.00      0.00      0.00
09:15:53 PM      eth0 445951.00  51337.00 659241.22   5815.50      0.00      0.00      0.00
09:15:54 PM      eth0 448131.00  51910.00 662456.35   5921.50      0.00      0.00      0.00
09:15:55 PM      eth0 437970.00  49795.00 647436.01   5654.11      0.00      0.00      0.00
09:15:56 PM      eth0 430579.00  49346.00 636507.83   5589.93      0.00      0.00      0.00
09:15:57 PM      eth0 454562.00  59016.00 671982.03   6709.15      0.00      0.00      0.00
09:15:58 PM      eth0 457349.00  58499.00 676100.07   6626.82      0.00      0.00      0.00
09:15:59 PM      eth0 459611.00  59778.00 679446.23   6775.30      0.00      0.00      0.00
09:16:00 PM      eth0 466470.00  61036.00 689577.77   6915.85      0.00      0.00      0.00
09:16:01 PM      eth0 471779.00  60781.00 697434.90   6889.38      0.00      0.00      0.00
09:16:02 PM      eth0 479650.00  62735.00 709068.46   7112.95      0.00      0.00      0.00
09:16:03 PM      eth0 476293.00  60609.00 704116.02   6871.73      0.00      0.00      0.00
09:16:04 PM      eth0 475034.00  62096.00 701998.82   7088.19      0.00      0.00      0.00
09:16:05 PM      eth0 470631.00  60244.00 695746.60   6824.52      0.00      0.00      0.00
09:16:06 PM      eth0 466293.00  59448.00 689325.60   6734.32      0.00      0.00      0.00
09:16:07 PM      eth0 455392.00  52958.00 673196.03   6000.53      0.00      0.00      0.00
09:16:08 PM      eth0 454624.00  52298.00 672065.74   5924.38      0.00      0.00      0.00
09:16:09 PM      eth0 455641.00  51646.00 673556.64   5890.93      0.00      0.00      0.00
09:16:10 PM      eth0 457654.00  52907.00 676530.56   5995.01      0.00      0.00      0.00
09:16:11 PM      eth0 456884.00  52767.00 675400.54   5977.46      0.00      0.00      0.00
09:16:12 PM      eth0 456389.00  53258.00 674671.93   6033.13      0.00      0.00      0.00
09:16:13 PM      eth0 458013.00  53432.00 677068.86   6052.84      0.00      0.00      0.00
09:16:14 PM      eth0 455419.00  52548.00 673232.37   5952.63      0.00      0.00      0.00
09:16:15 PM      eth0 457367.00  53372.00 676114.27   6046.88      0.00      0.00      0.00
09:16:16 PM      eth0 448460.00  51858.00 662941.14   5932.58      0.00      0.00      0.00
09:16:17 PM      eth0 464063.00  53686.00 686012.42   6104.93      0.00      0.00      0.00
09:16:18 PM      eth0 473083.00  54133.00 699348.90   6132.23      0.00      0.00      0.00
09:16:19 PM      eth0 474447.00  53296.00 701365.67   6037.39      0.00      0.00      0.00
09:16:20 PM      eth0 475771.00  54686.00 703309.35   6245.05      0.00      0.00      0.00
09:16:21 PM      eth0 497302.00  59064.00 735139.69   6716.41      0.00      0.00      0.00
09:16:22 PM      eth0 499221.00  59605.00 738000.71   6774.61      0.00      0.00      0.00
09:16:23 PM      eth0 498471.00  58832.00 736883.01   6664.65      0.00      0.00      0.00
09:16:24 PM      eth0 491424.00  58632.00 726367.05   6937.03      0.00      0.00      0.00
09:16:25 PM      eth0 485735.00  57222.00 717883.00   7075.32      0.00      0.00      0.00
09:16:26 PM      eth0 482309.00  56050.00 712990.85   6349.37      0.00      0.00      0.00
09:16:27 PM      eth0 456682.00  53574.00 675089.51   6140.86      0.00      0.00      0.00
09:16:28 PM      eth0 448945.00  51914.00 663664.20   5880.86      0.00      0.00      0.00
09:16:29 PM      eth0 457316.00  52574.00 676035.04   5955.62      0.00      0.00      0.00
09:16:30 PM      eth0 464504.00  53556.00 686653.07   6080.32      0.00      0.00      0.00
09:16:31 PM      eth0 466802.00  53729.00 690062.65   6101.78      0.00      0.00      0.00
09:16:32 PM      eth0 473860.00  54269.00 700493.55   6147.64      0.00      0.00      0.00
09:16:33 PM      eth0 472216.00  53414.00 698061.71   6050.71      0.00      0.00      0.00
09:16:34 PM      eth0 466148.00  53775.00 689095.58   6100.90      0.00      0.00      0.00
09:16:35 PM      eth0 469636.00  54634.00 694255.24   6204.85      0.00      0.00      0.00
09:16:36 PM      eth0 470750.00  54062.00 695902.92   6124.21      0.00      0.00      0.00
09:16:37 PM      eth0 444672.00  57574.00 657337.72   6591.77      0.00      0.00      0.00
09:16:38 PM      eth0 438731.00  55392.00 648571.86   6274.78      0.00      0.00      0.00
09:16:39 PM      eth0 441029.00  56365.00 651969.47   6385.03      0.00      0.00      0.00
09:16:40 PM      eth0 443862.00  56837.00 656150.05   6440.20      0.00      0.00      0.00
09:16:41 PM      eth0 446710.00  56995.00 660370.04   6456.44      0.00      0.00      0.00
09:16:42 PM      eth0 445362.00  57168.00 658373.95   6514.73      0.00      0.00      0.00
09:16:43 PM      eth0 448454.00  58045.00 662946.64   6575.74      0.00      0.00      0.00
09:16:44 PM      eth0 445388.00  57504.00 658415.85   6514.10      0.00      0.00      0.00
09:16:45 PM      eth0 441597.00  55123.00 652810.44   6244.36      0.00      0.00      0.00
09:16:46 PM      eth0 439082.00  56249.00 649086.75   6371.86      0.00      0.00      0.00
09:16:47 PM      eth0 503902.00  73891.00 744901.39   8456.28      0.00      0.00      0.00
09:16:48 PM      eth0 520094.00  77664.00 768832.36   8803.02      0.00      0.00      0.00
09:16:49 PM      eth0 516624.00  73600.00 763701.15   8337.50      0.00      0.00      0.00
09:16:50 PM      eth0 516350.00  73905.00 763278.41   8386.05      0.00      0.00      0.00
09:16:51 PM      eth0 514820.00  73853.00 761034.91   8417.52      0.00      0.00      0.00
09:16:52 PM      eth0 514157.00  73340.00 760060.76   8308.00      0.00      0.00      0.00
09:16:53 PM      eth0 514161.00  73933.00 760065.55   8392.72      0.00      0.00      0.00
09:16:54 PM      eth0 513423.00  72885.00 758970.35   8272.64      0.00      0.00      0.00
09:16:55 PM      eth0 516156.00  74470.00 763009.10   8435.89      0.00      0.00      0.00
09:16:56 PM      eth0 514138.00  74348.00 760037.91   8438.47      0.00      0.00      0.00
09:16:57 PM      eth0 470558.00  65501.00 695621.76   7486.03      0.00      0.00      0.00
09:16:58 PM      eth0 460427.00  64358.00 680656.96   7306.04      0.00      0.00      0.00
09:16:59 PM      eth0 459050.00  63322.00 678612.29   7173.12      0.00      0.00      0.00
09:17:00 PM      eth0 461307.00  63900.00 681945.78   7267.75      0.00      0.00      0.00
09:17:01 PM      eth0 459372.00  63694.00 679092.02   7217.87      0.00      0.00      0.00
09:17:02 PM      eth0 458921.00  62493.00 678426.10   7079.29      0.00      0.00      1.00
09:17:03 PM      eth0 458550.00  62097.00 677863.97   7046.74      0.00      0.00      0.00
09:17:04 PM      eth0 462552.00  61495.00 683791.13   6966.18      0.00      0.00      0.00
09:17:05 PM      eth0 459224.00  60639.00 678837.80   6883.44      0.00      0.00      0.00
09:17:06 PM      eth0 459249.00  61154.00 678710.27   6973.48      0.00      0.00      0.00
09:17:07 PM      eth0 470888.00  78085.00 696115.87   8928.70      0.00      0.00      0.00
09:17:08 PM      eth0 471578.00  77419.00 697143.51   8771.58      0.00      0.00      0.00
09:17:09 PM      eth0 470389.00  76864.00 695389.47   8707.23      0.00      0.00      0.00
09:17:10 PM      eth0 469876.00  77724.00 694616.62   8850.92      0.00      0.00      0.00
09:17:11 PM      eth0 462689.00  75666.00 684005.18   8617.97      0.00      0.00      0.00
09:17:12 PM      eth0 461616.00  73989.00 682414.38   8381.57      0.00      0.00      0.00
09:17:13 PM      eth0 466865.00  76440.00 690179.08   8681.80      0.00      0.00      0.00
09:17:14 PM      eth0 473008.00  77400.00 699256.62   8767.95      0.00      0.00      0.00
09:17:15 PM      eth0 473028.00  76557.00 699272.05   8684.78      0.00      0.00      0.00
09:17:16 PM      eth0 470310.00  75926.00 695264.18   8636.58      0.00      0.00      0.00
09:17:17 PM      eth0 468721.00  59176.00 692895.07   6769.94      0.00      0.00      0.00
09:17:18 PM      eth0 467806.00  54744.00 691539.02   6201.47      0.00      0.00      0.00
09:17:19 PM      eth0 473573.00  55370.00 700062.13   6272.31      0.00      0.00      0.00
09:17:20 PM      eth0 484615.00  57516.00 716399.11   6538.19      0.00      0.00      0.00
09:17:21 PM      eth0 491508.00  58563.00 726581.09   6634.09      0.00      0.00      0.00
09:17:22 PM      eth0 495689.00  58132.00 732723.89   6590.66      0.00      0.00      0.00
09:17:23 PM      eth0 502388.00  58118.00 742648.79   6583.66      0.00      0.00      0.00
09:17:24 PM      eth0 507093.00  59239.00 749599.76   6710.60      0.00      0.00      0.00
09:17:25 PM      eth0 507619.00  57858.00 750380.58   6554.20      0.00      0.00      0.00
09:17:26 PM      eth0 512346.00  60921.00 757356.70   6913.56      0.00      0.00      0.00
09:17:27 PM      eth0 548602.00  85697.00 810980.84   9733.80      0.00      0.00      0.00
09:17:28 PM      eth0 555562.00  86148.00 821282.20   9758.91      0.00      0.00      0.00
09:17:29 PM      eth0 550887.00  87166.00 814349.43   9874.18      0.00      0.00      0.00
09:17:30 PM      eth0 552298.00  88122.00 816422.68   9984.18      0.00      0.00      0.00
09:17:31 PM      eth0 552594.00  87314.00 816880.53   9891.04      0.00      0.00      0.00
09:17:32 PM      eth0 248509.00  36224.00 367316.42   4117.69      0.00      0.00      0.00
09:17:33 PM      eth0     22.00     16.00      4.31      3.13      0.00      0.00      0.00
