09:52:32 PM      eth0     10.00      3.00      0.71      0.26      0.00      0.00      0.00
09:52:33 PM      eth0      7.00      0.00      0.60      0.00      0.00      0.00      0.00
09:52:34 PM      eth0      7.00      1.00      1.29      0.16      0.00      0.00      0.00
09:52:35 PM      eth0     13.00     11.00      2.21      2.90      0.00      0.00      0.00
09:52:36 PM      eth0      4.00      0.00      0.23      0.00      0.00      0.00      0.00
09:52:37 PM      eth0      8.00      1.00      1.42      0.16      0.00      0.00      0.00
09:52:38 PM      eth0      5.00      0.00      0.29      0.00      0.00      0.00      0.00
09:52:39 PM      eth0     14.00      3.00      3.50      0.39      0.00      0.00      0.00
09:52:40 PM      eth0     24.00     16.00      8.55      3.16      0.00      0.00      0.00
09:52:41 PM      eth0     50.00     38.00     23.00      7.20      0.00      0.00      0.00
09:52:42 PM      eth0      8.00      1.00      1.56      0.16      0.00      0.00      0.00
09:52:43 PM      eth0      9.00      0.00      0.65      0.00      0.00      0.00      0.00
09:52:44 PM      eth0     16.00      0.00      1.47      0.00      0.00      0.00      1.00
09:52:45 PM      eth0     32.00     16.00      8.11      3.52      0.00      0.00      0.00
09:52:46 PM      eth0     24.00      8.00      8.70      0.91      0.00      0.00      0.00
09:52:47 PM      eth0     15.00      3.00      3.53      0.39      0.00      0.00      0.00
09:52:48 PM      eth0     31.00     18.00     16.93      2.05      0.00      0.00      1.00
09:52:49 PM      eth0     10.00      1.00      1.74      0.16      0.00      0.00      0.00
09:52:50 PM      eth0     15.00      4.00      4.35      0.46      0.00      0.00      0.00
09:52:51 PM      eth0     15.00      2.00      2.75      0.23      0.00      0.00      0.00
09:52:52 PM      eth0     22.00      7.00      7.28      0.85      0.00      0.00      1.00
09:52:53 PM      eth0     18.00      4.00      4.53      0.46      0.00      0.00      0.00
09:52:54 PM      eth0      9.00      1.00      1.40      0.16      0.00      0.00      1.00
09:52:55 PM      eth0     18.00     12.00      2.56      2.95      0.00      0.00      0.00
09:52:56 PM      eth0      9.00      0.00      0.58      0.00      0.00      0.00      0.00
09:52:57 PM      eth0     10.00      1.00      1.52      0.16      0.00      0.00      0.00
09:52:58 PM      eth0      6.00      0.00      0.69      0.00      0.00      0.00      1.00
09:52:59 PM      eth0      6.00      1.00      1.23      0.16      0.00      0.00      0.00
09:53:00 PM      eth0      7.00      0.00      1.04      0.00      0.00      0.00      1.00
09:53:01 PM      eth0      6.00      1.00      1.23      0.16      0.00      0.00      0.00
09:53:02 PM      eth0     15.00     10.00      2.23      2.67      0.00      0.00      0.00
09:53:03 PM      eth0      8.00      1.00      1.92      0.16      0.00      0.00      0.00
09:53:04 PM      eth0      4.00      0.00      0.23      0.00      0.00      0.00      0.00
09:53:05 PM      eth0     14.00     11.00      2.39      2.90      0.00      0.00      0.00
09:53:06 PM      eth0      9.00      1.00      1.95      0.16      0.00      0.00      0.00
09:53:07 PM      eth0      9.00      0.00      0.72      0.00      0.00      0.00      0.00
09:53:08 PM      eth0      7.00      1.00      1.29      0.16      0.00      0.00      0.00
09:53:09 PM      eth0      5.00      0.00      0.35      0.00      0.00      0.00      0.00
09:53:10 PM      eth0     10.00      9.00      1.81      2.41      0.00      0.00      0.00
09:53:11 PM      eth0      5.00      0.00      0.35      0.00      0.00      0.00      0.00
09:53:12 PM      eth0     10.00      1.00      1.74      0.16      0.00      0.00      0.00
09:53:13 PM      eth0      4.00      0.00      0.23      0.00      0.00      0.00      0.00
09:53:14 PM      eth0     16.00     11.00      3.22      2.83      0.00      0.00      0.00
09:53:15 PM      eth0     12.00     11.00      2.15      2.90      0.00      0.00      0.00
09:53:16 PM      eth0     11.00      1.00      2.29      0.16      0.00      0.00      0.00
09:53:17 PM      eth0      6.00      0.00      0.43      0.00      0.00      0.00      0.00
09:53:18 PM      eth0      9.00      1.00      1.52      0.16      0.00      0.00      0.00
09:53:19 PM      eth0      9.00      1.00      0.88      0.04      0.00      0.00      0.00
09:53:20 PM      eth0      6.00      0.00      0.47      0.00      0.00      0.00      0.00
09:53:21 PM      eth0      8.00      1.00      1.84      0.16      0.00      0.00      0.00
09:53:22 PM      eth0      5.00      0.00      0.41      0.00      0.00      0.00      0.00
09:53:23 PM      eth0     32.00     30.00      5.51      9.70      0.00      0.00      0.00
09:53:24 PM      eth0     31.00     31.00     13.16     15.53      0.00      0.00      0.00
09:53:25 PM      eth0     14.00     11.00      2.33      2.90      0.00      0.00      0.00
09:53:26 PM      eth0      5.00      0.00      0.35      0.00      0.00      0.00      0.00
09:53:27 PM      eth0      5.00      1.00      0.30      0.06      0.00      0.00      0.00
09:53:28 PM      eth0      6.00      0.00      0.47      0.00      0.00      0.00      0.00
09:53:29 PM      eth0     16.00     10.00      2.64      2.65      0.00      0.00      0.00
09:53:30 PM      eth0    142.00    188.00     54.97     89.69      0.00      0.00      0.00
09:53:31 PM      eth0 48802564246.00 69142094437.00 51544221543.67 97959637460.42      0.00      0.00 105222.00
09:53:32 PM      eth0 48802564286.00 69142094479.00 51544221553.29 97959637473.87      0.00      0.00 105222.00
09:53:33 PM      eth0     28.00     25.00      7.47      5.13      0.00      0.00      0.00
09:53:34 PM      eth0     13.00     13.00      1.91      2.75      0.00      0.00      0.00
09:53:35 PM      eth0     13.00     11.00      2.21      2.90      0.00      0.00      0.00
09:53:36 PM      eth0     85.00    102.00     25.99     44.29      0.00      0.00      0.00
09:53:37 PM      eth0      5.00      6.00      0.29      0.70      0.00      0.00      0.00
09:53:38 PM      eth0      7.00      1.00      1.57      0.16      0.00      0.00      0.00
09:53:39 PM      eth0     12.00      2.00      1.46      0.08      0.00      0.00      0.00
09:53:40 PM      eth0     12.00      8.00      1.09      2.25      0.00      0.00      0.00
09:53:41 PM      eth0     18.00     17.00      4.46      3.04      0.00      0.00      0.00
09:53:42 PM      eth0     10.00      0.00      0.73      0.00      0.00      0.00      0.00
09:53:43 PM      eth0      5.00      0.00      0.29      0.00      0.00      0.00      0.00
09:53:44 PM      eth0      5.00      0.00      0.29      0.00      0.00      0.00      0.00
09:53:45 PM      eth0     34.00     33.00     16.68     13.46      0.00      0.00      0.00
09:53:46 PM      eth0    114.00    150.00     31.52     72.28      0.00      0.00      0.00
09:53:47 PM      eth0 48802564725.00 69142094944.00 51544221679.32 97959637662.91      0.00      0.00 105222.00
09:53:48 PM      eth0 48802564774.00 69142095000.00 51544221691.26 97959637679.66      0.00      0.00 105222.00
09:53:49 PM      eth0     38.00     38.00     10.66      7.66      0.00      0.00      0.00
09:53:50 PM      eth0     13.00     10.00      1.92      2.34      0.00      0.00      0.00
09:53:51 PM      eth0      6.00      4.00      0.41      0.40      0.00      0.00      0.00
09:53:52 PM      eth0     79.00     96.00     25.75     43.90      0.00      0.00      0.00
09:53:53 PM      eth0      8.00      9.00      0.74      1.05      0.00      0.00      0.00
09:53:54 PM      eth0      7.00      1.00      1.57      0.16      0.00      0.00      0.00
09:53:55 PM      eth0     21.00     25.00      7.10      5.70      0.00      0.00      0.00
09:53:56 PM      eth0      6.00      2.00      0.44      0.19      0.00      0.00      0.00
09:53:57 PM      eth0      6.00      9.00      0.42      1.05      0.00      0.00      0.00
09:53:58 PM      eth0      7.00      0.00      0.47      0.00      0.00      0.00      0.00
09:53:59 PM      eth0      9.00      0.00      1.29      0.00      0.00      0.00      0.00
09:54:00 PM      eth0      6.00      0.00      0.44      0.00      0.00      0.00      0.00
09:54:01 PM      eth0      9.00      1.00      0.65      0.04      0.00      0.00      0.00
09:54:02 PM      eth0     10.00      3.00      1.80      0.25      0.00      0.00      0.00
09:54:03 PM      eth0     15.00     11.00      5.83      2.39      0.00      0.00      0.00
09:54:04 PM      eth0      6.00      6.00      0.41      0.79      0.00      0.00      0.00
09:54:05 PM      eth0     14.00     14.00      2.33      3.26      0.00      0.00      0.00
09:54:06 PM      eth0      6.00      0.00      0.41      0.00      0.00      0.00      0.00
09:54:07 PM      eth0      5.00      0.00      0.57      0.00      0.00      0.00      0.00
09:54:08 PM      eth0      9.00      9.00      1.87      2.57      0.00      0.00      0.00
09:54:09 PM      eth0    143.00    196.00     54.50     92.17      0.00      0.00      0.00
09:54:10 PM      eth0 48802565259.00 69142095519.00 51544221832.18 97959637878.92      0.00      0.00 105222.00
09:54:11 PM      eth0 48802565309.00 69142095575.00 51544221847.33 97959637895.40      0.00      0.00 105222.00
09:54:12 PM      eth0     11.00      0.00      1.52      0.00      0.00      0.00      0.00
09:54:13 PM      eth0     33.00     34.00      8.20      7.39      0.00      0.00      0.00
09:54:14 PM      eth0      4.00      0.00      0.29      0.00      0.00      0.00      0.00
09:54:15 PM      eth0     73.00     84.00     29.59     28.63      0.00      0.00      0.00
09:54:16 PM      eth0     58.00     79.00     15.20     30.88      0.00      0.00      0.00
09:54:17 PM      eth0     10.00      2.00      1.74      0.20      0.00      0.00      0.00
09:54:18 PM      eth0      5.00      0.00      0.43      0.00      0.00      0.00      0.00
09:54:19 PM      eth0     16.00     12.00      6.89      2.50      0.00      0.00      0.00
09:54:20 PM      eth0      7.00      6.00      0.99      0.70      0.00      0.00      0.00
09:54:21 PM      eth0      6.00      0.00      0.41      0.00      0.00      0.00      0.00
09:54:22 PM      eth0      6.00      0.00      0.41      0.00      0.00      0.00      0.00
09:54:23 PM      eth0      8.00      0.00      1.42      0.00      0.00      0.00      0.00
09:54:24 PM      eth0     99.00    111.00     44.79     43.78      0.00      0.00      0.00
09:54:25 PM      eth0    177.00    230.00     56.62    108.72      0.00      0.00      0.00
09:59:10 PM      eth0 48816438492.00 69180018408.00 51545865379.85 98015697848.55      0.00      0.00 105223.00
09:59:11 PM      eth0    307.00    403.00     82.96    176.19      0.00      0.00      0.00
09:59:12 PM      eth0    146.00    197.00     36.46     83.18      0.00      0.00      0.00
09:59:13 PM      eth0    258.00    358.00     67.56    175.82      0.00      0.00      0.00
09:59:14 PM      eth0     91.00    119.00     16.43     48.54      0.00      0.00      0.00
09:59:15 PM      eth0     13.00     11.00      2.21      2.90      0.00      0.00      0.00
09:59:16 PM      eth0     15.00      4.00      5.38      0.65      0.00      0.00      0.00
09:59:17 PM      eth0     20.00      6.00      7.93      0.98      0.00      0.00      0.00
09:59:18 PM      eth0     24.00      6.00      8.16      0.98      0.00      0.00      0.00
09:59:19 PM      eth0     90.00     70.00     31.01     19.50      0.00      0.00      0.00
09:59:20 PM      eth0     25.00      3.00      4.84      0.49      0.00      0.00      0.00
09:59:21 PM      eth0     27.00     10.00      5.25      2.75      0.00      0.00      0.00
09:59:22 PM      eth0     69.00     63.00     18.80     20.59      0.00      0.00      0.00
09:59:23 PM      eth0     41.00     38.00     11.78     11.82      0.00      0.00      0.00
09:59:24 PM      eth0     92.00    104.00     26.76     34.21      0.00      0.00      0.00
09:59:25 PM      eth0     48.00     49.00     13.61     14.72      0.00      0.00      0.00
09:59:26 PM      eth0     10.00      2.00      2.84      0.33      0.00      0.00      0.00
09:59:27 PM      eth0     97.00    102.00     28.97     34.38      0.00      0.00      0.00
09:59:28 PM      eth0     18.00      6.00      6.88      0.98      0.00      0.00      0.00
09:59:29 PM      eth0     21.00      8.00      8.79      1.30      0.00      0.00      0.00
09:59:30 PM      eth0     40.00     18.00     20.67      2.94      0.00      0.00      0.00
09:59:31 PM      eth0     44.00     19.00     24.06      3.10      0.00      0.00      0.00
09:59:32 PM      eth0     39.00     33.00      9.25     10.18      0.00      0.00      0.00
