              total        used        free      shared  buff/cache   available
Mem:          48114        1923       42874         913        3316       44686
Swap:         24191           0       24191
Total:        72306        1923       67066

              total        used        free      shared  buff/cache   available
Mem:          48114        1925       42871         913        3316       44684
Swap:         24191           0       24191
Total:        72306        1925       67063

              total        used        free      shared  buff/cache   available
Mem:          48114        1925       42871         913        3316       44684
Swap:         24191           0       24191
Total:        72306        1925       67063

              total        used        free      shared  buff/cache   available
Mem:          48114        1926       42870         913        3316       44683
Swap:         24191           0       24191
Total:        72306        1926       67062

              total        used        free      shared  buff/cache   available
Mem:          48114        1927       42870         913        3316       44683
Swap:         24191           0       24191
Total:        72306        1927       67062

              total        used        free      shared  buff/cache   available
Mem:          48114        1926       42871         913        3317       44683
Swap:         24191           0       24191
Total:        72306        1926       67063

              total        used        free      shared  buff/cache   available
Mem:          48114        1927       42870         913        3317       44682
Swap:         24191           0       24191
Total:        72306        1927       67062

              total        used        free      shared  buff/cache   available
Mem:          48114        1927       42869         913        3317       44682
Swap:         24191           0       24191
Total:        72306        1927       67061

              total        used        free      shared  buff/cache   available
Mem:          48114        1929       42867         913        3317       44680
Swap:         24191           0       24191
Total:        72306        1929       67059

              total        used        free      shared  buff/cache   available
Mem:          48114        1929       42866         913        3317       44680
Swap:         24191           0       24191
Total:        72306        1929       67058

              total        used        free      shared  buff/cache   available
Mem:          48114        1931       42865         913        3317       44678
Swap:         24191           0       24191
Total:        72306        1931       67057

              total        used        free      shared  buff/cache   available
Mem:          48114        1931       42865         913        3317       44678
Swap:         24191           0       24191
Total:        72306        1931       67057

              total        used        free      shared  buff/cache   available
Mem:          48114        1933       42863         913        3317       44676
Swap:         24191           0       24191
Total:        72306        1933       67055

              total        used        free      shared  buff/cache   available
Mem:          48114        1932       42864         913        3317       44677
Swap:         24191           0       24191
Total:        72306        1932       67056

              total        used        free      shared  buff/cache   available
Mem:          48114        1993       42802         913        3318       44616
Swap:         24191           0       24191
Total:        72306        1993       66994

              total        used        free      shared  buff/cache   available
Mem:          48114        2010       42785         913        3317       44599
Swap:         24191           0       24191
Total:        72306        2010       66977

              total        used        free      shared  buff/cache   available
Mem:          48114        2025       42770         913        3318       44584
Swap:         24191           0       24191
Total:        72306        2025       66962

              total        used        free      shared  buff/cache   available
Mem:          48114        2019       42776         913        3318       44590
Swap:         24191           0       24191
Total:        72306        2019       66968

              total        used        free      shared  buff/cache   available
Mem:          48114        2023       42773         913        3318       44587
Swap:         24191           0       24191
Total:        72306        2023       66965

              total        used        free      shared  buff/cache   available
Mem:          48114        2024       42771         913        3318       44585
Swap:         24191           0       24191
Total:        72306        2024       66963

              total        used        free      shared  buff/cache   available
Mem:          48114        2023       42772         913        3318       44586
Swap:         24191           0       24191
Total:        72306        2023       66964

              total        used        free      shared  buff/cache   available
Mem:          48114        2024       42771         913        3318       44585
Swap:         24191           0       24191
Total:        72306        2024       66963

              total        used        free      shared  buff/cache   available
Mem:          48114        2024       42771         913        3318       44585
Swap:         24191           0       24191
Total:        72306        2024       66963

              total        used        free      shared  buff/cache   available
Mem:          48114        2023       42772         913        3318       44586
Swap:         24191           0       24191
Total:        72306        2023       66964

              total        used        free      shared  buff/cache   available
Mem:          48114        2019       42775         913        3318       44590
Swap:         24191           0       24191
Total:        72306        2019       66967

              total        used        free      shared  buff/cache   available
Mem:          48114        2019       42776         913        3318       44591
Swap:         24191           0       24191
Total:        72306        2019       66968

              total        used        free      shared  buff/cache   available
Mem:          48114        2019       42775         913        3318       44590
Swap:         24191           0       24191
Total:        72306        2019       66967

              total        used        free      shared  buff/cache   available
Mem:          48114        2018       42777         913        3319       44591
Swap:         24191           0       24191
Total:        72306        2018       66969

              total        used        free      shared  buff/cache   available
Mem:          48114        2018       42776         913        3318       44591
Swap:         24191           0       24191
Total:        72306        2018       66968

              total        used        free      shared  buff/cache   available
Mem:          48114        2021       42773         913        3319       44588
Swap:         24191           0       24191
Total:        72306        2021       66965

              total        used        free      shared  buff/cache   available
Mem:          48114        2022       42772         913        3319       44587
Swap:         24191           0       24191
Total:        72306        2022       66964

              total        used        free      shared  buff/cache   available
Mem:          48114        2024       42770         913        3319       44586
Swap:         24191           0       24191
Total:        72306        2024       66962

              total        used        free      shared  buff/cache   available
Mem:          48114        2024       42770         913        3319       44585
Swap:         24191           0       24191
Total:        72306        2024       66962

              total        used        free      shared  buff/cache   available
Mem:          48114        2025       42769         913        3319       44584
Swap:         24191           0       24191
Total:        72306        2025       66961

              total        used        free      shared  buff/cache   available
Mem:          48114        2027       42767         913        3319       44583
Swap:         24191           0       24191
Total:        72306        2027       66959

              total        used        free      shared  buff/cache   available
Mem:          48114        2030       42764         913        3319       44579
Swap:         24191           0       24191
Total:        72306        2030       66956

              total        used        free      shared  buff/cache   available
Mem:          48114        2031       42762         913        3319       44578
Swap:         24191           0       24191
Total:        72306        2031       66954

              total        used        free      shared  buff/cache   available
Mem:          48114        2031       42762         913        3320       44578
Swap:         24191           0       24191
Total:        72306        2031       66954

              total        used        free      shared  buff/cache   available
Mem:          48114        2034       42759         913        3320       44575
Swap:         24191           0       24191
Total:        72306        2034       66951

              total        used        free      shared  buff/cache   available
Mem:          48114        2030       42763         913        3320       44579
Swap:         24191           0       24191
Total:        72306        2030       66955

              total        used        free      shared  buff/cache   available
Mem:          48114        2032       42761         913        3320       44577
Swap:         24191           0       24191
Total:        72306        2032       66953

              total        used        free      shared  buff/cache   available
Mem:          48114        2032       42761         913        3320       44577
Swap:         24191           0       24191
Total:        72306        2032       66953

              total        used        free      shared  buff/cache   available
Mem:          48114        2030       42763         913        3320       44579
Swap:         24191           0       24191
Total:        72306        2030       66955

              total        used        free      shared  buff/cache   available
Mem:          48114        2030       42762         913        3320       44579
Swap:         24191           0       24191
Total:        72306        2030       66954

              total        used        free      shared  buff/cache   available
Mem:          48114        2020       42773         913        3320       44589
Swap:         24191           0       24191
Total:        72306        2020       66965

              total        used        free      shared  buff/cache   available
Mem:          48114        2023       42769         913        3321       44585
Swap:         24191           0       24191
Total:        72306        2023       66961

              total        used        free      shared  buff/cache   available
Mem:          48114        2025       42768         913        3320       44584
Swap:         24191           0       24191
Total:        72306        2025       66960

              total        used        free      shared  buff/cache   available
Mem:          48114        2027       42765         913        3321       44582
Swap:         24191           0       24191
Total:        72306        2027       66957

              total        used        free      shared  buff/cache   available
Mem:          48114        2030       42762         913        3321       44579
Swap:         24191           0       24191
Total:        72306        2030       66954

              total        used        free      shared  buff/cache   available
Mem:          48114        2030       42762         913        3321       44579
Swap:         24191           0       24191
Total:        72306        2030       66954

              total        used        free      shared  buff/cache   available
Mem:          48114        2028       42764         913        3321       44581
Swap:         24191           0       24191
Total:        72306        2028       66956

              total        used        free      shared  buff/cache   available
Mem:          48114        2028       42764         913        3321       44581
Swap:         24191           0       24191
Total:        72306        2028       66956

              total        used        free      shared  buff/cache   available
Mem:          48114        2029       42763         913        3321       44580
Swap:         24191           0       24191
Total:        72306        2029       66955

              total        used        free      shared  buff/cache   available
Mem:          48114        2029       42763         913        3321       44580
Swap:         24191           0       24191
Total:        72306        2029       66955

              total        used        free      shared  buff/cache   available
Mem:          48114        2028       42764         913        3321       44581
Swap:         24191           0       24191
Total:        72306        2028       66956

              total        used        free      shared  buff/cache   available
Mem:          48114        2027       42764         913        3321       44582
Swap:         24191           0       24191
Total:        72306        2027       66956

              total        used        free      shared  buff/cache   available
Mem:          48114        2028       42763         913        3322       44581
Swap:         24191           0       24191
Total:        72306        2028       66955

              total        used        free      shared  buff/cache   available
Mem:          48114        2026       42766         913        3322       44583
Swap:         24191           0       24191
Total:        72306        2026       66958

              total        used        free      shared  buff/cache   available
Mem:          48114        2028       42763         913        3321       44581
Swap:         24191           0       24191
Total:        72306        2028       66955

              total        used        free      shared  buff/cache   available
Mem:          48114        2027       42764         913        3321       44582
Swap:         24191           0       24191
Total:        72306        2027       66956

              total        used        free      shared  buff/cache   available
Mem:          48114        2027       42764         913        3322       44582
Swap:         24191           0       24191
Total:        72306        2027       66956

              total        used        free      shared  buff/cache   available
Mem:          48114        2027       42764         913        3322       44582
Swap:         24191           0       24191
Total:        72306        2027       66956

              total        used        free      shared  buff/cache   available
Mem:          48114        2027       42764         913        3322       44582
Swap:         24191           0       24191
Total:        72306        2027       66956

              total        used        free      shared  buff/cache   available
Mem:          48114        2027       42764         913        3322       44582
Swap:         24191           0       24191
Total:        72306        2027       66956

              total        used        free      shared  buff/cache   available
Mem:          48114        2029       42762         913        3322       44580
Swap:         24191           0       24191
Total:        72306        2029       66954

              total        used        free      shared  buff/cache   available
Mem:          48114        2029       42761         913        3322       44580
Swap:         24191           0       24191
Total:        72306        2029       66953

              total        used        free      shared  buff/cache   available
Mem:          48114        2029       42761         913        3323       44580
Swap:         24191           0       24191
Total:        72306        2029       66953

              total        used        free      shared  buff/cache   available
Mem:          48114        2030       42761         913        3322       44579
Swap:         24191           0       24191
Total:        72306        2030       66953

              total        used        free      shared  buff/cache   available
Mem:          48114        2029       42761         913        3322       44580
Swap:         24191           0       24191
Total:        72306        2029       66953

              total        used        free      shared  buff/cache   available
Mem:          48114        2030       42760         913        3322       44579
Swap:         24191           0       24191
Total:        72306        2030       66952

              total        used        free      shared  buff/cache   available
Mem:          48114        2029       42761         913        3323       44580
Swap:         24191           0       24191
Total:        72306        2029       66953

              total        used        free      shared  buff/cache   available
Mem:          48114        2030       42760         913        3323       44579
Swap:         24191           0       24191
Total:        72306        2030       66952

              total        used        free      shared  buff/cache   available
Mem:          48114        2029       42761         913        3323       44580
Swap:         24191           0       24191
Total:        72306        2029       66953

              total        used        free      shared  buff/cache   available
Mem:          48114        2030       42760         913        3323       44579
Swap:         24191           0       24191
Total:        72306        2030       66952

              total        used        free      shared  buff/cache   available
Mem:          48114        2030       42760         913        3323       44579
Swap:         24191           0       24191
Total:        72306        2030       66952

              total        used        free      shared  buff/cache   available
Mem:          48114        2030       42760         913        3323       44579
Swap:         24191           0       24191
Total:        72306        2030       66952

              total        used        free      shared  buff/cache   available
Mem:          48114        2030       42760         913        3323       44579
Swap:         24191           0       24191
Total:        72306        2030       66952

              total        used        free      shared  buff/cache   available
Mem:          48114        2031       42758         913        3323       44578
Swap:         24191           0       24191
Total:        72306        2031       66950

              total        used        free      shared  buff/cache   available
Mem:          48114        2029       42760         913        3323       44580
Swap:         24191           0       24191
Total:        72306        2029       66952

              total        used        free      shared  buff/cache   available
Mem:          48114        2029       42760         913        3323       44580
Swap:         24191           0       24191
Total:        72306        2029       66952

              total        used        free      shared  buff/cache   available
Mem:          48114        2032       42757         913        3324       44577
Swap:         24191           0       24191
Total:        72306        2032       66949

              total        used        free      shared  buff/cache   available
Mem:          48114        2032       42757         913        3324       44577
Swap:         24191           0       24191
Total:        72306        2032       66949

              total        used        free      shared  buff/cache   available
Mem:          48114        2033       42756         913        3324       44576
Swap:         24191           0       24191
Total:        72306        2033       66948

              total        used        free      shared  buff/cache   available
Mem:          48114        2031       42758         913        3324       44578
Swap:         24191           0       24191
Total:        72306        2031       66950

              total        used        free      shared  buff/cache   available
Mem:          48114        2032       42756         913        3324       44577
Swap:         24191           0       24191
Total:        72306        2032       66948

              total        used        free      shared  buff/cache   available
Mem:          48114        2033       42756         913        3324       44577
Swap:         24191           0       24191
Total:        72306        2033       66948

              total        used        free      shared  buff/cache   available
Mem:          48114        2032       42757         913        3324       44577
Swap:         24191           0       24191
Total:        72306        2032       66949

              total        used        free      shared  buff/cache   available
Mem:          48114        2031       42758         913        3324       44578
Swap:         24191           0       24191
Total:        72306        2031       66950

              total        used        free      shared  buff/cache   available
Mem:          48114        2030       42758         913        3324       44579
Swap:         24191           0       24191
Total:        72306        2030       66950

              total        used        free      shared  buff/cache   available
Mem:          48114        2031       42758         913        3324       44579
Swap:         24191           0       24191
Total:        72306        2031       66950

              total        used        free      shared  buff/cache   available
Mem:          48114        2032       42756         913        3324       44577
Swap:         24191           0       24191
Total:        72306        2032       66948

              total        used        free      shared  buff/cache   available
Mem:          48114        2030       42758         913        3325       44579
Swap:         24191           0       24191
Total:        72306        2030       66950

              total        used        free      shared  buff/cache   available
Mem:          48114        2032       42756         913        3324       44577
Swap:         24191           0       24191
Total:        72306        2032       66948

              total        used        free      shared  buff/cache   available
Mem:          48114        2034       42754         913        3325       44575
Swap:         24191           0       24191
Total:        72306        2034       66946

              total        used        free      shared  buff/cache   available
Mem:          48114        2030       42758         913        3324       44579
Swap:         24191           0       24191
Total:        72306        2030       66950

              total        used        free      shared  buff/cache   available
Mem:          48114        2030       42758         913        3325       44579
Swap:         24191           0       24191
Total:        72306        2030       66950

              total        used        free      shared  buff/cache   available
Mem:          48114        2030       42758         913        3325       44579
Swap:         24191           0       24191
Total:        72306        2030       66950

              total        used        free      shared  buff/cache   available
Mem:          48114        2030       42758         913        3325       44579
Swap:         24191           0       24191
Total:        72306        2030       66950

              total        used        free      shared  buff/cache   available
Mem:          48114        2029       42759         913        3325       44580
Swap:         24191           0       24191
Total:        72306        2029       66951

              total        used        free      shared  buff/cache   available
Mem:          48114        2030       42757         913        3325       44579
Swap:         24191           0       24191
Total:        72306        2030       66949

              total        used        free      shared  buff/cache   available
Mem:          48114        2029       42758         913        3325       44580
Swap:         24191           0       24191
Total:        72306        2029       66950

              total        used        free      shared  buff/cache   available
Mem:          48114        2029       42758         913        3325       44580
Swap:         24191           0       24191
Total:        72306        2029       66950

              total        used        free      shared  buff/cache   available
Mem:          48114        2031       42756         913        3325       44578
Swap:         24191           0       24191
Total:        72306        2031       66948

              total        used        free      shared  buff/cache   available
Mem:          48114        2030       42757         913        3326       44579
Swap:         24191           0       24191
Total:        72306        2030       66949

              total        used        free      shared  buff/cache   available
Mem:          48114        2031       42755         913        3326       44577
Swap:         24191           0       24191
Total:        72306        2031       66947

              total        used        free      shared  buff/cache   available
Mem:          48114        2030       42757         913        3326       44579
Swap:         24191           0       24191
Total:        72306        2030       66949

              total        used        free      shared  buff/cache   available
Mem:          48114        2031       42755         913        3326       44577
Swap:         24191           0       24191
Total:        72306        2031       66947

              total        used        free      shared  buff/cache   available
Mem:          48114        2029       42757         913        3326       44580
Swap:         24191           0       24191
Total:        72306        2029       66949

              total        used        free      shared  buff/cache   available
Mem:          48114        2030       42756         913        3327       44579
Swap:         24191           0       24191
Total:        72306        2030       66948

              total        used        free      shared  buff/cache   available
Mem:          48114        2030       42756         913        3326       44579
Swap:         24191           0       24191
Total:        72306        2030       66948

              total        used        free      shared  buff/cache   available
Mem:          48114        2030       42756         913        3327       44579
Swap:         24191           0       24191
Total:        72306        2030       66948

              total        used        free      shared  buff/cache   available
Mem:          48114        2029       42757         913        3327       44580
Swap:         24191           0       24191
Total:        72306        2029       66949

              total        used        free      shared  buff/cache   available
Mem:          48114        2030       42756         913        3327       44579
Swap:         24191           0       24191
Total:        72306        2030       66948

              total        used        free      shared  buff/cache   available
Mem:          48114        2027       42759         913        3327       44582
Swap:         24191           0       24191
Total:        72306        2027       66951

              total        used        free      shared  buff/cache   available
Mem:          48114        2027       42758         913        3327       44581
Swap:         24191           0       24191
Total:        72306        2027       66950

              total        used        free      shared  buff/cache   available
Mem:          48114        2027       42759         913        3327       44582
Swap:         24191           0       24191
Total:        72306        2027       66951

              total        used        free      shared  buff/cache   available
Mem:          48114        2030       42756         913        3327       44579
Swap:         24191           0       24191
Total:        72306        2030       66948

              total        used        free      shared  buff/cache   available
Mem:          48114        2028       42757         913        3327       44581
Swap:         24191           0       24191
Total:        72306        2028       66949

              total        used        free      shared  buff/cache   available
Mem:          48114        2031       42755         913        3327       44578
Swap:         24191           0       24191
Total:        72306        2031       66947

              total        used        free      shared  buff/cache   available
Mem:          48114        2029       42756         913        3327       44580
Swap:         24191           0       24191
Total:        72306        2029       66948

              total        used        free      shared  buff/cache   available
Mem:          48114        2031       42754         913        3328       44578
Swap:         24191           0       24191
Total:        72306        2031       66946

              total        used        free      shared  buff/cache   available
Mem:          48114        2029       42756         913        3328       44580
Swap:         24191           0       24191
Total:        72306        2029       66948

              total        used        free      shared  buff/cache   available
Mem:          48114        2029       42756         913        3328       44580
Swap:         24191           0       24191
Total:        72306        2029       66948

              total        used        free      shared  buff/cache   available
Mem:          48114        2015       42769         913        3328       44593
Swap:         24191           0       24191
Total:        72306        2015       66961

              total        used        free      shared  buff/cache   available
Mem:          48114        2021       42764         913        3328       44588
Swap:         24191           0       24191
Total:        72306        2021       66956

              total        used        free      shared  buff/cache   available
Mem:          48114        2024       42761         913        3328       44585
Swap:         24191           0       24191
Total:        72306        2024       66953

              total        used        free      shared  buff/cache   available
Mem:          48114        2026       42758         913        3329       44582
Swap:         24191           0       24191
Total:        72306        2026       66950

              total        used        free      shared  buff/cache   available
Mem:          48114        2025       42759         913        3329       44583
Swap:         24191           0       24191
Total:        72306        2025       66951

              total        used        free      shared  buff/cache   available
Mem:          48114        2025       42759         913        3328       44583
Swap:         24191           0       24191
Total:        72306        2025       66951

              total        used        free      shared  buff/cache   available
Mem:          48114        2026       42758         913        3329       44582
Swap:         24191           0       24191
Total:        72306        2026       66950

              total        used        free      shared  buff/cache   available
Mem:          48114        2028       42756         913        3329       44580
Swap:         24191           0       24191
Total:        72306        2028       66948

              total        used        free      shared  buff/cache   available
Mem:          48114        2026       42757         913        3329       44582
Swap:         24191           0       24191
Total:        72306        2026       66949

              total        used        free      shared  buff/cache   available
Mem:          48114        2029       42755         913        3329       44580
Swap:         24191           0       24191
Total:        72306        2029       66947
