08:56:55 PM      eth0     35.00     29.00      6.93      7.88      0.00      0.00      0.00
08:56:56 PM      eth0     43.00     39.00      9.66     11.04      0.00      0.00      0.00
08:56:57 PM      eth0     76.00     68.00     16.69     18.30      0.00      0.00      0.00
08:56:58 PM      eth0     83.00     77.00     19.46     23.70      0.00      0.00      0.00
08:56:59 PM      eth0     86.00     78.00     20.11     22.64      0.00      0.00      0.00
08:57:00 PM      eth0     77.00     67.00     16.96     18.26      0.00      0.00      0.00
08:57:01 PM      eth0     76.00     69.00     18.76     21.33      0.00      0.00      0.00
08:57:02 PM      eth0     88.00     86.00     20.51     24.89      0.00      0.00      0.00
08:57:03 PM      eth0     76.00     68.00     16.97     18.30      0.00      0.00      0.00
08:57:04 PM      eth0     78.00     69.00     19.15     21.36      0.00      0.00      0.00
08:57:05 PM      eth0     86.00     78.00     20.11     22.64      0.00      0.00      0.00
08:57:06 PM      eth0     76.00     67.00     16.63     18.26      0.00      0.00      0.00
08:57:07 PM      eth0   8224.00  91682.00    935.78 135428.76      0.00      0.00      0.00
08:57:08 PM      eth0  78188.12 804649.50   8868.37 1189617.76      0.00      0.00      0.00
08:57:09 PM      eth0  78119.00 813065.00   8849.14 1201990.68      0.00      0.00      0.00
08:57:10 PM      eth0  77455.00 812748.00   8773.87 1201487.99      0.00      0.00      0.00
08:57:11 PM      eth0  76900.00 812946.00   8711.00 1201753.89      0.00      0.00      0.00
08:57:12 PM      eth0  76301.00 813728.00   8643.66 1202912.39      0.00      0.00      0.00
08:57:13 PM      eth0  75077.00 812379.00   8504.89 1200918.02      0.00      0.00      0.00
08:57:14 PM      eth0  74578.00 812530.00   8448.02 1201138.84      0.00      0.00      0.00
08:57:15 PM      eth0  74687.00 812880.00   8460.36 1201659.64      0.00      0.00      0.00
08:57:16 PM      eth0  74897.00 812877.00   8484.10 1201649.74      0.00      0.00      0.00
08:57:17 PM      eth0  74476.00 812969.00   8437.39 1201771.16      0.00      0.00      0.00
08:57:18 PM      eth0  80534.00 812851.00   9171.20 1201538.56      0.00      0.00      0.00
08:57:19 PM      eth0  83338.00 812826.00   9440.41 1201587.03      0.00      0.00      0.00
08:57:20 PM      eth0  82885.00 812911.00   9389.19 1201707.01      0.00      0.00      0.00
08:57:21 PM      eth0  83156.00 812824.00   9419.63 1201578.63      0.00      0.00      0.00
08:57:22 PM      eth0  83086.00 813512.00   9411.76 1202595.52      0.00      0.00      0.00
08:57:23 PM      eth0  82828.00 812196.00   9382.59 1200649.94      0.00      0.00      0.00
08:57:24 PM      eth0  83127.00 813838.00   9416.49 1203061.85      0.00      0.00      0.00
08:57:25 PM      eth0  82747.00 811976.00   9373.46 1200309.90      0.00      0.00      0.00
08:57:26 PM      eth0  82956.00 813160.00   9397.36 1202060.42      0.00      0.00      0.00
08:57:27 PM      eth0  83127.00 812715.00   9416.51 1201405.72      0.00      0.00      0.00
08:57:28 PM      eth0  86042.00 813030.00   9780.44 1201865.77      0.00      0.00      0.00
08:57:29 PM      eth0  84227.00 812664.00   9541.07 1201338.30      0.00      0.00      0.00
08:57:30 PM      eth0  83836.00 813675.00   9496.75 1202798.51      0.00      0.00      0.00
08:57:31 PM      eth0  83599.00 812459.00   9470.01 1200994.31      0.00      0.00      0.00
08:57:32 PM      eth0  83153.00 813414.00   9419.42 1202385.68      0.00      0.00      0.00
08:57:33 PM      eth0  83210.00 812216.00   9428.30 1200635.48      0.00      0.00      0.00
08:57:34 PM      eth0  83551.00 812950.00   9464.50 1201741.46      0.00      0.00      0.00
08:57:35 PM      eth0  83076.00 812778.00   9410.66 1201479.61      0.00      0.00      0.00
08:57:36 PM      eth0  82890.00 813056.00   9389.64 1201893.48      0.00      0.00      0.00
08:57:37 PM      eth0  82674.00 812852.00   9365.29 1201590.27      0.00      0.00      0.00
08:57:38 PM      eth0 100130.00 812730.00  11440.46 1201412.16      0.00      0.00      0.00
08:57:39 PM      eth0 105841.00 809928.00  11992.25 1197273.47      0.00      0.00      0.00
08:57:40 PM      eth0  96711.00 812891.00  10959.27 1201663.98      0.00      0.00      0.00
08:57:41 PM      eth0  93601.00 812566.00  10603.00 1201196.09      0.00      0.00      0.00
08:57:42 PM      eth0  94822.00 812723.00  10741.37 1201425.00      0.00      0.00      0.00
08:57:43 PM      eth0  94665.00 812205.00  10723.50 1200646.93      0.00      0.00      0.00
08:57:44 PM      eth0  93495.00 813056.00  10590.83 1201903.21      0.00      0.00      0.00
08:57:45 PM      eth0  92150.00 812510.00  10438.59 1201101.88      0.00      0.00      0.00
08:57:46 PM      eth0  92470.00 813230.00  10475.12 1202163.38      0.00      0.00      0.00
08:57:47 PM      eth0  91863.00 812940.00  10406.12 1201712.08      0.00      0.00      0.00
08:57:48 PM      eth0  87451.00 812822.00   9932.89 1201552.00      0.00      0.00      0.00
08:57:49 PM      eth0  83670.00 812489.00   9478.08 1201059.13      0.00      0.00      0.00
08:57:50 PM      eth0  83229.00 813266.00   9427.93 1202210.82      0.00      0.00      0.00
08:57:51 PM      eth0  83377.00 812520.00   9444.78 1201105.59      0.00      0.00      0.00
08:57:52 PM      eth0  83484.00 812932.00   9456.85 1201714.28      0.00      0.00      0.00
08:57:53 PM      eth0  83083.00 812826.00   9411.50 1201558.25      0.00      0.00      0.00
08:57:54 PM      eth0  83713.00 813027.00   9482.95 1201856.48      0.00      0.00      0.00
08:57:55 PM      eth0  83572.00 812791.00   9467.10 1201509.56      0.00      0.00      0.00
08:57:56 PM      eth0  83407.00 812865.00   9448.18 1201615.34      0.00      0.00      0.00
08:57:57 PM      eth0  83317.00 812821.00   9438.50 1201553.46      0.00      0.00      0.00
08:57:58 PM      eth0  83583.00 813145.00   9468.24 1202010.55      0.00      0.00      0.00
08:57:59 PM      eth0  83094.00 812746.00   9412.73 1201412.10      0.00      0.00      0.00
08:58:00 PM      eth0  83093.00 813948.00   9412.55 1203188.28      0.00      0.00      0.00
08:58:01 PM      eth0  83039.00 811958.00   9406.52 1200245.62      0.00      0.00      0.00
08:58:02 PM      eth0  83384.00 813760.00   9445.48 1202894.17      0.00      0.00      0.00
08:58:03 PM      eth0  82524.00 812122.00   9348.18 1200486.32      0.00      0.00      0.00
08:58:04 PM      eth0  83027.00 812848.00   9405.16 1201557.15      0.00      0.00      0.00
08:58:05 PM      eth0  82765.00 812858.00   9375.56 1201573.84      0.00      0.00      0.00
08:58:06 PM      eth0  82959.00 813053.00   9397.46 1201862.93      0.00      0.00      0.00
08:58:07 PM      eth0  82751.00 812851.00   9373.74 1201556.74      0.00      0.00      0.00
08:58:08 PM      eth0  82609.00 812871.00   9357.73 1201591.57      0.00      0.00      0.00
08:58:09 PM      eth0  82977.00 812830.00   9399.69 1201528.78      0.00      0.00      0.00
08:58:10 PM      eth0  83228.00 813036.00   9428.15 1201837.29      0.00      0.00      0.00
08:58:11 PM      eth0  82599.00 812838.00   9356.65 1201546.91      0.00      0.00      0.00
08:58:12 PM      eth0  82165.00 812875.00   9307.74 1201593.81      0.00      0.00      0.00
08:58:13 PM      eth0  83159.00 812838.00   9420.11 1201543.94      0.00      0.00      0.00
08:58:14 PM      eth0  82603.00 813966.00   9357.07 1203209.10      0.00      0.00      0.00
08:58:15 PM      eth0  81585.00 811916.00   9242.19 1200179.18      0.00      0.00      0.00
08:58:16 PM      eth0  83068.00 813828.00   9409.78 1203007.91      0.00      0.00      0.00
08:58:17 PM      eth0  82665.00 812362.00   9364.19 1200821.29      0.00      0.00      0.00
08:58:18 PM      eth0  75984.00 813463.00   8607.29 1202461.00      0.00      0.00      0.00
08:58:19 PM      eth0  74527.00 812104.00   8442.44 1200443.22      0.00      0.00      0.00
08:58:20 PM      eth0  74387.00 813052.00   8426.28 1201847.01      0.00      0.00      0.00
08:58:21 PM      eth0  74400.00 812616.00   8428.73 1201203.37      0.00      0.00      0.00
08:58:22 PM      eth0  74434.00 813202.00   8431.70 1202070.68      0.00      0.00      0.00
08:58:23 PM      eth0  74970.00 812675.00   8492.31 1201290.13      0.00      0.00      0.00
08:58:24 PM      eth0  74754.00 813365.00   8467.91 1202307.71      0.00      0.00      0.00
08:58:25 PM      eth0  74479.00 812425.00   8436.70 1200920.90      0.00      0.00      0.00
08:58:26 PM      eth0  74434.00 813060.00   8431.70 1201864.34      0.00      0.00      0.00
08:58:27 PM      eth0  74366.00 812753.00   8423.98 1201406.32      0.00      0.00      0.00
08:58:28 PM      eth0  83595.00 813033.00   9489.51 1201843.54      0.00      0.00      0.00
08:58:29 PM      eth0  82551.00 812733.00   9351.21 1201418.37      0.00      0.00      0.00
08:58:30 PM      eth0  83022.00 813031.00   9404.40 1201858.98      0.00      0.00      0.00
08:58:31 PM      eth0  82730.00 812732.00   9371.60 1201412.92      0.00      0.00      0.00
08:58:32 PM      eth0  83029.00 813193.00   9405.29 1202073.58      0.00      0.00      0.00
08:58:33 PM      eth0  82783.00 812683.00   9377.54 1201318.01      0.00      0.00      0.00
08:58:34 PM      eth0  82724.00 812975.00   9370.86 1201748.33      0.00      0.00      0.00
08:58:35 PM      eth0  82948.00 812735.00   9396.16 1201386.49      0.00      0.00      0.00
08:58:36 PM      eth0  82625.00 813054.00   9359.59 1201866.80      0.00      0.00      0.00
08:58:37 PM      eth0  83058.00 812839.00   9408.59 1201544.59      0.00      0.00      0.00
08:58:38 PM      eth0  83035.00 812977.00   9464.84 1201755.91      0.00      0.00      0.00
08:58:39 PM      eth0  82913.00 812827.00   9392.47 1201526.75      0.00      0.00      0.00
08:58:40 PM      eth0  82152.00 813416.00   9305.97 1202393.29      0.00      0.00      0.00
08:58:41 PM      eth0  82554.00 812370.00   9351.80 1200852.26      0.00      0.00      0.00
08:58:42 PM      eth0  82025.00 813008.00   9291.65 1201792.60      0.00      0.00      0.00
08:58:43 PM      eth0  82714.00 812815.00   9369.73 1201512.62      0.00      0.00      0.00
08:58:44 PM      eth0  82524.00 812960.00   9348.13 1201721.84      0.00      0.00      0.00
08:58:45 PM      eth0  82647.00 812833.00   9362.04 1201529.11      0.00      0.00      0.00
08:58:46 PM      eth0  82108.00 812865.00   9301.00 1201585.64      0.00      0.00      0.00
08:58:47 PM      eth0  82632.00 813171.00   9360.60 1202017.07      0.00      0.00      0.00
08:58:48 PM      eth0  88142.00 813775.00  10064.26 1202929.00      0.00      0.00      0.00
08:58:49 PM      eth0  83295.00 812099.00   9435.50 1200453.03      0.00      0.00      0.00
08:58:50 PM      eth0  83567.00 813270.00   9466.18 1202183.53      0.00      0.00      0.00
08:58:51 PM      eth0  83191.00 812497.00   9423.82 1201045.32      0.00      0.00      0.00
08:58:52 PM      eth0  82915.00 813415.00   9392.50 1202397.52      0.00      0.00      0.00
08:58:53 PM      eth0  83191.00 812407.00   9423.63 1200905.71      0.00      0.00      0.00
08:58:54 PM      eth0  83089.00 813252.00   9412.13 1202160.55      0.00      0.00      0.00
08:58:55 PM      eth0  83191.00 812452.00   9423.74 1200968.93      0.00      0.00      0.00
08:58:56 PM      eth0  82984.00 813454.00   9400.27 1202449.19      0.00      0.00      0.00
08:58:57 PM      eth0  82911.00 812497.00   9392.07 1201041.10      0.00      0.00      0.00
08:58:58 PM      eth0  97616.00 812400.00  11178.90 1200937.48      0.00      0.00      0.00
08:58:59 PM      eth0  91153.00 812249.00  10325.66 1200736.07      0.00      0.00      0.00
08:59:00 PM      eth0  91433.00 813492.00  10357.32 1202565.77      0.00      0.00      0.00
08:59:01 PM      eth0  91134.00 812341.00  10323.70 1200859.34      0.00      0.00      0.00
08:59:02 PM      eth0  91389.00 813329.00  10352.89 1202310.79      0.00      0.00      0.00
08:59:03 PM      eth0  91317.00 812365.00  10344.32 1200890.53      0.00      0.00      0.00
08:59:04 PM      eth0  91296.00 813554.00  10341.88 1202646.52      0.00      0.00      0.00
08:59:05 PM      eth0  91263.00 812551.00  10338.14 1201158.70      0.00      0.00      0.00
08:59:06 PM      eth0  91146.00 813226.00  10324.91 1202158.23      0.00      0.00      0.00
08:59:07 PM      eth0  84617.00 764763.00   9585.25 1130489.71      0.00      0.00      0.00
