              total        used        free      shared  buff/cache   available
Mem:          48114        7693       29125        2459       11295       36631
Swap:         24191           0       24191
Total:        72306        7693       53317

              total        used        free      shared  buff/cache   available
Mem:          48114        7683       31945        2459        8485       36641
Swap:         24191           0       24191
Total:        72306        7683       56137

              total        used        free      shared  buff/cache   available
Mem:          48114        7673       31955        2459        8485       36650
Swap:         24191           0       24191
Total:        72306        7673       56147

              total        used        free      shared  buff/cache   available
Mem:          48114        7673       31955        2459        8485       36650
Swap:         24191           0       24191
Total:        72306        7673       56147

              total        used        free      shared  buff/cache   available
Mem:          48114        7665       31963        2459        8484       36657
Swap:         24191           0       24191
Total:        72306        7665       56155

              total        used        free      shared  buff/cache   available
Mem:          48114        7665       31963        2459        8485       36658
Swap:         24191           0       24191
Total:        72306        7665       56155

              total        used        free      shared  buff/cache   available
Mem:          48114        7668       31960        2459        8485       36655
Swap:         24191           0       24191
Total:        72306        7668       56152

              total        used        free      shared  buff/cache   available
Mem:          48114        7667       31961        2459        8485       36656
Swap:         24191           0       24191
Total:        72306        7667       56153

              total        used        free      shared  buff/cache   available
Mem:          48114        7666       31962        2459        8485       36657
Swap:         24191           0       24191
Total:        72306        7666       56154

              total        used        free      shared  buff/cache   available
Mem:          48114        7664       31964        2459        8485       36659
Swap:         24191           0       24191
Total:        72306        7664       56156

              total        used        free      shared  buff/cache   available
Mem:          48114        7664       31964        2459        8485       36659
Swap:         24191           0       24191
Total:        72306        7664       56156

              total        used        free      shared  buff/cache   available
Mem:          48114        7658       31970        2459        8485       36665
Swap:         24191           0       24191
Total:        72306        7658       56162

              total        used        free      shared  buff/cache   available
Mem:          48114        7656       31971        2459        8485       36666
Swap:         24191           0       24191
Total:        72306        7656       56163

              total        used        free      shared  buff/cache   available
Mem:          48114        7658       31970        2459        8485       36665
Swap:         24191           0       24191
Total:        72306        7658       56162

              total        used        free      shared  buff/cache   available
Mem:          48114        7669       31959        2459        8485       36654
Swap:         24191           0       24191
Total:        72306        7669       56151

              total        used        free      shared  buff/cache   available
Mem:          48114        7671       31956        2459        8486       36651
Swap:         24191           0       24191
Total:        72306        7671       56148

              total        used        free      shared  buff/cache   available
Mem:          48114        7671       31956        2459        8486       36652
Swap:         24191           0       24191
Total:        72306        7671       56148

              total        used        free      shared  buff/cache   available
Mem:          48114        7679       31948        2459        8486       36644
Swap:         24191           0       24191
Total:        72306        7679       56140

              total        used        free      shared  buff/cache   available
Mem:          48114        7684       31943        2459        8486       36639
Swap:         24191           0       24191
Total:        72306        7684       56135

              total        used        free      shared  buff/cache   available
Mem:          48114        7689       31938        2459        8486       36634
Swap:         24191           0       24191
Total:        72306        7689       56130

              total        used        free      shared  buff/cache   available
Mem:          48114        7689       31938        2459        8486       36634
Swap:         24191           0       24191
Total:        72306        7689       56130

              total        used        free      shared  buff/cache   available
Mem:          48114        7689       31938        2459        8486       36634
Swap:         24191           0       24191
Total:        72306        7689       56130

              total        used        free      shared  buff/cache   available
Mem:          48114        7713       31914        2459        8486       36610
Swap:         24191           0       24191
Total:        72306        7713       56106

              total        used        free      shared  buff/cache   available
Mem:          48114        7714       31913        2459        8487       36609
Swap:         24191           0       24191
Total:        72306        7714       56105

              total        used        free      shared  buff/cache   available
Mem:          48114        7720       31906        2459        8487       36603
Swap:         24191           0       24191
Total:        72306        7720       56098

              total        used        free      shared  buff/cache   available
Mem:          48114        7725       31901        2459        8487       36597
Swap:         24191           0       24191
Total:        72306        7725       56093

              total        used        free      shared  buff/cache   available
Mem:          48114        7735       31891        2459        8487       36588
Swap:         24191           0       24191
Total:        72306        7735       56083

              total        used        free      shared  buff/cache   available
Mem:          48114        7727       31899        2459        8487       36596
Swap:         24191           0       24191
Total:        72306        7727       56091

              total        used        free      shared  buff/cache   available
Mem:          48114        7725       31901        2459        8487       36598
Swap:         24191           0       24191
Total:        72306        7725       56093

              total        used        free      shared  buff/cache   available
Mem:          48114        7722       31904        2459        8487       36601
Swap:         24191           0       24191
Total:        72306        7722       56096

              total        used        free      shared  buff/cache   available
Mem:          48114        7719       31906        2459        8488       36604
Swap:         24191           0       24191
Total:        72306        7719       56098

              total        used        free      shared  buff/cache   available
Mem:          48114        7716       31909        2459        8488       36607
Swap:         24191           0       24191
Total:        72306        7716       56101

              total        used        free      shared  buff/cache   available
Mem:          48114        7708       31917        2459        8488       36615
Swap:         24191           0       24191
Total:        72306        7708       56109

              total        used        free      shared  buff/cache   available
Mem:          48114        7707       31918        2459        8488       36616
Swap:         24191           0       24191
Total:        72306        7707       56110

              total        used        free      shared  buff/cache   available
Mem:          48114        7707       31918        2459        8488       36616
Swap:         24191           0       24191
Total:        72306        7707       56110

              total        used        free      shared  buff/cache   available
Mem:          48114        7703       31922        2459        8488       36620
Swap:         24191           0       24191
Total:        72306        7703       56114

              total        used        free      shared  buff/cache   available
Mem:          48114        7711       31913        2459        8488       36611
Swap:         24191           0       24191
Total:        72306        7711       56105

              total        used        free      shared  buff/cache   available
Mem:          48114        7711       31913        2459        8488       36611
Swap:         24191           0       24191
Total:        72306        7711       56105

              total        used        free      shared  buff/cache   available
Mem:          48114        7709       31915        2459        8488       36613
Swap:         24191           0       24191
Total:        72306        7709       56107

              total        used        free      shared  buff/cache   available
Mem:          48114        7713       31912        2459        8488       36610
Swap:         24191           0       24191
Total:        72306        7713       56104

              total        used        free      shared  buff/cache   available
Mem:          48114        7711       31913        2459        8488       36612
Swap:         24191           0       24191
Total:        72306        7711       56105

              total        used        free      shared  buff/cache   available
Mem:          48114        7707       31917        2459        8489       36616
Swap:         24191           0       24191
Total:        72306        7707       56109

              total        used        free      shared  buff/cache   available
Mem:          48114        7706       31918        2459        8489       36617
Swap:         24191           0       24191
Total:        72306        7706       56110

              total        used        free      shared  buff/cache   available
Mem:          48114        7705       31919        2459        8489       36618
Swap:         24191           0       24191
Total:        72306        7705       56111

              total        used        free      shared  buff/cache   available
Mem:          48114        7701       31923        2459        8489       36622
Swap:         24191           0       24191
Total:        72306        7701       56115

              total        used        free      shared  buff/cache   available
Mem:          48114        7700       31924        2459        8489       36623
Swap:         24191           0       24191
Total:        72306        7700       56116

              total        used        free      shared  buff/cache   available
Mem:          48114        7700       31923        2459        8489       36622
Swap:         24191           0       24191
Total:        72306        7700       56115

              total        used        free      shared  buff/cache   available
Mem:          48114        7704       31920        2459        8489       36619
Swap:         24191           0       24191
Total:        72306        7704       56112

              total        used        free      shared  buff/cache   available
Mem:          48114        7703       31921        2459        8489       36620
Swap:         24191           0       24191
Total:        72306        7703       56113

              total        used        free      shared  buff/cache   available
Mem:          48114        7697       31926        2459        8489       36626
Swap:         24191           0       24191
Total:        72306        7697       56118

              total        used        free      shared  buff/cache   available
Mem:          48114        7700       31923        2459        8489       36623
Swap:         24191           0       24191
Total:        72306        7700       56115

              total        used        free      shared  buff/cache   available
Mem:          48114        7698       31925        2459        8490       36625
Swap:         24191           0       24191
Total:        72306        7698       56117

              total        used        free      shared  buff/cache   available
Mem:          48114        7699       31924        2459        8490       36624
Swap:         24191           0       24191
Total:        72306        7699       56116

              total        used        free      shared  buff/cache   available
Mem:          48114        7699       31924        2459        8490       36624
Swap:         24191           0       24191
Total:        72306        7699       56116

              total        used        free      shared  buff/cache   available
Mem:          48114        7699       31924        2459        8490       36624
Swap:         24191           0       24191
Total:        72306        7699       56116

              total        used        free      shared  buff/cache   available
Mem:          48114        7700       31923        2459        8490       36623
Swap:         24191           0       24191
Total:        72306        7700       56115

              total        used        free      shared  buff/cache   available
Mem:          48114        7699       31923        2459        8490       36624
Swap:         24191           0       24191
Total:        72306        7699       56115

              total        used        free      shared  buff/cache   available
Mem:          48114        7701       31922        2459        8490       36622
Swap:         24191           0       24191
Total:        72306        7701       56114

              total        used        free      shared  buff/cache   available
Mem:          48114        7700       31922        2459        8490       36623
Swap:         24191           0       24191
Total:        72306        7700       56114

              total        used        free      shared  buff/cache   available
Mem:          48114        7699       31923        2459        8490       36624
Swap:         24191           0       24191
Total:        72306        7699       56115

              total        used        free      shared  buff/cache   available
Mem:          48114        7698       31925        2459        8491       36625
Swap:         24191           0       24191
Total:        72306        7698       56117

              total        used        free      shared  buff/cache   available
Mem:          48114        7705       31917        2459        8491       36618
Swap:         24191           0       24191
Total:        72306        7705       56109

              total        used        free      shared  buff/cache   available
Mem:          48114        7705       31917        2459        8491       36618
Swap:         24191           0       24191
Total:        72306        7705       56109

              total        used        free      shared  buff/cache   available
Mem:          48114        7704       31917        2459        8491       36618
Swap:         24191           0       24191
Total:        72306        7704       56109

              total        used        free      shared  buff/cache   available
Mem:          48114        7702       31919        2459        8491       36620
Swap:         24191           0       24191
Total:        72306        7702       56111

              total        used        free      shared  buff/cache   available
Mem:          48114        7704       31917        2459        8491       36619
Swap:         24191           0       24191
Total:        72306        7704       56109

              total        used        free      shared  buff/cache   available
Mem:          48114        7703       31919        2459        8491       36620
Swap:         24191           0       24191
Total:        72306        7703       56111

              total        used        free      shared  buff/cache   available
Mem:          48114        7704       31917        2459        8492       36619
Swap:         24191           0       24191
Total:        72306        7704       56109

              total        used        free      shared  buff/cache   available
Mem:          48114        7702       31919        2459        8492       36621
Swap:         24191           0       24191
Total:        72306        7702       56111

              total        used        free      shared  buff/cache   available
Mem:          48114        7702       31919        2459        8492       36621
Swap:         24191           0       24191
Total:        72306        7702       56111

              total        used        free      shared  buff/cache   available
Mem:          48114        7701       31920        2459        8492       36621
Swap:         24191           0       24191
Total:        72306        7701       56112

              total        used        free      shared  buff/cache   available
Mem:          48114        7704       31917        2459        8492       36619
Swap:         24191           0       24191
Total:        72306        7704       56109

              total        used        free      shared  buff/cache   available
Mem:          48114        7703       31918        2459        8492       36620
Swap:         24191           0       24191
Total:        72306        7703       56110

              total        used        free      shared  buff/cache   available
Mem:          48114        7704       31917        2459        8492       36619
Swap:         24191           0       24191
Total:        72306        7704       56109

              total        used        free      shared  buff/cache   available
Mem:          48114        7706       31915        2459        8492       36617
Swap:         24191           0       24191
Total:        72306        7706       56107

              total        used        free      shared  buff/cache   available
Mem:          48114        7705       31915        2459        8492       36618
Swap:         24191           0       24191
Total:        72306        7705       56107

              total        used        free      shared  buff/cache   available
Mem:          48114        7705       31915        2459        8492       36617
Swap:         24191           0       24191
Total:        72306        7705       56107

              total        used        free      shared  buff/cache   available
Mem:          48114        7705       31916        2459        8492       36618
Swap:         24191           0       24191
Total:        72306        7705       56108

              total        used        free      shared  buff/cache   available
Mem:          48114        7705       31915        2459        8493       36618
Swap:         24191           0       24191
Total:        72306        7705       56107

              total        used        free      shared  buff/cache   available
Mem:          48114        7703       31917        2459        8493       36620
Swap:         24191           0       24191
Total:        72306        7703       56109

              total        used        free      shared  buff/cache   available
Mem:          48114        7703       31917        2459        8493       36620
Swap:         24191           0       24191
Total:        72306        7703       56109

              total        used        free      shared  buff/cache   available
Mem:          48114        7703       31917        2459        8493       36620
Swap:         24191           0       24191
Total:        72306        7703       56109

              total        used        free      shared  buff/cache   available
Mem:          48114        7703       31917        2459        8493       36620
Swap:         24191           0       24191
Total:        72306        7703       56109

              total        used        free      shared  buff/cache   available
Mem:          48114        7704       31915        2459        8493       36618
Swap:         24191           0       24191
Total:        72306        7704       56107

              total        used        free      shared  buff/cache   available
Mem:          48114        7705       31915        2459        8493       36618
Swap:         24191           0       24191
Total:        72306        7705       56107

              total        used        free      shared  buff/cache   available
Mem:          48114        7703       31916        2459        8493       36619
Swap:         24191           0       24191
Total:        72306        7703       56108

              total        used        free      shared  buff/cache   available
Mem:          48114        7703       31916        2459        8494       36620
Swap:         24191           0       24191
Total:        72306        7703       56108

              total        used        free      shared  buff/cache   available
Mem:          48114        7706       31914        2459        8494       36617
Swap:         24191           0       24191
Total:        72306        7706       56106

              total        used        free      shared  buff/cache   available
Mem:          48114        7706       31913        2459        8494       36617
Swap:         24191           0       24191
Total:        72306        7706       56105

              total        used        free      shared  buff/cache   available
Mem:          48114        7706       31913        2459        8494       36617
Swap:         24191           0       24191
Total:        72306        7706       56105

              total        used        free      shared  buff/cache   available
Mem:          48114        7705       31914        2459        8494       36618
Swap:         24191           0       24191
Total:        72306        7705       56106

              total        used        free      shared  buff/cache   available
Mem:          48114        7705       31913        2459        8494       36617
Swap:         24191           0       24191
Total:        72306        7705       56105

              total        used        free      shared  buff/cache   available
Mem:          48114        7705       31913        2459        8494       36617
Swap:         24191           0       24191
Total:        72306        7705       56105

              total        used        free      shared  buff/cache   available
Mem:          48114        7707       31912        2459        8494       36616
Swap:         24191           0       24191
Total:        72306        7707       56104

              total        used        free      shared  buff/cache   available
Mem:          48114        7706       31912        2459        8495       36616
Swap:         24191           0       24191
Total:        72306        7706       56104

              total        used        free      shared  buff/cache   available
Mem:          48114        7704       31914        2459        8495       36619
Swap:         24191           0       24191
Total:        72306        7704       56106

              total        used        free      shared  buff/cache   available
Mem:          48114        7705       31912        2459        8495       36617
Swap:         24191           0       24191
Total:        72306        7705       56104

              total        used        free      shared  buff/cache   available
Mem:          48114        7705       31913        2459        8495       36618
Swap:         24191           0       24191
Total:        72306        7705       56105

              total        used        free      shared  buff/cache   available
Mem:          48114        7705       31912        2459        8495       36617
Swap:         24191           0       24191
Total:        72306        7705       56104

              total        used        free      shared  buff/cache   available
Mem:          48114        7705       31912        2459        8495       36617
Swap:         24191           0       24191
Total:        72306        7705       56104

              total        used        free      shared  buff/cache   available
Mem:          48114        7706       31911        2459        8495       36617
Swap:         24191           0       24191
Total:        72306        7706       56103

              total        used        free      shared  buff/cache   available
Mem:          48114        7704       31913        2459        8495       36618
Swap:         24191           0       24191
Total:        72306        7704       56105

              total        used        free      shared  buff/cache   available
Mem:          48114        7705       31913        2459        8496       36618
Swap:         24191           0       24191
Total:        72306        7705       56105

              total        used        free      shared  buff/cache   available
Mem:          48114        7704       31913        2459        8496       36618
Swap:         24191           0       24191
Total:        72306        7704       56105

              total        used        free      shared  buff/cache   available
Mem:          48114        7704       31913        2459        8496       36618
Swap:         24191           0       24191
Total:        72306        7704       56105

              total        used        free      shared  buff/cache   available
Mem:          48114        7705       31912        2459        8496       36617
Swap:         24191           0       24191
Total:        72306        7705       56104

              total        used        free      shared  buff/cache   available
Mem:          48114        7705       31912        2459        8496       36618
Swap:         24191           0       24191
Total:        72306        7705       56104

              total        used        free      shared  buff/cache   available
Mem:          48114        7707       31909        2459        8496       36615
Swap:         24191           0       24191
Total:        72306        7707       56101

              total        used        free      shared  buff/cache   available
Mem:          48114        7706       31911        2459        8496       36617
Swap:         24191           0       24191
Total:        72306        7706       56103

              total        used        free      shared  buff/cache   available
Mem:          48114        7703       31913        2459        8496       36619
Swap:         24191           0       24191
Total:        72306        7703       56105

              total        used        free      shared  buff/cache   available
Mem:          48114        7704       31912        2459        8496       36618
Swap:         24191           0       24191
Total:        72306        7704       56104

              total        used        free      shared  buff/cache   available
Mem:          48114        7704       31912        2459        8497       36619
Swap:         24191           0       24191
Total:        72306        7704       56104

              total        used        free      shared  buff/cache   available
Mem:          48114        7704       31912        2459        8497       36618
Swap:         24191           0       24191
Total:        72306        7704       56104

              total        used        free      shared  buff/cache   available
Mem:          48114        7704       31912        2459        8497       36619
Swap:         24191           0       24191
Total:        72306        7704       56104

              total        used        free      shared  buff/cache   available
Mem:          48114        7705       31911        2459        8497       36618
Swap:         24191           0       24191
Total:        72306        7705       56103

              total        used        free      shared  buff/cache   available
Mem:          48114        7705       31910        2459        8497       36617
Swap:         24191           0       24191
Total:        72306        7705       56102

              total        used        free      shared  buff/cache   available
Mem:          48114        7705       31911        2459        8497       36618
Swap:         24191           0       24191
Total:        72306        7705       56103

              total        used        free      shared  buff/cache   available
Mem:          48114        7704       31911        2459        8497       36618
Swap:         24191           0       24191
Total:        72306        7704       56103

              total        used        free      shared  buff/cache   available
Mem:          48114        7705       31911        2459        8497       36618
Swap:         24191           0       24191
Total:        72306        7705       56103

              total        used        free      shared  buff/cache   available
Mem:          48114        7703       31912        2459        8497       36619
Swap:         24191           0       24191
Total:        72306        7703       56104

              total        used        free      shared  buff/cache   available
Mem:          48114        7704       31911        2459        8497       36618
Swap:         24191           0       24191
Total:        72306        7704       56103

              total        used        free      shared  buff/cache   available
Mem:          48114        7706       31909        2459        8498       36616
Swap:         24191           0       24191
Total:        72306        7706       56101

              total        used        free      shared  buff/cache   available
Mem:          48114        7708       31907        2459        8498       36615
Swap:         24191           0       24191
Total:        72306        7708       56099

              total        used        free      shared  buff/cache   available
Mem:          48114        7709       31906        2459        8498       36613
Swap:         24191           0       24191
Total:        72306        7709       56098

              total        used        free      shared  buff/cache   available
Mem:          48114        7708       31907        2459        8498       36615
Swap:         24191           0       24191
Total:        72306        7708       56099

              total        used        free      shared  buff/cache   available
Mem:          48114        7706       31909        2459        8498       36617
Swap:         24191           0       24191
Total:        72306        7706       56101

              total        used        free      shared  buff/cache   available
Mem:          48114        7706       31909        2459        8498       36617
Swap:         24191           0       24191
Total:        72306        7706       56101

              total        used        free      shared  buff/cache   available
Mem:          48114        7707       31907        2459        8498       36616
Swap:         24191           0       24191
Total:        72306        7707       56099

              total        used        free      shared  buff/cache   available
Mem:          48114        7706       31908        2459        8498       36617
Swap:         24191           0       24191
Total:        72306        7706       56100

              total        used        free      shared  buff/cache   available
Mem:          48114        7705       31909        2459        8498       36617
Swap:         24191           0       24191
Total:        72306        7705       56101

              total        used        free      shared  buff/cache   available
Mem:          48114        7705       31910        2459        8498       36618
Swap:         24191           0       24191
Total:        72306        7705       56102

              total        used        free      shared  buff/cache   available
Mem:          48114        7706       31908        2459        8499       36617
Swap:         24191           0       24191
Total:        72306        7706       56100

              total        used        free      shared  buff/cache   available
Mem:          48114        7705       31909        2459        8499       36618
Swap:         24191           0       24191
Total:        72306        7705       56101

              total        used        free      shared  buff/cache   available
Mem:          48114        7704       31910        2459        8499       36618
Swap:         24191           0       24191
Total:        72306        7704       56102

              total        used        free      shared  buff/cache   available
Mem:          48114        7704       31910        2459        8499       36619
Swap:         24191           0       24191
Total:        72306        7704       56102

              total        used        free      shared  buff/cache   available
Mem:          48114        7703       31910        2459        8499       36619
Swap:         24191           0       24191
Total:        72306        7703       56102

              total        used        free      shared  buff/cache   available
Mem:          48114        7703       31911        2459        8499       36620
Swap:         24191           0       24191
Total:        72306        7703       56103

              total        used        free      shared  buff/cache   available
Mem:          48114        7704       31910        2459        8499       36619
Swap:         24191           0       24191
Total:        72306        7704       56102

              total        used        free      shared  buff/cache   available
Mem:          48114        7703       31910        2459        8499       36620
Swap:         24191           0       24191
Total:        72306        7703       56102

              total        used        free      shared  buff/cache   available
Mem:          48114        7705       31909        2459        8499       36618
Swap:         24191           0       24191
Total:        72306        7705       56101

              total        used        free      shared  buff/cache   available
Mem:          48114        7703       31910        2459        8499       36620
Swap:         24191           0       24191
Total:        72306        7703       56102

              total        used        free      shared  buff/cache   available
Mem:          48114        7706       31907        2459        8499       36617
Swap:         24191           0       24191
Total:        72306        7706       56099

              total        used        free      shared  buff/cache   available
Mem:          48114        7703       31910        2459        8500       36619
Swap:         24191           0       24191
Total:        72306        7703       56102

              total        used        free      shared  buff/cache   available
Mem:          48114        7704       31909        2459        8500       36619
Swap:         24191           0       24191
Total:        72306        7704       56101

              total        used        free      shared  buff/cache   available
Mem:          48114        7703       31910        2459        8500       36620
Swap:         24191           0       24191
Total:        72306        7703       56102

              total        used        free      shared  buff/cache   available
Mem:          48114        7703       31909        2459        8500       36619
Swap:         24191           0       24191
Total:        72306        7703       56101

              total        used        free      shared  buff/cache   available
Mem:          48114        7704       31909        2459        8500       36619
Swap:         24191           0       24191
Total:        72306        7704       56101

              total        used        free      shared  buff/cache   available
Mem:          48114        7704       31908        2459        8500       36619
Swap:         24191           0       24191
Total:        72306        7704       56100

              total        used        free      shared  buff/cache   available
Mem:          48114        7704       31908        2459        8500       36619
Swap:         24191           0       24191
Total:        72306        7704       56100

              total        used        free      shared  buff/cache   available
Mem:          48114        7703       31909        2459        8500       36620
Swap:         24191           0       24191
Total:        72306        7703       56101

              total        used        free      shared  buff/cache   available
Mem:          48114        7703       31909        2459        8501       36619
Swap:         24191           0       24191
Total:        72306        7703       56101

              total        used        free      shared  buff/cache   available
Mem:          48114        7705       31907        2459        8501       36617
Swap:         24191           0       24191
Total:        72306        7705       56099

              total        used        free      shared  buff/cache   available
Mem:          48114        7705       31907        2459        8501       36618
Swap:         24191           0       24191
Total:        72306        7705       56099

              total        used        free      shared  buff/cache   available
Mem:          48114        7707       31905        2459        8501       36616
Swap:         24191           0       24191
Total:        72306        7707       56097

              total        used        free      shared  buff/cache   available
Mem:          48114        7704       31908        2459        8501       36619
Swap:         24191           0       24191
Total:        72306        7704       56100

              total        used        free      shared  buff/cache   available
Mem:          48114        7705       31907        2459        8501       36618
Swap:         24191           0       24191
Total:        72306        7705       56099

              total        used        free      shared  buff/cache   available
Mem:          48114        7705       31907        2459        8501       36618
Swap:         24191           0       24191
Total:        72306        7705       56099

              total        used        free      shared  buff/cache   available
Mem:          48114        7705       31906        2459        8501       36617
Swap:         24191           0       24191
Total:        72306        7705       56098

              total        used        free      shared  buff/cache   available
Mem:          48114        7704       31907        2459        8501       36619
Swap:         24191           0       24191
Total:        72306        7704       56099

              total        used        free      shared  buff/cache   available
Mem:          48114        7706       31905        2459        8501       36617
Swap:         24191           0       24191
Total:        72306        7706       56097

              total        used        free      shared  buff/cache   available
Mem:          48114        7704       31907        2459        8502       36618
Swap:         24191           0       24191
Total:        72306        7704       56099

              total        used        free      shared  buff/cache   available
Mem:          48114        7707       31904        2459        8502       36616
Swap:         24191           0       24191
Total:        72306        7707       56096

              total        used        free      shared  buff/cache   available
Mem:          48114        7708       31903        2459        8502       36615
Swap:         24191           0       24191
Total:        72306        7708       56095

              total        used        free      shared  buff/cache   available
Mem:          48114        7704       31907        2459        8502       36619
Swap:         24191           0       24191
Total:        72306        7704       56099

              total        used        free      shared  buff/cache   available
Mem:          48114        7703       31908        2459        8502       36620
Swap:         24191           0       24191
Total:        72306        7703       56100

              total        used        free      shared  buff/cache   available
Mem:          48114        7703       31907        2459        8502       36620
Swap:         24191           0       24191
Total:        72306        7703       56099

              total        used        free      shared  buff/cache   available
Mem:          48114        7704       31907        2459        8502       36619
Swap:         24191           0       24191
Total:        72306        7704       56099

              total        used        free      shared  buff/cache   available
Mem:          48114        7704       31907        2459        8502       36619
Swap:         24191           0       24191
Total:        72306        7704       56099

              total        used        free      shared  buff/cache   available
Mem:          48114        7702       31908        2459        8503       36620
Swap:         24191           0       24191
Total:        72306        7702       56100

              total        used        free      shared  buff/cache   available
Mem:          48114        7706       31904        2459        8503       36616
Swap:         24191           0       24191
Total:        72306        7706       56096

              total        used        free      shared  buff/cache   available
Mem:          48114        7705       31905        2459        8503       36618
Swap:         24191           0       24191
Total:        72306        7705       56097

              total        used        free      shared  buff/cache   available
Mem:          48114        7704       31905        2459        8503       36618
Swap:         24191           0       24191
Total:        72306        7704       56097

              total        used        free      shared  buff/cache   available
Mem:          48114        7701       31908        2459        8503       36621
Swap:         24191           0       24191
Total:        72306        7701       56100

              total        used        free      shared  buff/cache   available
Mem:          48114        7704       31906        2459        8503       36619
Swap:         24191           0       24191
Total:        72306        7704       56098

              total        used        free      shared  buff/cache   available
Mem:          48114        7703       31907        2459        8503       36620
Swap:         24191           0       24191
Total:        72306        7703       56099

              total        used        free      shared  buff/cache   available
Mem:          48114        7703       31907        2459        8503       36620
Swap:         24191           0       24191
Total:        72306        7703       56099

              total        used        free      shared  buff/cache   available
Mem:          48114        7702       31908        2459        8504       36621
Swap:         24191           0       24191
Total:        72306        7702       56100

              total        used        free      shared  buff/cache   available
Mem:          48114        7700       31909        2459        8504       36623
Swap:         24191           0       24191
Total:        72306        7700       56101

              total        used        free      shared  buff/cache   available
Mem:          48114        7701       31908        2459        8504       36622
Swap:         24191           0       24191
Total:        72306        7701       56100

              total        used        free      shared  buff/cache   available
Mem:          48114        7700       31909        2459        8504       36622
Swap:         24191           0       24191
Total:        72306        7700       56101

              total        used        free      shared  buff/cache   available
Mem:          48114        7700       31909        2459        8504       36622
Swap:         24191           0       24191
Total:        72306        7700       56101

              total        used        free      shared  buff/cache   available
Mem:          48114        7698       31910        2459        8504       36624
Swap:         24191           0       24191
Total:        72306        7698       56102

              total        used        free      shared  buff/cache   available
Mem:          48114        7733       31876        2459        8504       36590
Swap:         24191           0       24191
Total:        72306        7733       56068

              total        used        free      shared  buff/cache   available
Mem:          48114        7703       31905        2459        8504       36619
Swap:         24191           0       24191
Total:        72306        7703       56097

              total        used        free      shared  buff/cache   available
Mem:          48114        7703       31905        2459        8504       36620
Swap:         24191           0       24191
Total:        72306        7703       56097

              total        used        free      shared  buff/cache   available
Mem:          48114        7701       31907        2459        8504       36621
Swap:         24191           0       24191
Total:        72306        7701       56099

              total        used        free      shared  buff/cache   available
Mem:          48114        7701       31907        2459        8504       36621
Swap:         24191           0       24191
Total:        72306        7701       56099

              total        used        free      shared  buff/cache   available
Mem:          48114        7702       31906        2459        8505       36620
Swap:         24191           0       24191
Total:        72306        7702       56098

              total        used        free      shared  buff/cache   available
Mem:          48114        7702       31906        2459        8505       36621
Swap:         24191           0       24191
Total:        72306        7702       56098

              total        used        free      shared  buff/cache   available
Mem:          48114        7701       31907        2459        8505       36621
Swap:         24191           0       24191
Total:        72306        7701       56099

              total        used        free      shared  buff/cache   available
Mem:          48114        7703       31905        2459        8505       36620
Swap:         24191           0       24191
Total:        72306        7703       56097

              total        used        free      shared  buff/cache   available
Mem:          48114        7702       31906        2459        8505       36621
Swap:         24191           0       24191
Total:        72306        7702       56098

              total        used        free      shared  buff/cache   available
Mem:          48114        7702       31906        2459        8505       36621
Swap:         24191           0       24191
Total:        72306        7702       56098

              total        used        free      shared  buff/cache   available
Mem:          48114        7704       31903        2459        8505       36618
Swap:         24191           0       24191
Total:        72306        7704       56095

              total        used        free      shared  buff/cache   available
Mem:          48114        7705       31902        2459        8505       36618
Swap:         24191           0       24191
Total:        72306        7705       56094

              total        used        free      shared  buff/cache   available
Mem:          48114        7703       31904        2459        8505       36619
Swap:         24191           0       24191
Total:        72306        7703       56096

              total        used        free      shared  buff/cache   available
Mem:          48114        7703       31904        2459        8505       36619
Swap:         24191           0       24191
Total:        72306        7703       56096

              total        used        free      shared  buff/cache   available
Mem:          48114        7703       31904        2459        8506       36619
Swap:         24191           0       24191
Total:        72306        7703       56096

              total        used        free      shared  buff/cache   available
Mem:          48114        7704       31903        2459        8506       36619
Swap:         24191           0       24191
Total:        72306        7704       56095

              total        used        free      shared  buff/cache   available
Mem:          48114        7702       31904        2459        8506       36620
Swap:         24191           0       24191
Total:        72306        7702       56096

              total        used        free      shared  buff/cache   available
Mem:          48114        7702       31904        2459        8506       36620
Swap:         24191           0       24191
Total:        72306        7702       56096

              total        used        free      shared  buff/cache   available
Mem:          48114        7707       31900        2459        8506       36616
Swap:         24191           0       24191
Total:        72306        7707       56092

              total        used        free      shared  buff/cache   available
Mem:          48114        7706       31901        2459        8506       36617
Swap:         24191           0       24191
Total:        72306        7706       56093

              total        used        free      shared  buff/cache   available
Mem:          48114        7704       31902        2459        8506       36618
Swap:         24191           0       24191
Total:        72306        7704       56094

              total        used        free      shared  buff/cache   available
Mem:          48114        7705       31901        2459        8507       36617
Swap:         24191           0       24191
Total:        72306        7705       56093

              total        used        free      shared  buff/cache   available
Mem:          48114        7702       31904        2459        8507       36620
Swap:         24191           0       24191
Total:        72306        7702       56096

              total        used        free      shared  buff/cache   available
Mem:          48114        7702       31904        2459        8507       36620
Swap:         24191           0       24191
Total:        72306        7702       56096

              total        used        free      shared  buff/cache   available
Mem:          48114        7702       31904        2459        8507       36620
Swap:         24191           0       24191
Total:        72306        7702       56096

              total        used        free      shared  buff/cache   available
Mem:          48114        7700       31906        2459        8507       36622
Swap:         24191           0       24191
Total:        72306        7700       56098

              total        used        free      shared  buff/cache   available
Mem:          48114        7703       31902        2459        8507       36619
Swap:         24191           0       24191
Total:        72306        7703       56094

              total        used        free      shared  buff/cache   available
Mem:          48114        7703       31903        2459        8507       36620
Swap:         24191           0       24191
Total:        72306        7703       56095

              total        used        free      shared  buff/cache   available
Mem:          48114        7701       31904        2459        8507       36621
Swap:         24191           0       24191
Total:        72306        7701       56096

              total        used        free      shared  buff/cache   available
Mem:          48114        7700       31906        2459        8507       36623
Swap:         24191           0       24191
Total:        72306        7700       56098

              total        used        free      shared  buff/cache   available
Mem:          48114        7701       31905        2459        8507       36622
Swap:         24191           0       24191
Total:        72306        7701       56097

              total        used        free      shared  buff/cache   available
Mem:          48114        7701       31905        2459        8507       36622
Swap:         24191           0       24191
Total:        72306        7701       56097

              total        used        free      shared  buff/cache   available
Mem:          48114        7704       31902        2459        8507       36619
Swap:         24191           0       24191
Total:        72306        7704       56094

              total        used        free      shared  buff/cache   available
Mem:          48114        7702       31903        2459        8507       36620
Swap:         24191           0       24191
Total:        72306        7702       56095

              total        used        free      shared  buff/cache   available
Mem:          48114        7703       31903        2459        8507       36620
Swap:         24191           0       24191
Total:        72306        7703       56095

              total        used        free      shared  buff/cache   available
Mem:          48114        7702       31903        2459        8508       36621
Swap:         24191           0       24191
Total:        72306        7702       56095

              total        used        free      shared  buff/cache   available
Mem:          48114        7701       31904        2459        8508       36622
Swap:         24191           0       24191
Total:        72306        7701       56096

              total        used        free      shared  buff/cache   available
Mem:          48114        7701       31904        2459        8508       36622
Swap:         24191           0       24191
Total:        72306        7701       56096

              total        used        free      shared  buff/cache   available
Mem:          48114        7700       31905        2459        8508       36622
Swap:         24191           0       24191
Total:        72306        7700       56097

              total        used        free      shared  buff/cache   available
Mem:          48114        7702       31903        2459        8508       36621
Swap:         24191           0       24191
Total:        72306        7702       56095

              total        used        free      shared  buff/cache   available
Mem:          48114        7703       31902        2459        8508       36620
Swap:         24191           0       24191
Total:        72306        7703       56094

              total        used        free      shared  buff/cache   available
Mem:          48114        7701       31904        2459        8508       36622
Swap:         24191           0       24191
Total:        72306        7701       56096

              total        used        free      shared  buff/cache   available
Mem:          48114        7702       31902        2459        8508       36620
Swap:         24191           0       24191
Total:        72306        7702       56094

              total        used        free      shared  buff/cache   available
Mem:          48114        7701       31903        2459        8509       36622
Swap:         24191           0       24191
Total:        72306        7701       56095

              total        used        free      shared  buff/cache   available
Mem:          48114        7701       31903        2459        8509       36622
Swap:         24191           0       24191
Total:        72306        7701       56095

              total        used        free      shared  buff/cache   available
Mem:          48114        7701       31903        2459        8509       36622
Swap:         24191           0       24191
Total:        72306        7701       56095

              total        used        free      shared  buff/cache   available
Mem:          48114        7701       31903        2459        8509       36621
Swap:         24191           0       24191
Total:        72306        7701       56095

              total        used        free      shared  buff/cache   available
Mem:          48114        7703       31901        2459        8509       36620
Swap:         24191           0       24191
Total:        72306        7703       56093

              total        used        free      shared  buff/cache   available
Mem:          48114        7702       31902        2459        8509       36621
Swap:         24191           0       24191
Total:        72306        7702       56094

              total        used        free      shared  buff/cache   available
Mem:          48114        7701       31903        2459        8509       36622
Swap:         24191           0       24191
Total:        72306        7701       56095

              total        used        free      shared  buff/cache   available
Mem:          48114        7703       31900        2459        8509       36619
Swap:         24191           0       24191
Total:        72306        7703       56092

              total        used        free      shared  buff/cache   available
Mem:          48114        7702       31901        2459        8510       36620
Swap:         24191           0       24191
Total:        72306        7702       56093

              total        used        free      shared  buff/cache   available
Mem:          48114        7704       31900        2459        8510       36619
Swap:         24191           0       24191
Total:        72306        7704       56092

              total        used        free      shared  buff/cache   available
Mem:          48114        7703       31900        2459        8510       36619
Swap:         24191           0       24191
Total:        72306        7703       56092

              total        used        free      shared  buff/cache   available
Mem:          48114        7705       31898        2459        8510       36618
Swap:         24191           0       24191
Total:        72306        7705       56090

              total        used        free      shared  buff/cache   available
Mem:          48114        7705       31898        2459        8510       36617
Swap:         24191           0       24191
Total:        72306        7705       56090

              total        used        free      shared  buff/cache   available
Mem:          48114        7704       31899        2459        8510       36618
Swap:         24191           0       24191
Total:        72306        7704       56091

              total        used        free      shared  buff/cache   available
Mem:          48114        7703       31900        2459        8510       36619
Swap:         24191           0       24191
Total:        72306        7703       56091

              total        used        free      shared  buff/cache   available
Mem:          48114        7702       31900        2459        8510       36620
Swap:         24191           0       24191
Total:        72306        7702       56092

              total        used        free      shared  buff/cache   available
Mem:          48114        7700       31902        2459        8510       36622
Swap:         24191           0       24191
Total:        72306        7700       56094

              total        used        free      shared  buff/cache   available
Mem:          48114        7704       31899        2459        8510       36619
Swap:         24191           0       24191
Total:        72306        7704       56091

              total        used        free      shared  buff/cache   available
Mem:          48114        7708       31895        2459        8510       36615
Swap:         24191           0       24191
Total:        72306        7708       56087

              total        used        free      shared  buff/cache   available
Mem:          48114        7705       31897        2459        8510       36618
Swap:         24191           0       24191
Total:        72306        7705       56089

              total        used        free      shared  buff/cache   available
Mem:          48114        7703       31899        2459        8511       36619
Swap:         24191           0       24191
Total:        72306        7703       56091

              total        used        free      shared  buff/cache   available
Mem:          48114        7702       31900        2459        8510       36620
Swap:         24191           0       24191
Total:        72306        7702       56092

              total        used        free      shared  buff/cache   available
Mem:          48114        7703       31899        2459        8511       36619
Swap:         24191           0       24191
Total:        72306        7703       56091

              total        used        free      shared  buff/cache   available
Mem:          48114        7703       31899        2459        8511       36619
Swap:         24191           0       24191
Total:        72306        7703       56091

              total        used        free      shared  buff/cache   available
Mem:          48114        7701       31901        2459        8511       36622
Swap:         24191           0       24191
Total:        72306        7701       56093

              total        used        free      shared  buff/cache   available
Mem:          48114        7702       31900        2459        8511       36620
Swap:         24191           0       24191
Total:        72306        7702       56092

              total        used        free      shared  buff/cache   available
Mem:          48114        7702       31900        2459        8511       36621
Swap:         24191           0       24191
Total:        72306        7702       56092

              total        used        free      shared  buff/cache   available
Mem:          48114        7701       31901        2459        8511       36622
Swap:         24191           0       24191
Total:        72306        7701       56093

              total        used        free      shared  buff/cache   available
Mem:          48114        7701       31900        2459        8511       36621
Swap:         24191           0       24191
Total:        72306        7701       56092

              total        used        free      shared  buff/cache   available
Mem:          48114        7700       31901        2459        8511       36622
Swap:         24191           0       24191
Total:        72306        7700       56093

              total        used        free      shared  buff/cache   available
Mem:          48114        7700       31901        2459        8511       36623
Swap:         24191           0       24191
Total:        72306        7700       56093

              total        used        free      shared  buff/cache   available
Mem:          48114        7701       31901        2459        8511       36622
Swap:         24191           0       24191
Total:        72306        7701       56093

              total        used        free      shared  buff/cache   available
Mem:          48114        7700       31901        2459        8512       36623
Swap:         24191           0       24191
Total:        72306        7700       56093

              total        used        free      shared  buff/cache   available
Mem:          48114        7703       31898        2459        8512       36619
Swap:         24191           0       24191
Total:        72306        7703       56090

              total        used        free      shared  buff/cache   available
Mem:          48114        7701       31900        2459        8512       36622
Swap:         24191           0       24191
Total:        72306        7701       56092

              total        used        free      shared  buff/cache   available
Mem:          48114        7702       31899        2459        8512       36620
Swap:         24191           0       24191
Total:        72306        7702       56091

              total        used        free      shared  buff/cache   available
Mem:          48114        7701       31900        2459        8512       36622
Swap:         24191           0       24191
Total:        72306        7701       56092

              total        used        free      shared  buff/cache   available
Mem:          48114        7702       31899        2459        8512       36621
Swap:         24191           0       24191
Total:        72306        7702       56091

              total        used        free      shared  buff/cache   available
Mem:          48114        7700       31900        2459        8512       36622
Swap:         24191           0       24191
Total:        72306        7700       56092

              total        used        free      shared  buff/cache   available
Mem:          48114        7702       31898        2459        8512       36621
Swap:         24191           0       24191
Total:        72306        7702       56090

              total        used        free      shared  buff/cache   available
Mem:          48114        7702       31898        2459        8512       36621
Swap:         24191           0       24191
Total:        72306        7702       56090

              total        used        free      shared  buff/cache   available
Mem:          48114        7701       31900        2459        8512       36622
Swap:         24191           0       24191
Total:        72306        7701       56091

              total        used        free      shared  buff/cache   available
Mem:          48114        7702       31898        2459        8513       36621
Swap:         24191           0       24191
Total:        72306        7702       56090

              total        used        free      shared  buff/cache   available
Mem:          48114        7700       31900        2459        8513       36622
Swap:         24191           0       24191
Total:        72306        7700       56092

              total        used        free      shared  buff/cache   available
Mem:          48114        7701       31899        2459        8513       36622
Swap:         24191           0       24191
Total:        72306        7701       56091

              total        used        free      shared  buff/cache   available
Mem:          48114        7700       31900        2459        8513       36623
Swap:         24191           0       24191
Total:        72306        7700       56092

              total        used        free      shared  buff/cache   available
Mem:          48114        7700       31900        2459        8513       36623
Swap:         24191           0       24191
Total:        72306        7700       56092

              total        used        free      shared  buff/cache   available
Mem:          48114        7701       31899        2459        8513       36622
Swap:         24191           0       24191
Total:        72306        7701       56091

              total        used        free      shared  buff/cache   available
Mem:          48114        7701       31898        2459        8513       36622
Swap:         24191           0       24191
Total:        72306        7701       56090

              total        used        free      shared  buff/cache   available
Mem:          48114        7702       31897        2459        8513       36620
Swap:         24191           0       24191
Total:        72306        7702       56089

              total        used        free      shared  buff/cache   available
Mem:          48114        7709       31890        2459        8513       36613
Swap:         24191           0       24191
Total:        72306        7709       56082

              total        used        free      shared  buff/cache   available
Mem:          48114        7709       31890        2459        8513       36614
Swap:         24191           0       24191
Total:        72306        7709       56082

              total        used        free      shared  buff/cache   available
Mem:          48114        7710       31890        2459        8514       36613
Swap:         24191           0       24191
Total:        72306        7710       56082

              total        used        free      shared  buff/cache   available
Mem:          48114        7710       31889        2459        8514       36613
Swap:         24191           0       24191
Total:        72306        7710       56081

              total        used        free      shared  buff/cache   available
Mem:          48114        7709       31890        2459        8514       36614
Swap:         24191           0       24191
Total:        72306        7709       56082

              total        used        free      shared  buff/cache   available
Mem:          48114        7711       31888        2459        8514       36612
Swap:         24191           0       24191
Total:        72306        7711       56080

              total        used        free      shared  buff/cache   available
Mem:          48114        7711       31888        2459        8514       36612
Swap:         24191           0       24191
Total:        72306        7711       56080

              total        used        free      shared  buff/cache   available
Mem:          48114        7711       31887        2459        8514       36612
Swap:         24191           0       24191
Total:        72306        7711       56079

              total        used        free      shared  buff/cache   available
Mem:          48114        7710       31889        2459        8514       36613
Swap:         24191           0       24191
Total:        72306        7710       56081

              total        used        free      shared  buff/cache   available
Mem:          48114        7712       31886        2459        8514       36610
Swap:         24191           0       24191
Total:        72306        7712       56078

              total        used        free      shared  buff/cache   available
Mem:          48114        7711       31887        2459        8515       36611
Swap:         24191           0       24191
Total:        72306        7711       56079

              total        used        free      shared  buff/cache   available
Mem:          48114        7715       31883        2459        8515       36608
Swap:         24191           0       24191
Total:        72306        7715       56075

              total        used        free      shared  buff/cache   available
Mem:          48114        7714       31884        2459        8515       36609
Swap:         24191           0       24191
Total:        72306        7714       56076

              total        used        free      shared  buff/cache   available
Mem:          48114        7714       31884        2459        8515       36609
Swap:         24191           0       24191
Total:        72306        7714       56076

              total        used        free      shared  buff/cache   available
Mem:          48114        7713       31884        2459        8515       36609
Swap:         24191           0       24191
Total:        72306        7713       56076

              total        used        free      shared  buff/cache   available
Mem:          48114        7702       31896        2459        8515       36621
Swap:         24191           0       24191
Total:        72306        7702       56088

              total        used        free      shared  buff/cache   available
Mem:          48114        7702       31895        2459        8516       36621
Swap:         24191           0       24191
Total:        72306        7702       56087

              total        used        free      shared  buff/cache   available
Mem:          48114        7702       31895        2459        8516       36620
Swap:         24191           0       24191
Total:        72306        7702       56087

              total        used        free      shared  buff/cache   available
Mem:          48114        7703       31894        2459        8516       36620
Swap:         24191           0       24191
Total:        72306        7703       56086

              total        used        free      shared  buff/cache   available
Mem:          48114        7702       31895        2459        8516       36621
Swap:         24191           0       24191
Total:        72306        7702       56087

              total        used        free      shared  buff/cache   available
Mem:          48114        7701       31896        2459        8516       36622
Swap:         24191           0       24191
Total:        72306        7701       56088

              total        used        free      shared  buff/cache   available
Mem:          48114        7701       31895        2459        8516       36621
Swap:         24191           0       24191
Total:        72306        7701       56087

              total        used        free      shared  buff/cache   available
Mem:          48114        7701       31896        2459        8516       36622
Swap:         24191           0       24191
Total:        72306        7701       56088

              total        used        free      shared  buff/cache   available
Mem:          48114        7702       31894        2459        8516       36620
Swap:         24191           0       24191
Total:        72306        7702       56086

              total        used        free      shared  buff/cache   available
Mem:          48114        7702       31894        2459        8516       36620
Swap:         24191           0       24191
Total:        72306        7702       56086

              total        used        free      shared  buff/cache   available
Mem:          48114        7704       31892        2459        8517       36619
Swap:         24191           0       24191
Total:        72306        7704       56084

              total        used        free      shared  buff/cache   available
Mem:          48114        7704       31892        2459        8517       36619
Swap:         24191           0       24191
Total:        72306        7704       56084

              total        used        free      shared  buff/cache   available
Mem:          48114        7704       31892        2459        8517       36618
Swap:         24191           0       24191
Total:        72306        7704       56084

              total        used        free      shared  buff/cache   available
Mem:          48114        7744       31851        2459        8517       36578
Swap:         24191           0       24191
Total:        72306        7744       56043

              total        used        free      shared  buff/cache   available
Mem:          48114        7710       31885        2459        8517       36612
Swap:         24191           0       24191
Total:        72306        7710       56077

              total        used        free      shared  buff/cache   available
Mem:          48114        7712       31884        2459        8517       36611
Swap:         24191           0       24191
Total:        72306        7712       56076

              total        used        free      shared  buff/cache   available
Mem:          48114        7706       31890        2459        8517       36616
Swap:         24191           0       24191
Total:        72306        7706       56082

              total        used        free      shared  buff/cache   available
Mem:          48114        7710       31885        2459        8517       36612
Swap:         24191           0       24191
Total:        72306        7710       56077

              total        used        free      shared  buff/cache   available
Mem:          48114        7712       31883        2459        8517       36610
Swap:         24191           0       24191
Total:        72306        7712       56075

              total        used        free      shared  buff/cache   available
Mem:          48114        7711       31884        2459        8517       36611
Swap:         24191           0       24191
Total:        72306        7711       56076

              total        used        free      shared  buff/cache   available
Mem:          48114        7711       31885        2459        8518       36612
Swap:         24191           0       24191
Total:        72306        7711       56077

              total        used        free      shared  buff/cache   available
Mem:          48114        7708       31887        2459        8518       36615
Swap:         24191           0       24191
Total:        72306        7708       56079

              total        used        free      shared  buff/cache   available
Mem:          48114        7709       31886        2459        8518       36614
Swap:         24191           0       24191
Total:        72306        7709       56078

              total        used        free      shared  buff/cache   available
Mem:          48114        7691       31904        2459        8518       36632
Swap:         24191           0       24191
Total:        72306        7691       56096

              total        used        free      shared  buff/cache   available
Mem:          48114        7691       31904        2459        8518       36632
Swap:         24191           0       24191
Total:        72306        7691       56096

              total        used        free      shared  buff/cache   available
Mem:          48114        7688       31906        2459        8518       36634
Swap:         24191           0       24191
Total:        72306        7688       56098

              total        used        free      shared  buff/cache   available
Mem:          48114        7690       31904        2459        8518       36632
Swap:         24191           0       24191
Total:        72306        7690       56096

              total        used        free      shared  buff/cache   available
Mem:          48114        7691       31903        2459        8518       36631
Swap:         24191           0       24191
Total:        72306        7691       56095
