12:31:52 PM      eth0  11831.00  54971.00   1348.28  41644.25      0.00      0.00      0.00
12:31:53 PM      eth0  38512.00 183938.00   4462.92 139291.91      0.00      0.00      0.00
12:31:54 PM      eth0  19023.00  82517.00   2209.91  62453.57      0.00      0.00      0.00
12:31:55 PM      eth0  20382.00  72501.00   2338.08  54935.42      0.00      0.00      0.00
12:31:56 PM      eth0  21846.00  76814.00   2513.84  58187.61      0.00      0.00      0.00
12:31:57 PM      eth0  28131.00  94088.00   3238.36  71285.74      0.00      0.00      0.00
12:31:58 PM      eth0  30251.00  94071.00   3486.46  71263.27      0.00      0.00      0.00
12:31:59 PM      eth0  35183.00 117487.00   4066.68  89008.21      0.00      0.00      0.00
12:32:00 PM      eth0  36671.00 112609.00   4226.83  85323.54      0.00      0.00      0.00
12:32:01 PM      eth0  42509.00 130964.00   4895.91  99227.22      0.00      0.00      0.00
12:32:02 PM      eth0  45252.00 137663.00   5213.30 104303.22      0.00      0.00      0.00
12:32:03 PM      eth0  43854.00 133908.00   5059.64 101448.19      0.00      0.00      0.00
12:32:04 PM      eth0  48987.00 151672.00   5654.96 114914.74      0.00      0.00      0.00
12:32:05 PM      eth0  51464.00 155074.00   5931.88 117501.71      0.00      0.00      0.00
12:32:06 PM      eth0  53699.00 162264.00   6188.65 122949.25      0.00      0.00      0.00
12:32:07 PM      eth0  54075.00 162335.00   6240.15 123000.97      0.00      0.00      0.00
12:32:08 PM      eth0  57204.00 172218.00   6594.77 130502.85      0.00      0.00      0.00
12:32:09 PM      eth0  54849.00 165004.00   6321.02 125037.17      0.00      0.00      0.00
12:32:10 PM      eth0  55080.00 165967.00   6343.64 125772.59      0.00      0.00      0.00
12:32:11 PM      eth0  54899.00 163302.00   6332.39 123751.43      0.00      0.00      0.00
12:32:12 PM      eth0  53212.00 160544.00   6131.07 121662.25      0.00      0.00      0.00
12:32:13 PM      eth0  54411.00 163331.00   6275.35 123770.28      0.00      0.00      0.00
12:32:14 PM      eth0  56169.00 170503.00   6472.35 129208.58      0.00      0.00      0.00
12:32:15 PM      eth0  56993.00 171994.00   6567.16 130338.79      0.00      0.00      0.00
12:32:16 PM      eth0  53838.00 162047.00   6250.69 122780.14      0.00      0.00      0.00
12:32:17 PM      eth0  55034.00 165236.00   6341.31 125217.91      0.00      0.00      0.00
12:32:18 PM      eth0  53615.00 159815.00   6178.29 121107.75      0.00      0.00      0.00
12:32:19 PM      eth0  55413.00 165209.00   6391.13 125198.17      0.00      0.00      0.00
12:32:20 PM      eth0  55062.00 164091.00   6354.00 124348.92      0.00      0.00      0.00
12:32:21 PM      eth0  55065.00 165979.00   6344.64 125780.29      0.00      0.00      0.00
12:32:22 PM      eth0  55683.00 166424.00   6420.23 126118.19      0.00      0.00      0.00
12:32:23 PM      eth0  54544.00 165225.00   6286.46 125204.14      0.00      0.00      0.00
12:32:24 PM      eth0  55263.00 167569.00   6369.02 126985.27      0.00      0.00      0.00
12:32:25 PM      eth0  57507.00 171838.00   6630.65 130220.23      0.00      0.00      0.00
12:32:26 PM      eth0  53257.00 158084.00   6142.62 119798.03      0.00      0.00      0.00
12:32:27 PM      eth0  55121.00 163573.00   6358.47 123957.00      0.00      0.00      0.00
12:32:28 PM      eth0  55336.00 166749.00   6379.34 126365.25      0.00      0.00      0.00
12:32:29 PM      eth0  56765.00 170403.00   6544.30 129132.22      0.00      0.00      0.00
12:32:30 PM      eth0  54543.00 164624.00   6287.73 124753.26      0.00      0.00      0.00
12:32:31 PM      eth0  55196.00 168105.00   6355.63 127391.40      0.00      0.00      0.00
12:32:32 PM      eth0  54455.00 163933.00   6275.85 124231.20      0.00      0.00      0.00
12:32:33 PM      eth0  53809.00 161783.00   6208.04 122589.66      0.00      0.00      0.00
12:32:34 PM      eth0  53501.00 159584.00   6171.52 120934.34      0.00      0.00      0.00
12:32:35 PM      eth0  53706.00 159301.00   6199.24 120720.98      0.00      0.00      0.00
12:32:36 PM      eth0  52224.00 159428.00   6020.40 120815.51      0.00      0.00      0.00
12:32:37 PM      eth0  52528.00 157728.00   6060.14 119528.25      0.00      0.00      0.00
12:32:38 PM      eth0  55265.00 166680.00   6374.63 126311.38      0.00      0.00      0.00
12:32:39 PM      eth0  52794.00 157826.00   6088.79 119601.18      0.00      0.00      0.00
12:32:40 PM      eth0  53667.00 159862.00   6228.80 121132.11      0.00      0.00      0.00
12:32:41 PM      eth0  53901.00 161424.00   6219.05 122327.79      0.00      0.00      0.00
12:32:42 PM      eth0  52707.00 157441.00   6074.97 119309.70      0.00      0.00      0.00
12:32:43 PM      eth0  54472.00 162788.00   6284.26 123357.61      0.00      0.00      0.00
12:32:44 PM      eth0  51865.00 152955.00   5985.55 115910.49      0.00      0.00      0.00
12:32:45 PM      eth0  54676.00 166699.00   6292.76 126325.92      0.00      0.00      0.00
12:32:46 PM      eth0  56548.00 170198.00   6513.64 128976.84      0.00      0.00      0.00
12:32:47 PM      eth0  53869.00 161998.00   6206.92 122764.11      0.00      0.00      0.00
12:32:48 PM      eth0  55472.00 165871.00   6394.38 125698.00      0.00      0.00      0.00
12:32:49 PM      eth0  55216.00 166466.00   6365.01 126149.37      0.00      0.00      0.00
12:32:50 PM      eth0  55945.00 166515.00   6449.58 126185.72      0.00      0.00      0.00
12:32:51 PM      eth0  54769.00 164347.00   6318.55 124544.26      0.00      0.00      0.00
12:32:52 PM      eth0  54270.00 163208.00   6258.76 123679.89      0.00      0.00      0.00
12:32:53 PM      eth0  54905.00 166503.00   6388.29 126139.92      0.00      0.00      0.00
12:32:54 PM      eth0  55194.00 163506.00   6393.87 123824.06      0.00      0.00      0.00
12:32:55 PM      eth0  56070.00 166079.00   6464.99 125856.07      0.00      0.00      0.00
12:32:56 PM      eth0  55170.00 165811.00   6360.01 125652.98      0.00      0.00      1.00
12:32:57 PM      eth0  54735.00 164350.00   6307.18 124546.48      0.00      0.00      0.00
12:32:58 PM      eth0  56959.00 169706.00   6565.83 128605.33      0.00      0.00      0.00
12:32:59 PM      eth0  56402.00 168144.00   6503.69 127421.62      0.00      0.00      0.00
12:33:00 PM      eth0  54692.00 164418.00   6308.48 124597.93      0.00      0.00      0.00
12:33:01 PM      eth0  54282.00 162682.00   6261.92 123279.73      0.00      0.00      0.00
12:33:02 PM      eth0  53473.00 159776.00   6164.02 121080.43      0.00      0.00      0.00
12:33:03 PM      eth0  54662.00 164468.00   6302.56 124626.76      0.00      0.00      0.00
12:33:04 PM      eth0  54691.00 164349.00   6301.24 124545.01      0.00      0.00      0.00
12:33:05 PM      eth0  52819.00 158499.00   6095.29 120111.86      0.00      0.00      0.00
12:33:06 PM      eth0  54740.00 164384.00   6312.75 124572.25      0.00      0.00      0.00
12:33:07 PM      eth0  52901.00 159210.00   6099.77 120649.94      0.00      0.00      0.00
12:33:08 PM      eth0  57613.00 174142.00   6639.80 131966.98      0.00      0.00      0.00
12:33:09 PM      eth0  57169.00 173570.00   6585.92 131528.59      0.00      0.00      0.00
12:33:10 PM      eth0  54043.00 161676.00   6229.59 122518.85      0.00      0.00      0.00
12:33:11 PM      eth0  52567.00 154559.00   6072.07 117126.07      0.00      0.00      0.00
12:33:12 PM      eth0  51798.00 156016.00   5976.81 118230.85      0.00      0.00      0.00
12:33:13 PM      eth0  54697.00 163916.00   6309.65 124211.49      0.00      0.00      0.00
12:33:14 PM      eth0  53911.00 163477.00   6213.38 123882.91      0.00      0.00      0.00
12:33:15 PM      eth0  54461.00 164804.00   6277.82 124890.53      0.00      0.00      0.00
12:33:16 PM      eth0  55769.00 167828.00   6434.71 127168.10      0.00      0.00      0.00
12:33:17 PM      eth0  53786.00 160618.00   6201.10 121718.33      0.00      0.00      0.00
12:33:18 PM      eth0  54899.00 163905.00   6327.78 124208.59      0.00      0.00      0.00
12:33:19 PM      eth0  55770.00 166780.00   6432.33 126387.97      0.00      0.00      0.00
12:33:20 PM      eth0  56088.00 167773.00   6477.20 127139.81      0.00      0.00      0.00
12:33:21 PM      eth0  52571.00 156674.00   6062.85 118729.52      0.00      0.00      0.00
12:33:22 PM      eth0  54702.00 164249.00   6308.06 124469.28      0.00      0.00      0.00
12:33:23 PM      eth0  54957.00 165740.00   6333.99 125595.13      0.00      0.00      0.00
12:33:24 PM      eth0  54297.00 163378.00   6261.03 123808.50      0.00      0.00      0.00
12:33:25 PM      eth0  56783.00 170001.00   6549.84 128829.05      0.00      0.00      0.00
12:33:26 PM      eth0  54727.00 163947.00   6311.99 124239.03      0.00      0.00      0.00
12:33:27 PM      eth0  54218.00 162265.00   6256.57 122965.78      0.00      0.00      0.00
12:33:28 PM      eth0  53483.00 159485.00   6168.70 120858.06      0.00      0.00      0.00
12:33:29 PM      eth0  52843.00 157281.00   6098.14 119188.84      0.00      0.00      0.00
12:33:30 PM      eth0  54621.00 163574.00   6293.91 123958.42      0.00      0.00      0.00
12:33:31 PM      eth0  53670.00 161007.00   6186.38 122012.45      0.00      0.00      0.00
12:33:32 PM      eth0  52216.00 155800.00   6024.24 118060.99      0.00      0.00      0.00
12:33:33 PM      eth0  52947.00 158738.00   6103.08 120284.26      0.00      0.00      0.00
12:33:34 PM      eth0  53464.00 160969.00   6164.54 121983.60      0.00      0.00      0.00
12:33:35 PM      eth0  54138.00 163134.00   6246.21 123623.49      0.00      0.00      0.00
12:33:36 PM      eth0  53025.00 158317.00   6117.05 119973.84      0.00      0.00      0.00
12:33:37 PM      eth0  54591.00 164398.00   6294.09 124581.52      0.00      0.00      0.00
12:33:38 PM      eth0  55435.00 167238.00   6396.77 126735.05      0.00      0.00      0.00
12:33:39 PM      eth0  54162.00 162335.00   6241.96 123018.17      0.00      0.00      0.00
12:33:40 PM      eth0  53184.00 159056.00   6142.66 120534.62      0.00      0.00      0.00
12:33:41 PM      eth0  57026.00 169233.00   6573.89 128246.21      0.00      0.00      0.00
12:33:42 PM      eth0  51976.00 155490.00   5997.39 117832.04      0.00      0.00      0.00
12:33:43 PM      eth0  55666.00 166108.00   6420.49 125872.62      0.00      0.00      0.00
12:33:44 PM      eth0  54355.00 163615.00   6264.72 123988.82      0.00      0.00      0.00
12:33:45 PM      eth0  54840.00 163250.00   6331.45 123712.25      0.00      0.00      0.00
12:33:46 PM      eth0  53763.00 160599.00   6197.75 121703.66      0.00      0.00      0.00
12:33:47 PM      eth0  52692.00 158187.00   6079.00 119875.42      0.00      0.00      0.00
12:33:48 PM      eth0  56161.00 169468.00   6475.71 128425.51      0.00      0.00      0.00
12:33:49 PM      eth0  55564.00 165555.00   6407.89 125458.93      0.00      0.00      0.00
12:33:50 PM      eth0  55645.00 168349.00   6417.04 127577.75      0.00      0.00      0.00
12:33:51 PM      eth0  50808.00 151319.00   5864.04 114670.33      0.00      0.00      0.00
12:33:52 PM      eth0  54163.00 162951.00   6240.55 123486.81      0.00      0.00      0.00
12:33:53 PM      eth0  56674.00 170500.00   6604.41 129157.73      0.00      0.00      0.00
12:33:54 PM      eth0  54582.00 162357.00   6333.57 122962.59      0.00      0.00      0.00
12:33:55 PM      eth0  52437.00 159834.00   6041.76 121123.74      0.00      0.00      0.00
12:33:56 PM      eth0  55977.00 167226.00   6453.10 126724.54      0.00      0.00      0.00
12:33:57 PM      eth0  52697.00 157694.00   6078.12 119502.48      0.00      0.00      0.00
12:33:58 PM      eth0  54610.00 164971.00   6292.21 125016.47      0.00      0.00      0.00
12:33:59 PM      eth0  55254.00 164686.00   6375.86 124801.10      0.00      0.00      0.00
12:34:00 PM      eth0  51279.00 154968.00   5918.09 117436.69      0.00      0.00      0.00
12:34:01 PM      eth0  55844.00 169453.00   6432.85 128412.88      0.00      0.00      0.00
12:34:02 PM      eth0  52283.00 156486.00   6037.48 118587.10      0.00      0.00      0.00
12:34:03 PM      eth0  50730.00 152083.00   5852.69 115238.43      0.00      0.00      0.00
12:34:04 PM      eth0  57104.00 169609.00   6588.14 128532.54      0.00      0.00      0.00
12:34:05 PM      eth0  51559.00 156125.00   5943.41 118311.42      0.00      0.00      0.00
12:34:06 PM      eth0  54178.00 162591.00   6247.74 123213.86      0.00      0.00      0.00
12:34:07 PM      eth0  47448.00 141723.00   5479.68 107397.52      0.00      0.00      0.00
12:34:08 PM      eth0  54959.00 165659.00   6331.27 125537.60      0.00      0.00      0.00
12:34:09 PM      eth0  53275.00 160682.00   6143.52 121765.49      0.00      0.00      0.00
12:34:10 PM      eth0  53431.00 159927.00   6160.20 121194.78      0.00      0.00      0.00
12:34:11 PM      eth0  54353.00 162019.00   6273.02 122773.56      0.00      0.00      0.00
12:34:12 PM      eth0  55915.00 169743.00   6443.23 128633.53      0.00      0.00      0.00
12:34:13 PM      eth0  53459.00 162890.00   6158.55 123434.19      0.00      0.00      0.00
12:34:14 PM      eth0  57576.00 172864.00   6635.95 130998.50      0.00      0.00      0.00
12:34:15 PM      eth0  52078.00 158142.00   6001.39 119840.65      0.00      0.00      0.00
12:34:16 PM      eth0  53603.00 162166.00   6190.43 122891.42      0.00      0.00      0.00
12:34:17 PM      eth0  55845.00 166942.00   6445.20 126496.65      0.00      0.00      0.00
12:34:18 PM      eth0  55487.00 167083.00   6405.93 126616.97      0.00      0.00      0.00
12:34:19 PM      eth0  54182.00 161736.00   6259.85 122564.17      0.00      0.00      0.00
12:34:20 PM      eth0  56454.00 169631.00   6513.24 128547.83      0.00      0.00      0.00
12:34:21 PM      eth0  54625.00 163254.00   6299.34 123715.92      0.00      0.00      0.00
12:34:22 PM      eth0  56484.00 169249.00   6513.12 128256.95      0.00      0.00      0.00
12:34:23 PM      eth0  55691.00 166020.00   6422.66 125805.93      0.00      0.00      0.00
12:34:24 PM      eth0  55248.00 164808.00   6373.89 124894.95      0.00      0.00      0.00
12:34:25 PM      eth0  50806.00 151189.00   5867.97 114571.99      0.00      0.00      0.00
12:34:26 PM      eth0  54521.00 161262.00   6290.70 122205.84      0.00      0.00      0.00
12:34:27 PM      eth0  53547.00 159884.00   6175.96 121160.20      0.00      0.00      0.00
12:34:28 PM      eth0  51908.00 154231.00   5994.54 116877.51      0.00      0.00      0.00
12:34:29 PM      eth0  52853.00 157810.00   6100.36 119589.05      0.00      0.00      0.00
12:34:30 PM      eth0  55305.00 164442.00   6378.37 124614.26      0.00      0.00      0.00
12:34:31 PM      eth0  53771.00 160077.00   6203.28 121308.70      0.00      0.00      0.00
12:34:32 PM      eth0  49726.00 147802.00   5741.16 112006.20      0.00      0.00      0.00
12:34:33 PM      eth0  53464.00 161492.00   6163.52 122370.92      0.00      0.00      0.00
12:34:34 PM      eth0  55771.00 166891.00   6431.89 126471.64      0.00      0.00      0.00
12:34:35 PM      eth0  53392.00 160245.00   6156.72 121434.95      0.00      0.00      0.00
12:34:36 PM      eth0  53390.00 160447.00   6159.47 121588.02      0.00      0.00      0.00
12:34:37 PM      eth0  55676.00 167129.00   6424.15 126652.14      0.00      0.00      0.00
12:34:38 PM      eth0  53677.00 161071.00   6192.89 122060.90      0.00      0.00      0.00
12:34:39 PM      eth0  50607.00 151612.00   5834.47 114893.47      0.00      0.00      0.00
12:34:40 PM      eth0  54168.00 161645.00   6252.05 122495.93      0.00      0.00      0.00
12:34:41 PM      eth0  50666.00 150014.00   5886.25 113671.07      0.00      0.00      0.00
12:34:42 PM      eth0  46272.00 138384.00   5342.65 104869.13      0.00      0.00      0.00
12:34:43 PM      eth0  51970.00 156038.00   5993.01 118241.32      0.00      0.00      0.00
12:34:44 PM      eth0  51418.00 153699.00   5932.17 116474.36      0.00      0.00      0.00
12:34:45 PM      eth0  56188.00 167720.00   6482.27 127099.04      0.00      0.00      0.00
12:34:46 PM      eth0  54867.00 161175.00   6334.92 122139.45      0.00      0.00      0.00
12:34:47 PM      eth0  54895.00 164890.00   6328.18 124955.76      0.00      0.00      0.00
12:34:48 PM      eth0  51837.00 154981.00   5976.59 117444.48      0.00      0.00      0.00
12:34:49 PM      eth0  55290.00 165436.00   6376.53 125369.47      0.00      0.00      0.00
12:34:50 PM      eth0  50647.00 151140.00   5847.15 114534.45      0.00      0.00      0.00
12:34:51 PM      eth0  47357.00 142283.00   5463.91 107823.80      0.00      0.00      0.00
12:34:52 PM      eth0  54064.00 160625.00   6244.20 121722.91      0.00      0.00      0.00
12:34:53 PM      eth0  50529.00 151713.00   5827.69 114963.24      0.00      0.00      0.00
12:34:54 PM      eth0  54107.00 161573.00   6313.46 122396.27      0.00      0.00      0.00
12:34:55 PM      eth0  51929.00 155683.00   6017.52 117908.12      0.00      0.00      0.00
12:34:56 PM      eth0  52733.00 157053.00   6085.70 119016.06      0.00      0.00      0.00
12:34:57 PM      eth0  51844.00 156275.00   5975.15 118426.78      0.00      0.00      0.00
12:34:58 PM      eth0  54421.00 164350.00   6270.87 124546.48      0.00      0.00      0.00
12:34:59 PM      eth0  52679.00 156442.00   6077.29 118553.17      0.00      0.00      0.00
12:35:00 PM      eth0  51544.00 152359.00   5948.41 115458.89      0.00      0.00      0.00
12:35:01 PM      eth0  46585.00 138926.00   5379.23 105279.86      0.00      0.00      0.00
12:35:02 PM      eth0  44538.00 132104.00   5145.14 100108.73      0.00      0.00      0.00
12:35:03 PM      eth0  49926.00 147169.00   5769.20 111517.26      0.00      0.00      0.00
12:35:04 PM      eth0  51264.00 153545.00   5909.65 116358.47      0.00      0.00      0.00
12:35:05 PM      eth0  53508.00 159315.00   6172.91 120730.18      0.00      0.00      0.00
12:35:06 PM      eth0  56397.00 168800.00   6505.99 127920.19      0.00      0.00      0.00
12:35:07 PM      eth0  51292.00 152188.00   5918.85 115328.53      0.00      0.00      0.00
12:35:08 PM      eth0  51374.00 154801.00   5931.44 117309.68      0.00      0.00      0.00
12:35:09 PM      eth0  43273.00 131112.00   4997.50  99356.87      0.00      0.00      0.00
12:35:10 PM      eth0  50900.00 151292.00   5873.38 114649.63      0.00      0.00      0.00
12:35:11 PM      eth0  53010.00 156650.00   6120.36 118706.58      0.00      0.00      0.00
12:35:12 PM      eth0  54211.00 160489.00   6253.66 121619.90      0.00      0.00      0.00
12:35:13 PM      eth0  53828.00 159658.00   6217.57 120983.84      0.00      0.00      0.00
12:35:14 PM      eth0  50350.00 151709.00   5806.90 114965.95      0.00      0.00      0.00
12:35:15 PM      eth0  52743.00 157925.00   6087.78 119677.09      0.00      0.00      0.00
12:35:16 PM      eth0  50597.00 151323.00   5843.44 114673.93      0.00      0.00      0.00
12:35:17 PM      eth0  53162.00 158560.00   6134.22 120157.54      0.00      0.00      0.00
12:35:18 PM      eth0  50844.00 152458.00   5871.17 115533.49      0.00      0.00      0.00
12:35:19 PM      eth0  50115.00 148730.00   5794.89 112695.37      0.00      0.00      0.00
12:35:20 PM      eth0  50269.00 150488.00   5800.38 114041.69      0.00      0.00      0.00
12:35:21 PM      eth0  51139.00 151875.00   5904.88 115092.11      0.00      0.00      0.00
12:35:22 PM      eth0  54020.00 160437.00   6247.97 121581.32      0.00      0.00      0.00
12:35:23 PM      eth0  48330.00 144664.00   5575.34 109622.64      0.00      0.00      0.00
12:35:24 PM      eth0  49941.00 148526.00   5767.62 112552.85      0.00      0.00      0.00
12:35:25 PM      eth0  51958.00 156037.00   5990.29 118246.82      0.00      0.00      0.00
12:35:26 PM      eth0  53155.00 159886.00   6133.13 121163.61      0.00      0.00      0.00
12:35:27 PM      eth0  54097.00 162495.00   6241.64 123140.90      0.00      0.00      0.00
12:35:28 PM      eth0  51935.00 155271.00   5993.38 117665.64      0.00      0.00      0.00
12:35:29 PM      eth0  50480.00 152660.00   5822.65 115687.71      0.00      0.00      0.00
12:35:30 PM      eth0  51101.00 153064.00   5899.97 115992.42      0.00      0.00      0.00
12:35:31 PM      eth0  47350.00 141069.00   5471.45 106902.63      0.00      0.00      0.00
12:35:32 PM      eth0  49741.00 146988.00   5744.76 111390.59      0.00      0.00      0.00
12:35:33 PM      eth0  53081.00 157010.00   6136.04 118972.84      0.00      0.00      0.00
12:35:34 PM      eth0  50769.00 151098.00   5862.80 114502.57      0.00      0.00      0.00
12:35:35 PM      eth0  48902.00 146887.00   5634.56 111313.58      0.00      0.00      0.00
12:35:36 PM      eth0  51380.00 154274.00   5927.74 116909.32      0.00      0.00      0.00
12:35:37 PM      eth0  54227.00 161678.00   6260.37 122521.61      0.00      0.00      0.00
12:35:38 PM      eth0  54788.00 165612.00   6316.82 125500.49      0.00      0.00      0.00
12:35:39 PM      eth0  50370.00 150320.00   5810.30 113914.38      0.00      0.00      0.00
12:35:40 PM      eth0  47789.00 140846.00   5518.07 106734.91      0.00      0.00      0.00
12:35:41 PM      eth0  52571.00 157606.00   6065.55 119434.46      0.00      0.00      0.00
12:35:42 PM      eth0  51670.00 153939.00   5964.14 116656.81      0.00      0.00      0.00
12:35:43 PM      eth0  49973.00 149684.00   5768.63 113426.31      0.00      0.00      0.00
12:35:44 PM      eth0  52482.00 156343.00   6059.41 118478.37      0.00      0.00      0.00
12:35:45 PM      eth0  55295.00 163802.00   6381.99 124130.15      0.00      0.00      0.00
12:35:46 PM      eth0  52994.00 156928.00   6113.08 118922.00      0.00      0.00      0.00
12:35:47 PM      eth0  47160.00 141571.00   5438.61 107283.61      0.00      0.00      0.00
12:35:48 PM      eth0  49399.00 149204.00   5699.99 113068.66      0.00      0.00      0.00
12:35:49 PM      eth0  52618.00 155845.00   6073.53 118100.62      0.00      0.00      0.00
12:35:50 PM      eth0  51496.00 153729.00   5942.54 116497.78      0.00      0.00      0.00
12:35:51 PM      eth0  53348.00 158782.00   6154.95 120326.30      0.00      0.00      0.00
12:35:52 PM      eth0  50612.00 152492.00   5846.27 115559.27      0.00      0.00      0.00
12:35:53 PM      eth0  50178.00 150854.00   5791.47 114312.36      0.00      0.00      0.00
12:35:54 PM      eth0  54997.00 163884.00   6347.34 124193.34      0.00      0.00      0.00
12:35:55 PM      eth0  55983.00 169255.00   6448.55 128263.71      0.00      0.00      0.00
12:35:56 PM      eth0  51742.00 154388.00   6035.22 116981.66      0.00      0.00      0.00
12:35:57 PM      eth0  44667.00 133492.00   5195.45 101059.97      0.00      0.00      0.00
12:35:58 PM      eth0  48045.00 143182.00   5547.60 108505.08      0.00      0.00      0.00
12:35:59 PM      eth0  51472.00 153226.00   5945.04 116117.92      0.00      0.00      0.00
12:36:00 PM      eth0  50642.00 151896.00   5839.99 115108.69      0.00      0.00      0.00
12:36:01 PM      eth0  44149.00 132590.00   5093.45 100477.21      0.00      0.00      0.00
12:36:02 PM      eth0  48038.00 144214.00   5544.44 109286.62      0.00      0.00      0.00
12:36:03 PM      eth0  53247.00 159154.00   6143.52 120599.12      0.00      0.00      0.00
12:36:04 PM      eth0  49967.00 149027.00   5761.66 112933.86      0.00      0.00      0.00
12:36:05 PM      eth0  49390.00 147770.00   5700.76 111980.56      0.00      0.00      0.00
12:36:06 PM      eth0  54960.00 165093.00   6340.05 125108.87      0.00      0.00      0.00
12:36:07 PM      eth0  52010.00 154921.00   6003.14 117399.40      0.00      0.00      0.00
12:36:08 PM      eth0  53609.00 161248.00   6192.92 122195.75      0.00      0.00      0.00
12:36:09 PM      eth0  50187.00 149187.00   5793.57 113056.49      0.00      0.00      0.00
12:36:10 PM      eth0  53843.00 160532.00   6213.59 121651.46      0.00      0.00      0.00
12:36:11 PM      eth0  54754.00 164633.00   6319.08 124755.43      0.00      0.00      0.00
12:36:12 PM      eth0  54587.00 163087.00   6297.73 123590.09      0.00      0.00      0.00
12:36:13 PM      eth0  49447.00 148853.00   5713.43 112794.72      0.00      0.00      0.00
12:36:14 PM      eth0  52668.00 159481.00   6071.01 120856.08      0.00      0.00      0.00
12:36:15 PM      eth0  49417.00 147896.00   5708.80 112076.10      0.00      0.00      0.00
12:36:16 PM      eth0  50959.00 152789.00   5882.49 115784.69      0.00      0.00      1.00
12:36:17 PM      eth0  49921.00 148246.00   5773.96 112336.99      0.00      0.00      0.00
12:36:18 PM      eth0  51358.00 152550.00   5929.88 115603.69      0.00      0.00      0.00
12:36:19 PM      eth0  48030.00 143943.00   5544.07 109081.58      0.00      0.00      0.00
12:36:20 PM      eth0  56653.00 170675.00   6542.75 129324.90      0.00      0.00      0.00
12:36:21 PM      eth0  51307.00 153522.00   5921.78 116341.17      0.00      0.00      0.00
12:36:22 PM      eth0  55279.00 164539.00   6375.84 124688.99      0.00      0.00      0.00
12:36:23 PM      eth0  46858.00 139590.00   5412.26 105776.90      0.00      0.00      0.00
12:36:24 PM      eth0  49421.00 147532.00   5706.44 111801.59      0.00      0.00      0.00
12:36:25 PM      eth0  50281.00 149310.00   5807.17 113141.33      0.00      0.00      0.00
12:36:26 PM      eth0  54427.00 162527.00   6324.46 123320.56      0.00      0.00      0.00
12:36:27 PM      eth0  51851.00 155229.00   5981.11 117769.61      0.00      0.00      0.00
12:36:28 PM      eth0  57660.00 173516.00   6644.27 131492.59      0.00      0.00      0.00
12:36:29 PM      eth0  53557.00 160768.00   6185.72 121832.00      0.00      0.00      0.00
12:36:30 PM      eth0  52612.00 157757.00   6072.45 119549.43      0.00      0.00      0.00
12:36:31 PM      eth0  51388.00 152640.00   5930.97 115672.50      0.00      0.00      0.00
12:36:32 PM      eth0  52979.00 160191.00   6110.67 121395.35      0.00      0.00      0.00
12:36:33 PM      eth0  49955.00 149572.00   5766.22 113335.28      0.00      0.00      0.00
12:36:34 PM      eth0  53894.00 162837.00   6211.65 123399.25      0.00      0.00      0.00
12:36:35 PM      eth0  52296.00 157086.00   6032.36 119040.87      0.00      0.00      0.00
12:36:36 PM      eth0  52228.00 155063.00   6032.38 117508.08      0.00      0.00      0.00
12:36:37 PM      eth0  52006.00 154860.00   5995.24 117354.84      0.00      0.00      0.00
12:36:38 PM      eth0  53482.00 158921.00   6175.89 120431.65      0.00      0.00      0.00
12:36:39 PM      eth0  52399.00 157426.00   6046.13 119298.86      0.00      0.00      0.00
12:36:40 PM      eth0  54398.00 161708.00   6275.54 122544.00      0.00      0.00      0.00
12:36:41 PM      eth0  52139.00 156564.00   6018.81 118646.16      0.00      0.00      0.00
12:36:42 PM      eth0  57004.00 170143.00   6577.48 128936.51      0.00      0.00      0.00
12:36:43 PM      eth0  52139.00 154763.00   6015.79 117275.90      0.00      0.00      0.00
12:36:44 PM      eth0  48248.00 145108.00   5573.05 109964.32      0.00      0.00      0.00
12:36:45 PM      eth0  49546.00 148883.00   5757.71 112813.92      0.00      0.00      0.00
12:36:46 PM      eth0  50167.00 149644.00   5796.89 113399.88      0.00      0.00      0.00
12:36:47 PM      eth0  49985.00 152042.00   5763.25 115217.94      0.00      0.00      0.00
12:36:48 PM      eth0  52204.00 156822.00   6015.91 118841.67      0.00      0.00      0.00
12:36:49 PM      eth0  52294.00 155736.00   6036.35 118017.97      0.00      0.00      0.00
12:36:50 PM      eth0  53029.00 157922.00   6126.05 119674.82      0.00      0.00      0.00
12:36:51 PM      eth0  49638.00 147460.00   5730.56 111747.03      0.00      0.00      0.00
12:36:52 PM      eth0  50638.00 151392.00   5844.40 114725.25      0.00      0.00      0.00
12:36:53 PM      eth0  49061.00 146499.00   5661.04 111012.68      0.00      0.00      0.00
12:36:54 PM      eth0  48613.00 145514.00   5611.14 110269.99      0.00      0.00      0.00
12:36:55 PM      eth0  43276.00 130397.00   4999.38  98816.55      0.00      0.00      0.00
12:36:56 PM      eth0  39208.00 120085.00   4596.24  90942.22      0.00      0.00      0.00
12:36:57 PM      eth0  39208.00 120020.00   4544.13  90894.82      0.00      0.00      0.00
12:36:58 PM      eth0  36563.00 109456.00   4215.12  82946.85      0.00      0.00      0.00
12:36:59 PM      eth0  37245.00 115257.00   4286.68  87341.79      0.00      0.00      0.00
12:37:00 PM      eth0  32310.00 102212.00   3720.59  77455.03      0.00      0.00      0.00
12:37:01 PM      eth0  30728.00  95912.00   3535.44  72682.28      0.00      0.00      0.00
12:37:02 PM      eth0  26533.00  84249.00   3049.55  63843.02      0.00      0.00      0.00
12:37:03 PM      eth0  21433.00  76760.00   2462.51  58158.63      0.00      0.00      0.00
12:37:04 PM      eth0  20571.00  67598.00   2363.53  51223.97      0.00      0.00      0.00
12:37:05 PM      eth0  16667.00  61856.00   1911.38  46875.16      0.00      0.00      0.00
12:37:06 PM      eth0  19171.00  84101.00   2188.98  63731.03      0.00      0.00      0.00
12:37:07 PM      eth0  25564.00 148807.00   2899.59 112766.78      0.00      0.00      0.00
12:37:08 PM      eth0   4862.00  29457.00    550.77  22320.97      0.00      0.00      0.00
12:37:09 PM      eth0     21.00     13.00      4.18      2.91      0.00      0.00      0.00
