ksoftirqd/1 0.0
ksoftirqd/3 0.0
ksoftirqd/3 0.0
ksoftirqd/3 0.0
ksoftirqd/3 0.0
ksoftirqd/3 0.0
ksoftirqd/3 0.0
ksoftirqd/3 0.0
ksoftirqd/3 0.0
ksoftirqd/3 0.0
ksoftirqd/3 0.0
ksoftirqd/3 11.5
ksoftirqd/3 13.2
ksoftirqd/3 13.5
ksoftirqd/3 1.7
ksoftirqd/3 1.7
ksoftirqd/3 17.3
ksoftirqd/3 1.9
ksoftirqd/3 1.9
ksoftirqd/3 1.9
ksoftirqd/3 1.9
ksoftirqd/3 1.9
ksoftirqd/3 23.5
ksoftirqd/3 3.4
ksoftirqd/3 3.7
ksoftirqd/3 3.7
ksoftirqd/3 3.8
ksoftirqd/3 3.8
ksoftirqd/3 3.8
ksoftirqd/3 3.8
ksoftirqd/3 3.8
ksoftirqd/3 3.8
ksoftirqd/3 5.1
ksoftirqd/3 53.8
ksoftirqd/3 5.6
ksoftirqd/3 5.6
ksoftirqd/3 5.7
ksoftirqd/3 5.7
ksoftirqd/3 5.7
ksoftirqd/3 5.7
ksoftirqd/3 5.7
ksoftirqd/3 5.7
ksoftirqd/3 5.7
ksoftirqd/3 5.8
ksoftirqd/3 5.8
ksoftirqd/3 5.9
ksoftirqd/3 7.4
ksoftirqd/3 7.4
ksoftirqd/3 7.5
ksoftirqd/3 7.5
ksoftirqd/3 7.5
ksoftirqd/3 7.5
ksoftirqd/3 7.7
ksoftirqd/3 7.7
ksoftirqd/3 9.4
ksoftirqd/3 9.6
ksoftirqd/3 9.6
ksoftirqd/3 9.6
ksoftirqd/3 99.9
ksoftirqd/5 13.7
ksoftirqd/5 28.8
ksoftirqd/5 3.8
ksoftirqd/5 7.7
ksoftirqd/6 0.0
ksoftirqd/6 0.0
ksoftirqd/6 0.0
ksoftirqd/6 0.0
ksoftirqd/6 0.0
ksoftirqd/6 11.5
ksoftirqd/6 11.5
ksoftirqd/6 13.7
ksoftirqd/6 15.4
ksoftirqd/6 1.9
ksoftirqd/6 1.9
ksoftirqd/6 19.2
ksoftirqd/6 19.6
ksoftirqd/6 2.0
ksoftirqd/6 23.1
ksoftirqd/6 26.9
ksoftirqd/6 27.5
ksoftirqd/6 30.8
ksoftirqd/6 3.8
ksoftirqd/6 5.6
ksoftirqd/6 5.8
ksoftirqd/6 7.7
ksoftirqd/6 7.7
ksoftirqd/6 7.7
ksoftirqd/6 7.7
ksoftirqd/6 9.6
ksoftirqd/6 99.9
