NIC statistics:
     rx_packets: 22474316772
     tx_packets: 27495570998
     rx_bytes: 20654273908896
     tx_bytes: 38027491201252
     rx_pkts_nic: 22474316761
     tx_pkts_nic: 27495570997
     rx_bytes_nic: 20744175455056
     tx_bytes_nic: 38137475365772
     lsc_int: 0
     tx_busy: 0
     non_eop_descs: 0
     rx_errors: 0
     tx_errors: 0
     rx_dropped: 0
     tx_dropped: 0
     multicast: 6828213
     broadcast: 12494242
     rx_no_buffer_count: 0
     collisions: 0
     rx_over_errors: 0
     rx_crc_errors: 0
     rx_frame_errors: 0
     hw_rsc_aggregated: 0
     hw_rsc_flushed: 0
     fdir_match: 22522441658
     fdir_miss: 7263863
     fdir_overflow: 0
     rx_fifo_errors: 0
     rx_missed_errors: 0
     tx_aborted_errors: 0
     tx_carrier_errors: 0
     tx_fifo_errors: 0
     tx_heartbeat_errors: 0
     tx_timeout_count: 0
     tx_restart_queue: 10061484
     rx_long_length_errors: 0
     rx_short_length_errors: 0
     tx_flow_control_xon: 217137
     rx_flow_control_xon: 3168
     tx_flow_control_xoff: 217188
     rx_flow_control_xoff: 3168
     rx_csum_offload_errors: 0
     alloc_rx_page_failed: 0
     alloc_rx_buff_failed: 0
     rx_no_dma_resources: 0
     os2bmc_rx_by_bmc: 0
     os2bmc_tx_by_bmc: 0
     os2bmc_tx_by_host: 0
     os2bmc_rx_by_host: 0
     fcoe_bad_fccrc: 0
     rx_fcoe_dropped: 0
     rx_fcoe_packets: 0
     rx_fcoe_dwords: 0
     fcoe_noddp: 0
     fcoe_noddp_ext_buff: 0
     tx_fcoe_packets: 0
     tx_fcoe_dwords: 0
     tx_queue_0_packets: 1486496100
     tx_queue_0_bytes: 2099024995577
     tx_queue_0_ll_napi_yield: 0
     tx_queue_0_ll_misses: 0
     tx_queue_0_ll_cleaned: 0
     tx_queue_1_packets: 1315152664
     tx_queue_1_bytes: 1822990392418
     tx_queue_1_ll_napi_yield: 0
     tx_queue_1_ll_misses: 0
     tx_queue_1_ll_cleaned: 0
     tx_queue_2_packets: 1224305695
     tx_queue_2_bytes: 1721096466604
     tx_queue_2_ll_napi_yield: 0
     tx_queue_2_ll_misses: 0
     tx_queue_2_ll_cleaned: 0
     tx_queue_3_packets: 1776150080
     tx_queue_3_bytes: 2522644941401
     tx_queue_3_ll_napi_yield: 0
     tx_queue_3_ll_misses: 0
     tx_queue_3_ll_cleaned: 0
     tx_queue_4_packets: 743390437
     tx_queue_4_bytes: 978981926563
     tx_queue_4_ll_napi_yield: 0
     tx_queue_4_ll_misses: 0
     tx_queue_4_ll_cleaned: 0
     tx_queue_5_packets: 1030899481
     tx_queue_5_bytes: 1366904301337
     tx_queue_5_ll_napi_yield: 0
     tx_queue_5_ll_misses: 0
     tx_queue_5_ll_cleaned: 0
     tx_queue_6_packets: 1384854895
     tx_queue_6_bytes: 1949176490118
     tx_queue_6_ll_napi_yield: 0
     tx_queue_6_ll_misses: 0
     tx_queue_6_ll_cleaned: 0
     tx_queue_7_packets: 1069583280
     tx_queue_7_bytes: 1485721510302
     tx_queue_7_ll_napi_yield: 0
     tx_queue_7_ll_misses: 0
     tx_queue_7_ll_cleaned: 0
     tx_queue_8_packets: 1148712731
     tx_queue_8_bytes: 1606718852392
     tx_queue_8_ll_napi_yield: 0
     tx_queue_8_ll_misses: 0
     tx_queue_8_ll_cleaned: 0
     tx_queue_9_packets: 1028827912
     tx_queue_9_bytes: 1413759874969
     tx_queue_9_ll_napi_yield: 0
     tx_queue_9_ll_misses: 0
     tx_queue_9_ll_cleaned: 0
     tx_queue_10_packets: 1298446632
     tx_queue_10_bytes: 1791123193255
     tx_queue_10_ll_napi_yield: 0
     tx_queue_10_ll_misses: 0
     tx_queue_10_ll_cleaned: 0
     tx_queue_11_packets: 919810237
     tx_queue_11_bytes: 1228534578631
     tx_queue_11_ll_napi_yield: 0
     tx_queue_11_ll_misses: 0
     tx_queue_11_ll_cleaned: 0
     tx_queue_12_packets: 908257002
     tx_queue_12_bytes: 1206447646639
     tx_queue_12_ll_napi_yield: 0
     tx_queue_12_ll_misses: 0
     tx_queue_12_ll_cleaned: 0
     tx_queue_13_packets: 1231575531
     tx_queue_13_bytes: 1708390816089
     tx_queue_13_ll_napi_yield: 0
     tx_queue_13_ll_misses: 0
     tx_queue_13_ll_cleaned: 0
     tx_queue_14_packets: 1668160808
     tx_queue_14_bytes: 2349686432711
     tx_queue_14_ll_napi_yield: 0
     tx_queue_14_ll_misses: 0
     tx_queue_14_ll_cleaned: 0
     tx_queue_15_packets: 1145577783
     tx_queue_15_bytes: 1573137888163
     tx_queue_15_ll_napi_yield: 0
     tx_queue_15_ll_misses: 0
     tx_queue_15_ll_cleaned: 0
     tx_queue_16_packets: 1223405762
     tx_queue_16_bytes: 1697560825956
     tx_queue_16_ll_napi_yield: 0
     tx_queue_16_ll_misses: 0
     tx_queue_16_ll_cleaned: 0
     tx_queue_17_packets: 892897819
     tx_queue_17_bytes: 1231154999328
     tx_queue_17_ll_napi_yield: 0
     tx_queue_17_ll_misses: 0
     tx_queue_17_ll_cleaned: 0
     tx_queue_18_packets: 1078945713
     tx_queue_18_bytes: 1469302590222
     tx_queue_18_ll_napi_yield: 0
     tx_queue_18_ll_misses: 0
     tx_queue_18_ll_cleaned: 0
     tx_queue_19_packets: 933500177
     tx_queue_19_bytes: 1285299710583
     tx_queue_19_ll_napi_yield: 0
     tx_queue_19_ll_misses: 0
     tx_queue_19_ll_cleaned: 0
     tx_queue_20_packets: 840424157
     tx_queue_20_bytes: 1171485213335
     tx_queue_20_ll_napi_yield: 0
     tx_queue_20_ll_misses: 0
     tx_queue_20_ll_cleaned: 0
     tx_queue_21_packets: 1131770352
     tx_queue_21_bytes: 1580611706228
     tx_queue_21_ll_napi_yield: 0
     tx_queue_21_ll_misses: 0
     tx_queue_21_ll_cleaned: 0
     tx_queue_22_packets: 1038470618
     tx_queue_22_bytes: 1433756662427
     tx_queue_22_ll_napi_yield: 0
     tx_queue_22_ll_misses: 0
     tx_queue_22_ll_cleaned: 0
     tx_queue_23_packets: 975955132
     tx_queue_23_bytes: 1333979186004
     tx_queue_23_ll_napi_yield: 0
     tx_queue_23_ll_misses: 0
     tx_queue_23_ll_cleaned: 0
     tx_queue_24_packets: 0
     tx_queue_24_bytes: 0
     tx_queue_24_ll_napi_yield: 0
     tx_queue_24_ll_misses: 0
     tx_queue_24_ll_cleaned: 0
     tx_queue_25_packets: 0
     tx_queue_25_bytes: 0
     tx_queue_25_ll_napi_yield: 0
     tx_queue_25_ll_misses: 0
     tx_queue_25_ll_cleaned: 0
     tx_queue_26_packets: 0
     tx_queue_26_bytes: 0
     tx_queue_26_ll_napi_yield: 0
     tx_queue_26_ll_misses: 0
     tx_queue_26_ll_cleaned: 0
     tx_queue_27_packets: 0
     tx_queue_27_bytes: 0
     tx_queue_27_ll_napi_yield: 0
     tx_queue_27_ll_misses: 0
     tx_queue_27_ll_cleaned: 0
     tx_queue_28_packets: 0
     tx_queue_28_bytes: 0
     tx_queue_28_ll_napi_yield: 0
     tx_queue_28_ll_misses: 0
     tx_queue_28_ll_cleaned: 0
     tx_queue_29_packets: 0
     tx_queue_29_bytes: 0
     tx_queue_29_ll_napi_yield: 0
     tx_queue_29_ll_misses: 0
     tx_queue_29_ll_cleaned: 0
     tx_queue_30_packets: 0
     tx_queue_30_bytes: 0
     tx_queue_30_ll_napi_yield: 0
     tx_queue_30_ll_misses: 0
     tx_queue_30_ll_cleaned: 0
     tx_queue_31_packets: 0
     tx_queue_31_bytes: 0
     tx_queue_31_ll_napi_yield: 0
     tx_queue_31_ll_misses: 0
     tx_queue_31_ll_cleaned: 0
     tx_queue_32_packets: 0
     tx_queue_32_bytes: 0
     tx_queue_32_ll_napi_yield: 0
     tx_queue_32_ll_misses: 0
     tx_queue_32_ll_cleaned: 0
     tx_queue_33_packets: 0
     tx_queue_33_bytes: 0
     tx_queue_33_ll_napi_yield: 0
     tx_queue_33_ll_misses: 0
     tx_queue_33_ll_cleaned: 0
     tx_queue_34_packets: 0
     tx_queue_34_bytes: 0
     tx_queue_34_ll_napi_yield: 0
     tx_queue_34_ll_misses: 0
     tx_queue_34_ll_cleaned: 0
     tx_queue_35_packets: 0
     tx_queue_35_bytes: 0
     tx_queue_35_ll_napi_yield: 0
     tx_queue_35_ll_misses: 0
     tx_queue_35_ll_cleaned: 0
     tx_queue_36_packets: 0
     tx_queue_36_bytes: 0
     tx_queue_36_ll_napi_yield: 0
     tx_queue_36_ll_misses: 0
     tx_queue_36_ll_cleaned: 0
     tx_queue_37_packets: 0
     tx_queue_37_bytes: 0
     tx_queue_37_ll_napi_yield: 0
     tx_queue_37_ll_misses: 0
     tx_queue_37_ll_cleaned: 0
     tx_queue_38_packets: 0
     tx_queue_38_bytes: 0
     tx_queue_38_ll_napi_yield: 0
     tx_queue_38_ll_misses: 0
     tx_queue_38_ll_cleaned: 0
     tx_queue_39_packets: 0
     tx_queue_39_bytes: 0
     tx_queue_39_ll_napi_yield: 0
     tx_queue_39_ll_misses: 0
     tx_queue_39_ll_cleaned: 0
     tx_queue_40_packets: 0
     tx_queue_40_bytes: 0
     tx_queue_40_ll_napi_yield: 0
     tx_queue_40_ll_misses: 0
     tx_queue_40_ll_cleaned: 0
     tx_queue_41_packets: 0
     tx_queue_41_bytes: 0
     tx_queue_41_ll_napi_yield: 0
     tx_queue_41_ll_misses: 0
     tx_queue_41_ll_cleaned: 0
     tx_queue_42_packets: 0
     tx_queue_42_bytes: 0
     tx_queue_42_ll_napi_yield: 0
     tx_queue_42_ll_misses: 0
     tx_queue_42_ll_cleaned: 0
     tx_queue_43_packets: 0
     tx_queue_43_bytes: 0
     tx_queue_43_ll_napi_yield: 0
     tx_queue_43_ll_misses: 0
     tx_queue_43_ll_cleaned: 0
     tx_queue_44_packets: 0
     tx_queue_44_bytes: 0
     tx_queue_44_ll_napi_yield: 0
     tx_queue_44_ll_misses: 0
     tx_queue_44_ll_cleaned: 0
     tx_queue_45_packets: 0
     tx_queue_45_bytes: 0
     tx_queue_45_ll_napi_yield: 0
     tx_queue_45_ll_misses: 0
     tx_queue_45_ll_cleaned: 0
     tx_queue_46_packets: 0
     tx_queue_46_bytes: 0
     tx_queue_46_ll_napi_yield: 0
     tx_queue_46_ll_misses: 0
     tx_queue_46_ll_cleaned: 0
     tx_queue_47_packets: 0
     tx_queue_47_bytes: 0
     tx_queue_47_ll_napi_yield: 0
     tx_queue_47_ll_misses: 0
     tx_queue_47_ll_cleaned: 0
     tx_queue_48_packets: 0
     tx_queue_48_bytes: 0
     tx_queue_48_ll_napi_yield: 0
     tx_queue_48_ll_misses: 0
     tx_queue_48_ll_cleaned: 0
     tx_queue_49_packets: 0
     tx_queue_49_bytes: 0
     tx_queue_49_ll_napi_yield: 0
     tx_queue_49_ll_misses: 0
     tx_queue_49_ll_cleaned: 0
     tx_queue_50_packets: 0
     tx_queue_50_bytes: 0
     tx_queue_50_ll_napi_yield: 0
     tx_queue_50_ll_misses: 0
     tx_queue_50_ll_cleaned: 0
     tx_queue_51_packets: 0
     tx_queue_51_bytes: 0
     tx_queue_51_ll_napi_yield: 0
     tx_queue_51_ll_misses: 0
     tx_queue_51_ll_cleaned: 0
     tx_queue_52_packets: 0
     tx_queue_52_bytes: 0
     tx_queue_52_ll_napi_yield: 0
     tx_queue_52_ll_misses: 0
     tx_queue_52_ll_cleaned: 0
     tx_queue_53_packets: 0
     tx_queue_53_bytes: 0
     tx_queue_53_ll_napi_yield: 0
     tx_queue_53_ll_misses: 0
     tx_queue_53_ll_cleaned: 0
     tx_queue_54_packets: 0
     tx_queue_54_bytes: 0
     tx_queue_54_ll_napi_yield: 0
     tx_queue_54_ll_misses: 0
     tx_queue_54_ll_cleaned: 0
     tx_queue_55_packets: 0
     tx_queue_55_bytes: 0
     tx_queue_55_ll_napi_yield: 0
     tx_queue_55_ll_misses: 0
     tx_queue_55_ll_cleaned: 0
     tx_queue_56_packets: 0
     tx_queue_56_bytes: 0
     tx_queue_56_ll_napi_yield: 0
     tx_queue_56_ll_misses: 0
     tx_queue_56_ll_cleaned: 0
     tx_queue_57_packets: 0
     tx_queue_57_bytes: 0
     tx_queue_57_ll_napi_yield: 0
     tx_queue_57_ll_misses: 0
     tx_queue_57_ll_cleaned: 0
     tx_queue_58_packets: 0
     tx_queue_58_bytes: 0
     tx_queue_58_ll_napi_yield: 0
     tx_queue_58_ll_misses: 0
     tx_queue_58_ll_cleaned: 0
     tx_queue_59_packets: 0
     tx_queue_59_bytes: 0
     tx_queue_59_ll_napi_yield: 0
     tx_queue_59_ll_misses: 0
     tx_queue_59_ll_cleaned: 0
     tx_queue_60_packets: 0
     tx_queue_60_bytes: 0
     tx_queue_60_ll_napi_yield: 0
     tx_queue_60_ll_misses: 0
     tx_queue_60_ll_cleaned: 0
     tx_queue_61_packets: 0
     tx_queue_61_bytes: 0
     tx_queue_61_ll_napi_yield: 0
     tx_queue_61_ll_misses: 0
     tx_queue_61_ll_cleaned: 0
     tx_queue_62_packets: 0
     tx_queue_62_bytes: 0
     tx_queue_62_ll_napi_yield: 0
     tx_queue_62_ll_misses: 0
     tx_queue_62_ll_cleaned: 0
     tx_queue_63_packets: 0
     tx_queue_63_bytes: 0
     tx_queue_63_ll_napi_yield: 0
     tx_queue_63_ll_misses: 0
     tx_queue_63_ll_cleaned: 0
     rx_queue_0_packets: 747407646
     rx_queue_0_bytes: 642068045125
     rx_queue_0_ll_poll_yield: 0
     rx_queue_0_ll_misses: 0
     rx_queue_0_ll_cleaned: 0
     rx_queue_1_packets: 976262233
     rx_queue_1_bytes: 930825701254
     rx_queue_1_ll_poll_yield: 0
     rx_queue_1_ll_misses: 0
     rx_queue_1_ll_cleaned: 0
     rx_queue_2_packets: 818999089
     rx_queue_2_bytes: 764072129879
     rx_queue_2_ll_poll_yield: 0
     rx_queue_2_ll_misses: 0
     rx_queue_2_ll_cleaned: 0
     rx_queue_3_packets: 1177240267
     rx_queue_3_bytes: 734272936268
     rx_queue_3_ll_poll_yield: 0
     rx_queue_3_ll_misses: 0
     rx_queue_3_ll_cleaned: 0
     rx_queue_4_packets: 998844334
     rx_queue_4_bytes: 1052682700196
     rx_queue_4_ll_poll_yield: 0
     rx_queue_4_ll_misses: 0
     rx_queue_4_ll_cleaned: 0
     rx_queue_5_packets: 1370147894
     rx_queue_5_bytes: 1494834519595
     rx_queue_5_ll_poll_yield: 0
     rx_queue_5_ll_misses: 0
     rx_queue_5_ll_cleaned: 0
     rx_queue_6_packets: 1028983402
     rx_queue_6_bytes: 703781528734
     rx_queue_6_ll_poll_yield: 0
     rx_queue_6_ll_misses: 0
     rx_queue_6_ll_cleaned: 0
     rx_queue_7_packets: 843358336
     rx_queue_7_bytes: 742955163379
     rx_queue_7_ll_poll_yield: 0
     rx_queue_7_ll_misses: 0
     rx_queue_7_ll_cleaned: 0
     rx_queue_8_packets: 787693087
     rx_queue_8_bytes: 644963523242
     rx_queue_8_ll_poll_yield: 0
     rx_queue_8_ll_misses: 0
     rx_queue_8_ll_cleaned: 0
     rx_queue_9_packets: 796348312
     rx_queue_9_bytes: 838187971847
     rx_queue_9_ll_poll_yield: 0
     rx_queue_9_ll_misses: 0
     rx_queue_9_ll_cleaned: 0
     rx_queue_10_packets: 945976258
     rx_queue_10_bytes: 787034560663
     rx_queue_10_ll_poll_yield: 0
     rx_queue_10_ll_misses: 0
     rx_queue_10_ll_cleaned: 0
     rx_queue_11_packets: 1054695072
     rx_queue_11_bytes: 1043714124573
     rx_queue_11_ll_poll_yield: 0
     rx_queue_11_ll_misses: 0
     rx_queue_11_ll_cleaned: 0
     rx_queue_12_packets: 1115925505
     rx_queue_12_bytes: 1230842275874
     rx_queue_12_ll_poll_yield: 0
     rx_queue_12_ll_misses: 0
     rx_queue_12_ll_cleaned: 0
     rx_queue_13_packets: 1043804799
     rx_queue_13_bytes: 976762382407
     rx_queue_13_ll_poll_yield: 0
     rx_queue_13_ll_misses: 0
     rx_queue_13_ll_cleaned: 0
     rx_queue_14_packets: 1034950832
     rx_queue_14_bytes: 817487120516
     rx_queue_14_ll_poll_yield: 0
     rx_queue_14_ll_misses: 0
     rx_queue_14_ll_cleaned: 0
     rx_queue_15_packets: 1231850724
     rx_queue_15_bytes: 1337632719922
     rx_queue_15_ll_poll_yield: 0
     rx_queue_15_ll_misses: 0
     rx_queue_15_ll_cleaned: 0
     rx_queue_16_packets: 1165038521
     rx_queue_16_bytes: 1244423873101
     rx_queue_16_ll_poll_yield: 0
     rx_queue_16_ll_misses: 0
     rx_queue_16_ll_cleaned: 0
     rx_queue_17_packets: 812833286
     rx_queue_17_bytes: 763503820804
     rx_queue_17_ll_poll_yield: 0
     rx_queue_17_ll_misses: 0
     rx_queue_17_ll_cleaned: 0
     rx_queue_18_packets: 774159305
     rx_queue_18_bytes: 678308003926
     rx_queue_18_ll_poll_yield: 0
     rx_queue_18_ll_misses: 0
     rx_queue_18_ll_cleaned: 0
     rx_queue_19_packets: 720739704
     rx_queue_19_bytes: 642609801594
     rx_queue_19_ll_poll_yield: 0
     rx_queue_19_ll_misses: 0
     rx_queue_19_ll_cleaned: 0
     rx_queue_20_packets: 567986181
     rx_queue_20_bytes: 449827808117
     rx_queue_20_ll_poll_yield: 0
     rx_queue_20_ll_misses: 0
     rx_queue_20_ll_cleaned: 0
     rx_queue_21_packets: 745074339
     rx_queue_21_bytes: 594976844507
     rx_queue_21_ll_poll_yield: 0
     rx_queue_21_ll_misses: 0
     rx_queue_21_ll_cleaned: 0
     rx_queue_22_packets: 912631867
     rx_queue_22_bytes: 818606103741
     rx_queue_22_ll_poll_yield: 0
     rx_queue_22_ll_misses: 0
     rx_queue_22_ll_cleaned: 0
     rx_queue_23_packets: 803365779
     rx_queue_23_bytes: 719900249632
     rx_queue_23_ll_poll_yield: 0
     rx_queue_23_ll_misses: 0
     rx_queue_23_ll_cleaned: 0
     rx_queue_24_packets: 0
     rx_queue_24_bytes: 0
     rx_queue_24_ll_poll_yield: 0
     rx_queue_24_ll_misses: 0
     rx_queue_24_ll_cleaned: 0
     rx_queue_25_packets: 0
     rx_queue_25_bytes: 0
     rx_queue_25_ll_poll_yield: 0
     rx_queue_25_ll_misses: 0
     rx_queue_25_ll_cleaned: 0
     rx_queue_26_packets: 0
     rx_queue_26_bytes: 0
     rx_queue_26_ll_poll_yield: 0
     rx_queue_26_ll_misses: 0
     rx_queue_26_ll_cleaned: 0
     rx_queue_27_packets: 0
     rx_queue_27_bytes: 0
     rx_queue_27_ll_poll_yield: 0
     rx_queue_27_ll_misses: 0
     rx_queue_27_ll_cleaned: 0
     rx_queue_28_packets: 0
     rx_queue_28_bytes: 0
     rx_queue_28_ll_poll_yield: 0
     rx_queue_28_ll_misses: 0
     rx_queue_28_ll_cleaned: 0
     rx_queue_29_packets: 0
     rx_queue_29_bytes: 0
     rx_queue_29_ll_poll_yield: 0
     rx_queue_29_ll_misses: 0
     rx_queue_29_ll_cleaned: 0
     rx_queue_30_packets: 0
     rx_queue_30_bytes: 0
     rx_queue_30_ll_poll_yield: 0
     rx_queue_30_ll_misses: 0
     rx_queue_30_ll_cleaned: 0
     rx_queue_31_packets: 0
     rx_queue_31_bytes: 0
     rx_queue_31_ll_poll_yield: 0
     rx_queue_31_ll_misses: 0
     rx_queue_31_ll_cleaned: 0
     rx_queue_32_packets: 0
     rx_queue_32_bytes: 0
     rx_queue_32_ll_poll_yield: 0
     rx_queue_32_ll_misses: 0
     rx_queue_32_ll_cleaned: 0
     rx_queue_33_packets: 0
     rx_queue_33_bytes: 0
     rx_queue_33_ll_poll_yield: 0
     rx_queue_33_ll_misses: 0
     rx_queue_33_ll_cleaned: 0
     rx_queue_34_packets: 0
     rx_queue_34_bytes: 0
     rx_queue_34_ll_poll_yield: 0
     rx_queue_34_ll_misses: 0
     rx_queue_34_ll_cleaned: 0
     rx_queue_35_packets: 0
     rx_queue_35_bytes: 0
     rx_queue_35_ll_poll_yield: 0
     rx_queue_35_ll_misses: 0
     rx_queue_35_ll_cleaned: 0
     rx_queue_36_packets: 0
     rx_queue_36_bytes: 0
     rx_queue_36_ll_poll_yield: 0
     rx_queue_36_ll_misses: 0
     rx_queue_36_ll_cleaned: 0
     rx_queue_37_packets: 0
     rx_queue_37_bytes: 0
     rx_queue_37_ll_poll_yield: 0
     rx_queue_37_ll_misses: 0
     rx_queue_37_ll_cleaned: 0
     rx_queue_38_packets: 0
     rx_queue_38_bytes: 0
     rx_queue_38_ll_poll_yield: 0
     rx_queue_38_ll_misses: 0
     rx_queue_38_ll_cleaned: 0
     rx_queue_39_packets: 0
     rx_queue_39_bytes: 0
     rx_queue_39_ll_poll_yield: 0
     rx_queue_39_ll_misses: 0
     rx_queue_39_ll_cleaned: 0
     rx_queue_40_packets: 0
     rx_queue_40_bytes: 0
     rx_queue_40_ll_poll_yield: 0
     rx_queue_40_ll_misses: 0
     rx_queue_40_ll_cleaned: 0
     rx_queue_41_packets: 0
     rx_queue_41_bytes: 0
     rx_queue_41_ll_poll_yield: 0
     rx_queue_41_ll_misses: 0
     rx_queue_41_ll_cleaned: 0
     rx_queue_42_packets: 0
     rx_queue_42_bytes: 0
     rx_queue_42_ll_poll_yield: 0
     rx_queue_42_ll_misses: 0
     rx_queue_42_ll_cleaned: 0
     rx_queue_43_packets: 0
     rx_queue_43_bytes: 0
     rx_queue_43_ll_poll_yield: 0
     rx_queue_43_ll_misses: 0
     rx_queue_43_ll_cleaned: 0
     rx_queue_44_packets: 0
     rx_queue_44_bytes: 0
     rx_queue_44_ll_poll_yield: 0
     rx_queue_44_ll_misses: 0
     rx_queue_44_ll_cleaned: 0
     rx_queue_45_packets: 0
     rx_queue_45_bytes: 0
     rx_queue_45_ll_poll_yield: 0
     rx_queue_45_ll_misses: 0
     rx_queue_45_ll_cleaned: 0
     rx_queue_46_packets: 0
     rx_queue_46_bytes: 0
     rx_queue_46_ll_poll_yield: 0
     rx_queue_46_ll_misses: 0
     rx_queue_46_ll_cleaned: 0
     rx_queue_47_packets: 0
     rx_queue_47_bytes: 0
     rx_queue_47_ll_poll_yield: 0
     rx_queue_47_ll_misses: 0
     rx_queue_47_ll_cleaned: 0
     rx_queue_48_packets: 0
     rx_queue_48_bytes: 0
     rx_queue_48_ll_poll_yield: 0
     rx_queue_48_ll_misses: 0
     rx_queue_48_ll_cleaned: 0
     rx_queue_49_packets: 0
     rx_queue_49_bytes: 0
     rx_queue_49_ll_poll_yield: 0
     rx_queue_49_ll_misses: 0
     rx_queue_49_ll_cleaned: 0
     rx_queue_50_packets: 0
     rx_queue_50_bytes: 0
     rx_queue_50_ll_poll_yield: 0
     rx_queue_50_ll_misses: 0
     rx_queue_50_ll_cleaned: 0
     rx_queue_51_packets: 0
     rx_queue_51_bytes: 0
     rx_queue_51_ll_poll_yield: 0
     rx_queue_51_ll_misses: 0
     rx_queue_51_ll_cleaned: 0
     rx_queue_52_packets: 0
     rx_queue_52_bytes: 0
     rx_queue_52_ll_poll_yield: 0
     rx_queue_52_ll_misses: 0
     rx_queue_52_ll_cleaned: 0
     rx_queue_53_packets: 0
     rx_queue_53_bytes: 0
     rx_queue_53_ll_poll_yield: 0
     rx_queue_53_ll_misses: 0
     rx_queue_53_ll_cleaned: 0
     rx_queue_54_packets: 0
     rx_queue_54_bytes: 0
     rx_queue_54_ll_poll_yield: 0
     rx_queue_54_ll_misses: 0
     rx_queue_54_ll_cleaned: 0
     rx_queue_55_packets: 0
     rx_queue_55_bytes: 0
     rx_queue_55_ll_poll_yield: 0
     rx_queue_55_ll_misses: 0
     rx_queue_55_ll_cleaned: 0
     rx_queue_56_packets: 0
     rx_queue_56_bytes: 0
     rx_queue_56_ll_poll_yield: 0
     rx_queue_56_ll_misses: 0
     rx_queue_56_ll_cleaned: 0
     rx_queue_57_packets: 0
     rx_queue_57_bytes: 0
     rx_queue_57_ll_poll_yield: 0
     rx_queue_57_ll_misses: 0
     rx_queue_57_ll_cleaned: 0
     rx_queue_58_packets: 0
     rx_queue_58_bytes: 0
     rx_queue_58_ll_poll_yield: 0
     rx_queue_58_ll_misses: 0
     rx_queue_58_ll_cleaned: 0
     rx_queue_59_packets: 0
     rx_queue_59_bytes: 0
     rx_queue_59_ll_poll_yield: 0
     rx_queue_59_ll_misses: 0
     rx_queue_59_ll_cleaned: 0
     rx_queue_60_packets: 0
     rx_queue_60_bytes: 0
     rx_queue_60_ll_poll_yield: 0
     rx_queue_60_ll_misses: 0
     rx_queue_60_ll_cleaned: 0
     rx_queue_61_packets: 0
     rx_queue_61_bytes: 0
     rx_queue_61_ll_poll_yield: 0
     rx_queue_61_ll_misses: 0
     rx_queue_61_ll_cleaned: 0
     rx_queue_62_packets: 0
     rx_queue_62_bytes: 0
     rx_queue_62_ll_poll_yield: 0
     rx_queue_62_ll_misses: 0
     rx_queue_62_ll_cleaned: 0
     rx_queue_63_packets: 0
     rx_queue_63_bytes: 0
     rx_queue_63_ll_poll_yield: 0
     rx_queue_63_ll_misses: 0
     rx_queue_63_ll_cleaned: 0
     tx_pb_0_pxon: 0
     tx_pb_0_pxoff: 0
     tx_pb_1_pxon: 0
     tx_pb_1_pxoff: 0
     tx_pb_2_pxon: 0
     tx_pb_2_pxoff: 0
     tx_pb_3_pxon: 0
     tx_pb_3_pxoff: 0
     tx_pb_4_pxon: 0
     tx_pb_4_pxoff: 0
     tx_pb_5_pxon: 0
     tx_pb_5_pxoff: 0
     tx_pb_6_pxon: 0
     tx_pb_6_pxoff: 0
     tx_pb_7_pxon: 0
     tx_pb_7_pxoff: 0
     rx_pb_0_pxon: 0
     rx_pb_0_pxoff: 0
     rx_pb_1_pxon: 0
     rx_pb_1_pxoff: 0
     rx_pb_2_pxon: 0
     rx_pb_2_pxoff: 0
     rx_pb_3_pxon: 0
     rx_pb_3_pxoff: 0
     rx_pb_4_pxon: 0
     rx_pb_4_pxoff: 0
     rx_pb_5_pxon: 0
     rx_pb_5_pxoff: 0
     rx_pb_6_pxon: 0
     rx_pb_6_pxoff: 0
     rx_pb_7_pxon: 0
     rx_pb_7_pxoff: 0
NIC statistics:
     rx_packets: 24378419870
     tx_packets: 33566925615
     rx_bytes: 20796862670880
     tx_bytes: 46915632941585
     rx_pkts_nic: 24378419859
     tx_pkts_nic: 33566925614
     rx_bytes_nic: 20894380918688
     tx_bytes_nic: 47049902740591
     lsc_int: 0
     tx_busy: 0
     non_eop_descs: 0
     rx_errors: 0
     tx_errors: 0
     rx_dropped: 0
     tx_dropped: 0
     multicast: 7290350
     broadcast: 13596401
     rx_no_buffer_count: 0
     collisions: 0
     rx_over_errors: 0
     rx_crc_errors: 0
     rx_frame_errors: 0
     hw_rsc_aggregated: 0
     hw_rsc_flushed: 0
     fdir_match: 24425491270
     fdir_miss: 7752702
     fdir_overflow: 0
     rx_fifo_errors: 0
     rx_missed_errors: 0
     tx_aborted_errors: 0
     tx_carrier_errors: 0
     tx_fifo_errors: 0
     tx_heartbeat_errors: 0
     tx_timeout_count: 0
     tx_restart_queue: 12230939
     rx_long_length_errors: 0
     rx_short_length_errors: 0
     tx_flow_control_xon: 217137
     rx_flow_control_xon: 3168
     tx_flow_control_xoff: 217188
     rx_flow_control_xoff: 3168
     rx_csum_offload_errors: 0
     alloc_rx_page_failed: 0
     alloc_rx_buff_failed: 0
     rx_no_dma_resources: 0
     os2bmc_rx_by_bmc: 0
     os2bmc_tx_by_bmc: 0
     os2bmc_tx_by_host: 0
     os2bmc_rx_by_host: 0
     fcoe_bad_fccrc: 0
     rx_fcoe_dropped: 0
     rx_fcoe_packets: 0
     rx_fcoe_dwords: 0
     fcoe_noddp: 0
     fcoe_noddp_ext_buff: 0
     tx_fcoe_packets: 0
     tx_fcoe_dwords: 0
     tx_queue_0_packets: 1737295399
     tx_queue_0_bytes: 2466167584099
     tx_queue_0_ll_napi_yield: 0
     tx_queue_0_ll_misses: 0
     tx_queue_0_ll_cleaned: 0
     tx_queue_1_packets: 1621994484
     tx_queue_1_bytes: 2272199718294
     tx_queue_1_ll_napi_yield: 0
     tx_queue_1_ll_misses: 0
     tx_queue_1_ll_cleaned: 0
     tx_queue_2_packets: 1488128820
     tx_queue_2_bytes: 2107304130252
     tx_queue_2_ll_napi_yield: 0
     tx_queue_2_ll_misses: 0
     tx_queue_2_ll_cleaned: 0
     tx_queue_3_packets: 2122658628
     tx_queue_3_bytes: 3029900581239
     tx_queue_3_ll_napi_yield: 0
     tx_queue_3_ll_misses: 0
     tx_queue_3_ll_cleaned: 0
     tx_queue_4_packets: 1012292535
     tx_queue_4_bytes: 1372646138967
     tx_queue_4_ll_napi_yield: 0
     tx_queue_4_ll_misses: 0
     tx_queue_4_ll_cleaned: 0
     tx_queue_5_packets: 1234287691
     tx_queue_5_bytes: 1664658106251
     tx_queue_5_ll_napi_yield: 0
     tx_queue_5_ll_misses: 0
     tx_queue_5_ll_cleaned: 0
     tx_queue_6_packets: 1470536114
     tx_queue_6_bytes: 2074611249046
     tx_queue_6_ll_napi_yield: 0
     tx_queue_6_ll_misses: 0
     tx_queue_6_ll_cleaned: 0
     tx_queue_7_packets: 1440760843
     tx_queue_7_bytes: 2029101860928
     tx_queue_7_ll_napi_yield: 0
     tx_queue_7_ll_misses: 0
     tx_queue_7_ll_cleaned: 0
     tx_queue_8_packets: 1511551324
     tx_queue_8_bytes: 2137905498056
     tx_queue_8_ll_napi_yield: 0
     tx_queue_8_ll_misses: 0
     tx_queue_8_ll_cleaned: 0
     tx_queue_9_packets: 1136539098
     tx_queue_9_bytes: 1571446682914
     tx_queue_9_ll_napi_yield: 0
     tx_queue_9_ll_misses: 0
     tx_queue_9_ll_cleaned: 0
     tx_queue_10_packets: 1447504269
     tx_queue_10_bytes: 2009336596039
     tx_queue_10_ll_napi_yield: 0
     tx_queue_10_ll_misses: 0
     tx_queue_10_ll_cleaned: 0
     tx_queue_11_packets: 1173561624
     tx_queue_11_bytes: 1600022147519
     tx_queue_11_ll_napi_yield: 0
     tx_queue_11_ll_misses: 0
     tx_queue_11_ll_cleaned: 0
     tx_queue_12_packets: 1199097731
     tx_queue_12_bytes: 1632216723353
     tx_queue_12_ll_napi_yield: 0
     tx_queue_12_ll_misses: 0
     tx_queue_12_ll_cleaned: 0
     tx_queue_13_packets: 1401518207
     tx_queue_13_bytes: 1957180119770
     tx_queue_13_ll_napi_yield: 0
     tx_queue_13_ll_misses: 0
     tx_queue_13_ll_cleaned: 0
     tx_queue_14_packets: 1867739028
     tx_queue_14_bytes: 2641864996546
     tx_queue_14_ll_napi_yield: 0
     tx_queue_14_ll_misses: 0
     tx_queue_14_ll_cleaned: 0
     tx_queue_15_packets: 1484262707
     tx_queue_15_bytes: 2068956968996
     tx_queue_15_ll_napi_yield: 0
     tx_queue_15_ll_misses: 0
     tx_queue_15_ll_cleaned: 0
     tx_queue_16_packets: 1305565363
     tx_queue_16_bytes: 1817835105180
     tx_queue_16_ll_napi_yield: 0
     tx_queue_16_ll_misses: 0
     tx_queue_16_ll_cleaned: 0
     tx_queue_17_packets: 1408599361
     tx_queue_17_bytes: 1986101229548
     tx_queue_17_ll_napi_yield: 0
     tx_queue_17_ll_misses: 0
     tx_queue_17_ll_cleaned: 0
     tx_queue_18_packets: 1260479595
     tx_queue_18_bytes: 1735064571632
     tx_queue_18_ll_napi_yield: 0
     tx_queue_18_ll_misses: 0
     tx_queue_18_ll_cleaned: 0
     tx_queue_19_packets: 1311636872
     tx_queue_19_bytes: 1838885246972
     tx_queue_19_ll_napi_yield: 0
     tx_queue_19_ll_misses: 0
     tx_queue_19_ll_cleaned: 0
     tx_queue_20_packets: 964389710
     tx_queue_20_bytes: 1352968971098
     tx_queue_20_ll_napi_yield: 0
     tx_queue_20_ll_misses: 0
     tx_queue_20_ll_cleaned: 0
     tx_queue_21_packets: 1280510073
     tx_queue_21_bytes: 1798362408045
     tx_queue_21_ll_napi_yield: 0
     tx_queue_21_ll_misses: 0
     tx_queue_21_ll_cleaned: 0
     tx_queue_22_packets: 1527879539
     tx_queue_22_bytes: 2150208905869
     tx_queue_22_ll_napi_yield: 0
     tx_queue_22_ll_misses: 0
     tx_queue_22_ll_cleaned: 0
     tx_queue_23_packets: 1158136600
     tx_queue_23_bytes: 1600687400972
     tx_queue_23_ll_napi_yield: 0
     tx_queue_23_ll_misses: 0
     tx_queue_23_ll_cleaned: 0
     tx_queue_24_packets: 0
     tx_queue_24_bytes: 0
     tx_queue_24_ll_napi_yield: 0
     tx_queue_24_ll_misses: 0
     tx_queue_24_ll_cleaned: 0
     tx_queue_25_packets: 0
     tx_queue_25_bytes: 0
     tx_queue_25_ll_napi_yield: 0
     tx_queue_25_ll_misses: 0
     tx_queue_25_ll_cleaned: 0
     tx_queue_26_packets: 0
     tx_queue_26_bytes: 0
     tx_queue_26_ll_napi_yield: 0
     tx_queue_26_ll_misses: 0
     tx_queue_26_ll_cleaned: 0
     tx_queue_27_packets: 0
     tx_queue_27_bytes: 0
     tx_queue_27_ll_napi_yield: 0
     tx_queue_27_ll_misses: 0
     tx_queue_27_ll_cleaned: 0
     tx_queue_28_packets: 0
     tx_queue_28_bytes: 0
     tx_queue_28_ll_napi_yield: 0
     tx_queue_28_ll_misses: 0
     tx_queue_28_ll_cleaned: 0
     tx_queue_29_packets: 0
     tx_queue_29_bytes: 0
     tx_queue_29_ll_napi_yield: 0
     tx_queue_29_ll_misses: 0
     tx_queue_29_ll_cleaned: 0
     tx_queue_30_packets: 0
     tx_queue_30_bytes: 0
     tx_queue_30_ll_napi_yield: 0
     tx_queue_30_ll_misses: 0
     tx_queue_30_ll_cleaned: 0
     tx_queue_31_packets: 0
     tx_queue_31_bytes: 0
     tx_queue_31_ll_napi_yield: 0
     tx_queue_31_ll_misses: 0
     tx_queue_31_ll_cleaned: 0
     tx_queue_32_packets: 0
     tx_queue_32_bytes: 0
     tx_queue_32_ll_napi_yield: 0
     tx_queue_32_ll_misses: 0
     tx_queue_32_ll_cleaned: 0
     tx_queue_33_packets: 0
     tx_queue_33_bytes: 0
     tx_queue_33_ll_napi_yield: 0
     tx_queue_33_ll_misses: 0
     tx_queue_33_ll_cleaned: 0
     tx_queue_34_packets: 0
     tx_queue_34_bytes: 0
     tx_queue_34_ll_napi_yield: 0
     tx_queue_34_ll_misses: 0
     tx_queue_34_ll_cleaned: 0
     tx_queue_35_packets: 0
     tx_queue_35_bytes: 0
     tx_queue_35_ll_napi_yield: 0
     tx_queue_35_ll_misses: 0
     tx_queue_35_ll_cleaned: 0
     tx_queue_36_packets: 0
     tx_queue_36_bytes: 0
     tx_queue_36_ll_napi_yield: 0
     tx_queue_36_ll_misses: 0
     tx_queue_36_ll_cleaned: 0
     tx_queue_37_packets: 0
     tx_queue_37_bytes: 0
     tx_queue_37_ll_napi_yield: 0
     tx_queue_37_ll_misses: 0
     tx_queue_37_ll_cleaned: 0
     tx_queue_38_packets: 0
     tx_queue_38_bytes: 0
     tx_queue_38_ll_napi_yield: 0
     tx_queue_38_ll_misses: 0
     tx_queue_38_ll_cleaned: 0
     tx_queue_39_packets: 0
     tx_queue_39_bytes: 0
     tx_queue_39_ll_napi_yield: 0
     tx_queue_39_ll_misses: 0
     tx_queue_39_ll_cleaned: 0
     tx_queue_40_packets: 0
     tx_queue_40_bytes: 0
     tx_queue_40_ll_napi_yield: 0
     tx_queue_40_ll_misses: 0
     tx_queue_40_ll_cleaned: 0
     tx_queue_41_packets: 0
     tx_queue_41_bytes: 0
     tx_queue_41_ll_napi_yield: 0
     tx_queue_41_ll_misses: 0
     tx_queue_41_ll_cleaned: 0
     tx_queue_42_packets: 0
     tx_queue_42_bytes: 0
     tx_queue_42_ll_napi_yield: 0
     tx_queue_42_ll_misses: 0
     tx_queue_42_ll_cleaned: 0
     tx_queue_43_packets: 0
     tx_queue_43_bytes: 0
     tx_queue_43_ll_napi_yield: 0
     tx_queue_43_ll_misses: 0
     tx_queue_43_ll_cleaned: 0
     tx_queue_44_packets: 0
     tx_queue_44_bytes: 0
     tx_queue_44_ll_napi_yield: 0
     tx_queue_44_ll_misses: 0
     tx_queue_44_ll_cleaned: 0
     tx_queue_45_packets: 0
     tx_queue_45_bytes: 0
     tx_queue_45_ll_napi_yield: 0
     tx_queue_45_ll_misses: 0
     tx_queue_45_ll_cleaned: 0
     tx_queue_46_packets: 0
     tx_queue_46_bytes: 0
     tx_queue_46_ll_napi_yield: 0
     tx_queue_46_ll_misses: 0
     tx_queue_46_ll_cleaned: 0
     tx_queue_47_packets: 0
     tx_queue_47_bytes: 0
     tx_queue_47_ll_napi_yield: 0
     tx_queue_47_ll_misses: 0
     tx_queue_47_ll_cleaned: 0
     tx_queue_48_packets: 0
     tx_queue_48_bytes: 0
     tx_queue_48_ll_napi_yield: 0
     tx_queue_48_ll_misses: 0
     tx_queue_48_ll_cleaned: 0
     tx_queue_49_packets: 0
     tx_queue_49_bytes: 0
     tx_queue_49_ll_napi_yield: 0
     tx_queue_49_ll_misses: 0
     tx_queue_49_ll_cleaned: 0
     tx_queue_50_packets: 0
     tx_queue_50_bytes: 0
     tx_queue_50_ll_napi_yield: 0
     tx_queue_50_ll_misses: 0
     tx_queue_50_ll_cleaned: 0
     tx_queue_51_packets: 0
     tx_queue_51_bytes: 0
     tx_queue_51_ll_napi_yield: 0
     tx_queue_51_ll_misses: 0
     tx_queue_51_ll_cleaned: 0
     tx_queue_52_packets: 0
     tx_queue_52_bytes: 0
     tx_queue_52_ll_napi_yield: 0
     tx_queue_52_ll_misses: 0
     tx_queue_52_ll_cleaned: 0
     tx_queue_53_packets: 0
     tx_queue_53_bytes: 0
     tx_queue_53_ll_napi_yield: 0
     tx_queue_53_ll_misses: 0
     tx_queue_53_ll_cleaned: 0
     tx_queue_54_packets: 0
     tx_queue_54_bytes: 0
     tx_queue_54_ll_napi_yield: 0
     tx_queue_54_ll_misses: 0
     tx_queue_54_ll_cleaned: 0
     tx_queue_55_packets: 0
     tx_queue_55_bytes: 0
     tx_queue_55_ll_napi_yield: 0
     tx_queue_55_ll_misses: 0
     tx_queue_55_ll_cleaned: 0
     tx_queue_56_packets: 0
     tx_queue_56_bytes: 0
     tx_queue_56_ll_napi_yield: 0
     tx_queue_56_ll_misses: 0
     tx_queue_56_ll_cleaned: 0
     tx_queue_57_packets: 0
     tx_queue_57_bytes: 0
     tx_queue_57_ll_napi_yield: 0
     tx_queue_57_ll_misses: 0
     tx_queue_57_ll_cleaned: 0
     tx_queue_58_packets: 0
     tx_queue_58_bytes: 0
     tx_queue_58_ll_napi_yield: 0
     tx_queue_58_ll_misses: 0
     tx_queue_58_ll_cleaned: 0
     tx_queue_59_packets: 0
     tx_queue_59_bytes: 0
     tx_queue_59_ll_napi_yield: 0
     tx_queue_59_ll_misses: 0
     tx_queue_59_ll_cleaned: 0
     tx_queue_60_packets: 0
     tx_queue_60_bytes: 0
     tx_queue_60_ll_napi_yield: 0
     tx_queue_60_ll_misses: 0
     tx_queue_60_ll_cleaned: 0
     tx_queue_61_packets: 0
     tx_queue_61_bytes: 0
     tx_queue_61_ll_napi_yield: 0
     tx_queue_61_ll_misses: 0
     tx_queue_61_ll_cleaned: 0
     tx_queue_62_packets: 0
     tx_queue_62_bytes: 0
     tx_queue_62_ll_napi_yield: 0
     tx_queue_62_ll_misses: 0
     tx_queue_62_ll_cleaned: 0
     tx_queue_63_packets: 0
     tx_queue_63_bytes: 0
     tx_queue_63_ll_napi_yield: 0
     tx_queue_63_ll_misses: 0
     tx_queue_63_ll_cleaned: 0
     rx_queue_0_packets: 812935116
     rx_queue_0_bytes: 646942491841
     rx_queue_0_ll_poll_yield: 0
     rx_queue_0_ll_misses: 0
     rx_queue_0_ll_cleaned: 0
     rx_queue_1_packets: 1051722135
     rx_queue_1_bytes: 936355626814
     rx_queue_1_ll_poll_yield: 0
     rx_queue_1_ll_misses: 0
     rx_queue_1_ll_cleaned: 0
     rx_queue_2_packets: 887158138
     rx_queue_2_bytes: 769095047127
     rx_queue_2_ll_poll_yield: 0
     rx_queue_2_ll_misses: 0
     rx_queue_2_ll_cleaned: 0
     rx_queue_3_packets: 1251078052
     rx_queue_3_bytes: 739726423573
     rx_queue_3_ll_poll_yield: 0
     rx_queue_3_ll_misses: 0
     rx_queue_3_ll_cleaned: 0
     rx_queue_4_packets: 1096950507
     rx_queue_4_bytes: 1060153950008
     rx_queue_4_ll_poll_yield: 0
     rx_queue_4_ll_misses: 0
     rx_queue_4_ll_cleaned: 0
     rx_queue_5_packets: 1443335927
     rx_queue_5_bytes: 1500220253207
     rx_queue_5_ll_poll_yield: 0
     rx_queue_5_ll_misses: 0
     rx_queue_5_ll_cleaned: 0
     rx_queue_6_packets: 1081300897
     rx_queue_6_bytes: 707839633794
     rx_queue_6_ll_poll_yield: 0
     rx_queue_6_ll_misses: 0
     rx_queue_6_ll_cleaned: 0
     rx_queue_7_packets: 958277668
     rx_queue_7_bytes: 751592629207
     rx_queue_7_ll_poll_yield: 0
     rx_queue_7_ll_misses: 0
     rx_queue_7_ll_cleaned: 0
     rx_queue_8_packets: 901408836
     rx_queue_8_bytes: 653337605031
     rx_queue_8_ll_poll_yield: 0
     rx_queue_8_ll_misses: 0
     rx_queue_8_ll_cleaned: 0
     rx_queue_9_packets: 843419311
     rx_queue_9_bytes: 841662404806
     rx_queue_9_ll_poll_yield: 0
     rx_queue_9_ll_misses: 0
     rx_queue_9_ll_cleaned: 0
     rx_queue_10_packets: 993863995
     rx_queue_10_bytes: 790578718702
     rx_queue_10_ll_poll_yield: 0
     rx_queue_10_ll_misses: 0
     rx_queue_10_ll_cleaned: 0
     rx_queue_11_packets: 1135048746
     rx_queue_11_bytes: 1049826512444
     rx_queue_11_ll_poll_yield: 0
     rx_queue_11_ll_misses: 0
     rx_queue_11_ll_cleaned: 0
     rx_queue_12_packets: 1220251897
     rx_queue_12_bytes: 1238970001372
     rx_queue_12_ll_poll_yield: 0
     rx_queue_12_ll_misses: 0
     rx_queue_12_ll_cleaned: 0
     rx_queue_13_packets: 1109230526
     rx_queue_13_bytes: 981660852736
     rx_queue_13_ll_poll_yield: 0
     rx_queue_13_ll_misses: 0
     rx_queue_13_ll_cleaned: 0
     rx_queue_14_packets: 1116287538
     rx_queue_14_bytes: 823651951617
     rx_queue_14_ll_poll_yield: 0
     rx_queue_14_ll_misses: 0
     rx_queue_14_ll_cleaned: 0
     rx_queue_15_packets: 1330152187
     rx_queue_15_bytes: 1344888711318
     rx_queue_15_ll_poll_yield: 0
     rx_queue_15_ll_misses: 0
     rx_queue_15_ll_cleaned: 0
     rx_queue_16_packets: 1198400768
     rx_queue_16_bytes: 1246945525276
     rx_queue_16_ll_poll_yield: 0
     rx_queue_16_ll_misses: 0
     rx_queue_16_ll_cleaned: 0
     rx_queue_17_packets: 886302267
     rx_queue_17_bytes: 768908078462
     rx_queue_17_ll_poll_yield: 0
     rx_queue_17_ll_misses: 0
     rx_queue_17_ll_cleaned: 0
     rx_queue_18_packets: 850854993
     rx_queue_18_bytes: 684089987766
     rx_queue_18_ll_poll_yield: 0
     rx_queue_18_ll_misses: 0
     rx_queue_18_ll_cleaned: 0
     rx_queue_19_packets: 857948968
     rx_queue_19_bytes: 652826831907
     rx_queue_19_ll_poll_yield: 0
     rx_queue_19_ll_misses: 0
     rx_queue_19_ll_cleaned: 0
     rx_queue_20_packets: 622573303
     rx_queue_20_bytes: 453865144217
     rx_queue_20_ll_poll_yield: 0
     rx_queue_20_ll_misses: 0
     rx_queue_20_ll_cleaned: 0
     rx_queue_21_packets: 804540403
     rx_queue_21_bytes: 599488744110
     rx_queue_21_ll_poll_yield: 0
     rx_queue_21_ll_misses: 0
     rx_queue_21_ll_cleaned: 0
     rx_queue_22_packets: 1031574007
     rx_queue_22_bytes: 827472351165
     rx_queue_22_ll_poll_yield: 0
     rx_queue_22_ll_misses: 0
     rx_queue_22_ll_cleaned: 0
     rx_queue_23_packets: 893803685
     rx_queue_23_bytes: 726763194380
     rx_queue_23_ll_poll_yield: 0
     rx_queue_23_ll_misses: 0
     rx_queue_23_ll_cleaned: 0
     rx_queue_24_packets: 0
     rx_queue_24_bytes: 0
     rx_queue_24_ll_poll_yield: 0
     rx_queue_24_ll_misses: 0
     rx_queue_24_ll_cleaned: 0
     rx_queue_25_packets: 0
     rx_queue_25_bytes: 0
     rx_queue_25_ll_poll_yield: 0
     rx_queue_25_ll_misses: 0
     rx_queue_25_ll_cleaned: 0
     rx_queue_26_packets: 0
     rx_queue_26_bytes: 0
     rx_queue_26_ll_poll_yield: 0
     rx_queue_26_ll_misses: 0
     rx_queue_26_ll_cleaned: 0
     rx_queue_27_packets: 0
     rx_queue_27_bytes: 0
     rx_queue_27_ll_poll_yield: 0
     rx_queue_27_ll_misses: 0
     rx_queue_27_ll_cleaned: 0
     rx_queue_28_packets: 0
     rx_queue_28_bytes: 0
     rx_queue_28_ll_poll_yield: 0
     rx_queue_28_ll_misses: 0
     rx_queue_28_ll_cleaned: 0
     rx_queue_29_packets: 0
     rx_queue_29_bytes: 0
     rx_queue_29_ll_poll_yield: 0
     rx_queue_29_ll_misses: 0
     rx_queue_29_ll_cleaned: 0
     rx_queue_30_packets: 0
     rx_queue_30_bytes: 0
     rx_queue_30_ll_poll_yield: 0
     rx_queue_30_ll_misses: 0
     rx_queue_30_ll_cleaned: 0
     rx_queue_31_packets: 0
     rx_queue_31_bytes: 0
     rx_queue_31_ll_poll_yield: 0
     rx_queue_31_ll_misses: 0
     rx_queue_31_ll_cleaned: 0
     rx_queue_32_packets: 0
     rx_queue_32_bytes: 0
     rx_queue_32_ll_poll_yield: 0
     rx_queue_32_ll_misses: 0
     rx_queue_32_ll_cleaned: 0
     rx_queue_33_packets: 0
     rx_queue_33_bytes: 0
     rx_queue_33_ll_poll_yield: 0
     rx_queue_33_ll_misses: 0
     rx_queue_33_ll_cleaned: 0
     rx_queue_34_packets: 0
     rx_queue_34_bytes: 0
     rx_queue_34_ll_poll_yield: 0
     rx_queue_34_ll_misses: 0
     rx_queue_34_ll_cleaned: 0
     rx_queue_35_packets: 0
     rx_queue_35_bytes: 0
     rx_queue_35_ll_poll_yield: 0
     rx_queue_35_ll_misses: 0
     rx_queue_35_ll_cleaned: 0
     rx_queue_36_packets: 0
     rx_queue_36_bytes: 0
     rx_queue_36_ll_poll_yield: 0
     rx_queue_36_ll_misses: 0
     rx_queue_36_ll_cleaned: 0
     rx_queue_37_packets: 0
     rx_queue_37_bytes: 0
     rx_queue_37_ll_poll_yield: 0
     rx_queue_37_ll_misses: 0
     rx_queue_37_ll_cleaned: 0
     rx_queue_38_packets: 0
     rx_queue_38_bytes: 0
     rx_queue_38_ll_poll_yield: 0
     rx_queue_38_ll_misses: 0
     rx_queue_38_ll_cleaned: 0
     rx_queue_39_packets: 0
     rx_queue_39_bytes: 0
     rx_queue_39_ll_poll_yield: 0
     rx_queue_39_ll_misses: 0
     rx_queue_39_ll_cleaned: 0
     rx_queue_40_packets: 0
     rx_queue_40_bytes: 0
     rx_queue_40_ll_poll_yield: 0
     rx_queue_40_ll_misses: 0
     rx_queue_40_ll_cleaned: 0
     rx_queue_41_packets: 0
     rx_queue_41_bytes: 0
     rx_queue_41_ll_poll_yield: 0
     rx_queue_41_ll_misses: 0
     rx_queue_41_ll_cleaned: 0
     rx_queue_42_packets: 0
     rx_queue_42_bytes: 0
     rx_queue_42_ll_poll_yield: 0
     rx_queue_42_ll_misses: 0
     rx_queue_42_ll_cleaned: 0
     rx_queue_43_packets: 0
     rx_queue_43_bytes: 0
     rx_queue_43_ll_poll_yield: 0
     rx_queue_43_ll_misses: 0
     rx_queue_43_ll_cleaned: 0
     rx_queue_44_packets: 0
     rx_queue_44_bytes: 0
     rx_queue_44_ll_poll_yield: 0
     rx_queue_44_ll_misses: 0
     rx_queue_44_ll_cleaned: 0
     rx_queue_45_packets: 0
     rx_queue_45_bytes: 0
     rx_queue_45_ll_poll_yield: 0
     rx_queue_45_ll_misses: 0
     rx_queue_45_ll_cleaned: 0
     rx_queue_46_packets: 0
     rx_queue_46_bytes: 0
     rx_queue_46_ll_poll_yield: 0
     rx_queue_46_ll_misses: 0
     rx_queue_46_ll_cleaned: 0
     rx_queue_47_packets: 0
     rx_queue_47_bytes: 0
     rx_queue_47_ll_poll_yield: 0
     rx_queue_47_ll_misses: 0
     rx_queue_47_ll_cleaned: 0
     rx_queue_48_packets: 0
     rx_queue_48_bytes: 0
     rx_queue_48_ll_poll_yield: 0
     rx_queue_48_ll_misses: 0
     rx_queue_48_ll_cleaned: 0
     rx_queue_49_packets: 0
     rx_queue_49_bytes: 0
     rx_queue_49_ll_poll_yield: 0
     rx_queue_49_ll_misses: 0
     rx_queue_49_ll_cleaned: 0
     rx_queue_50_packets: 0
     rx_queue_50_bytes: 0
     rx_queue_50_ll_poll_yield: 0
     rx_queue_50_ll_misses: 0
     rx_queue_50_ll_cleaned: 0
     rx_queue_51_packets: 0
     rx_queue_51_bytes: 0
     rx_queue_51_ll_poll_yield: 0
     rx_queue_51_ll_misses: 0
     rx_queue_51_ll_cleaned: 0
     rx_queue_52_packets: 0
     rx_queue_52_bytes: 0
     rx_queue_52_ll_poll_yield: 0
     rx_queue_52_ll_misses: 0
     rx_queue_52_ll_cleaned: 0
     rx_queue_53_packets: 0
     rx_queue_53_bytes: 0
     rx_queue_53_ll_poll_yield: 0
     rx_queue_53_ll_misses: 0
     rx_queue_53_ll_cleaned: 0
     rx_queue_54_packets: 0
     rx_queue_54_bytes: 0
     rx_queue_54_ll_poll_yield: 0
     rx_queue_54_ll_misses: 0
     rx_queue_54_ll_cleaned: 0
     rx_queue_55_packets: 0
     rx_queue_55_bytes: 0
     rx_queue_55_ll_poll_yield: 0
     rx_queue_55_ll_misses: 0
     rx_queue_55_ll_cleaned: 0
     rx_queue_56_packets: 0
     rx_queue_56_bytes: 0
     rx_queue_56_ll_poll_yield: 0
     rx_queue_56_ll_misses: 0
     rx_queue_56_ll_cleaned: 0
     rx_queue_57_packets: 0
     rx_queue_57_bytes: 0
     rx_queue_57_ll_poll_yield: 0
     rx_queue_57_ll_misses: 0
     rx_queue_57_ll_cleaned: 0
     rx_queue_58_packets: 0
     rx_queue_58_bytes: 0
     rx_queue_58_ll_poll_yield: 0
     rx_queue_58_ll_misses: 0
     rx_queue_58_ll_cleaned: 0
     rx_queue_59_packets: 0
     rx_queue_59_bytes: 0
     rx_queue_59_ll_poll_yield: 0
     rx_queue_59_ll_misses: 0
     rx_queue_59_ll_cleaned: 0
     rx_queue_60_packets: 0
     rx_queue_60_bytes: 0
     rx_queue_60_ll_poll_yield: 0
     rx_queue_60_ll_misses: 0
     rx_queue_60_ll_cleaned: 0
     rx_queue_61_packets: 0
     rx_queue_61_bytes: 0
     rx_queue_61_ll_poll_yield: 0
     rx_queue_61_ll_misses: 0
     rx_queue_61_ll_cleaned: 0
     rx_queue_62_packets: 0
     rx_queue_62_bytes: 0
     rx_queue_62_ll_poll_yield: 0
     rx_queue_62_ll_misses: 0
     rx_queue_62_ll_cleaned: 0
     rx_queue_63_packets: 0
     rx_queue_63_bytes: 0
     rx_queue_63_ll_poll_yield: 0
     rx_queue_63_ll_misses: 0
     rx_queue_63_ll_cleaned: 0
     tx_pb_0_pxon: 0
     tx_pb_0_pxoff: 0
     tx_pb_1_pxon: 0
     tx_pb_1_pxoff: 0
     tx_pb_2_pxon: 0
     tx_pb_2_pxoff: 0
     tx_pb_3_pxon: 0
     tx_pb_3_pxoff: 0
     tx_pb_4_pxon: 0
     tx_pb_4_pxoff: 0
     tx_pb_5_pxon: 0
     tx_pb_5_pxoff: 0
     tx_pb_6_pxon: 0
     tx_pb_6_pxoff: 0
     tx_pb_7_pxon: 0
     tx_pb_7_pxoff: 0
     rx_pb_0_pxon: 0
     rx_pb_0_pxoff: 0
     rx_pb_1_pxon: 0
     rx_pb_1_pxoff: 0
     rx_pb_2_pxon: 0
     rx_pb_2_pxoff: 0
     rx_pb_3_pxon: 0
     rx_pb_3_pxoff: 0
     rx_pb_4_pxon: 0
     rx_pb_4_pxoff: 0
     rx_pb_5_pxon: 0
     rx_pb_5_pxoff: 0
     rx_pb_6_pxon: 0
     rx_pb_6_pxoff: 0
     rx_pb_7_pxon: 0
     rx_pb_7_pxoff: 0
NIC statistics:
     rx_packets: 24408713353
     tx_packets: 33611289017
     rx_bytes: 20798927700897
     tx_bytes: 46980756561857
     rx_pkts_nic: 24408713342
     tx_pkts_nic: 33611289016
     rx_bytes_nic: 20896567123341
     tx_bytes_nic: 47115203830761
     lsc_int: 0
     tx_busy: 0
     non_eop_descs: 0
     rx_errors: 0
     tx_errors: 0
     rx_dropped: 0
     tx_dropped: 0
     multicast: 7291473
     broadcast: 13599023
     rx_no_buffer_count: 0
     collisions: 0
     rx_over_errors: 0
     rx_crc_errors: 0
     rx_frame_errors: 0
     hw_rsc_aggregated: 0
     hw_rsc_flushed: 0
     fdir_match: 24455780091
     fdir_miss: 7753882
     fdir_overflow: 0
     rx_fifo_errors: 0
     rx_missed_errors: 0
     tx_aborted_errors: 0
     tx_carrier_errors: 0
     tx_fifo_errors: 0
     tx_heartbeat_errors: 0
     tx_timeout_count: 0
     tx_restart_queue: 12230939
     rx_long_length_errors: 0
     rx_short_length_errors: 0
     tx_flow_control_xon: 217137
     rx_flow_control_xon: 3168
     tx_flow_control_xoff: 217188
     rx_flow_control_xoff: 3168
     rx_csum_offload_errors: 0
     alloc_rx_page_failed: 0
     alloc_rx_buff_failed: 0
     rx_no_dma_resources: 0
     os2bmc_rx_by_bmc: 0
     os2bmc_tx_by_bmc: 0
     os2bmc_tx_by_host: 0
     os2bmc_rx_by_host: 0
     fcoe_bad_fccrc: 0
     rx_fcoe_dropped: 0
     rx_fcoe_packets: 0
     rx_fcoe_dwords: 0
     fcoe_noddp: 0
     fcoe_noddp_ext_buff: 0
     tx_fcoe_packets: 0
     tx_fcoe_dwords: 0
     tx_queue_0_packets: 1737295434
     tx_queue_0_bytes: 2466167587065
     tx_queue_0_ll_napi_yield: 0
     tx_queue_0_ll_misses: 0
     tx_queue_0_ll_cleaned: 0
     tx_queue_1_packets: 1621994514
     tx_queue_1_bytes: 2272199733032
     tx_queue_1_ll_napi_yield: 0
     tx_queue_1_ll_misses: 0
     tx_queue_1_ll_cleaned: 0
     tx_queue_2_packets: 1488128887
     tx_queue_2_bytes: 2107304162168
     tx_queue_2_ll_napi_yield: 0
     tx_queue_2_ll_misses: 0
     tx_queue_2_ll_cleaned: 0
     tx_queue_3_packets: 2146404569
     tx_queue_3_bytes: 3064759369817
     tx_queue_3_ll_napi_yield: 0
     tx_queue_3_ll_misses: 0
     tx_queue_3_ll_cleaned: 0
     tx_queue_4_packets: 1012292581
     tx_queue_4_bytes: 1372646154041
     tx_queue_4_ll_napi_yield: 0
     tx_queue_4_ll_misses: 0
     tx_queue_4_ll_cleaned: 0
     tx_queue_5_packets: 1234287751
     tx_queue_5_bytes: 1664658126739
     tx_queue_5_ll_napi_yield: 0
     tx_queue_5_ll_misses: 0
     tx_queue_5_ll_cleaned: 0
     tx_queue_6_packets: 1491152394
     tx_queue_6_bytes: 2104875777134
     tx_queue_6_ll_napi_yield: 0
     tx_queue_6_ll_misses: 0
     tx_queue_6_ll_cleaned: 0
     tx_queue_7_packets: 1440760862
     tx_queue_7_bytes: 2029101870462
     tx_queue_7_ll_napi_yield: 0
     tx_queue_7_ll_misses: 0
     tx_queue_7_ll_cleaned: 0
     tx_queue_8_packets: 1511551343
     tx_queue_8_bytes: 2137905506620
     tx_queue_8_ll_napi_yield: 0
     tx_queue_8_ll_misses: 0
     tx_queue_8_ll_cleaned: 0
     tx_queue_9_packets: 1136539158
     tx_queue_9_bytes: 1571446709562
     tx_queue_9_ll_napi_yield: 0
     tx_queue_9_ll_misses: 0
     tx_queue_9_ll_cleaned: 0
     tx_queue_10_packets: 1447504284
     tx_queue_10_bytes: 2009336600157
     tx_queue_10_ll_napi_yield: 0
     tx_queue_10_ll_misses: 0
     tx_queue_10_ll_cleaned: 0
     tx_queue_11_packets: 1173561637
     tx_queue_11_bytes: 1600022149057
     tx_queue_11_ll_napi_yield: 0
     tx_queue_11_ll_misses: 0
     tx_queue_11_ll_cleaned: 0
     tx_queue_12_packets: 1199097773
     tx_queue_12_bytes: 1632216749779
     tx_queue_12_ll_napi_yield: 0
     tx_queue_12_ll_misses: 0
     tx_queue_12_ll_cleaned: 0
     tx_queue_13_packets: 1401518234
     tx_queue_13_bytes: 1957180135876
     tx_queue_13_ll_napi_yield: 0
     tx_queue_13_ll_misses: 0
     tx_queue_13_ll_cleaned: 0
     tx_queue_14_packets: 1867739045
     tx_queue_14_bytes: 2641865002288
     tx_queue_14_ll_napi_yield: 0
     tx_queue_14_ll_misses: 0
     tx_queue_14_ll_cleaned: 0
     tx_queue_15_packets: 1484262727
     tx_queue_15_bytes: 2068956975702
     tx_queue_15_ll_napi_yield: 0
     tx_queue_15_ll_misses: 0
     tx_queue_15_ll_cleaned: 0
     tx_queue_16_packets: 1305565881
     tx_queue_16_bytes: 1817835127032
     tx_queue_16_ll_napi_yield: 0
     tx_queue_16_ll_misses: 0
     tx_queue_16_ll_cleaned: 0
     tx_queue_17_packets: 1408599385
     tx_queue_17_bytes: 1986101237278
     tx_queue_17_ll_napi_yield: 0
     tx_queue_17_ll_misses: 0
     tx_queue_17_ll_cleaned: 0
     tx_queue_18_packets: 1260479602
     tx_queue_18_bytes: 1735064573610
     tx_queue_18_ll_napi_yield: 0
     tx_queue_18_ll_misses: 0
     tx_queue_18_ll_cleaned: 0
     tx_queue_19_packets: 1311636882
     tx_queue_19_bytes: 1838885251828
     tx_queue_19_ll_napi_yield: 0
     tx_queue_19_ll_misses: 0
     tx_queue_19_ll_cleaned: 0
     tx_queue_20_packets: 964389758
     tx_queue_20_bytes: 1352968999574
     tx_queue_20_ll_napi_yield: 0
     tx_queue_20_ll_misses: 0
     tx_queue_20_ll_cleaned: 0
     tx_queue_21_packets: 1280510107
     tx_queue_21_bytes: 1798362422427
     tx_queue_21_ll_napi_yield: 0
     tx_queue_21_ll_misses: 0
     tx_queue_21_ll_cleaned: 0
     tx_queue_22_packets: 1527879586
     tx_queue_22_bytes: 2150208925349
     tx_queue_22_ll_napi_yield: 0
     tx_queue_22_ll_misses: 0
     tx_queue_22_ll_cleaned: 0
     tx_queue_23_packets: 1158136623
     tx_queue_23_bytes: 1600687415260
     tx_queue_23_ll_napi_yield: 0
     tx_queue_23_ll_misses: 0
     tx_queue_23_ll_cleaned: 0
     tx_queue_24_packets: 0
     tx_queue_24_bytes: 0
     tx_queue_24_ll_napi_yield: 0
     tx_queue_24_ll_misses: 0
     tx_queue_24_ll_cleaned: 0
     tx_queue_25_packets: 0
     tx_queue_25_bytes: 0
     tx_queue_25_ll_napi_yield: 0
     tx_queue_25_ll_misses: 0
     tx_queue_25_ll_cleaned: 0
     tx_queue_26_packets: 0
     tx_queue_26_bytes: 0
     tx_queue_26_ll_napi_yield: 0
     tx_queue_26_ll_misses: 0
     tx_queue_26_ll_cleaned: 0
     tx_queue_27_packets: 0
     tx_queue_27_bytes: 0
     tx_queue_27_ll_napi_yield: 0
     tx_queue_27_ll_misses: 0
     tx_queue_27_ll_cleaned: 0
     tx_queue_28_packets: 0
     tx_queue_28_bytes: 0
     tx_queue_28_ll_napi_yield: 0
     tx_queue_28_ll_misses: 0
     tx_queue_28_ll_cleaned: 0
     tx_queue_29_packets: 0
     tx_queue_29_bytes: 0
     tx_queue_29_ll_napi_yield: 0
     tx_queue_29_ll_misses: 0
     tx_queue_29_ll_cleaned: 0
     tx_queue_30_packets: 0
     tx_queue_30_bytes: 0
     tx_queue_30_ll_napi_yield: 0
     tx_queue_30_ll_misses: 0
     tx_queue_30_ll_cleaned: 0
     tx_queue_31_packets: 0
     tx_queue_31_bytes: 0
     tx_queue_31_ll_napi_yield: 0
     tx_queue_31_ll_misses: 0
     tx_queue_31_ll_cleaned: 0
     tx_queue_32_packets: 0
     tx_queue_32_bytes: 0
     tx_queue_32_ll_napi_yield: 0
     tx_queue_32_ll_misses: 0
     tx_queue_32_ll_cleaned: 0
     tx_queue_33_packets: 0
     tx_queue_33_bytes: 0
     tx_queue_33_ll_napi_yield: 0
     tx_queue_33_ll_misses: 0
     tx_queue_33_ll_cleaned: 0
     tx_queue_34_packets: 0
     tx_queue_34_bytes: 0
     tx_queue_34_ll_napi_yield: 0
     tx_queue_34_ll_misses: 0
     tx_queue_34_ll_cleaned: 0
     tx_queue_35_packets: 0
     tx_queue_35_bytes: 0
     tx_queue_35_ll_napi_yield: 0
     tx_queue_35_ll_misses: 0
     tx_queue_35_ll_cleaned: 0
     tx_queue_36_packets: 0
     tx_queue_36_bytes: 0
     tx_queue_36_ll_napi_yield: 0
     tx_queue_36_ll_misses: 0
     tx_queue_36_ll_cleaned: 0
     tx_queue_37_packets: 0
     tx_queue_37_bytes: 0
     tx_queue_37_ll_napi_yield: 0
     tx_queue_37_ll_misses: 0
     tx_queue_37_ll_cleaned: 0
     tx_queue_38_packets: 0
     tx_queue_38_bytes: 0
     tx_queue_38_ll_napi_yield: 0
     tx_queue_38_ll_misses: 0
     tx_queue_38_ll_cleaned: 0
     tx_queue_39_packets: 0
     tx_queue_39_bytes: 0
     tx_queue_39_ll_napi_yield: 0
     tx_queue_39_ll_misses: 0
     tx_queue_39_ll_cleaned: 0
     tx_queue_40_packets: 0
     tx_queue_40_bytes: 0
     tx_queue_40_ll_napi_yield: 0
     tx_queue_40_ll_misses: 0
     tx_queue_40_ll_cleaned: 0
     tx_queue_41_packets: 0
     tx_queue_41_bytes: 0
     tx_queue_41_ll_napi_yield: 0
     tx_queue_41_ll_misses: 0
     tx_queue_41_ll_cleaned: 0
     tx_queue_42_packets: 0
     tx_queue_42_bytes: 0
     tx_queue_42_ll_napi_yield: 0
     tx_queue_42_ll_misses: 0
     tx_queue_42_ll_cleaned: 0
     tx_queue_43_packets: 0
     tx_queue_43_bytes: 0
     tx_queue_43_ll_napi_yield: 0
     tx_queue_43_ll_misses: 0
     tx_queue_43_ll_cleaned: 0
     tx_queue_44_packets: 0
     tx_queue_44_bytes: 0
     tx_queue_44_ll_napi_yield: 0
     tx_queue_44_ll_misses: 0
     tx_queue_44_ll_cleaned: 0
     tx_queue_45_packets: 0
     tx_queue_45_bytes: 0
     tx_queue_45_ll_napi_yield: 0
     tx_queue_45_ll_misses: 0
     tx_queue_45_ll_cleaned: 0
     tx_queue_46_packets: 0
     tx_queue_46_bytes: 0
     tx_queue_46_ll_napi_yield: 0
     tx_queue_46_ll_misses: 0
     tx_queue_46_ll_cleaned: 0
     tx_queue_47_packets: 0
     tx_queue_47_bytes: 0
     tx_queue_47_ll_napi_yield: 0
     tx_queue_47_ll_misses: 0
     tx_queue_47_ll_cleaned: 0
     tx_queue_48_packets: 0
     tx_queue_48_bytes: 0
     tx_queue_48_ll_napi_yield: 0
     tx_queue_48_ll_misses: 0
     tx_queue_48_ll_cleaned: 0
     tx_queue_49_packets: 0
     tx_queue_49_bytes: 0
     tx_queue_49_ll_napi_yield: 0
     tx_queue_49_ll_misses: 0
     tx_queue_49_ll_cleaned: 0
     tx_queue_50_packets: 0
     tx_queue_50_bytes: 0
     tx_queue_50_ll_napi_yield: 0
     tx_queue_50_ll_misses: 0
     tx_queue_50_ll_cleaned: 0
     tx_queue_51_packets: 0
     tx_queue_51_bytes: 0
     tx_queue_51_ll_napi_yield: 0
     tx_queue_51_ll_misses: 0
     tx_queue_51_ll_cleaned: 0
     tx_queue_52_packets: 0
     tx_queue_52_bytes: 0
     tx_queue_52_ll_napi_yield: 0
     tx_queue_52_ll_misses: 0
     tx_queue_52_ll_cleaned: 0
     tx_queue_53_packets: 0
     tx_queue_53_bytes: 0
     tx_queue_53_ll_napi_yield: 0
     tx_queue_53_ll_misses: 0
     tx_queue_53_ll_cleaned: 0
     tx_queue_54_packets: 0
     tx_queue_54_bytes: 0
     tx_queue_54_ll_napi_yield: 0
     tx_queue_54_ll_misses: 0
     tx_queue_54_ll_cleaned: 0
     tx_queue_55_packets: 0
     tx_queue_55_bytes: 0
     tx_queue_55_ll_napi_yield: 0
     tx_queue_55_ll_misses: 0
     tx_queue_55_ll_cleaned: 0
     tx_queue_56_packets: 0
     tx_queue_56_bytes: 0
     tx_queue_56_ll_napi_yield: 0
     tx_queue_56_ll_misses: 0
     tx_queue_56_ll_cleaned: 0
     tx_queue_57_packets: 0
     tx_queue_57_bytes: 0
     tx_queue_57_ll_napi_yield: 0
     tx_queue_57_ll_misses: 0
     tx_queue_57_ll_cleaned: 0
     tx_queue_58_packets: 0
     tx_queue_58_bytes: 0
     tx_queue_58_ll_napi_yield: 0
     tx_queue_58_ll_misses: 0
     tx_queue_58_ll_cleaned: 0
     tx_queue_59_packets: 0
     tx_queue_59_bytes: 0
     tx_queue_59_ll_napi_yield: 0
     tx_queue_59_ll_misses: 0
     tx_queue_59_ll_cleaned: 0
     tx_queue_60_packets: 0
     tx_queue_60_bytes: 0
     tx_queue_60_ll_napi_yield: 0
     tx_queue_60_ll_misses: 0
     tx_queue_60_ll_cleaned: 0
     tx_queue_61_packets: 0
     tx_queue_61_bytes: 0
     tx_queue_61_ll_napi_yield: 0
     tx_queue_61_ll_misses: 0
     tx_queue_61_ll_cleaned: 0
     tx_queue_62_packets: 0
     tx_queue_62_bytes: 0
     tx_queue_62_ll_napi_yield: 0
     tx_queue_62_ll_misses: 0
     tx_queue_62_ll_cleaned: 0
     tx_queue_63_packets: 0
     tx_queue_63_bytes: 0
     tx_queue_63_ll_napi_yield: 0
     tx_queue_63_ll_misses: 0
     tx_queue_63_ll_cleaned: 0
     rx_queue_0_packets: 812938635
     rx_queue_0_bytes: 646942705897
     rx_queue_0_ll_poll_yield: 0
     rx_queue_0_ll_misses: 0
     rx_queue_0_ll_cleaned: 0
     rx_queue_1_packets: 1051722175
     rx_queue_1_bytes: 936355629806
     rx_queue_1_ll_poll_yield: 0
     rx_queue_1_ll_misses: 0
     rx_queue_1_ll_cleaned: 0
     rx_queue_2_packets: 887158277
     rx_queue_2_bytes: 769095058266
     rx_queue_2_ll_poll_yield: 0
     rx_queue_2_ll_misses: 0
     rx_queue_2_ll_cleaned: 0
     rx_queue_3_packets: 1267265475
     rx_queue_3_bytes: 740828959977
     rx_queue_3_ll_poll_yield: 0
     rx_queue_3_ll_misses: 0
     rx_queue_3_ll_cleaned: 0
     rx_queue_4_packets: 1096950607
     rx_queue_4_bytes: 1060153957374
     rx_queue_4_ll_poll_yield: 0
     rx_queue_4_ll_misses: 0
     rx_queue_4_ll_cleaned: 0
     rx_queue_5_packets: 1443335977
     rx_queue_5_bytes: 1500220257006
     rx_queue_5_ll_poll_yield: 0
     rx_queue_5_ll_misses: 0
     rx_queue_5_ll_cleaned: 0
     rx_queue_6_packets: 1095401984
     rx_queue_6_bytes: 708801797108
     rx_queue_6_ll_poll_yield: 0
     rx_queue_6_ll_misses: 0
     rx_queue_6_ll_cleaned: 0
     rx_queue_7_packets: 958277682
     rx_queue_7_bytes: 751592630559
     rx_queue_7_ll_poll_yield: 0
     rx_queue_7_ll_misses: 0
     rx_queue_7_ll_cleaned: 0
     rx_queue_8_packets: 901408855
     rx_queue_8_bytes: 653337606333
     rx_queue_8_ll_poll_yield: 0
     rx_queue_8_ll_misses: 0
     rx_queue_8_ll_cleaned: 0
     rx_queue_9_packets: 843419344
     rx_queue_9_bytes: 841662407064
     rx_queue_9_ll_poll_yield: 0
     rx_queue_9_ll_misses: 0
     rx_queue_9_ll_cleaned: 0
     rx_queue_10_packets: 993864002
     rx_queue_10_bytes: 790578719490
     rx_queue_10_ll_poll_yield: 0
     rx_queue_10_ll_misses: 0
     rx_queue_10_ll_cleaned: 0
     rx_queue_11_packets: 1135048761
     rx_queue_11_bytes: 1049826514001
     rx_queue_11_ll_poll_yield: 0
     rx_queue_11_ll_misses: 0
     rx_queue_11_ll_cleaned: 0
     rx_queue_12_packets: 1220251941
     rx_queue_12_bytes: 1238970004730
     rx_queue_12_ll_poll_yield: 0
     rx_queue_12_ll_misses: 0
     rx_queue_12_ll_cleaned: 0
     rx_queue_13_packets: 1109230592
     rx_queue_13_bytes: 981660873814
     rx_queue_13_ll_poll_yield: 0
     rx_queue_13_ll_misses: 0
     rx_queue_13_ll_cleaned: 0
     rx_queue_14_packets: 1116287554
     rx_queue_14_bytes: 823651953329
     rx_queue_14_ll_poll_yield: 0
     rx_queue_14_ll_misses: 0
     rx_queue_14_ll_cleaned: 0
     rx_queue_15_packets: 1330152927
     rx_queue_15_bytes: 1344888757154
     rx_queue_15_ll_poll_yield: 0
     rx_queue_15_ll_misses: 0
     rx_queue_15_ll_cleaned: 0
     rx_queue_16_packets: 1198400780
     rx_queue_16_bytes: 1246945526092
     rx_queue_16_ll_poll_yield: 0
     rx_queue_16_ll_misses: 0
     rx_queue_16_ll_cleaned: 0
     rx_queue_17_packets: 886302318
     rx_queue_17_bytes: 768908081848
     rx_queue_17_ll_poll_yield: 0
     rx_queue_17_ll_misses: 0
     rx_queue_17_ll_cleaned: 0
     rx_queue_18_packets: 850854993
     rx_queue_18_bytes: 684089987766
     rx_queue_18_ll_poll_yield: 0
     rx_queue_18_ll_misses: 0
     rx_queue_18_ll_cleaned: 0
     rx_queue_19_packets: 857948968
     rx_queue_19_bytes: 652826831907
     rx_queue_19_ll_poll_yield: 0
     rx_queue_19_ll_misses: 0
     rx_queue_19_ll_cleaned: 0
     rx_queue_20_packets: 622573345
     rx_queue_20_bytes: 453865147141
     rx_queue_20_ll_poll_yield: 0
     rx_queue_20_ll_misses: 0
     rx_queue_20_ll_cleaned: 0
     rx_queue_21_packets: 804540435
     rx_queue_21_bytes: 599488746394
     rx_queue_21_ll_poll_yield: 0
     rx_queue_21_ll_misses: 0
     rx_queue_21_ll_cleaned: 0
     rx_queue_22_packets: 1031574027
     rx_queue_22_bytes: 827472352517
     rx_queue_22_ll_poll_yield: 0
     rx_queue_22_ll_misses: 0
     rx_queue_22_ll_cleaned: 0
     rx_queue_23_packets: 893803699
     rx_queue_23_bytes: 726763195324
     rx_queue_23_ll_poll_yield: 0
     rx_queue_23_ll_misses: 0
     rx_queue_23_ll_cleaned: 0
     rx_queue_24_packets: 0
     rx_queue_24_bytes: 0
     rx_queue_24_ll_poll_yield: 0
     rx_queue_24_ll_misses: 0
     rx_queue_24_ll_cleaned: 0
     rx_queue_25_packets: 0
     rx_queue_25_bytes: 0
     rx_queue_25_ll_poll_yield: 0
     rx_queue_25_ll_misses: 0
     rx_queue_25_ll_cleaned: 0
     rx_queue_26_packets: 0
     rx_queue_26_bytes: 0
     rx_queue_26_ll_poll_yield: 0
     rx_queue_26_ll_misses: 0
     rx_queue_26_ll_cleaned: 0
     rx_queue_27_packets: 0
     rx_queue_27_bytes: 0
     rx_queue_27_ll_poll_yield: 0
     rx_queue_27_ll_misses: 0
     rx_queue_27_ll_cleaned: 0
     rx_queue_28_packets: 0
     rx_queue_28_bytes: 0
     rx_queue_28_ll_poll_yield: 0
     rx_queue_28_ll_misses: 0
     rx_queue_28_ll_cleaned: 0
     rx_queue_29_packets: 0
     rx_queue_29_bytes: 0
     rx_queue_29_ll_poll_yield: 0
     rx_queue_29_ll_misses: 0
     rx_queue_29_ll_cleaned: 0
     rx_queue_30_packets: 0
     rx_queue_30_bytes: 0
     rx_queue_30_ll_poll_yield: 0
     rx_queue_30_ll_misses: 0
     rx_queue_30_ll_cleaned: 0
     rx_queue_31_packets: 0
     rx_queue_31_bytes: 0
     rx_queue_31_ll_poll_yield: 0
     rx_queue_31_ll_misses: 0
     rx_queue_31_ll_cleaned: 0
     rx_queue_32_packets: 0
     rx_queue_32_bytes: 0
     rx_queue_32_ll_poll_yield: 0
     rx_queue_32_ll_misses: 0
     rx_queue_32_ll_cleaned: 0
     rx_queue_33_packets: 0
     rx_queue_33_bytes: 0
     rx_queue_33_ll_poll_yield: 0
     rx_queue_33_ll_misses: 0
     rx_queue_33_ll_cleaned: 0
     rx_queue_34_packets: 0
     rx_queue_34_bytes: 0
     rx_queue_34_ll_poll_yield: 0
     rx_queue_34_ll_misses: 0
     rx_queue_34_ll_cleaned: 0
     rx_queue_35_packets: 0
     rx_queue_35_bytes: 0
     rx_queue_35_ll_poll_yield: 0
     rx_queue_35_ll_misses: 0
     rx_queue_35_ll_cleaned: 0
     rx_queue_36_packets: 0
     rx_queue_36_bytes: 0
     rx_queue_36_ll_poll_yield: 0
     rx_queue_36_ll_misses: 0
     rx_queue_36_ll_cleaned: 0
     rx_queue_37_packets: 0
     rx_queue_37_bytes: 0
     rx_queue_37_ll_poll_yield: 0
     rx_queue_37_ll_misses: 0
     rx_queue_37_ll_cleaned: 0
     rx_queue_38_packets: 0
     rx_queue_38_bytes: 0
     rx_queue_38_ll_poll_yield: 0
     rx_queue_38_ll_misses: 0
     rx_queue_38_ll_cleaned: 0
     rx_queue_39_packets: 0
     rx_queue_39_bytes: 0
     rx_queue_39_ll_poll_yield: 0
     rx_queue_39_ll_misses: 0
     rx_queue_39_ll_cleaned: 0
     rx_queue_40_packets: 0
     rx_queue_40_bytes: 0
     rx_queue_40_ll_poll_yield: 0
     rx_queue_40_ll_misses: 0
     rx_queue_40_ll_cleaned: 0
     rx_queue_41_packets: 0
     rx_queue_41_bytes: 0
     rx_queue_41_ll_poll_yield: 0
     rx_queue_41_ll_misses: 0
     rx_queue_41_ll_cleaned: 0
     rx_queue_42_packets: 0
     rx_queue_42_bytes: 0
     rx_queue_42_ll_poll_yield: 0
     rx_queue_42_ll_misses: 0
     rx_queue_42_ll_cleaned: 0
     rx_queue_43_packets: 0
     rx_queue_43_bytes: 0
     rx_queue_43_ll_poll_yield: 0
     rx_queue_43_ll_misses: 0
     rx_queue_43_ll_cleaned: 0
     rx_queue_44_packets: 0
     rx_queue_44_bytes: 0
     rx_queue_44_ll_poll_yield: 0
     rx_queue_44_ll_misses: 0
     rx_queue_44_ll_cleaned: 0
     rx_queue_45_packets: 0
     rx_queue_45_bytes: 0
     rx_queue_45_ll_poll_yield: 0
     rx_queue_45_ll_misses: 0
     rx_queue_45_ll_cleaned: 0
     rx_queue_46_packets: 0
     rx_queue_46_bytes: 0
     rx_queue_46_ll_poll_yield: 0
     rx_queue_46_ll_misses: 0
     rx_queue_46_ll_cleaned: 0
     rx_queue_47_packets: 0
     rx_queue_47_bytes: 0
     rx_queue_47_ll_poll_yield: 0
     rx_queue_47_ll_misses: 0
     rx_queue_47_ll_cleaned: 0
     rx_queue_48_packets: 0
     rx_queue_48_bytes: 0
     rx_queue_48_ll_poll_yield: 0
     rx_queue_48_ll_misses: 0
     rx_queue_48_ll_cleaned: 0
     rx_queue_49_packets: 0
     rx_queue_49_bytes: 0
     rx_queue_49_ll_poll_yield: 0
     rx_queue_49_ll_misses: 0
     rx_queue_49_ll_cleaned: 0
     rx_queue_50_packets: 0
     rx_queue_50_bytes: 0
     rx_queue_50_ll_poll_yield: 0
     rx_queue_50_ll_misses: 0
     rx_queue_50_ll_cleaned: 0
     rx_queue_51_packets: 0
     rx_queue_51_bytes: 0
     rx_queue_51_ll_poll_yield: 0
     rx_queue_51_ll_misses: 0
     rx_queue_51_ll_cleaned: 0
     rx_queue_52_packets: 0
     rx_queue_52_bytes: 0
     rx_queue_52_ll_poll_yield: 0
     rx_queue_52_ll_misses: 0
     rx_queue_52_ll_cleaned: 0
     rx_queue_53_packets: 0
     rx_queue_53_bytes: 0
     rx_queue_53_ll_poll_yield: 0
     rx_queue_53_ll_misses: 0
     rx_queue_53_ll_cleaned: 0
     rx_queue_54_packets: 0
     rx_queue_54_bytes: 0
     rx_queue_54_ll_poll_yield: 0
     rx_queue_54_ll_misses: 0
     rx_queue_54_ll_cleaned: 0
     rx_queue_55_packets: 0
     rx_queue_55_bytes: 0
     rx_queue_55_ll_poll_yield: 0
     rx_queue_55_ll_misses: 0
     rx_queue_55_ll_cleaned: 0
     rx_queue_56_packets: 0
     rx_queue_56_bytes: 0
     rx_queue_56_ll_poll_yield: 0
     rx_queue_56_ll_misses: 0
     rx_queue_56_ll_cleaned: 0
     rx_queue_57_packets: 0
     rx_queue_57_bytes: 0
     rx_queue_57_ll_poll_yield: 0
     rx_queue_57_ll_misses: 0
     rx_queue_57_ll_cleaned: 0
     rx_queue_58_packets: 0
     rx_queue_58_bytes: 0
     rx_queue_58_ll_poll_yield: 0
     rx_queue_58_ll_misses: 0
     rx_queue_58_ll_cleaned: 0
     rx_queue_59_packets: 0
     rx_queue_59_bytes: 0
     rx_queue_59_ll_poll_yield: 0
     rx_queue_59_ll_misses: 0
     rx_queue_59_ll_cleaned: 0
     rx_queue_60_packets: 0
     rx_queue_60_bytes: 0
     rx_queue_60_ll_poll_yield: 0
     rx_queue_60_ll_misses: 0
     rx_queue_60_ll_cleaned: 0
     rx_queue_61_packets: 0
     rx_queue_61_bytes: 0
     rx_queue_61_ll_poll_yield: 0
     rx_queue_61_ll_misses: 0
     rx_queue_61_ll_cleaned: 0
     rx_queue_62_packets: 0
     rx_queue_62_bytes: 0
     rx_queue_62_ll_poll_yield: 0
     rx_queue_62_ll_misses: 0
     rx_queue_62_ll_cleaned: 0
     rx_queue_63_packets: 0
     rx_queue_63_bytes: 0
     rx_queue_63_ll_poll_yield: 0
     rx_queue_63_ll_misses: 0
     rx_queue_63_ll_cleaned: 0
     tx_pb_0_pxon: 0
     tx_pb_0_pxoff: 0
     tx_pb_1_pxon: 0
     tx_pb_1_pxoff: 0
     tx_pb_2_pxon: 0
     tx_pb_2_pxoff: 0
     tx_pb_3_pxon: 0
     tx_pb_3_pxoff: 0
     tx_pb_4_pxon: 0
     tx_pb_4_pxoff: 0
     tx_pb_5_pxon: 0
     tx_pb_5_pxoff: 0
     tx_pb_6_pxon: 0
     tx_pb_6_pxoff: 0
     tx_pb_7_pxon: 0
     tx_pb_7_pxoff: 0
     rx_pb_0_pxon: 0
     rx_pb_0_pxoff: 0
     rx_pb_1_pxon: 0
     rx_pb_1_pxoff: 0
     rx_pb_2_pxon: 0
     rx_pb_2_pxoff: 0
     rx_pb_3_pxon: 0
     rx_pb_3_pxoff: 0
     rx_pb_4_pxon: 0
     rx_pb_4_pxoff: 0
     rx_pb_5_pxon: 0
     rx_pb_5_pxoff: 0
     rx_pb_6_pxon: 0
     rx_pb_6_pxoff: 0
     rx_pb_7_pxon: 0
     rx_pb_7_pxoff: 0
