NIC statistics:
     rx_packets: 28529523764
     tx_packets: 23083506784
     rx_bytes: 39535315684021
     tx_bytes: 21217055516455
     rx_pkts_nic: 28540460339
     tx_pkts_nic: 23083506784
     rx_bytes_nic: 39650199342259
     tx_bytes_nic: 21335517698411
     lsc_int: 0
     tx_busy: 0
     non_eop_descs: 7771889
     rx_errors: 0
     tx_errors: 0
     rx_dropped: 244358
     tx_dropped: 0
     multicast: 15799
     broadcast: 11554767
     rx_no_buffer_count: 0
     collisions: 0
     rx_over_errors: 0
     rx_crc_errors: 0
     rx_frame_errors: 0
     hw_rsc_aggregated: 12117497
     hw_rsc_flushed: 1180924
     fdir_match: 16612798
     fdir_miss: 27110734257
     fdir_overflow: 9
     rx_fifo_errors: 0
     rx_missed_errors: 0
     tx_aborted_errors: 0
     tx_carrier_errors: 0
     tx_fifo_errors: 0
     tx_heartbeat_errors: 0
     tx_timeout_count: 0
     tx_restart_queue: 1312794
     rx_long_length_errors: 0
     rx_short_length_errors: 0
     tx_flow_control_xon: 9739299
     rx_flow_control_xon: 6765
     tx_flow_control_xoff: 9860017
     rx_flow_control_xoff: 7129
     rx_csum_offload_errors: 0
     alloc_rx_page_failed: 0
     alloc_rx_buff_failed: 0
     rx_no_dma_resources: 0
     os2bmc_rx_by_bmc: 0
     os2bmc_tx_by_bmc: 0
     os2bmc_tx_by_host: 0
     os2bmc_rx_by_host: 0
     fcoe_bad_fccrc: 0
     rx_fcoe_dropped: 0
     rx_fcoe_packets: 0
     rx_fcoe_dwords: 0
     fcoe_noddp: 0
     fcoe_noddp_ext_buff: 0
     tx_fcoe_packets: 0
     tx_fcoe_dwords: 0
     tx_queue_0_packets: 1826923092
     tx_queue_0_bytes: 1897863919896
     tx_queue_0_ll_napi_yield: 0
     tx_queue_0_ll_misses: 0
     tx_queue_0_ll_cleaned: 0
     tx_queue_1_packets: 1751331630
     tx_queue_1_bytes: 1489576652165
     tx_queue_1_ll_napi_yield: 0
     tx_queue_1_ll_misses: 0
     tx_queue_1_ll_cleaned: 0
     tx_queue_2_packets: 1636289569
     tx_queue_2_bytes: 1394459841425
     tx_queue_2_ll_napi_yield: 0
     tx_queue_2_ll_misses: 0
     tx_queue_2_ll_cleaned: 0
     tx_queue_3_packets: 1304438769
     tx_queue_3_bytes: 1253772172176
     tx_queue_3_ll_napi_yield: 0
     tx_queue_3_ll_misses: 0
     tx_queue_3_ll_cleaned: 0
     tx_queue_4_packets: 1846393029
     tx_queue_4_bytes: 1852572212806
     tx_queue_4_ll_napi_yield: 0
     tx_queue_4_ll_misses: 0
     tx_queue_4_ll_cleaned: 0
     tx_queue_5_packets: 1299311898
     tx_queue_5_bytes: 969436286221
     tx_queue_5_ll_napi_yield: 0
     tx_queue_5_ll_misses: 0
     tx_queue_5_ll_cleaned: 0
     tx_queue_6_packets: 132267517
     tx_queue_6_bytes: 198768471871
     tx_queue_6_ll_napi_yield: 0
     tx_queue_6_ll_misses: 0
     tx_queue_6_ll_cleaned: 0
     tx_queue_7_packets: 96144736
     tx_queue_7_bytes: 145387854471
     tx_queue_7_ll_napi_yield: 0
     tx_queue_7_ll_misses: 0
     tx_queue_7_ll_cleaned: 0
     tx_queue_8_packets: 6512782
     tx_queue_8_bytes: 4754468222
     tx_queue_8_ll_napi_yield: 0
     tx_queue_8_ll_misses: 0
     tx_queue_8_ll_cleaned: 0
     tx_queue_9_packets: 601664
     tx_queue_9_bytes: 405281592
     tx_queue_9_ll_napi_yield: 0
     tx_queue_9_ll_misses: 0
     tx_queue_9_ll_cleaned: 0
     tx_queue_10_packets: 555929
     tx_queue_10_bytes: 626157240
     tx_queue_10_ll_napi_yield: 0
     tx_queue_10_ll_misses: 0
     tx_queue_10_ll_cleaned: 0
     tx_queue_11_packets: 403856
     tx_queue_11_bytes: 481462514
     tx_queue_11_ll_napi_yield: 0
     tx_queue_11_ll_misses: 0
     tx_queue_11_ll_cleaned: 0
     tx_queue_12_packets: 1597807273
     tx_queue_12_bytes: 1246296939022
     tx_queue_12_ll_napi_yield: 0
     tx_queue_12_ll_misses: 0
     tx_queue_12_ll_cleaned: 0
     tx_queue_13_packets: 1839721615
     tx_queue_13_bytes: 1821736265844
     tx_queue_13_ll_napi_yield: 0
     tx_queue_13_ll_misses: 0
     tx_queue_13_ll_cleaned: 0
     tx_queue_14_packets: 2737444755
     tx_queue_14_bytes: 2803506894388
     tx_queue_14_ll_napi_yield: 0
     tx_queue_14_ll_misses: 0
     tx_queue_14_ll_cleaned: 0
     tx_queue_15_packets: 2143648586
     tx_queue_15_bytes: 1803402743381
     tx_queue_15_ll_napi_yield: 0
     tx_queue_15_ll_misses: 0
     tx_queue_15_ll_cleaned: 0
     tx_queue_16_packets: 2339433126
     tx_queue_16_bytes: 1962625837220
     tx_queue_16_ll_napi_yield: 0
     tx_queue_16_ll_misses: 0
     tx_queue_16_ll_cleaned: 0
     tx_queue_17_packets: 2511117420
     tx_queue_17_bytes: 2358330864390
     tx_queue_17_ll_napi_yield: 0
     tx_queue_17_ll_misses: 0
     tx_queue_17_ll_cleaned: 0
     tx_queue_18_packets: 613545
     tx_queue_18_bytes: 315793208
     tx_queue_18_ll_napi_yield: 0
     tx_queue_18_ll_misses: 0
     tx_queue_18_ll_cleaned: 0
     tx_queue_19_packets: 2013848
     tx_queue_19_bytes: 1712662659
     tx_queue_19_ll_napi_yield: 0
     tx_queue_19_ll_misses: 0
     tx_queue_19_ll_cleaned: 0
     tx_queue_20_packets: 451359
     tx_queue_20_bytes: 586927169
     tx_queue_20_ll_napi_yield: 0
     tx_queue_20_ll_misses: 0
     tx_queue_20_ll_cleaned: 0
     tx_queue_21_packets: 2003569
     tx_queue_21_bytes: 357537036
     tx_queue_21_ll_napi_yield: 0
     tx_queue_21_ll_misses: 0
     tx_queue_21_ll_cleaned: 0
     tx_queue_22_packets: 226396
     tx_queue_22_bytes: 121003927
     tx_queue_22_ll_napi_yield: 0
     tx_queue_22_ll_misses: 0
     tx_queue_22_ll_cleaned: 0
     tx_queue_23_packets: 7850821
     tx_queue_23_bytes: 9957267612
     tx_queue_23_ll_napi_yield: 0
     tx_queue_23_ll_misses: 0
     tx_queue_23_ll_cleaned: 0
     tx_queue_24_packets: 0
     tx_queue_24_bytes: 0
     tx_queue_24_ll_napi_yield: 0
     tx_queue_24_ll_misses: 0
     tx_queue_24_ll_cleaned: 0
     tx_queue_25_packets: 0
     tx_queue_25_bytes: 0
     tx_queue_25_ll_napi_yield: 0
     tx_queue_25_ll_misses: 0
     tx_queue_25_ll_cleaned: 0
     tx_queue_26_packets: 0
     tx_queue_26_bytes: 0
     tx_queue_26_ll_napi_yield: 0
     tx_queue_26_ll_misses: 0
     tx_queue_26_ll_cleaned: 0
     tx_queue_27_packets: 0
     tx_queue_27_bytes: 0
     tx_queue_27_ll_napi_yield: 0
     tx_queue_27_ll_misses: 0
     tx_queue_27_ll_cleaned: 0
     tx_queue_28_packets: 0
     tx_queue_28_bytes: 0
     tx_queue_28_ll_napi_yield: 0
     tx_queue_28_ll_misses: 0
     tx_queue_28_ll_cleaned: 0
     tx_queue_29_packets: 0
     tx_queue_29_bytes: 0
     tx_queue_29_ll_napi_yield: 0
     tx_queue_29_ll_misses: 0
     tx_queue_29_ll_cleaned: 0
     tx_queue_30_packets: 0
     tx_queue_30_bytes: 0
     tx_queue_30_ll_napi_yield: 0
     tx_queue_30_ll_misses: 0
     tx_queue_30_ll_cleaned: 0
     tx_queue_31_packets: 0
     tx_queue_31_bytes: 0
     tx_queue_31_ll_napi_yield: 0
     tx_queue_31_ll_misses: 0
     tx_queue_31_ll_cleaned: 0
     tx_queue_32_packets: 0
     tx_queue_32_bytes: 0
     tx_queue_32_ll_napi_yield: 0
     tx_queue_32_ll_misses: 0
     tx_queue_32_ll_cleaned: 0
     tx_queue_33_packets: 0
     tx_queue_33_bytes: 0
     tx_queue_33_ll_napi_yield: 0
     tx_queue_33_ll_misses: 0
     tx_queue_33_ll_cleaned: 0
     tx_queue_34_packets: 0
     tx_queue_34_bytes: 0
     tx_queue_34_ll_napi_yield: 0
     tx_queue_34_ll_misses: 0
     tx_queue_34_ll_cleaned: 0
     tx_queue_35_packets: 0
     tx_queue_35_bytes: 0
     tx_queue_35_ll_napi_yield: 0
     tx_queue_35_ll_misses: 0
     tx_queue_35_ll_cleaned: 0
     tx_queue_36_packets: 0
     tx_queue_36_bytes: 0
     tx_queue_36_ll_napi_yield: 0
     tx_queue_36_ll_misses: 0
     tx_queue_36_ll_cleaned: 0
     tx_queue_37_packets: 0
     tx_queue_37_bytes: 0
     tx_queue_37_ll_napi_yield: 0
     tx_queue_37_ll_misses: 0
     tx_queue_37_ll_cleaned: 0
     tx_queue_38_packets: 0
     tx_queue_38_bytes: 0
     tx_queue_38_ll_napi_yield: 0
     tx_queue_38_ll_misses: 0
     tx_queue_38_ll_cleaned: 0
     tx_queue_39_packets: 0
     tx_queue_39_bytes: 0
     tx_queue_39_ll_napi_yield: 0
     tx_queue_39_ll_misses: 0
     tx_queue_39_ll_cleaned: 0
     tx_queue_40_packets: 0
     tx_queue_40_bytes: 0
     tx_queue_40_ll_napi_yield: 0
     tx_queue_40_ll_misses: 0
     tx_queue_40_ll_cleaned: 0
     tx_queue_41_packets: 0
     tx_queue_41_bytes: 0
     tx_queue_41_ll_napi_yield: 0
     tx_queue_41_ll_misses: 0
     tx_queue_41_ll_cleaned: 0
     tx_queue_42_packets: 0
     tx_queue_42_bytes: 0
     tx_queue_42_ll_napi_yield: 0
     tx_queue_42_ll_misses: 0
     tx_queue_42_ll_cleaned: 0
     tx_queue_43_packets: 0
     tx_queue_43_bytes: 0
     tx_queue_43_ll_napi_yield: 0
     tx_queue_43_ll_misses: 0
     tx_queue_43_ll_cleaned: 0
     tx_queue_44_packets: 0
     tx_queue_44_bytes: 0
     tx_queue_44_ll_napi_yield: 0
     tx_queue_44_ll_misses: 0
     tx_queue_44_ll_cleaned: 0
     tx_queue_45_packets: 0
     tx_queue_45_bytes: 0
     tx_queue_45_ll_napi_yield: 0
     tx_queue_45_ll_misses: 0
     tx_queue_45_ll_cleaned: 0
     tx_queue_46_packets: 0
     tx_queue_46_bytes: 0
     tx_queue_46_ll_napi_yield: 0
     tx_queue_46_ll_misses: 0
     tx_queue_46_ll_cleaned: 0
     tx_queue_47_packets: 0
     tx_queue_47_bytes: 0
     tx_queue_47_ll_napi_yield: 0
     tx_queue_47_ll_misses: 0
     tx_queue_47_ll_cleaned: 0
     tx_queue_48_packets: 0
     tx_queue_48_bytes: 0
     tx_queue_48_ll_napi_yield: 0
     tx_queue_48_ll_misses: 0
     tx_queue_48_ll_cleaned: 0
     tx_queue_49_packets: 0
     tx_queue_49_bytes: 0
     tx_queue_49_ll_napi_yield: 0
     tx_queue_49_ll_misses: 0
     tx_queue_49_ll_cleaned: 0
     tx_queue_50_packets: 0
     tx_queue_50_bytes: 0
     tx_queue_50_ll_napi_yield: 0
     tx_queue_50_ll_misses: 0
     tx_queue_50_ll_cleaned: 0
     tx_queue_51_packets: 0
     tx_queue_51_bytes: 0
     tx_queue_51_ll_napi_yield: 0
     tx_queue_51_ll_misses: 0
     tx_queue_51_ll_cleaned: 0
     tx_queue_52_packets: 0
     tx_queue_52_bytes: 0
     tx_queue_52_ll_napi_yield: 0
     tx_queue_52_ll_misses: 0
     tx_queue_52_ll_cleaned: 0
     tx_queue_53_packets: 0
     tx_queue_53_bytes: 0
     tx_queue_53_ll_napi_yield: 0
     tx_queue_53_ll_misses: 0
     tx_queue_53_ll_cleaned: 0
     tx_queue_54_packets: 0
     tx_queue_54_bytes: 0
     tx_queue_54_ll_napi_yield: 0
     tx_queue_54_ll_misses: 0
     tx_queue_54_ll_cleaned: 0
     tx_queue_55_packets: 0
     tx_queue_55_bytes: 0
     tx_queue_55_ll_napi_yield: 0
     tx_queue_55_ll_misses: 0
     tx_queue_55_ll_cleaned: 0
     tx_queue_56_packets: 0
     tx_queue_56_bytes: 0
     tx_queue_56_ll_napi_yield: 0
     tx_queue_56_ll_misses: 0
     tx_queue_56_ll_cleaned: 0
     tx_queue_57_packets: 0
     tx_queue_57_bytes: 0
     tx_queue_57_ll_napi_yield: 0
     tx_queue_57_ll_misses: 0
     tx_queue_57_ll_cleaned: 0
     tx_queue_58_packets: 0
     tx_queue_58_bytes: 0
     tx_queue_58_ll_napi_yield: 0
     tx_queue_58_ll_misses: 0
     tx_queue_58_ll_cleaned: 0
     tx_queue_59_packets: 0
     tx_queue_59_bytes: 0
     tx_queue_59_ll_napi_yield: 0
     tx_queue_59_ll_misses: 0
     tx_queue_59_ll_cleaned: 0
     tx_queue_60_packets: 0
     tx_queue_60_bytes: 0
     tx_queue_60_ll_napi_yield: 0
     tx_queue_60_ll_misses: 0
     tx_queue_60_ll_cleaned: 0
     tx_queue_61_packets: 0
     tx_queue_61_bytes: 0
     tx_queue_61_ll_napi_yield: 0
     tx_queue_61_ll_misses: 0
     tx_queue_61_ll_cleaned: 0
     tx_queue_62_packets: 0
     tx_queue_62_bytes: 0
     tx_queue_62_ll_napi_yield: 0
     tx_queue_62_ll_misses: 0
     tx_queue_62_ll_cleaned: 0
     tx_queue_63_packets: 0
     tx_queue_63_bytes: 0
     tx_queue_63_ll_napi_yield: 0
     tx_queue_63_ll_misses: 0
     tx_queue_63_ll_cleaned: 0
     rx_queue_0_packets: 11625645
     rx_queue_0_bytes: 980854705
     rx_queue_0_ll_poll_yield: 0
     rx_queue_0_ll_misses: 0
     rx_queue_0_ll_cleaned: 0
     rx_queue_1_packets: 359608
     rx_queue_1_bytes: 1160133412
     rx_queue_1_ll_poll_yield: 0
     rx_queue_1_ll_misses: 0
     rx_queue_1_ll_cleaned: 0
     rx_queue_2_packets: 289809
     rx_queue_2_bytes: 620947843
     rx_queue_2_ll_poll_yield: 0
     rx_queue_2_ll_misses: 0
     rx_queue_2_ll_cleaned: 0
     rx_queue_3_packets: 232025
     rx_queue_3_bytes: 830230533
     rx_queue_3_ll_poll_yield: 0
     rx_queue_3_ll_misses: 0
     rx_queue_3_ll_cleaned: 0
     rx_queue_4_packets: 328056
     rx_queue_4_bytes: 599615492
     rx_queue_4_ll_poll_yield: 0
     rx_queue_4_ll_misses: 0
     rx_queue_4_ll_cleaned: 0
     rx_queue_5_packets: 13383894643
     rx_queue_5_bytes: 18580242254289
     rx_queue_5_ll_poll_yield: 0
     rx_queue_5_ll_misses: 0
     rx_queue_5_ll_cleaned: 0
     rx_queue_6_packets: 164538
     rx_queue_6_bytes: 417072333
     rx_queue_6_ll_poll_yield: 0
     rx_queue_6_ll_misses: 0
     rx_queue_6_ll_cleaned: 0
     rx_queue_7_packets: 131458
     rx_queue_7_bytes: 608667120
     rx_queue_7_ll_poll_yield: 0
     rx_queue_7_ll_misses: 0
     rx_queue_7_ll_cleaned: 0
     rx_queue_8_packets: 193795
     rx_queue_8_bytes: 592868734
     rx_queue_8_ll_poll_yield: 0
     rx_queue_8_ll_misses: 0
     rx_queue_8_ll_cleaned: 0
     rx_queue_9_packets: 295198
     rx_queue_9_bytes: 450133751
     rx_queue_9_ll_poll_yield: 0
     rx_queue_9_ll_misses: 0
     rx_queue_9_ll_cleaned: 0
     rx_queue_10_packets: 188254
     rx_queue_10_bytes: 738918184
     rx_queue_10_ll_poll_yield: 0
     rx_queue_10_ll_misses: 0
     rx_queue_10_ll_cleaned: 0
     rx_queue_11_packets: 123661
     rx_queue_11_bytes: 450485932
     rx_queue_11_ll_poll_yield: 0
     rx_queue_11_ll_misses: 0
     rx_queue_11_ll_cleaned: 0
     rx_queue_12_packets: 15128829618
     rx_queue_12_bytes: 20937152423823
     rx_queue_12_ll_poll_yield: 0
     rx_queue_12_ll_misses: 0
     rx_queue_12_ll_cleaned: 0
     rx_queue_13_packets: 664102
     rx_queue_13_bytes: 1299653544
     rx_queue_13_ll_poll_yield: 0
     rx_queue_13_ll_misses: 0
     rx_queue_13_ll_cleaned: 0
     rx_queue_14_packets: 292275
     rx_queue_14_bytes: 947661064
     rx_queue_14_ll_poll_yield: 0
     rx_queue_14_ll_misses: 0
     rx_queue_14_ll_cleaned: 0
     rx_queue_15_packets: 194437
     rx_queue_15_bytes: 765239414
     rx_queue_15_ll_poll_yield: 0
     rx_queue_15_ll_misses: 0
     rx_queue_15_ll_cleaned: 0
     rx_queue_16_packets: 219098
     rx_queue_16_bytes: 1527670015
     rx_queue_16_ll_poll_yield: 0
     rx_queue_16_ll_misses: 0
     rx_queue_16_ll_cleaned: 0
     rx_queue_17_packets: 322781
     rx_queue_17_bytes: 2765530290
     rx_queue_17_ll_poll_yield: 0
     rx_queue_17_ll_misses: 0
     rx_queue_17_ll_cleaned: 0
     rx_queue_18_packets: 318910
     rx_queue_18_bytes: 296895009
     rx_queue_18_ll_poll_yield: 0
     rx_queue_18_ll_misses: 0
     rx_queue_18_ll_cleaned: 0
     rx_queue_19_packets: 177419
     rx_queue_19_bytes: 180660841
     rx_queue_19_ll_poll_yield: 0
     rx_queue_19_ll_misses: 0
     rx_queue_19_ll_cleaned: 0
     rx_queue_20_packets: 91664
     rx_queue_20_bytes: 400920386
     rx_queue_20_ll_poll_yield: 0
     rx_queue_20_ll_misses: 0
     rx_queue_20_ll_cleaned: 0
     rx_queue_21_packets: 125667
     rx_queue_21_bytes: 789556215
     rx_queue_21_ll_poll_yield: 0
     rx_queue_21_ll_misses: 0
     rx_queue_21_ll_cleaned: 0
     rx_queue_22_packets: 109928
     rx_queue_22_bytes: 916579624
     rx_queue_22_ll_poll_yield: 0
     rx_queue_22_ll_misses: 0
     rx_queue_22_ll_cleaned: 0
     rx_queue_23_packets: 351175
     rx_queue_23_bytes: 580711468
     rx_queue_23_ll_poll_yield: 0
     rx_queue_23_ll_misses: 0
     rx_queue_23_ll_cleaned: 0
     rx_queue_24_packets: 0
     rx_queue_24_bytes: 0
     rx_queue_24_ll_poll_yield: 0
     rx_queue_24_ll_misses: 0
     rx_queue_24_ll_cleaned: 0
     rx_queue_25_packets: 0
     rx_queue_25_bytes: 0
     rx_queue_25_ll_poll_yield: 0
     rx_queue_25_ll_misses: 0
     rx_queue_25_ll_cleaned: 0
     rx_queue_26_packets: 0
     rx_queue_26_bytes: 0
     rx_queue_26_ll_poll_yield: 0
     rx_queue_26_ll_misses: 0
     rx_queue_26_ll_cleaned: 0
     rx_queue_27_packets: 0
     rx_queue_27_bytes: 0
     rx_queue_27_ll_poll_yield: 0
     rx_queue_27_ll_misses: 0
     rx_queue_27_ll_cleaned: 0
     rx_queue_28_packets: 0
     rx_queue_28_bytes: 0
     rx_queue_28_ll_poll_yield: 0
     rx_queue_28_ll_misses: 0
     rx_queue_28_ll_cleaned: 0
     rx_queue_29_packets: 0
     rx_queue_29_bytes: 0
     rx_queue_29_ll_poll_yield: 0
     rx_queue_29_ll_misses: 0
     rx_queue_29_ll_cleaned: 0
     rx_queue_30_packets: 0
     rx_queue_30_bytes: 0
     rx_queue_30_ll_poll_yield: 0
     rx_queue_30_ll_misses: 0
     rx_queue_30_ll_cleaned: 0
     rx_queue_31_packets: 0
     rx_queue_31_bytes: 0
     rx_queue_31_ll_poll_yield: 0
     rx_queue_31_ll_misses: 0
     rx_queue_31_ll_cleaned: 0
     rx_queue_32_packets: 0
     rx_queue_32_bytes: 0
     rx_queue_32_ll_poll_yield: 0
     rx_queue_32_ll_misses: 0
     rx_queue_32_ll_cleaned: 0
     rx_queue_33_packets: 0
     rx_queue_33_bytes: 0
     rx_queue_33_ll_poll_yield: 0
     rx_queue_33_ll_misses: 0
     rx_queue_33_ll_cleaned: 0
     rx_queue_34_packets: 0
     rx_queue_34_bytes: 0
     rx_queue_34_ll_poll_yield: 0
     rx_queue_34_ll_misses: 0
     rx_queue_34_ll_cleaned: 0
     rx_queue_35_packets: 0
     rx_queue_35_bytes: 0
     rx_queue_35_ll_poll_yield: 0
     rx_queue_35_ll_misses: 0
     rx_queue_35_ll_cleaned: 0
     rx_queue_36_packets: 0
     rx_queue_36_bytes: 0
     rx_queue_36_ll_poll_yield: 0
     rx_queue_36_ll_misses: 0
     rx_queue_36_ll_cleaned: 0
     rx_queue_37_packets: 0
     rx_queue_37_bytes: 0
     rx_queue_37_ll_poll_yield: 0
     rx_queue_37_ll_misses: 0
     rx_queue_37_ll_cleaned: 0
     rx_queue_38_packets: 0
     rx_queue_38_bytes: 0
     rx_queue_38_ll_poll_yield: 0
     rx_queue_38_ll_misses: 0
     rx_queue_38_ll_cleaned: 0
     rx_queue_39_packets: 0
     rx_queue_39_bytes: 0
     rx_queue_39_ll_poll_yield: 0
     rx_queue_39_ll_misses: 0
     rx_queue_39_ll_cleaned: 0
     rx_queue_40_packets: 0
     rx_queue_40_bytes: 0
     rx_queue_40_ll_poll_yield: 0
     rx_queue_40_ll_misses: 0
     rx_queue_40_ll_cleaned: 0
     rx_queue_41_packets: 0
     rx_queue_41_bytes: 0
     rx_queue_41_ll_poll_yield: 0
     rx_queue_41_ll_misses: 0
     rx_queue_41_ll_cleaned: 0
     rx_queue_42_packets: 0
     rx_queue_42_bytes: 0
     rx_queue_42_ll_poll_yield: 0
     rx_queue_42_ll_misses: 0
     rx_queue_42_ll_cleaned: 0
     rx_queue_43_packets: 0
     rx_queue_43_bytes: 0
     rx_queue_43_ll_poll_yield: 0
     rx_queue_43_ll_misses: 0
     rx_queue_43_ll_cleaned: 0
     rx_queue_44_packets: 0
     rx_queue_44_bytes: 0
     rx_queue_44_ll_poll_yield: 0
     rx_queue_44_ll_misses: 0
     rx_queue_44_ll_cleaned: 0
     rx_queue_45_packets: 0
     rx_queue_45_bytes: 0
     rx_queue_45_ll_poll_yield: 0
     rx_queue_45_ll_misses: 0
     rx_queue_45_ll_cleaned: 0
     rx_queue_46_packets: 0
     rx_queue_46_bytes: 0
     rx_queue_46_ll_poll_yield: 0
     rx_queue_46_ll_misses: 0
     rx_queue_46_ll_cleaned: 0
     rx_queue_47_packets: 0
     rx_queue_47_bytes: 0
     rx_queue_47_ll_poll_yield: 0
     rx_queue_47_ll_misses: 0
     rx_queue_47_ll_cleaned: 0
     rx_queue_48_packets: 0
     rx_queue_48_bytes: 0
     rx_queue_48_ll_poll_yield: 0
     rx_queue_48_ll_misses: 0
     rx_queue_48_ll_cleaned: 0
     rx_queue_49_packets: 0
     rx_queue_49_bytes: 0
     rx_queue_49_ll_poll_yield: 0
     rx_queue_49_ll_misses: 0
     rx_queue_49_ll_cleaned: 0
     rx_queue_50_packets: 0
     rx_queue_50_bytes: 0
     rx_queue_50_ll_poll_yield: 0
     rx_queue_50_ll_misses: 0
     rx_queue_50_ll_cleaned: 0
     rx_queue_51_packets: 0
     rx_queue_51_bytes: 0
     rx_queue_51_ll_poll_yield: 0
     rx_queue_51_ll_misses: 0
     rx_queue_51_ll_cleaned: 0
     rx_queue_52_packets: 0
     rx_queue_52_bytes: 0
     rx_queue_52_ll_poll_yield: 0
     rx_queue_52_ll_misses: 0
     rx_queue_52_ll_cleaned: 0
     rx_queue_53_packets: 0
     rx_queue_53_bytes: 0
     rx_queue_53_ll_poll_yield: 0
     rx_queue_53_ll_misses: 0
     rx_queue_53_ll_cleaned: 0
     rx_queue_54_packets: 0
     rx_queue_54_bytes: 0
     rx_queue_54_ll_poll_yield: 0
     rx_queue_54_ll_misses: 0
     rx_queue_54_ll_cleaned: 0
     rx_queue_55_packets: 0
     rx_queue_55_bytes: 0
     rx_queue_55_ll_poll_yield: 0
     rx_queue_55_ll_misses: 0
     rx_queue_55_ll_cleaned: 0
     rx_queue_56_packets: 0
     rx_queue_56_bytes: 0
     rx_queue_56_ll_poll_yield: 0
     rx_queue_56_ll_misses: 0
     rx_queue_56_ll_cleaned: 0
     rx_queue_57_packets: 0
     rx_queue_57_bytes: 0
     rx_queue_57_ll_poll_yield: 0
     rx_queue_57_ll_misses: 0
     rx_queue_57_ll_cleaned: 0
     rx_queue_58_packets: 0
     rx_queue_58_bytes: 0
     rx_queue_58_ll_poll_yield: 0
     rx_queue_58_ll_misses: 0
     rx_queue_58_ll_cleaned: 0
     rx_queue_59_packets: 0
     rx_queue_59_bytes: 0
     rx_queue_59_ll_poll_yield: 0
     rx_queue_59_ll_misses: 0
     rx_queue_59_ll_cleaned: 0
     rx_queue_60_packets: 0
     rx_queue_60_bytes: 0
     rx_queue_60_ll_poll_yield: 0
     rx_queue_60_ll_misses: 0
     rx_queue_60_ll_cleaned: 0
     rx_queue_61_packets: 0
     rx_queue_61_bytes: 0
     rx_queue_61_ll_poll_yield: 0
     rx_queue_61_ll_misses: 0
     rx_queue_61_ll_cleaned: 0
     rx_queue_62_packets: 0
     rx_queue_62_bytes: 0
     rx_queue_62_ll_poll_yield: 0
     rx_queue_62_ll_misses: 0
     rx_queue_62_ll_cleaned: 0
     rx_queue_63_packets: 0
     rx_queue_63_bytes: 0
     rx_queue_63_ll_poll_yield: 0
     rx_queue_63_ll_misses: 0
     rx_queue_63_ll_cleaned: 0
     tx_pb_0_pxon: 0
     tx_pb_0_pxoff: 0
     tx_pb_1_pxon: 0
     tx_pb_1_pxoff: 0
     tx_pb_2_pxon: 0
     tx_pb_2_pxoff: 0
     tx_pb_3_pxon: 0
     tx_pb_3_pxoff: 0
     tx_pb_4_pxon: 0
     tx_pb_4_pxoff: 0
     tx_pb_5_pxon: 0
     tx_pb_5_pxoff: 0
     tx_pb_6_pxon: 0
     tx_pb_6_pxoff: 0
     tx_pb_7_pxon: 0
     tx_pb_7_pxoff: 0
     rx_pb_0_pxon: 0
     rx_pb_0_pxoff: 0
     rx_pb_1_pxon: 0
     rx_pb_1_pxoff: 0
     rx_pb_2_pxon: 0
     rx_pb_2_pxoff: 0
     rx_pb_3_pxon: 0
     rx_pb_3_pxoff: 0
     rx_pb_4_pxon: 0
     rx_pb_4_pxoff: 0
     rx_pb_5_pxon: 0
     rx_pb_5_pxoff: 0
     rx_pb_6_pxon: 0
     rx_pb_6_pxoff: 0
     rx_pb_7_pxon: 0
     rx_pb_7_pxoff: 0
NIC statistics:
     rx_packets: 35216560955
     tx_packets: 25601699499
     rx_bytes: 49634799594549
     tx_bytes: 22362700189203
     rx_pkts_nic: 35228407679
     tx_pkts_nic: 25601699499
     rx_bytes_nic: 49776495111981
     tx_bytes_nic: 22491235176313
     lsc_int: 0
     tx_busy: 0
     non_eop_descs: 8417430
     rx_errors: 0
     tx_errors: 0
     rx_dropped: 289943
     tx_dropped: 0
     multicast: 16561
     broadcast: 12594818
     rx_no_buffer_count: 0
     collisions: 0
     rx_over_errors: 0
     rx_crc_errors: 0
     rx_frame_errors: 0
     hw_rsc_aggregated: 13133880
     hw_rsc_flushed: 1287158
     fdir_match: 18043101
     fdir_miss: 33949587769
     fdir_overflow: 11
     rx_fifo_errors: 0
     rx_missed_errors: 0
     tx_aborted_errors: 0
     tx_carrier_errors: 0
     tx_fifo_errors: 0
     tx_heartbeat_errors: 0
     tx_timeout_count: 0
     tx_restart_queue: 1387529
     rx_long_length_errors: 0
     rx_short_length_errors: 0
     tx_flow_control_xon: 12140556
     rx_flow_control_xon: 6771
     tx_flow_control_xoff: 12261443
     rx_flow_control_xoff: 7135
     rx_csum_offload_errors: 0
     alloc_rx_page_failed: 0
     alloc_rx_buff_failed: 0
     rx_no_dma_resources: 0
     os2bmc_rx_by_bmc: 0
     os2bmc_tx_by_bmc: 0
     os2bmc_tx_by_host: 0
     os2bmc_rx_by_host: 0
     fcoe_bad_fccrc: 0
     rx_fcoe_dropped: 0
     rx_fcoe_packets: 0
     rx_fcoe_dwords: 0
     fcoe_noddp: 0
     fcoe_noddp_ext_buff: 0
     tx_fcoe_packets: 0
     tx_fcoe_dwords: 0
     tx_queue_0_packets: 1965939843
     tx_queue_0_bytes: 1915981073498
     tx_queue_0_ll_napi_yield: 0
     tx_queue_0_ll_misses: 0
     tx_queue_0_ll_cleaned: 0
     tx_queue_1_packets: 1881969338
     tx_queue_1_bytes: 1505982971765
     tx_queue_1_ll_napi_yield: 0
     tx_queue_1_ll_misses: 0
     tx_queue_1_ll_cleaned: 0
     tx_queue_2_packets: 1748523487
     tx_queue_2_bytes: 1408539424679
     tx_queue_2_ll_napi_yield: 0
     tx_queue_2_ll_misses: 0
     tx_queue_2_ll_cleaned: 0
     tx_queue_3_packets: 1447707432
     tx_queue_3_bytes: 1299617853225
     tx_queue_3_ll_napi_yield: 0
     tx_queue_3_ll_misses: 0
     tx_queue_3_ll_cleaned: 0
     tx_queue_4_packets: 1948663862
     tx_queue_4_bytes: 1865274823833
     tx_queue_4_ll_napi_yield: 0
     tx_queue_4_ll_misses: 0
     tx_queue_4_ll_cleaned: 0
     tx_queue_5_packets: 1551288842
     tx_queue_5_bytes: 1183319536291
     tx_queue_5_ll_napi_yield: 0
     tx_queue_5_ll_misses: 0
     tx_queue_5_ll_cleaned: 0
     tx_queue_6_packets: 132381377
     tx_queue_6_bytes: 198925748569
     tx_queue_6_ll_napi_yield: 0
     tx_queue_6_ll_misses: 0
     tx_queue_6_ll_cleaned: 0
     tx_queue_7_packets: 96163702
     tx_queue_7_bytes: 145391244330
     tx_queue_7_ll_napi_yield: 0
     tx_queue_7_ll_misses: 0
     tx_queue_7_ll_cleaned: 0
     tx_queue_8_packets: 24731198
     tx_queue_8_bytes: 29732933096
     tx_queue_8_ll_napi_yield: 0
     tx_queue_8_ll_misses: 0
     tx_queue_8_ll_cleaned: 0
     tx_queue_9_packets: 19707386
     tx_queue_9_bytes: 29308757543
     tx_queue_9_ll_napi_yield: 0
     tx_queue_9_ll_misses: 0
     tx_queue_9_ll_cleaned: 0
     tx_queue_10_packets: 565305
     tx_queue_10_bytes: 627954420
     tx_queue_10_ll_napi_yield: 0
     tx_queue_10_ll_misses: 0
     tx_queue_10_ll_cleaned: 0
     tx_queue_11_packets: 2223971
     tx_queue_11_bytes: 693837514
     tx_queue_11_ll_napi_yield: 0
     tx_queue_11_ll_misses: 0
     tx_queue_11_ll_cleaned: 0
     tx_queue_12_packets: 1979902753
     tx_queue_12_bytes: 1537815827430
     tx_queue_12_ll_napi_yield: 0
     tx_queue_12_ll_misses: 0
     tx_queue_12_ll_cleaned: 0
     tx_queue_13_packets: 2005756169
     tx_queue_13_bytes: 1842412979674
     tx_queue_13_ll_napi_yield: 0
     tx_queue_13_ll_misses: 0
     tx_queue_13_ll_cleaned: 0
     tx_queue_14_packets: 2970656221
     tx_queue_14_bytes: 2856264075216
     tx_queue_14_ll_napi_yield: 0
     tx_queue_14_ll_misses: 0
     tx_queue_14_ll_cleaned: 0
     tx_queue_15_packets: 2320272377
     tx_queue_15_bytes: 1825584833553
     tx_queue_15_ll_napi_yield: 0
     tx_queue_15_ll_misses: 0
     tx_queue_15_ll_cleaned: 0
     tx_queue_16_packets: 2638505379
     tx_queue_16_bytes: 2143746531939
     tx_queue_16_ll_napi_yield: 0
     tx_queue_16_ll_misses: 0
     tx_queue_16_ll_cleaned: 0
     tx_queue_17_packets: 2732169436
     tx_queue_17_bytes: 2385651364176
     tx_queue_17_ll_napi_yield: 0
     tx_queue_17_ll_misses: 0
     tx_queue_17_ll_cleaned: 0
     tx_queue_18_packets: 22592972
     tx_queue_18_bytes: 33556465720
     tx_queue_18_ll_napi_yield: 0
     tx_queue_18_ll_misses: 0
     tx_queue_18_ll_cleaned: 0
     tx_queue_19_packets: 62140839
     tx_queue_19_bytes: 90031309246
     tx_queue_19_ll_napi_yield: 0
     tx_queue_19_ll_misses: 0
     tx_queue_19_ll_cleaned: 0
     tx_queue_20_packets: 491005
     tx_queue_20_bytes: 595000403
     tx_queue_20_ll_napi_yield: 0
     tx_queue_20_ll_misses: 0
     tx_queue_20_ll_cleaned: 0
     tx_queue_21_packets: 37334393
     tx_queue_21_bytes: 53073208332
     tx_queue_21_ll_napi_yield: 0
     tx_queue_21_ll_misses: 0
     tx_queue_21_ll_cleaned: 0
     tx_queue_22_packets: 258718
     tx_queue_22_bytes: 161691722
     tx_queue_22_ll_napi_yield: 0
     tx_queue_22_ll_misses: 0
     tx_queue_22_ll_cleaned: 0
     tx_queue_23_packets: 11753494
     tx_queue_23_bytes: 10410743029
     tx_queue_23_ll_napi_yield: 0
     tx_queue_23_ll_misses: 0
     tx_queue_23_ll_cleaned: 0
     tx_queue_24_packets: 0
     tx_queue_24_bytes: 0
     tx_queue_24_ll_napi_yield: 0
     tx_queue_24_ll_misses: 0
     tx_queue_24_ll_cleaned: 0
     tx_queue_25_packets: 0
     tx_queue_25_bytes: 0
     tx_queue_25_ll_napi_yield: 0
     tx_queue_25_ll_misses: 0
     tx_queue_25_ll_cleaned: 0
     tx_queue_26_packets: 0
     tx_queue_26_bytes: 0
     tx_queue_26_ll_napi_yield: 0
     tx_queue_26_ll_misses: 0
     tx_queue_26_ll_cleaned: 0
     tx_queue_27_packets: 0
     tx_queue_27_bytes: 0
     tx_queue_27_ll_napi_yield: 0
     tx_queue_27_ll_misses: 0
     tx_queue_27_ll_cleaned: 0
     tx_queue_28_packets: 0
     tx_queue_28_bytes: 0
     tx_queue_28_ll_napi_yield: 0
     tx_queue_28_ll_misses: 0
     tx_queue_28_ll_cleaned: 0
     tx_queue_29_packets: 0
     tx_queue_29_bytes: 0
     tx_queue_29_ll_napi_yield: 0
     tx_queue_29_ll_misses: 0
     tx_queue_29_ll_cleaned: 0
     tx_queue_30_packets: 0
     tx_queue_30_bytes: 0
     tx_queue_30_ll_napi_yield: 0
     tx_queue_30_ll_misses: 0
     tx_queue_30_ll_cleaned: 0
     tx_queue_31_packets: 0
     tx_queue_31_bytes: 0
     tx_queue_31_ll_napi_yield: 0
     tx_queue_31_ll_misses: 0
     tx_queue_31_ll_cleaned: 0
     tx_queue_32_packets: 0
     tx_queue_32_bytes: 0
     tx_queue_32_ll_napi_yield: 0
     tx_queue_32_ll_misses: 0
     tx_queue_32_ll_cleaned: 0
     tx_queue_33_packets: 0
     tx_queue_33_bytes: 0
     tx_queue_33_ll_napi_yield: 0
     tx_queue_33_ll_misses: 0
     tx_queue_33_ll_cleaned: 0
     tx_queue_34_packets: 0
     tx_queue_34_bytes: 0
     tx_queue_34_ll_napi_yield: 0
     tx_queue_34_ll_misses: 0
     tx_queue_34_ll_cleaned: 0
     tx_queue_35_packets: 0
     tx_queue_35_bytes: 0
     tx_queue_35_ll_napi_yield: 0
     tx_queue_35_ll_misses: 0
     tx_queue_35_ll_cleaned: 0
     tx_queue_36_packets: 0
     tx_queue_36_bytes: 0
     tx_queue_36_ll_napi_yield: 0
     tx_queue_36_ll_misses: 0
     tx_queue_36_ll_cleaned: 0
     tx_queue_37_packets: 0
     tx_queue_37_bytes: 0
     tx_queue_37_ll_napi_yield: 0
     tx_queue_37_ll_misses: 0
     tx_queue_37_ll_cleaned: 0
     tx_queue_38_packets: 0
     tx_queue_38_bytes: 0
     tx_queue_38_ll_napi_yield: 0
     tx_queue_38_ll_misses: 0
     tx_queue_38_ll_cleaned: 0
     tx_queue_39_packets: 0
     tx_queue_39_bytes: 0
     tx_queue_39_ll_napi_yield: 0
     tx_queue_39_ll_misses: 0
     tx_queue_39_ll_cleaned: 0
     tx_queue_40_packets: 0
     tx_queue_40_bytes: 0
     tx_queue_40_ll_napi_yield: 0
     tx_queue_40_ll_misses: 0
     tx_queue_40_ll_cleaned: 0
     tx_queue_41_packets: 0
     tx_queue_41_bytes: 0
     tx_queue_41_ll_napi_yield: 0
     tx_queue_41_ll_misses: 0
     tx_queue_41_ll_cleaned: 0
     tx_queue_42_packets: 0
     tx_queue_42_bytes: 0
     tx_queue_42_ll_napi_yield: 0
     tx_queue_42_ll_misses: 0
     tx_queue_42_ll_cleaned: 0
     tx_queue_43_packets: 0
     tx_queue_43_bytes: 0
     tx_queue_43_ll_napi_yield: 0
     tx_queue_43_ll_misses: 0
     tx_queue_43_ll_cleaned: 0
     tx_queue_44_packets: 0
     tx_queue_44_bytes: 0
     tx_queue_44_ll_napi_yield: 0
     tx_queue_44_ll_misses: 0
     tx_queue_44_ll_cleaned: 0
     tx_queue_45_packets: 0
     tx_queue_45_bytes: 0
     tx_queue_45_ll_napi_yield: 0
     tx_queue_45_ll_misses: 0
     tx_queue_45_ll_cleaned: 0
     tx_queue_46_packets: 0
     tx_queue_46_bytes: 0
     tx_queue_46_ll_napi_yield: 0
     tx_queue_46_ll_misses: 0
     tx_queue_46_ll_cleaned: 0
     tx_queue_47_packets: 0
     tx_queue_47_bytes: 0
     tx_queue_47_ll_napi_yield: 0
     tx_queue_47_ll_misses: 0
     tx_queue_47_ll_cleaned: 0
     tx_queue_48_packets: 0
     tx_queue_48_bytes: 0
     tx_queue_48_ll_napi_yield: 0
     tx_queue_48_ll_misses: 0
     tx_queue_48_ll_cleaned: 0
     tx_queue_49_packets: 0
     tx_queue_49_bytes: 0
     tx_queue_49_ll_napi_yield: 0
     tx_queue_49_ll_misses: 0
     tx_queue_49_ll_cleaned: 0
     tx_queue_50_packets: 0
     tx_queue_50_bytes: 0
     tx_queue_50_ll_napi_yield: 0
     tx_queue_50_ll_misses: 0
     tx_queue_50_ll_cleaned: 0
     tx_queue_51_packets: 0
     tx_queue_51_bytes: 0
     tx_queue_51_ll_napi_yield: 0
     tx_queue_51_ll_misses: 0
     tx_queue_51_ll_cleaned: 0
     tx_queue_52_packets: 0
     tx_queue_52_bytes: 0
     tx_queue_52_ll_napi_yield: 0
     tx_queue_52_ll_misses: 0
     tx_queue_52_ll_cleaned: 0
     tx_queue_53_packets: 0
     tx_queue_53_bytes: 0
     tx_queue_53_ll_napi_yield: 0
     tx_queue_53_ll_misses: 0
     tx_queue_53_ll_cleaned: 0
     tx_queue_54_packets: 0
     tx_queue_54_bytes: 0
     tx_queue_54_ll_napi_yield: 0
     tx_queue_54_ll_misses: 0
     tx_queue_54_ll_cleaned: 0
     tx_queue_55_packets: 0
     tx_queue_55_bytes: 0
     tx_queue_55_ll_napi_yield: 0
     tx_queue_55_ll_misses: 0
     tx_queue_55_ll_cleaned: 0
     tx_queue_56_packets: 0
     tx_queue_56_bytes: 0
     tx_queue_56_ll_napi_yield: 0
     tx_queue_56_ll_misses: 0
     tx_queue_56_ll_cleaned: 0
     tx_queue_57_packets: 0
     tx_queue_57_bytes: 0
     tx_queue_57_ll_napi_yield: 0
     tx_queue_57_ll_misses: 0
     tx_queue_57_ll_cleaned: 0
     tx_queue_58_packets: 0
     tx_queue_58_bytes: 0
     tx_queue_58_ll_napi_yield: 0
     tx_queue_58_ll_misses: 0
     tx_queue_58_ll_cleaned: 0
     tx_queue_59_packets: 0
     tx_queue_59_bytes: 0
     tx_queue_59_ll_napi_yield: 0
     tx_queue_59_ll_misses: 0
     tx_queue_59_ll_cleaned: 0
     tx_queue_60_packets: 0
     tx_queue_60_bytes: 0
     tx_queue_60_ll_napi_yield: 0
     tx_queue_60_ll_misses: 0
     tx_queue_60_ll_cleaned: 0
     tx_queue_61_packets: 0
     tx_queue_61_bytes: 0
     tx_queue_61_ll_napi_yield: 0
     tx_queue_61_ll_misses: 0
     tx_queue_61_ll_cleaned: 0
     tx_queue_62_packets: 0
     tx_queue_62_bytes: 0
     tx_queue_62_ll_napi_yield: 0
     tx_queue_62_ll_misses: 0
     tx_queue_62_ll_cleaned: 0
     tx_queue_63_packets: 0
     tx_queue_63_bytes: 0
     tx_queue_63_ll_napi_yield: 0
     tx_queue_63_ll_misses: 0
     tx_queue_63_ll_cleaned: 0
     rx_queue_0_packets: 12660864
     rx_queue_0_bytes: 1124352551
     rx_queue_0_ll_poll_yield: 0
     rx_queue_0_ll_misses: 0
     rx_queue_0_ll_cleaned: 0
     rx_queue_1_packets: 407835
     rx_queue_1_bytes: 1236830956
     rx_queue_1_ll_poll_yield: 0
     rx_queue_1_ll_misses: 0
     rx_queue_1_ll_cleaned: 0
     rx_queue_2_packets: 315509
     rx_queue_2_bytes: 698380425
     rx_queue_2_ll_poll_yield: 0
     rx_queue_2_ll_misses: 0
     rx_queue_2_ll_cleaned: 0
     rx_queue_3_packets: 324670
     rx_queue_3_bytes: 908460334
     rx_queue_3_ll_poll_yield: 0
     rx_queue_3_ll_misses: 0
     rx_queue_3_ll_cleaned: 0
     rx_queue_4_packets: 336212
     rx_queue_4_bytes: 624943095
     rx_queue_4_ll_poll_yield: 0
     rx_queue_4_ll_misses: 0
     rx_queue_4_ll_cleaned: 0
     rx_queue_5_packets: 16563601544
     rx_queue_5_bytes: 23394128294214
     rx_queue_5_ll_poll_yield: 0
     rx_queue_5_ll_misses: 0
     rx_queue_5_ll_cleaned: 0
     rx_queue_6_packets: 180825
     rx_queue_6_bytes: 479101172
     rx_queue_6_ll_poll_yield: 0
     rx_queue_6_ll_misses: 0
     rx_queue_6_ll_cleaned: 0
     rx_queue_7_packets: 150967
     rx_queue_7_bytes: 714833110
     rx_queue_7_ll_poll_yield: 0
     rx_queue_7_ll_misses: 0
     rx_queue_7_ll_cleaned: 0
     rx_queue_8_packets: 204742
     rx_queue_8_bytes: 656825809
     rx_queue_8_ll_poll_yield: 0
     rx_queue_8_ll_misses: 0
     rx_queue_8_ll_cleaned: 0
     rx_queue_9_packets: 312418
     rx_queue_9_bytes: 546574095
     rx_queue_9_ll_poll_yield: 0
     rx_queue_9_ll_misses: 0
     rx_queue_9_ll_cleaned: 0
     rx_queue_10_packets: 195403
     rx_queue_10_bytes: 766690895
     rx_queue_10_ll_poll_yield: 0
     rx_queue_10_ll_misses: 0
     rx_queue_10_ll_cleaned: 0
     rx_queue_11_packets: 137402
     rx_queue_11_bytes: 492449833
     rx_queue_11_ll_poll_yield: 0
     rx_queue_11_ll_misses: 0
     rx_queue_11_ll_cleaned: 0
     rx_queue_12_packets: 18634621674
     rx_queue_12_bytes: 26221141883596
     rx_queue_12_ll_poll_yield: 0
     rx_queue_12_ll_misses: 0
     rx_queue_12_ll_cleaned: 0
     rx_queue_13_packets: 740425
     rx_queue_13_bytes: 1509350853
     rx_queue_13_ll_poll_yield: 0
     rx_queue_13_ll_misses: 0
     rx_queue_13_ll_cleaned: 0
     rx_queue_14_packets: 316540
     rx_queue_14_bytes: 1023447578
     rx_queue_14_ll_poll_yield: 0
     rx_queue_14_ll_misses: 0
     rx_queue_14_ll_cleaned: 0
     rx_queue_15_packets: 203513
     rx_queue_15_bytes: 767008652
     rx_queue_15_ll_poll_yield: 0
     rx_queue_15_ll_misses: 0
     rx_queue_15_ll_cleaned: 0
     rx_queue_16_packets: 234883
     rx_queue_16_bytes: 1556825349
     rx_queue_16_ll_poll_yield: 0
     rx_queue_16_ll_misses: 0
     rx_queue_16_ll_cleaned: 0
     rx_queue_17_packets: 348474
     rx_queue_17_bytes: 2888433909
     rx_queue_17_ll_poll_yield: 0
     rx_queue_17_ll_misses: 0
     rx_queue_17_ll_cleaned: 0
     rx_queue_18_packets: 332563
     rx_queue_18_bytes: 315815037
     rx_queue_18_ll_poll_yield: 0
     rx_queue_18_ll_misses: 0
     rx_queue_18_ll_cleaned: 0
     rx_queue_19_packets: 201983
     rx_queue_19_bytes: 302449643
     rx_queue_19_ll_poll_yield: 0
     rx_queue_19_ll_misses: 0
     rx_queue_19_ll_cleaned: 0
     rx_queue_20_packets: 129536
     rx_queue_20_bytes: 597557076
     rx_queue_20_ll_poll_yield: 0
     rx_queue_20_ll_misses: 0
     rx_queue_20_ll_cleaned: 0
     rx_queue_21_packets: 134554
     rx_queue_21_bytes: 807044839
     rx_queue_21_ll_poll_yield: 0
     rx_queue_21_ll_misses: 0
     rx_queue_21_ll_cleaned: 0
     rx_queue_22_packets: 114824
     rx_queue_22_bytes: 917770738
     rx_queue_22_ll_poll_yield: 0
     rx_queue_22_ll_misses: 0
     rx_queue_22_ll_cleaned: 0
     rx_queue_23_packets: 353595
     rx_queue_23_bytes: 594270790
     rx_queue_23_ll_poll_yield: 0
     rx_queue_23_ll_misses: 0
     rx_queue_23_ll_cleaned: 0
     rx_queue_24_packets: 0
     rx_queue_24_bytes: 0
     rx_queue_24_ll_poll_yield: 0
     rx_queue_24_ll_misses: 0
     rx_queue_24_ll_cleaned: 0
     rx_queue_25_packets: 0
     rx_queue_25_bytes: 0
     rx_queue_25_ll_poll_yield: 0
     rx_queue_25_ll_misses: 0
     rx_queue_25_ll_cleaned: 0
     rx_queue_26_packets: 0
     rx_queue_26_bytes: 0
     rx_queue_26_ll_poll_yield: 0
     rx_queue_26_ll_misses: 0
     rx_queue_26_ll_cleaned: 0
     rx_queue_27_packets: 0
     rx_queue_27_bytes: 0
     rx_queue_27_ll_poll_yield: 0
     rx_queue_27_ll_misses: 0
     rx_queue_27_ll_cleaned: 0
     rx_queue_28_packets: 0
     rx_queue_28_bytes: 0
     rx_queue_28_ll_poll_yield: 0
     rx_queue_28_ll_misses: 0
     rx_queue_28_ll_cleaned: 0
     rx_queue_29_packets: 0
     rx_queue_29_bytes: 0
     rx_queue_29_ll_poll_yield: 0
     rx_queue_29_ll_misses: 0
     rx_queue_29_ll_cleaned: 0
     rx_queue_30_packets: 0
     rx_queue_30_bytes: 0
     rx_queue_30_ll_poll_yield: 0
     rx_queue_30_ll_misses: 0
     rx_queue_30_ll_cleaned: 0
     rx_queue_31_packets: 0
     rx_queue_31_bytes: 0
     rx_queue_31_ll_poll_yield: 0
     rx_queue_31_ll_misses: 0
     rx_queue_31_ll_cleaned: 0
     rx_queue_32_packets: 0
     rx_queue_32_bytes: 0
     rx_queue_32_ll_poll_yield: 0
     rx_queue_32_ll_misses: 0
     rx_queue_32_ll_cleaned: 0
     rx_queue_33_packets: 0
     rx_queue_33_bytes: 0
     rx_queue_33_ll_poll_yield: 0
     rx_queue_33_ll_misses: 0
     rx_queue_33_ll_cleaned: 0
     rx_queue_34_packets: 0
     rx_queue_34_bytes: 0
     rx_queue_34_ll_poll_yield: 0
     rx_queue_34_ll_misses: 0
     rx_queue_34_ll_cleaned: 0
     rx_queue_35_packets: 0
     rx_queue_35_bytes: 0
     rx_queue_35_ll_poll_yield: 0
     rx_queue_35_ll_misses: 0
     rx_queue_35_ll_cleaned: 0
     rx_queue_36_packets: 0
     rx_queue_36_bytes: 0
     rx_queue_36_ll_poll_yield: 0
     rx_queue_36_ll_misses: 0
     rx_queue_36_ll_cleaned: 0
     rx_queue_37_packets: 0
     rx_queue_37_bytes: 0
     rx_queue_37_ll_poll_yield: 0
     rx_queue_37_ll_misses: 0
     rx_queue_37_ll_cleaned: 0
     rx_queue_38_packets: 0
     rx_queue_38_bytes: 0
     rx_queue_38_ll_poll_yield: 0
     rx_queue_38_ll_misses: 0
     rx_queue_38_ll_cleaned: 0
     rx_queue_39_packets: 0
     rx_queue_39_bytes: 0
     rx_queue_39_ll_poll_yield: 0
     rx_queue_39_ll_misses: 0
     rx_queue_39_ll_cleaned: 0
     rx_queue_40_packets: 0
     rx_queue_40_bytes: 0
     rx_queue_40_ll_poll_yield: 0
     rx_queue_40_ll_misses: 0
     rx_queue_40_ll_cleaned: 0
     rx_queue_41_packets: 0
     rx_queue_41_bytes: 0
     rx_queue_41_ll_poll_yield: 0
     rx_queue_41_ll_misses: 0
     rx_queue_41_ll_cleaned: 0
     rx_queue_42_packets: 0
     rx_queue_42_bytes: 0
     rx_queue_42_ll_poll_yield: 0
     rx_queue_42_ll_misses: 0
     rx_queue_42_ll_cleaned: 0
     rx_queue_43_packets: 0
     rx_queue_43_bytes: 0
     rx_queue_43_ll_poll_yield: 0
     rx_queue_43_ll_misses: 0
     rx_queue_43_ll_cleaned: 0
     rx_queue_44_packets: 0
     rx_queue_44_bytes: 0
     rx_queue_44_ll_poll_yield: 0
     rx_queue_44_ll_misses: 0
     rx_queue_44_ll_cleaned: 0
     rx_queue_45_packets: 0
     rx_queue_45_bytes: 0
     rx_queue_45_ll_poll_yield: 0
     rx_queue_45_ll_misses: 0
     rx_queue_45_ll_cleaned: 0
     rx_queue_46_packets: 0
     rx_queue_46_bytes: 0
     rx_queue_46_ll_poll_yield: 0
     rx_queue_46_ll_misses: 0
     rx_queue_46_ll_cleaned: 0
     rx_queue_47_packets: 0
     rx_queue_47_bytes: 0
     rx_queue_47_ll_poll_yield: 0
     rx_queue_47_ll_misses: 0
     rx_queue_47_ll_cleaned: 0
     rx_queue_48_packets: 0
     rx_queue_48_bytes: 0
     rx_queue_48_ll_poll_yield: 0
     rx_queue_48_ll_misses: 0
     rx_queue_48_ll_cleaned: 0
     rx_queue_49_packets: 0
     rx_queue_49_bytes: 0
     rx_queue_49_ll_poll_yield: 0
     rx_queue_49_ll_misses: 0
     rx_queue_49_ll_cleaned: 0
     rx_queue_50_packets: 0
     rx_queue_50_bytes: 0
     rx_queue_50_ll_poll_yield: 0
     rx_queue_50_ll_misses: 0
     rx_queue_50_ll_cleaned: 0
     rx_queue_51_packets: 0
     rx_queue_51_bytes: 0
     rx_queue_51_ll_poll_yield: 0
     rx_queue_51_ll_misses: 0
     rx_queue_51_ll_cleaned: 0
     rx_queue_52_packets: 0
     rx_queue_52_bytes: 0
     rx_queue_52_ll_poll_yield: 0
     rx_queue_52_ll_misses: 0
     rx_queue_52_ll_cleaned: 0
     rx_queue_53_packets: 0
     rx_queue_53_bytes: 0
     rx_queue_53_ll_poll_yield: 0
     rx_queue_53_ll_misses: 0
     rx_queue_53_ll_cleaned: 0
     rx_queue_54_packets: 0
     rx_queue_54_bytes: 0
     rx_queue_54_ll_poll_yield: 0
     rx_queue_54_ll_misses: 0
     rx_queue_54_ll_cleaned: 0
     rx_queue_55_packets: 0
     rx_queue_55_bytes: 0
     rx_queue_55_ll_poll_yield: 0
     rx_queue_55_ll_misses: 0
     rx_queue_55_ll_cleaned: 0
     rx_queue_56_packets: 0
     rx_queue_56_bytes: 0
     rx_queue_56_ll_poll_yield: 0
     rx_queue_56_ll_misses: 0
     rx_queue_56_ll_cleaned: 0
     rx_queue_57_packets: 0
     rx_queue_57_bytes: 0
     rx_queue_57_ll_poll_yield: 0
     rx_queue_57_ll_misses: 0
     rx_queue_57_ll_cleaned: 0
     rx_queue_58_packets: 0
     rx_queue_58_bytes: 0
     rx_queue_58_ll_poll_yield: 0
     rx_queue_58_ll_misses: 0
     rx_queue_58_ll_cleaned: 0
     rx_queue_59_packets: 0
     rx_queue_59_bytes: 0
     rx_queue_59_ll_poll_yield: 0
     rx_queue_59_ll_misses: 0
     rx_queue_59_ll_cleaned: 0
     rx_queue_60_packets: 0
     rx_queue_60_bytes: 0
     rx_queue_60_ll_poll_yield: 0
     rx_queue_60_ll_misses: 0
     rx_queue_60_ll_cleaned: 0
     rx_queue_61_packets: 0
     rx_queue_61_bytes: 0
     rx_queue_61_ll_poll_yield: 0
     rx_queue_61_ll_misses: 0
     rx_queue_61_ll_cleaned: 0
     rx_queue_62_packets: 0
     rx_queue_62_bytes: 0
     rx_queue_62_ll_poll_yield: 0
     rx_queue_62_ll_misses: 0
     rx_queue_62_ll_cleaned: 0
     rx_queue_63_packets: 0
     rx_queue_63_bytes: 0
     rx_queue_63_ll_poll_yield: 0
     rx_queue_63_ll_misses: 0
     rx_queue_63_ll_cleaned: 0
     tx_pb_0_pxon: 0
     tx_pb_0_pxoff: 0
     tx_pb_1_pxon: 0
     tx_pb_1_pxoff: 0
     tx_pb_2_pxon: 0
     tx_pb_2_pxoff: 0
     tx_pb_3_pxon: 0
     tx_pb_3_pxoff: 0
     tx_pb_4_pxon: 0
     tx_pb_4_pxoff: 0
     tx_pb_5_pxon: 0
     tx_pb_5_pxoff: 0
     tx_pb_6_pxon: 0
     tx_pb_6_pxoff: 0
     tx_pb_7_pxon: 0
     tx_pb_7_pxoff: 0
     rx_pb_0_pxon: 0
     rx_pb_0_pxoff: 0
     rx_pb_1_pxon: 0
     rx_pb_1_pxoff: 0
     rx_pb_2_pxon: 0
     rx_pb_2_pxoff: 0
     rx_pb_3_pxon: 0
     rx_pb_3_pxoff: 0
     rx_pb_4_pxon: 0
     rx_pb_4_pxoff: 0
     rx_pb_5_pxon: 0
     rx_pb_5_pxoff: 0
     rx_pb_6_pxon: 0
     rx_pb_6_pxoff: 0
     rx_pb_7_pxon: 0
     rx_pb_7_pxoff: 0
NIC statistics:
     rx_packets: 35307856358
     tx_packets: 25631990171
     rx_bytes: 49706646091208
     tx_bytes: 22366279793619
     rx_pkts_nic: 35319703082
     tx_pkts_nic: 25631990171
     rx_bytes_nic: 49848706790252
     tx_bytes_nic: 22494935944949
     lsc_int: 0
     tx_busy: 0
     non_eop_descs: 8417430
     rx_errors: 0
     tx_errors: 0
     rx_dropped: 290670
     tx_dropped: 0
     multicast: 16563
     broadcast: 12597327
     rx_no_buffer_count: 0
     collisions: 0
     rx_over_errors: 0
     rx_crc_errors: 0
     rx_frame_errors: 0
     hw_rsc_aggregated: 13133884
     hw_rsc_flushed: 1287162
     fdir_match: 18043349
     fdir_miss: 33949589897
     fdir_overflow: 11
     rx_fifo_errors: 0
     rx_missed_errors: 0
     tx_aborted_errors: 0
     tx_carrier_errors: 0
     tx_fifo_errors: 0
     tx_heartbeat_errors: 0
     tx_timeout_count: 0
     tx_restart_queue: 1387529
     rx_long_length_errors: 0
     rx_short_length_errors: 0
     tx_flow_control_xon: 12140556
     rx_flow_control_xon: 6771
     tx_flow_control_xoff: 12261443
     rx_flow_control_xoff: 7135
     rx_csum_offload_errors: 0
     alloc_rx_page_failed: 0
     alloc_rx_buff_failed: 0
     rx_no_dma_resources: 0
     os2bmc_rx_by_bmc: 0
     os2bmc_tx_by_bmc: 0
     os2bmc_tx_by_host: 0
     os2bmc_rx_by_host: 0
     fcoe_bad_fccrc: 0
     rx_fcoe_dropped: 0
     rx_fcoe_packets: 0
     rx_fcoe_dwords: 0
     fcoe_noddp: 0
     fcoe_noddp_ext_buff: 0
     tx_fcoe_packets: 0
     tx_fcoe_dwords: 0
     tx_queue_0_packets: 1982127494
     tx_queue_0_bytes: 1917893017275
     tx_queue_0_ll_napi_yield: 0
     tx_queue_0_ll_misses: 0
     tx_queue_0_ll_cleaned: 0
     tx_queue_1_packets: 1881969434
     tx_queue_1_bytes: 1505982990145
     tx_queue_1_ll_napi_yield: 0
     tx_queue_1_ll_misses: 0
     tx_queue_1_ll_cleaned: 0
     tx_queue_2_packets: 1748523640
     tx_queue_2_bytes: 1408539454098
     tx_queue_2_ll_napi_yield: 0
     tx_queue_2_ll_misses: 0
     tx_queue_2_ll_cleaned: 0
     tx_queue_3_packets: 1447707552
     tx_queue_3_bytes: 1299617864791
     tx_queue_3_ll_napi_yield: 0
     tx_queue_3_ll_misses: 0
     tx_queue_3_ll_cleaned: 0
     tx_queue_4_packets: 1948664111
     tx_queue_4_bytes: 1865274866321
     tx_queue_4_ll_napi_yield: 0
     tx_queue_4_ll_misses: 0
     tx_queue_4_ll_cleaned: 0
     tx_queue_5_packets: 1551288996
     tx_queue_5_bytes: 1183319571853
     tx_queue_5_ll_napi_yield: 0
     tx_queue_5_ll_misses: 0
     tx_queue_5_ll_cleaned: 0
     tx_queue_6_packets: 132381418
     tx_queue_6_bytes: 198925759907
     tx_queue_6_ll_napi_yield: 0
     tx_queue_6_ll_misses: 0
     tx_queue_6_ll_cleaned: 0
     tx_queue_7_packets: 96163722
     tx_queue_7_bytes: 145391250344
     tx_queue_7_ll_napi_yield: 0
     tx_queue_7_ll_misses: 0
     tx_queue_7_ll_cleaned: 0
     tx_queue_8_packets: 24731219
     tx_queue_8_bytes: 29732939080
     tx_queue_8_ll_napi_yield: 0
     tx_queue_8_ll_misses: 0
     tx_queue_8_ll_cleaned: 0
     tx_queue_9_packets: 19707491
     tx_queue_9_bytes: 29308787028
     tx_queue_9_ll_napi_yield: 0
     tx_queue_9_ll_misses: 0
     tx_queue_9_ll_cleaned: 0
     tx_queue_10_packets: 565408
     tx_queue_10_bytes: 627984624
     tx_queue_10_ll_napi_yield: 0
     tx_queue_10_ll_misses: 0
     tx_queue_10_ll_cleaned: 0
     tx_queue_11_packets: 2224029
     tx_queue_11_bytes: 693852884
     tx_queue_11_ll_napi_yield: 0
     tx_queue_11_ll_misses: 0
     tx_queue_11_ll_cleaned: 0
     tx_queue_12_packets: 1979902791
     tx_queue_12_bytes: 1537815832462
     tx_queue_12_ll_napi_yield: 0
     tx_queue_12_ll_misses: 0
     tx_queue_12_ll_cleaned: 0
     tx_queue_13_packets: 2005756245
     tx_queue_13_bytes: 1842412995563
     tx_queue_13_ll_napi_yield: 0
     tx_queue_13_ll_misses: 0
     tx_queue_13_ll_cleaned: 0
     tx_queue_14_packets: 2970860829
     tx_queue_14_bytes: 2856288153219
     tx_queue_14_ll_napi_yield: 0
     tx_queue_14_ll_misses: 0
     tx_queue_14_ll_cleaned: 0
     tx_queue_15_packets: 2320272511
     tx_queue_15_bytes: 1825584867827
     tx_queue_15_ll_napi_yield: 0
     tx_queue_15_ll_misses: 0
     tx_queue_15_ll_cleaned: 0
     tx_queue_16_packets: 2638505579
     tx_queue_16_bytes: 2143746560519
     tx_queue_16_ll_napi_yield: 0
     tx_queue_16_ll_misses: 0
     tx_queue_16_ll_cleaned: 0
     tx_queue_17_packets: 2746065826
     tx_queue_17_bytes: 2387294496332
     tx_queue_17_ll_napi_yield: 0
     tx_queue_17_ll_misses: 0
     tx_queue_17_ll_cleaned: 0
     tx_queue_18_packets: 22593024
     tx_queue_18_bytes: 33556481616
     tx_queue_18_ll_napi_yield: 0
     tx_queue_18_ll_misses: 0
     tx_queue_18_ll_cleaned: 0
     tx_queue_19_packets: 62140879
     tx_queue_19_bytes: 90031317286
     tx_queue_19_ll_napi_yield: 0
     tx_queue_19_ll_misses: 0
     tx_queue_19_ll_cleaned: 0
     tx_queue_20_packets: 491124
     tx_queue_20_bytes: 595033225
     tx_queue_20_ll_napi_yield: 0
     tx_queue_20_ll_misses: 0
     tx_queue_20_ll_cleaned: 0
     tx_queue_21_packets: 37334498
     tx_queue_21_bytes: 53073239362
     tx_queue_21_ll_napi_yield: 0
     tx_queue_21_ll_misses: 0
     tx_queue_21_ll_cleaned: 0
     tx_queue_22_packets: 258823
     tx_queue_22_bytes: 161724281
     tx_queue_22_ll_napi_yield: 0
     tx_queue_22_ll_misses: 0
     tx_queue_22_ll_cleaned: 0
     tx_queue_23_packets: 11753528
     tx_queue_23_bytes: 10410753577
     tx_queue_23_ll_napi_yield: 0
     tx_queue_23_ll_misses: 0
     tx_queue_23_ll_cleaned: 0
     tx_queue_24_packets: 0
     tx_queue_24_bytes: 0
     tx_queue_24_ll_napi_yield: 0
     tx_queue_24_ll_misses: 0
     tx_queue_24_ll_cleaned: 0
     tx_queue_25_packets: 0
     tx_queue_25_bytes: 0
     tx_queue_25_ll_napi_yield: 0
     tx_queue_25_ll_misses: 0
     tx_queue_25_ll_cleaned: 0
     tx_queue_26_packets: 0
     tx_queue_26_bytes: 0
     tx_queue_26_ll_napi_yield: 0
     tx_queue_26_ll_misses: 0
     tx_queue_26_ll_cleaned: 0
     tx_queue_27_packets: 0
     tx_queue_27_bytes: 0
     tx_queue_27_ll_napi_yield: 0
     tx_queue_27_ll_misses: 0
     tx_queue_27_ll_cleaned: 0
     tx_queue_28_packets: 0
     tx_queue_28_bytes: 0
     tx_queue_28_ll_napi_yield: 0
     tx_queue_28_ll_misses: 0
     tx_queue_28_ll_cleaned: 0
     tx_queue_29_packets: 0
     tx_queue_29_bytes: 0
     tx_queue_29_ll_napi_yield: 0
     tx_queue_29_ll_misses: 0
     tx_queue_29_ll_cleaned: 0
     tx_queue_30_packets: 0
     tx_queue_30_bytes: 0
     tx_queue_30_ll_napi_yield: 0
     tx_queue_30_ll_misses: 0
     tx_queue_30_ll_cleaned: 0
     tx_queue_31_packets: 0
     tx_queue_31_bytes: 0
     tx_queue_31_ll_napi_yield: 0
     tx_queue_31_ll_misses: 0
     tx_queue_31_ll_cleaned: 0
     tx_queue_32_packets: 0
     tx_queue_32_bytes: 0
     tx_queue_32_ll_napi_yield: 0
     tx_queue_32_ll_misses: 0
     tx_queue_32_ll_cleaned: 0
     tx_queue_33_packets: 0
     tx_queue_33_bytes: 0
     tx_queue_33_ll_napi_yield: 0
     tx_queue_33_ll_misses: 0
     tx_queue_33_ll_cleaned: 0
     tx_queue_34_packets: 0
     tx_queue_34_bytes: 0
     tx_queue_34_ll_napi_yield: 0
     tx_queue_34_ll_misses: 0
     tx_queue_34_ll_cleaned: 0
     tx_queue_35_packets: 0
     tx_queue_35_bytes: 0
     tx_queue_35_ll_napi_yield: 0
     tx_queue_35_ll_misses: 0
     tx_queue_35_ll_cleaned: 0
     tx_queue_36_packets: 0
     tx_queue_36_bytes: 0
     tx_queue_36_ll_napi_yield: 0
     tx_queue_36_ll_misses: 0
     tx_queue_36_ll_cleaned: 0
     tx_queue_37_packets: 0
     tx_queue_37_bytes: 0
     tx_queue_37_ll_napi_yield: 0
     tx_queue_37_ll_misses: 0
     tx_queue_37_ll_cleaned: 0
     tx_queue_38_packets: 0
     tx_queue_38_bytes: 0
     tx_queue_38_ll_napi_yield: 0
     tx_queue_38_ll_misses: 0
     tx_queue_38_ll_cleaned: 0
     tx_queue_39_packets: 0
     tx_queue_39_bytes: 0
     tx_queue_39_ll_napi_yield: 0
     tx_queue_39_ll_misses: 0
     tx_queue_39_ll_cleaned: 0
     tx_queue_40_packets: 0
     tx_queue_40_bytes: 0
     tx_queue_40_ll_napi_yield: 0
     tx_queue_40_ll_misses: 0
     tx_queue_40_ll_cleaned: 0
     tx_queue_41_packets: 0
     tx_queue_41_bytes: 0
     tx_queue_41_ll_napi_yield: 0
     tx_queue_41_ll_misses: 0
     tx_queue_41_ll_cleaned: 0
     tx_queue_42_packets: 0
     tx_queue_42_bytes: 0
     tx_queue_42_ll_napi_yield: 0
     tx_queue_42_ll_misses: 0
     tx_queue_42_ll_cleaned: 0
     tx_queue_43_packets: 0
     tx_queue_43_bytes: 0
     tx_queue_43_ll_napi_yield: 0
     tx_queue_43_ll_misses: 0
     tx_queue_43_ll_cleaned: 0
     tx_queue_44_packets: 0
     tx_queue_44_bytes: 0
     tx_queue_44_ll_napi_yield: 0
     tx_queue_44_ll_misses: 0
     tx_queue_44_ll_cleaned: 0
     tx_queue_45_packets: 0
     tx_queue_45_bytes: 0
     tx_queue_45_ll_napi_yield: 0
     tx_queue_45_ll_misses: 0
     tx_queue_45_ll_cleaned: 0
     tx_queue_46_packets: 0
     tx_queue_46_bytes: 0
     tx_queue_46_ll_napi_yield: 0
     tx_queue_46_ll_misses: 0
     tx_queue_46_ll_cleaned: 0
     tx_queue_47_packets: 0
     tx_queue_47_bytes: 0
     tx_queue_47_ll_napi_yield: 0
     tx_queue_47_ll_misses: 0
     tx_queue_47_ll_cleaned: 0
     tx_queue_48_packets: 0
     tx_queue_48_bytes: 0
     tx_queue_48_ll_napi_yield: 0
     tx_queue_48_ll_misses: 0
     tx_queue_48_ll_cleaned: 0
     tx_queue_49_packets: 0
     tx_queue_49_bytes: 0
     tx_queue_49_ll_napi_yield: 0
     tx_queue_49_ll_misses: 0
     tx_queue_49_ll_cleaned: 0
     tx_queue_50_packets: 0
     tx_queue_50_bytes: 0
     tx_queue_50_ll_napi_yield: 0
     tx_queue_50_ll_misses: 0
     tx_queue_50_ll_cleaned: 0
     tx_queue_51_packets: 0
     tx_queue_51_bytes: 0
     tx_queue_51_ll_napi_yield: 0
     tx_queue_51_ll_misses: 0
     tx_queue_51_ll_cleaned: 0
     tx_queue_52_packets: 0
     tx_queue_52_bytes: 0
     tx_queue_52_ll_napi_yield: 0
     tx_queue_52_ll_misses: 0
     tx_queue_52_ll_cleaned: 0
     tx_queue_53_packets: 0
     tx_queue_53_bytes: 0
     tx_queue_53_ll_napi_yield: 0
     tx_queue_53_ll_misses: 0
     tx_queue_53_ll_cleaned: 0
     tx_queue_54_packets: 0
     tx_queue_54_bytes: 0
     tx_queue_54_ll_napi_yield: 0
     tx_queue_54_ll_misses: 0
     tx_queue_54_ll_cleaned: 0
     tx_queue_55_packets: 0
     tx_queue_55_bytes: 0
     tx_queue_55_ll_napi_yield: 0
     tx_queue_55_ll_misses: 0
     tx_queue_55_ll_cleaned: 0
     tx_queue_56_packets: 0
     tx_queue_56_bytes: 0
     tx_queue_56_ll_napi_yield: 0
     tx_queue_56_ll_misses: 0
     tx_queue_56_ll_cleaned: 0
     tx_queue_57_packets: 0
     tx_queue_57_bytes: 0
     tx_queue_57_ll_napi_yield: 0
     tx_queue_57_ll_misses: 0
     tx_queue_57_ll_cleaned: 0
     tx_queue_58_packets: 0
     tx_queue_58_bytes: 0
     tx_queue_58_ll_napi_yield: 0
     tx_queue_58_ll_misses: 0
     tx_queue_58_ll_cleaned: 0
     tx_queue_59_packets: 0
     tx_queue_59_bytes: 0
     tx_queue_59_ll_napi_yield: 0
     tx_queue_59_ll_misses: 0
     tx_queue_59_ll_cleaned: 0
     tx_queue_60_packets: 0
     tx_queue_60_bytes: 0
     tx_queue_60_ll_napi_yield: 0
     tx_queue_60_ll_misses: 0
     tx_queue_60_ll_cleaned: 0
     tx_queue_61_packets: 0
     tx_queue_61_bytes: 0
     tx_queue_61_ll_napi_yield: 0
     tx_queue_61_ll_misses: 0
     tx_queue_61_ll_cleaned: 0
     tx_queue_62_packets: 0
     tx_queue_62_bytes: 0
     tx_queue_62_ll_napi_yield: 0
     tx_queue_62_ll_misses: 0
     tx_queue_62_ll_cleaned: 0
     tx_queue_63_packets: 0
     tx_queue_63_bytes: 0
     tx_queue_63_ll_napi_yield: 0
     tx_queue_63_ll_misses: 0
     tx_queue_63_ll_cleaned: 0
     rx_queue_0_packets: 12663368
     rx_queue_0_bytes: 1124503898
     rx_queue_0_ll_poll_yield: 0
     rx_queue_0_ll_misses: 0
     rx_queue_0_ll_cleaned: 0
     rx_queue_1_packets: 407837
     rx_queue_1_bytes: 1236831192
     rx_queue_1_ll_poll_yield: 0
     rx_queue_1_ll_misses: 0
     rx_queue_1_ll_cleaned: 0
     rx_queue_2_packets: 315535
     rx_queue_2_bytes: 698385089
     rx_queue_2_ll_poll_yield: 0
     rx_queue_2_ll_misses: 0
     rx_queue_2_ll_cleaned: 0
     rx_queue_3_packets: 324687
     rx_queue_3_bytes: 908462524
     rx_queue_3_ll_poll_yield: 0
     rx_queue_3_ll_misses: 0
     rx_queue_3_ll_cleaned: 0
     rx_queue_4_packets: 336232
     rx_queue_4_bytes: 624945499
     rx_queue_4_ll_poll_yield: 0
     rx_queue_4_ll_misses: 0
     rx_queue_4_ll_cleaned: 0
     rx_queue_5_packets: 16612443019
     rx_queue_5_bytes: 23432566028010
     rx_queue_5_ll_poll_yield: 0
     rx_queue_5_ll_misses: 0
     rx_queue_5_ll_cleaned: 0
     rx_queue_6_packets: 180825
     rx_queue_6_bytes: 479101172
     rx_queue_6_ll_poll_yield: 0
     rx_queue_6_ll_misses: 0
     rx_queue_6_ll_cleaned: 0
     rx_queue_7_packets: 150967
     rx_queue_7_bytes: 714833110
     rx_queue_7_ll_poll_yield: 0
     rx_queue_7_ll_misses: 0
     rx_queue_7_ll_cleaned: 0
     rx_queue_8_packets: 204747
     rx_queue_8_bytes: 656826410
     rx_queue_8_ll_poll_yield: 0
     rx_queue_8_ll_misses: 0
     rx_queue_8_ll_cleaned: 0
     rx_queue_9_packets: 312422
     rx_queue_9_bytes: 546574545
     rx_queue_9_ll_poll_yield: 0
     rx_queue_9_ll_misses: 0
     rx_queue_9_ll_cleaned: 0
     rx_queue_10_packets: 195431
     rx_queue_10_bytes: 766694369
     rx_queue_10_ll_poll_yield: 0
     rx_queue_10_ll_misses: 0
     rx_queue_10_ll_cleaned: 0
     rx_queue_11_packets: 137409
     rx_queue_11_bytes: 492450961
     rx_queue_11_ll_poll_yield: 0
     rx_queue_11_ll_misses: 0
     rx_queue_11_ll_cleaned: 0
     rx_queue_12_packets: 18677072821
     rx_queue_12_bytes: 26254550440279
     rx_queue_12_ll_poll_yield: 0
     rx_queue_12_ll_misses: 0
     rx_queue_12_ll_cleaned: 0
     rx_queue_13_packets: 740467
     rx_queue_13_bytes: 1509370177
     rx_queue_13_ll_poll_yield: 0
     rx_queue_13_ll_misses: 0
     rx_queue_13_ll_cleaned: 0
     rx_queue_14_packets: 316540
     rx_queue_14_bytes: 1023447578
     rx_queue_14_ll_poll_yield: 0
     rx_queue_14_ll_misses: 0
     rx_queue_14_ll_cleaned: 0
     rx_queue_15_packets: 203549
     rx_queue_15_bytes: 767012950
     rx_queue_15_ll_poll_yield: 0
     rx_queue_15_ll_misses: 0
     rx_queue_15_ll_cleaned: 0
     rx_queue_16_packets: 234883
     rx_queue_16_bytes: 1556825349
     rx_queue_16_ll_poll_yield: 0
     rx_queue_16_ll_misses: 0
     rx_queue_16_ll_cleaned: 0
     rx_queue_17_packets: 348484
     rx_queue_17_bytes: 2888435196
     rx_queue_17_ll_poll_yield: 0
     rx_queue_17_ll_misses: 0
     rx_queue_17_ll_cleaned: 0
     rx_queue_18_packets: 332569
     rx_queue_18_bytes: 315819340
     rx_queue_18_ll_poll_yield: 0
     rx_queue_18_ll_misses: 0
     rx_queue_18_ll_cleaned: 0
     rx_queue_19_packets: 201989
     rx_queue_19_bytes: 302450318
     rx_queue_19_ll_poll_yield: 0
     rx_queue_19_ll_misses: 0
     rx_queue_19_ll_cleaned: 0
     rx_queue_20_packets: 129574
     rx_queue_20_bytes: 597561667
     rx_queue_20_ll_poll_yield: 0
     rx_queue_20_ll_misses: 0
     rx_queue_20_ll_cleaned: 0
     rx_queue_21_packets: 134571
     rx_queue_21_bytes: 807048376
     rx_queue_21_ll_poll_yield: 0
     rx_queue_21_ll_misses: 0
     rx_queue_21_ll_cleaned: 0
     rx_queue_22_packets: 114837
     rx_queue_22_bytes: 917772409
     rx_queue_22_ll_poll_yield: 0
     rx_queue_22_ll_misses: 0
     rx_queue_22_ll_cleaned: 0
     rx_queue_23_packets: 353595
     rx_queue_23_bytes: 594270790
     rx_queue_23_ll_poll_yield: 0
     rx_queue_23_ll_misses: 0
     rx_queue_23_ll_cleaned: 0
     rx_queue_24_packets: 0
     rx_queue_24_bytes: 0
     rx_queue_24_ll_poll_yield: 0
     rx_queue_24_ll_misses: 0
     rx_queue_24_ll_cleaned: 0
     rx_queue_25_packets: 0
     rx_queue_25_bytes: 0
     rx_queue_25_ll_poll_yield: 0
     rx_queue_25_ll_misses: 0
     rx_queue_25_ll_cleaned: 0
     rx_queue_26_packets: 0
     rx_queue_26_bytes: 0
     rx_queue_26_ll_poll_yield: 0
     rx_queue_26_ll_misses: 0
     rx_queue_26_ll_cleaned: 0
     rx_queue_27_packets: 0
     rx_queue_27_bytes: 0
     rx_queue_27_ll_poll_yield: 0
     rx_queue_27_ll_misses: 0
     rx_queue_27_ll_cleaned: 0
     rx_queue_28_packets: 0
     rx_queue_28_bytes: 0
     rx_queue_28_ll_poll_yield: 0
     rx_queue_28_ll_misses: 0
     rx_queue_28_ll_cleaned: 0
     rx_queue_29_packets: 0
     rx_queue_29_bytes: 0
     rx_queue_29_ll_poll_yield: 0
     rx_queue_29_ll_misses: 0
     rx_queue_29_ll_cleaned: 0
     rx_queue_30_packets: 0
     rx_queue_30_bytes: 0
     rx_queue_30_ll_poll_yield: 0
     rx_queue_30_ll_misses: 0
     rx_queue_30_ll_cleaned: 0
     rx_queue_31_packets: 0
     rx_queue_31_bytes: 0
     rx_queue_31_ll_poll_yield: 0
     rx_queue_31_ll_misses: 0
     rx_queue_31_ll_cleaned: 0
     rx_queue_32_packets: 0
     rx_queue_32_bytes: 0
     rx_queue_32_ll_poll_yield: 0
     rx_queue_32_ll_misses: 0
     rx_queue_32_ll_cleaned: 0
     rx_queue_33_packets: 0
     rx_queue_33_bytes: 0
     rx_queue_33_ll_poll_yield: 0
     rx_queue_33_ll_misses: 0
     rx_queue_33_ll_cleaned: 0
     rx_queue_34_packets: 0
     rx_queue_34_bytes: 0
     rx_queue_34_ll_poll_yield: 0
     rx_queue_34_ll_misses: 0
     rx_queue_34_ll_cleaned: 0
     rx_queue_35_packets: 0
     rx_queue_35_bytes: 0
     rx_queue_35_ll_poll_yield: 0
     rx_queue_35_ll_misses: 0
     rx_queue_35_ll_cleaned: 0
     rx_queue_36_packets: 0
     rx_queue_36_bytes: 0
     rx_queue_36_ll_poll_yield: 0
     rx_queue_36_ll_misses: 0
     rx_queue_36_ll_cleaned: 0
     rx_queue_37_packets: 0
     rx_queue_37_bytes: 0
     rx_queue_37_ll_poll_yield: 0
     rx_queue_37_ll_misses: 0
     rx_queue_37_ll_cleaned: 0
     rx_queue_38_packets: 0
     rx_queue_38_bytes: 0
     rx_queue_38_ll_poll_yield: 0
     rx_queue_38_ll_misses: 0
     rx_queue_38_ll_cleaned: 0
     rx_queue_39_packets: 0
     rx_queue_39_bytes: 0
     rx_queue_39_ll_poll_yield: 0
     rx_queue_39_ll_misses: 0
     rx_queue_39_ll_cleaned: 0
     rx_queue_40_packets: 0
     rx_queue_40_bytes: 0
     rx_queue_40_ll_poll_yield: 0
     rx_queue_40_ll_misses: 0
     rx_queue_40_ll_cleaned: 0
     rx_queue_41_packets: 0
     rx_queue_41_bytes: 0
     rx_queue_41_ll_poll_yield: 0
     rx_queue_41_ll_misses: 0
     rx_queue_41_ll_cleaned: 0
     rx_queue_42_packets: 0
     rx_queue_42_bytes: 0
     rx_queue_42_ll_poll_yield: 0
     rx_queue_42_ll_misses: 0
     rx_queue_42_ll_cleaned: 0
     rx_queue_43_packets: 0
     rx_queue_43_bytes: 0
     rx_queue_43_ll_poll_yield: 0
     rx_queue_43_ll_misses: 0
     rx_queue_43_ll_cleaned: 0
     rx_queue_44_packets: 0
     rx_queue_44_bytes: 0
     rx_queue_44_ll_poll_yield: 0
     rx_queue_44_ll_misses: 0
     rx_queue_44_ll_cleaned: 0
     rx_queue_45_packets: 0
     rx_queue_45_bytes: 0
     rx_queue_45_ll_poll_yield: 0
     rx_queue_45_ll_misses: 0
     rx_queue_45_ll_cleaned: 0
     rx_queue_46_packets: 0
     rx_queue_46_bytes: 0
     rx_queue_46_ll_poll_yield: 0
     rx_queue_46_ll_misses: 0
     rx_queue_46_ll_cleaned: 0
     rx_queue_47_packets: 0
     rx_queue_47_bytes: 0
     rx_queue_47_ll_poll_yield: 0
     rx_queue_47_ll_misses: 0
     rx_queue_47_ll_cleaned: 0
     rx_queue_48_packets: 0
     rx_queue_48_bytes: 0
     rx_queue_48_ll_poll_yield: 0
     rx_queue_48_ll_misses: 0
     rx_queue_48_ll_cleaned: 0
     rx_queue_49_packets: 0
     rx_queue_49_bytes: 0
     rx_queue_49_ll_poll_yield: 0
     rx_queue_49_ll_misses: 0
     rx_queue_49_ll_cleaned: 0
     rx_queue_50_packets: 0
     rx_queue_50_bytes: 0
     rx_queue_50_ll_poll_yield: 0
     rx_queue_50_ll_misses: 0
     rx_queue_50_ll_cleaned: 0
     rx_queue_51_packets: 0
     rx_queue_51_bytes: 0
     rx_queue_51_ll_poll_yield: 0
     rx_queue_51_ll_misses: 0
     rx_queue_51_ll_cleaned: 0
     rx_queue_52_packets: 0
     rx_queue_52_bytes: 0
     rx_queue_52_ll_poll_yield: 0
     rx_queue_52_ll_misses: 0
     rx_queue_52_ll_cleaned: 0
     rx_queue_53_packets: 0
     rx_queue_53_bytes: 0
     rx_queue_53_ll_poll_yield: 0
     rx_queue_53_ll_misses: 0
     rx_queue_53_ll_cleaned: 0
     rx_queue_54_packets: 0
     rx_queue_54_bytes: 0
     rx_queue_54_ll_poll_yield: 0
     rx_queue_54_ll_misses: 0
     rx_queue_54_ll_cleaned: 0
     rx_queue_55_packets: 0
     rx_queue_55_bytes: 0
     rx_queue_55_ll_poll_yield: 0
     rx_queue_55_ll_misses: 0
     rx_queue_55_ll_cleaned: 0
     rx_queue_56_packets: 0
     rx_queue_56_bytes: 0
     rx_queue_56_ll_poll_yield: 0
     rx_queue_56_ll_misses: 0
     rx_queue_56_ll_cleaned: 0
     rx_queue_57_packets: 0
     rx_queue_57_bytes: 0
     rx_queue_57_ll_poll_yield: 0
     rx_queue_57_ll_misses: 0
     rx_queue_57_ll_cleaned: 0
     rx_queue_58_packets: 0
     rx_queue_58_bytes: 0
     rx_queue_58_ll_poll_yield: 0
     rx_queue_58_ll_misses: 0
     rx_queue_58_ll_cleaned: 0
     rx_queue_59_packets: 0
     rx_queue_59_bytes: 0
     rx_queue_59_ll_poll_yield: 0
     rx_queue_59_ll_misses: 0
     rx_queue_59_ll_cleaned: 0
     rx_queue_60_packets: 0
     rx_queue_60_bytes: 0
     rx_queue_60_ll_poll_yield: 0
     rx_queue_60_ll_misses: 0
     rx_queue_60_ll_cleaned: 0
     rx_queue_61_packets: 0
     rx_queue_61_bytes: 0
     rx_queue_61_ll_poll_yield: 0
     rx_queue_61_ll_misses: 0
     rx_queue_61_ll_cleaned: 0
     rx_queue_62_packets: 0
     rx_queue_62_bytes: 0
     rx_queue_62_ll_poll_yield: 0
     rx_queue_62_ll_misses: 0
     rx_queue_62_ll_cleaned: 0
     rx_queue_63_packets: 0
     rx_queue_63_bytes: 0
     rx_queue_63_ll_poll_yield: 0
     rx_queue_63_ll_misses: 0
     rx_queue_63_ll_cleaned: 0
     tx_pb_0_pxon: 0
     tx_pb_0_pxoff: 0
     tx_pb_1_pxon: 0
     tx_pb_1_pxoff: 0
     tx_pb_2_pxon: 0
     tx_pb_2_pxoff: 0
     tx_pb_3_pxon: 0
     tx_pb_3_pxoff: 0
     tx_pb_4_pxon: 0
     tx_pb_4_pxoff: 0
     tx_pb_5_pxon: 0
     tx_pb_5_pxoff: 0
     tx_pb_6_pxon: 0
     tx_pb_6_pxoff: 0
     tx_pb_7_pxon: 0
     tx_pb_7_pxoff: 0
     rx_pb_0_pxon: 0
     rx_pb_0_pxoff: 0
     rx_pb_1_pxon: 0
     rx_pb_1_pxoff: 0
     rx_pb_2_pxon: 0
     rx_pb_2_pxoff: 0
     rx_pb_3_pxon: 0
     rx_pb_3_pxoff: 0
     rx_pb_4_pxon: 0
     rx_pb_4_pxoff: 0
     rx_pb_5_pxon: 0
     rx_pb_5_pxoff: 0
     rx_pb_6_pxon: 0
     rx_pb_6_pxoff: 0
     rx_pb_7_pxon: 0
     rx_pb_7_pxoff: 0
