vhost-24101 11.3
vhost-24101 11.5
vhost-24101 13.5
vhost-24101 13.5
vhost-24101 13.5
vhost-24101 15.1
vhost-24101 15.4
vhost-24101 15.4
vhost-24101 15.4
vhost-24101 15.4
vhost-24101 15.4
vhost-24101 15.4
vhost-24101 15.4
vhost-24101 15.7
vhost-24101 17.3
vhost-24101 17.3
vhost-24101 17.6
vhost-24101 18.9
vhost-24101 18.9
vhost-24101 19.2
vhost-24101 19.2
vhost-24101 19.2
vhost-24101 19.2
vhost-24101 19.2
vhost-24101 19.2
vhost-24101 19.6
vhost-24101 21.2
vhost-24101 21.2
vhost-24101 21.2
vhost-24101 21.6
vhost-24101 23.1
vhost-24101 23.1
vhost-24101 23.1
vhost-24101 23.1
vhost-24101 26.9
vhost-24101 30.8
