vhost-24686 11.5
vhost-24686 13.2
vhost-24686 13.5
vhost-24686 13.5
vhost-24686 15.4
vhost-24686 15.4
vhost-24686 15.4
vhost-24686 15.4
vhost-24686 15.4
vhost-24686 15.7
vhost-24686 17.3
vhost-24686 17.3
vhost-24686 17.3
vhost-24686 17.6
vhost-24686 19.2
vhost-24686 19.2
vhost-24686 19.2
vhost-24686 21.2
vhost-24686 21.2
vhost-24686 21.2
vhost-24686 23.1
vhost-24686 23.1
vhost-24686 23.1
vhost-24686 23.1
vhost-24686 24.5
vhost-24686 25.0
vhost-24686 25.9
vhost-24686 26.9
vhost-24686 26.9
vhost-24686 26.9
vhost-24686 26.9
vhost-24686 26.9
vhost-24686 26.9
vhost-24686 28.8
vhost-24686 28.8
vhost-24686 30.8
vhost-24686 30.8
vhost-24686 30.8
vhost-24686 32.7
vhost-24686 32.7
vhost-24686 34.6
vhost-24686 34.6
vhost-24686 35.3
vhost-24686 38.5
vhost-24686 47.1
