vhost-23784 11.5
vhost-23784 13.5
vhost-23784 13.7
vhost-23784 15.1
vhost-23784 15.4
vhost-23784 15.4
vhost-23784 15.4
vhost-23784 17.0
vhost-23784 17.3
vhost-23784 17.3
vhost-23784 17.3
vhost-23784 17.3
vhost-23784 17.3
vhost-23784 17.3
vhost-23784 17.6
vhost-23784 19.2
vhost-23784 19.2
vhost-23784 19.2
vhost-23784 19.2
vhost-23784 19.2
vhost-23784 19.2
vhost-23784 19.2
vhost-23784 19.2
vhost-23784 19.2
vhost-23784 19.2
vhost-23784 21.2
vhost-23784 23.1
vhost-23784 28.8
vhost-23784 40.4
vhost-23784 40.4
vhost-23784 9.6
