vhost-23533 11.1
vhost-23533 11.3
vhost-23533 11.3
vhost-23533 11.5
vhost-23533 11.5
vhost-23533 11.5
vhost-23533 11.5
vhost-23533 11.5
vhost-23533 11.5
vhost-23533 11.5
vhost-23533 11.5
vhost-23533 11.5
vhost-23533 11.5
vhost-23533 11.5
vhost-23533 11.5
vhost-23533 11.5
vhost-23533 11.5
vhost-23533 11.5
vhost-23533 11.8
vhost-23533 11.8
vhost-23533 11.8
vhost-23533 13.5
vhost-23533 13.5
vhost-23533 13.5
vhost-23533 13.5
vhost-23533 13.5
vhost-23533 13.5
vhost-23533 13.5
vhost-23533 13.7
vhost-23533 15.4
vhost-23533 15.4
vhost-23533 15.4
vhost-23533 17.3
vhost-23533 17.6
vhost-23533 19.2
vhost-23533 19.2
vhost-23533 19.2
vhost-23533 19.2
vhost-23533 26.9
vhost-23533 55.8
vhost-23533 88.5
vhost-23533 9.6
vhost-23533 9.6
