vhost-24877 11.5
vhost-24877 13.5
vhost-24877 13.5
vhost-24877 13.5
vhost-24877 15.4
vhost-24877 15.4
vhost-24877 15.4
vhost-24877 15.4
vhost-24877 15.4
vhost-24877 15.4
vhost-24877 15.4
vhost-24877 15.4
vhost-24877 15.4
vhost-24877 15.7
vhost-24877 17.0
vhost-24877 17.3
vhost-24877 17.3
vhost-24877 17.3
vhost-24877 17.3
vhost-24877 17.3
vhost-24877 17.3
vhost-24877 17.3
vhost-24877 17.3
vhost-24877 17.3
vhost-24877 18.5
vhost-24877 19.2
vhost-24877 19.2
vhost-24877 19.6
vhost-24877 19.6
vhost-24877 20.8
vhost-24877 20.8
vhost-24877 21.2
vhost-24877 21.6
vhost-24877 26.9
vhost-24877 28.8
vhost-24877 30.2
vhost-24877 30.8
vhost-24877 34.6
vhost-24877 38.5
vhost-24877 49.0
vhost-24877 78.8
