vhost-12361 0.0
vhost-12361 13.5
vhost-12361 15.4
vhost-12361 15.4
vhost-12361 30.8
vhost-12361 30.8
vhost-12361 30.8
vhost-12361 31.4
vhost-12361 32.1
vhost-12361 32.7
vhost-12361 32.7
vhost-12361 32.7
vhost-12361 32.7
vhost-12361 32.7
vhost-12361 32.7
vhost-12361 32.7
vhost-12361 32.7
vhost-12361 32.7
vhost-12361 32.7
vhost-12361 32.7
vhost-12361 33.3
vhost-12361 33.3
vhost-12361 33.3
vhost-12361 33.3
vhost-12361 34.6
vhost-12361 34.6
vhost-12361 34.6
vhost-12361 34.6
vhost-12361 34.6
vhost-12361 35.3
vhost-12361 35.3
vhost-12361 35.3
vhost-12361 35.3
vhost-12361 35.3
vhost-12361 36.5
vhost-12361 36.5
vhost-12361 36.5
vhost-12361 36.5
vhost-12361 36.5
vhost-12361 37.3
vhost-12361 37.3
vhost-12361 37.3
vhost-12361 38.5
vhost-12361 38.5
vhost-12361 38.5
vhost-12361 38.5
vhost-12361 38.5
