vhost-13087 17.3
vhost-13087 17.3
vhost-13087 17.3
vhost-13087 17.3
vhost-13087 17.3
vhost-13087 17.6
vhost-13087 19.2
vhost-13087 19.2
vhost-13087 19.2
vhost-13087 19.2
vhost-13087 19.2
vhost-13087 19.6
vhost-13087 21.2
vhost-13087 21.2
vhost-13087 21.2
vhost-13087 21.2
vhost-13087 21.2
vhost-13087 21.2
vhost-13087 21.2
vhost-13087 21.6
vhost-13087 22.6
vhost-13087 23.1
vhost-13087 23.1
vhost-13087 23.1
vhost-13087 23.1
vhost-13087 23.1
vhost-13087 23.1
vhost-13087 23.1
vhost-13087 23.5
vhost-13087 23.5
