ksoftirqd/0 0.0
ksoftirqd/1 0.0
ksoftirqd/1 0.0
ksoftirqd/10 0.0
ksoftirqd/10 0.0
ksoftirqd/11 0.0
ksoftirqd/1 1.9
ksoftirqd/1 1.9
ksoftirqd/12 0.0
ksoftirqd/12 0.0
ksoftirqd/13 0.0
ksoftirqd/14 0.0
ksoftirqd/14 0.0
ksoftirqd/14 0.0
ksoftirqd/15 0.0
ksoftirqd/15 2.0
ksoftirqd/16 0.0
ksoftirqd/16 0.0
ksoftirqd/16 0.0
ksoftirqd/17 0.0
ksoftirqd/17 0.0
ksoftirqd/17 0.0
ksoftirqd/17 1.9
ksoftirqd/2 1.9
ksoftirqd/3 0.0
ksoftirqd/3 0.0
ksoftirqd/4 0.0
ksoftirqd/5 0.0
ksoftirqd/5 0.0
ksoftirqd/5 0.0
ksoftirqd/5 2.0
