01:27:34 PM      eth0     10.00      9.00      0.88      2.31      0.00      0.00      0.00
01:27:35 PM      eth0      5.00      0.00      0.29      0.00      0.00      0.00      0.00
01:27:36 PM      eth0      4.00      0.00      0.23      0.00      0.00      0.00      0.00
01:27:37 PM      eth0      6.00      0.00      0.63      0.00      0.00      0.00      0.00
01:27:38 PM      eth0      5.00      0.00      0.29      0.00      0.00      0.00      0.00
01:27:39 PM      eth0      6.00      0.00      0.35      0.00      0.00      0.00      0.00
01:27:40 PM      eth0     13.00     11.00      2.21      2.90      0.00      0.00      0.00
01:27:41 PM      eth0      4.00      0.00      0.23      0.00      0.00      0.00      0.00
01:27:42 PM      eth0      4.00      0.00      0.23      0.00      0.00      0.00      0.00
01:27:43 PM      eth0      6.00      0.00      1.14      0.00      0.00      0.00      0.00
01:27:44 PM      eth0     23.00     24.00     44.00      6.27      0.00      0.00      0.00
01:27:45 PM      eth0      5.00      0.00      0.29      0.00      0.00      0.00      0.00
01:27:46 PM      eth0      5.00      0.00      0.29      0.00      0.00      0.00      0.00
01:27:47 PM      eth0      6.00      0.00      0.87      0.00      0.00      0.00      0.00
01:27:48 PM      eth0    211.00    267.00    114.09     88.69      0.00      0.00      0.00
01:27:49 PM      eth0     20.00     14.00     11.94      3.11      0.00      0.00      0.00
01:27:50 PM      eth0     14.00     11.00      2.26      2.90      0.00      0.00      0.00
01:27:51 PM      eth0      6.00      0.00      0.87      0.00      0.00      0.00      0.00
01:27:52 PM      eth0      4.00      0.00      0.23      0.00      0.00      0.00      0.00
01:27:53 PM      eth0     12.00     10.00      2.34      2.65      0.00      0.00      0.00
01:27:54 PM      eth0  14808.00  69491.00   1692.93  52646.06      0.00      0.00      0.00
01:27:55 PM      eth0  27827.00 140979.00   3177.74 106813.68      0.00      0.00      0.00
01:27:56 PM      eth0  15104.00  56291.00   1745.50  42622.80      0.00      0.00      0.00
01:27:57 PM      eth0  20818.00  76677.00   2395.24  58089.72      0.00      0.00      0.00
01:27:58 PM      eth0  26415.00  97519.00   3036.31  73877.47      0.00      0.00      0.00
01:27:59 PM      eth0  23744.00  77100.00   2736.10  58406.64      0.00      0.00      0.00
01:28:00 PM      eth0  29088.00  91498.00   3349.61  69313.38      0.00      0.00      0.00
01:28:01 PM      eth0  26250.00  82545.00   3027.38  62534.91      0.00      0.00      0.00
01:28:02 PM      eth0  33274.00 103850.00   3833.57  78679.76      0.00      0.00      0.00
01:28:03 PM      eth0  35291.00 108691.00   4070.30  82346.15      0.00      0.00      0.00
01:28:04 PM      eth0  39632.00 122873.00   4563.18  93093.82      0.00      0.00      0.00
01:28:05 PM      eth0  41744.00 131557.00   4809.37  99674.29      0.00      0.00      0.00
01:28:06 PM      eth0  43545.00 132703.00   5022.99 100546.93      0.00      0.00      0.00
01:28:07 PM      eth0  44665.00 137275.00   5155.89 104003.80      0.00      0.00      0.00
01:28:08 PM      eth0  46841.00 143868.00   5400.27 109012.20      0.00      0.00      0.00
01:28:09 PM      eth0  48586.00 146728.00   5608.90 111165.49      0.00      0.00      0.00
01:28:10 PM      eth0  51592.00 156681.00   5954.45 118718.01      0.00      0.00      0.00
01:28:11 PM      eth0  50416.00 152376.00   5814.45 115472.44      0.00      0.00      0.00
01:28:12 PM      eth0  55281.00 168510.00   6368.42 127698.42      0.00      0.00      0.00
01:28:13 PM      eth0  57019.00 174612.00   6570.00 132323.16      0.00      0.00      0.00
01:28:14 PM      eth0  54027.00 163575.00   6230.71 123959.76      0.00      0.00      0.00
01:28:15 PM      eth0  53528.00 161783.00   6171.15 122601.27      0.00      0.00      0.00
01:28:16 PM      eth0  57356.00 172930.00   6611.06 131049.44      0.00      0.00      0.00
01:28:17 PM      eth0  56407.00 169245.00   6503.13 128254.96      0.00      0.00      0.00
01:28:18 PM      eth0  52851.00 158531.00   6091.07 120138.82      0.00      0.00      0.00
01:28:19 PM      eth0  55656.00 167018.00   6419.52 126561.50      0.00      0.00      0.00
01:28:20 PM      eth0  51897.00 157362.00   5983.31 119245.48      0.00      0.00      0.00
01:28:21 PM      eth0  50659.00 153230.00   5842.75 116118.27      0.00      0.00      0.00
01:28:22 PM      eth0  51018.00 152044.00   5886.12 115221.28      0.00      0.00      0.00
01:28:23 PM      eth0  52712.00 158381.00   6079.89 120021.04      0.00      0.00      0.00
01:28:24 PM      eth0  55068.00 167396.00   6347.78 126854.78      0.00      0.00      0.00
01:28:25 PM      eth0  59178.00 178966.00   6822.36 135622.42      0.00      0.00      0.00
01:28:26 PM      eth0  57064.00 174437.00   6572.14 132192.01      0.00      0.00      0.00
01:28:27 PM      eth0  55613.00 169783.00   6409.40 128662.96      0.00      0.00      0.00
01:28:28 PM      eth0  56906.00 171173.00   6567.21 129717.76      0.00      0.00      0.00
01:28:29 PM      eth0  54846.00 167513.00   6321.04 126944.08      0.00      0.00      0.00
01:28:30 PM      eth0  57624.00 172871.00   6648.11 130998.37      0.00      0.00      0.00
01:28:31 PM      eth0  60197.00 183022.00   6940.51 138695.09      0.00      0.00      0.00
01:28:32 PM      eth0  58276.00 176257.00   6717.44 133568.00      0.00      0.00      0.00
01:28:33 PM      eth0  57354.00 173308.00   6612.12 131334.97      0.00      0.00      0.00
01:28:34 PM      eth0  57819.00 177263.00   6663.88 134326.49      0.00      0.00      0.00
01:28:35 PM      eth0  57522.00 171643.00   6635.11 130072.69      0.00      0.00      0.00
01:28:36 PM      eth0  52282.00 157878.00   6031.01 119640.59      0.00      0.00      0.00
01:28:37 PM      eth0  59352.00 179685.00   6842.75 136166.94      0.00      0.00      0.00
01:28:38 PM      eth0  57188.00 172374.00   6594.92 130627.17      0.00      0.00      0.00
01:28:39 PM      eth0  57823.00 176308.00   6661.92 133608.46      0.00      0.00      0.00
01:28:40 PM      eth0  54953.00 166190.00   6335.75 125933.19      0.00      0.00      0.00
01:28:41 PM      eth0  60331.00 181554.00   6954.15 137583.89      0.00      0.00      0.00
01:28:42 PM      eth0  52989.00 160535.00   6107.00 121654.76      0.00      0.00      0.00
01:28:43 PM      eth0  53900.00 162950.00   6215.16 123485.55      0.00      0.00      0.00
01:28:44 PM      eth0  54945.00 164823.00   6339.93 124904.47      0.00      0.00      0.00
01:28:45 PM      eth0  55024.00 165697.00   6346.46 125565.20      0.00      0.00      0.00
01:28:46 PM      eth0  54609.00 163271.00   6299.16 123729.74      0.00      0.00      0.00
01:28:47 PM      eth0  54517.00 163933.00   6288.10 124230.24      0.00      0.00      0.00
01:28:48 PM      eth0  51335.00 156432.00   6002.52 118457.83      0.00      0.00      0.00
01:28:49 PM      eth0  55474.00 167815.00   6409.86 127139.45      0.00      0.00      0.00
01:28:50 PM      eth0  46909.00 141353.00   5415.25 107113.69      0.00      0.00      0.00
01:28:51 PM      eth0  53160.00 160790.00   6135.09 121847.32      0.00      0.00      0.00
01:28:52 PM      eth0  53914.00 163089.00   6217.00 123590.24      0.00      0.00      0.00
01:28:53 PM      eth0  57320.00 172153.00   6612.62 130457.57      0.00      0.00      0.00
01:28:54 PM      eth0  53532.00 161017.00   6173.74 122018.69      0.00      0.00      0.00
01:28:55 PM      eth0  49516.00 150309.00   5710.14 113899.53      0.00      0.00      0.00
01:28:56 PM      eth0  50213.00 151798.00   5802.80 115020.78      0.00      0.00      0.00
01:28:57 PM      eth0  50261.00 151742.00   5804.12 114991.98      0.00      0.00      0.00
01:28:58 PM      eth0  52648.00 160543.00   6078.45 121662.05      0.00      0.00      0.00
01:28:59 PM      eth0  55414.00 165994.00   6406.83 125792.33      0.00      0.00      0.00
01:29:00 PM      eth0  54826.00 165925.00   6320.93 125733.27      0.00      0.00      0.00
01:29:01 PM      eth0  50339.00 153117.00   5812.87 116035.26      0.00      0.00      0.00
01:29:02 PM      eth0  54134.00 163307.00   6249.36 123754.03      0.00      0.00      0.00
01:29:03 PM      eth0  49346.00 149287.00   5697.03 113131.85      0.00      0.00      0.00
01:29:04 PM      eth0  47780.00 145082.00   5519.86 109939.80      0.00      0.00      0.00
01:29:05 PM      eth0  50366.00 151582.00   5813.10 114870.73      0.00      0.00      0.00
01:29:06 PM      eth0  54410.00 161155.00   6284.11 122125.99      0.00      0.00      0.00
01:29:07 PM      eth0  53279.00 160029.00   6144.92 121271.26      0.00      0.00      0.00
01:29:08 PM      eth0  49956.00 149969.00   5769.63 113647.71      0.00      0.00      0.00
01:29:09 PM      eth0  54516.00 162305.00   6290.57 122996.14      0.00      0.00      0.00
01:29:10 PM      eth0  55948.00 169440.00   6453.24 128397.60      0.00      0.00      0.00
01:29:11 PM      eth0  50639.00 153413.00   5841.76 116258.43      0.00      0.00      0.00
01:29:12 PM      eth0  56207.00 169577.00   6482.90 128506.28      0.00      0.00      0.00
01:29:13 PM      eth0  48558.00 148595.00   5605.41 112606.96      0.00      0.00      0.00
01:29:14 PM      eth0  52556.00 157781.00   6067.18 119567.75      0.00      0.00      0.00
01:29:15 PM      eth0  54463.00 164462.00   6285.02 124631.36      0.00      0.00      0.00
01:29:16 PM      eth0  52406.00 155244.00   6047.36 117644.93      0.00      0.00      0.00
01:29:17 PM      eth0  54134.00 163875.00   6248.12 124186.28      0.00      0.00      0.00
01:29:18 PM      eth0  55355.00 165626.00   6389.23 125513.45      0.00      0.00      0.00
01:29:19 PM      eth0  58804.00 177049.00   6778.61 134169.22      0.00      0.00      0.00
01:29:20 PM      eth0  50752.00 151612.00   5859.68 114888.76      0.00      0.00      0.00
01:29:21 PM      eth0  50613.00 151556.00   5844.99 114849.64      0.00      0.00      0.00
01:29:22 PM      eth0  56774.00 170000.00   6552.29 128826.79      0.00      0.00      0.00
01:29:23 PM      eth0  50810.00 153055.00   5866.25 115986.32      0.00      0.00      0.00
01:29:24 PM      eth0  49646.00 151008.00   5728.29 114434.87      0.00      0.00      0.00
01:29:25 PM      eth0  46245.00 139930.00   5338.37 106040.70      0.00      0.00      0.00
01:29:26 PM      eth0  49261.00 147870.00   5690.69 112056.40      0.00      0.00      0.00
01:29:27 PM      eth0  54872.00 164699.00   6329.68 124811.68      0.00      0.00      0.00
01:29:28 PM      eth0  51569.00 152923.00   5955.88 115883.57      0.00      0.00      0.00
01:29:29 PM      eth0  51981.00 156786.00   6000.45 118814.39      0.00      0.00      0.00
01:29:30 PM      eth0  51083.00 152922.00   5894.88 115880.10      0.00      0.00      0.00
01:29:31 PM      eth0  51870.00 155743.00   5988.68 118024.23      0.00      0.00      0.00
01:29:32 PM      eth0  48932.00 148990.00   5646.44 112906.48      0.00      0.00      0.00
01:29:33 PM      eth0  49690.00 149832.00   5735.73 113543.23      0.00      0.00      0.00
01:29:34 PM      eth0  50247.00 151963.00   5797.72 115154.98      0.00      0.00      0.00
01:29:35 PM      eth0  51411.00 154180.00   5936.29 116839.53      0.00      0.00      0.00
01:29:36 PM      eth0  56718.00 171403.00   6541.75 129890.75      0.00      0.00      0.00
01:29:37 PM      eth0  43862.00 131958.00   5067.34 100000.22      0.00      0.00      0.00
01:29:38 PM      eth0  50414.00 150544.00   5819.66 114082.74      0.00      0.00      0.00
01:29:39 PM      eth0  49588.00 150896.00   5720.39 114351.42      0.00      0.00      0.00
01:29:40 PM      eth0  51050.00 154585.00   5889.47 117141.07      0.00      0.00      0.00
01:29:41 PM      eth0  47560.00 144164.00   5490.91 109247.95      0.00      0.00      0.00
01:29:42 PM      eth0  44621.00 135263.00   5158.21 102503.27      0.00      0.00      0.00
01:29:43 PM      eth0  42404.00 128834.00   4900.96  97630.68      0.00      0.00      0.00
01:29:44 PM      eth0  51540.00 154684.00   5946.67 117220.76      0.00      0.00      0.00
01:29:45 PM      eth0  46291.00 138569.00   5350.73 105008.70      0.00      0.00      0.00
01:29:46 PM      eth0  47422.00 141760.00   5477.74 107427.55      0.00      0.00      0.00
01:29:47 PM      eth0  40981.00 123811.00   4782.94  93812.94      0.00      0.00      0.00
01:29:48 PM      eth0  52047.00 154633.00   6009.68 117182.60      0.00      0.00      0.00
01:29:49 PM      eth0  53163.00 159572.00   6132.28 120925.66      0.00      0.00      0.00
01:29:50 PM      eth0  51769.00 156754.00   6047.80 118744.33      0.00      0.00      0.00
01:29:51 PM      eth0  50487.00 151898.00   5865.13 115030.97      0.00      0.00      0.00
01:29:52 PM      eth0  45737.00 136563.00   5282.79 103488.71      0.00      0.00      0.00
01:29:53 PM      eth0  47044.00 141507.00   5427.77 107235.11      0.00      0.00      0.00
01:29:54 PM      eth0  51639.00 156913.00   5963.62 118909.96      0.00      0.00      0.00
01:29:55 PM      eth0  52130.00 156405.00   6015.70 118525.00      0.00      0.00      0.00
01:29:56 PM      eth0  45282.00 136137.00   5240.69 103149.03      0.00      0.00      0.00
01:29:57 PM      eth0  52193.00 156566.00   6027.25 118647.52      0.00      0.00      0.00
01:29:58 PM      eth0  50052.00 151372.00   5775.44 114711.59      0.00      0.00      0.00
01:29:59 PM      eth0  46855.00 142281.00   5413.94 107822.81      0.00      0.00      0.00
01:30:00 PM      eth0  45750.00 139860.00   5282.46 105980.39      0.00      0.00      0.00
01:30:01 PM      eth0  53332.00 160752.00   6154.32 121820.42      0.00      0.00      0.00
01:30:02 PM      eth0  50719.00 151983.00   5849.82 115173.90      0.00      0.00      0.00
01:30:03 PM      eth0  51138.00 154580.00   5902.29 117142.11      0.00      0.00      0.00
01:30:04 PM      eth0  55898.00 166850.00   6450.17 126437.25      0.00      0.00      0.00
01:30:05 PM      eth0  49922.00 149585.00   5765.14 113356.66      0.00      0.00      0.00
01:30:06 PM      eth0  49546.00 147403.00   5722.30 111704.50      0.00      0.00      0.00
01:30:07 PM      eth0  45667.00 137751.00   5280.48 104388.68      0.00      0.00      0.00
01:30:08 PM      eth0  52740.00 159191.00   6086.60 120634.93      0.00      0.00      0.00
01:30:09 PM      eth0  52992.00 158566.00   6119.75 120162.66      0.00      0.00      0.00
01:30:10 PM      eth0  49177.00 148027.00   5676.56 112170.35      0.00      0.00      0.00
01:30:11 PM      eth0  48098.00 145140.00   5553.50 109988.91      0.00      0.00      0.00
01:30:12 PM      eth0  50383.00 151863.00   5815.27 115083.01      0.00      0.00      0.00
01:30:13 PM      eth0  52133.00 157041.00   6019.28 119007.49      0.00      0.00      0.00
01:30:14 PM      eth0  51191.00 153704.00   5913.03 116478.07      0.00      0.00      0.00
01:30:15 PM      eth0  53192.00 160172.00   6140.13 121379.23      0.00      0.00      0.00
01:30:16 PM      eth0  48656.00 150220.00   5615.60 113838.59      0.00      0.00      0.00
01:30:17 PM      eth0  45302.00 137631.00   5233.66 104297.82      0.00      0.00      0.00
01:30:18 PM      eth0  48682.00 148105.00   5622.56 112235.41      0.00      0.00      0.00
01:30:19 PM      eth0  44879.00 134954.00   5183.38 102267.79      0.00      0.00      0.00
01:30:20 PM      eth0  43035.00 130162.00   4970.33  98633.68      0.00      0.00      0.00
01:30:21 PM      eth0  42209.00 128141.00   4875.84  97106.13      0.00      0.00      0.00
01:30:22 PM      eth0  55128.00 165505.00   6355.68 125422.48      0.00      0.00      0.00
01:30:23 PM      eth0  52652.00 156119.00   6088.44 118308.31      0.00      0.00      0.00
01:30:24 PM      eth0  51191.00 152795.00   5910.80 115788.97      0.00      0.00      0.00
01:30:25 PM      eth0  51341.00 154460.00   5924.43 117051.72      0.00      0.00      0.00
01:30:26 PM      eth0  52607.00 158326.00   6069.09 119980.08      0.00      0.00      0.00
01:30:27 PM      eth0  45668.00 138020.00   5273.39 104593.28      0.00      0.00      0.00
01:30:28 PM      eth0  50716.00 153177.00   5853.04 116078.78      0.00      0.00      0.00
01:30:29 PM      eth0  50149.00 151283.00   5790.76 114644.24      0.00      0.00      0.00
01:30:30 PM      eth0  46453.00 140242.00   5367.21 106269.71      0.00      0.00      0.00
01:30:31 PM      eth0  54104.00 161935.00   6244.17 122715.70      0.00      0.00      0.00
01:30:32 PM      eth0  48244.00 145166.00   5568.82 110007.27      0.00      0.00      0.00
01:30:33 PM      eth0  41262.00 126211.00   4772.92  95642.27      0.00      0.00      0.00
01:30:34 PM      eth0  45875.00 138434.00   5298.01 104903.20      0.00      0.00      0.00
01:30:35 PM      eth0  47908.00 144155.00   5532.82 109243.09      0.00      0.00      1.00
01:30:36 PM      eth0  46715.00 141506.00   5390.81 107233.63      0.00      0.00      0.00
01:30:37 PM      eth0  45915.00 138122.00   5301.81 104670.58      0.00      0.00      0.00
01:30:38 PM      eth0  51789.00 154375.00   5980.41 116986.76      0.00      0.00      0.00
01:30:39 PM      eth0  48294.00 146875.00   5572.23 111303.59      0.00      0.00      0.00
01:30:40 PM      eth0  51190.00 152660.00   5913.09 115681.74      0.00      0.00      0.00
01:30:41 PM      eth0  52744.00 158105.00   6084.04 119813.28      0.00      0.00      0.00
01:30:42 PM      eth0  52626.00 158994.00   6072.97 120487.88      0.00      0.00      0.00
01:30:43 PM      eth0  46004.00 137389.00   5312.62 104113.43      0.00      0.00      0.00
01:30:44 PM      eth0  48723.00 146343.00   5626.28 110899.89      0.00      0.00      0.00
01:30:45 PM      eth0  46691.00 139755.00   5399.46 105907.42      0.00      0.00      0.00
01:30:46 PM      eth0  42835.00 130891.00   4945.10  99190.17      0.00      0.00      0.00
01:30:47 PM      eth0  52267.00 157629.00   6031.38 119452.64      0.00      0.00      0.00
01:30:48 PM      eth0  53833.00 161196.00   6214.84 122156.34      0.00      0.00      0.00
01:30:49 PM      eth0  48705.00 145473.00   5623.86 110240.54      0.00      0.00      0.00
01:30:50 PM      eth0  50089.00 151407.00   5780.46 114731.68      0.00      0.00      0.00
01:30:51 PM      eth0  52694.00 158001.00   6166.93 119641.62      0.00      0.00      0.00
01:30:52 PM      eth0  47734.00 143808.00   5530.06 108952.88      0.00      0.00      0.00
01:30:53 PM      eth0  52706.00 157878.00   6083.89 119641.51      0.00      0.00      0.00
01:30:54 PM      eth0  48626.00 146943.00   5610.62 111354.57      0.00      0.00      0.00
01:30:55 PM      eth0  46785.00 141525.00   5400.75 107249.57      0.00      0.00      0.00
01:30:56 PM      eth0  48676.00 147546.00   5621.68 111811.47      0.00      0.00      0.00
01:30:57 PM      eth0  55452.00 164928.00   6448.22 124963.23      0.00      0.00      0.00
01:30:58 PM      eth0  51859.00 154115.00   6110.68 116580.98      0.00      0.00      0.00
01:30:59 PM      eth0  47121.00 141576.00   5456.57 107186.82      0.00      0.00      0.00
01:31:00 PM      eth0  48664.00 145876.00   5618.45 110540.56      0.00      0.00      0.00
01:31:01 PM      eth0  49540.00 149161.00   5724.75 113035.40      0.00      0.00      0.00
01:31:02 PM      eth0  48387.00 149187.00   5583.35 113055.59      0.00      0.00      0.00
01:31:03 PM      eth0  52157.00 157341.00   6013.99 119234.31      0.00      0.00      0.00
01:31:04 PM      eth0  50561.00 153098.00   5831.22 116014.74      0.00      0.00      0.00
01:31:05 PM      eth0  45489.00 137465.00   5246.35 104171.34      0.00      0.00      0.00
01:31:06 PM      eth0  48712.00 147093.00   5623.72 111469.35      0.00      0.00      0.00
01:31:07 PM      eth0  45502.00 137953.00   5258.95 104542.09      0.00      0.00      0.00
01:31:08 PM      eth0  42315.00 127396.00   4890.35  96542.28      0.00      0.00      0.00
01:31:09 PM      eth0  47859.00 143874.00   5524.86 109028.18      0.00      0.00      0.00
01:31:10 PM      eth0  52235.00 158001.00   6029.41 119729.75      0.00      0.00      0.00
01:31:11 PM      eth0  52483.00 157702.00   6060.62 119508.82      0.00      0.00      0.00
01:31:12 PM      eth0  47208.00 141073.00   5454.84 106903.88      0.00      0.00      0.00
01:31:13 PM      eth0  53604.00 161153.00   6193.42 122123.31      0.00      0.00      0.00
01:31:14 PM      eth0  53435.00 160217.00   6175.04 121413.78      0.00      0.00      0.00
01:31:15 PM      eth0  53207.00 158823.00   6142.46 120357.39      0.00      0.00      0.00
01:31:16 PM      eth0  46172.00 138110.00   5338.12 104660.15      0.00      0.00      0.00
01:31:17 PM      eth0  51968.00 155019.00   6000.94 117474.67      0.00      0.00      0.00
01:31:18 PM      eth0  54156.00 161597.00   6249.64 122459.56      0.00      0.00      0.00
01:31:19 PM      eth0  46673.00 140724.00   5393.25 106642.41      0.00      0.00      0.00
01:31:20 PM      eth0  52683.00 157728.00   6081.55 119522.17      0.00      0.00      0.00
01:31:21 PM      eth0  54379.00 163773.00   6270.38 124108.51      0.00      0.00      0.00
01:31:22 PM      eth0  46382.00 139502.00   5355.65 105715.33      0.00      0.00      0.00
01:31:23 PM      eth0  51396.00 153888.00   5934.80 116619.69      0.00      0.00      0.00
01:31:24 PM      eth0  45937.00 137441.00   5317.46 104152.84      0.00      0.00      0.00
01:31:25 PM      eth0  49649.00 149127.00   5731.01 113010.61      0.00      0.00      0.00
01:31:26 PM      eth0  46495.00 141236.00   5364.69 107031.02      0.00      0.00      0.00
01:31:27 PM      eth0  46926.00 142113.00   5416.27 107694.34      0.00      0.00      0.00
01:31:28 PM      eth0  53003.00 158154.00   6122.14 119851.08      0.00      0.00      0.00
01:31:29 PM      eth0  52710.00 157921.00   6088.98 119673.10      0.00      0.00      0.00
01:31:30 PM      eth0  48556.00 146300.00   5607.88 110862.36      0.00      0.00      0.00
01:31:31 PM      eth0  51873.00 155129.00   5992.83 117558.49      0.00      0.00      0.00
01:31:32 PM      eth0  50041.00 150001.00   5784.77 113672.02      0.00      0.00      0.00
01:31:33 PM      eth0  43957.00 133373.00   5073.12 101069.67      0.00      0.00      0.00
01:31:34 PM      eth0  51880.00 155182.00   5992.83 117595.04      0.00      0.00      0.00
01:31:35 PM      eth0  46529.00 139704.00   5378.88 105869.44      0.00      0.00      0.00
01:31:36 PM      eth0  43943.00 133231.00   5073.66 100963.45      0.00      0.00      0.00
01:31:37 PM      eth0  45911.00 140007.00   5301.37 106099.65      0.00      0.00      0.00
01:31:38 PM      eth0  46728.00 141070.00   5395.19 106903.27      0.00      0.00      0.00
01:31:39 PM      eth0  50678.00 152856.00   5857.49 115836.19      0.00      0.00      0.00
01:31:40 PM      eth0  49445.00 148790.00   5706.50 112750.70      0.00      0.00      0.00
01:31:41 PM      eth0  47778.00 142607.00   5520.45 108068.42      0.00      0.00      0.00
01:31:42 PM      eth0  49198.00 147579.00   5677.38 111836.98      0.00      0.00      0.00
01:31:43 PM      eth0  53141.00 160492.00   6128.37 121620.45      0.00      0.00      0.00
01:31:44 PM      eth0  43515.00 130223.00   5031.04  98684.00      0.00      0.00      0.00
01:31:45 PM      eth0  43708.00 132127.00   5053.72 100126.59      0.00      0.00      0.00
01:31:46 PM      eth0  47776.00 143421.00   5517.73 108686.82      0.00      0.00      0.00
01:31:47 PM      eth0  48108.00 143489.00   5555.37 108734.51      0.00      0.00      0.00
01:31:48 PM      eth0  55316.00 166285.00   6383.87 126012.03      0.00      0.00      0.00
01:31:49 PM      eth0  48933.00 146785.00   5689.25 111224.31      0.00      0.00      0.00
01:31:50 PM      eth0  50946.00 152648.00   5881.23 115673.85      0.00      0.00      0.00
01:31:51 PM      eth0  54251.00 161017.00   6263.33 122020.39      0.00      0.00      0.00
01:31:52 PM      eth0  51007.00 155153.00   5883.87 117576.21      0.00      0.00      0.00
01:31:53 PM      eth0  50236.00 152495.00   5868.51 115511.62      0.00      0.00      0.00
01:31:54 PM      eth0  47330.69 143150.50   5487.83 108413.47      0.00      0.00      0.00
01:31:55 PM      eth0  51743.00 156061.00   5972.85 118265.63      0.00      0.00      0.00
01:31:56 PM      eth0  40068.00 122344.00   4637.28  92713.55      0.00      0.00      0.00
01:31:57 PM      eth0  54450.00 162920.00   6286.39 123462.81      0.00      0.00      0.00
01:31:58 PM      eth0  53379.00 162076.00   6166.08 122809.16      0.00      0.00      0.00
01:31:59 PM      eth0  51147.00 152335.00   5907.27 115437.16      0.00      0.00      0.00
01:32:00 PM      eth0  51580.00 153983.00   5958.08 116684.54      0.00      0.00      0.00
01:32:01 PM      eth0  43344.00 130098.00   5006.88  98589.89      0.00      0.00      0.00
01:32:02 PM      eth0  45464.00 137681.00   5250.70 104335.77      0.00      0.00      0.00
01:32:03 PM      eth0  48004.00 142388.00   5549.08 107902.02      0.00      0.00      0.00
01:32:04 PM      eth0  49178.00 148771.00   5673.07 112737.48      0.00      0.00      0.00
01:32:05 PM      eth0  48957.00 146847.00   5652.16 111281.77      0.00      0.00      0.00
01:32:06 PM      eth0  49376.00 147325.00   5701.19 111644.05      0.00      0.00      0.00
01:32:07 PM      eth0  48730.00 146901.00   5636.01 111323.20      0.00      0.00      0.00
01:32:08 PM      eth0  49314.00 149936.00   5687.77 113623.38      0.00      0.00      0.00
01:32:09 PM      eth0  44799.00 134474.00   5176.68 101904.74      0.00      0.00      0.00
01:32:10 PM      eth0  48963.00 148220.00   5655.32 112316.87      0.00      0.00      0.00
01:32:11 PM      eth0  46388.00 140473.00   5357.36 106451.53      0.00      0.00      0.00
01:32:12 PM      eth0  47324.00 142454.00   5471.71 107953.46      0.00      0.00      0.00
01:32:13 PM      eth0  51152.00 154571.00   5900.28 117135.17      0.00      0.00      0.00
01:32:14 PM      eth0  48621.00 144297.00   5619.30 109348.07      0.00      0.00      0.00
01:32:15 PM      eth0  49916.00 150164.00   5761.63 113796.16      0.00      0.00      0.00
01:32:16 PM      eth0  46791.00 141172.00   5403.68 106981.35      0.00      0.00      0.00
01:32:17 PM      eth0  53743.00 159816.00   6200.81 121112.00      0.00      0.00      0.00
01:32:18 PM      eth0  47152.00 141986.00   5447.61 107597.11      0.00      0.00      0.00
01:32:19 PM      eth0  47136.00 139359.00   5443.61 105608.71      0.00      0.00      0.00
01:32:20 PM      eth0  53383.00 161578.00   6156.58 122438.29      0.00      0.00      0.00
01:32:21 PM      eth0  47750.00 141726.00   5520.71 107401.01      0.00      0.00      0.00
01:32:22 PM      eth0  50154.00 150259.00   5794.07 113868.87      0.00      0.00      0.00
01:32:23 PM      eth0  52274.00 156592.00   6039.72 118666.28      0.00      0.00      0.00
01:32:24 PM      eth0  46930.00 141810.00   5420.49 107465.78      0.00      0.00      0.00
01:32:25 PM      eth0  48546.00 145167.00   5606.34 110007.36      0.00      0.00      0.00
01:32:26 PM      eth0  49431.00 148023.00   5710.22 112172.48      0.00      0.00      0.00
01:32:27 PM      eth0  52095.00 156187.00   6016.33 118360.12      0.00      0.00      0.00
01:32:28 PM      eth0  50667.00 151179.00   5849.46 114564.72      0.00      0.00      0.00
01:32:29 PM      eth0  52498.00 156356.00   6061.11 118488.53      0.00      0.00      0.00
01:32:30 PM      eth0  46196.00 139750.00   5333.08 105897.78      0.00      0.00      0.00
01:32:31 PM      eth0  48717.00 145690.00   5624.01 110406.73      0.00      0.00      0.00
01:32:32 PM      eth0  49798.00 149251.00   5749.50 113104.51      0.00      0.00      0.00
01:32:33 PM      eth0  45442.00 138870.00   5251.48 105236.99      0.00      0.00      0.00
01:32:34 PM      eth0  46059.00 140199.00   5318.18 106240.07      0.00      0.00      0.00
01:32:35 PM      eth0  51366.00 154868.00   5932.59 117360.91      0.00      0.00      0.00
01:32:36 PM      eth0  51904.00 155946.00   5989.33 118177.83      0.00      0.00      0.00
01:32:37 PM      eth0  46886.00 139716.00   5426.48 105878.53      0.00      0.00      0.00
01:32:38 PM      eth0  47052.00 140553.00   5437.41 106511.93      0.00      0.00      0.00
01:32:39 PM      eth0  47357.00 142210.00   5474.98 107768.47      0.00      0.00      0.00
01:32:40 PM      eth0  43792.00 131742.00   5061.29  99831.02      0.00      0.00      0.00
01:32:41 PM      eth0  46838.00 140806.00   5407.98 106702.58      0.00      0.00      0.00
01:32:42 PM      eth0  47905.00 143963.00   5531.29 109094.96      0.00      0.00      0.00
01:32:43 PM      eth0  48181.00 142872.00   5572.33 108270.19      0.00      0.00      0.00
01:32:44 PM      eth0  52597.00 158513.00   6094.98 120122.64      0.00      0.00      0.00
01:32:45 PM      eth0  44398.00 135473.00   5129.11 102663.37      0.00      0.00      0.00
01:32:46 PM      eth0  52235.00 156395.00   6033.98 118518.81      0.00      0.00      0.00
01:32:47 PM      eth0  45290.00 137965.00   5227.67 104551.40      0.00      0.00      0.00
01:32:48 PM      eth0  50198.00 150010.00   5794.20 113678.06      0.00      0.00      0.00
01:32:49 PM      eth0  49383.00 149842.00   5714.25 113552.14      0.00      0.00      0.00
01:32:50 PM      eth0  50530.00 150443.00   5839.28 114002.15      0.00      0.00      0.00
01:32:51 PM      eth0  53264.00 160156.00   6149.81 121367.85      0.00      0.00      0.00
01:32:52 PM      eth0  47896.00 143396.00   5533.75 108667.28      0.00      0.00      0.00
01:32:53 PM      eth0  48516.00 146254.00   5604.86 110831.83      0.00      0.00      0.00
01:32:54 PM      eth0  47292.00 142988.00   5554.38 108273.14      0.00      0.00      0.00
01:32:55 PM      eth0  50548.00 152455.00   5845.99 115492.15      0.00      0.00      0.00
01:32:56 PM      eth0  45222.00 136611.00   5220.01 103523.67      0.00      0.00      0.00
01:32:57 PM      eth0  41688.00 123895.00   4813.57  93887.34      0.00      0.00      0.00
01:32:58 PM      eth0  38269.00 116133.00   4411.51  88005.48      0.00      0.00      0.00
01:32:59 PM      eth0  38158.00 116890.00   4414.30  88565.46      0.00      0.00      0.00
01:33:00 PM      eth0  30561.00  95847.00   3524.37  72628.50      0.00      0.00      0.00
01:33:01 PM      eth0  29019.00  94865.00   3345.08  71881.65      0.00      0.00      0.00
01:33:02 PM      eth0  31331.00  98854.00   3607.20  74910.97      0.00      0.00      0.00
01:33:03 PM      eth0  27043.00  86110.00   3112.64  65252.36      0.00      0.00      0.00
01:33:04 PM      eth0  24511.00  80114.00   2817.42  60705.20      0.00      0.00      0.00
01:33:05 PM      eth0  21537.00  72084.00   2478.79  54625.80      0.00      0.00      0.00
01:33:06 PM      eth0  21523.00  73468.00   2476.68  55674.18      0.00      0.00      0.00
01:33:07 PM      eth0  17407.00  63105.00   1996.97  47819.44      0.00      0.00      0.00
01:33:08 PM      eth0  16549.00  61253.00   1896.83  46418.05      0.00      0.00      0.00
01:33:09 PM      eth0  19260.00  82843.00   2193.53  62776.59      0.00      0.00      0.00
01:33:10 PM      eth0  22645.00 103275.00   2583.41  78256.45      0.00      0.00      0.00
01:33:11 PM      eth0      5.00      1.00      0.32      0.09      0.00      0.00      0.00
01:33:12 PM      eth0      7.00      1.00      0.44      0.09      0.00      0.00      0.00
01:33:13 PM      eth0      6.00      0.00      0.35      0.00      0.00      0.00      0.00
01:33:14 PM      eth0      6.00      0.00      0.35      0.00      0.00      0.00      0.00
01:33:15 PM      eth0      4.00      0.00      0.23      0.00      0.00      0.00      0.00
01:33:16 PM      eth0      4.00      0.00      0.23      0.00      0.00      0.00      0.00
01:33:17 PM      eth0      5.00      0.00      0.29      0.00      0.00      0.00      0.00
01:33:18 PM      eth0      6.00      0.00      0.35      0.00      0.00      0.00      0.00
01:33:19 PM      eth0      5.00      0.00      0.29      0.00      0.00      0.00      0.00
01:33:20 PM      eth0     15.00     11.00      2.60      2.90      0.00      0.00      0.00
01:33:21 PM      eth0      4.00      0.00      0.23      0.00      0.00      0.00      0.00
01:33:22 PM      eth0      4.00      0.00      0.23      0.00      0.00      0.00      0.00
01:33:23 PM      eth0      5.00      0.00      0.29      0.00      0.00      0.00      0.00
01:33:24 PM      eth0      6.00      0.00      0.35      0.00      0.00      0.00      0.00
01:33:25 PM      eth0      5.00      0.00      0.29      0.00      0.00      0.00      0.00
01:33:26 PM      eth0      5.00      0.00      0.81      0.00      0.00      0.00      0.00
01:33:27 PM      eth0      4.00      0.00      0.23      0.00      0.00      0.00      0.00
01:33:28 PM      eth0      5.00      0.00      0.29      0.00      0.00      0.00      0.00
01:33:29 PM      eth0      3.00      0.00      0.18      0.00      0.00      0.00      0.00
01:33:30 PM      eth0     13.00     11.00      2.21      2.90      0.00      0.00      0.00
01:33:31 PM      eth0      7.00      0.00      1.11      0.00      0.00      0.00      0.00
01:33:32 PM      eth0      5.00      0.00      0.29      0.00      0.00      0.00      0.00
01:33:33 PM      eth0     12.00     11.00      1.99      2.86      0.00      0.00      0.00
01:33:34 PM      eth0      8.00      8.00      0.76      2.25      0.00      0.00      0.00
01:33:35 PM      eth0      5.00      0.00      0.29      0.00      0.00      0.00      0.00
01:33:36 PM      eth0      5.00      0.00      0.29      0.00      0.00      0.00      0.00
01:33:37 PM      eth0      5.00      0.00      0.29      0.00      0.00      0.00      0.00
01:33:38 PM      eth0      3.00      0.00      0.18      0.00      0.00      0.00      0.00
01:33:39 PM      eth0      3.00      0.00      0.18      0.00      0.00      0.00      0.00
01:33:40 PM      eth0     13.00     11.00      2.21      2.90      0.00      0.00      0.00
01:33:41 PM      eth0      5.00      0.00      0.29      0.00      0.00      0.00      0.00
01:33:42 PM      eth0      5.00      0.00      0.29      0.00      0.00      0.00      0.00
01:33:43 PM      eth0      4.00      0.00      0.23      0.00      0.00      0.00      0.00
01:33:44 PM      eth0      3.00      0.00      0.18      0.00      0.00      0.00      0.00
01:33:45 PM      eth0      3.00      0.00      0.18      0.00      0.00      0.00      0.00
01:33:46 PM      eth0      4.00      0.00      0.23      0.00      0.00      0.00      0.00
01:33:47 PM      eth0      5.00      0.00      0.29      0.00      0.00      0.00      0.00
01:33:48 PM      eth0      3.00      0.00      0.18      0.00      0.00      0.00      0.00
01:33:49 PM      eth0      4.00      0.00      0.23      0.00      0.00      0.00      0.00
01:33:50 PM      eth0     13.00     11.00      2.21      2.90      0.00      0.00      0.00
01:33:51 PM      eth0     25.00     24.00     44.37      6.27      0.00      0.00      0.00
01:33:52 PM      eth0      3.00      0.00      0.18      0.00      0.00      0.00      0.00
01:33:53 PM      eth0      4.00      0.00      0.23      0.00      0.00      0.00      0.00
01:33:54 PM      eth0    221.00    264.00    114.77     88.49      0.00      0.00      0.00
01:33:55 PM      eth0     20.00     14.00     11.93      3.11      0.00      0.00      0.00
01:33:56 PM      eth0      4.00      0.00      0.23      0.00      0.00      0.00      1.00
01:33:57 PM      eth0      3.00      0.00      0.18      0.00      0.00      0.00      0.00
01:33:58 PM      eth0      5.00      0.00      0.29      0.00      0.00      0.00      0.00
01:33:59 PM      eth0     29.00     30.00     11.17      8.65      0.00      0.00      0.00
01:34:00 PM      eth0     16.00     11.00      2.67      2.90      0.00      0.00      0.00
01:34:01 PM      eth0      3.00      0.00      0.18      0.00      0.00      0.00      0.00
01:34:02 PM      eth0      3.00      0.00      0.18      0.00      0.00      0.00      0.00
01:34:03 PM      eth0     12.00     10.00      2.34      2.65      0.00      0.00      0.00
01:34:04 PM      eth0     10.00      8.00      0.88      2.25      0.00      0.00      0.00
01:34:05 PM      eth0      6.00      0.00      0.63      0.00      0.00      0.00      0.00
01:34:06 PM      eth0      5.00      0.00      0.29      0.00      0.00      0.00      0.00
01:34:07 PM      eth0      3.00      0.00      0.18      0.00      0.00      0.00      0.00
01:34:08 PM      eth0      3.00      0.00      0.18      0.00      0.00      0.00      0.00
01:34:09 PM      eth0      4.00      0.00      0.23      0.00      0.00      0.00      0.00
01:34:10 PM      eth0     17.00     11.00      3.24      2.90      0.00      0.00      0.00
01:34:11 PM      eth0      4.00      0.00      0.23      0.00      0.00      0.00      0.00
01:34:12 PM      eth0      4.00      0.00      0.23      0.00      0.00      0.00      0.00
01:34:13 PM      eth0      4.00      0.00      0.23      0.00      0.00      0.00      0.00
01:34:14 PM      eth0      4.00      0.00      0.23      0.00      0.00      0.00      0.00
01:34:15 PM      eth0      3.00      0.00      0.18      0.00      0.00      0.00      0.00
01:34:16 PM      eth0      6.00      0.00      0.63      0.00      0.00      0.00      0.00
01:34:17 PM      eth0      6.00      0.00      0.35      0.00      0.00      0.00      0.00
01:34:18 PM      eth0      6.00      0.00      0.35      0.00      0.00      0.00      0.00
01:34:19 PM      eth0      5.00      0.00      0.29      0.00      0.00      0.00      0.00
01:34:20 PM      eth0     14.00     11.00      2.27      2.90      0.00      0.00      0.00
01:34:21 PM      eth0      6.00      0.00      0.35      0.00      0.00      0.00      0.00
01:34:22 PM      eth0      5.00      0.00      0.29      0.00      0.00      0.00      0.00
01:34:23 PM      eth0      6.00      0.00      0.35      0.00      0.00      0.00      0.00
01:34:24 PM      eth0      5.00      0.00      0.57      0.00      0.00      0.00      0.00
01:34:25 PM      eth0      5.00      0.00      0.29      0.00      0.00      0.00      0.00
01:34:26 PM      eth0      5.00      0.00      0.29      0.00      0.00      0.00      0.00
01:34:27 PM      eth0      6.00      0.00      0.35      0.00      0.00      0.00      0.00
01:34:28 PM      eth0      6.00      0.00      0.35      0.00      0.00      0.00      0.00
01:34:29 PM      eth0      4.00      0.00      0.23      0.00      0.00      0.00      0.00
01:34:30 PM      eth0     14.00     11.00      2.79      2.90      0.00      0.00      0.00
01:34:31 PM      eth0      3.00      0.00      0.18      0.00      0.00      0.00      0.00
01:34:32 PM      eth0      4.00      0.00      0.23      0.00      0.00      0.00      0.00
01:34:33 PM      eth0      5.00      0.00      0.29      0.00      0.00      0.00      0.00
01:34:34 PM      eth0     10.00      8.00      1.16      2.25      0.00      0.00      0.00
01:34:35 PM      eth0      5.00      0.00      0.81      0.00      0.00      0.00      0.00
01:34:36 PM      eth0      4.00      0.00      0.23      0.00      0.00      0.00      0.00
01:34:37 PM      eth0      4.00      0.00      0.23      0.00      0.00      0.00      0.00
01:34:38 PM      eth0      4.00      0.00      0.51      0.00      0.00      0.00      0.00
01:34:39 PM      eth0      4.00      0.00      0.23      0.00      0.00      0.00      0.00
01:34:40 PM      eth0     15.00     11.00      2.33      2.90      0.00      0.00      0.00
01:34:41 PM      eth0      5.00      0.00      0.29      0.00      0.00      0.00      0.00
01:34:42 PM      eth0      4.00      0.00      0.23      0.00      0.00      0.00      0.00
01:34:43 PM      eth0      3.00      0.00      0.18      0.00      0.00      0.00      0.00
01:34:44 PM      eth0      5.00      0.00      0.29      0.00      0.00      0.00      0.00
01:34:45 PM      eth0      5.00      0.00      0.29      0.00      0.00      0.00      0.00
01:34:46 PM      eth0      6.00      0.00      0.63      0.00      0.00      0.00      0.00
01:34:47 PM      eth0      3.00      0.00      0.18      0.00      0.00      0.00      0.00
01:34:48 PM      eth0      3.00      0.00      0.18      0.00      0.00      0.00      0.00
01:34:49 PM      eth0      5.00      0.00      0.57      0.00      0.00      0.00      0.00
01:34:50 PM      eth0     15.00     11.00      2.33      2.90      0.00      0.00      0.00
01:34:51 PM      eth0      5.00      0.00      0.29      0.00      0.00      0.00      0.00
01:34:52 PM      eth0      4.00      0.00      0.23      0.00      0.00      0.00      0.00
01:34:53 PM      eth0      3.00      0.00      0.18      0.00      0.00      0.00      0.00
01:34:54 PM      eth0      4.00      0.00      0.75      0.00      0.00      0.00      0.00
01:34:55 PM      eth0    238.00    281.00    126.77     91.79      0.00      0.00      0.00
01:34:56 PM      eth0      5.00      0.00      0.29      0.00      0.00      0.00      0.00
01:34:57 PM      eth0      4.00      0.00      0.23      0.00      0.00      0.00      0.00
01:34:58 PM      eth0      4.00      0.00      0.23      0.00      0.00      0.00      0.00
01:34:59 PM      eth0     27.00     30.00     11.04      8.65      0.00      0.00      0.00
01:35:00 PM      eth0     13.00     11.00      2.21      2.90      0.00      0.00      0.00
01:35:01 PM      eth0      3.00      0.00      0.18      0.00      0.00      0.00      0.00
01:35:02 PM      eth0     12.00     11.00      1.99      3.84      0.00      0.00      0.00
01:35:03 PM      eth0     14.00     10.00      2.46      2.65      0.00      0.00      0.00
01:35:04 PM      eth0     11.00      8.00      1.21      2.25      0.00      0.00      0.00
01:35:05 PM      eth0      4.00      0.00      0.23      0.00      0.00      0.00      0.00
01:35:06 PM      eth0     17.00     16.00      4.10      3.23      0.00      0.00      0.00
