              total        used        free      shared  buff/cache   available
Mem:          48114        1400       30090        2481       16623       43364
Swap:         24191           0       24191
Total:        72306        1400       54282

              total        used        free      shared  buff/cache   available
Mem:          48114        1401       30089        2481       16623       43363
Swap:         24191           0       24191
Total:        72306        1402       54280

              total        used        free      shared  buff/cache   available
Mem:          48114        1402       30088        2481       16623       43362
Swap:         24191           0       24191
Total:        72306        1402       54280

              total        used        free      shared  buff/cache   available
Mem:          48114        1404       30086        2481       16623       43360
Swap:         24191           0       24191
Total:        72306        1404       54278

              total        used        free      shared  buff/cache   available
Mem:          48114        1403       30086        2481       16623       43361
Swap:         24191           0       24191
Total:        72306        1404       54278

              total        used        free      shared  buff/cache   available
Mem:          48114        1403       30086        2481       16623       43361
Swap:         24191           0       24191
Total:        72306        1403       54278

              total        used        free      shared  buff/cache   available
Mem:          48114        1403       30087        2481       16623       43362
Swap:         24191           0       24191
Total:        72306        1403       54279

              total        used        free      shared  buff/cache   available
Mem:          48114        1403       30086        2481       16623       43361
Swap:         24191           0       24191
Total:        72306        1403       54278

              total        used        free      shared  buff/cache   available
Mem:          48114        1402       30087        2481       16624       43362
Swap:         24191           0       24191
Total:        72306        1402       54279

              total        used        free      shared  buff/cache   available
Mem:          48114        1402       30087        2481       16624       43362
Swap:         24191           0       24191
Total:        72306        1402       54279

              total        used        free      shared  buff/cache   available
Mem:          48114        1402       30087        2481       16624       43362
Swap:         24191           0       24191
Total:        72306        1402       54279

              total        used        free      shared  buff/cache   available
Mem:          48114        1411       30078        2481       16624       43353
Swap:         24191           0       24191
Total:        72306        1411       54270

              total        used        free      shared  buff/cache   available
Mem:          48114        1412       30077        2481       16624       43352
Swap:         24191           0       24191
Total:        72306        1412       54269

              total        used        free      shared  buff/cache   available
Mem:          48114        1413       30076        2481       16624       43351
Swap:         24191           0       24191
Total:        72306        1413       54268

              total        used        free      shared  buff/cache   available
Mem:          48114        1412       30076        2481       16624       43352
Swap:         24191           0       24191
Total:        72306        1412       54268

              total        used        free      shared  buff/cache   available
Mem:          48114        1415       30073        2481       16624       43349
Swap:         24191           0       24191
Total:        72306        1415       54265

              total        used        free      shared  buff/cache   available
Mem:          48114        1412       30076        2481       16625       43351
Swap:         24191           0       24191
Total:        72306        1413       54268

              total        used        free      shared  buff/cache   available
Mem:          48114        1413       30076        2481       16625       43351
Swap:         24191           0       24191
Total:        72306        1413       54268

              total        used        free      shared  buff/cache   available
Mem:          48114        1412       30076        2481       16625       43351
Swap:         24191           0       24191
Total:        72306        1413       54267

              total        used        free      shared  buff/cache   available
Mem:          48114        1412       30076        2481       16625       43351
Swap:         24191           0       24191
Total:        72306        1412       54268

              total        used        free      shared  buff/cache   available
Mem:          48114        1412       30075        2481       16625       43351
Swap:         24191           0       24191
Total:        72306        1413       54267

              total        used        free      shared  buff/cache   available
Mem:          48114        1405       30082        2481       16625       43358
Swap:         24191           0       24191
Total:        72306        1405       54274

              total        used        free      shared  buff/cache   available
Mem:          48114        1405       30082        2481       16625       43358
Swap:         24191           0       24191
Total:        72306        1405       54274

              total        used        free      shared  buff/cache   available
Mem:          48114        1404       30083        2481       16625       43359
Swap:         24191           0       24191
Total:        72306        1405       54275

              total        used        free      shared  buff/cache   available
Mem:          48114        1404       30083        2481       16625       43359
Swap:         24191           0       24191
Total:        72306        1404       54275

              total        used        free      shared  buff/cache   available
Mem:          48114        1404       30083        2481       16625       43359
Swap:         24191           0       24191
Total:        72306        1404       54275

              total        used        free      shared  buff/cache   available
Mem:          48114        1405       30083        2481       16626       43359
Swap:         24191           0       24191
Total:        72306        1405       54275

              total        used        free      shared  buff/cache   available
Mem:          48114        1404       30084        2481       16625       43360
Swap:         24191           0       24191
Total:        72306        1404       54276

              total        used        free      shared  buff/cache   available
Mem:          48114        1403       30084        2481       16625       43361
Swap:         24191           0       24191
Total:        72306        1403       54276

              total        used        free      shared  buff/cache   available
Mem:          48114        1404       30083        2481       16626       43360
Swap:         24191           0       24191
Total:        72306        1404       54275

              total        used        free      shared  buff/cache   available
Mem:          48114        1404       30083        2481       16626       43360
Swap:         24191           0       24191
Total:        72306        1404       54275

              total        used        free      shared  buff/cache   available
Mem:          48114        1405       30082        2481       16626       43359
Swap:         24191           0       24191
Total:        72306        1405       54274

              total        used        free      shared  buff/cache   available
Mem:          48114        1405       30082        2481       16626       43359
Swap:         24191           0       24191
Total:        72306        1405       54274

              total        used        free      shared  buff/cache   available
Mem:          48114        1404       30083        2481       16626       43360
Swap:         24191           0       24191
Total:        72306        1404       54274

              total        used        free      shared  buff/cache   available
Mem:          48114        1404       30083        2481       16626       43360
Swap:         24191           0       24191
Total:        72306        1404       54275

              total        used        free      shared  buff/cache   available
Mem:          48114        1404       30083        2481       16626       43360
Swap:         24191           0       24191
Total:        72306        1404       54275

              total        used        free      shared  buff/cache   available
Mem:          48114        1404       30083        2481       16626       43360
Swap:         24191           0       24191
Total:        72306        1404       54275

              total        used        free      shared  buff/cache   available
Mem:          48114        1404       30083        2481       16626       43360
Swap:         24191           0       24191
Total:        72306        1404       54275

              total        used        free      shared  buff/cache   available
Mem:          48114        1403       30083        2481       16627       43361
Swap:         24191           0       24191
Total:        72306        1403       54275

              total        used        free      shared  buff/cache   available
Mem:          48114        1404       30082        2481       16627       43360
Swap:         24191           0       24191
Total:        72306        1404       54274

              total        used        free      shared  buff/cache   available
Mem:          48114        1405       30081        2481       16627       43358
Swap:         24191           0       24191
Total:        72306        1405       54273

              total        used        free      shared  buff/cache   available
Mem:          48114        1407       30079        2481       16627       43357
Swap:         24191           0       24191
Total:        72306        1407       54271

              total        used        free      shared  buff/cache   available
Mem:          48114        1407       30079        2481       16627       43357
Swap:         24191           0       24191
Total:        72306        1407       54271

              total        used        free      shared  buff/cache   available
Mem:          48114        1408       30077        2481       16627       43355
Swap:         24191           0       24191
Total:        72306        1408       54269

              total        used        free      shared  buff/cache   available
Mem:          48114        1407       30078        2481       16627       43356
Swap:         24191           0       24191
Total:        72306        1407       54270

              total        used        free      shared  buff/cache   available
Mem:          48114        1408       30078        2481       16627       43356
Swap:         24191           0       24191
Total:        72306        1408       54270

              total        used        free      shared  buff/cache   available
Mem:          48114        1405       30080        2481       16627       43358
Swap:         24191           0       24191
Total:        72306        1406       54272

              total        used        free      shared  buff/cache   available
Mem:          48114        1405       30080        2481       16628       43358
Swap:         24191           0       24191
Total:        72306        1405       54272

              total        used        free      shared  buff/cache   available
Mem:          48114        1404       30081        2481       16628       43359
Swap:         24191           0       24191
Total:        72306        1405       54273

              total        used        free      shared  buff/cache   available
Mem:          48114        1404       30081        2481       16628       43360
Swap:         24191           0       24191
Total:        72306        1404       54273

              total        used        free      shared  buff/cache   available
Mem:          48114        1404       30082        2481       16628       43360
Swap:         24191           0       24191
Total:        72306        1404       54273

              total        used        free      shared  buff/cache   available
Mem:          48114        1404       30081        2481       16628       43360
Swap:         24191           0       24191
Total:        72306        1404       54273

              total        used        free      shared  buff/cache   available
Mem:          48114        1404       30081        2481       16628       43360
Swap:         24191           0       24191
Total:        72306        1404       54273

              total        used        free      shared  buff/cache   available
Mem:          48114        1408       30077        2481       16628       43356
Swap:         24191           0       24191
Total:        72306        1408       54269

              total        used        free      shared  buff/cache   available
Mem:          48114        1406       30079        2481       16628       43358
Swap:         24191           0       24191
Total:        72306        1406       54271

              total        used        free      shared  buff/cache   available
Mem:          48114        1406       30079        2481       16628       43358
Swap:         24191           0       24191
Total:        72306        1406       54271

              total        used        free      shared  buff/cache   available
Mem:          48114        1406       30079        2481       16628       43358
Swap:         24191           0       24191
Total:        72306        1406       54271

              total        used        free      shared  buff/cache   available
Mem:          48114        1407       30078        2481       16628       43357
Swap:         24191           0       24191
Total:        72306        1407       54270

              total        used        free      shared  buff/cache   available
Mem:          48114        1406       30079        2481       16628       43358
Swap:         24191           0       24191
Total:        72306        1406       54271

              total        used        free      shared  buff/cache   available
Mem:          48114        1407       30078        2481       16628       43357
Swap:         24191           0       24191
Total:        72306        1407       54269

              total        used        free      shared  buff/cache   available
Mem:          48114        1404       30080        2481       16628       43359
Swap:         24191           0       24191
Total:        72306        1404       54272

              total        used        free      shared  buff/cache   available
Mem:          48114        1411       30074        2481       16628       43353
Swap:         24191           0       24191
Total:        72306        1411       54266

              total        used        free      shared  buff/cache   available
Mem:          48114        1410       30075        2481       16629       43354
Swap:         24191           0       24191
Total:        72306        1410       54267

              total        used        free      shared  buff/cache   available
Mem:          48114        1409       30075        2481       16628       43355
Swap:         24191           0       24191
Total:        72306        1410       54267

              total        used        free      shared  buff/cache   available
Mem:          48114        1410       30075        2481       16629       43354
Swap:         24191           0       24191
Total:        72306        1410       54266

              total        used        free      shared  buff/cache   available
Mem:          48114        1409       30076        2481       16629       43355
Swap:         24191           0       24191
Total:        72306        1409       54267

              total        used        free      shared  buff/cache   available
Mem:          48114        1409       30075        2481       16629       43355
Swap:         24191           0       24191
Total:        72306        1409       54267

              total        used        free      shared  buff/cache   available
Mem:          48114        1409       30075        2481       16629       43355
Swap:         24191           0       24191
Total:        72306        1409       54267

              total        used        free      shared  buff/cache   available
Mem:          48114        1408       30076        2481       16629       43356
Swap:         24191           0       24191
Total:        72306        1408       54268

              total        used        free      shared  buff/cache   available
Mem:          48114        1410       30074        2481       16629       43354
Swap:         24191           0       24191
Total:        72306        1410       54266

              total        used        free      shared  buff/cache   available
Mem:          48114        1410       30074        2481       16629       43354
Swap:         24191           0       24191
Total:        72306        1410       54266

              total        used        free      shared  buff/cache   available
Mem:          48114        1409       30075        2481       16629       43355
Swap:         24191           0       24191
Total:        72306        1409       54267

              total        used        free      shared  buff/cache   available
Mem:          48114        1406       30078        2481       16629       43358
Swap:         24191           0       24191
Total:        72306        1406       54270

              total        used        free      shared  buff/cache   available
Mem:          48114        1405       30078        2481       16629       43359
Swap:         24191           0       24191
Total:        72306        1405       54270

              total        used        free      shared  buff/cache   available
Mem:          48114        1405       30078        2481       16630       43359
Swap:         24191           0       24191
Total:        72306        1405       54270

              total        used        free      shared  buff/cache   available
Mem:          48114        1404       30079        2481       16630       43360
Swap:         24191           0       24191
Total:        72306        1404       54271

              total        used        free      shared  buff/cache   available
Mem:          48114        1404       30079        2481       16630       43359
Swap:         24191           0       24191
Total:        72306        1404       54271

              total        used        free      shared  buff/cache   available
Mem:          48114        1405       30078        2481       16630       43359
Swap:         24191           0       24191
Total:        72306        1405       54270

              total        used        free      shared  buff/cache   available
Mem:          48114        1404       30079        2481       16630       43360
Swap:         24191           0       24191
Total:        72306        1404       54271

              total        used        free      shared  buff/cache   available
Mem:          48114        1405       30077        2481       16630       43358
Swap:         24191           0       24191
Total:        72306        1406       54269

              total        used        free      shared  buff/cache   available
Mem:          48114        1404       30078        2481       16630       43359
Swap:         24191           0       24191
Total:        72306        1404       54270

              total        used        free      shared  buff/cache   available
Mem:          48114        1406       30076        2481       16630       43357
Swap:         24191           0       24191
Total:        72306        1406       54268

              total        used        free      shared  buff/cache   available
Mem:          48114        1406       30076        2481       16630       43358
Swap:         24191           0       24191
Total:        72306        1406       54268

              total        used        free      shared  buff/cache   available
Mem:          48114        1404       30078        2481       16630       43359
Swap:         24191           0       24191
Total:        72306        1404       54270

              total        used        free      shared  buff/cache   available
Mem:          48114        1404       30079        2481       16630       43360
Swap:         24191           0       24191
Total:        72306        1404       54271

              total        used        free      shared  buff/cache   available
Mem:          48114        1405       30078        2481       16630       43359
Swap:         24191           0       24191
Total:        72306        1405       54270

              total        used        free      shared  buff/cache   available
Mem:          48114        1405       30078        2481       16631       43359
Swap:         24191           0       24191
Total:        72306        1405       54270

              total        used        free      shared  buff/cache   available
Mem:          48114        1405       30077        2481       16631       43359
Swap:         24191           0       24191
Total:        72306        1405       54269

              total        used        free      shared  buff/cache   available
Mem:          48114        1404       30078        2481       16631       43360
Swap:         24191           0       24191
Total:        72306        1404       54270

              total        used        free      shared  buff/cache   available
Mem:          48114        1405       30077        2481       16631       43359
Swap:         24191           0       24191
Total:        72306        1405       54269

              total        used        free      shared  buff/cache   available
Mem:          48114        1406       30076        2481       16631       43358
Swap:         24191           0       24191
Total:        72306        1406       54268

              total        used        free      shared  buff/cache   available
Mem:          48114        1406       30076        2481       16631       43358
Swap:         24191           0       24191
Total:        72306        1406       54268

              total        used        free      shared  buff/cache   available
Mem:          48114        1406       30075        2481       16631       43358
Swap:         24191           0       24191
Total:        72306        1406       54267

              total        used        free      shared  buff/cache   available
Mem:          48114        1406       30076        2481       16631       43358
Swap:         24191           0       24191
Total:        72306        1406       54268

              total        used        free      shared  buff/cache   available
Mem:          48114        1405       30077        2481       16631       43359
Swap:         24191           0       24191
Total:        72306        1405       54269

              total        used        free      shared  buff/cache   available
Mem:          48114        1405       30077        2481       16631       43359
Swap:         24191           0       24191
Total:        72306        1405       54269

              total        used        free      shared  buff/cache   available
Mem:          48114        1404       30077        2481       16631       43360
Swap:         24191           0       24191
Total:        72306        1404       54269

              total        used        free      shared  buff/cache   available
Mem:          48114        1405       30076        2481       16631       43359
Swap:         24191           0       24191
Total:        72306        1405       54268

              total        used        free      shared  buff/cache   available
Mem:          48114        1404       30077        2481       16632       43360
Swap:         24191           0       24191
Total:        72306        1404       54269

              total        used        free      shared  buff/cache   available
Mem:          48114        1404       30077        2481       16632       43360
Swap:         24191           0       24191
Total:        72306        1404       54269

              total        used        free      shared  buff/cache   available
Mem:          48114        1404       30078        2481       16632       43360
Swap:         24191           0       24191
Total:        72306        1404       54269

              total        used        free      shared  buff/cache   available
Mem:          48114        1404       30077        2481       16632       43360
Swap:         24191           0       24191
Total:        72306        1404       54269

              total        used        free      shared  buff/cache   available
Mem:          48114        1403       30078        2481       16632       43361
Swap:         24191           0       24191
Total:        72306        1403       54270

              total        used        free      shared  buff/cache   available
Mem:          48114        1404       30077        2481       16632       43360
Swap:         24191           0       24191
Total:        72306        1404       54269

              total        used        free      shared  buff/cache   available
Mem:          48114        1404       30077        2481       16632       43360
Swap:         24191           0       24191
Total:        72306        1404       54269

              total        used        free      shared  buff/cache   available
Mem:          48114        1406       30075        2481       16632       43358
Swap:         24191           0       24191
Total:        72306        1406       54267

              total        used        free      shared  buff/cache   available
Mem:          48114        1405       30076        2481       16632       43359
Swap:         24191           0       24191
Total:        72306        1405       54268

              total        used        free      shared  buff/cache   available
Mem:          48114        1406       30075        2481       16632       43359
Swap:         24191           0       24191
Total:        72306        1406       54267

              total        used        free      shared  buff/cache   available
Mem:          48114        1406       30074        2481       16632       43358
Swap:         24191           0       24191
Total:        72306        1407       54266

              total        used        free      shared  buff/cache   available
Mem:          48114        1407       30073        2481       16632       43357
Swap:         24191           0       24191
Total:        72306        1407       54265

              total        used        free      shared  buff/cache   available
Mem:          48114        1405       30075        2481       16632       43359
Swap:         24191           0       24191
Total:        72306        1405       54267

              total        used        free      shared  buff/cache   available
Mem:          48114        1404       30077        2481       16633       43360
Swap:         24191           0       24191
Total:        72306        1404       54268

              total        used        free      shared  buff/cache   available
Mem:          48114        1404       30076        2481       16633       43360
Swap:         24191           0       24191
Total:        72306        1404       54268

              total        used        free      shared  buff/cache   available
Mem:          48114        1405       30075        2481       16633       43359
Swap:         24191           0       24191
Total:        72306        1405       54267

              total        used        free      shared  buff/cache   available
Mem:          48114        1404       30076        2481       16633       43360
Swap:         24191           0       24191
Total:        72306        1404       54268

              total        used        free      shared  buff/cache   available
Mem:          48114        1407       30073        2481       16633       43357
Swap:         24191           0       24191
Total:        72306        1407       54265

              total        used        free      shared  buff/cache   available
Mem:          48114        1407       30072        2481       16633       43357
Swap:         24191           0       24191
Total:        72306        1407       54264

              total        used        free      shared  buff/cache   available
Mem:          48114        1408       30072        2481       16633       43357
Swap:         24191           0       24191
Total:        72306        1408       54264

              total        used        free      shared  buff/cache   available
Mem:          48114        1407       30073        2481       16633       43357
Swap:         24191           0       24191
Total:        72306        1407       54265

              total        used        free      shared  buff/cache   available
Mem:          48114        1408       30072        2481       16633       43356
Swap:         24191           0       24191
Total:        72306        1408       54264

              total        used        free      shared  buff/cache   available
Mem:          48114        1406       30073        2481       16633       43358
Swap:         24191           0       24191
Total:        72306        1406       54265

              total        used        free      shared  buff/cache   available
Mem:          48114        1407       30072        2481       16634       43357
Swap:         24191           0       24191
Total:        72306        1407       54264

              total        used        free      shared  buff/cache   available
Mem:          48114        1408       30072        2481       16634       43356
Swap:         24191           0       24191
Total:        72306        1408       54264
