08:46:00 PM      eth0     37.00     37.00      9.85     10.35      0.00      0.00      0.00
08:46:01 PM      eth0 305211.00   5716.00 451209.93    647.98      0.00      0.00      0.00
08:46:02 PM      eth0 772845.00  12487.00 1142474.10   1415.23      0.00      0.00      0.00
08:46:03 PM      eth0 774752.00  12997.00 1145276.27   1472.60      0.00      0.00      0.00
08:46:04 PM      eth0 780322.00  12956.00 1153510.25   1469.19      0.00      0.00      0.00
08:46:05 PM      eth0 775221.00  12205.00 1145964.88   1384.44      0.00      0.00      0.00
08:46:06 PM      eth0 765773.00  12140.00 1132009.21   1376.00      0.00      0.00      0.00
08:46:07 PM      eth0 763867.00  10051.00 1129206.67   1138.93      0.00      0.00      0.00
08:46:08 PM      eth0 779609.00   9331.00 1152499.82   1057.54      0.00      0.00      0.00
08:46:09 PM      eth0 782740.00   9675.00 1157099.07   1096.36      0.00      0.00      0.00
08:46:10 PM      eth0 783877.00   9462.00 1158795.37   1072.57      0.00      0.00      0.00
08:46:11 PM      eth0 781716.00   9949.00 1155603.63   1127.59      0.00      0.00      0.00
08:46:12 PM      eth0 782362.00  10145.00 1156559.80   1149.57      0.00      0.00      0.00
08:46:13 PM      eth0 783731.00  12546.00 1158567.20   1421.60      0.00      0.00      0.00
08:46:14 PM      eth0 782696.00  13137.00 1157040.94   1488.73      0.00      0.00      0.00
08:46:15 PM      eth0 775363.00  12726.00 1146195.23   1443.85      0.00      0.00      0.00
08:46:16 PM      eth0 778383.00  12120.00 1150667.40   1372.97      0.00      0.00      0.00
08:46:17 PM      eth0 777370.00   9157.00 1149171.91   1037.66      0.00      0.00      0.00
08:46:18 PM      eth0 781663.00  10064.00 1155529.88   1140.40      0.00      0.00      0.00
08:46:19 PM      eth0 780090.00   9146.00 1153168.63   1043.09      0.00      0.00      0.00
08:46:20 PM      eth0 769293.00  10971.00 1137230.91   1243.54      0.00      0.00      0.00
08:46:21 PM      eth0 777435.00  10215.00 1149239.57   1157.70      0.00      0.00      0.00
08:46:22 PM      eth0 784772.00  10617.00 1160113.04   1203.06      0.00      0.00      0.00
08:46:23 PM      eth0 792259.00   9274.00 1171202.62   1051.26      0.00      0.00      0.00
08:46:24 PM      eth0 793913.00   9391.00 1173639.07   1064.00      0.00      0.00      0.00
08:46:25 PM      eth0 796980.00  11244.00 1178160.83   1275.94      0.00      0.00      0.00
08:46:26 PM      eth0 798795.00  12712.00 1180813.68   1440.38      0.00      0.00      0.00
08:46:27 PM      eth0 795074.00  12922.00 1175341.16   1464.96      0.00      0.00      0.00
08:46:28 PM      eth0 794243.00  12699.00 1174114.25   1438.76      0.00      0.00      0.00
08:46:29 PM      eth0 791823.00  12495.00 1170536.77   1415.64      0.00      0.00      0.00
08:46:30 PM      eth0 796309.00  12535.00 1177173.49   1421.32      0.00      0.00      0.00
08:46:31 PM      eth0 795344.00  12482.00 1175740.02   1414.49      0.00      0.00      0.00
08:46:32 PM      eth0 796612.00  12632.00 1177619.82   1431.14      0.00      0.00      0.00
08:46:33 PM      eth0 795622.00  12799.00 1176141.92   1450.00      0.00      0.00      0.00
08:46:34 PM      eth0 797118.00  12575.00 1178357.44   1424.51      0.00      0.00      0.00
08:46:35 PM      eth0 795142.00  12795.00 1175427.48   1451.83      0.00      0.00      0.00
08:46:36 PM      eth0 796185.00  12621.00 1176997.96   1429.91      0.00      0.00      0.00
08:46:37 PM      eth0 795854.00  12792.00 1176500.71   1449.62      0.00      0.00      0.00
08:46:38 PM      eth0 798384.00  13254.00 1180161.16   1501.83      0.00      0.00      0.00
08:46:39 PM      eth0 799683.00  12339.00 1182074.50   1398.29      0.00      0.00      0.00
08:46:40 PM      eth0 797328.00  10835.00 1178631.45   1227.91      0.00      0.00      0.00
08:46:41 PM      eth0 794738.00  11119.00 1174811.46   1259.91      0.00      0.00      0.00
08:46:42 PM      eth0 796903.00  10930.00 1177998.86   1238.49      0.00      0.00      0.00
08:46:43 PM      eth0 796783.00  11195.00 1177825.09   1268.51      0.00      0.00      0.00
08:46:44 PM      eth0 796387.00  11203.00 1177238.30   1269.83      0.00      0.00      0.00
08:46:45 PM      eth0 792850.00  11250.00 1172002.35   1276.39      0.00      0.00      0.00
08:46:46 PM      eth0 793789.00  11267.00 1173401.08   1276.34      0.00      0.00      0.00
08:46:47 PM      eth0 797273.00  11302.00 1178535.08   1280.80      0.00      0.00      0.00
08:46:48 PM      eth0 798685.00  10758.00 1180661.43   1219.02      0.00      0.00      0.00
08:46:49 PM      eth0 798541.00  11056.00 1180422.91   1252.98      0.00      0.00      0.00
08:46:50 PM      eth0 794043.00  11603.00 1173801.12   1314.57      0.00      0.00      0.00
08:46:51 PM      eth0 793026.00  11521.00 1172297.97   1305.66      0.00      0.00      0.00
08:46:52 PM      eth0 799130.00  11312.00 1181228.91   1301.68      0.00      0.00      0.00
08:46:53 PM      eth0 789908.00  12459.00 1167676.91   1417.59      0.00      0.00      0.00
08:46:54 PM      eth0 787435.00  12466.00 1164064.32   1412.54      0.00      0.00      0.00
08:46:55 PM      eth0 775937.00  11933.00 1147064.58   1353.78      0.00      0.00      0.00
08:46:56 PM      eth0 776481.00  11233.00 1147860.07   1272.99      0.00      0.00      0.00
08:46:57 PM      eth0 786977.00  11262.00 1163370.83   1276.32      0.00      0.00      0.00
08:46:58 PM      eth0 788747.00  11034.00 1165968.71   1250.11      0.00      0.00      0.00
08:46:59 PM      eth0 789113.00  11039.00 1166523.11   1250.68      0.00      0.00      0.00
08:47:00 PM      eth0 788663.00  11306.00 1165836.62   1282.46      0.00      0.00      0.00
08:47:01 PM      eth0 775025.00  10977.00 1145698.59   1243.66      0.00      0.00      0.00
08:47:02 PM      eth0 763250.00  11108.00 1128324.54   1258.48      0.00      0.00      0.00
08:47:03 PM      eth0 775046.00  11077.00 1145727.66   1255.17      0.00      0.00      0.00
08:47:04 PM      eth0 784757.00  11126.00 1160068.32   1260.37      0.00      0.00      0.00
08:47:05 PM      eth0 784600.00  11187.00 1159842.19   1269.13      0.00      0.00      0.00
08:47:06 PM      eth0 779617.00  11145.00 1152461.02   1264.04      0.00      0.00      0.00
08:47:07 PM      eth0 784881.00  11095.00 1160248.61   1257.00      0.00      0.00      0.00
08:47:08 PM      eth0 764054.00  11308.00 1129506.72   1281.32      0.00      0.00      0.00
08:47:09 PM      eth0 769614.00  11020.00 1137730.26   1248.70      0.00      0.00      0.00
08:47:10 PM      eth0 775058.00  11129.00 1145747.96   1260.88      0.00      0.00      0.00
08:47:11 PM      eth0 787408.00  11165.00 1163993.81   1264.95      0.00      0.00      0.00
08:47:12 PM      eth0 786813.00  11169.00 1163097.27   1265.41      0.00      0.00      0.00
08:47:13 PM      eth0 786986.00  11195.00 1163360.13   1268.54      0.00      0.00      0.00
08:47:14 PM      eth0 786683.00  10986.00 1162900.27   1245.02      0.00      0.00      0.00
08:47:15 PM      eth0 784942.00  10934.00 1160316.03   1240.63      0.00      0.00      0.00
08:47:16 PM      eth0 783548.00  10931.00 1158263.10   1238.28      0.00      0.00      0.00
08:47:17 PM      eth0 780880.00  11092.00 1154330.21   1256.96      0.00      0.00      0.00
08:47:18 PM      eth0 786685.00  11001.00 1162912.52   1246.55      0.00      0.00      0.00
08:47:19 PM      eth0 784756.00  12038.00 1160080.16   1364.21      0.00      0.00      0.00
08:47:20 PM      eth0 789138.00  11177.00 1166496.62   1273.13      0.00      0.00      0.00
08:47:21 PM      eth0 788551.00  11048.00 1165670.23   1251.86      0.00      0.00      0.00
08:47:22 PM      eth0 788489.00  11131.00 1165585.63   1261.44      0.00      0.00      0.00
08:47:23 PM      eth0 774775.00  11226.00 1145344.02   1272.06      0.00      0.00      0.00
08:47:24 PM      eth0 788189.00  10989.00 1165123.63   1245.36      0.00      0.00      0.00
08:47:25 PM      eth0 777875.00  11046.00 1149884.47   1253.31      0.00      0.00      0.00
08:47:26 PM      eth0 784066.00  11241.00 1159036.89   1273.55      0.00      0.00      0.00
08:47:27 PM      eth0 782858.00  11311.00 1157262.76   1281.51      0.00      0.00      0.00
08:47:28 PM      eth0 786218.00  11099.00 1162211.55   1257.82      0.00      0.00      0.00
08:47:29 PM      eth0 782467.00  11259.00 1156671.01   1275.59      0.00      0.00      0.00
08:47:30 PM      eth0 781947.00  12103.00 1155930.48   1373.10      0.00      0.00      0.00
08:47:31 PM      eth0 785235.00  12480.00 1160763.10   1413.94      0.00      0.00      0.00
08:47:32 PM      eth0 787654.00  12349.00 1164356.62   1399.47      0.00      0.00      0.00
08:47:33 PM      eth0 784144.00  10474.00 1159186.37   1186.67      0.00      0.00      0.00
08:47:34 PM      eth0 786513.00   9404.00 1162699.82   1066.12      0.00      0.00      0.00
08:47:35 PM      eth0 783435.00   9453.00 1158140.05   1072.86      0.00      0.00      0.00
08:47:36 PM      eth0 780220.00  10025.00 1153381.21   1136.27      0.00      0.00      0.00
08:47:37 PM      eth0 782176.00  11282.00 1156217.57   1278.38      0.00      0.00      0.00
08:47:38 PM      eth0 785451.00  11393.00 1161109.06   1291.09      0.00      0.00      0.00
08:47:39 PM      eth0 781133.00  11435.00 1154709.46   1295.72      0.00      0.00      0.00
08:47:40 PM      eth0 782180.00  11202.00 1156260.86   1269.38      0.00      0.00      0.00
08:47:41 PM      eth0 781806.00  11364.00 1155696.85   1290.54      0.00      0.00      0.00
08:47:42 PM      eth0 785673.00  10885.00 1161394.95   1233.07      0.00      0.00      0.00
08:47:43 PM      eth0 802858.00  12077.00 1186793.01   1368.37      0.00      0.00      0.00
08:47:44 PM      eth0 809158.00  12441.00 1196103.51   1409.71      0.00      0.00      0.00
08:47:45 PM      eth0 803466.00  12332.00 1187696.54   1398.98      0.00      0.00      0.00
08:47:46 PM      eth0 805868.00  12468.00 1191216.61   1412.39      0.00      0.00      0.00
08:47:47 PM      eth0 799110.00  12191.00 1181238.62   1381.59      0.00      0.00      0.00
08:47:48 PM      eth0 805458.00   9321.00 1190719.57   1055.89      0.00      0.00      0.00
08:47:49 PM      eth0 800970.00  10222.00 1184060.24   1158.12      0.00      0.00      0.00
08:47:50 PM      eth0 805959.00   9303.00 1191457.28   1054.36      0.00      0.00      0.00
08:47:51 PM      eth0 799549.00   9286.00 1181974.12   1052.08      0.00      0.00      0.00
08:47:52 PM      eth0 793147.00  10152.00 1172515.10   1150.37      0.00      0.00      0.00
08:47:53 PM      eth0 799680.00  11725.00 1182085.34   1328.22      0.00      0.00      0.00
08:47:54 PM      eth0 805485.00  12114.00 1190611.77   1392.69      0.00      0.00      0.00
08:47:55 PM      eth0 802738.00  13424.00 1186564.20   1522.69      0.00      0.00      0.00
08:47:56 PM      eth0 807361.00  12228.00 1193421.73   1385.93      0.00      0.00      0.00
08:47:57 PM      eth0 803483.00  12798.00 1187731.61   1450.12      0.00      0.00      0.00
08:47:58 PM      eth0 807868.00  12898.00 1194203.88   1461.61      0.00      0.00      0.00
08:47:59 PM      eth0 789852.00  12904.00 1167568.78   1467.91      0.00      0.00      0.00
08:48:00 PM      eth0 793899.00  11959.00 1173562.61   1356.07      0.00      0.00      0.00
08:48:01 PM      eth0 423719.00   6151.00 626349.22    698.40      0.00      0.00      0.00
