              total        used        free      shared  buff/cache   available
Mem:          48114        1071       39657        2409        7385       43345
Swap:         24191           0       24191
Total:        72306        1071       63849

              total        used        free      shared  buff/cache   available
Mem:          48114        1071       39657        2409        7385       43344
Swap:         24191           0       24191
Total:        72306        1071       63849

              total        used        free      shared  buff/cache   available
Mem:          48114        1074       39654        2409        7385       43341
Swap:         24191           0       24191
Total:        72306        1074       63846

              total        used        free      shared  buff/cache   available
Mem:          48114        1073       39654        2409        7385       43342
Swap:         24191           0       24191
Total:        72306        1073       63846

              total        used        free      shared  buff/cache   available
Mem:          48114        1074       39654        2409        7385       43342
Swap:         24191           0       24191
Total:        72306        1074       63846

              total        used        free      shared  buff/cache   available
Mem:          48114        1073       39655        2409        7385       43342
Swap:         24191           0       24191
Total:        72306        1073       63847

              total        used        free      shared  buff/cache   available
Mem:          48114        1073       39654        2409        7385       43342
Swap:         24191           0       24191
Total:        72306        1073       63846

              total        used        free      shared  buff/cache   available
Mem:          48114        1073       39655        2409        7385       43343
Swap:         24191           0       24191
Total:        72306        1073       63847

              total        used        free      shared  buff/cache   available
Mem:          48114        1073       39654        2409        7385       43342
Swap:         24191           0       24191
Total:        72306        1073       63846

              total        used        free      shared  buff/cache   available
Mem:          48114        1073       39655        2409        7385       43343
Swap:         24191           0       24191
Total:        72306        1073       63847

              total        used        free      shared  buff/cache   available
Mem:          48114        1072       39655        2409        7385       43343
Swap:         24191           0       24191
Total:        72306        1072       63847

              total        used        free      shared  buff/cache   available
Mem:          48114        1071       39656        2409        7386       43344
Swap:         24191           0       24191
Total:        72306        1071       63848

              total        used        free      shared  buff/cache   available
Mem:          48114        1072       39655        2409        7386       43343
Swap:         24191           0       24191
Total:        72306        1072       63847

              total        used        free      shared  buff/cache   available
Mem:          48114        1072       39655        2409        7386       43344
Swap:         24191           0       24191
Total:        72306        1072       63847

              total        used        free      shared  buff/cache   available
Mem:          48114        1073       39654        2409        7386       43343
Swap:         24191           0       24191
Total:        72306        1073       63846

              total        used        free      shared  buff/cache   available
Mem:          48114        1071       39656        2409        7386       43344
Swap:         24191           0       24191
Total:        72306        1071       63848

              total        used        free      shared  buff/cache   available
Mem:          48114        1073       39654        2409        7386       43342
Swap:         24191           0       24191
Total:        72306        1073       63846

              total        used        free      shared  buff/cache   available
Mem:          48114        1071       39655        2409        7386       43344
Swap:         24191           0       24191
Total:        72306        1071       63847

              total        used        free      shared  buff/cache   available
Mem:          48114        1072       39654        2409        7386       43343
Swap:         24191           0       24191
Total:        72306        1072       63846

              total        used        free      shared  buff/cache   available
Mem:          48114        1071       39655        2409        7386       43344
Swap:         24191           0       24191
Total:        72306        1071       63847

              total        used        free      shared  buff/cache   available
Mem:          48114        1071       39655        2409        7386       43344
Swap:         24191           0       24191
Total:        72306        1071       63847

              total        used        free      shared  buff/cache   available
Mem:          48114        1071       39655        2409        7386       43344
Swap:         24191           0       24191
Total:        72306        1071       63847

              total        used        free      shared  buff/cache   available
Mem:          48114        1072       39654        2409        7386       43343
Swap:         24191           0       24191
Total:        72306        1072       63846

              total        used        free      shared  buff/cache   available
Mem:          48114        1071       39655        2409        7386       43344
Swap:         24191           0       24191
Total:        72306        1071       63847

              total        used        free      shared  buff/cache   available
Mem:          48114        1072       39654        2409        7386       43343
Swap:         24191           0       24191
Total:        72306        1072       63846

              total        used        free      shared  buff/cache   available
Mem:          48114        1071       39655        2409        7387       43344
Swap:         24191           0       24191
Total:        72306        1071       63847

              total        used        free      shared  buff/cache   available
Mem:          48114        1072       39654        2409        7387       43343
Swap:         24191           0       24191
Total:        72306        1072       63846

              total        used        free      shared  buff/cache   available
Mem:          48114        1071       39655        2409        7387       43344
Swap:         24191           0       24191
Total:        72306        1071       63847

              total        used        free      shared  buff/cache   available
Mem:          48114        1071       39655        2409        7387       43344
Swap:         24191           0       24191
Total:        72306        1071       63847

              total        used        free      shared  buff/cache   available
Mem:          48114        1071       39655        2409        7387       43345
Swap:         24191           0       24191
Total:        72306        1071       63847

              total        used        free      shared  buff/cache   available
Mem:          48114        1071       39655        2409        7387       43345
Swap:         24191           0       24191
Total:        72306        1071       63847

              total        used        free      shared  buff/cache   available
Mem:          48114        1070       39656        2409        7387       43345
Swap:         24191           0       24191
Total:        72306        1070       63847

              total        used        free      shared  buff/cache   available
Mem:          48114        1071       39655        2409        7387       43344
Swap:         24191           0       24191
Total:        72306        1071       63847

              total        used        free      shared  buff/cache   available
Mem:          48114        1070       39656        2409        7387       43345
Swap:         24191           0       24191
Total:        72306        1070       63848

              total        used        free      shared  buff/cache   available
Mem:          48114        1070       39655        2409        7387       43345
Swap:         24191           0       24191
Total:        72306        1070       63847

              total        used        free      shared  buff/cache   available
Mem:          48114        1070       39656        2409        7387       43346
Swap:         24191           0       24191
Total:        72306        1070       63848

              total        used        free      shared  buff/cache   available
Mem:          48114        1071       39654        2409        7387       43344
Swap:         24191           0       24191
Total:        72306        1071       63846

              total        used        free      shared  buff/cache   available
Mem:          48114        1071       39655        2409        7387       43345
Swap:         24191           0       24191
Total:        72306        1071       63847

              total        used        free      shared  buff/cache   available
Mem:          48114        1072       39654        2409        7387       43344
Swap:         24191           0       24191
Total:        72306        1072       63846

              total        used        free      shared  buff/cache   available
Mem:          48114        1071       39654        2409        7387       43344
Swap:         24191           0       24191
Total:        72306        1071       63846

              total        used        free      shared  buff/cache   available
Mem:          48114        1071       39654        2409        7387       43344
Swap:         24191           0       24191
Total:        72306        1071       63846

              total        used        free      shared  buff/cache   available
Mem:          48114        1071       39654        2409        7387       43344
Swap:         24191           0       24191
Total:        72306        1071       63846

              total        used        free      shared  buff/cache   available
Mem:          48114        1070       39655        2409        7388       43345
Swap:         24191           0       24191
Total:        72306        1070       63847

              total        used        free      shared  buff/cache   available
Mem:          48114        1069       39656        2409        7387       43346
Swap:         24191           0       24191
Total:        72306        1069       63848

              total        used        free      shared  buff/cache   available
Mem:          48114        1070       39655        2409        7388       43345
Swap:         24191           0       24191
Total:        72306        1070       63847

              total        used        free      shared  buff/cache   available
Mem:          48114        1069       39656        2409        7388       43346
Swap:         24191           0       24191
Total:        72306        1069       63848

              total        used        free      shared  buff/cache   available
Mem:          48114        1070       39655        2409        7388       43345
Swap:         24191           0       24191
Total:        72306        1070       63847

              total        used        free      shared  buff/cache   available
Mem:          48114        1069       39656        2409        7388       43346
Swap:         24191           0       24191
Total:        72306        1069       63848

              total        used        free      shared  buff/cache   available
Mem:          48114        1070       39655        2409        7388       43345
Swap:         24191           0       24191
Total:        72306        1070       63847

              total        used        free      shared  buff/cache   available
Mem:          48114        1069       39656        2409        7388       43346
Swap:         24191           0       24191
Total:        72306        1069       63848

              total        used        free      shared  buff/cache   available
Mem:          48114        1070       39655        2409        7388       43346
Swap:         24191           0       24191
Total:        72306        1070       63847

              total        used        free      shared  buff/cache   available
Mem:          48114        1069       39656        2409        7388       43347
Swap:         24191           0       24191
Total:        72306        1069       63848

              total        used        free      shared  buff/cache   available
Mem:          48114        1071       39653        2409        7388       43344
Swap:         24191           0       24191
Total:        72306        1071       63845

              total        used        free      shared  buff/cache   available
Mem:          48114        1070       39654        2409        7388       43345
Swap:         24191           0       24191
Total:        72306        1070       63846

              total        used        free      shared  buff/cache   available
Mem:          48114        1069       39655        2409        7388       43346
Swap:         24191           0       24191
Total:        72306        1069       63847

              total        used        free      shared  buff/cache   available
Mem:          48114        1069       39655        2409        7389       43346
Swap:         24191           0       24191
Total:        72306        1069       63847

              total        used        free      shared  buff/cache   available
Mem:          48114        1070       39654        2409        7388       43345
Swap:         24191           0       24191
Total:        72306        1070       63846

              total        used        free      shared  buff/cache   available
Mem:          48114        1069       39655        2409        7388       43346
Swap:         24191           0       24191
Total:        72306        1069       63847

              total        used        free      shared  buff/cache   available
Mem:          48114        1069       39655        2409        7388       43347
Swap:         24191           0       24191
Total:        72306        1069       63847

              total        used        free      shared  buff/cache   available
Mem:          48114        1068       39656        2409        7389       43347
Swap:         24191           0       24191
Total:        72306        1068       63848

              total        used        free      shared  buff/cache   available
Mem:          48114        1068       39656        2409        7389       43347
Swap:         24191           0       24191
Total:        72306        1068       63848

              total        used        free      shared  buff/cache   available
Mem:          48114        1068       39656        2409        7389       43348
Swap:         24191           0       24191
Total:        72306        1068       63848

              total        used        free      shared  buff/cache   available
Mem:          48114        1067       39657        2409        7389       43348
Swap:         24191           0       24191
Total:        72306        1067       63849

              total        used        free      shared  buff/cache   available
Mem:          48114        1067       39657        2409        7389       43349
Swap:         24191           0       24191
Total:        72306        1067       63849

              total        used        free      shared  buff/cache   available
Mem:          48114        1068       39656        2409        7389       43347
Swap:         24191           0       24191
Total:        72306        1068       63848

              total        used        free      shared  buff/cache   available
Mem:          48114        1067       39657        2409        7389       43348
Swap:         24191           0       24191
Total:        72306        1067       63849

              total        used        free      shared  buff/cache   available
Mem:          48114        1068       39656        2409        7389       43348
Swap:         24191           0       24191
Total:        72306        1068       63848

              total        used        free      shared  buff/cache   available
Mem:          48114        1067       39656        2409        7389       43348
Swap:         24191           0       24191
Total:        72306        1067       63848

              total        used        free      shared  buff/cache   available
Mem:          48114        1068       39655        2409        7389       43347
Swap:         24191           0       24191
Total:        72306        1068       63847

              total        used        free      shared  buff/cache   available
Mem:          48114        1068       39656        2409        7389       43348
Swap:         24191           0       24191
Total:        72306        1068       63848

              total        used        free      shared  buff/cache   available
Mem:          48114        1068       39656        2409        7389       43348
Swap:         24191           0       24191
Total:        72306        1068       63848

              total        used        free      shared  buff/cache   available
Mem:          48114        1068       39656        2409        7389       43348
Swap:         24191           0       24191
Total:        72306        1068       63848

              total        used        free      shared  buff/cache   available
Mem:          48114        1069       39655        2409        7389       43347
Swap:         24191           0       24191
Total:        72306        1069       63847

              total        used        free      shared  buff/cache   available
Mem:          48114        1068       39655        2409        7389       43347
Swap:         24191           0       24191
Total:        72306        1068       63847

              total        used        free      shared  buff/cache   available
Mem:          48114        1069       39654        2409        7389       43346
Swap:         24191           0       24191
Total:        72306        1069       63846

              total        used        free      shared  buff/cache   available
Mem:          48114        1070       39653        2409        7389       43345
Swap:         24191           0       24191
Total:        72306        1070       63845

              total        used        free      shared  buff/cache   available
Mem:          48114        1071       39652        2409        7390       43344
Swap:         24191           0       24191
Total:        72306        1071       63844

              total        used        free      shared  buff/cache   available
Mem:          48114        1071       39652        2409        7390       43345
Swap:         24191           0       24191
Total:        72306        1071       63844

              total        used        free      shared  buff/cache   available
Mem:          48114        1072       39651        2409        7390       43344
Swap:         24191           0       24191
Total:        72306        1072       63843

              total        used        free      shared  buff/cache   available
Mem:          48114        1071       39652        2409        7390       43345
Swap:         24191           0       24191
Total:        72306        1071       63844

              total        used        free      shared  buff/cache   available
Mem:          48114        1070       39653        2409        7390       43346
Swap:         24191           0       24191
Total:        72306        1070       63845

              total        used        free      shared  buff/cache   available
Mem:          48114        1069       39654        2409        7390       43346
Swap:         24191           0       24191
Total:        72306        1069       63846

              total        used        free      shared  buff/cache   available
Mem:          48114        1071       39651        2409        7390       43344
Swap:         24191           0       24191
Total:        72306        1071       63843

              total        used        free      shared  buff/cache   available
Mem:          48114        1070       39652        2409        7390       43345
Swap:         24191           0       24191
Total:        72306        1070       63844

              total        used        free      shared  buff/cache   available
Mem:          48114        1072       39651        2409        7390       43343
Swap:         24191           0       24191
Total:        72306        1072       63843

              total        used        free      shared  buff/cache   available
Mem:          48114        1071       39652        2409        7390       43344
Swap:         24191           0       24191
Total:        72306        1071       63844

              total        used        free      shared  buff/cache   available
Mem:          48114        1070       39652        2409        7390       43345
Swap:         24191           0       24191
Total:        72306        1070       63844

              total        used        free      shared  buff/cache   available
Mem:          48114        1069       39653        2409        7390       43346
Swap:         24191           0       24191
Total:        72306        1069       63845

              total        used        free      shared  buff/cache   available
Mem:          48114        1070       39652        2409        7390       43345
Swap:         24191           0       24191
Total:        72306        1070       63844

              total        used        free      shared  buff/cache   available
Mem:          48114        1069       39653        2409        7391       43346
Swap:         24191           0       24191
Total:        72306        1069       63845

              total        used        free      shared  buff/cache   available
Mem:          48114        1069       39653        2409        7391       43346
Swap:         24191           0       24191
Total:        72306        1069       63845

              total        used        free      shared  buff/cache   available
Mem:          48114        1068       39654        2409        7391       43347
Swap:         24191           0       24191
Total:        72306        1068       63846

              total        used        free      shared  buff/cache   available
Mem:          48114        1070       39652        2409        7391       43346
Swap:         24191           0       24191
Total:        72306        1070       63844

              total        used        free      shared  buff/cache   available
Mem:          48114        1069       39653        2409        7391       43346
Swap:         24191           0       24191
Total:        72306        1069       63845

              total        used        free      shared  buff/cache   available
Mem:          48114        1071       39651        2409        7391       43345
Swap:         24191           0       24191
Total:        72306        1071       63843

              total        used        free      shared  buff/cache   available
Mem:          48114        1070       39652        2409        7391       43346
Swap:         24191           0       24191
Total:        72306        1070       63844

              total        used        free      shared  buff/cache   available
Mem:          48114        1070       39652        2409        7391       43345
Swap:         24191           0       24191
Total:        72306        1070       63844

              total        used        free      shared  buff/cache   available
Mem:          48114        1069       39653        2409        7391       43347
Swap:         24191           0       24191
Total:        72306        1069       63845

              total        used        free      shared  buff/cache   available
Mem:          48114        1070       39652        2409        7391       43346
Swap:         24191           0       24191
Total:        72306        1070       63844

              total        used        free      shared  buff/cache   available
Mem:          48114        1069       39652        2409        7391       43346
Swap:         24191           0       24191
Total:        72306        1069       63844

              total        used        free      shared  buff/cache   available
Mem:          48114        1071       39651        2409        7391       43345
Swap:         24191           0       24191
Total:        72306        1071       63843

              total        used        free      shared  buff/cache   available
Mem:          48114        1070       39652        2409        7391       43346
Swap:         24191           0       24191
Total:        72306        1070       63844

              total        used        free      shared  buff/cache   available
Mem:          48114        1070       39652        2409        7391       43346
Swap:         24191           0       24191
Total:        72306        1070       63844

              total        used        free      shared  buff/cache   available
Mem:          48114        1070       39652        2409        7391       43346
Swap:         24191           0       24191
Total:        72306        1070       63844

              total        used        free      shared  buff/cache   available
Mem:          48114        1071       39651        2409        7391       43345
Swap:         24191           0       24191
Total:        72306        1071       63843

              total        used        free      shared  buff/cache   available
Mem:          48114        1070       39651        2409        7391       43345
Swap:         24191           0       24191
Total:        72306        1070       63843

              total        used        free      shared  buff/cache   available
Mem:          48114        1070       39651        2409        7391       43345
Swap:         24191           0       24191
Total:        72306        1070       63843

              total        used        free      shared  buff/cache   available
Mem:          48114        1070       39651        2409        7392       43345
Swap:         24191           0       24191
Total:        72306        1070       63843

              total        used        free      shared  buff/cache   available
Mem:          48114        1071       39651        2409        7392       43345
Swap:         24191           0       24191
Total:        72306        1071       63843

              total        used        free      shared  buff/cache   available
Mem:          48114        1070       39651        2409        7392       43346
Swap:         24191           0       24191
Total:        72306        1070       63843

              total        used        free      shared  buff/cache   available
Mem:          48114        1071       39650        2409        7392       43345
Swap:         24191           0       24191
Total:        72306        1071       63842

              total        used        free      shared  buff/cache   available
Mem:          48114        1070       39651        2409        7392       43345
Swap:         24191           0       24191
Total:        72306        1070       63843

              total        used        free      shared  buff/cache   available
Mem:          48114        1070       39651        2409        7392       43346
Swap:         24191           0       24191
Total:        72306        1070       63843

              total        used        free      shared  buff/cache   available
Mem:          48114        1070       39651        2409        7392       43346
Swap:         24191           0       24191
Total:        72306        1070       63843

              total        used        free      shared  buff/cache   available
Mem:          48114        1070       39650        2409        7392       43345
Swap:         24191           0       24191
Total:        72306        1070       63842

              total        used        free      shared  buff/cache   available
Mem:          48114        1070       39651        2409        7392       43346
Swap:         24191           0       24191
Total:        72306        1070       63843

              total        used        free      shared  buff/cache   available
Mem:          48114        1069       39651        2409        7392       43346
Swap:         24191           0       24191
Total:        72306        1069       63843

              total        used        free      shared  buff/cache   available
Mem:          48114        1069       39652        2409        7392       43347
Swap:         24191           0       24191
Total:        72306        1069       63844

              total        used        free      shared  buff/cache   available
Mem:          48114        1069       39652        2409        7392       43347
Swap:         24191           0       24191
Total:        72306        1069       63844

              total        used        free      shared  buff/cache   available
Mem:          48114        1068       39652        2409        7392       43347
Swap:         24191           0       24191
Total:        72306        1068       63844

              total        used        free      shared  buff/cache   available
Mem:          48114        1069       39651        2409        7392       43346
Swap:         24191           0       24191
Total:        72306        1069       63843

              total        used        free      shared  buff/cache   available
Mem:          48114        1069       39652        2409        7392       43347
Swap:         24191           0       24191
Total:        72306        1069       63844

              total        used        free      shared  buff/cache   available
Mem:          48114        1069       39651        2409        7392       43346
Swap:         24191           0       24191
Total:        72306        1069       63843

              total        used        free      shared  buff/cache   available
Mem:          48114        1069       39652        2409        7393       43347
Swap:         24191           0       24191
Total:        72306        1069       63844

              total        used        free      shared  buff/cache   available
Mem:          48114        1069       39652        2409        7393       43347
Swap:         24191           0       24191
Total:        72306        1069       63844

              total        used        free      shared  buff/cache   available
Mem:          48114        1068       39653        2409        7393       43348
Swap:         24191           0       24191
Total:        72306        1068       63845

              total        used        free      shared  buff/cache   available
Mem:          48114        1069       39651        2409        7393       43347
Swap:         24191           0       24191
Total:        72306        1069       63843

              total        used        free      shared  buff/cache   available
Mem:          48114        1068       39652        2409        7393       43348
Swap:         24191           0       24191
Total:        72306        1068       63844

              total        used        free      shared  buff/cache   available
Mem:          48114        1067       39653        2409        7393       43348
Swap:         24191           0       24191
Total:        72306        1067       63845

              total        used        free      shared  buff/cache   available
Mem:          48114        1067       39653        2409        7393       43349
Swap:         24191           0       24191
Total:        72306        1067       63845

              total        used        free      shared  buff/cache   available
Mem:          48114        1068       39652        2409        7393       43348
Swap:         24191           0       24191
Total:        72306        1068       63844

              total        used        free      shared  buff/cache   available
Mem:          48114        1067       39652        2409        7393       43348
Swap:         24191           0       24191
Total:        72306        1067       63844

              total        used        free      shared  buff/cache   available
Mem:          48114        1069       39651        2409        7393       43347
Swap:         24191           0       24191
Total:        72306        1069       63843

              total        used        free      shared  buff/cache   available
Mem:          48114        1068       39652        2409        7393       43348
Swap:         24191           0       24191
Total:        72306        1068       63844

              total        used        free      shared  buff/cache   available
Mem:          48114        1067       39652        2409        7393       43348
Swap:         24191           0       24191
Total:        72306        1067       63844

              total        used        free      shared  buff/cache   available
Mem:          48114        1067       39652        2409        7393       43349
Swap:         24191           0       24191
Total:        72306        1067       63844

              total        used        free      shared  buff/cache   available
Mem:          48114        1068       39651        2409        7393       43347
Swap:         24191           0       24191
Total:        72306        1068       63843

              total        used        free      shared  buff/cache   available
Mem:          48114        1068       39652        2409        7393       43348
Swap:         24191           0       24191
Total:        72306        1068       63844

              total        used        free      shared  buff/cache   available
Mem:          48114        1068       39651        2409        7394       43347
Swap:         24191           0       24191
Total:        72306        1068       63843

              total        used        free      shared  buff/cache   available
Mem:          48114        1068       39651        2409        7394       43348
Swap:         24191           0       24191
Total:        72306        1068       63843

              total        used        free      shared  buff/cache   available
Mem:          48114        1068       39651        2409        7394       43347
Swap:         24191           0       24191
Total:        72306        1068       63843

              total        used        free      shared  buff/cache   available
Mem:          48114        1068       39651        2409        7394       43348
Swap:         24191           0       24191
Total:        72306        1068       63843

              total        used        free      shared  buff/cache   available
Mem:          48114        1068       39651        2409        7394       43347
Swap:         24191           0       24191
Total:        72306        1068       63843

              total        used        free      shared  buff/cache   available
Mem:          48114        1068       39651        2409        7394       43348
Swap:         24191           0       24191
Total:        72306        1068       63843

              total        used        free      shared  buff/cache   available
Mem:          48114        1070       39649        2409        7394       43346
Swap:         24191           0       24191
Total:        72306        1070       63841

              total        used        free      shared  buff/cache   available
Mem:          48114        1069       39650        2409        7394       43347
Swap:         24191           0       24191
Total:        72306        1069       63842

              total        used        free      shared  buff/cache   available
Mem:          48114        1068       39650        2409        7394       43347
Swap:         24191           0       24191
Total:        72306        1068       63842

              total        used        free      shared  buff/cache   available
Mem:          48114        1068       39651        2409        7394       43348
Swap:         24191           0       24191
Total:        72306        1068       63843

              total        used        free      shared  buff/cache   available
Mem:          48114        1067       39651        2409        7394       43348
Swap:         24191           0       24191
Total:        72306        1067       63843

              total        used        free      shared  buff/cache   available
Mem:          48114        1067       39652        2409        7394       43349
Swap:         24191           0       24191
Total:        72306        1067       63844

              total        used        free      shared  buff/cache   available
Mem:          48114        1068       39651        2409        7394       43348
Swap:         24191           0       24191
Total:        72306        1068       63843

              total        used        free      shared  buff/cache   available
Mem:          48114        1068       39651        2409        7394       43348
Swap:         24191           0       24191
Total:        72306        1068       63843

              total        used        free      shared  buff/cache   available
Mem:          48114        1069       39650        2409        7394       43347
Swap:         24191           0       24191
Total:        72306        1069       63842

              total        used        free      shared  buff/cache   available
Mem:          48114        1068       39651        2409        7394       43348
Swap:         24191           0       24191
Total:        72306        1068       63842

              total        used        free      shared  buff/cache   available
Mem:          48114        1070       39649        2409        7394       43346
Swap:         24191           0       24191
Total:        72306        1070       63841

              total        used        free      shared  buff/cache   available
Mem:          48114        1069       39650        2409        7394       43347
Swap:         24191           0       24191
Total:        72306        1069       63842

              total        used        free      shared  buff/cache   available
Mem:          48114        1070       39649        2409        7395       43346
Swap:         24191           0       24191
Total:        72306        1070       63841

              total        used        free      shared  buff/cache   available
Mem:          48114        1069       39649        2409        7395       43347
Swap:         24191           0       24191
Total:        72306        1069       63841

              total        used        free      shared  buff/cache   available
Mem:          48114        1069       39649        2409        7395       43347
Swap:         24191           0       24191
Total:        72306        1069       63841

              total        used        free      shared  buff/cache   available
Mem:          48114        1069       39649        2409        7395       43347
Swap:         24191           0       24191
Total:        72306        1069       63841

              total        used        free      shared  buff/cache   available
Mem:          48114        1069       39649        2409        7395       43346
Swap:         24191           0       24191
Total:        72306        1069       63841

              total        used        free      shared  buff/cache   available
Mem:          48114        1069       39649        2409        7395       43347
Swap:         24191           0       24191
Total:        72306        1069       63841

              total        used        free      shared  buff/cache   available
Mem:          48114        1070       39648        2409        7395       43346
Swap:         24191           0       24191
Total:        72306        1070       63840

              total        used        free      shared  buff/cache   available
Mem:          48114        1069       39649        2409        7395       43347
Swap:         24191           0       24191
Total:        72306        1069       63841

              total        used        free      shared  buff/cache   available
Mem:          48114        1069       39648        2409        7395       43346
Swap:         24191           0       24191
Total:        72306        1069       63840

              total        used        free      shared  buff/cache   available
Mem:          48114        1069       39648        2409        7395       43346
Swap:         24191           0       24191
Total:        72306        1069       63840

              total        used        free      shared  buff/cache   available
Mem:          48114        1071       39647        2409        7395       43345
Swap:         24191           0       24191
Total:        72306        1071       63839

              total        used        free      shared  buff/cache   available
Mem:          48114        1070       39648        2409        7395       43346
Swap:         24191           0       24191
Total:        72306        1070       63840

              total        used        free      shared  buff/cache   available
Mem:          48114        1071       39647        2409        7395       43345
Swap:         24191           0       24191
Total:        72306        1071       63839

              total        used        free      shared  buff/cache   available
Mem:          48114        1070       39647        2409        7396       43345
Swap:         24191           0       24191
Total:        72306        1070       63839

              total        used        free      shared  buff/cache   available
Mem:          48114        1071       39647        2409        7396       43345
Swap:         24191           0       24191
Total:        72306        1071       63839

              total        used        free      shared  buff/cache   available
Mem:          48114        1070       39647        2409        7396       43345
Swap:         24191           0       24191
Total:        72306        1070       63839

              total        used        free      shared  buff/cache   available
Mem:          48114        1071       39646        2409        7396       43344
Swap:         24191           0       24191
Total:        72306        1071       63838

              total        used        free      shared  buff/cache   available
Mem:          48114        1070       39647        2409        7396       43345
Swap:         24191           0       24191
Total:        72306        1070       63839

              total        used        free      shared  buff/cache   available
Mem:          48114        1072       39645        2409        7396       43344
Swap:         24191           0       24191
Total:        72306        1072       63837

              total        used        free      shared  buff/cache   available
Mem:          48114        1071       39646        2409        7396       43345
Swap:         24191           0       24191
Total:        72306        1071       63838

              total        used        free      shared  buff/cache   available
Mem:          48114        1071       39645        2409        7396       43344
Swap:         24191           0       24191
Total:        72306        1071       63837

              total        used        free      shared  buff/cache   available
Mem:          48114        1070       39646        2409        7396       43345
Swap:         24191           0       24191
Total:        72306        1070       63838

              total        used        free      shared  buff/cache   available
Mem:          48114        1070       39647        2409        7396       43346
Swap:         24191           0       24191
Total:        72306        1070       63839

              total        used        free      shared  buff/cache   available
Mem:          48114        1069       39648        2409        7396       43347
Swap:         24191           0       24191
Total:        72306        1069       63840

              total        used        free      shared  buff/cache   available
Mem:          48114        1069       39647        2409        7396       43346
Swap:         24191           0       24191
Total:        72306        1069       63839

              total        used        free      shared  buff/cache   available
Mem:          48114        1068       39648        2409        7396       43347
Swap:         24191           0       24191
Total:        72306        1068       63840

              total        used        free      shared  buff/cache   available
Mem:          48114        1069       39647        2409        7396       43346
Swap:         24191           0       24191
Total:        72306        1069       63839

              total        used        free      shared  buff/cache   available
Mem:          48114        1069       39647        2409        7396       43347
Swap:         24191           0       24191
Total:        72306        1069       63839

              total        used        free      shared  buff/cache   available
Mem:          48114        1071       39646        2409        7396       43345
Swap:         24191           0       24191
Total:        72306        1071       63838

              total        used        free      shared  buff/cache   available
Mem:          48114        1070       39646        2409        7396       43346
Swap:         24191           0       24191
Total:        72306        1070       63838

              total        used        free      shared  buff/cache   available
Mem:          48114        1070       39647        2409        7396       43346
Swap:         24191           0       24191
Total:        72306        1070       63839

              total        used        free      shared  buff/cache   available
Mem:          48114        1069       39647        2409        7397       43346
Swap:         24191           0       24191
Total:        72306        1069       63839

              total        used        free      shared  buff/cache   available
Mem:          48114        1070       39647        2409        7397       43346
Swap:         24191           0       24191
Total:        72306        1070       63839

              total        used        free      shared  buff/cache   available
Mem:          48114        1069       39647        2409        7397       43347
Swap:         24191           0       24191
Total:        72306        1069       63839

              total        used        free      shared  buff/cache   available
Mem:          48114        1069       39647        2409        7397       43346
Swap:         24191           0       24191
Total:        72306        1069       63839

              total        used        free      shared  buff/cache   available
Mem:          48114        1069       39647        2409        7397       43347
Swap:         24191           0       24191
Total:        72306        1069       63839

              total        used        free      shared  buff/cache   available
Mem:          48114        1070       39646        2409        7397       43346
Swap:         24191           0       24191
Total:        72306        1070       63838

              total        used        free      shared  buff/cache   available
Mem:          48114        1070       39646        2409        7397       43346
Swap:         24191           0       24191
Total:        72306        1070       63838

              total        used        free      shared  buff/cache   available
Mem:          48114        1071       39645        2409        7397       43344
Swap:         24191           0       24191
Total:        72306        1071       63837

              total        used        free      shared  buff/cache   available
Mem:          48114        1071       39645        2409        7397       43345
Swap:         24191           0       24191
Total:        72306        1071       63837

              total        used        free      shared  buff/cache   available
Mem:          48114        1072       39644        2409        7397       43344
Swap:         24191           0       24191
Total:        72306        1072       63836

              total        used        free      shared  buff/cache   available
Mem:          48114        1071       39644        2409        7397       43344
Swap:         24191           0       24191
Total:        72306        1071       63836

              total        used        free      shared  buff/cache   available
Mem:          48114        1071       39644        2409        7397       43344
Swap:         24191           0       24191
Total:        72306        1071       63836

              total        used        free      shared  buff/cache   available
Mem:          48114        1071       39644        2409        7397       43344
Swap:         24191           0       24191
Total:        72306        1071       63836

              total        used        free      shared  buff/cache   available
Mem:          48114        1074       39641        2409        7397       43341
Swap:         24191           0       24191
Total:        72306        1074       63833
