03:51:52 PM      eth0      6.00      1.00      0.63      0.06      0.00      0.00      0.00
03:51:53 PM      eth0     13.00      5.00      5.00      0.62      0.00      0.00      0.00
03:51:54 PM      eth0      6.93      0.99      1.55      0.16      0.00      0.00      0.00
03:51:55 PM      eth0      7.00      0.00      0.55      0.00      0.00      0.00      0.00
03:51:56 PM      eth0      8.00      0.00      0.55      0.00      0.00      0.00      0.00
03:51:57 PM      eth0      9.00      0.00      0.69      0.00      0.00      0.00      0.00
03:51:58 PM      eth0     15.00     11.00      2.33      2.90      0.00      0.00      1.00
03:51:59 PM      eth0      6.00      0.00      0.41      0.00      0.00      0.00      0.00
03:52:00 PM      eth0      6.00      0.00      0.35      0.00      0.00      0.00      0.00
03:52:01 PM      eth0      7.00      0.00      0.53      0.00      0.00      0.00      0.00
03:52:02 PM      eth0      5.00      0.00      0.29      0.00      0.00      0.00      0.00
03:52:03 PM      eth0      5.00      0.00      0.38      0.00      0.00      0.00      0.00
03:52:04 PM      eth0      7.00      0.00      0.72      0.00      0.00      0.00      0.00
03:52:05 PM      eth0      8.00      0.00      0.62      0.00      0.00      0.00      0.00
03:52:06 PM      eth0      8.00      1.00      0.50      0.04      0.00      0.00      0.00
03:52:07 PM      eth0      5.00      0.00      0.32      0.00      0.00      0.00      0.00
03:52:08 PM      eth0     12.00     11.00      2.18      2.90      0.00      0.00      0.00
03:52:09 PM      eth0      3.00      0.00      0.18      0.00      0.00      0.00      0.00
03:52:10 PM      eth0      3.00      0.00      0.18      0.00      0.00      0.00      0.00
03:52:11 PM      eth0      5.00      0.00      0.29      0.00      0.00      0.00      0.00
03:52:12 PM      eth0      6.00      0.00      0.43      0.00      0.00      0.00      0.00
03:52:13 PM      eth0      9.00      0.00      1.76      0.00      0.00      0.00      0.00
03:52:14 PM      eth0      7.00      0.00      1.02      0.00      0.00      0.00      0.00
03:52:15 PM      eth0      4.00      0.00      0.27      0.00      0.00      0.00      0.00
03:52:16 PM      eth0     15.00      8.00      1.59      2.25      0.00      0.00      0.00
03:52:17 PM      eth0      5.00      0.00      0.29      0.00      0.00      0.00      0.00
03:52:18 PM      eth0     14.00     11.00      2.33      2.90      0.00      0.00      0.00
03:52:19 PM      eth0      4.00      0.00      0.23      0.00      0.00      0.00      0.00
03:52:20 PM      eth0      5.00      0.00      0.81      0.00      0.00      0.00      0.00
03:52:21 PM      eth0      8.00      1.00      0.74      0.04      0.00      0.00      0.00
03:52:22 PM      eth0      7.00      0.00      0.99      0.00      0.00      0.00      0.00
03:52:23 PM      eth0      6.00      0.00      0.35      0.00      0.00      0.00      0.00
03:52:24 PM      eth0      4.00      0.00      0.23      0.00      0.00      0.00      0.00
03:52:25 PM      eth0      4.00      0.00      0.23      0.00      0.00      0.00      0.00
03:52:26 PM      eth0      4.00      0.00      0.23      0.00      0.00      0.00      0.00
03:52:27 PM      eth0      5.00      0.00      0.57      0.00      0.00      0.00      0.00
03:52:28 PM      eth0     14.00     11.00      2.27      2.90      0.00      0.00      0.00
03:52:29 PM      eth0      5.00      0.00      0.29      0.00      0.00      0.00      0.00
03:52:30 PM      eth0      5.00      0.00      0.48      0.00      0.00      0.00      0.00
03:52:31 PM      eth0      3.00      0.00      0.18      0.00      0.00      0.00      0.00
03:52:32 PM      eth0      4.00      0.00      0.51      0.00      0.00      0.00      0.00
03:52:33 PM      eth0      3.00      0.00      0.18      0.00      0.00      0.00      0.00
03:52:34 PM      eth0     56.00     62.00     17.91     25.29      0.00      0.00      0.00
03:52:35 PM      eth0      5.00      0.00      0.29      0.00      0.00      0.00      0.00
03:52:36 PM      eth0      6.00      0.00      0.35      0.00      0.00      0.00      0.00
03:52:37 PM      eth0      4.00      0.00      0.23      0.00      0.00      0.00      0.00
03:52:38 PM      eth0     11.00     11.00      2.36      2.90      0.00      0.00      0.00
03:52:39 PM      eth0      4.00      0.00      0.23      0.00      0.00      0.00      0.00
03:52:40 PM      eth0      4.00      0.00      0.23      0.00      0.00      0.00      0.00
03:52:41 PM      eth0     12.00     10.00      1.99      2.67      0.00      0.00      0.00
03:52:42 PM      eth0     13.00     10.00      2.40      2.65      0.00      0.00      0.00
03:52:43 PM      eth0      4.00      0.00      0.23      0.00      0.00      0.00      0.00
03:52:44 PM      eth0      5.00      0.00      0.29      0.00      0.00      0.00      0.00
03:52:45 PM      eth0      4.00      0.00      0.23      0.00      0.00      0.00      0.00
03:52:46 PM      eth0     10.00      8.00      0.87      2.25      0.00      0.00      0.00
03:52:47 PM      eth0      5.00      0.00      0.29      0.00      0.00      0.00      0.00
03:52:48 PM      eth0     13.00     11.00      2.21      2.90      0.00      0.00      0.00
03:52:49 PM      eth0      3.00      0.00      0.18      0.00      0.00      0.00      0.00
03:52:50 PM      eth0      5.00      0.00      0.57      0.00      0.00      0.00      0.00
03:52:51 PM      eth0      5.00      0.00      0.29      0.00      0.00      0.00      0.00
03:52:52 PM      eth0      5.00      0.00      0.29      0.00      0.00      0.00      0.00
03:52:53 PM      eth0      5.00      0.00      0.29      0.00      0.00      0.00      0.00
03:52:54 PM      eth0      4.00      0.00      0.23      0.00      0.00      0.00      0.00
03:52:55 PM      eth0      4.00      0.00      0.23      0.00      0.00      0.00      0.00
03:52:56 PM      eth0      6.00      0.00      0.63      0.00      0.00      0.00      0.00
03:52:57 PM      eth0      6.00      0.00      0.35      0.00      0.00      0.00      0.00
03:52:58 PM      eth0     15.00     11.00      2.33      2.90      0.00      0.00      0.00
03:52:59 PM      eth0      6.00      0.00      0.63      0.00      0.00      0.00      0.00
03:53:00 PM      eth0      5.00      0.00      0.29      0.00      0.00      0.00      0.00
03:53:01 PM      eth0      4.00      0.00      0.23      0.00      0.00      0.00      0.00
03:53:02 PM      eth0      5.00      0.00      0.29      0.00      0.00      0.00      0.00
03:53:03 PM      eth0      5.00      0.00      0.29      0.00      0.00      0.00      0.00
03:53:04 PM      eth0      5.00      0.00      0.29      0.00      0.00      0.00      0.00
03:53:05 PM      eth0      5.00      0.00      0.29      0.00      0.00      0.00      0.00
03:53:06 PM      eth0      7.00      0.00      0.44      0.00      0.00      0.00      0.00
03:53:07 PM      eth0      6.00      0.00      0.35      0.00      0.00      0.00      0.00
03:53:08 PM      eth0     12.00     11.00      2.15      2.90      0.00      0.00      0.00
03:53:09 PM      eth0      5.00      0.00      0.29      0.00      0.00      0.00      0.00
03:53:10 PM      eth0      4.00      0.00      0.23      0.00      0.00      0.00      0.00
03:53:11 PM      eth0      5.00      1.00      0.29      0.04      0.00      0.00      0.00
03:53:12 PM      eth0      3.00      0.00      0.18      0.00      0.00      0.00      0.00
03:53:13 PM      eth0      5.00      0.00      0.57      0.00      0.00      0.00      0.00
03:53:14 PM      eth0      5.00      0.00      0.29      0.00      0.00      0.00      0.00
03:53:15 PM      eth0      5.00      0.00      0.29      0.00      0.00      0.00      0.00
03:53:16 PM      eth0     12.00      8.00      1.79      2.25      0.00      0.00      0.00
03:53:17 PM      eth0      4.00      0.00      0.75      0.00      0.00      0.00      0.00
03:53:18 PM      eth0     11.00     11.00      2.09      2.90      0.00      0.00      0.00
03:53:19 PM      eth0      3.00      0.00      0.18      0.00      0.00      0.00      0.00
03:53:20 PM      eth0      5.00      0.00      0.29      0.00      0.00      0.00      0.00
03:53:21 PM      eth0      5.00      0.00      0.29      0.00      0.00      0.00      0.00
03:53:22 PM      eth0      5.00      0.00      0.29      0.00      0.00      0.00      0.00
03:53:23 PM      eth0      4.00      0.00      0.23      0.00      0.00      0.00      0.00
03:53:24 PM      eth0      4.00      0.00      0.75      0.00      0.00      0.00      0.00
03:53:25 PM      eth0      5.00      0.00      0.81      0.00      0.00      0.00      0.00
03:53:26 PM      eth0      5.00      0.00      0.29      0.00      0.00      0.00      0.00
03:53:27 PM      eth0      5.00      0.00      0.29      0.00      0.00      0.00      0.00
03:53:28 PM      eth0     12.00     11.00      2.15      2.90      0.00      0.00      0.00
03:53:29 PM      eth0      4.00      0.00      0.23      0.00      0.00      0.00      0.00
03:53:30 PM      eth0      5.00      0.00      0.29      0.00      0.00      0.00      0.00
03:53:31 PM      eth0      4.00      0.00      0.23      0.00      0.00      0.00      0.00
03:53:32 PM      eth0     13.00     11.00      2.05      2.86      0.00      0.00      0.00
03:53:33 PM      eth0      4.00      0.00      0.23      0.00      0.00      0.00      0.00
03:53:34 PM      eth0      4.00      0.00      0.23      0.00      0.00      0.00      0.00
03:53:35 PM      eth0     51.00     62.00     17.60     25.29      0.00      0.00      0.00
03:53:36 PM      eth0      5.00      0.00      0.29      0.00      0.00      0.00      0.00
03:53:37 PM      eth0      5.00      0.00      0.29      0.00      0.00      0.00      0.00
03:53:38 PM      eth0     13.00     11.00      2.48      2.90      0.00      0.00      0.00
03:53:39 PM      eth0      4.00      0.00      0.23      0.00      0.00      0.00      0.00
03:53:40 PM      eth0      2.97      0.00      0.17      0.00      0.00      0.00      0.00
03:53:41 PM      eth0      2.00      0.00      0.12      0.00      0.00      0.00      0.00
03:53:42 PM      eth0     21.00     24.00      4.09      7.23      0.00      0.00      0.00
03:53:43 PM      eth0     14.00     10.00      2.46      2.65      0.00      0.00      0.00
03:53:44 PM      eth0      5.00      0.00      0.29      0.00      0.00      0.00      0.00
03:53:45 PM      eth0      5.00      0.00      0.29      0.00      0.00      0.00      0.00
03:53:46 PM      eth0     10.00      8.00      0.88      2.25      0.00      0.00      0.00
03:53:47 PM      eth0      3.00      0.00      0.18      0.00      0.00      0.00      0.00
03:53:48 PM      eth0     13.00     11.00      2.21      2.90      0.00      0.00      0.00
03:53:49 PM      eth0      4.00      0.00      0.23      0.00      0.00      0.00      0.00
03:53:50 PM      eth0      4.00      0.00      0.23      0.00      0.00      0.00      0.00
03:53:51 PM      eth0      4.00      0.00      0.23      0.00      0.00      0.00      0.00
03:53:52 PM      eth0      4.00      0.00      0.23      0.00      0.00      0.00      0.00
03:53:53 PM      eth0      5.00      0.00      0.29      0.00      0.00      0.00      0.00
03:53:54 PM      eth0      4.00      0.00      0.23      0.00      0.00      0.00      0.00
03:53:55 PM      eth0      5.00      0.00      0.29      0.00      0.00      0.00      0.00
03:53:56 PM      eth0      5.00      0.00      0.29      0.00      0.00      0.00      0.00
03:53:57 PM      eth0      4.00      0.00      0.23      0.00      0.00      0.00      0.00
03:53:58 PM      eth0     11.00     11.00      2.09      2.90      0.00      0.00      0.00
03:53:59 PM      eth0      4.00      0.00      0.23      0.00      0.00      0.00      0.00
03:54:00 PM      eth0      5.00      0.00      0.29      0.00      0.00      0.00      0.00
03:54:01 PM      eth0      5.00      0.00      0.29      0.00      0.00      0.00      0.00
03:54:02 PM      eth0      5.00      0.00      0.29      0.00      0.00      0.00      0.00
03:54:03 PM      eth0      3.00      0.00      0.18      0.00      0.00      0.00      0.00
03:54:04 PM      eth0      4.00      0.00      0.23      0.00      0.00      0.00      0.00
03:54:05 PM      eth0      4.00      0.00      0.23      0.00      0.00      0.00      0.00
03:54:06 PM      eth0      7.00      0.00      0.41      0.00      0.00      0.00      0.00
03:54:07 PM      eth0      6.00      0.00      0.35      0.00      0.00      0.00      0.00
03:54:08 PM      eth0     13.00     11.00      2.21      2.90      0.00      0.00      0.00
03:54:09 PM      eth0      5.00      0.00      0.29      0.00      0.00      0.00      0.00
03:54:10 PM      eth0      4.00      0.00      0.23      0.00      0.00      0.00      0.00
03:54:11 PM      eth0      5.00      0.00      0.29      0.00      0.00      0.00      0.00
03:54:12 PM      eth0      5.00      0.00      0.29      0.00      0.00      0.00      0.00
03:54:13 PM      eth0      5.00      0.00      0.29      0.00      0.00      0.00      0.00
03:54:14 PM      eth0      6.00      0.00      0.63      0.00      0.00      0.00      0.00
03:54:15 PM      eth0      5.00      0.00      0.29      0.00      0.00      0.00      0.00
03:54:16 PM      eth0     11.00      8.00      0.93      2.25      0.00      0.00      0.00
03:54:17 PM      eth0      5.00      0.00      0.29      0.00      0.00      0.00      0.00
03:54:18 PM      eth0     15.00     11.00      2.33      2.90      0.00      0.00      0.00
03:54:19 PM      eth0      5.00      0.00      0.29      0.00      0.00      0.00      0.00
03:54:20 PM      eth0      6.00      0.00      0.87      0.00      0.00      0.00      0.00
03:54:21 PM      eth0      4.00      0.00      0.23      0.00      0.00      0.00      0.00
03:54:22 PM      eth0      5.00      0.00      0.81      0.00      0.00      0.00      0.00
03:54:23 PM      eth0      5.00      0.00      0.29      0.00      0.00      0.00      0.00
03:54:24 PM      eth0      5.00      0.00      0.29      0.00      0.00      0.00      0.00
03:54:25 PM      eth0      4.00      0.00      0.23      0.00      0.00      0.00      0.00
03:54:26 PM      eth0      4.00      0.00      0.23      0.00      0.00      0.00      0.00
03:54:27 PM      eth0      3.00      0.00      0.18      0.00      0.00      0.00      0.00
03:54:28 PM      eth0     12.00     11.00      2.16      2.90      0.00      0.00      0.00
03:54:29 PM      eth0      8.00      0.00      1.50      0.00      0.00      0.00      0.00
03:54:30 PM      eth0      5.00      0.00      0.29      0.00      0.00      0.00      0.00
03:54:31 PM      eth0      5.00      0.00      0.29      0.00      0.00      0.00      0.00
03:54:32 PM      eth0      4.00      0.00      0.23      0.00      0.00      0.00      0.00
03:54:33 PM      eth0      3.00      0.00      0.18      0.00      0.00      0.00      0.00
03:54:34 PM      eth0      4.00      0.00      0.23      0.00      0.00      0.00      0.00
03:54:35 PM      eth0      4.00      0.00      0.23      0.00      0.00      0.00      0.00
03:54:36 PM      eth0     53.00     62.00     17.71     25.29      0.00      0.00      0.00
03:54:37 PM      eth0      4.00      0.00      0.23      0.00      0.00      0.00      0.00
03:54:38 PM      eth0     12.00     11.00      2.15      2.90      0.00      0.00      0.00
03:54:39 PM      eth0      5.00      0.00      0.29      0.00      0.00      0.00      0.00
03:54:40 PM      eth0      4.00      0.00      0.23      0.00      0.00      0.00      0.00
03:54:41 PM      eth0      5.00      0.00      0.29      0.00      0.00      0.00      0.00
03:54:42 PM      eth0      4.00      0.00      0.23      0.00      0.00      0.00      0.00
03:54:43 PM      eth0     12.00     10.00      1.99      2.67      0.00      0.00      0.00
03:54:44 PM      eth0      3.00      0.00      0.18      0.00      0.00      0.00      0.00
03:54:45 PM      eth0     13.00     10.00      2.40      2.65      0.00      0.00      0.00
03:54:46 PM      eth0     10.00      8.00      0.87      2.25      0.00      0.00      0.00
03:54:47 PM      eth0      5.00      0.00      0.29      0.00      0.00      0.00      0.00
03:54:48 PM      eth0     12.00     11.00      2.15      2.90      0.00      0.00      0.00
03:54:49 PM      eth0      3.00      0.00      0.18      0.00      0.00      0.00      0.00
03:54:50 PM      eth0      3.00      0.00      0.18      0.00      0.00      0.00      0.00
03:54:51 PM      eth0      3.00      0.00      0.18      0.00      0.00      0.00      0.00
03:54:52 PM      eth0      5.00      0.00      0.29      0.00      0.00      0.00      0.00
03:54:53 PM      eth0     13.00     10.00      2.05      2.67      0.00      0.00      0.00
03:54:54 PM      eth0      5.00      0.00      0.29      0.00      0.00      0.00      0.00
03:54:55 PM      eth0      4.00      0.00      0.23      0.00      0.00      0.00      0.00
03:54:56 PM      eth0      4.00      0.00      0.23      0.00      0.00      0.00      0.00
03:54:57 PM      eth0      4.00      0.00      0.23      0.00      0.00      0.00      0.00
03:54:58 PM      eth0     12.00     11.00      2.15      2.90      0.00      0.00      0.00
03:54:59 PM      eth0      4.00      0.00      0.23      0.00      0.00      0.00      0.00
03:55:00 PM      eth0      4.00      0.00      0.23      0.00      0.00      0.00      0.00
03:55:01 PM      eth0      4.00      0.00      0.23      0.00      0.00      0.00      0.00
03:55:02 PM      eth0      6.00      0.00      0.63      0.00      0.00      0.00      0.00
03:55:03 PM      eth0      4.00      0.00      0.23      0.00      0.00      0.00      0.00
03:55:04 PM      eth0      6.00      0.00      0.35      0.00      0.00      0.00      0.00
03:55:05 PM      eth0      4.00      0.00      0.23      0.00      0.00      0.00      0.00
03:55:06 PM      eth0      5.00      0.00      0.29      0.00      0.00      0.00      0.00
03:55:07 PM      eth0      3.00      0.00      0.18      0.00      0.00      0.00      0.00
03:55:08 PM      eth0     13.00     11.00      2.21      2.90      0.00      0.00      0.00
03:55:09 PM      eth0      9.00      2.00      2.81      0.33      0.00      0.00      0.00
03:55:10 PM      eth0     16.00      5.00      6.81      0.82      0.00      0.00      0.00
03:55:11 PM      eth0      5.00      0.00      0.29      0.00      0.00      0.00      0.00
