vhost-23684 11.3
vhost-23684 11.5
vhost-23684 11.5
vhost-23684 11.5
vhost-23684 11.8
vhost-23684 13.2
vhost-23684 13.2
vhost-23684 13.5
vhost-23684 13.5
vhost-23684 13.5
vhost-23684 13.5
vhost-23684 13.5
vhost-23684 13.5
vhost-23684 13.5
vhost-23684 13.5
vhost-23684 13.5
vhost-23684 13.5
vhost-23684 13.5
vhost-23684 13.5
vhost-23684 13.5
vhost-23684 13.5
vhost-23684 13.5
vhost-23684 13.5
vhost-23684 13.5
vhost-23684 13.5
vhost-23684 13.5
vhost-23684 13.5
vhost-23684 13.5
vhost-23684 13.5
vhost-23684 13.5
vhost-23684 13.7
vhost-23684 13.7
vhost-23684 13.7
vhost-23684 13.7
vhost-23684 15.4
vhost-23684 15.4
vhost-23684 15.4
vhost-23684 15.4
vhost-23684 15.4
vhost-23684 15.7
vhost-23684 2.0
vhost-23684 3.8
vhost-23684 3.8
vhost-23684 5.7
vhost-23684 5.8
vhost-23684 5.8
vhost-23684 5.8
vhost-23684 5.8
vhost-23684 7.7
vhost-23684 7.7
vhost-23684 7.7
vhost-23684 9.6
vhost-23684 9.6
vhost-23684 9.6
vhost-23684 9.6
vhost-23684 9.6
vhost-23684 9.6
