vhost-24920 11.5
vhost-24920 11.5
vhost-24920 11.5
vhost-24920 13.2
vhost-24920 13.5
vhost-24920 13.5
vhost-24920 13.5
vhost-24920 13.5
vhost-24920 13.5
vhost-24920 13.5
vhost-24920 13.5
vhost-24920 13.5
vhost-24920 13.5
vhost-24920 13.5
vhost-24920 13.5
vhost-24920 13.5
vhost-24920 13.5
vhost-24920 13.5
vhost-24920 13.5
vhost-24920 13.5
vhost-24920 13.5
vhost-24920 13.5
vhost-24920 13.5
vhost-24920 13.5
vhost-24920 13.5
vhost-24920 13.5
vhost-24920 13.5
vhost-24920 13.5
vhost-24920 13.5
vhost-24920 13.5
vhost-24920 13.7
vhost-24920 13.7
vhost-24920 13.7
vhost-24920 13.7
vhost-24920 13.7
vhost-24920 13.7
vhost-24920 13.7
vhost-24920 13.7
vhost-24920 15.1
vhost-24920 15.4
vhost-24920 15.4
vhost-24920 15.4
vhost-24920 15.4
vhost-24920 15.4
vhost-24920 15.4
vhost-24920 15.7
vhost-24920 3.8
vhost-24920 3.8
vhost-24920 5.7
vhost-24920 5.8
vhost-24920 5.8
vhost-24920 7.7
