vhost-29583 11.5
vhost-29583 11.5
vhost-29583 11.5
vhost-29583 11.5
vhost-29583 11.5
vhost-29583 11.5
vhost-29583 11.5
vhost-29583 11.5
vhost-29583 13.5
vhost-29583 13.5
vhost-29583 15.4
vhost-29583 15.4
vhost-29583 15.4
vhost-29583 15.4
vhost-29583 15.4
vhost-29583 15.4
vhost-29583 15.4
vhost-29583 17.3
vhost-29583 17.3
vhost-29583 17.3
vhost-29583 17.3
vhost-29583 17.3
vhost-29583 17.3
vhost-29583 17.3
vhost-29583 17.6
vhost-29583 3.8
vhost-29583 5.7
vhost-29583 5.8
vhost-29583 5.8
vhost-29583 5.8
vhost-29583 5.8
vhost-29583 5.8
vhost-29583 5.9
vhost-29583 7.5
vhost-29583 7.5
vhost-29583 7.7
vhost-29583 7.7
vhost-29583 7.7
vhost-29583 7.7
vhost-29583 7.7
vhost-29583 7.7
vhost-29583 7.7
vhost-29583 7.7
vhost-29583 7.7
vhost-29583 7.7
vhost-29583 7.8
vhost-29583 9.6
vhost-29583 9.6
vhost-29583 9.6
vhost-29583 9.6
vhost-29583 9.6
vhost-29583 9.6
vhost-29583 9.8
vhost-29583 9.8
vhost-29583 9.8
