vhost-27780 11.8
vhost-27780 15.4
vhost-27780 17.3
vhost-27780 1.9
vhost-27780 1.9
vhost-27780 1.9
vhost-27780 2.0
vhost-27780 2.0
vhost-27780 2.0
vhost-27780 3.8
vhost-27780 3.8
vhost-27780 3.8
vhost-27780 3.8
vhost-27780 3.8
vhost-27780 3.9
vhost-27780 5.8
vhost-27780 5.8
vhost-27780 5.8
vhost-27780 5.8
vhost-27780 5.8
vhost-27780 5.8
vhost-27780 7.7
vhost-27780 7.7
vhost-27780 7.7
vhost-27780 7.7
vhost-27780 7.7
vhost-27780 7.7
vhost-27780 7.7
vhost-27780 7.7
vhost-27780 7.7
vhost-27780 7.8
vhost-27780 7.8
