vhost-28836 11.3
vhost-28836 11.5
vhost-28836 13.5
vhost-28836 13.5
vhost-28836 13.5
vhost-28836 15.1
vhost-28836 15.4
vhost-28836 15.4
vhost-28836 15.4
vhost-28836 15.4
vhost-28836 15.4
vhost-28836 15.4
vhost-28836 15.4
vhost-28836 15.4
vhost-28836 15.4
vhost-28836 15.4
vhost-28836 15.4
vhost-28836 15.4
vhost-28836 15.4
vhost-28836 15.4
vhost-28836 15.4
vhost-28836 15.4
vhost-28836 15.4
vhost-28836 15.4
vhost-28836 15.4
vhost-28836 15.4
vhost-28836 15.4
vhost-28836 15.4
vhost-28836 15.4
vhost-28836 15.4
vhost-28836 15.4
vhost-28836 15.4
vhost-28836 15.7
vhost-28836 15.7
vhost-28836 15.7
vhost-28836 15.7
vhost-28836 17.0
vhost-28836 17.0
vhost-28836 17.0
vhost-28836 17.3
vhost-28836 17.3
vhost-28836 17.3
vhost-28836 17.3
vhost-28836 17.3
vhost-28836 17.3
vhost-28836 17.3
vhost-28836 17.3
vhost-28836 17.3
vhost-28836 17.3
vhost-28836 17.3
vhost-28836 17.3
vhost-28836 17.3
vhost-28836 17.3
vhost-28836 17.3
vhost-28836 17.3
vhost-28836 17.3
vhost-28836 17.3
vhost-28836 17.3
vhost-28836 17.3
vhost-28836 17.3
vhost-28836 17.3
vhost-28836 17.3
vhost-28836 17.3
vhost-28836 17.3
vhost-28836 17.3
vhost-28836 17.3
vhost-28836 17.3
vhost-28836 17.3
vhost-28836 17.6
vhost-28836 17.6
vhost-28836 17.6
vhost-28836 17.6
vhost-28836 17.6
vhost-28836 19.2
vhost-28836 19.6
vhost-28836 7.7
vhost-28836 7.7
vhost-28836 9.6
vhost-28836 9.6
vhost-28836 9.6
