vhost-24726 13.5
vhost-24726 13.5
vhost-24726 13.5
vhost-24726 1.9
vhost-24726 1.9
vhost-24726 1.9
vhost-24726 1.9
vhost-24726 2.0
vhost-24726 2.0
vhost-24726 3.8
vhost-24726 3.8
vhost-24726 3.8
vhost-24726 3.8
vhost-24726 3.8
vhost-24726 3.8
vhost-24726 3.8
vhost-24726 3.8
vhost-24726 3.8
vhost-24726 3.8
vhost-24726 3.8
vhost-24726 3.8
vhost-24726 3.8
vhost-24726 3.8
vhost-24726 5.8
vhost-24726 5.8
vhost-24726 5.8
vhost-24726 5.8
vhost-24726 5.8
vhost-24726 5.8
vhost-24726 5.8
vhost-24726 5.8
vhost-24726 5.8
vhost-24726 5.8
vhost-24726 5.8
vhost-24726 5.8
vhost-24726 5.9
vhost-24726 5.9
vhost-24726 7.5
vhost-24726 7.7
vhost-24726 7.7
vhost-24726 7.7
vhost-24726 7.8
