vhost-24201 11.5
vhost-24201 11.5
vhost-24201 11.5
vhost-24201 11.5
vhost-24201 11.5
vhost-24201 1.9
vhost-24201 1.9
vhost-24201 3.8
vhost-24201 3.8
vhost-24201 3.8
vhost-24201 3.8
vhost-24201 3.9
vhost-24201 5.8
vhost-24201 5.8
vhost-24201 5.8
vhost-24201 5.8
vhost-24201 5.8
vhost-24201 5.8
vhost-24201 5.9
vhost-24201 5.9
vhost-24201 7.5
vhost-24201 7.7
vhost-24201 7.7
vhost-24201 7.7
vhost-24201 7.7
vhost-24201 7.7
vhost-24201 7.7
vhost-24201 7.7
vhost-24201 7.7
vhost-24201 7.7
vhost-24201 7.7
vhost-24201 7.8
vhost-24201 7.8
vhost-24201 9.4
vhost-24201 9.6
