vhost-26269 13.5
vhost-26269 15.1
vhost-26269 15.4
vhost-26269 15.4
vhost-26269 15.4
vhost-26269 15.4
vhost-26269 15.4
vhost-26269 15.4
vhost-26269 15.4
vhost-26269 15.4
vhost-26269 15.4
vhost-26269 15.4
vhost-26269 15.4
vhost-26269 15.7
vhost-26269 17.3
vhost-26269 17.3
vhost-26269 17.3
vhost-26269 17.3
vhost-26269 17.3
vhost-26269 17.3
vhost-26269 17.3
vhost-26269 17.3
vhost-26269 17.3
vhost-26269 17.3
vhost-26269 17.3
vhost-26269 17.3
vhost-26269 17.3
vhost-26269 17.3
vhost-26269 17.3
vhost-26269 17.3
vhost-26269 17.3
vhost-26269 17.3
vhost-26269 17.3
vhost-26269 17.3
vhost-26269 17.3
vhost-26269 17.3
vhost-26269 17.6
vhost-26269 17.6
vhost-26269 1.9
vhost-26269 1.9
vhost-26269 19.6
vhost-26269 3.8
vhost-26269 3.8
vhost-26269 5.8
vhost-26269 5.8
vhost-26269 5.8
vhost-26269 7.5
vhost-26269 7.7
vhost-26269 7.8
vhost-26269 7.8
vhost-26269 9.6
