vhost-26460 11.5
vhost-26460 11.5
vhost-26460 11.5
vhost-26460 11.5
vhost-26460 11.8
vhost-26460 13.2
vhost-26460 13.5
vhost-26460 1.9
vhost-26460 1.9
vhost-26460 2.0
vhost-26460 30.2
vhost-26460 30.8
vhost-26460 30.8
vhost-26460 30.8
vhost-26460 30.8
vhost-26460 30.8
vhost-26460 30.8
vhost-26460 30.8
vhost-26460 30.8
vhost-26460 32.1
vhost-26460 32.1
vhost-26460 32.1
vhost-26460 32.7
vhost-26460 32.7
vhost-26460 32.7
vhost-26460 32.7
vhost-26460 32.7
vhost-26460 34.0
vhost-26460 34.6
vhost-26460 34.6
vhost-26460 34.6
vhost-26460 35.8
vhost-26460 3.8
vhost-26460 3.8
vhost-26460 3.8
vhost-26460 3.8
vhost-26460 3.8
vhost-26460 3.9
vhost-26460 3.9
vhost-26460 3.9
vhost-26460 5.8
vhost-26460 5.8
vhost-26460 5.8
vhost-26460 5.9
vhost-26460 7.7
vhost-26460 7.7
vhost-26460 7.7
vhost-26460 7.7
vhost-26460 9.6
