vhost-29950 1.9
vhost-29950 1.9
vhost-29950 1.9
vhost-29950 1.9
vhost-29950 1.9
vhost-29950 1.9
vhost-29950 2.0
vhost-29950 3.8
vhost-29950 3.8
vhost-29950 3.8
vhost-29950 3.8
vhost-29950 3.8
vhost-29950 3.8
vhost-29950 3.8
vhost-29950 3.8
vhost-29950 3.8
vhost-29950 5.8
vhost-29950 5.8
vhost-29950 5.8
vhost-29950 5.8
vhost-29950 5.8
vhost-29950 5.8
vhost-29950 5.8
vhost-29950 5.8
vhost-29950 5.8
vhost-29950 5.8
vhost-29950 5.8
vhost-29950 5.8
vhost-29950 5.8
vhost-29950 5.8
vhost-29950 5.9
vhost-29950 5.9
vhost-29950 7.5
vhost-29950 7.7
vhost-29950 7.7
vhost-29950 7.7
vhost-29950 7.8
vhost-29950 9.6
