vhost-28242 0.0
vhost-28242 0.0
vhost-28242 1.9
vhost-28242 1.9
vhost-28242 23.1
vhost-28242 23.1
vhost-28242 23.1
vhost-28242 23.1
vhost-28242 24.5
vhost-28242 25.0
vhost-28242 25.0
vhost-28242 28.8
vhost-28242 30.2
vhost-28242 30.2
vhost-28242 30.8
vhost-28242 30.8
vhost-28242 30.8
vhost-28242 32.7
vhost-28242 32.7
vhost-28242 32.7
vhost-28242 32.7
vhost-28242 32.7
vhost-28242 32.7
vhost-28242 32.7
vhost-28242 3.8
vhost-28242 3.8
vhost-28242 3.8
vhost-28242 3.8
vhost-28242 3.8
vhost-28242 3.8
vhost-28242 3.9
vhost-28242 5.8
vhost-28242 5.9
