ksoftirqd/12 0.0
ksoftirqd/12 1.9
ksoftirqd/12 1.9
ksoftirqd/13 0.0
ksoftirqd/16 0.0
ksoftirqd/16 0.0
ksoftirqd/16 0.0
ksoftirqd/16 2.0
ksoftirqd/18 0.0
ksoftirqd/19 0.0
ksoftirqd/20 0.0
ksoftirqd/20 0.0
ksoftirqd/20 0.0
ksoftirqd/20 1.9
ksoftirqd/21 0.0
ksoftirqd/3 0.0
ksoftirqd/4 0.0
ksoftirqd/4 0.0
ksoftirqd/5 1.9
ksoftirqd/6 0.0
ksoftirqd/6 0.0
ksoftirqd/6 0.0
ksoftirqd/6 0.0
ksoftirqd/6 1.9
ksoftirqd/6 1.9
ksoftirqd/8 0.0
ksoftirqd/8 0.0
ksoftirqd/8 0.0
ksoftirqd/8 0.0
ksoftirqd/8 0.0
ksoftirqd/8 1.9
