vhost-27351 11.5
vhost-27351 11.5
vhost-27351 11.5
vhost-27351 11.5
vhost-27351 11.5
vhost-27351 11.5
vhost-27351 13.2
vhost-27351 13.2
vhost-27351 13.2
vhost-27351 13.5
vhost-27351 13.5
vhost-27351 13.5
vhost-27351 13.5
vhost-27351 13.5
vhost-27351 13.5
vhost-27351 13.5
vhost-27351 13.5
vhost-27351 13.5
vhost-27351 13.5
vhost-27351 13.5
vhost-27351 13.5
vhost-27351 13.5
vhost-27351 13.5
vhost-27351 13.5
vhost-27351 13.5
vhost-27351 13.5
vhost-27351 13.7
vhost-27351 13.7
vhost-27351 13.7
vhost-27351 13.7
vhost-27351 13.7
vhost-27351 15.4
vhost-27351 1.9
vhost-27351 3.8
vhost-27351 3.8
vhost-27351 5.8
vhost-27351 5.8
vhost-27351 5.8
vhost-27351 5.8
vhost-27351 5.8
