vhost-22812 11.5
vhost-22812 11.5
vhost-22812 11.5
vhost-22812 15.1
vhost-22812 17.0
vhost-22812 17.3
vhost-22812 1.9
vhost-22812 19.2
vhost-22812 19.2
vhost-22812 23.1
vhost-22812 23.1
vhost-22812 23.5
vhost-22812 25.0
vhost-22812 3.8
vhost-22812 3.8
vhost-22812 3.8
vhost-22812 3.8
vhost-22812 3.8
vhost-22812 3.8
vhost-22812 3.9
vhost-22812 5.7
vhost-22812 5.8
vhost-22812 5.8
vhost-22812 5.8
vhost-22812 5.8
vhost-22812 5.8
vhost-22812 5.8
vhost-22812 5.8
vhost-22812 5.8
vhost-22812 5.8
vhost-22812 5.8
vhost-22812 5.9
vhost-22812 7.7
vhost-22812 7.7
vhost-22812 7.7
vhost-22812 7.8
vhost-22812 9.6
vhost-22812 9.6
vhost-22812 9.6
vhost-22812 9.6
vhost-22812 9.6
vhost-22812 9.6
vhost-22812 9.6
vhost-22812 9.6
