ksoftirqd/0 11.8
ksoftirqd/0 36.5
ksoftirqd/0 44.2
ksoftirqd/0 54.7
ksoftirqd/0 56.6
ksoftirqd/0 56.9
ksoftirqd/0 56.9
ksoftirqd/0 59.6
ksoftirqd/0 60.4
ksoftirqd/0 60.8
ksoftirqd/0 61.5
ksoftirqd/0 65.4
ksoftirqd/0 69.2
ksoftirqd/0 69.8
ksoftirqd/0 71.2
ksoftirqd/0 73.6
ksoftirqd/0 75.0
ksoftirqd/0 75.0
ksoftirqd/0 76.5
ksoftirqd/0 76.5
ksoftirqd/0 76.9
ksoftirqd/0 78.8
ksoftirqd/0 78.8
ksoftirqd/0 78.8
ksoftirqd/0 80.4
ksoftirqd/0 80.8
ksoftirqd/0 80.8
ksoftirqd/0 82.7
ksoftirqd/0 83.0
ksoftirqd/0 84.6
ksoftirqd/0 85.7
ksoftirqd/0 86.3
ksoftirqd/0 86.3
ksoftirqd/0 86.5
ksoftirqd/0 86.5
ksoftirqd/0 86.5
ksoftirqd/0 88.2
ksoftirqd/0 88.5
ksoftirqd/0 88.5
ksoftirqd/0 88.5
ksoftirqd/0 88.5
ksoftirqd/0 88.9
ksoftirqd/0 90.2
ksoftirqd/0 90.2
ksoftirqd/0 90.4
ksoftirqd/0 90.4
ksoftirqd/0 90.4
ksoftirqd/0 90.4
ksoftirqd/0 91.2
ksoftirqd/0 92.2
ksoftirqd/0 92.2
ksoftirqd/0 92.2
ksoftirqd/0 92.3
ksoftirqd/0 92.3
ksoftirqd/0 92.3
ksoftirqd/0 94.1
ksoftirqd/0 94.1
ksoftirqd/0 94.1
ksoftirqd/0 94.1
ksoftirqd/0 94.1
ksoftirqd/0 94.2
ksoftirqd/0 94.2
ksoftirqd/0 94.2
ksoftirqd/0 94.2
ksoftirqd/0 94.2
ksoftirqd/0 94.2
ksoftirqd/0 94.2
ksoftirqd/0 94.2
ksoftirqd/0 94.3
ksoftirqd/0 94.3
ksoftirqd/0 94.3
ksoftirqd/0 94.3
ksoftirqd/0 96.1
ksoftirqd/0 96.1
ksoftirqd/0 96.1
ksoftirqd/0 96.1
ksoftirqd/0 96.1
ksoftirqd/0 96.1
ksoftirqd/0 96.1
ksoftirqd/0 96.2
ksoftirqd/0 96.2
ksoftirqd/0 96.2
ksoftirqd/0 96.2
ksoftirqd/0 96.2
ksoftirqd/0 96.2
ksoftirqd/0 96.2
ksoftirqd/0 96.2
ksoftirqd/0 96.2
ksoftirqd/0 96.2
ksoftirqd/0 96.2
ksoftirqd/0 98.0
ksoftirqd/0 98.0
ksoftirqd/0 98.0
ksoftirqd/0 98.0
ksoftirqd/0 98.0
ksoftirqd/0 98.0
ksoftirqd/0 98.0
ksoftirqd/0 98.0
ksoftirqd/0 98.1
ksoftirqd/0 98.1
ksoftirqd/0 98.1
ksoftirqd/0 98.1
ksoftirqd/0 98.1
ksoftirqd/0 98.1
ksoftirqd/0 98.1
ksoftirqd/0 98.1
ksoftirqd/0 98.1
ksoftirqd/0 98.1
ksoftirqd/0 98.1
ksoftirqd/0 98.2
ksoftirqd/0 99.9
ksoftirqd/0 99.9
ksoftirqd/0 99.9
ksoftirqd/0 99.9
ksoftirqd/0 99.9
ksoftirqd/0 99.9
ksoftirqd/0 99.9
ksoftirqd/0 99.9
ksoftirqd/0 99.9
ksoftirqd/0 99.9
ksoftirqd/0 99.9
ksoftirqd/1 0.0
ksoftirqd/1 2.0
ksoftirqd/12 11.8
ksoftirqd/12 23.1
ksoftirqd/12 23.5
ksoftirqd/12 32.7
ksoftirqd/12 33.3
ksoftirqd/12 34.0
ksoftirqd/12 41.2
ksoftirqd/12 42.3
ksoftirqd/12 44.2
ksoftirqd/12 44.2
ksoftirqd/12 45.1
ksoftirqd/12 46.2
ksoftirqd/12 46.2
ksoftirqd/12 48.1
ksoftirqd/12 49.0
ksoftirqd/12 50.9
ksoftirqd/12 51.9
ksoftirqd/12 52.9
ksoftirqd/12 54.7
ksoftirqd/12 54.9
ksoftirqd/12 55.8
ksoftirqd/12 55.8
ksoftirqd/12 56.9
ksoftirqd/12 59.6
ksoftirqd/12 60.8
ksoftirqd/12 60.8
ksoftirqd/12 62.7
ksoftirqd/12 62.7
ksoftirqd/12 63.5
ksoftirqd/12 64.2
ksoftirqd/12 65.4
ksoftirqd/12 66.7
ksoftirqd/12 66.7
ksoftirqd/12 67.3
ksoftirqd/12 68.4
ksoftirqd/12 68.6
ksoftirqd/12 69.2
ksoftirqd/12 69.2
ksoftirqd/12 69.2
ksoftirqd/12 70.6
ksoftirqd/12 71.2
ksoftirqd/12 73.1
ksoftirqd/12 73.1
ksoftirqd/12 73.1
ksoftirqd/12 73.1
ksoftirqd/12 76.9
ksoftirqd/12 78.4
ksoftirqd/12 78.4
ksoftirqd/12 78.8
ksoftirqd/12 80.4
ksoftirqd/12 80.4
ksoftirqd/12 80.8
ksoftirqd/12 80.8
ksoftirqd/12 80.8
ksoftirqd/12 80.8
ksoftirqd/12 82.7
ksoftirqd/12 82.7
ksoftirqd/12 83.0
ksoftirqd/12 83.3
ksoftirqd/12 83.9
ksoftirqd/12 84.2
ksoftirqd/12 84.3
ksoftirqd/12 84.6
ksoftirqd/12 84.6
ksoftirqd/12 84.6
ksoftirqd/12 84.6
ksoftirqd/12 84.9
ksoftirqd/12 86.5
ksoftirqd/12 86.5
ksoftirqd/12 86.5
ksoftirqd/12 88.7
ksoftirqd/12 90.4
ksoftirqd/12 90.6
ksoftirqd/12 92.2
ksoftirqd/12 92.2
ksoftirqd/12 92.3
ksoftirqd/12 94.1
ksoftirqd/12 96.2
ksoftirqd/12 96.2
ksoftirqd/12 98.0
ksoftirqd/12 98.1
ksoftirqd/12 98.1
ksoftirqd/12 99.9
ksoftirqd/12 99.9
ksoftirqd/12 99.9
ksoftirqd/13 14.0
ksoftirqd/13 15.7
ksoftirqd/13 17.3
ksoftirqd/13 17.3
ksoftirqd/13 19.6
ksoftirqd/13 24.5
ksoftirqd/13 25.0
ksoftirqd/13 25.0
ksoftirqd/13 26.4
ksoftirqd/13 27.5
ksoftirqd/13 29.4
ksoftirqd/13 31.4
ksoftirqd/13 32.1
ksoftirqd/13 32.7
ksoftirqd/13 32.7
ksoftirqd/13 3.8
ksoftirqd/13 38.5
ksoftirqd/13 41.5
ksoftirqd/13 42.3
ksoftirqd/13 45.1
ksoftirqd/13 46.2
ksoftirqd/13 50.0
ksoftirqd/13 50.9
ksoftirqd/13 5.8
ksoftirqd/13 61.5
ksoftirqd/13 67.3
ksoftirqd/13 67.3
ksoftirqd/13 73.1
ksoftirqd/13 75.0
ksoftirqd/1 3.9
ksoftirqd/14 11.3
ksoftirqd/14 15.7
ksoftirqd/14 17.3
ksoftirqd/14 17.3
ksoftirqd/14 19.6
ksoftirqd/14 23.1
ksoftirqd/14 25.5
ksoftirqd/14 31.4
ksoftirqd/14 33.3
ksoftirqd/14 35.3
ksoftirqd/14 3.6
ksoftirqd/14 37.3
ksoftirqd/14 37.3
ksoftirqd/14 37.3
ksoftirqd/14 42.3
ksoftirqd/14 43.1
ksoftirqd/14 51.9
ksoftirqd/14 5.9
ksoftirqd/14 5.9
ksoftirqd/14 7.5
ksoftirqd/14 7.8
ksoftirqd/14 78.8
ksoftirqd/14 9.6
ksoftirqd/14 9.8
ksoftirqd/15 25.0
ksoftirqd/15 26.9
ksoftirqd/15 28.8
ksoftirqd/15 30.8
ksoftirqd/15 31.4
ksoftirqd/15 32.1
ksoftirqd/15 32.7
ksoftirqd/15 34.6
ksoftirqd/15 34.6
ksoftirqd/15 35.8
ksoftirqd/15 41.2
ksoftirqd/15 42.3
ksoftirqd/15 43.4
ksoftirqd/15 44.2
ksoftirqd/15 45.1
ksoftirqd/15 47.1
ksoftirqd/15 47.2
ksoftirqd/15 48.1
ksoftirqd/15 49.1
ksoftirqd/15 50.0
ksoftirqd/15 53.8
ksoftirqd/15 53.8
ksoftirqd/15 53.8
ksoftirqd/15 54.4
ksoftirqd/15 54.7
ksoftirqd/15 54.9
ksoftirqd/15 56.6
ksoftirqd/15 57.7
ksoftirqd/15 59.6
ksoftirqd/15 59.6
ksoftirqd/15 61.5
ksoftirqd/15 61.5
ksoftirqd/15 64.7
ksoftirqd/15 66.7
ksoftirqd/15 69.8
ksoftirqd/15 73.1
ksoftirqd/15 73.1
ksoftirqd/15 76.9
ksoftirqd/15 78.4
ksoftirqd/1 5.8
ksoftirqd/15 82.7
ksoftirqd/15 94.1
ksoftirqd/15 98.1
ksoftirqd/15 98.1
ksoftirqd/15 98.1
ksoftirqd/15 99.9
ksoftirqd/15 99.9
ksoftirqd/15 99.9
ksoftirqd/15 99.9
ksoftirqd/16 11.5
ksoftirqd/16 13.5
ksoftirqd/16 15.4
ksoftirqd/16 15.7
ksoftirqd/16 17.6
ksoftirqd/16 2.0
ksoftirqd/16 21.6
ksoftirqd/16 27.5
ksoftirqd/16 3.9
ksoftirqd/16 42.3
ksoftirqd/16 43.1
ksoftirqd/16 45.1
ksoftirqd/16 45.1
ksoftirqd/16 67.3
ksoftirqd/16 9.8
ksoftirqd/17 11.5
ksoftirqd/17 13.5
ksoftirqd/17 13.5
ksoftirqd/17 13.5
ksoftirqd/17 15.7
ksoftirqd/17 17.3
ksoftirqd/17 18.9
ksoftirqd/17 19.2
ksoftirqd/17 21.2
ksoftirqd/17 21.6
ksoftirqd/17 23.1
ksoftirqd/17 23.5
ksoftirqd/17 27.5
ksoftirqd/17 28.8
ksoftirqd/17 29.4
ksoftirqd/17 29.4
ksoftirqd/17 29.4
ksoftirqd/17 30.8
ksoftirqd/17 34.6
ksoftirqd/17 36.5
ksoftirqd/17 37.3
ksoftirqd/17 3.8
ksoftirqd/17 38.5
ksoftirqd/17 38.5
ksoftirqd/17 39.2
ksoftirqd/17 41.2
ksoftirqd/17 44.2
ksoftirqd/17 44.2
ksoftirqd/17 48.1
ksoftirqd/17 49.1
ksoftirqd/17 54.9
ksoftirqd/17 57.7
ksoftirqd/17 66.7
ksoftirqd/17 9.4
ksoftirqd/17 9.6
ksoftirqd/19 2.0
ksoftirqd/2 0.0
ksoftirqd/20 2.0
ksoftirqd/21 11.5
ksoftirqd/21 11.8
ksoftirqd/2 11.5
ksoftirqd/2 13.5
ksoftirqd/21 3.8
ksoftirqd/21 5.8
ksoftirqd/21 5.8
ksoftirqd/2 19.2
ksoftirqd/21 9.8
ksoftirqd/2 24.5
ksoftirqd/3 13.5
ksoftirqd/3 13.7
ksoftirqd/3 15.7
ksoftirqd/3 15.7
ksoftirqd/3 19.2
ksoftirqd/3 2.0
ksoftirqd/3 20.8
ksoftirqd/3 21.2
ksoftirqd/3 25.0
ksoftirqd/3 25.0
ksoftirqd/3 25.0
ksoftirqd/3 27.5
ksoftirqd/3 27.5
ksoftirqd/3 28.3
ksoftirqd/3 28.8
ksoftirqd/3 30.8
ksoftirqd/3 31.4
ksoftirqd/3 32.1
ksoftirqd/3 32.7
ksoftirqd/3 34.0
ksoftirqd/3 35.3
ksoftirqd/3 36.5
ksoftirqd/3 37.3
ksoftirqd/3 40.4
ksoftirqd/3 41.2
ksoftirqd/3 46.2
ksoftirqd/3 46.2
ksoftirqd/3 52.9
ksoftirqd/3 54.9
ksoftirqd/3 55.8
ksoftirqd/3 56.6
ksoftirqd/3 57.7
ksoftirqd/3 66.7
ksoftirqd/3 69.2
ksoftirqd/3 69.8
ksoftirqd/3 70.6
ksoftirqd/3 71.2
ksoftirqd/3 7.5
ksoftirqd/3 7.8
ksoftirqd/3 78.4
ksoftirqd/3 78.4
ksoftirqd/3 80.8
ksoftirqd/3 84.6
ksoftirqd/3 88.2
ksoftirqd/3 90.4
ksoftirqd/3 96.1
ksoftirqd/3 9.8
ksoftirqd/3 98.1
ksoftirqd/4 13.5
ksoftirqd/4 1.9
ksoftirqd/4 28.8
ksoftirqd/4 51.0
ksoftirqd/4 57.7
ksoftirqd/4 7.8
ksoftirqd/5 11.5
ksoftirqd/5 11.5
ksoftirqd/5 13.5
ksoftirqd/5 13.7
ksoftirqd/5 15.4
ksoftirqd/5 17.6
ksoftirqd/5 1.9
ksoftirqd/5 19.2
ksoftirqd/5 19.2
ksoftirqd/5 23.1
ksoftirqd/5 25.5
ksoftirqd/5 27.5
ksoftirqd/5 28.8
ksoftirqd/5 29.4
ksoftirqd/5 31.4
ksoftirqd/5 36.5
ksoftirqd/5 3.8
ksoftirqd/5 40.4
ksoftirqd/5 43.1
ksoftirqd/5 46.2
ksoftirqd/5 49.0
ksoftirqd/5 49.0
ksoftirqd/5 52.9
ksoftirqd/5 56.9
ksoftirqd/5 56.9
ksoftirqd/5 5.8
ksoftirqd/5 5.9
ksoftirqd/5 64.7
ksoftirqd/5 64.7
ksoftirqd/5 67.3
ksoftirqd/5 73.1
ksoftirqd/5 75.0
ksoftirqd/5 7.8
ksoftirqd/5 78.4
ksoftirqd/5 82.4
ksoftirqd/5 84.3
ksoftirqd/5 86.3
ksoftirqd/5 88.5
ksoftirqd/5 92.2
ksoftirqd/5 92.2
ksoftirqd/5 92.3
ksoftirqd/5 9.6
ksoftirqd/5 9.8
ksoftirqd/5 9.8
ksoftirqd/6 0.0
ksoftirqd/6 0.0
ksoftirqd/6 1.9
ksoftirqd/9 0.0
ksoftirqd/9 11.5
ksoftirqd/9 3.8
