vhost-11515 11.5
vhost-11515 13.5
vhost-11515 13.5
vhost-11515 13.8
vhost-11515 14.3
vhost-11515 15.4
vhost-11515 15.4
vhost-11515 15.4
vhost-11515 15.4
vhost-11515 15.4
vhost-11515 16.4
vhost-11515 16.4
vhost-11515 17.3
vhost-11515 17.3
vhost-11515 1.9
vhost-11515 1.9
vhost-11515 35.8
vhost-11515 36.5
vhost-11515 36.5
vhost-11515 36.5
vhost-11515 36.5
vhost-11515 36.5
vhost-11515 36.5
vhost-11515 36.5
vhost-11515 37.7
vhost-11515 37.7
vhost-11515 3.8
vhost-11515 3.8
vhost-11515 3.8
vhost-11515 3.8
vhost-11515 38.5
vhost-11515 38.5
vhost-11515 38.5
vhost-11515 38.5
vhost-11515 38.5
vhost-11515 38.5
vhost-11515 38.5
vhost-11515 38.5
vhost-11515 40.4
vhost-11515 5.6
vhost-11515 5.7
vhost-11515 5.7
vhost-11515 5.7
vhost-11515 5.8
vhost-11515 5.8
vhost-11515 5.8
vhost-11515 5.8
vhost-11515 7.4
vhost-11515 7.7
vhost-11515 7.7
vhost-11515 7.7
vhost-11515 7.7
vhost-11515 7.7
vhost-11515 7.7
vhost-11515 7.7
vhost-11515 9.4
vhost-11515 9.6
vhost-11515 9.6
vhost-11515 9.6
vhost-11515 9.6
vhost-11515 9.6
