vhost-15506 0.0
vhost-15506 11.5
vhost-15506 13.0
vhost-15506 13.5
vhost-15506 13.5
vhost-15506 15.4
vhost-15506 15.4
vhost-15506 16.1
vhost-15506 17.3
vhost-15506 1.9
vhost-15506 1.9
vhost-15506 1.9
vhost-15506 1.9
vhost-15506 1.9
vhost-15506 3.8
vhost-15506 3.8
vhost-15506 3.8
vhost-15506 3.8
vhost-15506 5.7
vhost-15506 5.7
vhost-15506 5.7
vhost-15506 5.7
vhost-15506 5.8
vhost-15506 5.8
vhost-15506 5.8
vhost-15506 5.8
vhost-15506 5.8
vhost-15506 7.5
vhost-15506 7.5
vhost-15506 7.7
vhost-15506 7.7
vhost-15506 7.7
vhost-15506 7.7
vhost-15506 7.7
vhost-15506 7.7
vhost-15506 7.8
vhost-15506 9.3
vhost-15506 9.6
vhost-15506 9.6
vhost-15506 9.6
