vhost-13540 11.5
vhost-13540 14.8
vhost-13540 14.8
vhost-13540 15.1
vhost-13540 15.1
vhost-13540 15.4
vhost-13540 15.4
vhost-13540 17.0
vhost-13540 17.0
vhost-13540 17.0
vhost-13540 17.2
vhost-13540 18.2
vhost-13540 18.9
vhost-13540 18.9
vhost-13540 18.9
vhost-13540 18.9
vhost-13540 19.2
vhost-13540 19.2
vhost-13540 19.2
vhost-13540 19.2
vhost-13540 19.2
vhost-13540 19.2
vhost-13540 19.2
vhost-13540 19.2
vhost-13540 19.2
vhost-13540 19.2
vhost-13540 19.2
vhost-13540 19.2
vhost-13540 19.2
vhost-13540 19.2
vhost-13540 19.2
vhost-13540 19.2
vhost-13540 19.2
vhost-13540 19.2
vhost-13540 19.2
vhost-13540 19.2
vhost-13540 19.2
vhost-13540 19.2
vhost-13540 19.6
vhost-13540 20.0
vhost-13540 20.4
vhost-13540 20.4
vhost-13540 20.4
vhost-13540 20.4
vhost-13540 20.4
vhost-13540 20.4
vhost-13540 20.8
vhost-13540 20.8
vhost-13540 20.8
vhost-13540 20.8
vhost-13540 20.8
vhost-13540 20.8
vhost-13540 21.2
vhost-13540 21.2
vhost-13540 21.2
vhost-13540 21.2
vhost-13540 21.2
vhost-13540 21.2
vhost-13540 21.2
vhost-13540 21.2
vhost-13540 21.2
vhost-13540 21.2
vhost-13540 21.2
vhost-13540 21.2
vhost-13540 21.2
vhost-13540 21.2
vhost-13540 21.2
vhost-13540 21.2
vhost-13540 21.2
vhost-13540 21.2
vhost-13540 21.2
vhost-13540 21.2
vhost-13540 21.2
vhost-13540 21.2
vhost-13540 21.2
vhost-13540 21.2
vhost-13540 21.2
vhost-13540 21.2
vhost-13540 21.2
vhost-13540 21.2
vhost-13540 21.2
vhost-13540 21.2
vhost-13540 21.2
vhost-13540 21.2
vhost-13540 21.2
vhost-13540 21.2
vhost-13540 21.2
vhost-13540 21.2
vhost-13540 21.2
vhost-13540 21.2
vhost-13540 21.2
vhost-13540 21.6
vhost-13540 21.6
vhost-13540 23.1
vhost-13540 23.1
vhost-13540 23.1
vhost-13540 9.6
