vhost-9258 11.5
vhost-9258 1.8
vhost-9258 1.9
vhost-9258 1.9
vhost-9258 2.0
vhost-9258 32.7
vhost-9258 32.7
vhost-9258 33.3
vhost-9258 33.3
vhost-9258 33.3
vhost-9258 34.0
vhost-9258 34.0
vhost-9258 34.0
vhost-9258 34.0
vhost-9258 34.0
vhost-9258 34.0
vhost-9258 34.0
vhost-9258 34.0
vhost-9258 34.6
vhost-9258 34.6
vhost-9258 34.6
vhost-9258 34.6
vhost-9258 34.6
vhost-9258 34.6
vhost-9258 34.6
vhost-9258 34.6
vhost-9258 34.6
vhost-9258 34.6
vhost-9258 34.6
vhost-9258 34.6
vhost-9258 34.6
vhost-9258 34.6
vhost-9258 34.6
vhost-9258 34.6
vhost-9258 35.3
vhost-9258 35.3
vhost-9258 35.3
vhost-9258 35.8
vhost-9258 35.8
vhost-9258 35.8
vhost-9258 35.8
vhost-9258 36.4
vhost-9258 36.5
vhost-9258 36.5
vhost-9258 36.5
vhost-9258 36.5
vhost-9258 36.5
vhost-9258 36.5
vhost-9258 36.5
vhost-9258 36.5
vhost-9258 36.5
vhost-9258 36.5
vhost-9258 36.5
vhost-9258 37.0
vhost-9258 3.8
vhost-9258 3.8
vhost-9258 3.8
vhost-9258 3.8
vhost-9258 3.8
vhost-9258 3.8
vhost-9258 3.8
vhost-9258 3.9
vhost-9258 3.9
vhost-9258 5.7
vhost-9258 9.4
