vhost-10949 13.2
vhost-10949 13.5
vhost-10949 13.5
vhost-10949 13.5
vhost-10949 13.5
vhost-10949 13.5
vhost-10949 13.5
vhost-10949 13.5
vhost-10949 13.5
vhost-10949 13.5
vhost-10949 13.5
vhost-10949 13.5
vhost-10949 13.5
vhost-10949 13.5
vhost-10949 13.5
vhost-10949 13.5
vhost-10949 13.5
vhost-10949 13.7
vhost-10949 15.1
vhost-10949 15.1
vhost-10949 15.1
vhost-10949 15.4
vhost-10949 15.4
vhost-10949 15.4
vhost-10949 15.4
vhost-10949 15.4
vhost-10949 15.4
vhost-10949 15.4
vhost-10949 15.4
vhost-10949 15.4
vhost-10949 15.4
vhost-10949 15.4
vhost-10949 15.7
vhost-10949 15.7
vhost-10949 17.3
vhost-10949 1.9
vhost-10949 28.3
vhost-10949 28.8
vhost-10949 30.2
vhost-10949 30.8
vhost-10949 30.8
vhost-10949 32.7
vhost-10949 3.8
vhost-10949 5.7
vhost-10949 7.3
vhost-10949 7.5
vhost-10949 7.7
vhost-10949 9.6
