vhost-11258 11.1
vhost-11258 11.3
vhost-11258 11.5
vhost-11258 13.2
vhost-11258 17.0
vhost-11258 17.9
vhost-11258 18.2
vhost-11258 18.9
vhost-11258 19.2
vhost-11258 19.2
vhost-11258 21.2
vhost-11258 3.8
vhost-11258 3.8
vhost-11258 3.8
vhost-11258 5.7
vhost-11258 5.7
vhost-11258 5.8
vhost-11258 5.8
vhost-11258 5.8
vhost-11258 5.8
vhost-11258 5.8
vhost-11258 5.8
vhost-11258 5.8
vhost-11258 5.8
vhost-11258 5.8
vhost-11258 5.8
vhost-11258 5.8
vhost-11258 7.4
vhost-11258 7.5
vhost-11258 7.7
vhost-11258 7.7
vhost-11258 7.7
vhost-11258 7.7
vhost-11258 7.7
vhost-11258 7.7
vhost-11258 7.7
vhost-11258 7.7
vhost-11258 7.7
vhost-11258 7.8
vhost-11258 9.3
vhost-11258 9.4
vhost-11258 9.4
vhost-11258 9.6
vhost-11258 9.6
vhost-11258 9.6
vhost-11258 9.6
vhost-11258 9.6
