vhost-8229 11.3
vhost-8229 11.3
vhost-8229 11.3
vhost-8229 11.3
vhost-8229 11.3
vhost-8229 11.3
vhost-8229 11.3
vhost-8229 11.3
vhost-8229 11.5
vhost-8229 11.5
vhost-8229 11.5
vhost-8229 11.5
vhost-8229 11.5
vhost-8229 11.5
vhost-8229 11.5
vhost-8229 11.5
vhost-8229 11.5
vhost-8229 11.5
vhost-8229 11.5
vhost-8229 11.5
vhost-8229 11.5
vhost-8229 11.5
vhost-8229 11.5
vhost-8229 11.5
vhost-8229 11.5
vhost-8229 11.5
vhost-8229 11.5
vhost-8229 11.5
vhost-8229 11.5
vhost-8229 11.8
vhost-8229 12.7
vhost-8229 12.7
vhost-8229 13.5
vhost-8229 13.5
vhost-8229 13.5
vhost-8229 13.5
vhost-8229 13.5
vhost-8229 13.5
vhost-8229 3.8
vhost-8229 3.8
vhost-8229 5.6
vhost-8229 5.7
vhost-8229 5.8
vhost-8229 5.8
vhost-8229 7.7
vhost-8229 7.7
vhost-8229 7.7
vhost-8229 7.7
vhost-8229 7.7
vhost-8229 9.3
vhost-8229 9.6
vhost-8229 9.6
vhost-8229 9.6
vhost-8229 9.6
vhost-8229 9.6
vhost-8229 9.6
vhost-8229 9.6
vhost-8229 9.8
