ksoftirqd/1 0.0
ksoftirqd/1 0.0
ksoftirqd/1 0.0
ksoftirqd/1 0.0
ksoftirqd/1 0.0
ksoftirqd/1 0.0
ksoftirqd/10 0.0
ksoftirqd/12 1.9
ksoftirqd/13 0.0
ksoftirqd/13 0.0
ksoftirqd/13 1.9
ksoftirqd/16 0.0
ksoftirqd/16 0.0
ksoftirqd/16 0.0
ksoftirqd/16 0.0
ksoftirqd/16 0.0
ksoftirqd/16 0.0
ksoftirqd/16 0.0
ksoftirqd/16 1.9
ksoftirqd/16 1.9
ksoftirqd/17 0.0
ksoftirqd/17 0.0
ksoftirqd/17 0.0
ksoftirqd/19 0.0
ksoftirqd/19 0.0
ksoftirqd/19 0.0
ksoftirqd/19 0.0
ksoftirqd/19 1.9
ksoftirqd/2 0.0
ksoftirqd/2 0.0
ksoftirqd/2 0.0
ksoftirqd/2 0.0
ksoftirqd/20 0.0
ksoftirqd/20 0.0
ksoftirqd/20 0.0
ksoftirqd/20 0.0
ksoftirqd/20 1.9
ksoftirqd/21 0.0
ksoftirqd/3 0.0
ksoftirqd/4 0.0
ksoftirqd/4 0.0
ksoftirqd/4 0.0
ksoftirqd/4 0.0
ksoftirqd/4 0.0
ksoftirqd/4 0.0
ksoftirqd/4 0.0
ksoftirqd/4 0.0
ksoftirqd/4 0.0
ksoftirqd/4 0.0
ksoftirqd/4 0.0
ksoftirqd/4 0.0
ksoftirqd/4 0.0
ksoftirqd/4 0.0
ksoftirqd/4 0.0
ksoftirqd/4 0.0
ksoftirqd/4 0.0
ksoftirqd/4 0.0
ksoftirqd/4 0.0
ksoftirqd/4 0.0
ksoftirqd/4 0.0
ksoftirqd/4 0.0
ksoftirqd/4 0.0
ksoftirqd/4 0.0
ksoftirqd/4 0.0
ksoftirqd/4 0.0
ksoftirqd/4 0.0
ksoftirqd/4 0.0
ksoftirqd/4 1.8
ksoftirqd/4 1.8
ksoftirqd/4 1.8
ksoftirqd/4 1.9
ksoftirqd/4 1.9
ksoftirqd/4 1.9
ksoftirqd/4 1.9
ksoftirqd/4 1.9
ksoftirqd/4 1.9
ksoftirqd/4 1.9
ksoftirqd/4 1.9
ksoftirqd/4 1.9
ksoftirqd/4 1.9
ksoftirqd/4 2.0
ksoftirqd/4 3.7
ksoftirqd/5 0.0
ksoftirqd/5 0.0
ksoftirqd/5 0.0
ksoftirqd/5 0.0
ksoftirqd/5 0.0
ksoftirqd/5 0.0
ksoftirqd/5 0.0
ksoftirqd/5 0.0
ksoftirqd/5 1.9
