vhost-9015 0.0
vhost-9015 11.5
vhost-9015 13.5
vhost-9015 13.5
vhost-9015 13.5
vhost-9015 13.5
vhost-9015 13.5
vhost-9015 13.5
vhost-9015 15.1
vhost-9015 15.4
vhost-9015 17.3
vhost-9015 17.3
vhost-9015 1.9
vhost-9015 1.9
vhost-9015 35.7
vhost-9015 35.8
vhost-9015 36.5
vhost-9015 36.5
vhost-9015 36.5
vhost-9015 36.5
vhost-9015 3.7
vhost-9015 3.7
vhost-9015 37.3
vhost-9015 3.8
vhost-9015 3.8
vhost-9015 3.8
vhost-9015 3.8
vhost-9015 5.8
vhost-9015 5.8
vhost-9015 5.8
vhost-9015 5.8
vhost-9015 7.5
vhost-9015 7.7
vhost-9015 7.7
vhost-9015 7.7
vhost-9015 7.7
vhost-9015 7.7
vhost-9015 9.8
