vhost-13071 11.3
vhost-13071 11.3
vhost-13071 11.5
vhost-13071 11.5
vhost-13071 11.5
vhost-13071 11.5
vhost-13071 11.5
vhost-13071 11.5
vhost-13071 12.7
vhost-13071 13.5
vhost-13071 13.5
vhost-13071 13.5
vhost-13071 13.5
vhost-13071 13.8
vhost-13071 14.5
vhost-13071 15.4
vhost-13071 15.4
vhost-13071 15.4
vhost-13071 17.3
vhost-13071 18.5
vhost-13071 18.9
vhost-13071 19.2
vhost-13071 19.2
vhost-13071 19.2
vhost-13071 19.2
vhost-13071 19.2
vhost-13071 19.2
vhost-13071 19.2
vhost-13071 20.8
vhost-13071 20.8
vhost-13071 21.2
vhost-13071 21.2
vhost-13071 21.2
vhost-13071 21.2
vhost-13071 21.2
vhost-13071 21.2
vhost-13071 21.2
vhost-13071 21.2
vhost-13071 21.2
vhost-13071 21.6
vhost-13071 22.6
vhost-13071 7.5
vhost-13071 7.5
vhost-13071 7.5
vhost-13071 7.7
vhost-13071 7.7
vhost-13071 7.7
vhost-13071 7.7
vhost-13071 9.1
vhost-13071 9.3
vhost-13071 9.4
vhost-13071 9.4
vhost-13071 9.6
vhost-13071 9.6
vhost-13071 9.6
vhost-13071 9.6
vhost-13071 9.6
vhost-13071 9.6
vhost-13071 9.6
vhost-13071 9.6
vhost-13071 9.6
vhost-13071 9.6
vhost-13071 9.8
