vhost-10303 11.3
vhost-10303 11.5
vhost-10303 11.5
vhost-10303 13.2
vhost-10303 1.9
vhost-10303 2.0
vhost-10303 21.2
vhost-10303 21.2
vhost-10303 22.6
vhost-10303 23.5
vhost-10303 25.0
vhost-10303 34.0
vhost-10303 35.8
vhost-10303 35.8
vhost-10303 35.8
vhost-10303 35.8
vhost-10303 3.8
vhost-10303 3.8
vhost-10303 3.8
vhost-10303 3.8
vhost-10303 5.6
vhost-10303 5.7
vhost-10303 5.7
vhost-10303 5.8
vhost-10303 5.8
vhost-10303 5.8
vhost-10303 5.8
vhost-10303 5.8
vhost-10303 5.8
vhost-10303 7.4
vhost-10303 7.7
vhost-10303 7.7
vhost-10303 7.7
vhost-10303 7.7
vhost-10303 9.6
vhost-10303 9.6
