vhost-14584 11.1
vhost-14584 11.1
vhost-14584 11.3
vhost-14584 11.5
vhost-14584 11.5
vhost-14584 11.5
vhost-14584 11.5
vhost-14584 11.5
vhost-14584 11.5
vhost-14584 11.5
vhost-14584 11.5
vhost-14584 11.5
vhost-14584 11.5
vhost-14584 11.5
vhost-14584 11.5
vhost-14584 11.5
vhost-14584 11.5
vhost-14584 11.5
vhost-14584 11.5
vhost-14584 13.2
vhost-14584 13.5
vhost-14584 13.5
vhost-14584 14.3
vhost-14584 14.8
vhost-14584 14.8
vhost-14584 15.1
vhost-14584 15.4
vhost-14584 15.4
vhost-14584 3.7
vhost-14584 3.8
vhost-14584 3.8
vhost-14584 3.8
vhost-14584 5.7
vhost-14584 5.8
vhost-14584 5.8
vhost-14584 5.8
vhost-14584 7.3
vhost-14584 7.4
vhost-14584 7.4
vhost-14584 7.5
vhost-14584 7.5
vhost-14584 7.7
vhost-14584 7.7
vhost-14584 7.7
vhost-14584 7.7
vhost-14584 9.6
vhost-14584 9.6
vhost-14584 9.6
vhost-14584 9.6
