vhost-10519 0.0
vhost-10519 11.3
vhost-10519 13.5
vhost-10519 14.5
vhost-10519 14.5
vhost-10519 17.0
vhost-10519 17.3
vhost-10519 17.3
vhost-10519 18.2
vhost-10519 18.9
vhost-10519 18.9
vhost-10519 18.9
vhost-10519 18.9
vhost-10519 18.9
vhost-10519 18.9
vhost-10519 18.9
vhost-10519 18.9
vhost-10519 18.9
vhost-10519 19.2
vhost-10519 19.2
vhost-10519 19.2
vhost-10519 19.2
vhost-10519 19.2
vhost-10519 19.2
vhost-10519 19.2
vhost-10519 19.2
vhost-10519 19.2
vhost-10519 19.2
vhost-10519 19.2
vhost-10519 19.2
vhost-10519 19.2
vhost-10519 19.2
vhost-10519 19.2
vhost-10519 19.2
vhost-10519 19.2
vhost-10519 19.6
vhost-10519 19.6
vhost-10519 20.4
vhost-10519 20.4
vhost-10519 20.4
vhost-10519 20.4
vhost-10519 20.8
vhost-10519 20.8
vhost-10519 20.8
vhost-10519 21.2
vhost-10519 21.2
vhost-10519 21.2
vhost-10519 21.2
vhost-10519 21.2
vhost-10519 21.2
vhost-10519 21.2
vhost-10519 21.2
vhost-10519 21.2
vhost-10519 21.2
vhost-10519 21.2
vhost-10519 21.2
vhost-10519 21.2
vhost-10519 21.2
vhost-10519 21.2
vhost-10519 21.2
vhost-10519 21.2
vhost-10519 21.6
vhost-10519 3.8
vhost-10519 3.8
vhost-10519 5.6
vhost-10519 5.8
vhost-10519 5.8
vhost-10519 5.8
vhost-10519 5.8
vhost-10519 5.8
vhost-10519 7.7
vhost-10519 7.7
vhost-10519 7.7
vhost-10519 7.7
vhost-10519 9.4
