ksoftirqd/0 0.0
ksoftirqd/0 0.0
ksoftirqd/3 0.0
ksoftirqd/3 11.5
ksoftirqd/3 13.5
ksoftirqd/3 15.4
ksoftirqd/3 15.4
ksoftirqd/3 15.4
ksoftirqd/3 15.7
ksoftirqd/3 17.3
ksoftirqd/3 17.3
ksoftirqd/3 17.3
ksoftirqd/3 17.3
ksoftirqd/3 17.3
ksoftirqd/3 17.6
ksoftirqd/3 17.6
ksoftirqd/3 17.6
ksoftirqd/3 17.6
ksoftirqd/3 1.9
ksoftirqd/3 19.2
ksoftirqd/3 19.2
ksoftirqd/3 19.2
ksoftirqd/3 19.6
ksoftirqd/3 19.6
ksoftirqd/3 19.6
ksoftirqd/3 21.2
ksoftirqd/3 21.2
ksoftirqd/3 21.6
ksoftirqd/3 21.6
ksoftirqd/3 21.6
ksoftirqd/3 23.1
ksoftirqd/3 23.1
ksoftirqd/3 23.5
ksoftirqd/3 23.5
ksoftirqd/3 23.5
ksoftirqd/3 25.0
ksoftirqd/3 25.0
ksoftirqd/3 25.5
ksoftirqd/3 25.5
ksoftirqd/3 25.5
ksoftirqd/3 26.9
ksoftirqd/3 26.9
ksoftirqd/3 26.9
ksoftirqd/3 27.5
ksoftirqd/3 28.8
ksoftirqd/3 28.8
ksoftirqd/3 28.8
ksoftirqd/3 28.8
ksoftirqd/3 28.8
ksoftirqd/3 28.8
ksoftirqd/3 29.4
ksoftirqd/3 29.4
ksoftirqd/3 30.8
ksoftirqd/3 30.8
ksoftirqd/3 30.8
ksoftirqd/3 31.4
ksoftirqd/3 32.7
ksoftirqd/3 32.7
ksoftirqd/3 32.7
ksoftirqd/3 32.7
ksoftirqd/3 32.7
ksoftirqd/3 32.7
ksoftirqd/3 32.7
ksoftirqd/3 33.3
ksoftirqd/3 33.3
ksoftirqd/3 34.6
ksoftirqd/3 34.6
ksoftirqd/3 34.6
ksoftirqd/3 35.3
ksoftirqd/3 36.5
ksoftirqd/3 3.8
ksoftirqd/3 38.5
ksoftirqd/3 38.5
ksoftirqd/3 38.5
ksoftirqd/3 38.5
ksoftirqd/3 3.9
ksoftirqd/3 39.2
ksoftirqd/3 40.4
ksoftirqd/3 41.2
ksoftirqd/3 41.2
ksoftirqd/3 42.3
ksoftirqd/3 42.3
ksoftirqd/3 42.3
ksoftirqd/3 42.3
ksoftirqd/3 43.1
ksoftirqd/3 43.1
ksoftirqd/3 43.1
ksoftirqd/3 44.2
ksoftirqd/3 44.2
ksoftirqd/3 46.2
ksoftirqd/3 46.2
ksoftirqd/3 46.2
ksoftirqd/3 47.1
ksoftirqd/3 47.1
ksoftirqd/3 49.0
ksoftirqd/3 49.0
ksoftirqd/3 51.0
ksoftirqd/3 51.9
ksoftirqd/3 52.9
ksoftirqd/3 52.9
ksoftirqd/3 53.8
ksoftirqd/3 5.8
ksoftirqd/3 58.8
ksoftirqd/3 5.9
ksoftirqd/3 59.6
ksoftirqd/3 61.5
ksoftirqd/3 64.7
ksoftirqd/3 65.4
ksoftirqd/3 68.6
ksoftirqd/3 76.5
ksoftirqd/3 7.7
ksoftirqd/3 9.6
ksoftirqd/3 9.6
ksoftirqd/3 9.6
ksoftirqd/3 9.8
ksoftirqd/3 9.8
ksoftirqd/3 9.8
ksoftirqd/6 0.0
ksoftirqd/6 15.7
ksoftirqd/6 1.9
ksoftirqd/6 2.0
ksoftirqd/6 3.8
ksoftirqd/6 3.8
ksoftirqd/6 65.4
ksoftirqd/6 99.9
