vhost-14121 11.3
vhost-14121 11.3
vhost-14121 11.3
vhost-14121 11.3
vhost-14121 11.3
vhost-14121 11.5
vhost-14121 11.5
vhost-14121 11.5
vhost-14121 11.5
vhost-14121 11.5
vhost-14121 13.2
vhost-14121 13.2
vhost-14121 13.7
vhost-14121 1.9
vhost-14121 1.9
vhost-14121 19.2
vhost-14121 3.8
vhost-14121 3.8
vhost-14121 3.8
vhost-14121 3.8
vhost-14121 3.8
vhost-14121 3.8
vhost-14121 3.8
vhost-14121 3.8
vhost-14121 3.8
vhost-14121 3.8
vhost-14121 3.8
vhost-14121 3.8
vhost-14121 5.7
vhost-14121 5.7
vhost-14121 5.7
vhost-14121 5.7
vhost-14121 5.7
vhost-14121 5.7
vhost-14121 5.7
vhost-14121 5.8
vhost-14121 5.8
vhost-14121 7.4
vhost-14121 7.4
vhost-14121 7.5
vhost-14121 7.5
vhost-14121 7.5
vhost-14121 7.5
vhost-14121 7.5
vhost-14121 7.5
vhost-14121 7.5
vhost-14121 7.5
vhost-14121 7.5
vhost-14121 7.5
vhost-14121 7.7
vhost-14121 7.7
vhost-14121 7.7
vhost-14121 7.7
vhost-14121 7.7
vhost-14121 7.7
vhost-14121 7.7
vhost-14121 9.4
vhost-14121 9.4
vhost-14121 9.4
vhost-14121 9.4
vhost-14121 9.4
vhost-14121 9.4
vhost-14121 9.4
vhost-14121 9.4
vhost-14121 9.4
vhost-14121 9.4
vhost-14121 9.6
vhost-14121 9.6
vhost-14121 9.6
vhost-14387 11.3
vhost-14387 11.3
vhost-14387 11.3
vhost-14387 11.5
vhost-14387 11.5
vhost-14387 11.5
vhost-14387 1.9
vhost-14387 1.9
vhost-14387 3.7
vhost-14387 3.8
vhost-14387 3.8
vhost-14387 3.8
vhost-14387 3.8
vhost-14387 3.8
vhost-14387 3.8
vhost-14387 3.8
vhost-14387 3.8
vhost-14387 3.8
vhost-14387 3.8
vhost-14387 5.7
vhost-14387 5.7
vhost-14387 5.7
vhost-14387 5.7
vhost-14387 5.8
vhost-14387 5.8
vhost-14387 5.8
vhost-14387 7.5
vhost-14387 7.5
vhost-14387 7.5
vhost-14387 7.5
vhost-14387 7.7
vhost-14387 9.4
vhost-14387 9.6
vhost-14387 9.8
vhost-14655 11.3
vhost-14655 11.3
vhost-14655 11.5
vhost-14655 13.5
vhost-14655 13.5
vhost-14655 13.5
vhost-14655 1.9
vhost-14655 1.9
vhost-14655 1.9
vhost-14655 1.9
vhost-14655 3.8
vhost-14655 3.8
vhost-14655 3.8
vhost-14655 3.8
vhost-14655 3.8
vhost-14655 3.8
vhost-14655 3.8
vhost-14655 3.8
vhost-14655 5.7
vhost-14655 5.7
vhost-14655 5.8
vhost-14655 5.8
vhost-14655 5.8
vhost-14655 7.5
vhost-14655 7.5
vhost-14655 7.5
vhost-14655 7.5
vhost-14655 7.5
vhost-14655 7.5
vhost-14655 7.5
vhost-14655 7.5
vhost-14655 7.5
vhost-14655 7.5
vhost-14655 7.5
vhost-14655 7.5
vhost-14655 7.7
vhost-14655 7.7
vhost-14655 7.7
vhost-14655 9.4
vhost-14655 9.4
vhost-14655 9.4
vhost-14655 9.4
vhost-14655 9.4
vhost-14655 9.6
vhost-14655 9.6
vhost-14949 1.9
vhost-14949 1.9
vhost-14949 1.9
vhost-14949 1.9
vhost-14949 1.9
vhost-14949 1.9
vhost-14949 3.7
vhost-14949 3.8
vhost-14949 3.8
vhost-14949 3.8
vhost-14949 3.8
vhost-14949 3.8
vhost-14949 5.7
vhost-14949 5.8
vhost-14949 5.8
vhost-14949 7.5
vhost-14949 7.5
vhost-14949 7.5
vhost-14949 7.5
vhost-14949 7.5
vhost-14949 7.5
vhost-14949 7.7
vhost-14949 7.7
vhost-14949 7.7
vhost-14949 7.7
vhost-14949 7.7
vhost-14949 9.4
vhost-14949 9.6
vhost-15256 11.3
vhost-15256 11.3
vhost-15256 11.3
vhost-15256 11.5
vhost-15256 11.5
vhost-15256 11.5
vhost-15256 11.5
vhost-15256 11.5
vhost-15256 11.5
vhost-15256 11.5
vhost-15256 13.2
vhost-15256 13.5
vhost-15256 13.5
vhost-15256 1.9
vhost-15256 1.9
vhost-15256 3.8
vhost-15256 3.8
vhost-15256 3.8
vhost-15256 5.7
vhost-15256 5.7
vhost-15256 5.7
vhost-15256 5.8
vhost-15256 5.8
vhost-15256 5.8
vhost-15256 7.5
vhost-15256 7.5
vhost-15256 7.5
vhost-15256 7.5
vhost-15256 7.5
vhost-15256 7.5
vhost-15256 7.5
vhost-15256 7.5
vhost-15256 7.5
vhost-15256 7.5
vhost-15256 7.5
vhost-15256 7.5
vhost-15256 7.7
vhost-15256 9.3
vhost-15256 9.4
vhost-15256 9.4
vhost-15256 9.4
vhost-15256 9.4
vhost-15256 9.4
vhost-15256 9.6
vhost-15256 9.6
vhost-15256 9.6
vhost-15565 11.3
vhost-15565 11.3
vhost-15565 11.3
vhost-15565 11.5
vhost-15565 11.5
vhost-15565 11.5
vhost-15565 13.2
vhost-15565 13.2
vhost-15565 13.2
vhost-15565 13.5
vhost-15565 13.5
vhost-15565 3.8
vhost-15565 3.8
vhost-15565 3.8
vhost-15565 3.8
vhost-15565 3.8
vhost-15565 3.8
vhost-15565 3.8
vhost-15565 3.8
vhost-15565 3.8
vhost-15565 5.7
vhost-15565 5.7
vhost-15565 5.7
vhost-15565 5.7
vhost-15565 5.7
vhost-15565 5.7
vhost-15565 5.8
vhost-15565 5.8
vhost-15565 5.8
vhost-15565 5.8
vhost-15565 7.5
vhost-15565 7.5
vhost-15565 7.5
vhost-15565 7.5
vhost-15565 7.5
vhost-15565 7.5
vhost-15565 7.5
vhost-15565 7.5
vhost-15565 7.5
vhost-15565 7.5
vhost-15565 7.5
vhost-15565 7.5
vhost-15565 7.5
vhost-15565 7.7
vhost-15565 7.7
vhost-15565 7.7
vhost-15565 7.7
vhost-15565 7.7
vhost-15565 7.7
vhost-15565 7.8
vhost-15565 9.4
vhost-15565 9.4
vhost-15565 9.4
vhost-15565 9.4
vhost-15565 9.4
vhost-15565 9.4
vhost-15565 9.4
vhost-15565 9.6
vhost-15565 9.6
vhost-15565 9.6
vhost-15565 9.6
vhost-15565 9.6
vhost-15822 11.3
vhost-15822 11.3
vhost-15822 11.3
vhost-15822 11.3
vhost-15822 11.3
vhost-15822 11.3
vhost-15822 11.3
vhost-15822 11.3
vhost-15822 11.5
vhost-15822 11.5
vhost-15822 11.5
vhost-15822 11.5
vhost-15822 11.5
vhost-15822 11.5
vhost-15822 13.2
vhost-15822 13.2
vhost-15822 13.2
vhost-15822 13.5
vhost-15822 13.5
vhost-15822 13.5
vhost-15822 13.5
vhost-15822 1.9
vhost-15822 1.9
vhost-15822 3.8
vhost-15822 3.8
vhost-15822 3.8
vhost-15822 3.8
vhost-15822 3.8
vhost-15822 3.8
vhost-15822 3.8
vhost-15822 5.7
vhost-15822 5.7
vhost-15822 5.7
vhost-15822 5.8
vhost-15822 5.8
vhost-15822 5.8
vhost-15822 5.8
vhost-15822 5.9
vhost-15822 7.5
vhost-15822 7.5
vhost-15822 7.5
vhost-15822 7.5
vhost-15822 7.5
vhost-15822 7.5
vhost-15822 7.5
vhost-15822 7.7
vhost-15822 7.7
vhost-15822 7.7
vhost-15822 7.7
vhost-15822 9.3
vhost-15822 9.3
vhost-15822 9.4
vhost-15822 9.4
vhost-15822 9.4
vhost-15822 9.4
vhost-15822 9.4
vhost-15822 9.4
vhost-15822 9.6
vhost-15822 9.6
vhost-15822 9.6
vhost-15822 9.6
vhost-16133 0.0
vhost-16133 11.3
vhost-16133 11.3
vhost-16133 11.3
vhost-16133 11.3
vhost-16133 11.3
vhost-16133 11.5
vhost-16133 13.2
vhost-16133 13.5
vhost-16133 13.5
vhost-16133 13.5
vhost-16133 1.9
vhost-16133 1.9
vhost-16133 3.8
vhost-16133 3.8
vhost-16133 3.8
vhost-16133 5.7
vhost-16133 5.7
vhost-16133 5.7
vhost-16133 5.7
vhost-16133 5.7
vhost-16133 5.7
vhost-16133 5.8
vhost-16133 5.8
vhost-16133 7.5
vhost-16133 7.5
vhost-16133 7.5
vhost-16133 7.5
vhost-16133 7.5
vhost-16133 7.5
vhost-16133 7.7
vhost-16133 7.7
vhost-16133 7.7
vhost-16133 7.7
vhost-16133 7.7
vhost-16133 7.7
vhost-16133 7.7
vhost-16133 9.4
vhost-16133 9.4
vhost-16133 9.4
vhost-16133 9.4
vhost-16133 9.4
vhost-16133 9.6
vhost-16506 11.3
vhost-16506 11.3
vhost-16506 11.3
vhost-16506 11.3
vhost-16506 11.3
vhost-16506 11.3
vhost-16506 11.3
vhost-16506 11.3
vhost-16506 11.3
vhost-16506 11.5
vhost-16506 11.5
vhost-16506 13.2
vhost-16506 1.9
vhost-16506 1.9
vhost-16506 1.9
vhost-16506 3.8
vhost-16506 3.8
vhost-16506 3.8
vhost-16506 3.8
vhost-16506 3.8
vhost-16506 3.8
vhost-16506 5.7
vhost-16506 5.7
vhost-16506 5.7
vhost-16506 5.8
vhost-16506 5.8
vhost-16506 5.8
vhost-16506 7.5
vhost-16506 7.5
vhost-16506 7.5
vhost-16506 7.5
vhost-16506 7.5
vhost-16506 7.5
vhost-16506 7.5
vhost-16506 7.5
vhost-16506 7.7
vhost-16506 7.7
vhost-16506 7.7
vhost-16506 7.7
vhost-16506 7.7
vhost-16506 9.4
vhost-16506 9.6
vhost-16867 11.3
vhost-16867 11.3
vhost-16867 11.3
vhost-16867 11.3
vhost-16867 11.3
vhost-16867 11.3
vhost-16867 11.3
vhost-16867 11.3
vhost-16867 11.5
vhost-16867 11.5
vhost-16867 11.5
vhost-16867 11.5
vhost-16867 11.5
vhost-16867 11.5
vhost-16867 13.2
vhost-16867 13.2
vhost-16867 13.2
vhost-16867 13.5
vhost-16867 3.8
vhost-16867 3.8
vhost-16867 3.8
vhost-16867 5.7
vhost-16867 5.7
vhost-16867 5.7
vhost-16867 5.7
vhost-16867 5.7
vhost-16867 5.8
vhost-16867 7.5
vhost-16867 7.5
vhost-16867 7.5
vhost-16867 7.5
vhost-16867 7.5
vhost-16867 7.5
vhost-16867 7.5
vhost-16867 7.7
vhost-16867 7.7
vhost-16867 7.7
vhost-16867 7.7
vhost-16867 7.7
vhost-16867 7.7
vhost-16867 7.7
vhost-16867 7.7
vhost-16867 9.4
vhost-16867 9.4
vhost-16867 9.4
vhost-16867 9.4
vhost-16867 9.4
vhost-16867 9.4
vhost-16867 9.6
vhost-17123 11.3
vhost-17123 11.3
vhost-17123 11.3
vhost-17123 11.3
vhost-17123 11.3
vhost-17123 11.3
vhost-17123 11.3
vhost-17123 11.3
vhost-17123 11.3
vhost-17123 11.3
vhost-17123 11.3
vhost-17123 11.3
vhost-17123 11.3
vhost-17123 11.5
vhost-17123 11.5
vhost-17123 11.5
vhost-17123 11.5
vhost-17123 11.5
vhost-17123 11.5
vhost-17123 11.5
vhost-17123 11.5
vhost-17123 11.5
vhost-17123 11.5
vhost-17123 13.2
vhost-17123 13.2
vhost-17123 13.2
vhost-17123 13.2
vhost-17123 13.5
vhost-17123 13.5
vhost-17123 13.5
vhost-17123 15.4
vhost-17123 15.4
vhost-17123 3.8
vhost-17123 3.8
vhost-17123 5.8
vhost-17123 5.8
vhost-17123 7.5
vhost-17123 7.5
vhost-17123 7.5
vhost-17123 7.5
vhost-17123 7.5
vhost-17123 7.5
vhost-17123 7.5
vhost-17123 7.5
vhost-17123 7.5
vhost-17123 7.5
vhost-17123 7.5
vhost-17123 7.5
vhost-17123 7.5
vhost-17123 7.7
vhost-17123 7.7
vhost-17123 7.7
vhost-17123 7.7
vhost-17123 7.7
vhost-17123 7.7
vhost-17123 9.4
vhost-17123 9.4
vhost-17123 9.4
vhost-17123 9.4
vhost-17123 9.4
vhost-17123 9.4
vhost-17123 9.4
vhost-17123 9.4
vhost-17123 9.6
vhost-17123 9.6
vhost-17123 9.6
vhost-17123 9.6
vhost-17123 9.6
vhost-17123 9.6
vhost-17434 11.3
vhost-17434 11.5
vhost-17434 1.9
vhost-17434 3.8
vhost-17434 3.8
vhost-17434 3.8
vhost-17434 3.8
vhost-17434 3.8
vhost-17434 5.7
vhost-17434 5.8
vhost-17434 5.8
vhost-17434 5.8
vhost-17434 7.5
vhost-17434 7.5
vhost-17434 7.5
vhost-17434 7.7
vhost-17434 7.7
vhost-17434 7.7
vhost-17434 7.7
vhost-17434 9.4
vhost-17434 9.4
vhost-17434 9.4
vhost-17812 11.3
vhost-17812 11.3
vhost-17812 11.5
vhost-17812 11.5
vhost-17812 11.5
vhost-17812 11.5
vhost-17812 13.2
vhost-17812 13.2
vhost-17812 1.9
vhost-17812 1.9
vhost-17812 3.8
vhost-17812 3.8
vhost-17812 3.8
vhost-17812 3.8
vhost-17812 5.6
vhost-17812 5.7
vhost-17812 5.7
vhost-17812 5.7
vhost-17812 5.7
vhost-17812 5.7
vhost-17812 5.8
vhost-17812 5.8
vhost-17812 7.4
vhost-17812 7.5
vhost-17812 7.5
vhost-17812 7.5
vhost-17812 7.5
vhost-17812 7.5
vhost-17812 7.5
vhost-17812 7.7
vhost-17812 7.7
vhost-17812 7.7
vhost-17812 7.7
vhost-17812 7.7
vhost-17812 7.7
vhost-17812 7.7
vhost-17812 7.7
vhost-17812 9.4
vhost-17812 9.6
vhost-17812 9.6
vhost-18152 11.3
vhost-18152 11.3
vhost-18152 11.3
vhost-18152 11.3
vhost-18152 11.3
vhost-18152 11.5
vhost-18152 11.5
vhost-18152 11.5
vhost-18152 11.5
vhost-18152 13.2
vhost-18152 13.2
vhost-18152 13.2
vhost-18152 1.9
vhost-18152 1.9
vhost-18152 3.7
vhost-18152 3.8
vhost-18152 3.8
vhost-18152 3.8
vhost-18152 3.8
vhost-18152 5.7
vhost-18152 5.7
vhost-18152 5.8
vhost-18152 7.5
vhost-18152 7.5
vhost-18152 7.5
vhost-18152 7.5
vhost-18152 7.5
vhost-18152 7.7
vhost-18152 7.7
vhost-18152 7.7
vhost-18152 7.7
vhost-18152 9.3
vhost-18152 9.3
vhost-18152 9.4
vhost-18152 9.4
vhost-18152 9.4
vhost-18152 9.4
vhost-18152 9.4
vhost-18152 9.6
vhost-18152 9.6
vhost-18411 11.3
vhost-18411 11.3
vhost-18411 11.3
vhost-18411 11.3
vhost-18411 11.5
vhost-18411 11.5
vhost-18411 13.2
vhost-18411 13.2
vhost-18411 13.2
vhost-18411 13.2
vhost-18411 13.5
vhost-18411 1.9
vhost-18411 1.9
vhost-18411 3.8
vhost-18411 3.8
vhost-18411 5.6
vhost-18411 5.7
vhost-18411 5.7
vhost-18411 5.7
vhost-18411 5.7
vhost-18411 5.7
vhost-18411 5.8
vhost-18411 7.5
vhost-18411 7.5
vhost-18411 7.5
vhost-18411 7.5
vhost-18411 7.5
vhost-18411 7.5
vhost-18411 7.7
vhost-18411 7.7
vhost-18411 7.7
vhost-18411 7.7
vhost-18411 7.7
vhost-18411 7.7
vhost-18411 7.7
vhost-18411 7.7
vhost-18411 7.7
vhost-18411 9.4
vhost-18411 9.4
vhost-18411 9.4
vhost-18411 9.4
vhost-18411 9.4
vhost-18411 9.4
vhost-18411 9.6
vhost-18411 9.6
vhost-18411 9.6
vhost-18411 9.6
vhost-18411 9.6
vhost-18729 11.3
vhost-18729 11.3
vhost-18729 11.3
vhost-18729 11.3
vhost-18729 11.5
vhost-18729 11.5
vhost-18729 11.5
vhost-18729 11.5
vhost-18729 11.5
vhost-18729 11.5
vhost-18729 13.2
vhost-18729 1.9
vhost-18729 3.8
vhost-18729 5.7
vhost-18729 5.7
vhost-18729 5.7
vhost-18729 5.7
vhost-18729 5.8
vhost-18729 7.4
vhost-18729 7.4
vhost-18729 7.5
vhost-18729 7.5
vhost-18729 7.5
vhost-18729 7.5
vhost-18729 7.5
vhost-18729 7.5
vhost-18729 7.5
vhost-18729 7.5
vhost-18729 7.5
vhost-18729 7.5
vhost-18729 7.5
vhost-18729 7.7
vhost-18729 7.7
vhost-18729 7.7
vhost-18729 9.4
vhost-18729 9.4
vhost-18729 9.4
vhost-18729 9.4
vhost-18729 9.6
vhost-18729 9.6
vhost-18729 9.6
vhost-18729 9.6
vhost-18729 9.6
vhost-18729 9.6
vhost-18729 9.6
vhost-18729 9.6
vhost-19063 0.0
vhost-19063 11.3
vhost-19063 11.3
vhost-19063 11.3
vhost-19063 11.3
vhost-19063 11.3
vhost-19063 11.3
vhost-19063 11.3
vhost-19063 11.3
vhost-19063 11.3
vhost-19063 11.5
vhost-19063 11.5
vhost-19063 11.5
vhost-19063 13.2
vhost-19063 13.2
vhost-19063 13.2
vhost-19063 13.2
vhost-19063 13.2
vhost-19063 13.5
vhost-19063 13.5
vhost-19063 15.1
vhost-19063 15.4
vhost-19063 1.9
vhost-19063 3.8
vhost-19063 3.8
vhost-19063 3.8
vhost-19063 3.8
vhost-19063 3.8
vhost-19063 3.8
vhost-19063 3.8
vhost-19063 5.7
vhost-19063 5.7
vhost-19063 5.7
vhost-19063 5.8
vhost-19063 7.5
vhost-19063 7.5
vhost-19063 7.5
vhost-19063 7.5
vhost-19063 7.5
vhost-19063 7.5
vhost-19063 7.5
vhost-19063 7.7
vhost-19063 7.7
vhost-19063 9.4
vhost-19063 9.4
vhost-19063 9.4
vhost-19063 9.4
vhost-19063 9.4
vhost-19063 9.4
vhost-19063 9.4
vhost-19063 9.4
vhost-19063 9.6
vhost-19443 11.3
vhost-19443 11.3
vhost-19443 11.3
vhost-19443 11.3
vhost-19443 11.3
vhost-19443 11.3
vhost-19443 11.5
vhost-19443 11.5
vhost-19443 11.5
vhost-19443 11.5
vhost-19443 13.2
vhost-19443 13.2
vhost-19443 13.2
vhost-19443 13.5
vhost-19443 13.5
vhost-19443 15.1
vhost-19443 15.4
vhost-19443 3.8
vhost-19443 3.8
vhost-19443 3.8
vhost-19443 3.8
vhost-19443 5.7
vhost-19443 5.7
vhost-19443 5.7
vhost-19443 5.8
vhost-19443 5.8
vhost-19443 5.8
vhost-19443 5.8
vhost-19443 7.5
vhost-19443 7.5
vhost-19443 7.5
vhost-19443 7.5
vhost-19443 7.5
vhost-19443 7.5
vhost-19443 7.5
vhost-19443 7.5
vhost-19443 7.5
vhost-19443 7.5
vhost-19443 7.5
vhost-19443 7.5
vhost-19443 7.5
vhost-19443 7.5
vhost-19443 7.5
vhost-19443 7.5
vhost-19443 7.7
vhost-19443 7.7
vhost-19443 7.7
vhost-19443 9.3
vhost-19443 9.3
vhost-19443 9.4
vhost-19443 9.4
vhost-19443 9.4
vhost-19443 9.4
vhost-19443 9.4
vhost-19443 9.4
vhost-19443 9.4
vhost-19443 9.4
vhost-19443 9.6
vhost-19726 11.3
vhost-19726 11.5
vhost-19726 11.5
vhost-19726 11.5
vhost-19726 13.2
vhost-19726 13.2
vhost-19726 13.2
vhost-19726 15.4
vhost-19726 3.8
vhost-19726 3.8
vhost-19726 3.8
vhost-19726 3.8
vhost-19726 3.8
vhost-19726 3.8
vhost-19726 3.8
vhost-19726 5.6
vhost-19726 5.7
vhost-19726 5.7
vhost-19726 5.7
vhost-19726 5.7
vhost-19726 5.7
vhost-19726 7.5
vhost-19726 7.5
vhost-19726 7.5
vhost-19726 7.5
vhost-19726 7.5
vhost-19726 7.5
vhost-19726 7.5
vhost-19726 7.5
vhost-19726 7.5
vhost-19726 7.5
vhost-19726 7.7
vhost-19726 7.7
vhost-19726 7.7
vhost-19726 9.4
vhost-19726 9.4
vhost-20040 11.1
vhost-20040 11.5
vhost-20040 1.9
vhost-20040 1.9
vhost-20040 1.9
vhost-20040 1.9
vhost-20040 1.9
vhost-20040 1.9
vhost-20040 3.8
vhost-20040 3.8
vhost-20040 3.8
vhost-20040 3.8
vhost-20040 3.8
vhost-20040 3.8
vhost-20040 3.8
vhost-20040 3.8
vhost-20040 3.8
vhost-20040 3.8
vhost-20040 3.8
vhost-20040 3.8
vhost-20040 3.8
vhost-20040 3.8
vhost-20040 3.8
vhost-20040 5.7
vhost-20040 5.7
vhost-20040 5.7
vhost-20040 5.7
vhost-20040 5.8
vhost-20040 5.8
vhost-20040 5.8
vhost-20040 7.5
vhost-20040 7.5
vhost-20040 7.5
vhost-20040 7.5
vhost-20040 7.5
vhost-20040 7.5
vhost-20040 7.5
vhost-20040 7.5
vhost-20040 7.5
vhost-20040 7.5
vhost-20040 7.7
vhost-20040 7.7
vhost-20040 7.7
vhost-20040 7.7
vhost-20040 7.7
vhost-20040 7.7
vhost-20040 9.4
vhost-20040 9.4
vhost-20432 11.3
vhost-20432 11.3
vhost-20432 11.3
vhost-20432 11.3
vhost-20432 11.3
vhost-20432 11.3
vhost-20432 11.3
vhost-20432 11.3
vhost-20432 11.3
vhost-20432 11.5
vhost-20432 11.5
vhost-20432 11.5
vhost-20432 11.5
vhost-20432 13.2
vhost-20432 13.2
vhost-20432 13.5
vhost-20432 1.9
vhost-20432 1.9
vhost-20432 3.8
vhost-20432 3.8
vhost-20432 3.8
vhost-20432 5.7
vhost-20432 5.7
vhost-20432 5.7
vhost-20432 5.7
vhost-20432 5.7
vhost-20432 7.5
vhost-20432 7.5
vhost-20432 7.5
vhost-20432 7.5
vhost-20432 7.5
vhost-20432 7.5
vhost-20432 7.5
vhost-20432 7.5
vhost-20432 7.5
vhost-20432 7.5
vhost-20432 7.5
vhost-20432 7.5
vhost-20432 7.7
vhost-20432 7.7
vhost-20432 7.7
vhost-20432 9.4
vhost-20708 11.1
vhost-20708 11.3
vhost-20708 11.3
vhost-20708 11.3
vhost-20708 11.3
vhost-20708 11.3
vhost-20708 11.3
vhost-20708 11.3
vhost-20708 11.3
vhost-20708 11.5
vhost-20708 11.5
vhost-20708 1.9
vhost-20708 1.9
vhost-20708 3.8
vhost-20708 3.8
vhost-20708 3.8
vhost-20708 3.8
vhost-20708 3.8
vhost-20708 3.8
vhost-20708 5.7
vhost-20708 5.7
vhost-20708 5.7
vhost-20708 5.7
vhost-20708 5.7
vhost-20708 5.7
vhost-20708 5.7
vhost-20708 5.8
vhost-20708 5.8
vhost-20708 5.8
vhost-20708 7.4
vhost-20708 7.5
vhost-20708 7.5
vhost-20708 7.5
vhost-20708 7.5
vhost-20708 7.5
vhost-20708 7.5
vhost-20708 7.5
vhost-20708 7.5
vhost-20708 7.5
vhost-20708 7.7
vhost-20708 7.7
vhost-20708 7.7
vhost-20708 7.7
vhost-20708 9.4
vhost-20708 9.4
vhost-20708 9.4
vhost-20708 9.4
vhost-20708 9.6
vhost-20708 9.6
vhost-20708 9.6
vhost-20708 9.6
vhost-20708 9.6
vhost-21061 11.3
vhost-21061 11.3
vhost-21061 11.3
vhost-21061 11.3
vhost-21061 11.3
vhost-21061 11.3
vhost-21061 11.3
vhost-21061 11.5
vhost-21061 11.5
vhost-21061 11.5
vhost-21061 13.2
vhost-21061 13.2
vhost-21061 13.2
vhost-21061 13.2
vhost-21061 13.5
vhost-21061 13.5
vhost-21061 15.4
vhost-21061 1.9
vhost-21061 1.9
vhost-21061 3.8
vhost-21061 3.8
vhost-21061 3.8
vhost-21061 5.7
vhost-21061 5.7
vhost-21061 5.7
vhost-21061 5.7
vhost-21061 5.8
vhost-21061 5.8
vhost-21061 5.8
vhost-21061 5.8
vhost-21061 7.5
vhost-21061 7.5
vhost-21061 7.5
vhost-21061 7.5
vhost-21061 7.5
vhost-21061 7.5
vhost-21061 7.5
vhost-21061 7.5
vhost-21061 7.7
vhost-21061 7.7
vhost-21061 7.7
vhost-21061 7.7
vhost-21061 7.7
vhost-21061 7.7
vhost-21061 9.4
vhost-21061 9.4
vhost-21061 9.4
vhost-21061 9.6
vhost-21061 9.6
vhost-21061 9.6
vhost-21430 0.0
vhost-21430 11.3
vhost-21430 11.3
vhost-21430 11.3
vhost-21430 11.3
vhost-21430 11.5
vhost-21430 11.5
vhost-21430 11.5
vhost-21430 1.9
vhost-21430 1.9
vhost-21430 1.9
vhost-21430 3.7
vhost-21430 3.7
vhost-21430 3.8
vhost-21430 3.8
vhost-21430 3.8
vhost-21430 3.8
vhost-21430 3.8
vhost-21430 3.8
vhost-21430 3.8
vhost-21430 3.8
vhost-21430 3.8
vhost-21430 3.8
vhost-21430 5.7
vhost-21430 5.7
vhost-21430 5.7
vhost-21430 5.7
vhost-21430 5.7
vhost-21430 5.7
vhost-21430 5.7
vhost-21430 5.7
vhost-21430 5.8
vhost-21430 5.8
vhost-21430 5.8
vhost-21430 7.5
vhost-21430 7.5
vhost-21430 7.5
vhost-21430 7.5
vhost-21430 7.5
vhost-21430 7.5
vhost-21430 7.5
vhost-21430 7.5
vhost-21430 7.5
vhost-21430 7.5
vhost-21430 7.5
vhost-21430 7.5
vhost-21430 7.5
vhost-21430 7.7
vhost-21430 7.7
vhost-21430 7.7
vhost-21430 7.7
vhost-21430 7.7
vhost-21430 7.7
vhost-21430 7.7
vhost-21430 7.7
vhost-21430 9.4
vhost-21430 9.4
vhost-21714 11.3
vhost-21714 11.3
vhost-21714 11.3
vhost-21714 11.3
vhost-21714 11.3
vhost-21714 11.5
vhost-21714 13.2
vhost-21714 13.2
vhost-21714 13.5
vhost-21714 13.5
vhost-21714 1.9
vhost-21714 3.8
vhost-21714 3.8
vhost-21714 3.8
vhost-21714 3.8
vhost-21714 3.8
vhost-21714 3.8
vhost-21714 3.8
vhost-21714 3.8
vhost-21714 5.7
vhost-21714 5.7
vhost-21714 5.7
vhost-21714 5.7
vhost-21714 5.8
vhost-21714 5.8
vhost-21714 5.8
vhost-21714 5.8
vhost-21714 5.8
vhost-21714 5.8
vhost-21714 7.4
vhost-21714 7.5
vhost-21714 7.5
vhost-21714 7.5
vhost-21714 7.5
vhost-21714 7.5
vhost-21714 7.5
vhost-21714 7.5
vhost-21714 7.5
vhost-21714 7.5
vhost-21714 7.7
vhost-21714 7.7
vhost-21714 7.7
vhost-21714 7.7
vhost-21714 7.7
vhost-21714 7.7
vhost-21714 7.7
vhost-21714 7.7
vhost-21714 7.7
vhost-21714 7.7
vhost-21714 9.4
vhost-21714 9.4
vhost-21714 9.4
vhost-21714 9.4
vhost-21714 9.4
vhost-21714 9.4
vhost-21714 9.4
vhost-21714 9.4
vhost-21714 9.6
vhost-21714 9.6
vhost-21714 9.6
vhost-21714 9.6
vhost-22033 0.0
vhost-22033 11.3
vhost-22033 11.3
vhost-22033 11.3
vhost-22033 11.5
vhost-22033 13.2
vhost-22033 13.5
vhost-22033 1.9
vhost-22033 3.7
vhost-22033 3.8
vhost-22033 3.8
vhost-22033 3.8
vhost-22033 3.8
vhost-22033 3.8
vhost-22033 5.7
vhost-22033 5.7
vhost-22033 5.7
vhost-22033 5.7
vhost-22033 5.8
vhost-22033 5.8
vhost-22033 7.4
vhost-22033 7.5
vhost-22033 7.5
vhost-22033 7.5
vhost-22033 7.5
vhost-22033 7.5
vhost-22033 7.5
vhost-22033 7.5
vhost-22033 7.5
vhost-22033 7.7
vhost-22033 7.7
vhost-22033 7.7
vhost-22033 7.7
vhost-22033 9.4
vhost-22033 9.4
vhost-22033 9.4
vhost-22033 9.6
vhost-22033 9.6
vhost-22033 9.6
vhost-22033 9.6
vhost-22033 9.6
