ksoftirqd/0 0.0
ksoftirqd/10 0.0
ksoftirqd/10 0.0
ksoftirqd/10 0.0
ksoftirqd/10 0.0
ksoftirqd/10 0.0
ksoftirqd/10 1.9
ksoftirqd/11 0.0
ksoftirqd/11 0.0
ksoftirqd/11 0.0
ksoftirqd/11 0.0
ksoftirqd/14 0.0
ksoftirqd/14 0.0
ksoftirqd/14 0.0
ksoftirqd/14 0.0
ksoftirqd/14 0.0
ksoftirqd/14 1.9
ksoftirqd/15 0.0
ksoftirqd/15 0.0
ksoftirqd/15 1.9
ksoftirqd/17 0.0
ksoftirqd/18 0.0
ksoftirqd/18 0.0
ksoftirqd/18 0.0
ksoftirqd/19 0.0
ksoftirqd/19 0.0
ksoftirqd/2 0.0
ksoftirqd/20 0.0
ksoftirqd/20 0.0
ksoftirqd/20 0.0
ksoftirqd/21 0.0
ksoftirqd/3 0.0
ksoftirqd/3 0.0
ksoftirqd/3 0.0
ksoftirqd/3 0.0
ksoftirqd/3 0.0
ksoftirqd/3 0.0
ksoftirqd/3 0.0
ksoftirqd/3 0.0
ksoftirqd/3 0.0
ksoftirqd/3 1.9
ksoftirqd/3 1.9
ksoftirqd/4 0.0
ksoftirqd/4 0.0
ksoftirqd/4 0.0
ksoftirqd/4 0.0
ksoftirqd/5 0.0
ksoftirqd/5 0.0
ksoftirqd/5 0.0
ksoftirqd/5 0.0
ksoftirqd/5 0.0
ksoftirqd/5 1.9
ksoftirqd/5 1.9
ksoftirqd/5 1.9
ksoftirqd/7 0.0
