              total        used        free      shared  buff/cache   available
Mem:          48114        7726       31961        2371        8426       36686
Swap:         24191           0       24191
Total:        72306        7726       56153

              total        used        free      shared  buff/cache   available
Mem:          48114        7731       31981        2371        8401       36681
Swap:         24191           0       24191
Total:        72306        7731       56173

              total        used        free      shared  buff/cache   available
Mem:          48114        7736       31975        2371        8401       36675
Swap:         24191           0       24191
Total:        72306        7736       56167

              total        used        free      shared  buff/cache   available
Mem:          48114        7730       31981        2371        8402       36681
Swap:         24191           0       24191
Total:        72306        7730       56173

              total        used        free      shared  buff/cache   available
Mem:          48114        7726       31985        2371        8402       36685
Swap:         24191           0       24191
Total:        72306        7726       56177

              total        used        free      shared  buff/cache   available
Mem:          48114        7728       31983        2371        8402       36683
Swap:         24191           0       24191
Total:        72306        7728       56175

              total        used        free      shared  buff/cache   available
Mem:          48114        7732       31979        2371        8402       36680
Swap:         24191           0       24191
Total:        72306        7732       56171

              total        used        free      shared  buff/cache   available
Mem:          48114        7737       31973        2371        8402       36674
Swap:         24191           0       24191
Total:        72306        7737       56165

              total        used        free      shared  buff/cache   available
Mem:          48114        7749       31962        2371        8402       36662
Swap:         24191           0       24191
Total:        72306        7749       56154

              total        used        free      shared  buff/cache   available
Mem:          48114        7728       31983        2371        8403       36683
Swap:         24191           0       24191
Total:        72306        7728       56175

              total        used        free      shared  buff/cache   available
Mem:          48114        7730       31980        2371        8403       36681
Swap:         24191           0       24191
Total:        72306        7730       56172

              total        used        free      shared  buff/cache   available
Mem:          48114        7759       31951        2371        8403       36652
Swap:         24191           0       24191
Total:        72306        7759       56143

              total        used        free      shared  buff/cache   available
Mem:          48114        7752       31957        2371        8404       36658
Swap:         24191           0       24191
Total:        72306        7752       56149

              total        used        free      shared  buff/cache   available
Mem:          48114        7736       31973        2371        8403       36674
Swap:         24191           0       24191
Total:        72306        7736       56165

              total        used        free      shared  buff/cache   available
Mem:          48114        7740       31970        2371        8403       36671
Swap:         24191           0       24191
Total:        72306        7740       56162

              total        used        free      shared  buff/cache   available
Mem:          48114        7767       31942        2371        8404       36644
Swap:         24191           0       24191
Total:        72306        7767       56134

              total        used        free      shared  buff/cache   available
Mem:          48114        7771       31938        2371        8404       36639
Swap:         24191           0       24191
Total:        72306        7771       56130

              total        used        free      shared  buff/cache   available
Mem:          48114        7767       31942        2371        8404       36644
Swap:         24191           0       24191
Total:        72306        7767       56134

              total        used        free      shared  buff/cache   available
Mem:          48114        7764       31945        2371        8404       36647
Swap:         24191           0       24191
Total:        72306        7764       56137

              total        used        free      shared  buff/cache   available
Mem:          48114        7766       31943        2371        8404       36645
Swap:         24191           0       24191
Total:        72306        7766       56135

              total        used        free      shared  buff/cache   available
Mem:          48114        7772       31936        2371        8404       36639
Swap:         24191           0       24191
Total:        72306        7772       56128

              total        used        free      shared  buff/cache   available
Mem:          48114        7776       31932        2371        8405       36635
Swap:         24191           0       24191
Total:        72306        7776       56124

              total        used        free      shared  buff/cache   available
Mem:          48114        7780       31928        2371        8405       36631
Swap:         24191           0       24191
Total:        72306        7780       56120

              total        used        free      shared  buff/cache   available
Mem:          48114        7779       31929        2371        8405       36631
Swap:         24191           0       24191
Total:        72306        7779       56121

              total        used        free      shared  buff/cache   available
Mem:          48114        7773       31935        2371        8405       36638
Swap:         24191           0       24191
Total:        72306        7773       56127

              total        used        free      shared  buff/cache   available
Mem:          48114        7770       31938        2371        8405       36641
Swap:         24191           0       24191
Total:        72306        7770       56130

              total        used        free      shared  buff/cache   available
Mem:          48114        7774       31934        2371        8405       36637
Swap:         24191           0       24191
Total:        72306        7774       56126

              total        used        free      shared  buff/cache   available
Mem:          48114        7763       31944        2371        8405       36647
Swap:         24191           0       24191
Total:        72306        7763       56136

              total        used        free      shared  buff/cache   available
Mem:          48114        7764       31944        2371        8405       36647
Swap:         24191           0       24191
Total:        72306        7764       56136

              total        used        free      shared  buff/cache   available
Mem:          48114        7769       31939        2371        8405       36642
Swap:         24191           0       24191
Total:        72306        7769       56131

              total        used        free      shared  buff/cache   available
Mem:          48114        7753       31954        2371        8405       36658
Swap:         24191           0       24191
Total:        72306        7753       56146

              total        used        free      shared  buff/cache   available
Mem:          48114        7738       31969        2371        8406       36672
Swap:         24191           0       24191
Total:        72306        7738       56161

              total        used        free      shared  buff/cache   available
Mem:          48114        7750       31957        2371        8406       36661
Swap:         24191           0       24191
Total:        72306        7750       56149

              total        used        free      shared  buff/cache   available
Mem:          48114        7755       31952        2371        8406       36656
Swap:         24191           0       24191
Total:        72306        7755       56144

              total        used        free      shared  buff/cache   available
Mem:          48114        7741       31966        2371        8406       36670
Swap:         24191           0       24191
Total:        72306        7741       56158

              total        used        free      shared  buff/cache   available
Mem:          48114        7745       31962        2371        8406       36666
Swap:         24191           0       24191
Total:        72306        7745       56154

              total        used        free      shared  buff/cache   available
Mem:          48114        7750       31956        2371        8406       36660
Swap:         24191           0       24191
Total:        72306        7750       56148

              total        used        free      shared  buff/cache   available
Mem:          48114        7745       31962        2371        8406       36666
Swap:         24191           0       24191
Total:        72306        7745       56154

              total        used        free      shared  buff/cache   available
Mem:          48114        7741       31966        2371        8406       36670
Swap:         24191           0       24191
Total:        72306        7741       56158

              total        used        free      shared  buff/cache   available
Mem:          48114        7745       31962        2371        8406       36666
Swap:         24191           0       24191
Total:        72306        7745       56154

              total        used        free      shared  buff/cache   available
Mem:          48114        7753       31953        2371        8406       36657
Swap:         24191           0       24191
Total:        72306        7753       56145

              total        used        free      shared  buff/cache   available
Mem:          48114        7743       31963        2371        8406       36668
Swap:         24191           0       24191
Total:        72306        7743       56155

              total        used        free      shared  buff/cache   available
Mem:          48114        7738       31968        2371        8407       36673
Swap:         24191           0       24191
Total:        72306        7738       56160

              total        used        free      shared  buff/cache   available
Mem:          48114        7746       31960        2371        8407       36665
Swap:         24191           0       24191
Total:        72306        7746       56152

              total        used        free      shared  buff/cache   available
Mem:          48114        7751       31955        2371        8407       36660
Swap:         24191           0       24191
Total:        72306        7751       56147

              total        used        free      shared  buff/cache   available
Mem:          48114        7741       31965        2371        8407       36670
Swap:         24191           0       24191
Total:        72306        7741       56157

              total        used        free      shared  buff/cache   available
Mem:          48114        7736       31970        2371        8407       36675
Swap:         24191           0       24191
Total:        72306        7736       56162

              total        used        free      shared  buff/cache   available
Mem:          48114        7745       31960        2371        8407       36665
Swap:         24191           0       24191
Total:        72306        7745       56152

              total        used        free      shared  buff/cache   available
Mem:          48114        7736       31969        2371        8407       36675
Swap:         24191           0       24191
Total:        72306        7736       56161

              total        used        free      shared  buff/cache   available
Mem:          48114        7736       31969        2371        8407       36675
Swap:         24191           0       24191
Total:        72306        7736       56161

              total        used        free      shared  buff/cache   available
Mem:          48114        7742       31964        2371        8407       36669
Swap:         24191           0       24191
Total:        72306        7742       56156

              total        used        free      shared  buff/cache   available
Mem:          48114        7742       31964        2371        8407       36669
Swap:         24191           0       24191
Total:        72306        7742       56156

              total        used        free      shared  buff/cache   available
Mem:          48114        7732       31973        2371        8408       36679
Swap:         24191           0       24191
Total:        72306        7732       56165

              total        used        free      shared  buff/cache   available
Mem:          48114        7732       31973        2371        8408       36679
Swap:         24191           0       24191
Total:        72306        7732       56165

              total        used        free      shared  buff/cache   available
Mem:          48114        7738       31967        2371        8408       36673
Swap:         24191           0       24191
Total:        72306        7738       56159

              total        used        free      shared  buff/cache   available
Mem:          48114        7730       31975        2371        8408       36681
Swap:         24191           0       24191
Total:        72306        7730       56167

              total        used        free      shared  buff/cache   available
Mem:          48114        7731       31974        2371        8408       36680
Swap:         24191           0       24191
Total:        72306        7731       56166

              total        used        free      shared  buff/cache   available
Mem:          48114        7737       31968        2371        8408       36674
Swap:         24191           0       24191
Total:        72306        7737       56160

              total        used        free      shared  buff/cache   available
Mem:          48114        7734       31971        2371        8408       36677
Swap:         24191           0       24191
Total:        72306        7734       56163

              total        used        free      shared  buff/cache   available
Mem:          48114        7724       31981        2371        8408       36687
Swap:         24191           0       24191
Total:        72306        7724       56173

              total        used        free      shared  buff/cache   available
Mem:          48114        7725       31979        2371        8408       36685
Swap:         24191           0       24191
Total:        72306        7725       56171

              total        used        free      shared  buff/cache   available
Mem:          48114        7731       31973        2371        8408       36680
Swap:         24191           0       24191
Total:        72306        7731       56165

              total        used        free      shared  buff/cache   available
Mem:          48114        7717       31987        2371        8408       36694
Swap:         24191           0       24191
Total:        72306        7717       56179

              total        used        free      shared  buff/cache   available
Mem:          48114        7718       31986        2371        8409       36693
Swap:         24191           0       24191
Total:        72306        7718       56178

              total        used        free      shared  buff/cache   available
Mem:          48114        7724       31980        2371        8409       36687
Swap:         24191           0       24191
Total:        72306        7724       56172

              total        used        free      shared  buff/cache   available
Mem:          48114        7724       31980        2371        8409       36687
Swap:         24191           0       24191
Total:        72306        7724       56172

              total        used        free      shared  buff/cache   available
Mem:          48114        7715       31989        2371        8409       36696
Swap:         24191           0       24191
Total:        72306        7715       56181

              total        used        free      shared  buff/cache   available
Mem:          48114        7713       31991        2371        8409       36698
Swap:         24191           0       24191
Total:        72306        7713       56183

              total        used        free      shared  buff/cache   available
Mem:          48114        7719       31984        2371        8409       36692
Swap:         24191           0       24191
Total:        72306        7719       56176

              total        used        free      shared  buff/cache   available
Mem:          48114        7713       31991        2371        8409       36698
Swap:         24191           0       24191
Total:        72306        7713       56183

              total        used        free      shared  buff/cache   available
Mem:          48114        7716       31987        2371        8409       36695
Swap:         24191           0       24191
Total:        72306        7716       56179

              total        used        free      shared  buff/cache   available
Mem:          48114        7719       31984        2371        8409       36692
Swap:         24191           0       24191
Total:        72306        7719       56176

              total        used        free      shared  buff/cache   available
Mem:          48114        7724       31979        2371        8409       36687
Swap:         24191           0       24191
Total:        72306        7724       56171

              total        used        free      shared  buff/cache   available
Mem:          48114        7712       31991        2371        8409       36699
Swap:         24191           0       24191
Total:        72306        7712       56183

              total        used        free      shared  buff/cache   available
Mem:          48114        7748       31955        2371        8410       36663
Swap:         24191           0       24191
Total:        72306        7748       56147

              total        used        free      shared  buff/cache   available
Mem:          48114        7717       31986        2371        8410       36694
Swap:         24191           0       24191
Total:        72306        7717       56178

              total        used        free      shared  buff/cache   available
Mem:          48114        7709       31994        2371        8410       36702
Swap:         24191           0       24191
Total:        72306        7709       56186

              total        used        free      shared  buff/cache   available
Mem:          48114        7710       31993        2371        8410       36701
Swap:         24191           0       24191
Total:        72306        7710       56185

              total        used        free      shared  buff/cache   available
Mem:          48114        7713       31990        2371        8410       36698
Swap:         24191           0       24191
Total:        72306        7713       56182

              total        used        free      shared  buff/cache   available
Mem:          48114        7714       31989        2371        8410       36697
Swap:         24191           0       24191
Total:        72306        7714       56181

              total        used        free      shared  buff/cache   available
Mem:          48114        7705       31998        2371        8410       36706
Swap:         24191           0       24191
Total:        72306        7705       56190

              total        used        free      shared  buff/cache   available
Mem:          48114        7705       31998        2371        8410       36706
Swap:         24191           0       24191
Total:        72306        7705       56190

              total        used        free      shared  buff/cache   available
Mem:          48114        7709       31994        2371        8410       36702
Swap:         24191           0       24191
Total:        72306        7709       56186

              total        used        free      shared  buff/cache   available
Mem:          48114        7702       32001        2371        8410       36709
Swap:         24191           0       24191
Total:        72306        7702       56193

              total        used        free      shared  buff/cache   available
Mem:          48114        7704       31998        2371        8410       36707
Swap:         24191           0       24191
Total:        72306        7704       56190

              total        used        free      shared  buff/cache   available
Mem:          48114        7708       31994        2371        8410       36703
Swap:         24191           0       24191
Total:        72306        7708       56186

              total        used        free      shared  buff/cache   available
Mem:          48114        7713       31989        2371        8411       36698
Swap:         24191           0       24191
Total:        72306        7713       56181

              total        used        free      shared  buff/cache   available
Mem:          48114        7698       32004        2371        8411       36713
Swap:         24191           0       24191
Total:        72306        7698       56196

              total        used        free      shared  buff/cache   available
Mem:          48114        7705       31997        2371        8411       36706
Swap:         24191           0       24191
Total:        72306        7705       56189

              total        used        free      shared  buff/cache   available
Mem:          48114        7708       31994        2371        8411       36703
Swap:         24191           0       24191
Total:        72306        7708       56186

              total        used        free      shared  buff/cache   available
Mem:          48114        7700       32002        2371        8411       36711
Swap:         24191           0       24191
Total:        72306        7700       56194

              total        used        free      shared  buff/cache   available
Mem:          48114        7702       31999        2371        8411       36708
Swap:         24191           0       24191
Total:        72306        7702       56191

              total        used        free      shared  buff/cache   available
Mem:          48114        7709       31992        2371        8411       36701
Swap:         24191           0       24191
Total:        72306        7709       56184

              total        used        free      shared  buff/cache   available
Mem:          48114        7713       31988        2371        8411       36697
Swap:         24191           0       24191
Total:        72306        7713       56180

              total        used        free      shared  buff/cache   available
Mem:          48114        7702       31999        2371        8411       36709
Swap:         24191           0       24191
Total:        72306        7702       56191

              total        used        free      shared  buff/cache   available
Mem:          48114        7704       31998        2371        8411       36707
Swap:         24191           0       24191
Total:        72306        7704       56190

              total        used        free      shared  buff/cache   available
Mem:          48114        7709       31993        2371        8412       36702
Swap:         24191           0       24191
Total:        72306        7709       56185

              total        used        free      shared  buff/cache   available
Mem:          48114        7699       32002        2371        8412       36712
Swap:         24191           0       24191
Total:        72306        7699       56194

              total        used        free      shared  buff/cache   available
Mem:          48114        7705       31996        2371        8412       36706
Swap:         24191           0       24191
Total:        72306        7705       56188

              total        used        free      shared  buff/cache   available
Mem:          48114        7710       31991        2371        8412       36701
Swap:         24191           0       24191
Total:        72306        7710       56183

              total        used        free      shared  buff/cache   available
Mem:          48114        7711       31990        2371        8412       36700
Swap:         24191           0       24191
Total:        72306        7711       56182

              total        used        free      shared  buff/cache   available
Mem:          48114        7698       32003        2371        8412       36713
Swap:         24191           0       24191
Total:        72306        7698       56195

              total        used        free      shared  buff/cache   available
Mem:          48114        7703       31998        2371        8412       36708
Swap:         24191           0       24191
Total:        72306        7703       56190

              total        used        free      shared  buff/cache   available
Mem:          48114        7708       31992        2371        8412       36703
Swap:         24191           0       24191
Total:        72306        7708       56184

              total        used        free      shared  buff/cache   available
Mem:          48114        7698       32002        2371        8412       36713
Swap:         24191           0       24191
Total:        72306        7698       56194

              total        used        free      shared  buff/cache   available
Mem:          48114        7699       32001        2371        8412       36711
Swap:         24191           0       24191
Total:        72306        7699       56193

              total        used        free      shared  buff/cache   available
Mem:          48114        7708       31993        2371        8412       36703
Swap:         24191           0       24191
Total:        72306        7708       56185

              total        used        free      shared  buff/cache   available
Mem:          48114        7713       31987        2371        8413       36698
Swap:         24191           0       24191
Total:        72306        7713       56179

              total        used        free      shared  buff/cache   available
Mem:          48114        7698       32002        2371        8413       36712
Swap:         24191           0       24191
Total:        72306        7698       56194

              total        used        free      shared  buff/cache   available
Mem:          48114        7701       31999        2371        8413       36710
Swap:         24191           0       24191
Total:        72306        7701       56191

              total        used        free      shared  buff/cache   available
Mem:          48114        7709       31991        2371        8413       36702
Swap:         24191           0       24191
Total:        72306        7709       56183

              total        used        free      shared  buff/cache   available
Mem:          48114        7701       31998        2371        8413       36709
Swap:         24191           0       24191
Total:        72306        7701       56190

              total        used        free      shared  buff/cache   available
Mem:          48114        7700       31999        2371        8413       36710
Swap:         24191           0       24191
Total:        72306        7700       56191

              total        used        free      shared  buff/cache   available
Mem:          48114        7707       31992        2371        8413       36703
Swap:         24191           0       24191
Total:        72306        7707       56184

              total        used        free      shared  buff/cache   available
Mem:          48114        7712       31987        2371        8413       36699
Swap:         24191           0       24191
Total:        72306        7712       56179

              total        used        free      shared  buff/cache   available
Mem:          48114        7699       32000        2371        8413       36712
Swap:         24191           0       24191
Total:        72306        7699       56192

              total        used        free      shared  buff/cache   available
Mem:          48114        7700       31999        2371        8413       36711
Swap:         24191           0       24191
Total:        72306        7700       56191

              total        used        free      shared  buff/cache   available
Mem:          48114        7707       31993        2371        8413       36704
Swap:         24191           0       24191
Total:        72306        7707       56185

              total        used        free      shared  buff/cache   available
Mem:          48114        7711       31988        2371        8413       36700
Swap:         24191           0       24191
Total:        72306        7711       56180

              total        used        free      shared  buff/cache   available
Mem:          48114        7701       31998        2371        8414       36710
Swap:         24191           0       24191
Total:        72306        7701       56190

              total        used        free      shared  buff/cache   available
Mem:          48114        7702       31997        2371        8414       36709
Swap:         24191           0       24191
Total:        72306        7702       56189

              total        used        free      shared  buff/cache   available
Mem:          48114        7708       31991        2371        8414       36702
Swap:         24191           0       24191
Total:        72306        7708       56183

              total        used        free      shared  buff/cache   available
Mem:          48114        7701       31998        2371        8414       36710
Swap:         24191           0       24191
Total:        72306        7701       56190

              total        used        free      shared  buff/cache   available
Mem:          48114        7703       31996        2371        8414       36708
Swap:         24191           0       24191
Total:        72306        7703       56188

              total        used        free      shared  buff/cache   available
Mem:          48114        7712       31987        2371        8414       36699
Swap:         24191           0       24191
Total:        72306        7712       56179

              total        used        free      shared  buff/cache   available
Mem:          48114        7716       31982        2371        8414       36695
Swap:         24191           0       24191
Total:        72306        7716       56174

              total        used        free      shared  buff/cache   available
Mem:          48114        7700       31998        2371        8414       36711
Swap:         24191           0       24191
Total:        72306        7700       56190

              total        used        free      shared  buff/cache   available
Mem:          48114        7701       31998        2371        8414       36710
Swap:         24191           0       24191
Total:        72306        7701       56190

              total        used        free      shared  buff/cache   available
Mem:          48114        7702       31996        2371        8414       36709
Swap:         24191           0       24191
Total:        72306        7702       56188

              total        used        free      shared  buff/cache   available
Mem:          48114        7703       31996        2371        8414       36708
Swap:         24191           0       24191
Total:        72306        7703       56188

              total        used        free      shared  buff/cache   available
Mem:          48114        7705       31994        2371        8415       36706
Swap:         24191           0       24191
Total:        72306        7705       56186

              total        used        free      shared  buff/cache   available
Mem:          48114        7703       31995        2371        8415       36707
Swap:         24191           0       24191
Total:        72306        7703       56187

              total        used        free      shared  buff/cache   available
Mem:          48114        7705       31993        2371        8415       36706
Swap:         24191           0       24191
Total:        72306        7705       56185

              total        used        free      shared  buff/cache   available
Mem:          48114        7706       31992        2371        8415       36705
Swap:         24191           0       24191
Total:        72306        7706       56184

              total        used        free      shared  buff/cache   available
Mem:          48114        7707       31990        2371        8415       36703
Swap:         24191           0       24191
Total:        72306        7707       56182

              total        used        free      shared  buff/cache   available
Mem:          48114        7746       31952        2371        8415       36665
Swap:         24191           0       24191
Total:        72306        7746       56144

              total        used        free      shared  buff/cache   available
Mem:          48114        7709       31989        2371        8415       36702
Swap:         24191           0       24191
Total:        72306        7709       56181

              total        used        free      shared  buff/cache   available
Mem:          48114        7709       31989        2371        8415       36702
Swap:         24191           0       24191
Total:        72306        7709       56181

              total        used        free      shared  buff/cache   available
Mem:          48114        7709       31988        2371        8415       36702
Swap:         24191           0       24191
Total:        72306        7709       56180

              total        used        free      shared  buff/cache   available
Mem:          48114        7710       31988        2371        8415       36701
Swap:         24191           0       24191
Total:        72306        7710       56180

              total        used        free      shared  buff/cache   available
Mem:          48114        7709       31988        2371        8415       36702
Swap:         24191           0       24191
Total:        72306        7709       56180

              total        used        free      shared  buff/cache   available
Mem:          48114        7710       31988        2371        8415       36701
Swap:         24191           0       24191
Total:        72306        7710       56180

              total        used        free      shared  buff/cache   available
Mem:          48114        7705       31992        2371        8415       36706
Swap:         24191           0       24191
Total:        72306        7705       56184

              total        used        free      shared  buff/cache   available
Mem:          48114        7706       31991        2371        8415       36705
Swap:         24191           0       24191
Total:        72306        7706       56183

              total        used        free      shared  buff/cache   available
Mem:          48114        7705       31992        2371        8416       36706
Swap:         24191           0       24191
Total:        72306        7705       56184

              total        used        free      shared  buff/cache   available
Mem:          48114        7705       31992        2371        8416       36706
Swap:         24191           0       24191
Total:        72306        7705       56184

              total        used        free      shared  buff/cache   available
Mem:          48114        7705       31992        2371        8416       36706
Swap:         24191           0       24191
Total:        72306        7705       56184

              total        used        free      shared  buff/cache   available
Mem:          48114        7707       31990        2371        8416       36704
Swap:         24191           0       24191
Total:        72306        7707       56182

              total        used        free      shared  buff/cache   available
Mem:          48114        7707       31990        2371        8416       36704
Swap:         24191           0       24191
Total:        72306        7707       56182

              total        used        free      shared  buff/cache   available
Mem:          48114        7705       31991        2371        8416       36706
Swap:         24191           0       24191
Total:        72306        7705       56183

              total        used        free      shared  buff/cache   available
Mem:          48114        7707       31990        2371        8416       36704
Swap:         24191           0       24191
Total:        72306        7707       56182

              total        used        free      shared  buff/cache   available
Mem:          48114        7708       31989        2371        8416       36703
Swap:         24191           0       24191
Total:        72306        7708       56181

              total        used        free      shared  buff/cache   available
Mem:          48114        7704       31992        2371        8416       36707
Swap:         24191           0       24191
Total:        72306        7704       56184

              total        used        free      shared  buff/cache   available
Mem:          48114        7707       31990        2371        8416       36704
Swap:         24191           0       24191
Total:        72306        7707       56182

              total        used        free      shared  buff/cache   available
Mem:          48114        7709       31988        2371        8416       36702
Swap:         24191           0       24191
Total:        72306        7709       56180

              total        used        free      shared  buff/cache   available
Mem:          48114        7707       31989        2371        8416       36704
Swap:         24191           0       24191
Total:        72306        7707       56181

              total        used        free      shared  buff/cache   available
Mem:          48114        7709       31987        2371        8417       36702
Swap:         24191           0       24191
Total:        72306        7709       56179

              total        used        free      shared  buff/cache   available
Mem:          48114        7707       31989        2371        8417       36704
Swap:         24191           0       24191
Total:        72306        7707       56181

              total        used        free      shared  buff/cache   available
Mem:          48114        7707       31989        2371        8417       36704
Swap:         24191           0       24191
Total:        72306        7707       56181

              total        used        free      shared  buff/cache   available
Mem:          48114        7706       31990        2371        8417       36705
Swap:         24191           0       24191
Total:        72306        7706       56182

              total        used        free      shared  buff/cache   available
Mem:          48114        7707       31989        2371        8417       36704
Swap:         24191           0       24191
Total:        72306        7707       56181

              total        used        free      shared  buff/cache   available
Mem:          48114        7707       31989        2371        8417       36704
Swap:         24191           0       24191
Total:        72306        7707       56181

              total        used        free      shared  buff/cache   available
Mem:          48114        7705       31990        2371        8417       36706
Swap:         24191           0       24191
Total:        72306        7705       56182

              total        used        free      shared  buff/cache   available
Mem:          48114        7705       31991        2371        8417       36706
Swap:         24191           0       24191
Total:        72306        7705       56183

              total        used        free      shared  buff/cache   available
Mem:          48114        7706       31989        2371        8417       36705
Swap:         24191           0       24191
Total:        72306        7706       56181

              total        used        free      shared  buff/cache   available
Mem:          48114        7706       31989        2371        8417       36705
Swap:         24191           0       24191
Total:        72306        7706       56181

              total        used        free      shared  buff/cache   available
Mem:          48114        7706       31989        2371        8418       36705
Swap:         24191           0       24191
Total:        72306        7706       56181

              total        used        free      shared  buff/cache   available
Mem:          48114        7706       31989        2371        8418       36704
Swap:         24191           0       24191
Total:        72306        7706       56181

              total        used        free      shared  buff/cache   available
Mem:          48114        7707       31988        2371        8418       36704
Swap:         24191           0       24191
Total:        72306        7707       56180

              total        used        free      shared  buff/cache   available
Mem:          48114        7707       31988        2371        8418       36704
Swap:         24191           0       24191
Total:        72306        7707       56180

              total        used        free      shared  buff/cache   available
Mem:          48114        7706       31989        2371        8418       36705
Swap:         24191           0       24191
Total:        72306        7706       56181

              total        used        free      shared  buff/cache   available
Mem:          48114        7704       31991        2371        8418       36707
Swap:         24191           0       24191
Total:        72306        7704       56183

              total        used        free      shared  buff/cache   available
Mem:          48114        7707       31988        2371        8418       36704
Swap:         24191           0       24191
Total:        72306        7707       56180

              total        used        free      shared  buff/cache   available
Mem:          48114        7708       31987        2371        8418       36703
Swap:         24191           0       24191
Total:        72306        7708       56179

              total        used        free      shared  buff/cache   available
Mem:          48114        7706       31989        2371        8418       36705
Swap:         24191           0       24191
Total:        72306        7706       56181

              total        used        free      shared  buff/cache   available
Mem:          48114        7704       31990        2371        8418       36707
Swap:         24191           0       24191
Total:        72306        7704       56182

              total        used        free      shared  buff/cache   available
Mem:          48114        7708       31987        2371        8418       36703
Swap:         24191           0       24191
Total:        72306        7708       56179

              total        used        free      shared  buff/cache   available
Mem:          48114        7708       31986        2371        8418       36702
Swap:         24191           0       24191
Total:        72306        7708       56178

              total        used        free      shared  buff/cache   available
Mem:          48114        7705       31989        2371        8419       36706
Swap:         24191           0       24191
Total:        72306        7705       56181

              total        used        free      shared  buff/cache   available
Mem:          48114        7705       31989        2371        8419       36706
Swap:         24191           0       24191
Total:        72306        7705       56181

              total        used        free      shared  buff/cache   available
Mem:          48114        7706       31988        2371        8419       36705
Swap:         24191           0       24191
Total:        72306        7706       56180

              total        used        free      shared  buff/cache   available
Mem:          48114        7704       31990        2371        8419       36707
Swap:         24191           0       24191
Total:        72306        7704       56182

              total        used        free      shared  buff/cache   available
Mem:          48114        7704       31990        2371        8419       36707
Swap:         24191           0       24191
Total:        72306        7704       56182

              total        used        free      shared  buff/cache   available
Mem:          48114        7703       31991        2371        8419       36708
Swap:         24191           0       24191
Total:        72306        7703       56183

              total        used        free      shared  buff/cache   available
Mem:          48114        7706       31988        2371        8419       36705
Swap:         24191           0       24191
Total:        72306        7706       56180

              total        used        free      shared  buff/cache   available
Mem:          48114        7705       31989        2371        8419       36706
Swap:         24191           0       24191
Total:        72306        7705       56181

              total        used        free      shared  buff/cache   available
Mem:          48114        7708       31986        2371        8419       36703
Swap:         24191           0       24191
Total:        72306        7708       56178

              total        used        free      shared  buff/cache   available
Mem:          48114        7711       31983        2371        8419       36700
Swap:         24191           0       24191
Total:        72306        7711       56175

              total        used        free      shared  buff/cache   available
Mem:          48114        7706       31987        2371        8419       36705
Swap:         24191           0       24191
Total:        72306        7706       56179

              total        used        free      shared  buff/cache   available
Mem:          48114        7707       31986        2371        8419       36704
Swap:         24191           0       24191
Total:        72306        7707       56178

              total        used        free      shared  buff/cache   available
Mem:          48114        7707       31986        2371        8420       36704
Swap:         24191           0       24191
Total:        72306        7707       56178

              total        used        free      shared  buff/cache   available
Mem:          48114        7705       31988        2371        8420       36706
Swap:         24191           0       24191
Total:        72306        7705       56180

              total        used        free      shared  buff/cache   available
Mem:          48114        7706       31988        2371        8420       36706
Swap:         24191           0       24191
Total:        72306        7706       56180

              total        used        free      shared  buff/cache   available
Mem:          48114        7706       31987        2371        8420       36705
Swap:         24191           0       24191
Total:        72306        7706       56179

              total        used        free      shared  buff/cache   available
Mem:          48114        7710       31983        2371        8420       36701
Swap:         24191           0       24191
Total:        72306        7710       56175

              total        used        free      shared  buff/cache   available
Mem:          48114        7755       31938        2371        8420       36656
Swap:         24191           0       24191
Total:        72306        7755       56130

              total        used        free      shared  buff/cache   available
Mem:          48114        7706       31986        2371        8420       36705
Swap:         24191           0       24191
Total:        72306        7706       56178

              total        used        free      shared  buff/cache   available
Mem:          48114        7707       31986        2371        8420       36704
Swap:         24191           0       24191
Total:        72306        7707       56178

              total        used        free      shared  buff/cache   available
Mem:          48114        7709       31983        2371        8420       36702
Swap:         24191           0       24191
Total:        72306        7709       56175

              total        used        free      shared  buff/cache   available
Mem:          48114        7709       31984        2371        8420       36702
Swap:         24191           0       24191
Total:        72306        7709       56176

              total        used        free      shared  buff/cache   available
Mem:          48114        7708       31985        2371        8420       36703
Swap:         24191           0       24191
Total:        72306        7708       56177

              total        used        free      shared  buff/cache   available
Mem:          48114        7707       31986        2371        8420       36704
Swap:         24191           0       24191
Total:        72306        7707       56178

              total        used        free      shared  buff/cache   available
Mem:          48114        7706       31986        2371        8421       36705
Swap:         24191           0       24191
Total:        72306        7706       56178

              total        used        free      shared  buff/cache   available
Mem:          48114        7703       31989        2371        8421       36708
Swap:         24191           0       24191
Total:        72306        7703       56181

              total        used        free      shared  buff/cache   available
Mem:          48114        7708       31984        2371        8421       36703
Swap:         24191           0       24191
Total:        72306        7708       56176

              total        used        free      shared  buff/cache   available
Mem:          48114        7711       31981        2371        8421       36700
Swap:         24191           0       24191
Total:        72306        7711       56173

              total        used        free      shared  buff/cache   available
Mem:          48114        7711       31981        2371        8421       36700
Swap:         24191           0       24191
Total:        72306        7711       56173

              total        used        free      shared  buff/cache   available
Mem:          48114        7713       31979        2371        8421       36698
Swap:         24191           0       24191
Total:        72306        7713       56171

              total        used        free      shared  buff/cache   available
Mem:          48114        7713       31979        2371        8421       36698
Swap:         24191           0       24191
Total:        72306        7713       56171

              total        used        free      shared  buff/cache   available
Mem:          48114        7712       31980        2371        8421       36700
Swap:         24191           0       24191
Total:        72306        7712       56172

              total        used        free      shared  buff/cache   available
Mem:          48114        7716       31976        2371        8421       36695
Swap:         24191           0       24191
Total:        72306        7716       56168

              total        used        free      shared  buff/cache   available
Mem:          48114        7713       31978        2371        8421       36698
Swap:         24191           0       24191
Total:        72306        7713       56170

              total        used        free      shared  buff/cache   available
Mem:          48114        7712       31980        2371        8421       36699
Swap:         24191           0       24191
Total:        72306        7712       56172

              total        used        free      shared  buff/cache   available
Mem:          48114        7712       31979        2371        8421       36699
Swap:         24191           0       24191
Total:        72306        7712       56171

              total        used        free      shared  buff/cache   available
Mem:          48114        7714       31977        2371        8422       36697
Swap:         24191           0       24191
Total:        72306        7714       56169

              total        used        free      shared  buff/cache   available
Mem:          48114        7712       31979        2371        8422       36699
Swap:         24191           0       24191
Total:        72306        7712       56171

              total        used        free      shared  buff/cache   available
Mem:          48114        7713       31978        2371        8422       36699
Swap:         24191           0       24191
Total:        72306        7713       56170

              total        used        free      shared  buff/cache   available
Mem:          48114        7711       31980        2371        8422       36700
Swap:         24191           0       24191
Total:        72306        7711       56172

              total        used        free      shared  buff/cache   available
Mem:          48114        7714       31977        2371        8422       36697
Swap:         24191           0       24191
Total:        72306        7714       56169

              total        used        free      shared  buff/cache   available
Mem:          48114        7715       31976        2371        8422       36696
Swap:         24191           0       24191
Total:        72306        7715       56168

              total        used        free      shared  buff/cache   available
Mem:          48114        7712       31978        2371        8422       36699
Swap:         24191           0       24191
Total:        72306        7712       56170

              total        used        free      shared  buff/cache   available
Mem:          48114        7707       31983        2371        8422       36704
Swap:         24191           0       24191
Total:        72306        7707       56175

              total        used        free      shared  buff/cache   available
Mem:          48114        7709       31981        2371        8422       36702
Swap:         24191           0       24191
Total:        72306        7709       56173

              total        used        free      shared  buff/cache   available
Mem:          48114        7709       31981        2371        8422       36702
Swap:         24191           0       24191
Total:        72306        7709       56173

              total        used        free      shared  buff/cache   available
Mem:          48114        7706       31984        2371        8422       36705
Swap:         24191           0       24191
Total:        72306        7706       56176

              total        used        free      shared  buff/cache   available
Mem:          48114        7707       31983        2371        8423       36704
Swap:         24191           0       24191
Total:        72306        7707       56175

              total        used        free      shared  buff/cache   available
Mem:          48114        7711       31979        2371        8423       36700
Swap:         24191           0       24191
Total:        72306        7711       56171

              total        used        free      shared  buff/cache   available
Mem:          48114        7712       31978        2371        8423       36699
Swap:         24191           0       24191
Total:        72306        7712       56170

              total        used        free      shared  buff/cache   available
Mem:          48114        7707       31983        2371        8423       36705
Swap:         24191           0       24191
Total:        72306        7707       56175

              total        used        free      shared  buff/cache   available
Mem:          48114        7704       31985        2371        8423       36707
Swap:         24191           0       24191
Total:        72306        7704       56177

              total        used        free      shared  buff/cache   available
Mem:          48114        7708       31982        2371        8423       36703
Swap:         24191           0       24191
Total:        72306        7708       56174

              total        used        free      shared  buff/cache   available
Mem:          48114        7705       31984        2371        8423       36706
Swap:         24191           0       24191
Total:        72306        7705       56176

              total        used        free      shared  buff/cache   available
Mem:          48114        7703       31987        2371        8423       36708
Swap:         24191           0       24191
Total:        72306        7703       56179

              total        used        free      shared  buff/cache   available
Mem:          48114        7712       31977        2371        8423       36699
Swap:         24191           0       24191
Total:        72306        7712       56169

              total        used        free      shared  buff/cache   available
Mem:          48114        7710       31979        2371        8423       36701
Swap:         24191           0       24191
Total:        72306        7710       56171

              total        used        free      shared  buff/cache   available
Mem:          48114        7710       31979        2371        8423       36701
Swap:         24191           0       24191
Total:        72306        7710       56171

              total        used        free      shared  buff/cache   available
Mem:          48114        7712       31977        2371        8423       36699
Swap:         24191           0       24191
Total:        72306        7712       56169

              total        used        free      shared  buff/cache   available
Mem:          48114        7709       31980        2371        8424       36702
Swap:         24191           0       24191
Total:        72306        7709       56172

              total        used        free      shared  buff/cache   available
Mem:          48114        7711       31978        2371        8424       36700
Swap:         24191           0       24191
Total:        72306        7711       56170

              total        used        free      shared  buff/cache   available
Mem:          48114        7709       31980        2371        8424       36702
Swap:         24191           0       24191
Total:        72306        7709       56172

              total        used        free      shared  buff/cache   available
Mem:          48114        7711       31978        2371        8424       36701
Swap:         24191           0       24191
Total:        72306        7711       56170

              total        used        free      shared  buff/cache   available
Mem:          48114        7710       31979        2371        8424       36701
Swap:         24191           0       24191
Total:        72306        7710       56171

              total        used        free      shared  buff/cache   available
Mem:          48114        7714       31975        2371        8424       36697
Swap:         24191           0       24191
Total:        72306        7714       56167

              total        used        free      shared  buff/cache   available
Mem:          48114        7709       31979        2371        8424       36702
Swap:         24191           0       24191
Total:        72306        7709       56171

              total        used        free      shared  buff/cache   available
Mem:          48114        7709       31979        2371        8424       36702
Swap:         24191           0       24191
Total:        72306        7709       56171

              total        used        free      shared  buff/cache   available
Mem:          48114        7709       31979        2371        8424       36702
Swap:         24191           0       24191
Total:        72306        7709       56171

              total        used        free      shared  buff/cache   available
Mem:          48114        7708       31981        2371        8424       36703
Swap:         24191           0       24191
Total:        72306        7708       56173

              total        used        free      shared  buff/cache   available
Mem:          48114        7709       31979        2371        8424       36702
Swap:         24191           0       24191
Total:        72306        7709       56171

              total        used        free      shared  buff/cache   available
Mem:          48114        7710       31978        2371        8425       36701
Swap:         24191           0       24191
Total:        72306        7710       56170

              total        used        free      shared  buff/cache   available
Mem:          48114        7710       31978        2371        8425       36701
Swap:         24191           0       24191
Total:        72306        7710       56170

              total        used        free      shared  buff/cache   available
Mem:          48114        7710       31978        2371        8425       36701
Swap:         24191           0       24191
Total:        72306        7710       56170

              total        used        free      shared  buff/cache   available
Mem:          48114        7710       31978        2371        8425       36701
Swap:         24191           0       24191
Total:        72306        7710       56170

              total        used        free      shared  buff/cache   available
Mem:          48114        7712       31976        2371        8425       36699
Swap:         24191           0       24191
Total:        72306        7712       56168

              total        used        free      shared  buff/cache   available
Mem:          48114        7714       31974        2371        8425       36697
Swap:         24191           0       24191
Total:        72306        7714       56166

              total        used        free      shared  buff/cache   available
Mem:          48114        7708       31980        2371        8425       36703
Swap:         24191           0       24191
Total:        72306        7708       56172

              total        used        free      shared  buff/cache   available
Mem:          48114        7750       31938        2371        8425       36661
Swap:         24191           0       24191
Total:        72306        7750       56130

              total        used        free      shared  buff/cache   available
Mem:          48114        7743       31944        2371        8426       36668
Swap:         24191           0       24191
Total:        72306        7743       56136

              total        used        free      shared  buff/cache   available
Mem:          48114        7714       31974        2371        8425       36698
Swap:         24191           0       24191
Total:        72306        7714       56166

              total        used        free      shared  buff/cache   available
Mem:          48114        7712       31975        2371        8425       36699
Swap:         24191           0       24191
Total:        72306        7712       56167

              total        used        free      shared  buff/cache   available
Mem:          48114        7711       31976        2371        8425       36700
Swap:         24191           0       24191
Total:        72306        7711       56168

              total        used        free      shared  buff/cache   available
Mem:          48114        7710       31978        2371        8426       36702
Swap:         24191           0       24191
Total:        72306        7710       56170

              total        used        free      shared  buff/cache   available
Mem:          48114        7709       31979        2371        8426       36703
Swap:         24191           0       24191
Total:        72306        7709       56171

              total        used        free      shared  buff/cache   available
Mem:          48114        7709       31978        2371        8426       36702
Swap:         24191           0       24191
Total:        72306        7709       56170

              total        used        free      shared  buff/cache   available
Mem:          48114        7706       31981        2371        8426       36705
Swap:         24191           0       24191
Total:        72306        7706       56173

              total        used        free      shared  buff/cache   available
Mem:          48114        7707       31980        2371        8426       36704
Swap:         24191           0       24191
Total:        72306        7707       56172

              total        used        free      shared  buff/cache   available
Mem:          48114        7707       31980        2371        8426       36704
Swap:         24191           0       24191
Total:        72306        7707       56172

              total        used        free      shared  buff/cache   available
Mem:          48114        7703       31983        2371        8426       36708
Swap:         24191           0       24191
Total:        72306        7703       56175

              total        used        free      shared  buff/cache   available
Mem:          48114        7706       31981        2371        8426       36705
Swap:         24191           0       24191
Total:        72306        7706       56173

              total        used        free      shared  buff/cache   available
Mem:          48114        7706       31981        2371        8426       36705
Swap:         24191           0       24191
Total:        72306        7706       56173

              total        used        free      shared  buff/cache   available
Mem:          48114        7704       31983        2371        8426       36708
Swap:         24191           0       24191
Total:        72306        7704       56175

              total        used        free      shared  buff/cache   available
Mem:          48114        7705       31981        2371        8426       36706
Swap:         24191           0       24191
Total:        72306        7705       56173

              total        used        free      shared  buff/cache   available
Mem:          48114        7707       31980        2371        8426       36705
Swap:         24191           0       24191
Total:        72306        7707       56172

              total        used        free      shared  buff/cache   available
Mem:          48114        7707       31979        2371        8427       36704
Swap:         24191           0       24191
Total:        72306        7707       56171

              total        used        free      shared  buff/cache   available
Mem:          48114        7705       31981        2371        8427       36706
Swap:         24191           0       24191
Total:        72306        7705       56173

              total        used        free      shared  buff/cache   available
Mem:          48114        7706       31980        2371        8427       36705
Swap:         24191           0       24191
Total:        72306        7706       56172

              total        used        free      shared  buff/cache   available
Mem:          48114        7704       31982        2371        8427       36707
Swap:         24191           0       24191
Total:        72306        7704       56174

              total        used        free      shared  buff/cache   available
Mem:          48114        7704       31982        2371        8427       36707
Swap:         24191           0       24191
Total:        72306        7704       56174

              total        used        free      shared  buff/cache   available
Mem:          48114        7705       31981        2371        8427       36706
Swap:         24191           0       24191
Total:        72306        7705       56173

              total        used        free      shared  buff/cache   available
Mem:          48114        7705       31980        2371        8427       36706
Swap:         24191           0       24191
Total:        72306        7705       56172

              total        used        free      shared  buff/cache   available
Mem:          48114        7704       31982        2371        8427       36708
Swap:         24191           0       24191
Total:        72306        7704       56174

              total        used        free      shared  buff/cache   available
Mem:          48114        7703       31983        2371        8427       36708
Swap:         24191           0       24191
Total:        72306        7703       56175

              total        used        free      shared  buff/cache   available
Mem:          48114        7703       31982        2371        8427       36708
Swap:         24191           0       24191
Total:        72306        7703       56174

              total        used        free      shared  buff/cache   available
Mem:          48114        7706       31979        2371        8427       36705
Swap:         24191           0       24191
Total:        72306        7706       56171

              total        used        free      shared  buff/cache   available
Mem:          48114        7707       31978        2371        8428       36704
Swap:         24191           0       24191
Total:        72306        7707       56170

              total        used        free      shared  buff/cache   available
Mem:          48114        7703       31982        2371        8428       36708
Swap:         24191           0       24191
Total:        72306        7703       56174

              total        used        free      shared  buff/cache   available
Mem:          48114        7703       31982        2371        8428       36708
Swap:         24191           0       24191
Total:        72306        7703       56174

              total        used        free      shared  buff/cache   available
Mem:          48114        7703       31982        2371        8428       36708
Swap:         24191           0       24191
Total:        72306        7703       56174

              total        used        free      shared  buff/cache   available
Mem:          48114        7703       31981        2371        8428       36708
Swap:         24191           0       24191
Total:        72306        7703       56173

              total        used        free      shared  buff/cache   available
Mem:          48114        7704       31981        2371        8428       36707
Swap:         24191           0       24191
Total:        72306        7704       56173

              total        used        free      shared  buff/cache   available
Mem:          48114        7703       31981        2371        8428       36708
Swap:         24191           0       24191
Total:        72306        7703       56173

              total        used        free      shared  buff/cache   available
Mem:          48114        7704       31981        2371        8428       36707
Swap:         24191           0       24191
Total:        72306        7704       56173

              total        used        free      shared  buff/cache   available
Mem:          48114        7703       31981        2371        8428       36708
Swap:         24191           0       24191
Total:        72306        7703       56173

              total        used        free      shared  buff/cache   available
Mem:          48114        7704       31981        2371        8428       36708
Swap:         24191           0       24191
Total:        72306        7704       56173

              total        used        free      shared  buff/cache   available
Mem:          48114        7704       31981        2371        8428       36707
Swap:         24191           0       24191
Total:        72306        7704       56173

              total        used        free      shared  buff/cache   available
Mem:          48114        7704       31981        2371        8428       36707
Swap:         24191           0       24191
Total:        72306        7704       56173

              total        used        free      shared  buff/cache   available
Mem:          48114        7704       31980        2371        8429       36707
Swap:         24191           0       24191
Total:        72306        7704       56172

              total        used        free      shared  buff/cache   available
Mem:          48114        7706       31978        2371        8429       36705
Swap:         24191           0       24191
Total:        72306        7706       56170

              total        used        free      shared  buff/cache   available
Mem:          48114        7708       31976        2371        8429       36703
Swap:         24191           0       24191
Total:        72306        7708       56168

              total        used        free      shared  buff/cache   available
Mem:          48114        7709       31975        2371        8429       36703
Swap:         24191           0       24191
Total:        72306        7709       56167

              total        used        free      shared  buff/cache   available
Mem:          48114        7705       31979        2371        8429       36706
Swap:         24191           0       24191
Total:        72306        7705       56171

              total        used        free      shared  buff/cache   available
Mem:          48114        7706       31978        2371        8429       36705
Swap:         24191           0       24191
Total:        72306        7706       56170

              total        used        free      shared  buff/cache   available
Mem:          48114        7704       31980        2371        8429       36707
Swap:         24191           0       24191
Total:        72306        7704       56172

              total        used        free      shared  buff/cache   available
Mem:          48114        7708       31975        2371        8429       36703
Swap:         24191           0       24191
Total:        72306        7708       56167

              total        used        free      shared  buff/cache   available
Mem:          48114        7705       31979        2371        8429       36707
Swap:         24191           0       24191
Total:        72306        7705       56171

              total        used        free      shared  buff/cache   available
Mem:          48114        7709       31974        2371        8429       36702
Swap:         24191           0       24191
Total:        72306        7709       56166

              total        used        free      shared  buff/cache   available
Mem:          48114        7708       31975        2371        8429       36703
Swap:         24191           0       24191
Total:        72306        7708       56167

              total        used        free      shared  buff/cache   available
Mem:          48114        7714       31970        2371        8430       36697
Swap:         24191           0       24191
Total:        72306        7714       56162

              total        used        free      shared  buff/cache   available
Mem:          48114        7712       31971        2371        8430       36699
Swap:         24191           0       24191
Total:        72306        7712       56163

              total        used        free      shared  buff/cache   available
Mem:          48114        7706       31977        2371        8430       36705
Swap:         24191           0       24191
Total:        72306        7706       56169

              total        used        free      shared  buff/cache   available
Mem:          48114        7707       31976        2371        8430       36704
Swap:         24191           0       24191
Total:        72306        7707       56168

              total        used        free      shared  buff/cache   available
Mem:          48114        7706       31977        2371        8430       36705
Swap:         24191           0       24191
Total:        72306        7706       56169

              total        used        free      shared  buff/cache   available
Mem:          48114        7706       31977        2371        8430       36705
Swap:         24191           0       24191
Total:        72306        7706       56169

              total        used        free      shared  buff/cache   available
Mem:          48114        7707       31976        2371        8430       36704
Swap:         24191           0       24191
Total:        72306        7707       56168

              total        used        free      shared  buff/cache   available
Mem:          48114        7710       31973        2371        8430       36701
Swap:         24191           0       24191
Total:        72306        7710       56165

              total        used        free      shared  buff/cache   available
Mem:          48114        7708       31974        2371        8430       36703
Swap:         24191           0       24191
Total:        72306        7708       56166

              total        used        free      shared  buff/cache   available
Mem:          48114        7707       31975        2371        8431       36703
Swap:         24191           0       24191
Total:        72306        7707       56167

              total        used        free      shared  buff/cache   available
Mem:          48114        7749       31931        2371        8432       36660
Swap:         24191           0       24191
Total:        72306        7749       56123
