12:56:59 PM      eth0     43.00     35.00     11.01      8.98      0.00      0.00      0.00
12:57:00 PM      eth0     52.00     52.00     49.35     12.44      0.00      0.00      0.00
12:57:01 PM      eth0     47.00     42.00     11.84     10.03      0.00      0.00      0.00
12:57:02 PM      eth0     57.00     52.00     14.15     12.87      0.00      0.00      0.00
12:57:03 PM      eth0     43.00     37.00     10.23     10.41      0.00      0.00      0.00
12:57:04 PM      eth0     52.00     48.00     13.21     10.91      0.00      0.00      0.00
12:57:05 PM      eth0     32.00     28.00      7.01      6.15      0.00      0.00      0.00
12:57:06 PM      eth0     41.00     35.00     10.89      8.98      0.00      0.00      0.00
12:57:07 PM      eth0     46.00     40.00     11.60      9.83      0.00      0.00      0.00
12:57:08 PM      eth0     36.00     30.00      7.94      6.41      0.00      0.00      0.00
12:57:09 PM      eth0     50.00     42.00     12.29     10.09      0.00      0.00      0.00
12:57:10 PM      eth0     49.00     42.00     11.96     10.09      0.00      0.00      0.00
12:57:11 PM      eth0    265.00    304.00    133.45     97.95      0.00      0.00      0.00
12:57:12 PM      eth0     46.00     42.00      9.47      9.40      0.00      0.00      0.00
12:57:13 PM      eth0  65057.00  20493.00  49904.65   2380.50      0.00      0.00      0.00
12:57:14 PM      eth0 179234.00  53473.00 137746.25   6152.30      0.00      0.00      0.00
12:57:15 PM      eth0 179797.00  53362.00 138178.36   6138.28      0.00      0.00      0.00
12:57:16 PM      eth0 180013.00  53477.00 138344.08   6152.79      0.00      0.00      0.00
12:57:17 PM      eth0 179895.00  53095.00 138252.74   6107.24      0.00      0.00      0.00
12:57:18 PM      eth0 179963.00  53501.00 138305.02   6155.68      0.00      0.00      0.00
12:57:19 PM      eth0 178953.00  52828.00 137529.21   6080.69      0.00      0.00      0.00
12:57:20 PM      eth0 180292.00  53850.00 138557.16   6197.91      0.00      0.00      0.00
12:57:21 PM      eth0 179808.00  53293.00 138185.18   6130.54      0.00      0.00      0.00
12:57:22 PM      eth0 179095.00  53802.00 137632.78   6194.96      0.00      0.00      0.00
12:57:23 PM      eth0 178145.00  52596.00 136907.08   6049.14      0.00      0.00      0.00
12:57:24 PM      eth0 177862.00  52602.00 136690.15   6055.55      0.00      0.00      0.00
12:57:25 PM      eth0 178805.00  52777.00 137415.03   6072.14      0.00      0.00      0.00
12:57:26 PM      eth0 180369.00  53072.00 138616.31   6101.80      0.00      0.00      0.00
12:57:27 PM      eth0 178446.00  53386.00 137138.23   6146.48      0.00      0.00      0.00
12:57:28 PM      eth0 178007.00  53614.00 136801.21   6170.57      0.00      0.00      0.00
12:57:29 PM      eth0 176220.00  51621.00 135427.64   5935.18      0.00      0.00      0.00
12:57:30 PM      eth0 175565.00  52399.00 134924.77   6031.67      0.00      0.00      0.00
12:57:31 PM      eth0 177075.00  52207.00 136085.60   6005.73      0.00      0.00      0.00
12:57:32 PM      eth0 179487.00  53522.00 137934.41   6164.43      0.00      0.00      0.00
12:57:33 PM      eth0 178023.00  52639.00 136810.09   6056.12      0.00      0.00      0.00
12:57:34 PM      eth0 177264.00  51449.00 136228.68   5912.48      0.00      0.00      0.00
12:57:35 PM      eth0 177840.00  52304.00 136671.75   6021.66      0.00      0.00      0.00
12:57:36 PM      eth0 177414.00  52402.00 136345.21   6032.09      0.00      0.00      0.00
12:57:37 PM      eth0 177918.00  51653.00 136732.63   5940.44      0.00      0.00      0.00
12:57:38 PM      eth0 177896.00  51385.00 136717.16   5909.27      0.00      0.00      0.00
12:57:39 PM      eth0 177733.00  51622.00 136584.69   5937.57      0.00      0.00      0.00
12:57:40 PM      eth0 179663.00  53410.00 138070.19   6153.75      0.00      0.00      0.00
12:57:41 PM      eth0 178172.00  51945.00 136921.82   5979.21      0.00      0.00      0.00
12:57:42 PM      eth0 178600.00  52655.00 137252.54   6063.39      0.00      0.00      0.00
12:57:43 PM      eth0 179070.00  53493.00 137618.06   6162.57      0.00      0.00      0.00
12:57:44 PM      eth0 175935.00  51328.00 135209.28   5899.67      0.00      0.00      0.00
12:57:45 PM      eth0 170504.00  49891.00 131034.66   5741.61      0.00      0.00      0.00
12:57:46 PM      eth0 169946.00  49968.00 130604.88   5749.97      0.00      0.00      0.00
12:57:47 PM      eth0 168089.00  49784.00 129179.26   5735.68      0.00      0.00      0.00
12:57:48 PM      eth0 169875.00  49966.00 130551.87   5753.42      0.00      0.00      0.00
12:57:49 PM      eth0 167974.00  49440.00 129090.76   5693.30      0.00      0.00      0.00
12:57:50 PM      eth0 170322.00  50426.00 130892.44   5802.25      0.00      0.00      0.00
12:57:51 PM      eth0 168244.00  48973.00 129297.68   5632.10      0.00      0.00      0.00
12:57:52 PM      eth0 170506.00  50308.00 131031.92   5796.52      0.00      0.00      0.00
12:57:53 PM      eth0 167930.00  49848.00 129055.27   5745.14      0.00      0.00      0.00
12:57:54 PM      eth0 169666.00  49840.00 130391.33   5737.88      0.00      0.00      0.00
12:57:55 PM      eth0 174531.00  52065.00 134127.84   5999.01      0.00      0.00      0.00
12:57:56 PM      eth0 177967.00  52184.00 136770.82   6004.81      0.00      0.00      0.00
12:57:57 PM      eth0 178526.00  52852.00 137201.42   6086.53      0.00      0.00      0.00
12:57:58 PM      eth0 176689.00  52839.00 135786.48   6099.54      0.00      0.00      0.00
12:57:59 PM      eth0 176535.00  51958.00 135466.14   6048.07      0.00      0.00      0.00
12:58:00 PM      eth0 177607.00  51730.00 136492.95   5951.28      0.00      0.00      0.00
12:58:01 PM      eth0 177772.00  52511.00 136621.86   6045.25      0.00      0.00      0.00
12:58:02 PM      eth0 176491.00  53672.00 135630.14   6188.10      0.00      0.00      0.00
12:58:03 PM      eth0 178566.00  52109.00 137228.09   5994.00      0.00      0.00      0.00
12:58:04 PM      eth0 179761.00  52912.00 138149.51   6096.41      0.00      0.00      0.00
12:58:05 PM      eth0 178986.00  52060.00 137554.88   5986.89      0.00      0.00      0.00
12:58:06 PM      eth0 170157.00  49837.00 130768.19   5743.08      0.00      0.00      0.00
12:58:07 PM      eth0 170409.00  50150.00 130960.89   5768.59      0.00      0.00      0.00
12:58:08 PM      eth0 169800.00  49282.00 130493.52   5671.61      0.00      0.00      0.00
12:58:09 PM      eth0 176880.00  51816.00 135934.92   5960.99      0.00      0.00      0.00
12:58:10 PM      eth0 177745.00  52553.00 136599.70   6055.80      0.00      0.00      0.00
12:58:11 PM      eth0 177532.00  51714.00 136436.60   5951.30      0.00      0.00      0.00
12:58:12 PM      eth0 176760.00  50208.00 135839.81   5767.19      0.00      0.00      0.00
12:58:13 PM      eth0 175671.00  51636.00 134948.33   6006.43      0.00      0.00      0.00
12:58:14 PM      eth0 180379.00  53805.00 138625.75   6200.09      0.00      0.00      0.00
12:58:15 PM      eth0 179067.00  52011.00 137616.94   5982.58      0.00      0.00      0.00
12:58:16 PM      eth0 178649.00  52046.00 137295.93   5986.26      0.00      0.00      0.00
12:58:17 PM      eth0 178787.00  52146.00 137401.23   5998.65      0.00      0.00      0.00
12:58:18 PM      eth0 179240.00  52624.00 137749.32   6060.04      0.00      0.00      0.00
12:58:19 PM      eth0 178688.00  52414.00 137326.21   6030.23      0.00      0.00      0.00
12:58:20 PM      eth0 178549.00  52576.00 137215.89   6058.83      0.00      0.00      0.00
12:58:21 PM      eth0 178453.00  53078.00 137144.53   6110.40      0.00      0.00      0.00
12:58:22 PM      eth0 179401.00  52439.00 137868.88   6038.39      0.00      0.00      0.00
12:58:23 PM      eth0 179534.00  52413.00 137976.02   6030.35      0.00      0.00      0.00
12:58:24 PM      eth0 178060.00  53327.00 136843.26   6145.17      0.00      0.00      0.00
12:58:25 PM      eth0 178112.00  51396.00 136880.36   5906.24      0.00      0.00      0.00
12:58:26 PM      eth0 177054.00  51994.00 136067.74   5983.02      0.00      0.00      0.00
12:58:27 PM      eth0 176285.00  51400.00 135476.42   5914.06      0.00      0.00      0.00
12:58:28 PM      eth0 178588.00  52199.00 137247.61   6008.16      0.00      0.00      0.00
12:58:29 PM      eth0 179593.00  52572.00 138020.65   6052.75      0.00      0.00      0.00
12:58:30 PM      eth0 179536.00  53187.00 137974.87   6127.86      0.00      0.00      0.00
12:58:31 PM      eth0 177822.00  53274.00 136656.12   6146.79      0.00      0.00      0.00
12:58:32 PM      eth0 177852.00  52284.00 136676.33   6028.40      0.00      0.00      0.00
12:58:33 PM      eth0 178445.00  52776.00 137134.45   6071.91      0.00      0.00      0.00
12:58:34 PM      eth0 177643.00  52173.00 136520.64   6007.43      0.00      0.00      0.00
12:58:35 PM      eth0 176830.00  51930.00 135895.12   5969.91      0.00      0.00      0.00
12:58:36 PM      eth0 175945.00  52768.00 135215.58   6080.54      0.00      0.00      1.00
12:58:37 PM      eth0 178692.00  52950.00 137328.11   6096.03      0.00      0.00      0.00
12:58:38 PM      eth0 177599.00  52644.00 136486.80   6061.58      0.00      0.00      0.00
12:58:39 PM      eth0 178558.00  52662.00 137224.37   6058.93      0.00      0.00      0.00
12:58:40 PM      eth0 179239.00  53567.00 137740.77   6179.17      0.00      0.00      0.00
12:58:41 PM      eth0 178312.00  53292.00 137029.45   6151.82      0.00      0.00      0.00
12:58:42 PM      eth0 178286.00  52336.00 137012.18   6023.76      0.00      0.00      0.00
12:58:43 PM      eth0 178716.00  52777.00 137346.12   6076.30      0.00      0.00      0.00
12:58:44 PM      eth0 179788.00  52882.00 138169.84   6087.44      0.00      0.00      0.00
12:58:45 PM      eth0 178127.00  53062.00 136892.56   6113.57      0.00      0.00      0.00
12:58:46 PM      eth0 177070.00  52657.00 136079.61   6066.58      0.00      0.00      0.00
12:58:47 PM      eth0 174995.00  51280.00 134488.19   5912.59      0.00      0.00      0.00
12:58:48 PM      eth0 171812.00  50846.00 132039.85   5858.02      0.00      0.00      0.00
12:58:49 PM      eth0 179239.00  53261.00 137747.23   6145.29      0.00      0.00      0.00
12:58:50 PM      eth0 178952.00  52389.00 137524.09   6037.34      0.00      0.00      0.00
12:58:51 PM      eth0 177832.00  52279.00 136667.32   6027.00      0.00      0.00      0.00
12:58:52 PM      eth0 177706.00  53233.00 136565.48   6145.81      0.00      0.00      0.00
12:58:53 PM      eth0 179393.00  52747.00 137864.65   6079.64      0.00      0.00      0.00
12:58:54 PM      eth0 177900.00  51628.00 136718.81   5943.88      0.00      0.00      0.00
12:58:55 PM      eth0 177097.00  51349.00 136102.86   5908.70      0.00      0.00      0.00
12:58:56 PM      eth0 177834.00  52861.00 136668.68   6101.58      0.00      0.00      0.00
12:58:57 PM      eth0 177863.00  51925.00 136692.47   5979.42      0.00      0.00      0.00
12:58:58 PM      eth0 179554.00  51895.00 137988.84   5968.12      0.00      0.00      0.00
12:58:59 PM      eth0 178530.00  52082.00 137201.16   5990.88      0.00      0.00      0.00
12:59:00 PM      eth0 178034.00  51959.00 136823.18   5983.30      0.00      0.00      0.00
12:59:01 PM      eth0 179073.00  52625.00 137647.86   6065.60      0.00      0.00      0.00
12:59:02 PM      eth0 178776.00  53177.00 137389.66   6133.79      0.00      0.00      0.00
12:59:03 PM      eth0 178632.00  52784.00 137276.21   6089.45      0.00      0.00      0.00
12:59:04 PM      eth0 178489.00  53094.00 137170.84   6122.94      0.00      0.00      0.00
12:59:05 PM      eth0 179205.00  52985.00 137723.43   6107.95      0.00      0.00      0.00
12:59:06 PM      eth0 179293.00  52793.00 137791.54   6078.53      0.00      0.00      0.00
12:59:07 PM      eth0 177958.00  52968.00 136765.05   6103.62      0.00      0.00      0.00
12:59:08 PM      eth0 178296.00  52345.00 137017.68   6034.13      0.00      0.00      0.00
12:59:09 PM      eth0 178535.00  51891.00 137206.20   5975.39      0.00      0.00      0.00
12:59:10 PM      eth0 179978.00  52272.00 138317.26   6014.04      0.00      0.00      0.00
12:59:11 PM      eth0 179004.00  53073.00 137565.94   6122.82      0.00      0.00      0.00
12:59:12 PM      eth0 177408.00  51761.00 136335.25   5962.37      0.00      0.00      0.00
12:59:13 PM      eth0 176238.00  50839.00 135441.50   5850.79      0.00      0.00      0.00
12:59:14 PM      eth0 112728.00  31570.00  86588.89   3666.01      0.00      0.00      0.00
12:59:15 PM      eth0  97637.00  27675.00  75027.44   3193.49      0.00      0.00      0.00
12:59:16 PM      eth0  98338.00  26810.00  75570.19   3069.87      0.00      0.00      0.00
12:59:17 PM      eth0  96692.00  27138.00  74306.02   3117.75      0.00      0.00      0.00
12:59:18 PM      eth0  97320.00  27519.00  74790.06   3163.38      0.00      0.00      0.00
12:59:19 PM      eth0  97933.00  27674.00  75261.89   3178.84      0.00      0.00      0.00
12:59:20 PM      eth0  97522.00  26916.00  74944.68   3085.71      0.00      0.00      0.00
12:59:21 PM      eth0  97999.00  28070.00  75311.29   3234.20      0.00      0.00      0.00
12:59:22 PM      eth0  97158.00  26947.00  74661.35   3094.38      0.00      0.00      0.00
12:59:23 PM      eth0  97918.00  28076.00  75248.30   3235.55      0.00      0.00      0.00
12:59:24 PM      eth0  97261.00  27292.00  74744.04   3132.41      0.00      0.00      0.00
12:59:25 PM      eth0  99140.00  28157.00  76188.86   3236.87      0.00      0.00      0.00
12:59:26 PM      eth0  97497.00  27011.00  74925.42   3098.16      0.00      0.00      0.00
12:59:27 PM      eth0  98008.00  27400.00  75317.47   3142.42      0.00      0.00      0.00
12:59:28 PM      eth0  96706.00  27725.00  74318.20   3193.01      0.00      0.00      0.00
12:59:29 PM      eth0  98716.00  27877.00  75862.72   3200.25      0.00      0.00      0.00
12:59:30 PM      eth0  96426.00  26552.00  74101.62   3042.11      0.00      0.00      0.00
12:59:31 PM      eth0  96891.00  27401.00  74458.29   3149.06      0.00      0.00      0.00
12:59:32 PM      eth0  96882.00  27872.00  74449.23   3212.04      0.00      0.00      0.00
12:59:33 PM      eth0  97657.00  27675.00  75045.84   3180.81      0.00      0.00      0.00
12:59:34 PM      eth0  97227.00  27533.00  74717.88   3166.00      0.00      0.00      0.00
12:59:35 PM      eth0  97608.00  27385.00  75010.02   3145.09      0.00      0.00      0.00
12:59:36 PM      eth0  97185.00  27219.00  74684.32   3125.78      0.00      0.00      0.00
12:59:37 PM      eth0  97617.00  27496.00  75017.71   3159.04      0.00      0.00      0.00
12:59:38 PM      eth0  98532.00  27978.00  75721.49   3217.17      0.00      0.00      0.00
12:59:39 PM      eth0  97496.00  28039.00  74922.55   3226.91      0.00      0.00      0.00
12:59:40 PM      eth0  99472.00  27439.00  76435.75   3147.93      0.00      0.00      0.00
12:59:41 PM      eth0  97302.00  27690.00  74770.20   3182.69      0.00      0.00      0.00
12:59:42 PM      eth0  97798.00  28018.00  75146.08   3230.14      0.00      0.00      0.00
12:59:43 PM      eth0  96992.00  27488.00  74537.91   3160.48      0.00      0.00      0.00
12:59:44 PM      eth0  98948.00  27598.00  76039.91   3171.33      0.00      0.00      0.00
12:59:45 PM      eth0  97557.00  27951.00  74970.42   3216.34      0.00      0.00      0.00
12:59:46 PM      eth0  98108.00  27922.00  75394.33   3212.55      0.00      0.00      0.00
12:59:47 PM      eth0  97406.00  27616.00  74854.77   3173.71      0.00      0.00      0.00
12:59:48 PM      eth0  98538.00  28347.00  75725.72   3264.57      0.00      0.00      0.00
12:59:49 PM      eth0  97007.00  27876.00  74547.47   3209.03      0.00      0.00      0.00
12:59:50 PM      eth0  97781.00  27531.00  75142.67   3162.76      0.00      0.00      0.00
12:59:51 PM      eth0  97585.00  27932.00  74993.05   3214.56      0.00      0.00      0.00
12:59:52 PM      eth0  98623.00  27789.00  75786.61   3195.71      0.00      0.00      0.00
12:59:53 PM      eth0  97649.00  27503.00  75043.05   3161.38      0.00      0.00      0.00
12:59:54 PM      eth0  98421.00  28146.00  75634.17   3238.36      0.00      0.00      0.00
12:59:55 PM      eth0  97302.00  27183.00  74775.92   3120.91      0.00      0.00      0.00
12:59:56 PM      eth0  97708.00  27216.00  75087.20   3125.52      0.00      0.00      0.00
12:59:57 PM      eth0  97834.00  27741.00  75182.80   3189.11      0.00      0.00      0.00
12:59:58 PM      eth0  97976.00  27858.00  75292.85   3204.20      0.00      0.00      0.00
12:59:59 PM      eth0  98736.00  28053.00  75878.24   3227.72      0.00      0.00      0.00
01:00:00 PM      eth0  98104.00  27875.00  75392.67   3211.34      0.00      0.00      0.00
01:00:01 PM      eth0  98810.00  28026.00  75936.66   3221.27      0.00      0.00      0.00
01:00:02 PM      eth0  98157.00  27504.00  75428.44   3161.88      0.00      0.00      0.00
01:00:03 PM      eth0  98347.00  27544.00  75576.11   3165.49      0.00      0.00      0.00
01:00:04 PM      eth0  98045.00  27285.00  75346.59   3128.83      0.00      0.00      0.00
01:00:05 PM      eth0  98664.00  28486.00  75821.67   3282.09      0.00      0.00      0.00
01:00:06 PM      eth0  97983.00  27857.00  75298.94   3206.54      0.00      0.00      0.00
01:00:07 PM      eth0  98172.00  27886.00  75442.52   3209.35      0.00      0.00      0.00
01:00:08 PM      eth0  97892.00  27470.00  75230.34   3155.31      0.00      0.00      0.00
01:00:09 PM      eth0  98537.00  27207.00  75726.17   3119.04      0.00      0.00      0.00
01:00:10 PM      eth0  97578.00  27566.00  74986.99   3166.37      0.00      0.00      0.00
01:00:11 PM      eth0  97977.00  27388.00  75295.71   3141.70      0.00      0.00      0.00
01:00:12 PM      eth0  98004.00  27420.00  75311.00   3148.47      0.00      0.00      0.00
01:00:13 PM      eth0  96281.00  25972.00  73989.50   2971.75      0.00      0.00      0.00
01:00:14 PM      eth0  97672.00  27136.00  75011.87   3157.97      0.00      0.00      0.00
01:00:15 PM      eth0  98435.00  27638.00  75642.43   3186.65      0.00      0.00      0.00
01:00:16 PM      eth0  97019.00  27265.00  74559.47   3131.26      0.00      0.00      0.00
01:00:17 PM      eth0  98084.00  27517.00  75377.30   3161.84      0.00      0.00      0.00
01:00:18 PM      eth0  97035.00  27188.00  74567.79   3122.33      0.00      0.00      0.00
01:00:19 PM      eth0  96022.00  26842.00  73792.51   3084.17      0.00      0.00      0.00
01:00:20 PM      eth0  97649.00  27515.00  75040.42   3161.88      0.00      0.00      0.00
01:00:21 PM      eth0  96930.00  26632.00  74490.33   3053.14      0.00      0.00      0.00
01:00:22 PM      eth0 150419.00  44423.00 115595.10   5132.64      0.00      0.00      0.00
01:00:23 PM      eth0 178453.00  52899.00 137145.08   6104.88      0.00      0.00      0.00
01:00:24 PM      eth0 178467.00  53027.00 137156.09   6125.14      0.00      0.00      0.00
01:00:25 PM      eth0 177982.00  53883.00 136783.28   6235.36      0.00      0.00      0.00
01:00:26 PM      eth0 178141.00  54443.00 136905.96   6301.51      0.00      0.00      0.00
01:00:27 PM      eth0 178790.00  52862.00 137402.86   6103.95      0.00      0.00      0.00
01:00:28 PM      eth0 178236.00  53451.00 136978.11   6177.68      0.00      0.00      0.00
01:00:29 PM      eth0 177580.00  52333.00 136472.90   6034.06      0.00      0.00      0.00
01:00:30 PM      eth0 178967.00  53107.00 137538.18   6128.95      0.00      0.00      0.00
01:00:31 PM      eth0 177960.00  52776.00 136761.22   6094.28      0.00      0.00      0.00
01:00:32 PM      eth0 177792.00  54343.00 136632.63   6292.98      0.00      0.00      0.00
01:00:33 PM      eth0 170018.00  50123.00 130660.11   5782.16      0.00      0.00      0.00
01:00:34 PM      eth0 167235.00  48610.00 128525.16   5604.06      0.00      0.00      0.00
01:00:35 PM      eth0 168303.00  50067.00 129342.34   5775.58      0.00      0.00      0.00
01:00:36 PM      eth0 167953.00  49813.00 129074.73   5751.11      0.00      0.00      0.00
01:00:37 PM      eth0 170110.00  50619.00 130732.49   5839.58      0.00      0.00      0.00
01:00:38 PM      eth0 171673.00  50837.00 131935.12   5868.46      0.00      0.00      0.00
01:00:39 PM      eth0 166931.00  48387.00 128288.18   5569.92      0.00      0.00      0.00
01:00:40 PM      eth0 170553.00  50804.00 131073.89   5864.67      0.00      0.00      0.00
01:00:41 PM      eth0 172619.00  51368.00 132663.59   5931.21      0.00      0.00      0.00
01:00:42 PM      eth0 172153.00  50438.00 132296.27   5819.95      0.00      0.00      0.00
01:00:43 PM      eth0 177426.00  52596.00 136351.63   6072.82      0.00      0.00      0.00
01:00:44 PM      eth0 179058.00  53365.00 137604.15   6164.45      0.00      0.00      0.00
01:00:45 PM      eth0 177539.00  53657.00 136438.49   6210.74      0.00      0.00      0.00
01:00:46 PM      eth0 178833.00  52008.00 137437.77   5988.14      0.00      0.00      0.00
01:00:47 PM      eth0 179019.00  52854.00 137580.77   6097.11      0.00      0.00      0.00
01:00:48 PM      eth0 179862.00  54730.00 138226.75   6335.68      0.00      0.00      0.00
01:00:49 PM      eth0 179176.00  52395.00 137699.09   6036.87      0.00      0.00      0.00
01:00:50 PM      eth0 179970.00  52520.00 138308.84   6056.43      0.00      0.00      0.00
01:00:51 PM      eth0 179151.00  53657.00 137681.41   6197.44      0.00      0.00      0.00
01:00:52 PM      eth0 177974.00  54218.00 136771.05   6282.49      0.00      0.00      0.00
01:00:53 PM      eth0 177898.00  52366.00 136718.66   6037.58      0.00      0.00      0.00
01:00:54 PM      eth0 178073.00  52819.00 136851.06   6091.27      0.00      0.00      0.00
01:00:55 PM      eth0 178245.00  52164.00 136984.02   6018.19      0.00      0.00      0.00
01:00:56 PM      eth0 178744.00  53820.00 137369.33   6223.18      0.00      0.00      0.00
01:00:57 PM      eth0 179227.00  53269.00 137742.20   6155.09      0.00      0.00      0.00
01:00:58 PM      eth0 179142.00  53017.00 137674.81   6119.33      0.00      0.00      0.00
01:00:59 PM      eth0 178433.00  51989.00 137128.87   5988.64      0.00      0.00      0.00
01:01:00 PM      eth0 178773.00  52799.00 137386.33   6093.47      0.00      0.00      0.00
01:01:01 PM      eth0 179070.00  52715.00 137618.25   6078.83      0.00      0.00      0.00
01:01:02 PM      eth0 180483.00  53171.00 138699.27   6143.18      0.00      0.00      0.00
01:01:03 PM      eth0 177510.00  53216.00 136415.14   6148.24      0.00      0.00      0.00
01:01:04 PM      eth0 178983.00  52734.00 137576.60   6085.03      0.00      0.00      0.00
01:01:05 PM      eth0 179083.00  52873.00 137630.20   6099.24      0.00      0.00      0.00
01:01:06 PM      eth0 177846.00  52533.00 136677.86   6063.32      0.00      0.00      0.00
01:01:07 PM      eth0 178671.00  53229.00 137311.71   6143.83      0.00      0.00      0.00
01:01:08 PM      eth0 179972.00  52777.00 138311.26   6089.51      0.00      0.00      0.00
01:01:09 PM      eth0 180450.00  52123.00 138680.11   6000.95      0.00      0.00      0.00
01:01:10 PM      eth0 179562.00  53838.00 137994.76   6221.14      0.00      0.00      0.00
01:01:11 PM      eth0 179222.00  53839.00 137734.07   6221.47      0.00      0.00      0.00
01:01:12 PM      eth0 178510.00  52132.00 137183.14   6009.72      0.00      0.00      0.00
01:01:13 PM      eth0 179907.00  52821.00 138264.54   6096.70      0.00      0.00      0.00
01:01:14 PM      eth0 176966.00  52225.00 136002.92   6030.33      0.00      0.00      0.00
01:01:15 PM      eth0 178083.00  51760.00 136807.20   6012.56      0.00      0.00      0.00
01:01:16 PM      eth0 179842.00  53752.00 138205.07   6226.13      0.00      0.00      0.00
01:01:17 PM      eth0 178687.00  52891.00 137324.85   6106.97      0.00      0.00      0.00
01:01:18 PM      eth0 178763.00  52715.00 137383.45   6084.07      0.00      0.00      0.00
01:01:19 PM      eth0 179168.00  52975.00 137694.01   6114.66      0.00      0.00      0.00
01:01:20 PM      eth0 177872.00  52816.00 136698.71   6105.88      0.00      0.00      0.00
01:01:21 PM      eth0 177875.00  51637.00 136700.94   5951.13      0.00      0.00      0.00
01:01:22 PM      eth0 179019.00  52853.00 137577.15   6102.72      0.00      0.00      0.00
01:01:23 PM      eth0 178355.00  52963.00 137068.11   6117.98      0.00      0.00      0.00
01:01:24 PM      eth0 178366.00  52793.00 137078.86   6093.48      0.00      0.00      0.00
01:01:25 PM      eth0 178553.00  53503.00 137221.31   6184.41      0.00      0.00      0.00
01:01:26 PM      eth0 179061.00  52678.00 137612.24   6080.45      0.00      0.00      0.00
01:01:27 PM      eth0 179045.00  53248.00 137600.94   6146.00      0.00      0.00      0.00
01:01:28 PM      eth0 176977.00  52702.00 136012.31   6094.54      0.00      0.00      0.00
01:01:29 PM      eth0 177681.00  52697.00 136551.24   6079.29      0.00      0.00      0.00
01:01:30 PM      eth0 178551.00  53986.00 137218.46   6237.31      0.00      0.00      0.00
01:01:31 PM      eth0 177779.00  53048.00 136624.27   6131.62      0.00      0.00      0.00
01:01:32 PM      eth0 178219.00  52933.00 136959.75   6114.77      0.00      0.00      0.00
01:01:33 PM      eth0 178447.00  52692.00 137136.23   6077.01      0.00      0.00      0.00
01:01:34 PM      eth0 178778.00  53607.00 137394.99   6192.66      0.00      0.00      0.00
01:01:35 PM      eth0 179329.00  53568.00 137817.20   6190.98      0.00      0.00      0.00
01:01:36 PM      eth0 180206.00  54690.00 138493.91   6342.40      0.00      0.00      0.00
01:01:37 PM      eth0 177848.00  52832.00 136680.81   6100.51      0.00      0.00      0.00
01:01:38 PM      eth0 178423.00  52790.00 137122.89   6089.15      0.00      0.00      0.00
01:01:39 PM      eth0 179317.00  52822.00 137808.53   6089.58      0.00      0.00      0.00
01:01:40 PM      eth0 179651.00  53095.00 138062.03   6129.20      0.00      0.00      0.00
01:01:41 PM      eth0 178487.00  53669.00 137170.55   6207.53      0.00      0.00      0.00
01:01:42 PM      eth0 179115.00  52217.00 137649.09   6012.79      0.00      0.00      0.00
01:01:43 PM      eth0 178284.00  53310.00 137010.94   6165.19      0.00      0.00      0.00
01:01:44 PM      eth0 179137.00  52552.00 137667.26   6071.23      0.00      0.00      0.00
01:01:45 PM      eth0 180418.00  53516.00 138656.84   6186.69      0.00      0.00      0.00
01:01:46 PM      eth0 179981.00  53501.00 138318.18   6180.14      0.00      0.00      0.00
01:01:47 PM      eth0 180146.00  52769.00 138445.11   6096.88      0.00      0.00      0.00
01:01:48 PM      eth0 179031.00  53352.00 137587.40   6157.57      0.00      0.00      0.00
01:01:49 PM      eth0 179858.00  51885.00 138223.64   5981.54      0.00      0.00      0.00
01:01:50 PM      eth0 179471.00  53389.00 137924.17   6175.14      0.00      0.00      0.00
01:01:51 PM      eth0 179453.00  52910.00 137913.77   6104.11      0.00      0.00      0.00
01:01:52 PM      eth0 179257.00  53197.00 137758.25   6158.11      0.00      0.00      0.00
01:01:53 PM      eth0 179347.00  53056.00 137830.29   6128.04      0.00      0.00      0.00
01:01:54 PM      eth0 179898.00  52637.00 138256.03   6070.46      0.00      0.00      0.00
01:01:55 PM      eth0 178241.00  54626.00 136980.30   6337.32      0.00      0.00      0.00
01:01:56 PM      eth0 177018.00  52706.00 136041.22   6092.79      0.00      0.00      0.00
01:01:57 PM      eth0 178193.00  52070.00 136943.29   5998.36      0.00      0.00      1.00
01:01:58 PM      eth0 179220.00  55199.00 137731.88   6415.22      0.00      0.00      0.00
01:01:59 PM      eth0 180089.00  53310.00 138401.89   6157.30      0.00      0.00      0.00
01:02:00 PM      eth0 178351.00  54052.00 137066.17   6269.89      0.00      0.00      0.00
01:02:01 PM      eth0 169375.00  51678.00 130168.85   5982.94      0.00      0.00      0.00
01:02:02 PM      eth0 169418.00  50550.00 130197.08   5848.38      0.00      0.00      0.00
01:02:03 PM      eth0 171812.00  50821.00 132037.04   5874.49      0.00      0.00      0.00
01:02:04 PM      eth0 170772.00  50876.00 131240.73   5879.73      0.00      0.00      0.00
01:02:05 PM      eth0 177003.00  53294.00 136028.74   6177.11      0.00      0.00      0.00
01:02:06 PM      eth0 177925.00  52373.00 136738.73   6041.51      0.00      0.00      0.00
01:02:07 PM      eth0 178807.00  54110.00 137416.60   6262.37      0.00      0.00      0.00
01:02:08 PM      eth0 179848.00  52661.00 138216.52   6078.26      0.00      0.00      0.00
01:02:09 PM      eth0 180326.00  53353.00 138584.74   6165.12      0.00      0.00      0.00
01:02:10 PM      eth0 177088.00  52908.00 136094.29   6117.95      0.00      0.00      0.00
01:02:11 PM      eth0 168361.00  51286.00 129388.37   5948.98      0.00      0.00      0.00
01:02:12 PM      eth0 171057.00  51180.00 131452.91   5925.03      0.00      0.00      0.00
01:02:13 PM      eth0 116072.00  35006.00  89198.14   4055.90      0.00      0.00      0.00
01:02:14 PM      eth0     22.00     15.00      4.31      3.09      0.00      0.00      0.00
