vhost-9926 11.8
vhost-9926 11.8
vhost-9926 13.5
vhost-9926 13.5
vhost-9926 13.5
vhost-9926 13.5
vhost-9926 13.5
vhost-9926 13.5
vhost-9926 13.5
vhost-9926 13.5
vhost-9926 13.5
vhost-9926 13.5
vhost-9926 13.5
vhost-9926 13.5
vhost-9926 13.5
vhost-9926 13.5
vhost-9926 13.5
vhost-9926 13.7
vhost-9926 13.7
vhost-9926 13.7
vhost-9926 13.7
vhost-9926 13.7
vhost-9926 15.4
vhost-9926 15.4
vhost-9926 15.4
vhost-9926 15.4
vhost-9926 15.4
vhost-9926 15.7
vhost-9926 15.7
vhost-9926 15.7
vhost-9926 21.2
vhost-9926 23.1
vhost-9926 25.0
vhost-9926 29.4
vhost-9926 45.1
vhost-9926 9.6
