vhost-9675 15.7
vhost-9675 17.3
vhost-9675 17.3
vhost-9675 17.6
vhost-9675 19.2
vhost-9675 19.2
vhost-9675 19.6
vhost-9675 19.6
vhost-9675 19.6
vhost-9675 21.2
vhost-9675 21.2
vhost-9675 21.2
vhost-9675 21.2
vhost-9675 21.6
vhost-9675 21.6
vhost-9675 23.1
vhost-9675 23.1
vhost-9675 23.1
vhost-9675 23.1
vhost-9675 23.1
vhost-9675 23.1
vhost-9675 23.1
vhost-9675 23.1
vhost-9675 25.0
vhost-9675 25.0
vhost-9675 25.0
vhost-9675 26.9
vhost-9675 26.9
vhost-9675 26.9
vhost-9675 28.8
vhost-9675 30.8
vhost-9675 34.6
vhost-9675 34.6
vhost-9675 44.2
