vhost-9182 13.5
vhost-9182 13.5
vhost-9182 13.5
vhost-9182 15.4
vhost-9182 15.4
vhost-9182 15.4
vhost-9182 15.4
vhost-9182 15.7
vhost-9182 17.3
vhost-9182 17.3
vhost-9182 17.3
vhost-9182 17.6
vhost-9182 19.6
vhost-9182 23.1
vhost-9182 23.1
vhost-9182 23.1
vhost-9182 23.1
vhost-9182 23.5
vhost-9182 23.5
vhost-9182 23.5
vhost-9182 25.0
vhost-9182 25.0
vhost-9182 25.5
vhost-9182 26.9
vhost-9182 26.9
vhost-9182 26.9
vhost-9182 28.8
vhost-9182 28.8
vhost-9182 29.4
vhost-9182 30.8
vhost-9182 30.8
vhost-9182 31.4
vhost-9182 35.3
vhost-9182 36.5
vhost-9182 36.5
