              total        used        free      shared  buff/cache   available
Mem:          48114        1113       30653        2368       16347       43790
Swap:         24191           0       24191
Total:        72306        1113       54845

              total        used        free      shared  buff/cache   available
Mem:          48114        1113       30661        2368       16339       43790
Swap:         24191           0       24191
Total:        72306        1113       54853

              total        used        free      shared  buff/cache   available
Mem:          48114        1113       30661        2368       16339       43789
Swap:         24191           0       24191
Total:        72306        1113       54852

              total        used        free      shared  buff/cache   available
Mem:          48114        1113       30660        2369       16339       43789
Swap:         24191           0       24191
Total:        72306        1113       54852

              total        used        free      shared  buff/cache   available
Mem:          48114        1115       30659        2369       16339       43788
Swap:         24191           0       24191
Total:        72306        1115       54851

              total        used        free      shared  buff/cache   available
Mem:          48114        1115       30659        2369       16339       43788
Swap:         24191           0       24191
Total:        72306        1115       54851

              total        used        free      shared  buff/cache   available
Mem:          48114        1115       30658        2369       16339       43787
Swap:         24191           0       24191
Total:        72306        1115       54850

              total        used        free      shared  buff/cache   available
Mem:          48114        1115       30658        2369       16340       43787
Swap:         24191           0       24191
Total:        72306        1115       54850

              total        used        free      shared  buff/cache   available
Mem:          48114        1117       30655        2369       16340       43785
Swap:         24191           0       24191
Total:        72306        1117       54847

              total        used        free      shared  buff/cache   available
Mem:          48114        1117       30656        2369       16340       43785
Swap:         24191           0       24191
Total:        72306        1117       54848

              total        used        free      shared  buff/cache   available
Mem:          48114        1117       30656        2369       16340       43785
Swap:         24191           0       24191
Total:        72306        1117       54848

              total        used        free      shared  buff/cache   available
Mem:          48114        1116       30656        2369       16340       43786
Swap:         24191           0       24191
Total:        72306        1116       54848

              total        used        free      shared  buff/cache   available
Mem:          48114        1117       30656        2369       16340       43785
Swap:         24191           0       24191
Total:        72306        1117       54847

              total        used        free      shared  buff/cache   available
Mem:          48114        1117       30656        2369       16340       43785
Swap:         24191           0       24191
Total:        72306        1117       54848

              total        used        free      shared  buff/cache   available
Mem:          48114        1117       30656        2369       16340       43785
Swap:         24191           0       24191
Total:        72306        1117       54848

              total        used        free      shared  buff/cache   available
Mem:          48114        1117       30656        2369       16340       43785
Swap:         24191           0       24191
Total:        72306        1117       54847

              total        used        free      shared  buff/cache   available
Mem:          48114        1116       30657        2369       16340       43786
Swap:         24191           0       24191
Total:        72306        1116       54849

              total        used        free      shared  buff/cache   available
Mem:          48114        1116       30657        2369       16340       43786
Swap:         24191           0       24191
Total:        72306        1116       54849

              total        used        free      shared  buff/cache   available
Mem:          48114        1115       30657        2369       16340       43787
Swap:         24191           0       24191
Total:        72306        1115       54849

              total        used        free      shared  buff/cache   available
Mem:          48114        1115       30657        2369       16341       43787
Swap:         24191           0       24191
Total:        72306        1115       54849

              total        used        free      shared  buff/cache   available
Mem:          48114        1116       30656        2369       16341       43786
Swap:         24191           0       24191
Total:        72306        1116       54848

              total        used        free      shared  buff/cache   available
Mem:          48114        1115       30657        2369       16340       43787
Swap:         24191           0       24191
Total:        72306        1115       54849

              total        used        free      shared  buff/cache   available
Mem:          48114        1115       30657        2369       16341       43787
Swap:         24191           0       24191
Total:        72306        1115       54849

              total        used        free      shared  buff/cache   available
Mem:          48114        1114       30658        2369       16341       43788
Swap:         24191           0       24191
Total:        72306        1114       54850

              total        used        free      shared  buff/cache   available
Mem:          48114        1115       30657        2369       16341       43787
Swap:         24191           0       24191
Total:        72306        1115       54849

              total        used        free      shared  buff/cache   available
Mem:          48114        1115       30657        2369       16341       43788
Swap:         24191           0       24191
Total:        72306        1115       54849

              total        used        free      shared  buff/cache   available
Mem:          48114        1114       30658        2369       16341       43789
Swap:         24191           0       24191
Total:        72306        1114       54850

              total        used        free      shared  buff/cache   available
Mem:          48114        1113       30658        2369       16341       43789
Swap:         24191           0       24191
Total:        72306        1114       54850

              total        used        free      shared  buff/cache   available
Mem:          48114        1120       30650        2369       16342       43781
Swap:         24191           0       24191
Total:        72306        1120       54842

              total        used        free      shared  buff/cache   available
Mem:          48114        1137       30634        2369       16342       43765
Swap:         24191           0       24191
Total:        72306        1137       54826

              total        used        free      shared  buff/cache   available
Mem:          48114        1148       30623        2369       16341       43755
Swap:         24191           0       24191
Total:        72306        1148       54815

              total        used        free      shared  buff/cache   available
Mem:          48114        1141       30630        2369       16341       43762
Swap:         24191           0       24191
Total:        72306        1141       54822

              total        used        free      shared  buff/cache   available
Mem:          48114        1140       30631        2369       16342       43763
Swap:         24191           0       24191
Total:        72306        1140       54823

              total        used        free      shared  buff/cache   available
Mem:          48114        1145       30627        2369       16342       43758
Swap:         24191           0       24191
Total:        72306        1145       54818

              total        used        free      shared  buff/cache   available
Mem:          48114        1145       30626        2369       16342       43758
Swap:         24191           0       24191
Total:        72306        1145       54818

              total        used        free      shared  buff/cache   available
Mem:          48114        1145       30626        2369       16342       43758
Swap:         24191           0       24191
Total:        72306        1145       54818

              total        used        free      shared  buff/cache   available
Mem:          48114        1145       30626        2369       16342       43758
Swap:         24191           0       24191
Total:        72306        1145       54818

              total        used        free      shared  buff/cache   available
Mem:          48114        1146       30625        2369       16342       43757
Swap:         24191           0       24191
Total:        72306        1146       54817

              total        used        free      shared  buff/cache   available
Mem:          48114        1290       30481        2369       16342       43612
Swap:         24191           0       24191
Total:        72306        1290       54673

              total        used        free      shared  buff/cache   available
Mem:          48114        1292       30479        2369       16342       43611
Swap:         24191           0       24191
Total:        72306        1292       54671

              total        used        free      shared  buff/cache   available
Mem:          48114        1333       30438        2369       16342       43570
Swap:         24191           0       24191
Total:        72306        1333       54630

              total        used        free      shared  buff/cache   available
Mem:          48114        1344       30427        2369       16342       43558
Swap:         24191           0       24191
Total:        72306        1344       54619

              total        used        free      shared  buff/cache   available
Mem:          48114        1374       30397        2369       16342       43528
Swap:         24191           0       24191
Total:        72306        1374       54589

              total        used        free      shared  buff/cache   available
Mem:          48114        1374       30396        2369       16342       43528
Swap:         24191           0       24191
Total:        72306        1374       54588

              total        used        free      shared  buff/cache   available
Mem:          48114        1377       30393        2369       16343       43526
Swap:         24191           0       24191
Total:        72306        1377       54585

              total        used        free      shared  buff/cache   available
Mem:          48114        1379       30390        2369       16344       43523
Swap:         24191           0       24191
Total:        72306        1379       54582

              total        used        free      shared  buff/cache   available
Mem:          48114        1407       30363        2369       16344       43496
Swap:         24191           0       24191
Total:        72306        1407       54554

              total        used        free      shared  buff/cache   available
Mem:          48114        1398       30370        2369       16344       43503
Swap:         24191           0       24191
Total:        72306        1398       54562

              total        used        free      shared  buff/cache   available
Mem:          48114        1399       30370        2369       16344       43503
Swap:         24191           0       24191
Total:        72306        1399       54562

              total        used        free      shared  buff/cache   available
Mem:          48114        1405       30364        2369       16344       43497
Swap:         24191           0       24191
Total:        72306        1405       54556

              total        used        free      shared  buff/cache   available
Mem:          48114        1402       30367        2369       16344       43500
Swap:         24191           0       24191
Total:        72306        1402       54558

              total        used        free      shared  buff/cache   available
Mem:          48114        1402       30367        2369       16344       43500
Swap:         24191           0       24191
Total:        72306        1402       54559

              total        used        free      shared  buff/cache   available
Mem:          48114        1402       30367        2369       16344       43500
Swap:         24191           0       24191
Total:        72306        1402       54559

              total        used        free      shared  buff/cache   available
Mem:          48114        1402       30367        2369       16344       43500
Swap:         24191           0       24191
Total:        72306        1402       54559

              total        used        free      shared  buff/cache   available
Mem:          48114        1487       30281        2369       16344       43415
Swap:         24191           0       24191
Total:        72306        1487       54473

              total        used        free      shared  buff/cache   available
Mem:          48114        1549       30219        2369       16345       43353
Swap:         24191           0       24191
Total:        72306        1549       54411

              total        used        free      shared  buff/cache   available
Mem:          48114        1574       30194        2369       16344       43328
Swap:         24191           0       24191
Total:        72306        1574       54386

              total        used        free      shared  buff/cache   available
Mem:          48114        1596       30173        2369       16344       43306
Swap:         24191           0       24191
Total:        72306        1596       54365

              total        used        free      shared  buff/cache   available
Mem:          48114        1632       30136        2369       16344       43270
Swap:         24191           0       24191
Total:        72306        1632       54328

              total        used        free      shared  buff/cache   available
Mem:          48114        1631       30137        2369       16344       43271
Swap:         24191           0       24191
Total:        72306        1631       54329

              total        used        free      shared  buff/cache   available
Mem:          48114        1644       30123        2369       16346       43257
Swap:         24191           0       24191
Total:        72306        1644       54315

              total        used        free      shared  buff/cache   available
Mem:          48114        1650       30117        2369       16346       43251
Swap:         24191           0       24191
Total:        72306        1650       54308

              total        used        free      shared  buff/cache   available
Mem:          48114        1654       30114        2369       16345       43248
Swap:         24191           0       24191
Total:        72306        1654       54305

              total        used        free      shared  buff/cache   available
Mem:          48114        1654       30114        2369       16345       43248
Swap:         24191           0       24191
Total:        72306        1654       54306

              total        used        free      shared  buff/cache   available
Mem:          48114        1654       30114        2369       16345       43249
Swap:         24191           0       24191
Total:        72306        1654       54306

              total        used        free      shared  buff/cache   available
Mem:          48114        1658       30109        2369       16345       43244
Swap:         24191           0       24191
Total:        72306        1659       54301

              total        used        free      shared  buff/cache   available
Mem:          48114        1657       30111        2369       16345       43245
Swap:         24191           0       24191
Total:        72306        1657       54303

              total        used        free      shared  buff/cache   available
Mem:          48114        1657       30111        2369       16345       43245
Swap:         24191           0       24191
Total:        72306        1657       54303

              total        used        free      shared  buff/cache   available
Mem:          48114        1663       30105        2369       16345       43239
Swap:         24191           0       24191
Total:        72306        1663       54297

              total        used        free      shared  buff/cache   available
Mem:          48114        1661       30106        2369       16346       43240
Swap:         24191           0       24191
Total:        72306        1662       54297

              total        used        free      shared  buff/cache   available
Mem:          48114        1740       30026        2369       16346       43161
Swap:         24191           0       24191
Total:        72306        1740       54218

              total        used        free      shared  buff/cache   available
Mem:          48114        1802       29965        2369       16346       43100
Swap:         24191           0       24191
Total:        72306        1802       54157

              total        used        free      shared  buff/cache   available
Mem:          48114        1827       29939        2369       16346       43074
Swap:         24191           0       24191
Total:        72306        1827       54131

              total        used        free      shared  buff/cache   available
Mem:          48114        1861       29906        2369       16346       43040
Swap:         24191           0       24191
Total:        72306        1861       54098

              total        used        free      shared  buff/cache   available
Mem:          48114        1867       29900        2369       16346       43035
Swap:         24191           0       24191
Total:        72306        1867       54092

              total        used        free      shared  buff/cache   available
Mem:          48114        1901       29866        2369       16346       43001
Swap:         24191           0       24191
Total:        72306        1901       54058

              total        used        free      shared  buff/cache   available
Mem:          48114        1910       29856        2369       16346       42991
Swap:         24191           0       24191
Total:        72306        1910       54048

              total        used        free      shared  buff/cache   available
Mem:          48114        1910       29857        2369       16347       42991
Swap:         24191           0       24191
Total:        72306        1910       54048

              total        used        free      shared  buff/cache   available
Mem:          48114        1910       29856        2369       16347       42991
Swap:         24191           0       24191
Total:        72306        1910       54048

              total        used        free      shared  buff/cache   available
Mem:          48114        1909       29857        2369       16347       42992
Swap:         24191           0       24191
Total:        72306        1909       54049

              total        used        free      shared  buff/cache   available
Mem:          48114        1910       29856        2369       16347       42991
Swap:         24191           0       24191
Total:        72306        1910       54048

              total        used        free      shared  buff/cache   available
Mem:          48114        1910       29856        2369       16347       42991
Swap:         24191           0       24191
Total:        72306        1910       54048

              total        used        free      shared  buff/cache   available
Mem:          48114        1909       29857        2369       16347       42993
Swap:         24191           0       24191
Total:        72306        1909       54049

              total        used        free      shared  buff/cache   available
Mem:          48114        1914       29851        2369       16347       42987
Swap:         24191           0       24191
Total:        72306        1914       54043

              total        used        free      shared  buff/cache   available
Mem:          48114        1920       29845        2369       16347       42982
Swap:         24191           0       24191
Total:        72306        1920       54037

              total        used        free      shared  buff/cache   available
Mem:          48114        1918       29847        2369       16347       42983
Swap:         24191           0       24191
Total:        72306        1918       54039

              total        used        free      shared  buff/cache   available
Mem:          48114        1921       29845        2369       16347       42981
Swap:         24191           0       24191
Total:        72306        1921       54037

              total        used        free      shared  buff/cache   available
Mem:          48114        1920       29845        2369       16348       42981
Swap:         24191           0       24191
Total:        72306        1920       54037

              total        used        free      shared  buff/cache   available
Mem:          48114        1919       29846        2369       16347       42982
Swap:         24191           0       24191
Total:        72306        1920       54038

              total        used        free      shared  buff/cache   available
Mem:          48114        1934       29832        2369       16347       42968
Swap:         24191           0       24191
Total:        72306        1934       54023

              total        used        free      shared  buff/cache   available
Mem:          48114        1936       29830        2369       16347       42966
Swap:         24191           0       24191
Total:        72306        1936       54022

              total        used        free      shared  buff/cache   available
Mem:          48114        1935       29831        2369       16347       42967
Swap:         24191           0       24191
Total:        72306        1935       54023

              total        used        free      shared  buff/cache   available
Mem:          48114        1937       29828        2369       16347       42964
Swap:         24191           0       24191
Total:        72306        1937       54020

              total        used        free      shared  buff/cache   available
Mem:          48114        1942       29824        2369       16348       42960
Swap:         24191           0       24191
Total:        72306        1942       54016

              total        used        free      shared  buff/cache   available
Mem:          48114        2050       29715        2369       16348       42851
Swap:         24191           0       24191
Total:        72306        2050       53907

              total        used        free      shared  buff/cache   available
Mem:          48114        2086       29679        2369       16348       42816
Swap:         24191           0       24191
Total:        72306        2086       53871

              total        used        free      shared  buff/cache   available
Mem:          48114        2120       29645        2369       16348       42781
Swap:         24191           0       24191
Total:        72306        2120       53837

              total        used        free      shared  buff/cache   available
Mem:          48114        2136       29629        2369       16348       42766
Swap:         24191           0       24191
Total:        72306        2136       53821

              total        used        free      shared  buff/cache   available
Mem:          48114        2167       29598        2369       16348       42735
Swap:         24191           0       24191
Total:        72306        2167       53790

              total        used        free      shared  buff/cache   available
Mem:          48114        2174       29590        2369       16349       42727
Swap:         24191           0       24191
Total:        72306        2174       53782

              total        used        free      shared  buff/cache   available
Mem:          48114        2190       29574        2369       16349       42711
Swap:         24191           0       24191
Total:        72306        2190       53766

              total        used        free      shared  buff/cache   available
Mem:          48114        2189       29575        2369       16349       42712
Swap:         24191           0       24191
Total:        72306        2189       53767

              total        used        free      shared  buff/cache   available
Mem:          48114        2190       29574        2369       16349       42711
Swap:         24191           0       24191
Total:        72306        2190       53766

              total        used        free      shared  buff/cache   available
Mem:          48114        2186       29578        2369       16349       42715
Swap:         24191           0       24191
Total:        72306        2186       53770

              total        used        free      shared  buff/cache   available
Mem:          48114        2179       29585        2369       16349       42723
Swap:         24191           0       24191
Total:        72306        2179       53777

              total        used        free      shared  buff/cache   available
Mem:          48114        2184       29576        2369       16353       42718
Swap:         24191           0       24191
Total:        72306        2184       53768

              total        used        free      shared  buff/cache   available
Mem:          48114        2185       29575        2369       16353       42717
Swap:         24191           0       24191
Total:        72306        2185       53767

              total        used        free      shared  buff/cache   available
Mem:          48114        2184       29575        2369       16353       42718
Swap:         24191           0       24191
Total:        72306        2184       53767

              total        used        free      shared  buff/cache   available
Mem:          48114        2185       29575        2369       16353       42717
Swap:         24191           0       24191
Total:        72306        2185       53767

              total        used        free      shared  buff/cache   available
Mem:          48114        2190       29570        2369       16353       42712
Swap:         24191           0       24191
Total:        72306        2190       53762

              total        used        free      shared  buff/cache   available
Mem:          48114        2345       29415        2369       16353       42557
Swap:         24191           0       24191
Total:        72306        2345       53607

              total        used        free      shared  buff/cache   available
Mem:          48114        2345       29415        2369       16353       42557
Swap:         24191           0       24191
Total:        72306        2345       53607

              total        used        free      shared  buff/cache   available
Mem:          48114        2386       29373        2369       16353       42516
Swap:         24191           0       24191
Total:        72306        2386       53565

              total        used        free      shared  buff/cache   available
Mem:          48114        2395       29365        2369       16353       42507
Swap:         24191           0       24191
Total:        72306        2395       53557

              total        used        free      shared  buff/cache   available
Mem:          48114        2429       29331        2369       16353       42473
Swap:         24191           0       24191
Total:        72306        2429       53523

              total        used        free      shared  buff/cache   available
Mem:          48114        2440       29319        2369       16353       42461
Swap:         24191           0       24191
Total:        72306        2440       53511

              total        used        free      shared  buff/cache   available
Mem:          48114        2441       29319        2369       16353       42461
Swap:         24191           0       24191
Total:        72306        2441       53511

              total        used        free      shared  buff/cache   available
Mem:          48114        2441       29319        2369       16354       42461
Swap:         24191           0       24191
Total:        72306        2441       53511

              total        used        free      shared  buff/cache   available
Mem:          48114        2441       29319        2369       16354       42461
Swap:         24191           0       24191
Total:        72306        2441       53510

              total        used        free      shared  buff/cache   available
Mem:          48114        2440       29319        2369       16354       42462
Swap:         24191           0       24191
Total:        72306        2440       53511

              total        used        free      shared  buff/cache   available
Mem:          48114        2441       29318        2369       16354       42460
Swap:         24191           0       24191
Total:        72306        2441       53510

              total        used        free      shared  buff/cache   available
Mem:          48114        2438       29321        2369       16354       42463
Swap:         24191           0       24191
Total:        72306        2438       53513

              total        used        free      shared  buff/cache   available
Mem:          48114        2431       29328        2369       16354       42470
Swap:         24191           0       24191
Total:        72306        2431       53520

              total        used        free      shared  buff/cache   available
Mem:          48114        2431       29328        2369       16354       42471
Swap:         24191           0       24191
Total:        72306        2431       53520

              total        used        free      shared  buff/cache   available
Mem:          48114        2430       29329        2369       16354       42472
Swap:         24191           0       24191
Total:        72306        2430       53521

              total        used        free      shared  buff/cache   available
Mem:          48114        2426       29333        2369       16354       42475
Swap:         24191           0       24191
Total:        72306        2426       53525

              total        used        free      shared  buff/cache   available
Mem:          48114        2423       29336        2369       16354       42478
Swap:         24191           0       24191
Total:        72306        2423       53527

              total        used        free      shared  buff/cache   available
Mem:          48114        2423       29336        2369       16354       42479
Swap:         24191           0       24191
Total:        72306        2423       53528

              total        used        free      shared  buff/cache   available
Mem:          48114        2422       29336        2369       16354       42479
Swap:         24191           0       24191
Total:        72306        2422       53528

              total        used        free      shared  buff/cache   available
Mem:          48114        2432       29327        2369       16354       42470
Swap:         24191           0       24191
Total:        72306        2432       53519

              total        used        free      shared  buff/cache   available
Mem:          48114        2434       29324        2369       16354       42467
Swap:         24191           0       24191
Total:        72306        2434       53516

              total        used        free      shared  buff/cache   available
Mem:          48114        2434       29325        2369       16355       42468
Swap:         24191           0       24191
Total:        72306        2434       53517

              total        used        free      shared  buff/cache   available
Mem:          48114        2435       29323        2369       16355       42466
Swap:         24191           0       24191
Total:        72306        2435       53515

              total        used        free      shared  buff/cache   available
Mem:          48114        2434       29324        2369       16355       42467
Swap:         24191           0       24191
Total:        72306        2434       53516

              total        used        free      shared  buff/cache   available
Mem:          48114        2443       29315        2369       16355       42458
Swap:         24191           0       24191
Total:        72306        2443       53507

              total        used        free      shared  buff/cache   available
Mem:          48114        2443       29315        2369       16355       42459
Swap:         24191           0       24191
Total:        72306        2443       53507

              total        used        free      shared  buff/cache   available
Mem:          48114        2443       29315        2369       16355       42459
Swap:         24191           0       24191
Total:        72306        2443       53507

              total        used        free      shared  buff/cache   available
Mem:          48114        2442       29316        2369       16355       42459
Swap:         24191           0       24191
Total:        72306        2442       53508

              total        used        free      shared  buff/cache   available
Mem:          48114        2442       29316        2369       16355       42460
Swap:         24191           0       24191
Total:        72306        2442       53508

              total        used        free      shared  buff/cache   available
Mem:          48114        2442       29316        2369       16355       42460
Swap:         24191           0       24191
Total:        72306        2442       53508

              total        used        free      shared  buff/cache   available
Mem:          48114        2438       29320        2369       16355       42464
Swap:         24191           0       24191
Total:        72306        2438       53512

              total        used        free      shared  buff/cache   available
Mem:          48114        2437       29321        2369       16355       42465
Swap:         24191           0       24191
Total:        72306        2437       53513

              total        used        free      shared  buff/cache   available
Mem:          48114        2436       29322        2369       16355       42466
Swap:         24191           0       24191
Total:        72306        2436       53514

              total        used        free      shared  buff/cache   available
Mem:          48114        2435       29322        2369       16355       42466
Swap:         24191           0       24191
Total:        72306        2435       53514

              total        used        free      shared  buff/cache   available
Mem:          48114        2441       29317        2369       16355       42461
Swap:         24191           0       24191
Total:        72306        2441       53509

              total        used        free      shared  buff/cache   available
Mem:          48114        2432       29325        2369       16355       42469
Swap:         24191           0       24191
Total:        72306        2433       53517

              total        used        free      shared  buff/cache   available
Mem:          48114        2440       29318        2369       16355       42462
Swap:         24191           0       24191
Total:        72306        2440       53510

              total        used        free      shared  buff/cache   available
Mem:          48114        2440       29317        2369       16356       42461
Swap:         24191           0       24191
Total:        72306        2440       53509

              total        used        free      shared  buff/cache   available
Mem:          48114        2440       29317        2369       16356       42462
Swap:         24191           0       24191
Total:        72306        2440       53509

              total        used        free      shared  buff/cache   available
Mem:          48114        2439       29318        2369       16356       42462
Swap:         24191           0       24191
Total:        72306        2439       53510

              total        used        free      shared  buff/cache   available
Mem:          48114        2453       29304        2369       16356       42449
Swap:         24191           0       24191
Total:        72306        2453       53496

              total        used        free      shared  buff/cache   available
Mem:          48114        2453       29304        2369       16356       42449
Swap:         24191           0       24191
Total:        72306        2453       53496

              total        used        free      shared  buff/cache   available
Mem:          48114        2453       29303        2369       16356       42448
Swap:         24191           0       24191
Total:        72306        2453       53495

              total        used        free      shared  buff/cache   available
Mem:          48114        2453       29304        2369       16356       42449
Swap:         24191           0       24191
Total:        72306        2453       53496

              total        used        free      shared  buff/cache   available
Mem:          48114        2446       29311        2369       16356       42456
Swap:         24191           0       24191
Total:        72306        2446       53503

              total        used        free      shared  buff/cache   available
Mem:          48114        2445       29311        2369       16356       42456
Swap:         24191           0       24191
Total:        72306        2445       53503

              total        used        free      shared  buff/cache   available
Mem:          48114        2439       29318        2369       16356       42463
Swap:         24191           0       24191
Total:        72306        2439       53510

              total        used        free      shared  buff/cache   available
Mem:          48114        2437       29319        2369       16356       42464
Swap:         24191           0       24191
Total:        72306        2438       53511

              total        used        free      shared  buff/cache   available
Mem:          48114        2438       29319        2369       16356       42464
Swap:         24191           0       24191
Total:        72306        2438       53511

              total        used        free      shared  buff/cache   available
Mem:          48114        2432       29325        2369       16356       42470
Swap:         24191           0       24191
Total:        72306        2432       53517

              total        used        free      shared  buff/cache   available
Mem:          48114        2431       29326        2369       16356       42471
Swap:         24191           0       24191
Total:        72306        2431       53518

              total        used        free      shared  buff/cache   available
Mem:          48114        2421       29336        2369       16357       42481
Swap:         24191           0       24191
Total:        72306        2421       53528

              total        used        free      shared  buff/cache   available
Mem:          48114        2420       29336        2369       16357       42482
Swap:         24191           0       24191
Total:        72306        2420       53528

              total        used        free      shared  buff/cache   available
Mem:          48114        2419       29337        2369       16357       42482
Swap:         24191           0       24191
Total:        72306        2419       53529

              total        used        free      shared  buff/cache   available
Mem:          48114        2419       29337        2369       16357       42482
Swap:         24191           0       24191
Total:        72306        2419       53529

              total        used        free      shared  buff/cache   available
Mem:          48114        2419       29337        2369       16357       42482
Swap:         24191           0       24191
Total:        72306        2419       53528

              total        used        free      shared  buff/cache   available
Mem:          48114        2417       29339        2369       16357       42485
Swap:         24191           0       24191
Total:        72306        2417       53531

              total        used        free      shared  buff/cache   available
Mem:          48114        2419       29336        2369       16357       42482
Swap:         24191           0       24191
Total:        72306        2419       53528

              total        used        free      shared  buff/cache   available
Mem:          48114        2419       29337        2369       16357       42482
Swap:         24191           0       24191
Total:        72306        2419       53529

              total        used        free      shared  buff/cache   available
Mem:          48114        2419       29337        2369       16357       42483
Swap:         24191           0       24191
Total:        72306        2419       53529

              total        used        free      shared  buff/cache   available
Mem:          48114        2418       29337        2369       16357       42483
Swap:         24191           0       24191
Total:        72306        2418       53529

              total        used        free      shared  buff/cache   available
Mem:          48114        2418       29338        2369       16357       42484
Swap:         24191           0       24191
Total:        72306        2418       53530

              total        used        free      shared  buff/cache   available
Mem:          48114        2418       29337        2369       16357       42484
Swap:         24191           0       24191
Total:        72306        2418       53529

              total        used        free      shared  buff/cache   available
Mem:          48114        2417       29338        2369       16357       42484
Swap:         24191           0       24191
Total:        72306        2418       53530

              total        used        free      shared  buff/cache   available
Mem:          48114        2421       29334        2369       16358       42481
Swap:         24191           0       24191
Total:        72306        2421       53526

              total        used        free      shared  buff/cache   available
Mem:          48114        2421       29334        2369       16358       42481
Swap:         24191           0       24191
Total:        72306        2421       53526

              total        used        free      shared  buff/cache   available
Mem:          48114        2421       29334        2369       16358       42481
Swap:         24191           0       24191
Total:        72306        2421       53526

              total        used        free      shared  buff/cache   available
Mem:          48114        2420       29335        2369       16358       42481
Swap:         24191           0       24191
Total:        72306        2420       53527

              total        used        free      shared  buff/cache   available
Mem:          48114        2420       29335        2369       16358       42481
Swap:         24191           0       24191
Total:        72306        2420       53527

              total        used        free      shared  buff/cache   available
Mem:          48114        2420       29335        2369       16358       42481
Swap:         24191           0       24191
Total:        72306        2420       53527

              total        used        free      shared  buff/cache   available
Mem:          48114        2422       29333        2369       16358       42479
Swap:         24191           0       24191
Total:        72306        2422       53525

              total        used        free      shared  buff/cache   available
Mem:          48114        2422       29333        2369       16358       42480
Swap:         24191           0       24191
Total:        72306        2422       53525

              total        used        free      shared  buff/cache   available
Mem:          48114        2422       29333        2369       16358       42479
Swap:         24191           0       24191
Total:        72306        2422       53525

              total        used        free      shared  buff/cache   available
Mem:          48114        2422       29333        2369       16358       42479
Swap:         24191           0       24191
Total:        72306        2422       53524

              total        used        free      shared  buff/cache   available
Mem:          48114        2422       29332        2369       16358       42479
Swap:         24191           0       24191
Total:        72306        2423       53524

              total        used        free      shared  buff/cache   available
Mem:          48114        2422       29333        2369       16358       42480
Swap:         24191           0       24191
Total:        72306        2422       53525

              total        used        free      shared  buff/cache   available
Mem:          48114        2430       29324        2369       16358       42471
Swap:         24191           0       24191
Total:        72306        2430       53516

              total        used        free      shared  buff/cache   available
Mem:          48114        2431       29324        2369       16358       42471
Swap:         24191           0       24191
Total:        72306        2431       53516

              total        used        free      shared  buff/cache   available
Mem:          48114        2431       29323        2369       16359       42471
Swap:         24191           0       24191
Total:        72306        2431       53515

              total        used        free      shared  buff/cache   available
Mem:          48114        2431       29323        2369       16359       42470
Swap:         24191           0       24191
Total:        72306        2431       53515

              total        used        free      shared  buff/cache   available
Mem:          48114        2431       29323        2369       16359       42471
Swap:         24191           0       24191
Total:        72306        2431       53515

              total        used        free      shared  buff/cache   available
Mem:          48114        2435       29319        2369       16359       42466
Swap:         24191           0       24191
Total:        72306        2435       53511

              total        used        free      shared  buff/cache   available
Mem:          48114        2435       29319        2369       16359       42466
Swap:         24191           0       24191
Total:        72306        2435       53511

              total        used        free      shared  buff/cache   available
Mem:          48114        2435       29319        2369       16359       42466
Swap:         24191           0       24191
Total:        72306        2435       53511

              total        used        free      shared  buff/cache   available
Mem:          48114        2433       29321        2369       16359       42469
Swap:         24191           0       24191
Total:        72306        2433       53513

              total        used        free      shared  buff/cache   available
Mem:          48114        2432       29321        2369       16359       42469
Swap:         24191           0       24191
Total:        72306        2432       53513

              total        used        free      shared  buff/cache   available
Mem:          48114        2424       29329        2369       16359       42477
Swap:         24191           0       24191
Total:        72306        2424       53521

              total        used        free      shared  buff/cache   available
Mem:          48114        2423       29330        2369       16359       42478
Swap:         24191           0       24191
Total:        72306        2423       53522

              total        used        free      shared  buff/cache   available
Mem:          48114        2423       29330        2369       16359       42478
Swap:         24191           0       24191
Total:        72306        2423       53522

              total        used        free      shared  buff/cache   available
Mem:          48114        2422       29331        2369       16359       42479
Swap:         24191           0       24191
Total:        72306        2422       53523

              total        used        free      shared  buff/cache   available
Mem:          48114        2424       29329        2369       16359       42477
Swap:         24191           0       24191
Total:        72306        2424       53521

              total        used        free      shared  buff/cache   available
Mem:          48114        2421       29332        2369       16359       42480
Swap:         24191           0       24191
Total:        72306        2421       53524

              total        used        free      shared  buff/cache   available
Mem:          48114        2422       29331        2369       16360       42479
Swap:         24191           0       24191
Total:        72306        2422       53523

              total        used        free      shared  buff/cache   available
Mem:          48114        2421       29333        2369       16360       42481
Swap:         24191           0       24191
Total:        72306        2421       53524

              total        used        free      shared  buff/cache   available
Mem:          48114        2421       29332        2369       16360       42480
Swap:         24191           0       24191
Total:        72306        2421       53524

              total        used        free      shared  buff/cache   available
Mem:          48114        2421       29332        2369       16360       42480
Swap:         24191           0       24191
Total:        72306        2421       53524

              total        used        free      shared  buff/cache   available
Mem:          48114        2419       29334        2369       16360       42482
Swap:         24191           0       24191
Total:        72306        2419       53526

              total        used        free      shared  buff/cache   available
Mem:          48114        2420       29333        2369       16360       42482
Swap:         24191           0       24191
Total:        72306        2420       53525

              total        used        free      shared  buff/cache   available
Mem:          48114        2420       29333        2369       16360       42481
Swap:         24191           0       24191
Total:        72306        2420       53524

              total        used        free      shared  buff/cache   available
Mem:          48114        2430       29322        2369       16360       42471
Swap:         24191           0       24191
Total:        72306        2430       53514

              total        used        free      shared  buff/cache   available
Mem:          48114        2430       29323        2369       16360       42471
Swap:         24191           0       24191
Total:        72306        2430       53514

              total        used        free      shared  buff/cache   available
Mem:          48114        2429       29323        2369       16360       42472
Swap:         24191           0       24191
Total:        72306        2429       53515

              total        used        free      shared  buff/cache   available
Mem:          48114        2428       29325        2369       16360       42474
Swap:         24191           0       24191
Total:        72306        2428       53517

              total        used        free      shared  buff/cache   available
Mem:          48114        2427       29325        2369       16360       42474
Swap:         24191           0       24191
Total:        72306        2427       53517

              total        used        free      shared  buff/cache   available
Mem:          48114        2429       29323        2369       16361       42472
Swap:         24191           0       24191
Total:        72306        2429       53515

              total        used        free      shared  buff/cache   available
Mem:          48114        2428       29324        2369       16361       42473
Swap:         24191           0       24191
Total:        72306        2428       53516

              total        used        free      shared  buff/cache   available
Mem:          48114        2428       29324        2369       16361       42473
Swap:         24191           0       24191
Total:        72306        2428       53516

              total        used        free      shared  buff/cache   available
Mem:          48114        2428       29324        2369       16361       42473
Swap:         24191           0       24191
Total:        72306        2428       53516

              total        used        free      shared  buff/cache   available
Mem:          48114        2428       29324        2369       16361       42473
Swap:         24191           0       24191
Total:        72306        2428       53516

              total        used        free      shared  buff/cache   available
Mem:          48114        2425       29327        2369       16361       42477
Swap:         24191           0       24191
Total:        72306        2425       53519

              total        used        free      shared  buff/cache   available
Mem:          48114        2424       29327        2369       16361       42477
Swap:         24191           0       24191
Total:        72306        2424       53519

              total        used        free      shared  buff/cache   available
Mem:          48114        2425       29327        2369       16361       42476
Swap:         24191           0       24191
Total:        72306        2425       53519

              total        used        free      shared  buff/cache   available
Mem:          48114        2425       29327        2369       16361       42477
Swap:         24191           0       24191
Total:        72306        2425       53519

              total        used        free      shared  buff/cache   available
Mem:          48114        2425       29327        2369       16361       42477
Swap:         24191           0       24191
Total:        72306        2425       53519

              total        used        free      shared  buff/cache   available
Mem:          48114        2426       29325        2369       16361       42475
Swap:         24191           0       24191
Total:        72306        2426       53517

              total        used        free      shared  buff/cache   available
Mem:          48114        2420       29332        2369       16361       42482
Swap:         24191           0       24191
Total:        72306        2420       53524

              total        used        free      shared  buff/cache   available
Mem:          48114        2422       29329        2369       16362       42479
Swap:         24191           0       24191
Total:        72306        2422       53521

              total        used        free      shared  buff/cache   available
Mem:          48114        2421       29330        2369       16362       42480
Swap:         24191           0       24191
Total:        72306        2421       53522

              total        used        free      shared  buff/cache   available
Mem:          48114        2423       29328        2369       16362       42478
Swap:         24191           0       24191
Total:        72306        2423       53520

              total        used        free      shared  buff/cache   available
Mem:          48114        2422       29329        2369       16362       42479
Swap:         24191           0       24191
Total:        72306        2422       53521

              total        used        free      shared  buff/cache   available
Mem:          48114        2422       29329        2369       16362       42480
Swap:         24191           0       24191
Total:        72306        2422       53521

              total        used        free      shared  buff/cache   available
Mem:          48114        2424       29327        2369       16362       42477
Swap:         24191           0       24191
Total:        72306        2424       53519

              total        used        free      shared  buff/cache   available
Mem:          48114        2424       29327        2369       16362       42477
Swap:         24191           0       24191
Total:        72306        2424       53519

              total        used        free      shared  buff/cache   available
Mem:          48114        2424       29327        2369       16362       42478
Swap:         24191           0       24191
Total:        72306        2424       53519

              total        used        free      shared  buff/cache   available
Mem:          48114        2426       29325        2369       16362       42476
Swap:         24191           0       24191
Total:        72306        2426       53517

              total        used        free      shared  buff/cache   available
Mem:          48114        2425       29326        2369       16362       42476
Swap:         24191           0       24191
Total:        72306        2426       53517

              total        used        free      shared  buff/cache   available
Mem:          48114        2426       29325        2369       16362       42475
Swap:         24191           0       24191
Total:        72306        2426       53517

              total        used        free      shared  buff/cache   available
Mem:          48114        2426       29325        2369       16362       42476
Swap:         24191           0       24191
Total:        72306        2426       53517

              total        used        free      shared  buff/cache   available
Mem:          48114        2424       29327        2369       16362       42478
Swap:         24191           0       24191
Total:        72306        2424       53519

              total        used        free      shared  buff/cache   available
Mem:          48114        2424       29327        2369       16362       42478
Swap:         24191           0       24191
Total:        72306        2424       53519

              total        used        free      shared  buff/cache   available
Mem:          48114        2425       29326        2369       16362       42477
Swap:         24191           0       24191
Total:        72306        2425       53518

              total        used        free      shared  buff/cache   available
Mem:          48114        2423       29328        2369       16362       42479
Swap:         24191           0       24191
Total:        72306        2423       53520

              total        used        free      shared  buff/cache   available
Mem:          48114        2423       29327        2369       16362       42478
Swap:         24191           0       24191
Total:        72306        2423       53519

              total        used        free      shared  buff/cache   available
Mem:          48114        2424       29327        2369       16362       42478
Swap:         24191           0       24191
Total:        72306        2424       53519

              total        used        free      shared  buff/cache   available
Mem:          48114        2423       29327        2369       16362       42478
Swap:         24191           0       24191
Total:        72306        2423       53519

              total        used        free      shared  buff/cache   available
Mem:          48114        2426       29324        2369       16363       42476
Swap:         24191           0       24191
Total:        72306        2426       53516

              total        used        free      shared  buff/cache   available
Mem:          48114        2426       29324        2369       16363       42475
Swap:         24191           0       24191
Total:        72306        2427       53516

              total        used        free      shared  buff/cache   available
Mem:          48114        2425       29325        2369       16363       42476
Swap:         24191           0       24191
Total:        72306        2425       53517

              total        used        free      shared  buff/cache   available
Mem:          48114        2425       29326        2369       16363       42477
Swap:         24191           0       24191
Total:        72306        2425       53518

              total        used        free      shared  buff/cache   available
Mem:          48114        2427       29323        2369       16363       42474
Swap:         24191           0       24191
Total:        72306        2427       53515

              total        used        free      shared  buff/cache   available
Mem:          48114        2429       29321        2369       16363       42473
Swap:         24191           0       24191
Total:        72306        2429       53513

              total        used        free      shared  buff/cache   available
Mem:          48114        2432       29317        2369       16363       42469
Swap:         24191           0       24191
Total:        72306        2432       53509

              total        used        free      shared  buff/cache   available
Mem:          48114        2433       29316        2369       16363       42468
Swap:         24191           0       24191
Total:        72306        2433       53508

              total        used        free      shared  buff/cache   available
Mem:          48114        2434       29315        2369       16363       42467
Swap:         24191           0       24191
Total:        72306        2435       53507

              total        used        free      shared  buff/cache   available
Mem:          48114        2436       29313        2369       16364       42465
Swap:         24191           0       24191
Total:        72306        2436       53505

              total        used        free      shared  buff/cache   available
Mem:          48114        2433       29316        2369       16364       42468
Swap:         24191           0       24191
Total:        72306        2433       53508

              total        used        free      shared  buff/cache   available
Mem:          48114        2433       29316        2369       16364       42468
Swap:         24191           0       24191
Total:        72306        2434       53507

              total        used        free      shared  buff/cache   available
Mem:          48114        2433       29316        2369       16364       42468
Swap:         24191           0       24191
Total:        72306        2433       53508

              total        used        free      shared  buff/cache   available
Mem:          48114        2434       29315        2369       16364       42467
Swap:         24191           0       24191
Total:        72306        2434       53507

              total        used        free      shared  buff/cache   available
Mem:          48114        2431       29318        2369       16364       42470
Swap:         24191           0       24191
Total:        72306        2431       53510

              total        used        free      shared  buff/cache   available
Mem:          48114        2431       29318        2369       16364       42470
Swap:         24191           0       24191
Total:        72306        2431       53510

              total        used        free      shared  buff/cache   available
Mem:          48114        2429       29319        2369       16364       42472
Swap:         24191           0       24191
Total:        72306        2429       53511

              total        used        free      shared  buff/cache   available
Mem:          48114        2428       29321        2369       16364       42473
Swap:         24191           0       24191
Total:        72306        2428       53513

              total        used        free      shared  buff/cache   available
Mem:          48114        2428       29321        2369       16364       42473
Swap:         24191           0       24191
Total:        72306        2428       53513

              total        used        free      shared  buff/cache   available
Mem:          48114        2427       29321        2369       16364       42474
Swap:         24191           0       24191
Total:        72306        2427       53513

              total        used        free      shared  buff/cache   available
Mem:          48114        2426       29322        2369       16364       42475
Swap:         24191           0       24191
Total:        72306        2426       53514

              total        used        free      shared  buff/cache   available
Mem:          48114        2428       29321        2369       16364       42473
Swap:         24191           0       24191
Total:        72306        2428       53513

              total        used        free      shared  buff/cache   available
Mem:          48114        2426       29323        2369       16365       42475
Swap:         24191           0       24191
Total:        72306        2426       53515

              total        used        free      shared  buff/cache   available
Mem:          48114        2426       29322        2369       16365       42475
Swap:         24191           0       24191
Total:        72306        2426       53514

              total        used        free      shared  buff/cache   available
Mem:          48114        2426       29322        2369       16365       42475
Swap:         24191           0       24191
Total:        72306        2426       53514

              total        used        free      shared  buff/cache   available
Mem:          48114        2426       29322        2369       16365       42475
Swap:         24191           0       24191
Total:        72306        2426       53514

              total        used        free      shared  buff/cache   available
Mem:          48114        2425       29323        2369       16365       42476
Swap:         24191           0       24191
Total:        72306        2425       53515

              total        used        free      shared  buff/cache   available
Mem:          48114        2426       29322        2369       16365       42475
Swap:         24191           0       24191
Total:        72306        2426       53514

              total        used        free      shared  buff/cache   available
Mem:          48114        1918       29830        2369       16365       42983
Swap:         24191           0       24191
Total:        72306        1918       54022

              total        used        free      shared  buff/cache   available
Mem:          48114        1657       30092        2369       16363       43244
Swap:         24191           0       24191
Total:        72306        1657       54284

              total        used        free      shared  buff/cache   available
Mem:          48114        1136       30617        2369       16360       43767
Swap:         24191           0       24191
Total:        72306        1136       54809

              total        used        free      shared  buff/cache   available
Mem:          48114        1141       30612        2369       16360       43761
Swap:         24191           0       24191
Total:        72306        1141       54804

              total        used        free      shared  buff/cache   available
Mem:          48114        1136       30617        2369       16360       43766
Swap:         24191           0       24191
Total:        72306        1136       54809

              total        used        free      shared  buff/cache   available
Mem:          48114        1141       30611        2369       16360       43760
Swap:         24191           0       24191
Total:        72306        1141       54803

              total        used        free      shared  buff/cache   available
Mem:          48114        1136       30616        2369       16360       43765
Swap:         24191           0       24191
Total:        72306        1136       54808

              total        used        free      shared  buff/cache   available
Mem:          48114        1140       30612        2369       16360       43761
Swap:         24191           0       24191
Total:        72306        1140       54804

              total        used        free      shared  buff/cache   available
Mem:          48114        1134       30619        2369       16360       43768
Swap:         24191           0       24191
Total:        72306        1134       54811

              total        used        free      shared  buff/cache   available
Mem:          48114        1138       30614        2369       16360       43764
Swap:         24191           0       24191
Total:        72306        1139       54806

              total        used        free      shared  buff/cache   available
Mem:          48114        1135       30618        2369       16360       43767
Swap:         24191           0       24191
Total:        72306        1135       54809

              total        used        free      shared  buff/cache   available
Mem:          48114        1138       30615        2369       16360       43764
Swap:         24191           0       24191
Total:        72306        1138       54806

              total        used        free      shared  buff/cache   available
Mem:          48114        1141       30612        2369       16360       43762
Swap:         24191           0       24191
Total:        72306        1141       54804

              total        used        free      shared  buff/cache   available
Mem:          48114        1135       30617        2369       16361       43767
Swap:         24191           0       24191
Total:        72306        1135       54809

              total        used        free      shared  buff/cache   available
Mem:          48114        1131       30621        2369       16361       43771
Swap:         24191           0       24191
Total:        72306        1131       54813
