08:45:10 PM      eth0      6.00      1.00      0.36      0.06      0.00      0.00      0.00
08:45:11 PM      eth0     19.00     16.00      2.70      4.69      0.00      0.00      0.00
08:45:12 PM      eth0     15.00     12.00      3.72      3.07      0.00      0.00      0.00
08:45:13 PM      eth0      4.00      0.00      0.23      0.00      0.00      0.00      0.00
08:45:14 PM      eth0     10.00      1.00      1.68      0.16      0.00      0.00      0.00
08:45:15 PM      eth0     14.00      6.00      6.36      0.68      0.00      0.00      0.00
08:45:16 PM      eth0     19.00     10.00      9.49      1.14      0.00      0.00      0.00
08:45:17 PM      eth0     30.00     17.00     16.09      1.98      0.00      0.00      0.00
08:45:18 PM      eth0     10.00      0.00      1.29      0.00      0.00      0.00      0.00
08:45:19 PM      eth0     11.00      0.00      1.33      0.00      0.00      0.00      0.00
08:45:20 PM      eth0     19.00      5.00      5.68      0.62      0.00      0.00      0.00
08:45:21 PM      eth0     18.00      4.00      4.41      0.46      0.00      0.00      1.00
08:45:22 PM      eth0     21.00     11.00      2.80      2.90      0.00      0.00      0.00
08:45:23 PM      eth0     10.00      1.00      1.46      0.16      0.00      0.00      1.00
08:45:24 PM      eth0      8.00      0.00      0.59      0.00      0.00      0.00      0.00
08:45:25 PM      eth0      7.00      1.00      1.29      0.16      0.00      0.00      0.00
08:45:26 PM      eth0      7.00      0.00      0.74      0.00      0.00      0.00      0.00
08:45:27 PM      eth0      7.00      1.00      1.80      0.16      0.00      0.00      1.00
08:45:28 PM      eth0      6.00      0.00      0.41      0.00      0.00      0.00      0.00
08:45:29 PM      eth0      8.00      1.00      1.46      0.16      0.00      0.00      0.00
08:45:30 PM      eth0      8.00      0.00      0.68      0.00      0.00      0.00      0.00
08:45:31 PM      eth0     11.00      1.00      1.77      0.16      0.00      0.00      1.00
08:45:32 PM      eth0     15.00     11.00      2.40      2.90      0.00      0.00      0.00
08:45:33 PM      eth0     11.00      1.00      1.72      0.16      0.00      0.00      0.00
08:45:34 PM      eth0     10.00      1.00      0.72      0.04      0.00      0.00      0.00
08:45:35 PM      eth0     40.00     40.00     18.27     16.22      0.00      0.00      0.00
08:45:36 PM      eth0    149.00    204.00     50.56    102.17      0.00      0.00      0.00
08:45:37 PM      eth0 93237913807.00 68151489281.00 120013294088.19 90285309667.94      0.00      0.00  99968.00
08:45:38 PM      eth0     43.00     42.00     10.39     13.71      0.00      0.00      0.00
08:45:39 PM      eth0     25.00     21.00      6.45      4.70      0.00      0.00      0.00
08:45:40 PM      eth0     15.00     10.00      2.36      2.34      0.00      0.00      0.00
08:45:41 PM      eth0      6.00      0.00      0.41      0.00      0.00      0.00      0.00
08:45:42 PM      eth0     85.00    102.00     27.77     41.66      0.00      0.00      0.00
08:45:43 PM      eth0     37.00     46.00     11.08     11.40      0.00      0.00      0.00
08:45:44 PM      eth0    182.00    226.00     25.71     85.27      0.00      0.00      0.00
08:45:45 PM      eth0     16.00     11.00      4.70      2.34      0.00      0.00      0.00
08:45:46 PM      eth0      5.00      0.00      0.29      0.00      0.00      0.00      0.00
08:45:47 PM      eth0      4.00      6.00      0.23      0.70      0.00      0.00      0.00
08:45:48 PM      eth0      5.00      1.00      0.29      0.04      0.00      0.00      0.00
08:45:49 PM      eth0      4.00      0.00      0.23      0.00      0.00      0.00      0.00
08:45:50 PM      eth0      6.00      0.00      0.47      0.00      0.00      0.00      0.00
08:45:51 PM      eth0      6.00      0.00      0.63      0.00      0.00      0.00      0.00
08:45:52 PM      eth0     13.00     11.00      2.21      2.90      0.00      0.00      0.00
08:45:53 PM      eth0    225.00    293.00     84.07    131.50      0.00      0.00      0.00
08:45:54 PM      eth0 93237914531.00 68151490110.00 120013294282.98 90285309989.28      0.00      0.00  99968.00
08:45:55 PM      eth0     98.00    118.00     33.96     32.71      0.00      0.00      0.00
08:45:56 PM      eth0     22.00     32.00      4.64      6.14      0.00      0.00      0.00
08:45:57 PM      eth0      9.00      7.00      0.59      0.81      0.00      0.00      0.00
08:45:58 PM      eth0     78.00    103.00     25.61     44.42      0.00      0.00      0.00
08:45:59 PM      eth0      4.00      3.00      0.23      0.35      0.00      0.00      0.00
08:46:00 PM      eth0      4.00      6.00      0.23      0.70      0.00      0.00      0.00
08:46:01 PM      eth0      7.00      1.00      1.65      0.16      0.00      0.00      0.00
08:46:02 PM      eth0     19.00     12.00      3.59      3.03      0.00      0.00      0.00
08:46:03 PM      eth0     18.00     14.00      5.63      2.74      0.00      0.00      0.00
08:46:04 PM      eth0     20.00     17.00      2.69      3.56      0.00      0.00      0.00
08:46:05 PM      eth0      5.00      0.00      0.29      0.00      0.00      0.00      0.00
08:46:06 PM      eth0     11.00      8.00      1.21      2.25      0.00      0.00      0.00
08:46:07 PM      eth0      7.00      0.00      0.74      0.00      0.00      0.00      0.00
08:46:08 PM      eth0    125.00    170.00     45.06     82.82      0.00      0.00      0.00
08:46:09 PM      eth0 93237915046.00 68151490709.00 120013294444.24 90285310213.17      0.00      0.00  99968.00
08:46:10 PM      eth0 93237915087.00 68151490762.00 120013294455.15 90285310229.97      0.00      0.00  99968.00
08:46:11 PM      eth0     22.00     27.00      6.32      5.32      0.00      0.00      0.00
08:46:12 PM      eth0     23.00     24.00      4.07      5.65      0.00      0.00      0.00
08:46:13 PM      eth0      7.00      4.00      0.47      0.40      0.00      0.00      0.00
08:46:14 PM      eth0     83.00    103.00     26.21     44.65      0.00      0.00      0.00
08:46:15 PM      eth0      7.00      9.00      1.45      1.05      0.00      0.00      0.00
08:46:16 PM      eth0      6.00      1.00      1.51      0.16      0.00      0.00      0.00
08:46:17 PM      eth0     14.00     12.00      6.39      2.50      0.00      0.00      0.00
08:46:18 PM      eth0      9.00      1.00      0.67      0.13      0.00      0.00      0.00
08:46:19 PM      eth0      8.00      9.00      0.80      1.05      0.00      0.00      0.00
08:46:20 PM      eth0     12.00      0.00      1.60      0.00      0.00      0.00      0.00
08:46:21 PM      eth0      5.00      0.00      0.40      0.00      0.00      0.00      0.00
08:46:22 PM      eth0     12.00     11.00      2.16      2.90      0.00      0.00      0.00
08:46:23 PM      eth0     11.00      1.00      0.90      0.04      0.00      0.00      0.00
08:46:24 PM      eth0     10.00      1.00      2.08      0.16      0.00      0.00      0.00
08:46:25 PM      eth0     15.00     12.00      6.46      2.50      0.00      0.00      0.00
08:46:26 PM      eth0      4.00      0.00      0.23      0.00      0.00      0.00      0.00
08:46:27 PM      eth0      6.00      6.00      0.47      0.79      0.00      0.00      0.00
08:46:28 PM      eth0      7.00      3.00      0.55      0.35      0.00      0.00      0.00
08:46:29 PM      eth0      5.00      3.00      0.29      0.41      0.00      0.00      0.00
08:46:30 PM      eth0      9.00      9.00      1.29      2.57      0.00      0.00      0.00
08:46:31 PM      eth0    113.00    155.00     39.83     74.92      0.00      0.00      0.00
08:46:32 PM      eth0 93237915576.00 68151491282.00 120013294596.75 90285310428.91      0.00      0.00  99968.00
08:46:33 PM      eth0     20.00     13.00      7.60      2.66      0.00      0.00      0.00
08:46:34 PM      eth0     44.00     43.00     10.54     13.67      0.00      0.00      0.00
08:46:35 PM      eth0     25.00     22.00      6.83      4.74      0.00      0.00      0.00
08:46:36 PM      eth0     20.00     21.00      2.68      4.94      0.00      0.00      0.00
08:46:37 PM      eth0      7.00      1.00      0.41      0.13      0.00      0.00      0.00
08:46:38 PM      eth0     81.00     99.00     25.85     44.35      0.00      0.00      0.00
08:46:39 PM      eth0      6.00      3.00      0.35      0.35      0.00      0.00      0.00
08:46:40 PM      eth0     15.00     12.00      3.33      3.02      0.00      0.00      0.00
08:46:41 PM      eth0     21.00     13.00      8.05      2.57      0.00      0.00      0.00
08:46:42 PM      eth0     20.00     14.00      3.10      3.26      0.00      0.00      0.00
08:46:43 PM      eth0     18.00     13.00      2.83      3.00      0.00      0.00      0.00
08:46:44 PM      eth0      6.00      0.00      0.71      0.00      0.00      0.00      0.00
08:46:45 PM      eth0      7.00      0.00      1.09      0.00      0.00      0.00      0.00
08:46:46 PM      eth0      7.00      1.00      0.44      0.04      0.00      0.00      0.00
08:46:47 PM      eth0     95.00    114.00     32.81     54.13      0.00      0.00      0.00
08:49:43 PM      eth0 93277977400.00 68154292608.00 120072507490.60 90285628269.95      0.00      0.00  99969.00
08:49:44 PM      eth0    341.00    468.00     85.54    216.57      0.00      0.00      0.00
08:49:45 PM      eth0    237.00    300.00     61.97    136.50      0.00      0.00      0.00
08:49:46 PM      eth0    170.00    238.00     36.12    109.01      0.00      0.00      0.00
08:49:47 PM      eth0     16.00     11.00      3.70      2.82      0.00      0.00      0.00
08:49:48 PM      eth0     15.00      6.00      7.63      0.98      0.00      0.00      0.00
08:49:49 PM      eth0     11.00      4.00      5.15      0.65      0.00      0.00      0.00
08:49:50 PM      eth0     10.00      3.00      3.96      0.49      0.00      0.00      0.00
08:49:51 PM      eth0     10.00      3.00      3.96      0.49      0.00      0.00      0.00
08:49:52 PM      eth0     19.00     14.00      5.94      3.39      0.00      0.00      0.00
08:49:53 PM      eth0      7.00      2.00      2.18      0.33      0.00      0.00      0.00
08:49:54 PM      eth0     27.00     11.00     12.03      1.79      0.00      0.00      0.00
08:49:55 PM      eth0     36.00     16.00     19.52      2.61      0.00      0.00      0.00
08:49:56 PM      eth0     19.00     14.00      5.19      3.07      0.00      0.00      0.00
